sysbench 1.0.20 (using bundled LuaJIT 2.1.0-beta2)

Running the test with following options:
Number of threads: 1536
Report intermediate results every 1 second(s)
Initializing random number generator from current time


Initializing worker threads...

Threads started!

[ 1s ] thds: 1536 tps: 235408.90 qps: 235408.90 (r/w/o: 235408.90/0.00/0.00) lat (ms,95%): 1.34 err/s: 0.00 reconn/s: 0.00
[ 2s ] thds: 1536 tps: 431724.61 qps: 431724.61 (r/w/o: 431724.61/0.00/0.00) lat (ms,95%): 5.28 err/s: 0.00 reconn/s: 0.00
[ 3s ] thds: 1536 tps: 329468.18 qps: 329466.18 (r/w/o: 329466.18/0.00/0.00) lat (ms,95%): 5.57 err/s: 0.00 reconn/s: 0.00
[ 4s ] thds: 1536 tps: 328461.18 qps: 328459.18 (r/w/o: 328459.18/0.00/0.00) lat (ms,95%): 5.67 err/s: 0.00 reconn/s: 0.00
[ 5s ] thds: 1536 tps: 328227.90 qps: 328229.90 (r/w/o: 328229.90/0.00/0.00) lat (ms,95%): 5.67 err/s: 0.00 reconn/s: 0.00
[ 6s ] thds: 1536 tps: 328278.92 qps: 328280.92 (r/w/o: 328280.92/0.00/0.00) lat (ms,95%): 5.57 err/s: 0.00 reconn/s: 0.00
[ 7s ] thds: 1536 tps: 328373.41 qps: 328371.41 (r/w/o: 328371.41/0.00/0.00) lat (ms,95%): 5.57 err/s: 0.00 reconn/s: 0.00
[ 8s ] thds: 1536 tps: 328593.24 qps: 328594.24 (r/w/o: 328594.24/0.00/0.00) lat (ms,95%): 5.57 err/s: 0.00 reconn/s: 0.00
[ 9s ] thds: 1536 tps: 328627.07 qps: 328626.07 (r/w/o: 328626.07/0.00/0.00) lat (ms,95%): 5.57 err/s: 0.00 reconn/s: 0.00
[ 10s ] thds: 1536 tps: 341724.24 qps: 341724.24 (r/w/o: 341724.24/0.00/0.00) lat (ms,95%): 5.47 err/s: 0.00 reconn/s: 0.00
[ 11s ] thds: 1536 tps: 335709.31 qps: 335711.31 (r/w/o: 335711.31/0.00/0.00) lat (ms,95%): 5.47 err/s: 0.00 reconn/s: 0.00
[ 12s ] thds: 1536 tps: 328485.17 qps: 328485.17 (r/w/o: 328485.17/0.00/0.00) lat (ms,95%): 5.47 err/s: 0.00 reconn/s: 0.00
[ 13s ] thds: 1536 tps: 328753.74 qps: 328753.74 (r/w/o: 328753.74/0.00/0.00) lat (ms,95%): 5.47 err/s: 0.00 reconn/s: 0.00
[ 14s ] thds: 1536 tps: 341518.06 qps: 341518.06 (r/w/o: 341518.06/0.00/0.00) lat (ms,95%): 5.47 err/s: 0.00 reconn/s: 0.00
[ 15s ] thds: 1536 tps: 336585.82 qps: 336585.82 (r/w/o: 336585.82/0.00/0.00) lat (ms,95%): 5.57 err/s: 0.00 reconn/s: 0.00
[ 16s ] thds: 1536 tps: 328780.70 qps: 328779.70 (r/w/o: 328779.70/0.00/0.00) lat (ms,95%): 5.57 err/s: 0.00 reconn/s: 0.00
[ 17s ] thds: 1536 tps: 328933.21 qps: 328932.21 (r/w/o: 328932.21/0.00/0.00) lat (ms,95%): 5.57 err/s: 0.00 reconn/s: 0.00
[ 18s ] thds: 1536 tps: 329342.56 qps: 329340.56 (r/w/o: 329340.56/0.00/0.00) lat (ms,95%): 5.37 err/s: 0.00 reconn/s: 0.00
[ 19s ] thds: 1536 tps: 331093.90 qps: 331093.90 (r/w/o: 331093.90/0.00/0.00) lat (ms,95%): 5.47 err/s: 0.00 reconn/s: 0.00
[ 20s ] thds: 1536 tps: 328727.80 qps: 328727.80 (r/w/o: 328727.80/0.00/0.00) lat (ms,95%): 5.47 err/s: 0.00 reconn/s: 0.00
[ 21s ] thds: 1536 tps: 328748.61 qps: 328746.61 (r/w/o: 328746.61/0.00/0.00) lat (ms,95%): 5.47 err/s: 0.00 reconn/s: 0.00
[ 22s ] thds: 1536 tps: 328782.34 qps: 328787.34 (r/w/o: 328787.34/0.00/0.00) lat (ms,95%): 5.47 err/s: 0.00 reconn/s: 0.00
[ 23s ] thds: 1536 tps: 328778.16 qps: 328779.16 (r/w/o: 328779.16/0.00/0.00) lat (ms,95%): 5.57 err/s: 0.00 reconn/s: 0.00
[ 24s ] thds: 1536 tps: 328713.80 qps: 328712.80 (r/w/o: 328712.80/0.00/0.00) lat (ms,95%): 5.47 err/s: 0.00 reconn/s: 0.00
[ 25s ] thds: 1536 tps: 328803.25 qps: 328801.25 (r/w/o: 328801.25/0.00/0.00) lat (ms,95%): 5.57 err/s: 0.00 reconn/s: 0.00
[ 26s ] thds: 1536 tps: 331439.64 qps: 331437.64 (r/w/o: 331437.64/0.00/0.00) lat (ms,95%): 5.67 err/s: 0.00 reconn/s: 0.00
[ 27s ] thds: 1536 tps: 353732.86 qps: 353737.86 (r/w/o: 353737.86/0.00/0.00) lat (ms,95%): 5.47 err/s: 0.00 reconn/s: 0.00
[ 28s ] thds: 1536 tps: 328933.98 qps: 328929.98 (r/w/o: 328929.98/0.00/0.00) lat (ms,95%): 5.67 err/s: 0.00 reconn/s: 0.00
[ 29s ] thds: 1536 tps: 328955.46 qps: 328956.46 (r/w/o: 328956.46/0.00/0.00) lat (ms,95%): 5.67 err/s: 0.00 reconn/s: 0.00
[ 30s ] thds: 1536 tps: 328924.39 qps: 328925.39 (r/w/o: 328925.39/0.00/0.00) lat (ms,95%): 5.67 err/s: 0.00 reconn/s: 0.00
[ 31s ] thds: 1536 tps: 328878.01 qps: 328878.01 (r/w/o: 328878.01/0.00/0.00) lat (ms,95%): 5.67 err/s: 0.00 reconn/s: 0.00
[ 32s ] thds: 1536 tps: 328860.00 qps: 328858.00 (r/w/o: 328858.00/0.00/0.00) lat (ms,95%): 5.67 err/s: 0.00 reconn/s: 0.00
[ 33s ] thds: 1536 tps: 328902.99 qps: 328906.99 (r/w/o: 328906.99/0.00/0.00) lat (ms,95%): 5.67 err/s: 0.00 reconn/s: 0.00
[ 34s ] thds: 1536 tps: 328844.15 qps: 328840.15 (r/w/o: 328840.15/0.00/0.00) lat (ms,95%): 5.67 err/s: 0.00 reconn/s: 0.00
[ 35s ] thds: 1536 tps: 328964.20 qps: 328968.20 (r/w/o: 328968.20/0.00/0.00) lat (ms,95%): 5.57 err/s: 0.00 reconn/s: 0.00
[ 36s ] thds: 1536 tps: 328961.93 qps: 328959.93 (r/w/o: 328959.93/0.00/0.00) lat (ms,95%): 5.67 err/s: 0.00 reconn/s: 0.00
[ 37s ] thds: 1536 tps: 328876.66 qps: 328876.66 (r/w/o: 328876.66/0.00/0.00) lat (ms,95%): 5.57 err/s: 0.00 reconn/s: 0.00
[ 38s ] thds: 1536 tps: 328823.31 qps: 328825.31 (r/w/o: 328825.31/0.00/0.00) lat (ms,95%): 5.57 err/s: 0.00 reconn/s: 0.00
[ 39s ] thds: 1536 tps: 328996.89 qps: 328992.89 (r/w/o: 328992.89/0.00/0.00) lat (ms,95%): 5.67 err/s: 0.00 reconn/s: 0.00
[ 40s ] thds: 1536 tps: 328865.89 qps: 328869.89 (r/w/o: 328869.89/0.00/0.00) lat (ms,95%): 5.67 err/s: 0.00 reconn/s: 0.00
[ 41s ] thds: 1536 tps: 328933.47 qps: 328928.47 (r/w/o: 328928.47/0.00/0.00) lat (ms,95%): 5.67 err/s: 0.00 reconn/s: 0.00
[ 42s ] thds: 1536 tps: 328891.91 qps: 328896.91 (r/w/o: 328896.91/0.00/0.00) lat (ms,95%): 5.67 err/s: 0.00 reconn/s: 0.00
[ 43s ] thds: 1536 tps: 328893.63 qps: 328888.63 (r/w/o: 328888.63/0.00/0.00) lat (ms,95%): 5.57 err/s: 0.00 reconn/s: 0.00
[ 44s ] thds: 1536 tps: 328874.66 qps: 328879.66 (r/w/o: 328879.66/0.00/0.00) lat (ms,95%): 5.57 err/s: 0.00 reconn/s: 0.00
[ 45s ] thds: 1536 tps: 328788.39 qps: 328788.39 (r/w/o: 328788.39/0.00/0.00) lat (ms,95%): 5.57 err/s: 0.00 reconn/s: 0.00
[ 46s ] thds: 1536 tps: 328884.74 qps: 328882.74 (r/w/o: 328882.74/0.00/0.00) lat (ms,95%): 5.57 err/s: 0.00 reconn/s: 0.00
[ 47s ] thds: 1536 tps: 328915.53 qps: 328913.53 (r/w/o: 328913.53/0.00/0.00) lat (ms,95%): 5.57 err/s: 0.00 reconn/s: 0.00
[ 48s ] thds: 1536 tps: 328877.30 qps: 328881.30 (r/w/o: 328881.30/0.00/0.00) lat (ms,95%): 5.57 err/s: 0.00 reconn/s: 0.00
[ 49s ] thds: 1536 tps: 328752.86 qps: 328750.86 (r/w/o: 328750.86/0.00/0.00) lat (ms,95%): 5.57 err/s: 0.00 reconn/s: 0.00
[ 50s ] thds: 1536 tps: 328797.92 qps: 328799.92 (r/w/o: 328799.92/0.00/0.00) lat (ms,95%): 5.57 err/s: 0.00 reconn/s: 0.00
[ 51s ] thds: 1536 tps: 328889.38 qps: 328889.38 (r/w/o: 328889.38/0.00/0.00) lat (ms,95%): 5.57 err/s: 0.00 reconn/s: 0.00
[ 52s ] thds: 1536 tps: 328769.76 qps: 328769.76 (r/w/o: 328769.76/0.00/0.00) lat (ms,95%): 5.47 err/s: 0.00 reconn/s: 0.00
[ 53s ] thds: 1536 tps: 328861.47 qps: 328858.47 (r/w/o: 328858.47/0.00/0.00) lat (ms,95%): 5.47 err/s: 0.00 reconn/s: 0.00
[ 54s ] thds: 1536 tps: 328868.17 qps: 328864.17 (r/w/o: 328864.17/0.00/0.00) lat (ms,95%): 5.47 err/s: 0.00 reconn/s: 0.00
[ 55s ] thds: 1536 tps: 328898.08 qps: 328903.08 (r/w/o: 328903.08/0.00/0.00) lat (ms,95%): 5.47 err/s: 0.00 reconn/s: 0.00
[ 56s ] thds: 1536 tps: 328863.81 qps: 328863.81 (r/w/o: 328863.81/0.00/0.00) lat (ms,95%): 5.57 err/s: 0.00 reconn/s: 0.00
[ 57s ] thds: 1536 tps: 328834.38 qps: 328832.38 (r/w/o: 328832.38/0.00/0.00) lat (ms,95%): 5.57 err/s: 0.00 reconn/s: 0.00
[ 58s ] thds: 1536 tps: 340295.57 qps: 340297.57 (r/w/o: 340297.57/0.00/0.00) lat (ms,95%): 5.47 err/s: 0.00 reconn/s: 0.00
[ 59s ] thds: 1536 tps: 338090.88 qps: 338092.88 (r/w/o: 338092.88/0.00/0.00) lat (ms,95%): 5.47 err/s: 0.00 reconn/s: 0.00
[ 60s ] thds: 1536 tps: 328903.26 qps: 328903.26 (r/w/o: 328903.26/0.00/0.00) lat (ms,95%): 5.47 err/s: 0.00 reconn/s: 0.00
[ 61s ] thds: 1536 tps: 328811.11 qps: 328809.11 (r/w/o: 328809.11/0.00/0.00) lat (ms,95%): 5.47 err/s: 0.00 reconn/s: 0.00
[ 62s ] thds: 1536 tps: 331210.35 qps: 331209.35 (r/w/o: 331209.35/0.00/0.00) lat (ms,95%): 5.57 err/s: 0.00 reconn/s: 0.00
[ 63s ] thds: 1536 tps: 337728.65 qps: 337731.65 (r/w/o: 337731.65/0.00/0.00) lat (ms,95%): 5.47 err/s: 0.00 reconn/s: 0.00
[ 64s ] thds: 1536 tps: 328917.21 qps: 328916.21 (r/w/o: 328916.21/0.00/0.00) lat (ms,95%): 5.47 err/s: 0.00 reconn/s: 0.00
[ 65s ] thds: 1536 tps: 328899.71 qps: 328897.71 (r/w/o: 328897.71/0.00/0.00) lat (ms,95%): 5.47 err/s: 0.00 reconn/s: 0.00
[ 66s ] thds: 1536 tps: 328885.33 qps: 328888.33 (r/w/o: 328888.33/0.00/0.00) lat (ms,95%): 5.47 err/s: 0.00 reconn/s: 0.00
[ 67s ] thds: 1536 tps: 328852.64 qps: 328843.64 (r/w/o: 328843.64/0.00/0.00) lat (ms,95%): 5.47 err/s: 0.00 reconn/s: 0.00
[ 68s ] thds: 1536 tps: 328983.29 qps: 328990.29 (r/w/o: 328990.29/0.00/0.00) lat (ms,95%): 5.57 err/s: 0.00 reconn/s: 0.00
[ 69s ] thds: 1536 tps: 328910.24 qps: 328911.24 (r/w/o: 328911.24/0.00/0.00) lat (ms,95%): 5.57 err/s: 0.00 reconn/s: 0.00
[ 70s ] thds: 1536 tps: 328987.68 qps: 328986.68 (r/w/o: 328986.68/0.00/0.00) lat (ms,95%): 5.47 err/s: 0.00 reconn/s: 0.00
[ 71s ] thds: 1536 tps: 328959.57 qps: 328957.57 (r/w/o: 328957.57/0.00/0.00) lat (ms,95%): 5.57 err/s: 0.00 reconn/s: 0.00
[ 72s ] thds: 1536 tps: 340141.26 qps: 340144.26 (r/w/o: 340144.26/0.00/0.00) lat (ms,95%): 5.57 err/s: 0.00 reconn/s: 0.00
[ 73s ] thds: 1536 tps: 345632.46 qps: 345633.46 (r/w/o: 345633.46/0.00/0.00) lat (ms,95%): 5.47 err/s: 0.00 reconn/s: 0.00
[ 74s ] thds: 1536 tps: 338039.94 qps: 338038.94 (r/w/o: 338038.94/0.00/0.00) lat (ms,95%): 5.47 err/s: 0.00 reconn/s: 0.00
[ 75s ] thds: 1536 tps: 348166.23 qps: 348164.23 (r/w/o: 348164.23/0.00/0.00) lat (ms,95%): 5.47 err/s: 0.00 reconn/s: 0.00
[ 76s ] thds: 1536 tps: 329038.24 qps: 329040.24 (r/w/o: 329040.24/0.00/0.00) lat (ms,95%): 5.57 err/s: 0.00 reconn/s: 0.00
[ 77s ] thds: 1536 tps: 328942.52 qps: 328941.52 (r/w/o: 328941.52/0.00/0.00) lat (ms,95%): 5.57 err/s: 0.00 reconn/s: 0.00
[ 78s ] thds: 1536 tps: 344868.05 qps: 344869.05 (r/w/o: 344869.05/0.00/0.00) lat (ms,95%): 5.47 err/s: 0.00 reconn/s: 0.00
[ 79s ] thds: 1536 tps: 335855.69 qps: 335854.69 (r/w/o: 335854.69/0.00/0.00) lat (ms,95%): 5.47 err/s: 0.00 reconn/s: 0.00
[ 80s ] thds: 1536 tps: 328940.93 qps: 328939.93 (r/w/o: 328939.93/0.00/0.00) lat (ms,95%): 5.67 err/s: 0.00 reconn/s: 0.00
[ 81s ] thds: 1536 tps: 328937.02 qps: 328940.02 (r/w/o: 328940.02/0.00/0.00) lat (ms,95%): 5.67 err/s: 0.00 reconn/s: 0.00
[ 82s ] thds: 1536 tps: 329026.74 qps: 329024.74 (r/w/o: 329024.74/0.00/0.00) lat (ms,95%): 5.67 err/s: 0.00 reconn/s: 0.00
[ 83s ] thds: 1536 tps: 329021.55 qps: 329023.55 (r/w/o: 329023.55/0.00/0.00) lat (ms,95%): 5.57 err/s: 0.00 reconn/s: 0.00
[ 84s ] thds: 1536 tps: 328947.33 qps: 328945.33 (r/w/o: 328945.33/0.00/0.00) lat (ms,95%): 5.57 err/s: 0.00 reconn/s: 0.00
[ 85s ] thds: 1536 tps: 328964.61 qps: 328966.61 (r/w/o: 328966.61/0.00/0.00) lat (ms,95%): 5.57 err/s: 0.00 reconn/s: 0.00
[ 86s ] thds: 1536 tps: 328889.26 qps: 328888.26 (r/w/o: 328888.26/0.00/0.00) lat (ms,95%): 5.57 err/s: 0.00 reconn/s: 0.00
[ 87s ] thds: 1536 tps: 328969.46 qps: 328970.46 (r/w/o: 328970.46/0.00/0.00) lat (ms,95%): 5.47 err/s: 0.00 reconn/s: 0.00
[ 88s ] thds: 1536 tps: 328931.32 qps: 328930.32 (r/w/o: 328930.32/0.00/0.00) lat (ms,95%): 5.47 err/s: 0.00 reconn/s: 0.00
[ 89s ] thds: 1536 tps: 329006.00 qps: 329006.00 (r/w/o: 329006.00/0.00/0.00) lat (ms,95%): 5.47 err/s: 0.00 reconn/s: 0.00
[ 90s ] thds: 1536 tps: 328917.14 qps: 328916.14 (r/w/o: 328916.14/0.00/0.00) lat (ms,95%): 5.47 err/s: 0.00 reconn/s: 0.00
[ 91s ] thds: 1536 tps: 328973.10 qps: 328975.10 (r/w/o: 328975.10/0.00/0.00) lat (ms,95%): 5.57 err/s: 0.00 reconn/s: 0.00
[ 92s ] thds: 1536 tps: 328987.70 qps: 328984.70 (r/w/o: 328984.70/0.00/0.00) lat (ms,95%): 5.57 err/s: 0.00 reconn/s: 0.00
[ 93s ] thds: 1536 tps: 328931.00 qps: 328932.00 (r/w/o: 328932.00/0.00/0.00) lat (ms,95%): 5.47 err/s: 0.00 reconn/s: 0.00
[ 94s ] thds: 1536 tps: 328862.94 qps: 328860.94 (r/w/o: 328860.94/0.00/0.00) lat (ms,95%): 5.57 err/s: 0.00 reconn/s: 0.00
[ 95s ] thds: 1536 tps: 329081.00 qps: 329081.00 (r/w/o: 329081.00/0.00/0.00) lat (ms,95%): 5.57 err/s: 0.00 reconn/s: 0.00
[ 96s ] thds: 1536 tps: 328965.96 qps: 328968.96 (r/w/o: 328968.96/0.00/0.00) lat (ms,95%): 5.57 err/s: 0.00 reconn/s: 0.00
[ 97s ] thds: 1536 tps: 329039.74 qps: 329038.74 (r/w/o: 329038.74/0.00/0.00) lat (ms,95%): 5.57 err/s: 0.00 reconn/s: 0.00
[ 98s ] thds: 1536 tps: 329025.47 qps: 329027.47 (r/w/o: 329027.47/0.00/0.00) lat (ms,95%): 5.57 err/s: 0.00 reconn/s: 0.00
[ 99s ] thds: 1536 tps: 328973.42 qps: 328970.42 (r/w/o: 328970.42/0.00/0.00) lat (ms,95%): 5.67 err/s: 0.00 reconn/s: 0.00
[ 100s ] thds: 1536 tps: 356790.76 qps: 356791.76 (r/w/o: 356791.76/0.00/0.00) lat (ms,95%): 5.37 err/s: 0.00 reconn/s: 0.00
[ 101s ] thds: 1536 tps: 328957.90 qps: 328958.90 (r/w/o: 328958.90/0.00/0.00) lat (ms,95%): 5.57 err/s: 0.00 reconn/s: 0.00
[ 102s ] thds: 1536 tps: 329010.66 qps: 329009.66 (r/w/o: 329009.66/0.00/0.00) lat (ms,95%): 5.57 err/s: 0.00 reconn/s: 0.00
[ 103s ] thds: 1536 tps: 329036.61 qps: 329034.61 (r/w/o: 329034.61/0.00/0.00) lat (ms,95%): 5.47 err/s: 0.00 reconn/s: 0.00
[ 104s ] thds: 1536 tps: 328858.29 qps: 328861.29 (r/w/o: 328861.29/0.00/0.00) lat (ms,95%): 5.47 err/s: 0.00 reconn/s: 0.00
[ 105s ] thds: 1536 tps: 329008.96 qps: 329002.96 (r/w/o: 329002.96/0.00/0.00) lat (ms,95%): 5.47 err/s: 0.00 reconn/s: 0.00
[ 106s ] thds: 1536 tps: 329013.24 qps: 329020.24 (r/w/o: 329020.24/0.00/0.00) lat (ms,95%): 5.47 err/s: 0.00 reconn/s: 0.00
[ 107s ] thds: 1536 tps: 329095.34 qps: 329091.34 (r/w/o: 329091.34/0.00/0.00) lat (ms,95%): 5.57 err/s: 0.00 reconn/s: 0.00
[ 108s ] thds: 1536 tps: 329062.74 qps: 329063.74 (r/w/o: 329063.74/0.00/0.00) lat (ms,95%): 5.57 err/s: 0.00 reconn/s: 0.00
[ 109s ] thds: 1536 tps: 329027.31 qps: 329026.31 (r/w/o: 329026.31/0.00/0.00) lat (ms,95%): 5.57 err/s: 0.00 reconn/s: 0.00
[ 110s ] thds: 1536 tps: 329001.52 qps: 329005.52 (r/w/o: 329005.52/0.00/0.00) lat (ms,95%): 5.47 err/s: 0.00 reconn/s: 0.00
[ 111s ] thds: 1536 tps: 328999.78 qps: 328997.78 (r/w/o: 328997.78/0.00/0.00) lat (ms,95%): 5.57 err/s: 0.00 reconn/s: 0.00
[ 112s ] thds: 1536 tps: 329043.32 qps: 329041.32 (r/w/o: 329041.32/0.00/0.00) lat (ms,95%): 5.57 err/s: 0.00 reconn/s: 0.00
[ 113s ] thds: 1536 tps: 328947.24 qps: 328951.24 (r/w/o: 328951.24/0.00/0.00) lat (ms,95%): 5.57 err/s: 0.00 reconn/s: 0.00
[ 114s ] thds: 1536 tps: 336470.95 qps: 336464.95 (r/w/o: 336464.95/0.00/0.00) lat (ms,95%): 5.47 err/s: 0.00 reconn/s: 0.00
[ 115s ] thds: 1536 tps: 345073.68 qps: 345077.68 (r/w/o: 345077.68/0.00/0.00) lat (ms,95%): 5.37 err/s: 0.00 reconn/s: 0.00
[ 116s ] thds: 1536 tps: 329028.78 qps: 329027.78 (r/w/o: 329027.78/0.00/0.00) lat (ms,95%): 5.47 err/s: 0.00 reconn/s: 0.00
[ 117s ] thds: 1536 tps: 329664.57 qps: 329666.57 (r/w/o: 329666.57/0.00/0.00) lat (ms,95%): 5.37 err/s: 0.00 reconn/s: 0.00
[ 118s ] thds: 1536 tps: 331817.32 qps: 331815.32 (r/w/o: 331815.32/0.00/0.00) lat (ms,95%): 5.47 err/s: 0.00 reconn/s: 0.00
[ 119s ] thds: 1536 tps: 328964.75 qps: 328964.75 (r/w/o: 328964.75/0.00/0.00) lat (ms,95%): 5.57 err/s: 0.00 reconn/s: 0.00
[ 120s ] thds: 1536 tps: 328931.04 qps: 328933.04 (r/w/o: 328933.04/0.00/0.00) lat (ms,95%): 5.47 err/s: 0.00 reconn/s: 0.00
[ 121s ] thds: 1536 tps: 329009.59 qps: 329010.59 (r/w/o: 329010.59/0.00/0.00) lat (ms,95%): 5.47 err/s: 0.00 reconn/s: 0.00
[ 122s ] thds: 1536 tps: 342433.75 qps: 342433.75 (r/w/o: 342433.75/0.00/0.00) lat (ms,95%): 5.47 err/s: 0.00 reconn/s: 0.00
[ 123s ] thds: 1536 tps: 342510.50 qps: 342508.50 (r/w/o: 342508.50/0.00/0.00) lat (ms,95%): 5.47 err/s: 0.00 reconn/s: 0.00
[ 124s ] thds: 1536 tps: 330003.38 qps: 330005.38 (r/w/o: 330005.38/0.00/0.00) lat (ms,95%): 5.57 err/s: 0.00 reconn/s: 0.00
[ 125s ] thds: 1536 tps: 329029.74 qps: 329029.74 (r/w/o: 329029.74/0.00/0.00) lat (ms,95%): 5.57 err/s: 0.00 reconn/s: 0.00
[ 126s ] thds: 1536 tps: 336252.49 qps: 336250.49 (r/w/o: 336250.49/0.00/0.00) lat (ms,95%): 5.47 err/s: 0.00 reconn/s: 0.00
[ 127s ] thds: 1536 tps: 339471.69 qps: 339472.69 (r/w/o: 339472.69/0.00/0.00) lat (ms,95%): 5.47 err/s: 0.00 reconn/s: 0.00
[ 128s ] thds: 1536 tps: 328986.28 qps: 328987.28 (r/w/o: 328987.28/0.00/0.00) lat (ms,95%): 5.57 err/s: 0.00 reconn/s: 0.00
[ 129s ] thds: 1536 tps: 329091.63 qps: 329088.63 (r/w/o: 329088.63/0.00/0.00) lat (ms,95%): 5.57 err/s: 0.00 reconn/s: 0.00
[ 130s ] thds: 1536 tps: 329030.17 qps: 329033.17 (r/w/o: 329033.17/0.00/0.00) lat (ms,95%): 5.47 err/s: 0.00 reconn/s: 0.00
[ 131s ] thds: 1536 tps: 329080.52 qps: 329078.52 (r/w/o: 329078.52/0.00/0.00) lat (ms,95%): 5.47 err/s: 0.00 reconn/s: 0.00
[ 132s ] thds: 1536 tps: 329008.56 qps: 329006.56 (r/w/o: 329006.56/0.00/0.00) lat (ms,95%): 5.47 err/s: 0.00 reconn/s: 0.00
[ 133s ] thds: 1536 tps: 329236.02 qps: 329238.02 (r/w/o: 329238.02/0.00/0.00) lat (ms,95%): 5.57 err/s: 0.00 reconn/s: 0.00
[ 134s ] thds: 1536 tps: 332778.84 qps: 332776.84 (r/w/o: 332776.84/0.00/0.00) lat (ms,95%): 5.28 err/s: 0.00 reconn/s: 0.00
[ 135s ] thds: 1536 tps: 329230.71 qps: 329230.71 (r/w/o: 329230.71/0.00/0.00) lat (ms,95%): 5.57 err/s: 0.00 reconn/s: 0.00
[ 136s ] thds: 1536 tps: 328937.91 qps: 328941.91 (r/w/o: 328941.91/0.00/0.00) lat (ms,95%): 5.57 err/s: 0.00 reconn/s: 0.00
[ 137s ] thds: 1536 tps: 329048.83 qps: 329045.83 (r/w/o: 329045.83/0.00/0.00) lat (ms,95%): 5.67 err/s: 0.00 reconn/s: 0.00
[ 138s ] thds: 1536 tps: 328971.69 qps: 328972.69 (r/w/o: 328972.69/0.00/0.00) lat (ms,95%): 5.67 err/s: 0.00 reconn/s: 0.00
[ 139s ] thds: 1536 tps: 329024.77 qps: 329023.77 (r/w/o: 329023.77/0.00/0.00) lat (ms,95%): 5.57 err/s: 0.00 reconn/s: 0.00
[ 140s ] thds: 1536 tps: 328989.18 qps: 328991.18 (r/w/o: 328991.18/0.00/0.00) lat (ms,95%): 5.57 err/s: 0.00 reconn/s: 0.00
[ 141s ] thds: 1536 tps: 329074.25 qps: 329071.25 (r/w/o: 329071.25/0.00/0.00) lat (ms,95%): 5.57 err/s: 0.00 reconn/s: 0.00
[ 142s ] thds: 1536 tps: 328992.37 qps: 328994.37 (r/w/o: 328994.37/0.00/0.00) lat (ms,95%): 5.57 err/s: 0.00 reconn/s: 0.00
[ 143s ] thds: 1536 tps: 329102.64 qps: 329102.64 (r/w/o: 329102.64/0.00/0.00) lat (ms,95%): 5.57 err/s: 0.00 reconn/s: 0.00
[ 144s ] thds: 1536 tps: 329059.71 qps: 329061.71 (r/w/o: 329061.71/0.00/0.00) lat (ms,95%): 5.67 err/s: 0.00 reconn/s: 0.00
[ 145s ] thds: 1536 tps: 329124.11 qps: 329118.11 (r/w/o: 329118.11/0.00/0.00) lat (ms,95%): 5.67 err/s: 0.00 reconn/s: 0.00
[ 146s ] thds: 1536 tps: 335356.31 qps: 335355.31 (r/w/o: 335355.31/0.00/0.00) lat (ms,95%): 5.57 err/s: 0.00 reconn/s: 0.00
[ 147s ] thds: 1536 tps: 343143.90 qps: 343146.90 (r/w/o: 343146.90/0.00/0.00) lat (ms,95%): 5.47 err/s: 0.00 reconn/s: 0.00
[ 148s ] thds: 1536 tps: 329097.21 qps: 329099.21 (r/w/o: 329099.21/0.00/0.00) lat (ms,95%): 5.57 err/s: 0.00 reconn/s: 0.00
[ 149s ] thds: 1536 tps: 329115.06 qps: 329117.06 (r/w/o: 329117.06/0.00/0.00) lat (ms,95%): 5.57 err/s: 0.00 reconn/s: 0.00
[ 150s ] thds: 1536 tps: 331563.74 qps: 331561.74 (r/w/o: 331561.74/0.00/0.00) lat (ms,95%): 5.57 err/s: 0.00 reconn/s: 0.00
[ 151s ] thds: 1536 tps: 347358.37 qps: 347360.37 (r/w/o: 347360.37/0.00/0.00) lat (ms,95%): 5.57 err/s: 0.00 reconn/s: 0.00
[ 152s ] thds: 1536 tps: 329049.71 qps: 329047.71 (r/w/o: 329047.71/0.00/0.00) lat (ms,95%): 5.67 err/s: 0.00 reconn/s: 0.00
[ 153s ] thds: 1536 tps: 329068.26 qps: 329070.26 (r/w/o: 329070.26/0.00/0.00) lat (ms,95%): 5.67 err/s: 0.00 reconn/s: 0.00
[ 154s ] thds: 1536 tps: 329857.30 qps: 329855.30 (r/w/o: 329855.30/0.00/0.00) lat (ms,95%): 5.67 err/s: 0.00 reconn/s: 0.00
[ 155s ] thds: 1536 tps: 329069.97 qps: 329068.97 (r/w/o: 329068.97/0.00/0.00) lat (ms,95%): 5.57 err/s: 0.00 reconn/s: 0.00
[ 156s ] thds: 1536 tps: 329132.00 qps: 329129.00 (r/w/o: 329129.00/0.00/0.00) lat (ms,95%): 5.57 err/s: 0.00 reconn/s: 0.00
[ 157s ] thds: 1536 tps: 329055.86 qps: 329061.86 (r/w/o: 329061.86/0.00/0.00) lat (ms,95%): 5.57 err/s: 0.00 reconn/s: 0.00
[ 158s ] thds: 1536 tps: 329060.51 qps: 329060.51 (r/w/o: 329060.51/0.00/0.00) lat (ms,95%): 5.57 err/s: 0.00 reconn/s: 0.00
[ 159s ] thds: 1536 tps: 329055.95 qps: 329055.95 (r/w/o: 329055.95/0.00/0.00) lat (ms,95%): 5.57 err/s: 0.00 reconn/s: 0.00
[ 160s ] thds: 1536 tps: 328949.82 qps: 328945.82 (r/w/o: 328945.82/0.00/0.00) lat (ms,95%): 5.57 err/s: 0.00 reconn/s: 0.00
[ 161s ] thds: 1536 tps: 329033.55 qps: 329033.55 (r/w/o: 329033.55/0.00/0.00) lat (ms,95%): 5.57 err/s: 0.00 reconn/s: 0.00
[ 162s ] thds: 1536 tps: 341394.74 qps: 341392.74 (r/w/o: 341392.74/0.00/0.00) lat (ms,95%): 5.57 err/s: 0.00 reconn/s: 0.00
[ 163s ] thds: 1536 tps: 337922.47 qps: 337926.47 (r/w/o: 337926.47/0.00/0.00) lat (ms,95%): 5.47 err/s: 0.00 reconn/s: 0.00
[ 164s ] thds: 1536 tps: 328963.72 qps: 328962.72 (r/w/o: 328962.72/0.00/0.00) lat (ms,95%): 5.57 err/s: 0.00 reconn/s: 0.00
[ 165s ] thds: 1536 tps: 329009.37 qps: 329008.37 (r/w/o: 329008.37/0.00/0.00) lat (ms,95%): 5.57 err/s: 0.00 reconn/s: 0.00
[ 166s ] thds: 1536 tps: 329095.20 qps: 329096.20 (r/w/o: 329096.20/0.00/0.00) lat (ms,95%): 5.57 err/s: 0.00 reconn/s: 0.00
[ 167s ] thds: 1536 tps: 329429.50 qps: 329429.50 (r/w/o: 329429.50/0.00/0.00) lat (ms,95%): 5.47 err/s: 0.00 reconn/s: 0.00
[ 168s ] thds: 1536 tps: 332019.17 qps: 332022.17 (r/w/o: 332022.17/0.00/0.00) lat (ms,95%): 5.37 err/s: 0.00 reconn/s: 0.00
[ 169s ] thds: 1536 tps: 328990.13 qps: 328990.13 (r/w/o: 328990.13/0.00/0.00) lat (ms,95%): 5.57 err/s: 0.00 reconn/s: 0.00
[ 170s ] thds: 1536 tps: 328889.78 qps: 328889.78 (r/w/o: 328889.78/0.00/0.00) lat (ms,95%): 5.57 err/s: 0.00 reconn/s: 0.00
[ 171s ] thds: 1536 tps: 329069.77 qps: 329067.77 (r/w/o: 329067.77/0.00/0.00) lat (ms,95%): 5.57 err/s: 0.00 reconn/s: 0.00
[ 172s ] thds: 1536 tps: 329038.34 qps: 329040.34 (r/w/o: 329040.34/0.00/0.00) lat (ms,95%): 5.57 err/s: 0.00 reconn/s: 0.00
[ 173s ] thds: 1536 tps: 329026.85 qps: 329022.85 (r/w/o: 329022.85/0.00/0.00) lat (ms,95%): 5.57 err/s: 0.00 reconn/s: 0.00
[ 174s ] thds: 1536 tps: 337975.87 qps: 337977.87 (r/w/o: 337977.87/0.00/0.00) lat (ms,95%): 5.47 err/s: 0.00 reconn/s: 0.00
[ 175s ] thds: 1536 tps: 337322.99 qps: 337323.99 (r/w/o: 337323.99/0.00/0.00) lat (ms,95%): 5.37 err/s: 0.00 reconn/s: 0.00
[ 176s ] thds: 1536 tps: 328928.23 qps: 328924.23 (r/w/o: 328924.23/0.00/0.00) lat (ms,95%): 5.47 err/s: 0.00 reconn/s: 0.00
[ 177s ] thds: 1536 tps: 329003.76 qps: 329008.76 (r/w/o: 329008.76/0.00/0.00) lat (ms,95%): 5.47 err/s: 0.00 reconn/s: 0.00
[ 178s ] thds: 1536 tps: 328929.65 qps: 328924.65 (r/w/o: 328924.65/0.00/0.00) lat (ms,95%): 5.47 err/s: 0.00 reconn/s: 0.00
[ 179s ] thds: 1536 tps: 328978.39 qps: 328983.39 (r/w/o: 328983.39/0.00/0.00) lat (ms,95%): 5.47 err/s: 0.00 reconn/s: 0.00
[ 180s ] thds: 1536 tps: 328977.09 qps: 328977.09 (r/w/o: 328977.09/0.00/0.00) lat (ms,95%): 5.47 err/s: 0.00 reconn/s: 0.00
[ 181s ] thds: 1536 tps: 328946.75 qps: 328944.75 (r/w/o: 328944.75/0.00/0.00) lat (ms,95%): 5.47 err/s: 0.00 reconn/s: 0.00
[ 182s ] thds: 1536 tps: 340058.04 qps: 340060.04 (r/w/o: 340060.04/0.00/0.00) lat (ms,95%): 5.47 err/s: 0.00 reconn/s: 0.00
[ 183s ] thds: 1536 tps: 332103.79 qps: 332102.79 (r/w/o: 332102.79/0.00/0.00) lat (ms,95%): 5.47 err/s: 0.00 reconn/s: 0.00
[ 184s ] thds: 1536 tps: 329046.72 qps: 329044.72 (r/w/o: 329044.72/0.00/0.00) lat (ms,95%): 5.57 err/s: 0.00 reconn/s: 0.00
[ 185s ] thds: 1536 tps: 330322.29 qps: 330319.29 (r/w/o: 330319.29/0.00/0.00) lat (ms,95%): 5.57 err/s: 0.00 reconn/s: 0.00
[ 186s ] thds: 1536 tps: 350900.19 qps: 350905.19 (r/w/o: 350905.19/0.00/0.00) lat (ms,95%): 5.47 err/s: 0.00 reconn/s: 0.00
[ 187s ] thds: 1536 tps: 341532.60 qps: 341532.60 (r/w/o: 341532.60/0.00/0.00) lat (ms,95%): 5.47 err/s: 0.00 reconn/s: 0.00
[ 188s ] thds: 1536 tps: 329816.75 qps: 329815.75 (r/w/o: 329815.75/0.00/0.00) lat (ms,95%): 5.47 err/s: 0.00 reconn/s: 0.00
[ 189s ] thds: 1536 tps: 329091.65 qps: 329090.65 (r/w/o: 329090.65/0.00/0.00) lat (ms,95%): 5.47 err/s: 0.00 reconn/s: 0.00
[ 190s ] thds: 1536 tps: 328989.75 qps: 328991.75 (r/w/o: 328991.75/0.00/0.00) lat (ms,95%): 5.47 err/s: 0.00 reconn/s: 0.00
[ 191s ] thds: 1536 tps: 328930.04 qps: 328929.04 (r/w/o: 328929.04/0.00/0.00) lat (ms,95%): 5.47 err/s: 0.00 reconn/s: 0.00
[ 192s ] thds: 1536 tps: 328866.22 qps: 328868.22 (r/w/o: 328868.22/0.00/0.00) lat (ms,95%): 5.47 err/s: 0.00 reconn/s: 0.00
[ 193s ] thds: 1536 tps: 329075.59 qps: 329074.59 (r/w/o: 329074.59/0.00/0.00) lat (ms,95%): 5.47 err/s: 0.00 reconn/s: 0.00
[ 194s ] thds: 1536 tps: 328995.97 qps: 328996.97 (r/w/o: 328996.97/0.00/0.00) lat (ms,95%): 5.47 err/s: 0.00 reconn/s: 0.00
[ 195s ] thds: 1536 tps: 329033.47 qps: 329030.47 (r/w/o: 329030.47/0.00/0.00) lat (ms,95%): 5.47 err/s: 0.00 reconn/s: 0.00
[ 196s ] thds: 1536 tps: 329102.72 qps: 329105.72 (r/w/o: 329105.72/0.00/0.00) lat (ms,95%): 5.47 err/s: 0.00 reconn/s: 0.00
[ 197s ] thds: 1536 tps: 329944.59 qps: 329944.59 (r/w/o: 329944.59/0.00/0.00) lat (ms,95%): 5.57 err/s: 0.00 reconn/s: 0.00
[ 198s ] thds: 1536 tps: 329888.21 qps: 329884.21 (r/w/o: 329884.21/0.00/0.00) lat (ms,95%): 5.28 err/s: 0.00 reconn/s: 0.00
[ 199s ] thds: 1536 tps: 331370.12 qps: 331374.12 (r/w/o: 331374.12/0.00/0.00) lat (ms,95%): 5.47 err/s: 0.00 reconn/s: 0.00
[ 200s ] thds: 1536 tps: 328859.12 qps: 328855.12 (r/w/o: 328855.12/0.00/0.00) lat (ms,95%): 5.47 err/s: 0.00 reconn/s: 0.00
[ 201s ] thds: 1536 tps: 329519.37 qps: 329521.37 (r/w/o: 329521.37/0.00/0.00) lat (ms,95%): 5.37 err/s: 0.00 reconn/s: 0.00
[ 202s ] thds: 1536 tps: 331055.87 qps: 331055.87 (r/w/o: 331055.87/0.00/0.00) lat (ms,95%): 5.57 err/s: 0.00 reconn/s: 0.00
[ 203s ] thds: 1536 tps: 328899.74 qps: 328900.74 (r/w/o: 328900.74/0.00/0.00) lat (ms,95%): 5.57 err/s: 0.00 reconn/s: 0.00
[ 204s ] thds: 1536 tps: 328930.24 qps: 328929.24 (r/w/o: 328929.24/0.00/0.00) lat (ms,95%): 5.57 err/s: 0.00 reconn/s: 0.00
[ 205s ] thds: 1536 tps: 328984.94 qps: 328986.94 (r/w/o: 328986.94/0.00/0.00) lat (ms,95%): 5.57 err/s: 0.00 reconn/s: 0.00
[ 206s ] thds: 1536 tps: 328926.78 qps: 328924.78 (r/w/o: 328924.78/0.00/0.00) lat (ms,95%): 5.57 err/s: 0.00 reconn/s: 0.00
[ 207s ] thds: 1536 tps: 328890.62 qps: 328890.62 (r/w/o: 328890.62/0.00/0.00) lat (ms,95%): 5.47 err/s: 0.00 reconn/s: 0.00
[ 208s ] thds: 1536 tps: 328971.10 qps: 328969.10 (r/w/o: 328969.10/0.00/0.00) lat (ms,95%): 5.57 err/s: 0.00 reconn/s: 0.00
[ 209s ] thds: 1536 tps: 329025.16 qps: 329028.16 (r/w/o: 329028.16/0.00/0.00) lat (ms,95%): 5.47 err/s: 0.00 reconn/s: 0.00
[ 210s ] thds: 1536 tps: 329045.62 qps: 329045.62 (r/w/o: 329045.62/0.00/0.00) lat (ms,95%): 5.47 err/s: 0.00 reconn/s: 0.00
[ 211s ] thds: 1536 tps: 329101.63 qps: 329102.63 (r/w/o: 329102.63/0.00/0.00) lat (ms,95%): 5.57 err/s: 0.00 reconn/s: 0.00
[ 212s ] thds: 1536 tps: 329024.54 qps: 329022.54 (r/w/o: 329022.54/0.00/0.00) lat (ms,95%): 5.47 err/s: 0.00 reconn/s: 0.00
[ 213s ] thds: 1536 tps: 329047.36 qps: 329049.36 (r/w/o: 329049.36/0.00/0.00) lat (ms,95%): 5.57 err/s: 0.00 reconn/s: 0.00
[ 214s ] thds: 1536 tps: 329055.40 qps: 329054.40 (r/w/o: 329054.40/0.00/0.00) lat (ms,95%): 5.57 err/s: 0.00 reconn/s: 0.00
[ 215s ] thds: 1536 tps: 329063.29 qps: 329061.29 (r/w/o: 329061.29/0.00/0.00) lat (ms,95%): 5.57 err/s: 0.00 reconn/s: 0.00
[ 216s ] thds: 1536 tps: 328937.71 qps: 328940.71 (r/w/o: 328940.71/0.00/0.00) lat (ms,95%): 5.57 err/s: 0.00 reconn/s: 0.00
[ 217s ] thds: 1536 tps: 329039.22 qps: 329035.22 (r/w/o: 329035.22/0.00/0.00) lat (ms,95%): 5.57 err/s: 0.00 reconn/s: 0.00
[ 218s ] thds: 1536 tps: 350251.30 qps: 350252.30 (r/w/o: 350252.30/0.00/0.00) lat (ms,95%): 5.47 err/s: 0.00 reconn/s: 0.00
[ 219s ] thds: 1536 tps: 355572.07 qps: 355573.07 (r/w/o: 355573.07/0.00/0.00) lat (ms,95%): 5.37 err/s: 0.00 reconn/s: 0.00
[ 220s ] thds: 1536 tps: 329078.33 qps: 329074.33 (r/w/o: 329074.33/0.00/0.00) lat (ms,95%): 5.57 err/s: 0.00 reconn/s: 0.00
[ 221s ] thds: 1536 tps: 329139.61 qps: 329141.61 (r/w/o: 329141.61/0.00/0.00) lat (ms,95%): 5.57 err/s: 0.00 reconn/s: 0.00
[ 222s ] thds: 1536 tps: 329111.50 qps: 329111.50 (r/w/o: 329111.50/0.00/0.00) lat (ms,95%): 5.57 err/s: 0.00 reconn/s: 0.00
[ 223s ] thds: 1536 tps: 329155.18 qps: 329159.18 (r/w/o: 329159.18/0.00/0.00) lat (ms,95%): 5.67 err/s: 0.00 reconn/s: 0.00
[ 224s ] thds: 1536 tps: 329149.23 qps: 329149.23 (r/w/o: 329149.23/0.00/0.00) lat (ms,95%): 5.67 err/s: 0.00 reconn/s: 0.00
[ 225s ] thds: 1536 tps: 329080.64 qps: 329072.64 (r/w/o: 329072.64/0.00/0.00) lat (ms,95%): 5.57 err/s: 0.00 reconn/s: 0.00
[ 226s ] thds: 1536 tps: 329426.04 qps: 329432.04 (r/w/o: 329432.04/0.00/0.00) lat (ms,95%): 5.47 err/s: 0.00 reconn/s: 0.00
[ 227s ] thds: 1536 tps: 331838.93 qps: 331840.93 (r/w/o: 331840.93/0.00/0.00) lat (ms,95%): 5.47 err/s: 0.00 reconn/s: 0.00
[ 228s ] thds: 1536 tps: 329049.08 qps: 329049.08 (r/w/o: 329049.08/0.00/0.00) lat (ms,95%): 5.57 err/s: 0.00 reconn/s: 0.00
[ 229s ] thds: 1536 tps: 329099.89 qps: 329097.89 (r/w/o: 329097.89/0.00/0.00) lat (ms,95%): 5.57 err/s: 0.00 reconn/s: 0.00
[ 230s ] thds: 1536 tps: 329026.36 qps: 329028.36 (r/w/o: 329028.36/0.00/0.00) lat (ms,95%): 5.57 err/s: 0.00 reconn/s: 0.00
[ 231s ] thds: 1536 tps: 329038.76 qps: 329038.76 (r/w/o: 329038.76/0.00/0.00) lat (ms,95%): 5.57 err/s: 0.00 reconn/s: 0.00
[ 232s ] thds: 1536 tps: 329028.52 qps: 329028.52 (r/w/o: 329028.52/0.00/0.00) lat (ms,95%): 5.57 err/s: 0.00 reconn/s: 0.00
[ 233s ] thds: 1536 tps: 329085.10 qps: 329080.10 (r/w/o: 329080.10/0.00/0.00) lat (ms,95%): 5.57 err/s: 0.00 reconn/s: 0.00
[ 234s ] thds: 1536 tps: 328954.36 qps: 328953.36 (r/w/o: 328953.36/0.00/0.00) lat (ms,95%): 5.57 err/s: 0.00 reconn/s: 0.00
[ 235s ] thds: 1536 tps: 329019.19 qps: 329023.19 (r/w/o: 329023.19/0.00/0.00) lat (ms,95%): 5.57 err/s: 0.00 reconn/s: 0.00
[ 236s ] thds: 1536 tps: 328973.90 qps: 328972.90 (r/w/o: 328972.90/0.00/0.00) lat (ms,95%): 5.57 err/s: 0.00 reconn/s: 0.00
[ 237s ] thds: 1536 tps: 329082.83 qps: 329082.83 (r/w/o: 329082.83/0.00/0.00) lat (ms,95%): 5.57 err/s: 0.00 reconn/s: 0.00
[ 238s ] thds: 1536 tps: 329116.45 qps: 329117.45 (r/w/o: 329117.45/0.00/0.00) lat (ms,95%): 5.57 err/s: 0.00 reconn/s: 0.00
[ 239s ] thds: 1536 tps: 329035.97 qps: 329037.97 (r/w/o: 329037.97/0.00/0.00) lat (ms,95%): 5.57 err/s: 0.00 reconn/s: 0.00
[ 240s ] thds: 1536 tps: 328693.80 qps: 328693.80 (r/w/o: 328693.80/0.00/0.00) lat (ms,95%): 5.67 err/s: 0.00 reconn/s: 0.00
[ 241s ] thds: 1536 tps: 328925.70 qps: 328922.70 (r/w/o: 328922.70/0.00/0.00) lat (ms,95%): 5.57 err/s: 0.00 reconn/s: 0.00
[ 242s ] thds: 1536 tps: 329136.31 qps: 329139.31 (r/w/o: 329139.31/0.00/0.00) lat (ms,95%): 5.57 err/s: 0.00 reconn/s: 0.00
[ 243s ] thds: 1536 tps: 328995.64 qps: 328993.64 (r/w/o: 328993.64/0.00/0.00) lat (ms,95%): 5.57 err/s: 0.00 reconn/s: 0.00
[ 244s ] thds: 1536 tps: 329033.30 qps: 329035.30 (r/w/o: 329035.30/0.00/0.00) lat (ms,95%): 5.47 err/s: 0.00 reconn/s: 0.00
[ 245s ] thds: 1536 tps: 328900.51 qps: 328900.51 (r/w/o: 328900.51/0.00/0.00) lat (ms,95%): 5.47 err/s: 0.00 reconn/s: 0.00
[ 246s ] thds: 1536 tps: 329025.26 qps: 329020.26 (r/w/o: 329020.26/0.00/0.00) lat (ms,95%): 5.47 err/s: 0.00 reconn/s: 0.00
[ 247s ] thds: 1536 tps: 329041.16 qps: 329044.16 (r/w/o: 329044.16/0.00/0.00) lat (ms,95%): 5.47 err/s: 0.00 reconn/s: 0.00
[ 248s ] thds: 1536 tps: 328989.49 qps: 328989.49 (r/w/o: 328989.49/0.00/0.00) lat (ms,95%): 5.47 err/s: 0.00 reconn/s: 0.00
[ 249s ] thds: 1536 tps: 329042.28 qps: 329038.28 (r/w/o: 329038.28/0.00/0.00) lat (ms,95%): 5.57 err/s: 0.00 reconn/s: 0.00
[ 250s ] thds: 1536 tps: 328990.74 qps: 328996.74 (r/w/o: 328996.74/0.00/0.00) lat (ms,95%): 5.57 err/s: 0.00 reconn/s: 0.00
[ 251s ] thds: 1536 tps: 329084.12 qps: 329084.12 (r/w/o: 329084.12/0.00/0.00) lat (ms,95%): 5.47 err/s: 0.00 reconn/s: 0.00
[ 252s ] thds: 1536 tps: 329056.66 qps: 329052.66 (r/w/o: 329052.66/0.00/0.00) lat (ms,95%): 5.47 err/s: 0.00 reconn/s: 0.00
[ 253s ] thds: 1536 tps: 329013.55 qps: 329016.55 (r/w/o: 329016.55/0.00/0.00) lat (ms,95%): 5.47 err/s: 0.00 reconn/s: 0.00
[ 254s ] thds: 1536 tps: 328958.51 qps: 328959.51 (r/w/o: 328959.51/0.00/0.00) lat (ms,95%): 5.47 err/s: 0.00 reconn/s: 0.00
[ 255s ] thds: 1536 tps: 329010.69 qps: 329008.69 (r/w/o: 329008.69/0.00/0.00) lat (ms,95%): 5.57 err/s: 0.00 reconn/s: 0.00
[ 256s ] thds: 1536 tps: 328939.95 qps: 328941.95 (r/w/o: 328941.95/0.00/0.00) lat (ms,95%): 5.47 err/s: 0.00 reconn/s: 0.00
[ 257s ] thds: 1536 tps: 328962.35 qps: 328962.35 (r/w/o: 328962.35/0.00/0.00) lat (ms,95%): 5.57 err/s: 0.00 reconn/s: 0.00
[ 258s ] thds: 1536 tps: 329194.62 qps: 329191.62 (r/w/o: 329191.62/0.00/0.00) lat (ms,95%): 5.47 err/s: 0.00 reconn/s: 0.00
[ 259s ] thds: 1536 tps: 330881.86 qps: 330879.86 (r/w/o: 330879.86/0.00/0.00) lat (ms,95%): 5.47 err/s: 0.00 reconn/s: 0.00
[ 260s ] thds: 1536 tps: 328918.19 qps: 328921.19 (r/w/o: 328921.19/0.00/0.00) lat (ms,95%): 5.47 err/s: 0.00 reconn/s: 0.00
[ 261s ] thds: 1536 tps: 328981.80 qps: 328976.80 (r/w/o: 328976.80/0.00/0.00) lat (ms,95%): 5.47 err/s: 0.00 reconn/s: 0.00
[ 262s ] thds: 1536 tps: 328899.13 qps: 328904.13 (r/w/o: 328904.13/0.00/0.00) lat (ms,95%): 5.57 err/s: 0.00 reconn/s: 0.00
[ 263s ] thds: 1536 tps: 328898.59 qps: 328898.59 (r/w/o: 328898.59/0.00/0.00) lat (ms,95%): 5.57 err/s: 0.00 reconn/s: 0.00
[ 264s ] thds: 1536 tps: 328942.36 qps: 328942.36 (r/w/o: 328942.36/0.00/0.00) lat (ms,95%): 5.57 err/s: 0.00 reconn/s: 0.00
[ 265s ] thds: 1536 tps: 328856.99 qps: 328858.99 (r/w/o: 328858.99/0.00/0.00) lat (ms,95%): 5.57 err/s: 0.00 reconn/s: 0.00
[ 266s ] thds: 1536 tps: 328911.99 qps: 328907.99 (r/w/o: 328907.99/0.00/0.00) lat (ms,95%): 5.47 err/s: 0.00 reconn/s: 0.00
[ 267s ] thds: 1536 tps: 328883.15 qps: 328886.15 (r/w/o: 328886.15/0.00/0.00) lat (ms,95%): 5.47 err/s: 0.00 reconn/s: 0.00
[ 268s ] thds: 1536 tps: 328905.00 qps: 328903.00 (r/w/o: 328903.00/0.00/0.00) lat (ms,95%): 5.57 err/s: 0.00 reconn/s: 0.00
[ 269s ] thds: 1536 tps: 329014.78 qps: 329017.78 (r/w/o: 329017.78/0.00/0.00) lat (ms,95%): 5.57 err/s: 0.00 reconn/s: 0.00
[ 270s ] thds: 1536 tps: 329002.15 qps: 329002.15 (r/w/o: 329002.15/0.00/0.00) lat (ms,95%): 5.47 err/s: 0.00 reconn/s: 0.00
[ 271s ] thds: 1536 tps: 329009.61 qps: 329009.61 (r/w/o: 329009.61/0.00/0.00) lat (ms,95%): 5.57 err/s: 0.00 reconn/s: 0.00
[ 272s ] thds: 1536 tps: 328963.24 qps: 328963.24 (r/w/o: 328963.24/0.00/0.00) lat (ms,95%): 5.57 err/s: 0.00 reconn/s: 0.00
[ 273s ] thds: 1536 tps: 328897.36 qps: 328895.36 (r/w/o: 328895.36/0.00/0.00) lat (ms,95%): 5.57 err/s: 0.00 reconn/s: 0.00
[ 274s ] thds: 1536 tps: 336442.32 qps: 336442.32 (r/w/o: 336442.32/0.00/0.00) lat (ms,95%): 5.57 err/s: 0.00 reconn/s: 0.00
[ 275s ] thds: 1536 tps: 342256.40 qps: 342252.40 (r/w/o: 342252.40/0.00/0.00) lat (ms,95%): 5.67 err/s: 0.00 reconn/s: 0.00
[ 276s ] thds: 1536 tps: 329028.36 qps: 329031.36 (r/w/o: 329031.36/0.00/0.00) lat (ms,95%): 5.67 err/s: 0.00 reconn/s: 0.00
[ 277s ] thds: 1536 tps: 329033.20 qps: 329027.20 (r/w/o: 329027.20/0.00/0.00) lat (ms,95%): 5.57 err/s: 0.00 reconn/s: 0.00
[ 278s ] thds: 1536 tps: 329517.52 qps: 329526.52 (r/w/o: 329526.52/0.00/0.00) lat (ms,95%): 5.47 err/s: 0.00 reconn/s: 0.00
[ 279s ] thds: 1536 tps: 331915.63 qps: 331911.63 (r/w/o: 331911.63/0.00/0.00) lat (ms,95%): 5.47 err/s: 0.00 reconn/s: 0.00
[ 280s ] thds: 1536 tps: 328931.26 qps: 328934.26 (r/w/o: 328934.26/0.00/0.00) lat (ms,95%): 5.47 err/s: 0.00 reconn/s: 0.00
[ 281s ] thds: 1536 tps: 328944.53 qps: 328945.53 (r/w/o: 328945.53/0.00/0.00) lat (ms,95%): 5.47 err/s: 0.00 reconn/s: 0.00
[ 282s ] thds: 1536 tps: 328850.94 qps: 328848.94 (r/w/o: 328848.94/0.00/0.00) lat (ms,95%): 5.47 err/s: 0.00 reconn/s: 0.00
[ 283s ] thds: 1536 tps: 328916.96 qps: 328917.96 (r/w/o: 328917.96/0.00/0.00) lat (ms,95%): 5.47 err/s: 0.00 reconn/s: 0.00
[ 284s ] thds: 1536 tps: 329334.29 qps: 329331.29 (r/w/o: 329331.29/0.00/0.00) lat (ms,95%): 5.57 err/s: 0.00 reconn/s: 0.00
[ 285s ] thds: 1536 tps: 328956.15 qps: 328954.15 (r/w/o: 328954.15/0.00/0.00) lat (ms,95%): 5.47 err/s: 0.00 reconn/s: 0.00
[ 286s ] thds: 1536 tps: 329305.25 qps: 329311.25 (r/w/o: 329311.25/0.00/0.00) lat (ms,95%): 5.47 err/s: 0.00 reconn/s: 0.00
[ 287s ] thds: 1536 tps: 330765.70 qps: 330764.70 (r/w/o: 330764.70/0.00/0.00) lat (ms,95%): 5.47 err/s: 0.00 reconn/s: 0.00
[ 288s ] thds: 1536 tps: 328962.57 qps: 328961.57 (r/w/o: 328961.57/0.00/0.00) lat (ms,95%): 5.57 err/s: 0.00 reconn/s: 0.00
[ 289s ] thds: 1536 tps: 328823.93 qps: 328823.93 (r/w/o: 328823.93/0.00/0.00) lat (ms,95%): 5.57 err/s: 0.00 reconn/s: 0.00
[ 290s ] thds: 1536 tps: 328944.38 qps: 328942.38 (r/w/o: 328942.38/0.00/0.00) lat (ms,95%): 5.47 err/s: 0.00 reconn/s: 0.00
[ 291s ] thds: 1536 tps: 328971.12 qps: 328973.12 (r/w/o: 328973.12/0.00/0.00) lat (ms,95%): 5.47 err/s: 0.00 reconn/s: 0.00
[ 292s ] thds: 1536 tps: 328925.07 qps: 328924.07 (r/w/o: 328924.07/0.00/0.00) lat (ms,95%): 5.47 err/s: 0.00 reconn/s: 0.00
[ 293s ] thds: 1536 tps: 328964.50 qps: 328962.50 (r/w/o: 328962.50/0.00/0.00) lat (ms,95%): 5.47 err/s: 0.00 reconn/s: 0.00
[ 294s ] thds: 1536 tps: 337956.52 qps: 337960.52 (r/w/o: 337960.52/0.00/0.00) lat (ms,95%): 5.47 err/s: 0.00 reconn/s: 0.00
[ 295s ] thds: 1536 tps: 349224.28 qps: 349220.28 (r/w/o: 349220.28/0.00/0.00) lat (ms,95%): 5.37 err/s: 0.00 reconn/s: 0.00
[ 296s ] thds: 1536 tps: 331295.64 qps: 331298.64 (r/w/o: 331298.64/0.00/0.00) lat (ms,95%): 5.47 err/s: 0.00 reconn/s: 0.00
[ 297s ] thds: 1536 tps: 329029.90 qps: 329027.90 (r/w/o: 329027.90/0.00/0.00) lat (ms,95%): 5.47 err/s: 0.00 reconn/s: 0.00
[ 298s ] thds: 1536 tps: 328930.64 qps: 328932.64 (r/w/o: 328932.64/0.00/0.00) lat (ms,95%): 5.47 err/s: 0.00 reconn/s: 0.00
[ 299s ] thds: 1536 tps: 328918.94 qps: 328916.94 (r/w/o: 328916.94/0.00/0.00) lat (ms,95%): 5.47 err/s: 0.00 reconn/s: 0.00
[ 300s ] thds: 1536 tps: 318216.45 qps: 318220.43 (r/w/o: 318220.43/0.00/0.00) lat (ms,95%): 5.47 err/s: 0.00 reconn/s: 0.00
SQL statistics:
    queries performed:
        read:                            99194557
        write:                           0
        other:                           0
        total:                           99194557
    transactions:                        99194557 (330289.99 per sec.)
    queries:                             99194557 (330289.99 per sec.)
    ignored errors:                      0      (0.00 per sec.)
    reconnects:                          0      (0.00 per sec.)

General statistics:
    total time:                          300.3242s
    total number of events:              99194557

Latency (ms):
         min:                                    0.05
         avg:                                    4.64
         max:                                 1918.62
         95th percentile:                        5.57
         sum:                            460412666.81

Threads fairness:
    events (avg/stddev):           64579.7897/1399.00
    execution time (avg/stddev):   299.7478/0.09

