sysbench 1.0.20 (using bundled LuaJIT 2.1.0-beta2)

Running the test with following options:
Number of threads: 1536
Report intermediate results every 1 second(s)
Initializing random number generator from current time


Initializing worker threads...

Threads started!

[ 1s ] thds: 1536 tps: 6075.00 qps: 111346.19 (r/w/o: 97702.72/0.00/13643.47) lat (ms,95%): 493.24 err/s: 0.00 reconn/s: 0.00
[ 2s ] thds: 1536 tps: 10695.35 qps: 171991.48 (r/w/o: 150492.54/0.00/21498.93) lat (ms,95%): 646.19 err/s: 0.00 reconn/s: 0.00
[ 3s ] thds: 1536 tps: 14214.76 qps: 229010.65 (r/w/o: 200569.64/0.00/28441.01) lat (ms,95%): 475.79 err/s: 0.00 reconn/s: 0.00
[ 4s ] thds: 1536 tps: 15822.29 qps: 251476.95 (r/w/o: 220021.39/0.00/31455.56) lat (ms,95%): 427.07 err/s: 0.00 reconn/s: 0.00
[ 5s ] thds: 1536 tps: 13242.35 qps: 211876.57 (r/w/o: 185390.87/0.00/26485.70) lat (ms,95%): 125.52 err/s: 0.00 reconn/s: 0.00
[ 6s ] thds: 1536 tps: 15937.75 qps: 255429.14 (r/w/o: 223541.64/0.00/31887.51) lat (ms,95%): 303.33 err/s: 0.00 reconn/s: 0.00
[ 7s ] thds: 1536 tps: 13741.83 qps: 219452.24 (r/w/o: 191987.58/0.00/27464.65) lat (ms,95%): 467.30 err/s: 0.00 reconn/s: 0.00
[ 8s ] thds: 1536 tps: 13428.56 qps: 214771.99 (r/w/o: 187902.87/0.00/26869.12) lat (ms,95%): 125.52 err/s: 0.00 reconn/s: 0.00
[ 9s ] thds: 1536 tps: 13434.27 qps: 215074.37 (r/w/o: 188211.83/0.00/26862.55) lat (ms,95%): 127.81 err/s: 0.00 reconn/s: 0.00
[ 10s ] thds: 1536 tps: 13432.45 qps: 214679.16 (r/w/o: 187815.26/0.00/26863.90) lat (ms,95%): 130.13 err/s: 0.00 reconn/s: 0.00
[ 11s ] thds: 1536 tps: 13403.06 qps: 214983.95 (r/w/o: 188163.83/0.00/26820.12) lat (ms,95%): 125.52 err/s: 0.00 reconn/s: 0.00
[ 12s ] thds: 1536 tps: 13458.55 qps: 215153.76 (r/w/o: 188249.66/0.00/26904.09) lat (ms,95%): 127.81 err/s: 0.00 reconn/s: 0.00
[ 13s ] thds: 1536 tps: 13433.81 qps: 214663.00 (r/w/o: 187788.37/0.00/26874.62) lat (ms,95%): 125.52 err/s: 0.00 reconn/s: 0.00
[ 14s ] thds: 1536 tps: 13159.05 qps: 210788.77 (r/w/o: 184469.67/0.00/26319.10) lat (ms,95%): 125.52 err/s: 0.00 reconn/s: 0.00
[ 15s ] thds: 1536 tps: 13337.00 qps: 213133.06 (r/w/o: 186464.05/0.00/26669.01) lat (ms,95%): 125.52 err/s: 0.00 reconn/s: 0.00
[ 16s ] thds: 1536 tps: 13500.36 qps: 216207.73 (r/w/o: 189207.02/0.00/27000.72) lat (ms,95%): 123.28 err/s: 0.00 reconn/s: 0.00
[ 17s ] thds: 1536 tps: 13564.72 qps: 217041.56 (r/w/o: 189911.11/0.00/27130.44) lat (ms,95%): 125.52 err/s: 0.00 reconn/s: 0.00
[ 18s ] thds: 1536 tps: 13584.39 qps: 217145.17 (r/w/o: 189987.40/0.00/27157.77) lat (ms,95%): 123.28 err/s: 0.00 reconn/s: 0.00
[ 19s ] thds: 1536 tps: 13580.73 qps: 217273.61 (r/w/o: 190107.15/0.00/27166.45) lat (ms,95%): 123.28 err/s: 0.00 reconn/s: 0.00
[ 20s ] thds: 1536 tps: 13567.41 qps: 217256.59 (r/w/o: 190112.77/0.00/27143.82) lat (ms,95%): 123.28 err/s: 0.00 reconn/s: 0.00
[ 21s ] thds: 1536 tps: 13575.84 qps: 217305.48 (r/w/o: 190149.80/0.00/27155.69) lat (ms,95%): 125.52 err/s: 0.00 reconn/s: 0.00
[ 22s ] thds: 1536 tps: 13587.97 qps: 217358.58 (r/w/o: 190183.63/0.00/27174.95) lat (ms,95%): 125.52 err/s: 0.00 reconn/s: 0.00
[ 23s ] thds: 1536 tps: 13577.93 qps: 217286.87 (r/w/o: 190129.01/0.00/27157.86) lat (ms,95%): 125.52 err/s: 0.00 reconn/s: 0.00
[ 24s ] thds: 1536 tps: 13609.97 qps: 217338.36 (r/w/o: 190137.43/0.00/27200.93) lat (ms,95%): 123.28 err/s: 0.00 reconn/s: 0.00
[ 25s ] thds: 1536 tps: 13580.46 qps: 217060.39 (r/w/o: 189890.47/0.00/27169.92) lat (ms,95%): 123.28 err/s: 0.00 reconn/s: 0.00
[ 26s ] thds: 1536 tps: 16685.01 qps: 267073.21 (r/w/o: 233701.18/0.00/33372.02) lat (ms,95%): 493.24 err/s: 0.00 reconn/s: 0.00
[ 27s ] thds: 1536 tps: 13587.93 qps: 217590.92 (r/w/o: 190416.05/0.00/27174.86) lat (ms,95%): 123.28 err/s: 0.00 reconn/s: 0.00
[ 28s ] thds: 1536 tps: 13552.69 qps: 217233.09 (r/w/o: 190128.70/0.00/27104.39) lat (ms,95%): 125.52 err/s: 0.00 reconn/s: 0.00
[ 29s ] thds: 1536 tps: 13598.14 qps: 217392.20 (r/w/o: 190199.93/0.00/27192.27) lat (ms,95%): 123.28 err/s: 0.00 reconn/s: 0.00
[ 30s ] thds: 1536 tps: 13579.34 qps: 217315.51 (r/w/o: 190147.82/0.00/27167.69) lat (ms,95%): 123.28 err/s: 0.00 reconn/s: 0.00
[ 31s ] thds: 1536 tps: 13599.85 qps: 217481.60 (r/w/o: 190295.90/0.00/27185.70) lat (ms,95%): 125.52 err/s: 0.00 reconn/s: 0.00
[ 32s ] thds: 1536 tps: 13566.01 qps: 217192.21 (r/w/o: 190050.19/0.00/27142.03) lat (ms,95%): 123.28 err/s: 0.00 reconn/s: 0.00
[ 33s ] thds: 1536 tps: 13590.14 qps: 217276.17 (r/w/o: 190097.90/0.00/27178.27) lat (ms,95%): 121.08 err/s: 0.00 reconn/s: 0.00
[ 34s ] thds: 1536 tps: 13642.38 qps: 218417.02 (r/w/o: 191133.27/0.00/27283.75) lat (ms,95%): 125.52 err/s: 0.00 reconn/s: 0.00
[ 35s ] thds: 1536 tps: 13568.34 qps: 217329.37 (r/w/o: 190176.69/0.00/27152.67) lat (ms,95%): 125.52 err/s: 0.00 reconn/s: 0.00
[ 36s ] thds: 1536 tps: 13617.94 qps: 217376.93 (r/w/o: 190158.05/0.00/27218.88) lat (ms,95%): 123.28 err/s: 0.00 reconn/s: 0.00
[ 37s ] thds: 1536 tps: 13560.97 qps: 217103.56 (r/w/o: 189985.61/0.00/27117.95) lat (ms,95%): 123.28 err/s: 0.00 reconn/s: 0.00
[ 38s ] thds: 1536 tps: 16667.93 qps: 266793.84 (r/w/o: 233449.98/0.00/33343.85) lat (ms,95%): 419.45 err/s: 0.00 reconn/s: 0.00
[ 39s ] thds: 1536 tps: 13589.27 qps: 217419.24 (r/w/o: 190232.71/0.00/27186.53) lat (ms,95%): 130.13 err/s: 0.00 reconn/s: 0.00
[ 40s ] thds: 1536 tps: 13607.34 qps: 217476.51 (r/w/o: 190271.82/0.00/27204.69) lat (ms,95%): 123.28 err/s: 0.00 reconn/s: 0.00
[ 41s ] thds: 1536 tps: 13564.32 qps: 217256.10 (r/w/o: 190117.46/0.00/27138.63) lat (ms,95%): 123.28 err/s: 0.00 reconn/s: 0.00
[ 42s ] thds: 1536 tps: 13578.84 qps: 217307.45 (r/w/o: 190154.77/0.00/27152.68) lat (ms,95%): 123.28 err/s: 0.00 reconn/s: 0.00
[ 43s ] thds: 1536 tps: 13582.72 qps: 217325.46 (r/w/o: 190171.03/0.00/27154.43) lat (ms,95%): 121.08 err/s: 0.00 reconn/s: 0.00
[ 44s ] thds: 1536 tps: 13588.12 qps: 217396.95 (r/w/o: 190212.71/0.00/27184.24) lat (ms,95%): 123.28 err/s: 0.00 reconn/s: 0.00
[ 45s ] thds: 1536 tps: 13558.04 qps: 217240.66 (r/w/o: 190115.58/0.00/27125.08) lat (ms,95%): 123.28 err/s: 0.00 reconn/s: 0.00
[ 46s ] thds: 1536 tps: 16086.37 qps: 256968.98 (r/w/o: 224797.23/0.00/32171.75) lat (ms,95%): 267.41 err/s: 0.00 reconn/s: 0.00
[ 47s ] thds: 1536 tps: 14115.63 qps: 226203.09 (r/w/o: 197984.83/0.00/28218.26) lat (ms,95%): 493.24 err/s: 0.00 reconn/s: 0.00
[ 48s ] thds: 1536 tps: 13572.02 qps: 217277.37 (r/w/o: 190120.32/0.00/27157.05) lat (ms,95%): 125.52 err/s: 0.00 reconn/s: 0.00
[ 49s ] thds: 1536 tps: 13598.75 qps: 217332.94 (r/w/o: 190144.45/0.00/27188.49) lat (ms,95%): 123.28 err/s: 0.00 reconn/s: 0.00
[ 50s ] thds: 1536 tps: 13607.27 qps: 217420.26 (r/w/o: 190205.73/0.00/27214.53) lat (ms,95%): 125.52 err/s: 0.00 reconn/s: 0.00
[ 51s ] thds: 1536 tps: 13574.29 qps: 217164.60 (r/w/o: 190007.02/0.00/27157.57) lat (ms,95%): 125.52 err/s: 0.00 reconn/s: 0.00
[ 52s ] thds: 1536 tps: 13542.72 qps: 217256.47 (r/w/o: 190179.02/0.00/27077.45) lat (ms,95%): 125.52 err/s: 0.00 reconn/s: 0.00
[ 53s ] thds: 1536 tps: 13604.40 qps: 217337.34 (r/w/o: 190129.55/0.00/27207.79) lat (ms,95%): 125.52 err/s: 0.00 reconn/s: 0.00
[ 54s ] thds: 1536 tps: 13571.70 qps: 217316.16 (r/w/o: 190172.76/0.00/27143.40) lat (ms,95%): 123.28 err/s: 0.00 reconn/s: 0.00
[ 55s ] thds: 1536 tps: 13607.79 qps: 217403.63 (r/w/o: 190190.04/0.00/27213.59) lat (ms,95%): 125.52 err/s: 0.00 reconn/s: 0.00
[ 56s ] thds: 1536 tps: 13569.75 qps: 217226.99 (r/w/o: 190086.49/0.00/27140.50) lat (ms,95%): 125.52 err/s: 0.00 reconn/s: 0.00
[ 57s ] thds: 1536 tps: 13575.33 qps: 217368.19 (r/w/o: 190218.54/0.00/27149.65) lat (ms,95%): 123.28 err/s: 0.00 reconn/s: 0.00
[ 58s ] thds: 1536 tps: 13590.16 qps: 217377.50 (r/w/o: 190191.19/0.00/27186.31) lat (ms,95%): 123.28 err/s: 0.00 reconn/s: 0.00
[ 59s ] thds: 1536 tps: 13603.72 qps: 217356.53 (r/w/o: 190157.08/0.00/27199.45) lat (ms,95%): 123.28 err/s: 0.00 reconn/s: 0.00
[ 60s ] thds: 1536 tps: 13565.43 qps: 217309.91 (r/w/o: 190174.04/0.00/27135.86) lat (ms,95%): 123.28 err/s: 0.00 reconn/s: 0.00
[ 61s ] thds: 1536 tps: 13590.99 qps: 217272.78 (r/w/o: 190091.81/0.00/27180.97) lat (ms,95%): 125.52 err/s: 0.00 reconn/s: 0.00
[ 62s ] thds: 1536 tps: 13578.61 qps: 217430.67 (r/w/o: 190264.46/0.00/27166.21) lat (ms,95%): 123.28 err/s: 0.00 reconn/s: 0.00
[ 63s ] thds: 1536 tps: 13581.36 qps: 217236.79 (r/w/o: 190084.07/0.00/27152.72) lat (ms,95%): 121.08 err/s: 0.00 reconn/s: 0.00
[ 64s ] thds: 1536 tps: 13579.90 qps: 217330.34 (r/w/o: 190165.55/0.00/27164.79) lat (ms,95%): 121.08 err/s: 0.00 reconn/s: 0.00
[ 65s ] thds: 1536 tps: 13595.31 qps: 217142.91 (r/w/o: 189952.28/0.00/27190.63) lat (ms,95%): 123.28 err/s: 0.00 reconn/s: 0.00
[ 66s ] thds: 1536 tps: 16652.35 qps: 266664.54 (r/w/o: 233367.85/0.00/33296.69) lat (ms,95%): 502.20 err/s: 0.00 reconn/s: 0.00
[ 67s ] thds: 1536 tps: 16360.16 qps: 262250.61 (r/w/o: 229524.29/0.00/32726.33) lat (ms,95%): 427.07 err/s: 0.00 reconn/s: 0.00
[ 68s ] thds: 1536 tps: 13864.96 qps: 221847.43 (r/w/o: 194118.50/0.00/27728.93) lat (ms,95%): 193.38 err/s: 0.00 reconn/s: 0.00
[ 69s ] thds: 1536 tps: 13598.13 qps: 217411.09 (r/w/o: 190202.82/0.00/27208.26) lat (ms,95%): 123.28 err/s: 0.00 reconn/s: 0.00
[ 70s ] thds: 1536 tps: 15478.35 qps: 246074.62 (r/w/o: 215142.91/0.00/30931.71) lat (ms,95%): 179.94 err/s: 0.00 reconn/s: 0.00
[ 71s ] thds: 1536 tps: 14731.08 qps: 237387.87 (r/w/o: 207895.73/0.00/29492.15) lat (ms,95%): 520.62 err/s: 0.00 reconn/s: 0.00
[ 72s ] thds: 1536 tps: 13610.39 qps: 217580.18 (r/w/o: 190378.41/0.00/27201.77) lat (ms,95%): 125.52 err/s: 0.00 reconn/s: 0.00
[ 73s ] thds: 1536 tps: 13597.90 qps: 217436.42 (r/w/o: 190239.62/0.00/27196.80) lat (ms,95%): 123.28 err/s: 0.00 reconn/s: 0.00
[ 74s ] thds: 1536 tps: 16333.05 qps: 261918.76 (r/w/o: 229250.66/0.00/32668.09) lat (ms,95%): 308.84 err/s: 0.00 reconn/s: 0.00
[ 75s ] thds: 1536 tps: 13895.83 qps: 221749.45 (r/w/o: 193969.79/0.00/27779.67) lat (ms,95%): 458.96 err/s: 0.00 reconn/s: 0.00
[ 76s ] thds: 1536 tps: 16596.53 qps: 265660.55 (r/w/o: 232455.48/0.00/33205.07) lat (ms,95%): 467.30 err/s: 0.00 reconn/s: 0.00
[ 77s ] thds: 1536 tps: 15175.51 qps: 242845.12 (r/w/o: 212488.10/0.00/30357.01) lat (ms,95%): 390.30 err/s: 0.00 reconn/s: 0.00
[ 78s ] thds: 1536 tps: 13596.24 qps: 217464.81 (r/w/o: 190281.34/0.00/27183.48) lat (ms,95%): 121.08 err/s: 0.00 reconn/s: 0.00
[ 79s ] thds: 1536 tps: 13578.78 qps: 217291.45 (r/w/o: 190128.89/0.00/27162.56) lat (ms,95%): 123.28 err/s: 0.00 reconn/s: 0.00
[ 80s ] thds: 1536 tps: 13599.20 qps: 217346.22 (r/w/o: 190152.82/0.00/27193.40) lat (ms,95%): 123.28 err/s: 0.00 reconn/s: 0.00
[ 81s ] thds: 1536 tps: 13582.36 qps: 217340.74 (r/w/o: 190177.02/0.00/27163.72) lat (ms,95%): 125.52 err/s: 0.00 reconn/s: 0.00
[ 82s ] thds: 1536 tps: 13574.54 qps: 217287.60 (r/w/o: 190136.52/0.00/27151.08) lat (ms,95%): 125.52 err/s: 0.00 reconn/s: 0.00
[ 83s ] thds: 1536 tps: 13592.30 qps: 217338.84 (r/w/o: 190159.24/0.00/27179.60) lat (ms,95%): 123.28 err/s: 0.00 reconn/s: 0.00
[ 84s ] thds: 1536 tps: 13574.83 qps: 217316.23 (r/w/o: 190153.58/0.00/27162.65) lat (ms,95%): 123.28 err/s: 0.00 reconn/s: 0.00
[ 85s ] thds: 1536 tps: 13578.39 qps: 217012.22 (r/w/o: 189865.44/0.00/27146.78) lat (ms,95%): 121.08 err/s: 0.00 reconn/s: 0.00
[ 86s ] thds: 1536 tps: 16600.94 qps: 266375.05 (r/w/o: 233171.17/0.00/33203.88) lat (ms,95%): 493.24 err/s: 0.00 reconn/s: 0.00
[ 87s ] thds: 1536 tps: 13618.69 qps: 217491.03 (r/w/o: 190244.65/0.00/27246.38) lat (ms,95%): 125.52 err/s: 0.00 reconn/s: 0.00
[ 88s ] thds: 1536 tps: 13575.91 qps: 217415.45 (r/w/o: 190264.64/0.00/27150.81) lat (ms,95%): 125.52 err/s: 0.00 reconn/s: 0.00
[ 89s ] thds: 1536 tps: 13616.45 qps: 217445.05 (r/w/o: 190219.16/0.00/27225.89) lat (ms,95%): 123.28 err/s: 0.00 reconn/s: 0.00
[ 90s ] thds: 1536 tps: 13558.73 qps: 217293.64 (r/w/o: 190181.18/0.00/27112.46) lat (ms,95%): 121.08 err/s: 0.00 reconn/s: 0.00
[ 91s ] thds: 1536 tps: 13587.16 qps: 217394.51 (r/w/o: 190207.20/0.00/27187.31) lat (ms,95%): 123.28 err/s: 0.00 reconn/s: 0.00
[ 92s ] thds: 1536 tps: 13585.72 qps: 217387.50 (r/w/o: 190221.06/0.00/27166.44) lat (ms,95%): 123.28 err/s: 0.00 reconn/s: 0.00
[ 93s ] thds: 1536 tps: 13617.35 qps: 217507.57 (r/w/o: 190280.87/0.00/27226.70) lat (ms,95%): 123.28 err/s: 0.00 reconn/s: 0.00
[ 94s ] thds: 1536 tps: 13580.76 qps: 217557.09 (r/w/o: 190381.58/0.00/27175.51) lat (ms,95%): 121.08 err/s: 0.00 reconn/s: 0.00
[ 95s ] thds: 1536 tps: 13601.30 qps: 217332.91 (r/w/o: 190137.31/0.00/27195.60) lat (ms,95%): 121.08 err/s: 0.00 reconn/s: 0.00
[ 96s ] thds: 1536 tps: 13561.90 qps: 217376.57 (r/w/o: 190248.77/0.00/27127.81) lat (ms,95%): 123.28 err/s: 0.00 reconn/s: 0.00
[ 97s ] thds: 1536 tps: 13600.63 qps: 217393.05 (r/w/o: 190197.79/0.00/27195.26) lat (ms,95%): 121.08 err/s: 0.00 reconn/s: 0.00
[ 98s ] thds: 1536 tps: 13594.06 qps: 217486.91 (r/w/o: 190305.79/0.00/27181.11) lat (ms,95%): 123.28 err/s: 0.00 reconn/s: 0.00
[ 99s ] thds: 1536 tps: 13579.23 qps: 217374.67 (r/w/o: 190206.21/0.00/27168.46) lat (ms,95%): 123.28 err/s: 0.00 reconn/s: 0.00
[ 100s ] thds: 1536 tps: 13612.57 qps: 217435.16 (r/w/o: 190212.02/0.00/27223.14) lat (ms,95%): 123.28 err/s: 0.00 reconn/s: 0.00
[ 101s ] thds: 1536 tps: 13558.59 qps: 217449.35 (r/w/o: 190328.16/0.00/27121.18) lat (ms,95%): 123.28 err/s: 0.00 reconn/s: 0.00
[ 102s ] thds: 1536 tps: 16548.72 qps: 264819.57 (r/w/o: 231719.12/0.00/33100.45) lat (ms,95%): 450.77 err/s: 0.00 reconn/s: 0.00
[ 103s ] thds: 1536 tps: 13650.88 qps: 218530.07 (r/w/o: 191226.31/0.00/27303.76) lat (ms,95%): 155.80 err/s: 0.00 reconn/s: 0.00
[ 104s ] thds: 1536 tps: 13605.73 qps: 217430.78 (r/w/o: 190223.32/0.00/27207.47) lat (ms,95%): 121.08 err/s: 0.00 reconn/s: 0.00
[ 105s ] thds: 1536 tps: 13591.97 qps: 217454.57 (r/w/o: 190281.63/0.00/27172.94) lat (ms,95%): 121.08 err/s: 0.00 reconn/s: 0.00
[ 106s ] thds: 1536 tps: 13595.60 qps: 217444.59 (r/w/o: 190240.39/0.00/27204.20) lat (ms,95%): 125.52 err/s: 0.00 reconn/s: 0.00
[ 107s ] thds: 1536 tps: 13582.77 qps: 217429.31 (r/w/o: 190274.77/0.00/27154.54) lat (ms,95%): 125.52 err/s: 0.00 reconn/s: 0.00
[ 108s ] thds: 1536 tps: 13600.13 qps: 217403.07 (r/w/o: 190192.82/0.00/27210.26) lat (ms,95%): 123.28 err/s: 0.00 reconn/s: 0.00
[ 109s ] thds: 1536 tps: 13577.94 qps: 217542.05 (r/w/o: 190386.17/0.00/27155.88) lat (ms,95%): 123.28 err/s: 0.00 reconn/s: 0.00
[ 110s ] thds: 1536 tps: 13593.93 qps: 217332.89 (r/w/o: 190147.04/0.00/27185.86) lat (ms,95%): 123.28 err/s: 0.00 reconn/s: 0.00
[ 111s ] thds: 1536 tps: 13583.72 qps: 217498.55 (r/w/o: 190331.11/0.00/27167.44) lat (ms,95%): 123.28 err/s: 0.00 reconn/s: 0.00
[ 112s ] thds: 1536 tps: 13602.25 qps: 217342.96 (r/w/o: 190139.46/0.00/27203.51) lat (ms,95%): 123.28 err/s: 0.00 reconn/s: 0.00
[ 113s ] thds: 1536 tps: 13576.13 qps: 217479.09 (r/w/o: 190322.83/0.00/27156.27) lat (ms,95%): 123.28 err/s: 0.00 reconn/s: 0.00
[ 114s ] thds: 1536 tps: 13590.08 qps: 217317.30 (r/w/o: 190144.13/0.00/27173.16) lat (ms,95%): 121.08 err/s: 0.00 reconn/s: 0.00
[ 115s ] thds: 1536 tps: 13603.18 qps: 217502.97 (r/w/o: 190297.60/0.00/27205.37) lat (ms,95%): 121.08 err/s: 0.00 reconn/s: 0.00
[ 116s ] thds: 1536 tps: 13569.96 qps: 217355.36 (r/w/o: 190226.43/0.00/27128.93) lat (ms,95%): 121.08 err/s: 0.00 reconn/s: 0.00
[ 117s ] thds: 1536 tps: 13588.39 qps: 217342.21 (r/w/o: 190150.43/0.00/27191.78) lat (ms,95%): 123.28 err/s: 0.00 reconn/s: 0.00
[ 118s ] thds: 1536 tps: 13579.06 qps: 217498.94 (r/w/o: 190344.83/0.00/27154.11) lat (ms,95%): 125.52 err/s: 0.00 reconn/s: 0.00
[ 119s ] thds: 1536 tps: 13591.78 qps: 217353.53 (r/w/o: 190160.97/0.00/27192.56) lat (ms,95%): 123.28 err/s: 0.00 reconn/s: 0.00
[ 120s ] thds: 1536 tps: 13594.97 qps: 217382.53 (r/w/o: 190198.58/0.00/27183.94) lat (ms,95%): 123.28 err/s: 0.00 reconn/s: 0.00
[ 121s ] thds: 1536 tps: 13614.40 qps: 217561.36 (r/w/o: 190326.57/0.00/27234.80) lat (ms,95%): 123.28 err/s: 0.00 reconn/s: 0.00
[ 122s ] thds: 1536 tps: 15834.32 qps: 252825.06 (r/w/o: 221179.43/0.00/31645.63) lat (ms,95%): 227.40 err/s: 0.00 reconn/s: 0.00
[ 123s ] thds: 1536 tps: 14430.27 qps: 231549.21 (r/w/o: 202679.68/0.00/28869.54) lat (ms,95%): 520.62 err/s: 0.00 reconn/s: 0.00
[ 124s ] thds: 1536 tps: 13598.37 qps: 217671.85 (r/w/o: 190464.12/0.00/27207.73) lat (ms,95%): 123.28 err/s: 0.00 reconn/s: 0.00
[ 125s ] thds: 1536 tps: 13613.03 qps: 217473.55 (r/w/o: 190263.48/0.00/27210.07) lat (ms,95%): 121.08 err/s: 0.00 reconn/s: 0.00
[ 126s ] thds: 1536 tps: 13576.21 qps: 217418.28 (r/w/o: 190264.87/0.00/27153.41) lat (ms,95%): 121.08 err/s: 0.00 reconn/s: 0.00
[ 127s ] thds: 1536 tps: 13590.90 qps: 217579.45 (r/w/o: 190391.65/0.00/27187.81) lat (ms,95%): 121.08 err/s: 0.00 reconn/s: 0.00
[ 128s ] thds: 1536 tps: 13589.93 qps: 217507.81 (r/w/o: 190318.96/0.00/27188.85) lat (ms,95%): 123.28 err/s: 0.00 reconn/s: 0.00
[ 129s ] thds: 1536 tps: 13610.55 qps: 217556.78 (r/w/o: 190332.68/0.00/27224.09) lat (ms,95%): 123.28 err/s: 0.00 reconn/s: 0.00
[ 130s ] thds: 1536 tps: 13578.32 qps: 217485.15 (r/w/o: 190337.50/0.00/27147.65) lat (ms,95%): 125.52 err/s: 0.00 reconn/s: 0.00
[ 131s ] thds: 1536 tps: 13584.07 qps: 217452.07 (r/w/o: 190276.94/0.00/27175.13) lat (ms,95%): 123.28 err/s: 0.00 reconn/s: 0.00
[ 132s ] thds: 1536 tps: 13620.30 qps: 217693.78 (r/w/o: 190458.18/0.00/27235.60) lat (ms,95%): 123.28 err/s: 0.00 reconn/s: 0.00
[ 133s ] thds: 1536 tps: 13608.73 qps: 217188.54 (r/w/o: 189971.09/0.00/27217.45) lat (ms,95%): 123.28 err/s: 0.00 reconn/s: 0.00
[ 134s ] thds: 1536 tps: 16620.23 qps: 266607.40 (r/w/o: 233364.95/0.00/33242.45) lat (ms,95%): 493.24 err/s: 0.00 reconn/s: 0.00
[ 135s ] thds: 1536 tps: 13599.82 qps: 217476.13 (r/w/o: 190281.49/0.00/27194.64) lat (ms,95%): 121.08 err/s: 0.00 reconn/s: 0.00
[ 136s ] thds: 1536 tps: 13579.07 qps: 217616.12 (r/w/o: 190445.98/0.00/27170.13) lat (ms,95%): 121.08 err/s: 0.00 reconn/s: 0.00
[ 137s ] thds: 1536 tps: 13616.94 qps: 217456.12 (r/w/o: 190240.23/0.00/27215.89) lat (ms,95%): 121.08 err/s: 0.00 reconn/s: 0.00
[ 138s ] thds: 1536 tps: 13585.93 qps: 217538.89 (r/w/o: 190353.02/0.00/27185.86) lat (ms,95%): 121.08 err/s: 0.00 reconn/s: 0.00
[ 139s ] thds: 1536 tps: 16154.48 qps: 259122.75 (r/w/o: 226815.79/0.00/32306.96) lat (ms,95%): 282.25 err/s: 0.00 reconn/s: 0.00
[ 140s ] thds: 1536 tps: 14115.09 qps: 225336.45 (r/w/o: 197113.28/0.00/28223.18) lat (ms,95%): 467.30 err/s: 0.00 reconn/s: 0.00
[ 141s ] thds: 1536 tps: 13613.48 qps: 217541.67 (r/w/o: 190311.71/0.00/27229.96) lat (ms,95%): 123.28 err/s: 0.00 reconn/s: 0.00
[ 142s ] thds: 1536 tps: 13593.76 qps: 217570.12 (r/w/o: 190376.61/0.00/27193.52) lat (ms,95%): 123.28 err/s: 0.00 reconn/s: 0.00
[ 143s ] thds: 1536 tps: 13588.90 qps: 217527.38 (r/w/o: 190364.58/0.00/27162.80) lat (ms,95%): 121.08 err/s: 0.00 reconn/s: 0.00
[ 144s ] thds: 1536 tps: 13600.03 qps: 217447.49 (r/w/o: 190248.43/0.00/27199.06) lat (ms,95%): 121.08 err/s: 0.00 reconn/s: 0.00
[ 145s ] thds: 1536 tps: 13585.58 qps: 217585.39 (r/w/o: 190401.22/0.00/27184.17) lat (ms,95%): 125.52 err/s: 0.00 reconn/s: 0.00
[ 146s ] thds: 1536 tps: 13600.81 qps: 217431.93 (r/w/o: 190236.32/0.00/27195.62) lat (ms,95%): 125.52 err/s: 0.00 reconn/s: 0.00
[ 147s ] thds: 1536 tps: 13594.52 qps: 217435.26 (r/w/o: 190250.23/0.00/27185.03) lat (ms,95%): 123.28 err/s: 0.00 reconn/s: 0.00
[ 148s ] thds: 1536 tps: 13594.73 qps: 217586.61 (r/w/o: 190393.16/0.00/27193.45) lat (ms,95%): 123.28 err/s: 0.00 reconn/s: 0.00
[ 149s ] thds: 1536 tps: 13595.83 qps: 217400.30 (r/w/o: 190203.64/0.00/27196.66) lat (ms,95%): 123.28 err/s: 0.00 reconn/s: 0.00
[ 150s ] thds: 1536 tps: 13609.59 qps: 217975.41 (r/w/o: 190752.23/0.00/27223.18) lat (ms,95%): 123.28 err/s: 0.00 reconn/s: 0.00
[ 151s ] thds: 1536 tps: 13595.54 qps: 217523.72 (r/w/o: 190327.63/0.00/27196.09) lat (ms,95%): 123.28 err/s: 0.00 reconn/s: 0.00
[ 152s ] thds: 1536 tps: 13589.25 qps: 217305.97 (r/w/o: 190125.47/0.00/27180.49) lat (ms,95%): 121.08 err/s: 0.00 reconn/s: 0.00
[ 153s ] thds: 1536 tps: 13596.39 qps: 217501.19 (r/w/o: 190329.42/0.00/27171.77) lat (ms,95%): 123.28 err/s: 0.00 reconn/s: 0.00
[ 154s ] thds: 1536 tps: 16636.08 qps: 266318.21 (r/w/o: 233034.06/0.00/33284.15) lat (ms,95%): 467.30 err/s: 0.00 reconn/s: 0.00
[ 155s ] thds: 1536 tps: 13616.46 qps: 217659.28 (r/w/o: 190435.37/0.00/27223.91) lat (ms,95%): 125.52 err/s: 0.00 reconn/s: 0.00
[ 156s ] thds: 1536 tps: 13590.98 qps: 217467.74 (r/w/o: 190284.77/0.00/27182.97) lat (ms,95%): 123.28 err/s: 0.00 reconn/s: 0.00
[ 157s ] thds: 1536 tps: 13557.73 qps: 217212.57 (r/w/o: 190089.11/0.00/27123.46) lat (ms,95%): 123.28 err/s: 0.00 reconn/s: 0.00
[ 158s ] thds: 1536 tps: 10924.17 qps: 171118.99 (r/w/o: 149241.64/0.00/21877.35) lat (ms,95%): 303.33 err/s: 0.00 reconn/s: 0.00
[ 159s ] thds: 1536 tps: 8114.60 qps: 129713.58 (r/w/o: 113483.38/0.00/16230.20) lat (ms,95%): 344.08 err/s: 0.00 reconn/s: 0.00
[ 160s ] thds: 1536 tps: 8098.64 qps: 129760.28 (r/w/o: 113562.00/0.00/16198.29) lat (ms,95%): 337.94 err/s: 0.00 reconn/s: 0.00
[ 161s ] thds: 1536 tps: 8187.08 qps: 131039.31 (r/w/o: 114665.14/0.00/16374.16) lat (ms,95%): 331.91 err/s: 0.00 reconn/s: 0.00
[ 162s ] thds: 1536 tps: 8338.67 qps: 132993.65 (r/w/o: 116318.31/0.00/16675.34) lat (ms,95%): 331.91 err/s: 0.00 reconn/s: 0.00
[ 163s ] thds: 1536 tps: 8159.94 qps: 130748.08 (r/w/o: 114426.19/0.00/16321.89) lat (ms,95%): 331.91 err/s: 0.00 reconn/s: 0.00
[ 164s ] thds: 1536 tps: 8331.12 qps: 133624.95 (r/w/o: 116965.70/0.00/16659.25) lat (ms,95%): 331.91 err/s: 0.00 reconn/s: 0.00
[ 165s ] thds: 1536 tps: 8224.77 qps: 131413.22 (r/w/o: 114960.69/0.00/16452.53) lat (ms,95%): 331.91 err/s: 0.00 reconn/s: 0.00
[ 166s ] thds: 1536 tps: 8232.95 qps: 131647.14 (r/w/o: 115181.25/0.00/16465.89) lat (ms,95%): 331.91 err/s: 0.00 reconn/s: 0.00
[ 167s ] thds: 1536 tps: 8345.09 qps: 133382.44 (r/w/o: 116692.26/0.00/16690.18) lat (ms,95%): 331.91 err/s: 0.00 reconn/s: 0.00
[ 168s ] thds: 1536 tps: 8044.83 qps: 128739.36 (r/w/o: 112649.69/0.00/16089.67) lat (ms,95%): 331.91 err/s: 0.00 reconn/s: 0.00
[ 169s ] thds: 1536 tps: 8373.11 qps: 134282.72 (r/w/o: 117539.51/0.00/16743.22) lat (ms,95%): 331.91 err/s: 0.00 reconn/s: 0.00
[ 170s ] thds: 1536 tps: 8002.08 qps: 127971.30 (r/w/o: 111965.14/0.00/16006.16) lat (ms,95%): 337.94 err/s: 0.00 reconn/s: 0.00
[ 171s ] thds: 1536 tps: 8240.98 qps: 131579.66 (r/w/o: 115098.69/0.00/16480.97) lat (ms,95%): 331.91 err/s: 0.00 reconn/s: 0.00
[ 172s ] thds: 1536 tps: 8148.13 qps: 130536.12 (r/w/o: 114238.85/0.00/16297.27) lat (ms,95%): 331.91 err/s: 0.00 reconn/s: 0.00
[ 173s ] thds: 1536 tps: 8377.83 qps: 134256.34 (r/w/o: 117501.68/0.00/16754.67) lat (ms,95%): 331.91 err/s: 0.00 reconn/s: 0.00
[ 174s ] thds: 1536 tps: 8174.49 qps: 130258.94 (r/w/o: 113907.95/0.00/16350.99) lat (ms,95%): 331.91 err/s: 0.00 reconn/s: 0.00
[ 175s ] thds: 1536 tps: 8121.37 qps: 130205.94 (r/w/o: 113964.19/0.00/16241.74) lat (ms,95%): 331.91 err/s: 0.00 reconn/s: 0.00
[ 176s ] thds: 1536 tps: 8323.03 qps: 133137.49 (r/w/o: 116491.43/0.00/16646.06) lat (ms,95%): 331.91 err/s: 0.00 reconn/s: 0.00
[ 177s ] thds: 1536 tps: 8308.31 qps: 133273.94 (r/w/o: 116656.32/0.00/16617.62) lat (ms,95%): 337.94 err/s: 0.00 reconn/s: 0.00
[ 178s ] thds: 1536 tps: 8444.18 qps: 134985.95 (r/w/o: 118100.59/0.00/16885.37) lat (ms,95%): 331.91 err/s: 0.00 reconn/s: 0.00
[ 179s ] thds: 1536 tps: 8176.29 qps: 130741.63 (r/w/o: 114387.05/0.00/16354.58) lat (ms,95%): 331.91 err/s: 0.00 reconn/s: 0.00
[ 180s ] thds: 1536 tps: 8310.49 qps: 132913.86 (r/w/o: 116291.88/0.00/16621.98) lat (ms,95%): 331.91 err/s: 0.00 reconn/s: 0.00
[ 181s ] thds: 1536 tps: 8262.52 qps: 132284.23 (r/w/o: 115760.20/0.00/16524.03) lat (ms,95%): 331.91 err/s: 0.00 reconn/s: 0.00
[ 182s ] thds: 1536 tps: 8506.15 qps: 136061.40 (r/w/o: 119048.10/0.00/17013.30) lat (ms,95%): 331.91 err/s: 0.00 reconn/s: 0.00
[ 183s ] thds: 1536 tps: 8197.37 qps: 131092.89 (r/w/o: 114700.15/0.00/16392.74) lat (ms,95%): 331.91 err/s: 0.00 reconn/s: 0.00
[ 184s ] thds: 1536 tps: 8544.77 qps: 136509.26 (r/w/o: 119418.72/0.00/17090.53) lat (ms,95%): 331.91 err/s: 0.00 reconn/s: 0.00
[ 185s ] thds: 1536 tps: 8334.32 qps: 133398.19 (r/w/o: 116728.54/0.00/16669.65) lat (ms,95%): 331.91 err/s: 0.00 reconn/s: 0.00
[ 186s ] thds: 1536 tps: 8008.83 qps: 128649.27 (r/w/o: 112631.61/0.00/16017.66) lat (ms,95%): 331.91 err/s: 0.00 reconn/s: 0.00
[ 187s ] thds: 1536 tps: 8249.72 qps: 131491.43 (r/w/o: 114993.00/0.00/16498.43) lat (ms,95%): 331.91 err/s: 0.00 reconn/s: 0.00
[ 188s ] thds: 1536 tps: 8310.37 qps: 133548.84 (r/w/o: 116928.09/0.00/16620.74) lat (ms,95%): 331.91 err/s: 0.00 reconn/s: 0.00
[ 189s ] thds: 1536 tps: 8271.14 qps: 131746.25 (r/w/o: 115203.97/0.00/16542.28) lat (ms,95%): 331.91 err/s: 0.00 reconn/s: 0.00
[ 190s ] thds: 1536 tps: 8364.53 qps: 134260.55 (r/w/o: 117530.49/0.00/16730.07) lat (ms,95%): 331.91 err/s: 0.00 reconn/s: 0.00
[ 191s ] thds: 1536 tps: 11527.38 qps: 187555.17 (r/w/o: 164536.41/0.00/23018.76) lat (ms,95%): 356.70 err/s: 0.00 reconn/s: 0.00
[ 192s ] thds: 1536 tps: 13574.62 qps: 217233.92 (r/w/o: 190089.68/0.00/27144.24) lat (ms,95%): 121.08 err/s: 0.00 reconn/s: 0.00
[ 193s ] thds: 1536 tps: 13578.29 qps: 217233.68 (r/w/o: 190077.10/0.00/27156.59) lat (ms,95%): 123.28 err/s: 0.00 reconn/s: 0.00
[ 194s ] thds: 1536 tps: 13566.43 qps: 217066.86 (r/w/o: 189931.00/0.00/27135.86) lat (ms,95%): 125.52 err/s: 0.00 reconn/s: 0.00
[ 195s ] thds: 1536 tps: 13535.36 qps: 216505.67 (r/w/o: 189436.96/0.00/27068.71) lat (ms,95%): 125.52 err/s: 0.00 reconn/s: 0.00
[ 196s ] thds: 1536 tps: 13542.73 qps: 216724.65 (r/w/o: 189632.19/0.00/27092.46) lat (ms,95%): 123.28 err/s: 0.00 reconn/s: 0.00
[ 197s ] thds: 1536 tps: 13537.50 qps: 216834.96 (r/w/o: 189761.97/0.00/27072.99) lat (ms,95%): 125.52 err/s: 0.00 reconn/s: 0.00
[ 198s ] thds: 1536 tps: 13564.41 qps: 216993.51 (r/w/o: 189873.70/0.00/27119.81) lat (ms,95%): 123.28 err/s: 0.00 reconn/s: 0.00
[ 199s ] thds: 1536 tps: 13561.40 qps: 217019.40 (r/w/o: 189885.60/0.00/27133.80) lat (ms,95%): 123.28 err/s: 0.00 reconn/s: 0.00
[ 200s ] thds: 1536 tps: 13564.64 qps: 217131.19 (r/w/o: 189998.91/0.00/27132.28) lat (ms,95%): 121.08 err/s: 0.00 reconn/s: 0.00
[ 201s ] thds: 1536 tps: 13591.36 qps: 217137.67 (r/w/o: 189958.96/0.00/27178.72) lat (ms,95%): 121.08 err/s: 0.00 reconn/s: 0.00
[ 202s ] thds: 1536 tps: 13558.89 qps: 217201.30 (r/w/o: 190084.51/0.00/27116.79) lat (ms,95%): 123.28 err/s: 0.00 reconn/s: 0.00
[ 203s ] thds: 1536 tps: 13575.78 qps: 217256.50 (r/w/o: 190102.94/0.00/27153.56) lat (ms,95%): 123.28 err/s: 0.00 reconn/s: 0.00
[ 204s ] thds: 1536 tps: 13567.24 qps: 217058.89 (r/w/o: 189921.41/0.00/27137.49) lat (ms,95%): 123.28 err/s: 0.00 reconn/s: 0.00
[ 205s ] thds: 1536 tps: 13586.99 qps: 217329.82 (r/w/o: 190153.84/0.00/27175.98) lat (ms,95%): 121.08 err/s: 0.00 reconn/s: 0.00
[ 206s ] thds: 1536 tps: 13560.11 qps: 217100.72 (r/w/o: 189986.51/0.00/27114.22) lat (ms,95%): 123.28 err/s: 0.00 reconn/s: 0.00
[ 207s ] thds: 1536 tps: 13591.39 qps: 217132.30 (r/w/o: 189953.51/0.00/27178.79) lat (ms,95%): 125.52 err/s: 0.00 reconn/s: 0.00
[ 208s ] thds: 1536 tps: 13569.28 qps: 217262.39 (r/w/o: 190124.83/0.00/27137.55) lat (ms,95%): 123.28 err/s: 0.00 reconn/s: 0.00
[ 209s ] thds: 1536 tps: 13582.86 qps: 217155.78 (r/w/o: 189994.05/0.00/27161.73) lat (ms,95%): 123.28 err/s: 0.00 reconn/s: 0.00
[ 210s ] thds: 1536 tps: 15643.96 qps: 249186.40 (r/w/o: 217901.48/0.00/31284.93) lat (ms,95%): 211.60 err/s: 0.00 reconn/s: 0.00
[ 211s ] thds: 1536 tps: 14587.89 qps: 234632.23 (r/w/o: 205446.45/0.00/29185.78) lat (ms,95%): 520.62 err/s: 0.00 reconn/s: 0.00
[ 212s ] thds: 1536 tps: 13586.76 qps: 217502.14 (r/w/o: 190322.62/0.00/27179.52) lat (ms,95%): 127.81 err/s: 0.00 reconn/s: 0.00
[ 213s ] thds: 1536 tps: 13584.45 qps: 217305.28 (r/w/o: 190143.37/0.00/27161.91) lat (ms,95%): 123.28 err/s: 0.00 reconn/s: 0.00
[ 214s ] thds: 1536 tps: 13580.52 qps: 217456.34 (r/w/o: 190294.30/0.00/27162.04) lat (ms,95%): 123.28 err/s: 0.00 reconn/s: 0.00
[ 215s ] thds: 1536 tps: 13591.88 qps: 217318.12 (r/w/o: 190141.35/0.00/27176.77) lat (ms,95%): 123.28 err/s: 0.00 reconn/s: 0.00
[ 216s ] thds: 1536 tps: 13597.98 qps: 217271.71 (r/w/o: 190060.74/0.00/27210.96) lat (ms,95%): 125.52 err/s: 0.00 reconn/s: 0.00
[ 217s ] thds: 1536 tps: 13572.24 qps: 217323.85 (r/w/o: 190184.37/0.00/27139.48) lat (ms,95%): 123.28 err/s: 0.00 reconn/s: 0.00
[ 218s ] thds: 1536 tps: 13569.70 qps: 217345.24 (r/w/o: 190201.83/0.00/27143.40) lat (ms,95%): 123.28 err/s: 0.00 reconn/s: 0.00
[ 219s ] thds: 1536 tps: 13602.78 qps: 217443.48 (r/w/o: 190251.92/0.00/27191.56) lat (ms,95%): 123.28 err/s: 0.00 reconn/s: 0.00
[ 220s ] thds: 1536 tps: 13565.47 qps: 217319.37 (r/w/o: 190176.44/0.00/27142.93) lat (ms,95%): 123.28 err/s: 0.00 reconn/s: 0.00
[ 221s ] thds: 1536 tps: 13590.45 qps: 217378.15 (r/w/o: 190202.25/0.00/27175.89) lat (ms,95%): 123.28 err/s: 0.00 reconn/s: 0.00
[ 222s ] thds: 1536 tps: 13581.82 qps: 217329.18 (r/w/o: 190158.53/0.00/27170.65) lat (ms,95%): 123.28 err/s: 0.00 reconn/s: 0.00
[ 223s ] thds: 1536 tps: 13596.81 qps: 217417.92 (r/w/o: 190223.30/0.00/27194.61) lat (ms,95%): 123.28 err/s: 0.00 reconn/s: 0.00
[ 224s ] thds: 1536 tps: 13580.00 qps: 217234.01 (r/w/o: 190079.01/0.00/27155.00) lat (ms,95%): 123.28 err/s: 0.00 reconn/s: 0.00
[ 225s ] thds: 1536 tps: 13620.87 qps: 217143.95 (r/w/o: 189902.21/0.00/27241.74) lat (ms,95%): 123.28 err/s: 0.00 reconn/s: 0.00
[ 226s ] thds: 1536 tps: 10384.14 qps: 163307.50 (r/w/o: 142506.22/0.00/20801.28) lat (ms,95%): 287.38 err/s: 0.00 reconn/s: 0.00
[ 227s ] thds: 1536 tps: 8552.66 qps: 137201.61 (r/w/o: 120096.28/0.00/17105.32) lat (ms,95%): 337.94 err/s: 0.00 reconn/s: 0.00
[ 228s ] thds: 1536 tps: 11301.58 qps: 184071.84 (r/w/o: 161504.68/0.00/22567.16) lat (ms,95%): 320.17 err/s: 0.00 reconn/s: 0.00
[ 229s ] thds: 1536 tps: 13588.94 qps: 217380.03 (r/w/o: 190210.15/0.00/27169.88) lat (ms,95%): 121.08 err/s: 0.00 reconn/s: 0.00
[ 230s ] thds: 1536 tps: 13567.82 qps: 217286.13 (r/w/o: 190137.49/0.00/27148.64) lat (ms,95%): 121.08 err/s: 0.00 reconn/s: 0.00
[ 231s ] thds: 1536 tps: 13575.63 qps: 217243.06 (r/w/o: 190087.80/0.00/27155.26) lat (ms,95%): 123.28 err/s: 0.00 reconn/s: 0.00
[ 232s ] thds: 1536 tps: 13577.41 qps: 217191.62 (r/w/o: 190039.79/0.00/27151.83) lat (ms,95%): 123.28 err/s: 0.00 reconn/s: 0.00
[ 233s ] thds: 1536 tps: 13585.03 qps: 217108.61 (r/w/o: 189938.54/0.00/27170.07) lat (ms,95%): 123.28 err/s: 0.00 reconn/s: 0.00
[ 234s ] thds: 1536 tps: 13554.98 qps: 217174.74 (r/w/o: 190059.77/0.00/27114.96) lat (ms,95%): 123.28 err/s: 0.00 reconn/s: 0.00
[ 235s ] thds: 1536 tps: 13569.16 qps: 217168.63 (r/w/o: 190045.31/0.00/27123.33) lat (ms,95%): 123.28 err/s: 0.00 reconn/s: 0.00
[ 236s ] thds: 1536 tps: 13596.68 qps: 217240.81 (r/w/o: 190037.45/0.00/27203.36) lat (ms,95%): 123.28 err/s: 0.00 reconn/s: 0.00
[ 237s ] thds: 1536 tps: 13560.68 qps: 217124.82 (r/w/o: 190003.47/0.00/27121.35) lat (ms,95%): 123.28 err/s: 0.00 reconn/s: 0.00
[ 238s ] thds: 1536 tps: 13571.96 qps: 217260.32 (r/w/o: 190114.40/0.00/27145.91) lat (ms,95%): 123.28 err/s: 0.00 reconn/s: 0.00
[ 239s ] thds: 1536 tps: 13574.07 qps: 217305.11 (r/w/o: 190153.97/0.00/27151.14) lat (ms,95%): 125.52 err/s: 0.00 reconn/s: 0.00
[ 240s ] thds: 1536 tps: 13610.05 qps: 217248.78 (r/w/o: 190050.68/0.00/27198.10) lat (ms,95%): 123.28 err/s: 0.00 reconn/s: 0.00
[ 241s ] thds: 1536 tps: 13559.61 qps: 217175.78 (r/w/o: 190045.56/0.00/27130.22) lat (ms,95%): 127.81 err/s: 0.00 reconn/s: 0.00
[ 242s ] thds: 1536 tps: 13574.14 qps: 217290.23 (r/w/o: 190137.95/0.00/27152.28) lat (ms,95%): 123.28 err/s: 0.00 reconn/s: 0.00
[ 243s ] thds: 1536 tps: 13595.18 qps: 217325.91 (r/w/o: 190135.55/0.00/27190.35) lat (ms,95%): 123.28 err/s: 0.00 reconn/s: 0.00
[ 244s ] thds: 1536 tps: 13573.44 qps: 217204.10 (r/w/o: 190065.22/0.00/27138.88) lat (ms,95%): 121.08 err/s: 0.00 reconn/s: 0.00
[ 245s ] thds: 1536 tps: 13567.89 qps: 217285.21 (r/w/o: 190141.43/0.00/27143.78) lat (ms,95%): 123.28 err/s: 0.00 reconn/s: 0.00
[ 246s ] thds: 1536 tps: 13580.53 qps: 217225.56 (r/w/o: 190071.49/0.00/27154.07) lat (ms,95%): 123.28 err/s: 0.00 reconn/s: 0.00
[ 247s ] thds: 1536 tps: 13571.65 qps: 217267.43 (r/w/o: 190120.13/0.00/27147.30) lat (ms,95%): 123.28 err/s: 0.00 reconn/s: 0.00
[ 248s ] thds: 1536 tps: 13566.42 qps: 217239.78 (r/w/o: 190102.94/0.00/27136.85) lat (ms,95%): 123.28 err/s: 0.00 reconn/s: 0.00
[ 249s ] thds: 1536 tps: 13619.88 qps: 217377.04 (r/w/o: 190136.28/0.00/27240.75) lat (ms,95%): 125.52 err/s: 0.00 reconn/s: 0.00
[ 250s ] thds: 1536 tps: 13560.87 qps: 217262.90 (r/w/o: 190148.16/0.00/27114.74) lat (ms,95%): 125.52 err/s: 0.00 reconn/s: 0.00
[ 251s ] thds: 1536 tps: 13589.69 qps: 217294.13 (r/w/o: 190116.74/0.00/27177.39) lat (ms,95%): 123.28 err/s: 0.00 reconn/s: 0.00
[ 252s ] thds: 1536 tps: 13586.25 qps: 217295.97 (r/w/o: 190119.48/0.00/27176.50) lat (ms,95%): 125.52 err/s: 0.00 reconn/s: 0.00
[ 253s ] thds: 1536 tps: 13553.54 qps: 216891.58 (r/w/o: 189787.51/0.00/27104.07) lat (ms,95%): 123.28 err/s: 0.00 reconn/s: 0.00
[ 254s ] thds: 1536 tps: 16583.22 qps: 265633.54 (r/w/o: 232459.10/0.00/33174.44) lat (ms,95%): 475.79 err/s: 0.00 reconn/s: 0.00
[ 255s ] thds: 1536 tps: 13616.41 qps: 217556.56 (r/w/o: 190340.74/0.00/27215.82) lat (ms,95%): 125.52 err/s: 0.00 reconn/s: 0.00
[ 256s ] thds: 1536 tps: 13578.78 qps: 217322.43 (r/w/o: 190155.88/0.00/27166.55) lat (ms,95%): 121.08 err/s: 0.00 reconn/s: 0.00
[ 257s ] thds: 1536 tps: 13581.04 qps: 217256.66 (r/w/o: 190099.57/0.00/27157.08) lat (ms,95%): 125.52 err/s: 0.00 reconn/s: 0.00
[ 258s ] thds: 1536 tps: 13574.53 qps: 217440.44 (r/w/o: 190281.39/0.00/27159.06) lat (ms,95%): 123.28 err/s: 0.00 reconn/s: 0.00
[ 259s ] thds: 1536 tps: 13597.56 qps: 217381.96 (r/w/o: 190187.84/0.00/27194.12) lat (ms,95%): 123.28 err/s: 0.00 reconn/s: 0.00
[ 260s ] thds: 1536 tps: 13605.50 qps: 217412.04 (r/w/o: 190205.04/0.00/27207.00) lat (ms,95%): 123.28 err/s: 0.00 reconn/s: 0.00
[ 261s ] thds: 1536 tps: 13564.60 qps: 217402.60 (r/w/o: 190265.40/0.00/27137.20) lat (ms,95%): 125.52 err/s: 0.00 reconn/s: 0.00
[ 262s ] thds: 1536 tps: 16009.01 qps: 255906.23 (r/w/o: 223886.20/0.00/32020.03) lat (ms,95%): 257.95 err/s: 0.00 reconn/s: 0.00
[ 263s ] thds: 1536 tps: 14220.49 qps: 227813.88 (r/w/o: 199384.89/0.00/28428.99) lat (ms,95%): 511.33 err/s: 0.00 reconn/s: 0.00
[ 264s ] thds: 1536 tps: 13591.05 qps: 217408.85 (r/w/o: 190221.75/0.00/27187.10) lat (ms,95%): 121.08 err/s: 0.00 reconn/s: 0.00
[ 265s ] thds: 1536 tps: 13570.50 qps: 217031.94 (r/w/o: 189892.94/0.00/27138.99) lat (ms,95%): 121.08 err/s: 0.00 reconn/s: 0.00
[ 266s ] thds: 1536 tps: 11422.17 qps: 179383.11 (r/w/o: 156501.76/0.00/22881.35) lat (ms,95%): 314.45 err/s: 0.00 reconn/s: 0.00
[ 267s ] thds: 1536 tps: 8789.00 qps: 140478.97 (r/w/o: 122901.98/0.00/17576.99) lat (ms,95%): 337.94 err/s: 0.00 reconn/s: 0.00
[ 268s ] thds: 1536 tps: 8386.51 qps: 134119.17 (r/w/o: 117345.15/0.00/16774.02) lat (ms,95%): 331.91 err/s: 0.00 reconn/s: 0.00
[ 269s ] thds: 1536 tps: 8529.27 qps: 136310.36 (r/w/o: 119251.81/0.00/17058.54) lat (ms,95%): 337.94 err/s: 0.00 reconn/s: 0.00
[ 270s ] thds: 1536 tps: 8618.07 qps: 137968.10 (r/w/o: 120733.96/0.00/17234.13) lat (ms,95%): 337.94 err/s: 0.00 reconn/s: 0.00
[ 271s ] thds: 1536 tps: 8307.91 qps: 132776.55 (r/w/o: 116159.73/0.00/16616.82) lat (ms,95%): 331.91 err/s: 0.00 reconn/s: 0.00
[ 272s ] thds: 1536 tps: 13550.64 qps: 220774.88 (r/w/o: 193705.59/0.00/27069.29) lat (ms,95%): 363.18 err/s: 0.00 reconn/s: 0.00
[ 273s ] thds: 1536 tps: 13604.70 qps: 217388.19 (r/w/o: 190183.79/0.00/27204.40) lat (ms,95%): 123.28 err/s: 0.00 reconn/s: 0.00
[ 274s ] thds: 1536 tps: 13571.11 qps: 217143.80 (r/w/o: 189995.57/0.00/27148.22) lat (ms,95%): 125.52 err/s: 0.00 reconn/s: 0.00
[ 275s ] thds: 1536 tps: 13572.95 qps: 217149.25 (r/w/o: 190010.35/0.00/27138.91) lat (ms,95%): 125.52 err/s: 0.00 reconn/s: 0.00
[ 276s ] thds: 1536 tps: 13575.01 qps: 217157.21 (r/w/o: 190006.19/0.00/27151.03) lat (ms,95%): 123.28 err/s: 0.00 reconn/s: 0.00
[ 277s ] thds: 1536 tps: 13542.64 qps: 217060.21 (r/w/o: 189968.93/0.00/27091.28) lat (ms,95%): 123.28 err/s: 0.00 reconn/s: 0.00
[ 278s ] thds: 1536 tps: 13571.05 qps: 217040.74 (r/w/o: 189907.64/0.00/27133.09) lat (ms,95%): 127.81 err/s: 0.00 reconn/s: 0.00
[ 279s ] thds: 1536 tps: 13563.97 qps: 217087.55 (r/w/o: 189954.61/0.00/27132.94) lat (ms,95%): 127.81 err/s: 0.00 reconn/s: 0.00
[ 280s ] thds: 1536 tps: 13576.26 qps: 217092.12 (r/w/o: 189931.61/0.00/27160.51) lat (ms,95%): 125.52 err/s: 0.00 reconn/s: 0.00
[ 281s ] thds: 1536 tps: 13575.70 qps: 217137.14 (r/w/o: 189986.74/0.00/27150.39) lat (ms,95%): 123.28 err/s: 0.00 reconn/s: 0.00
[ 282s ] thds: 1536 tps: 13577.42 qps: 217143.79 (r/w/o: 189991.94/0.00/27151.85) lat (ms,95%): 125.52 err/s: 0.00 reconn/s: 0.00
[ 283s ] thds: 1536 tps: 13563.27 qps: 217244.30 (r/w/o: 190122.77/0.00/27121.54) lat (ms,95%): 123.28 err/s: 0.00 reconn/s: 0.00
[ 284s ] thds: 1536 tps: 13580.46 qps: 217169.30 (r/w/o: 190001.39/0.00/27167.91) lat (ms,95%): 121.08 err/s: 0.00 reconn/s: 0.00
[ 285s ] thds: 1536 tps: 13570.17 qps: 217289.69 (r/w/o: 190149.36/0.00/27140.34) lat (ms,95%): 121.08 err/s: 0.00 reconn/s: 0.00
[ 286s ] thds: 1536 tps: 13569.10 qps: 217135.57 (r/w/o: 190003.38/0.00/27132.20) lat (ms,95%): 123.28 err/s: 0.00 reconn/s: 0.00
[ 287s ] thds: 1536 tps: 13571.57 qps: 217147.07 (r/w/o: 190005.93/0.00/27141.13) lat (ms,95%): 121.08 err/s: 0.00 reconn/s: 0.00
[ 288s ] thds: 1536 tps: 13594.12 qps: 217243.96 (r/w/o: 190055.71/0.00/27188.24) lat (ms,95%): 123.28 err/s: 0.00 reconn/s: 0.00
[ 289s ] thds: 1536 tps: 13567.33 qps: 217189.33 (r/w/o: 190058.67/0.00/27130.66) lat (ms,95%): 123.28 err/s: 0.00 reconn/s: 0.00
[ 290s ] thds: 1536 tps: 10470.69 qps: 164109.12 (r/w/o: 143126.74/0.00/20982.38) lat (ms,95%): 282.25 err/s: 0.00 reconn/s: 0.00
[ 291s ] thds: 1536 tps: 8669.23 qps: 138402.70 (r/w/o: 121064.24/0.00/17338.46) lat (ms,95%): 331.91 err/s: 0.00 reconn/s: 0.00
[ 292s ] thds: 1536 tps: 8247.44 qps: 132113.09 (r/w/o: 115619.20/0.00/16493.89) lat (ms,95%): 337.94 err/s: 0.00 reconn/s: 0.00
[ 293s ] thds: 1536 tps: 8592.03 qps: 137565.55 (r/w/o: 120383.48/0.00/17182.07) lat (ms,95%): 325.98 err/s: 0.00 reconn/s: 0.00
[ 294s ] thds: 1536 tps: 8346.02 qps: 133380.43 (r/w/o: 116684.39/0.00/16696.05) lat (ms,95%): 331.91 err/s: 0.00 reconn/s: 0.00
[ 295s ] thds: 1536 tps: 8365.93 qps: 133911.89 (r/w/o: 117184.03/0.00/16727.86) lat (ms,95%): 331.91 err/s: 0.00 reconn/s: 0.00
[ 296s ] thds: 1536 tps: 8542.53 qps: 136810.61 (r/w/o: 119722.54/0.00/17088.07) lat (ms,95%): 331.91 err/s: 0.00 reconn/s: 0.00
[ 297s ] thds: 1536 tps: 8289.22 qps: 132418.51 (r/w/o: 115841.08/0.00/16577.44) lat (ms,95%): 331.91 err/s: 0.00 reconn/s: 0.00
[ 298s ] thds: 1536 tps: 8301.83 qps: 132699.27 (r/w/o: 116094.61/0.00/16604.66) lat (ms,95%): 325.98 err/s: 0.00 reconn/s: 0.00
[ 299s ] thds: 1536 tps: 8530.23 qps: 136593.66 (r/w/o: 119533.20/0.00/17060.46) lat (ms,95%): 331.91 err/s: 0.00 reconn/s: 0.00
[ 300s ] thds: 1536 tps: 8347.72 qps: 133030.31 (r/w/o: 116533.58/0.00/16496.73) lat (ms,95%): 331.91 err/s: 0.00 reconn/s: 0.00
SQL statistics:
    queries performed:
        read:                            53967326
        write:                           0
        other:                           7709618
        total:                           61676944
    transactions:                        3854809 (12833.01 per sec.)
    queries:                             61676944 (205328.21 per sec.)
    ignored errors:                      0      (0.00 per sec.)
    reconnects:                          0      (0.00 per sec.)

General statistics:
    total time:                          300.3808s
    total number of events:              3854809

Latency (ms):
         min:                                    1.41
         avg:                                  119.58
         max:                                 1831.35
         95th percentile:                      223.34
         sum:                            460947966.26

Threads fairness:
    events (avg/stddev):           2509.6413/25.96
    execution time (avg/stddev):   300.0963/0.08

