sysbench 1.0.20 (using bundled LuaJIT 2.1.0-beta2)

Running the test with following options:
Number of threads: 1536
Report intermediate results every 1 second(s)
Initializing random number generator from current time


Initializing worker threads...

Threads started!

[ 1s ] thds: 1536 tps: 6715.49 qps: 119426.92 (r/w/o: 104501.23/0.00/14925.69) lat (ms,95%): 893.56 err/s: 0.00 reconn/s: 0.00
[ 2s ] thds: 1536 tps: 11912.90 qps: 193960.02 (r/w/o: 169930.25/0.00/24029.77) lat (ms,95%): 363.18 err/s: 0.00 reconn/s: 0.00
[ 3s ] thds: 1536 tps: 12934.68 qps: 207287.81 (r/w/o: 181542.74/0.00/25745.07) lat (ms,95%): 484.44 err/s: 0.00 reconn/s: 0.00
[ 4s ] thds: 1536 tps: 17652.90 qps: 282222.65 (r/w/o: 247037.51/0.00/35185.13) lat (ms,95%): 539.71 err/s: 0.00 reconn/s: 0.00
[ 5s ] thds: 1536 tps: 13599.19 qps: 217658.38 (r/w/o: 190470.04/0.00/27188.34) lat (ms,95%): 253.35 err/s: 0.00 reconn/s: 0.00
[ 6s ] thds: 1536 tps: 13135.05 qps: 210010.89 (r/w/o: 183728.78/0.00/26282.11) lat (ms,95%): 150.29 err/s: 0.00 reconn/s: 0.00
[ 7s ] thds: 1536 tps: 13347.29 qps: 213275.59 (r/w/o: 186580.02/0.00/26695.57) lat (ms,95%): 130.13 err/s: 0.00 reconn/s: 0.00
[ 8s ] thds: 1536 tps: 15703.66 qps: 250937.52 (r/w/o: 219538.20/0.00/31399.32) lat (ms,95%): 248.83 err/s: 0.00 reconn/s: 0.00
[ 9s ] thds: 1536 tps: 14096.61 qps: 226269.77 (r/w/o: 198069.55/0.00/28200.22) lat (ms,95%): 520.62 err/s: 0.00 reconn/s: 0.00
[ 10s ] thds: 1536 tps: 13393.59 qps: 214256.43 (r/w/o: 187466.26/0.00/26790.18) lat (ms,95%): 127.81 err/s: 0.00 reconn/s: 0.00
[ 11s ] thds: 1536 tps: 15713.52 qps: 251705.43 (r/w/o: 220272.39/0.00/31433.04) lat (ms,95%): 267.41 err/s: 0.00 reconn/s: 0.00
[ 12s ] thds: 1536 tps: 13900.02 qps: 221834.40 (r/w/o: 194038.35/0.00/27796.05) lat (ms,95%): 502.20 err/s: 0.00 reconn/s: 0.00
[ 13s ] thds: 1536 tps: 16171.42 qps: 258956.76 (r/w/o: 226605.91/0.00/32350.85) lat (ms,95%): 484.44 err/s: 0.00 reconn/s: 0.00
[ 14s ] thds: 1536 tps: 13193.25 qps: 211241.02 (r/w/o: 184860.51/0.00/26380.51) lat (ms,95%): 125.52 err/s: 0.00 reconn/s: 0.00
[ 15s ] thds: 1536 tps: 13399.34 qps: 214213.37 (r/w/o: 187420.69/0.00/26792.67) lat (ms,95%): 127.81 err/s: 0.00 reconn/s: 0.00
[ 16s ] thds: 1536 tps: 13466.68 qps: 215271.92 (r/w/o: 188346.56/0.00/26925.36) lat (ms,95%): 130.13 err/s: 0.00 reconn/s: 0.00
[ 17s ] thds: 1536 tps: 13419.00 qps: 214869.98 (r/w/o: 188017.99/0.00/26852.00) lat (ms,95%): 139.85 err/s: 0.00 reconn/s: 0.00
[ 18s ] thds: 1536 tps: 13554.42 qps: 216920.77 (r/w/o: 189823.92/0.00/27096.85) lat (ms,95%): 127.81 err/s: 0.00 reconn/s: 0.00
[ 19s ] thds: 1536 tps: 15630.49 qps: 249080.91 (r/w/o: 217802.92/0.00/31277.98) lat (ms,95%): 204.11 err/s: 0.00 reconn/s: 0.00
[ 20s ] thds: 1536 tps: 14523.12 qps: 233408.85 (r/w/o: 204370.62/0.00/29038.23) lat (ms,95%): 520.62 err/s: 0.00 reconn/s: 0.00
[ 21s ] thds: 1536 tps: 13515.29 qps: 216419.54 (r/w/o: 189392.97/0.00/27026.58) lat (ms,95%): 127.81 err/s: 0.00 reconn/s: 0.00
[ 22s ] thds: 1536 tps: 13448.21 qps: 214831.21 (r/w/o: 187934.80/0.00/26896.41) lat (ms,95%): 137.35 err/s: 0.00 reconn/s: 0.00
[ 23s ] thds: 1536 tps: 15035.35 qps: 239250.75 (r/w/o: 209178.06/0.00/30072.69) lat (ms,95%): 158.63 err/s: 0.00 reconn/s: 0.00
[ 24s ] thds: 1536 tps: 16690.73 qps: 267498.77 (r/w/o: 234122.32/0.00/33376.46) lat (ms,95%): 484.44 err/s: 0.00 reconn/s: 0.00
[ 25s ] thds: 1536 tps: 14585.75 qps: 234363.93 (r/w/o: 205190.43/0.00/29173.49) lat (ms,95%): 520.62 err/s: 0.00 reconn/s: 0.00
[ 26s ] thds: 1536 tps: 13511.41 qps: 216485.52 (r/w/o: 189467.70/0.00/27017.82) lat (ms,95%): 127.81 err/s: 0.00 reconn/s: 0.00
[ 27s ] thds: 1536 tps: 13454.19 qps: 215153.10 (r/w/o: 188232.71/0.00/26920.39) lat (ms,95%): 137.35 err/s: 0.00 reconn/s: 0.00
[ 28s ] thds: 1536 tps: 13542.07 qps: 216227.25 (r/w/o: 189157.11/0.00/27070.14) lat (ms,95%): 127.81 err/s: 0.00 reconn/s: 0.00
[ 29s ] thds: 1536 tps: 13540.37 qps: 216892.93 (r/w/o: 189805.20/0.00/27087.73) lat (ms,95%): 123.28 err/s: 0.00 reconn/s: 0.00
[ 30s ] thds: 1536 tps: 13564.31 qps: 216921.02 (r/w/o: 189791.39/0.00/27129.62) lat (ms,95%): 121.08 err/s: 0.00 reconn/s: 0.00
[ 31s ] thds: 1536 tps: 13541.71 qps: 216745.44 (r/w/o: 189670.02/0.00/27075.43) lat (ms,95%): 123.28 err/s: 0.00 reconn/s: 0.00
[ 32s ] thds: 1536 tps: 13484.77 qps: 215899.27 (r/w/o: 188926.74/0.00/26972.53) lat (ms,95%): 130.13 err/s: 0.00 reconn/s: 0.00
[ 33s ] thds: 1536 tps: 13437.51 qps: 215064.14 (r/w/o: 188185.12/0.00/26879.02) lat (ms,95%): 139.85 err/s: 0.00 reconn/s: 0.00
[ 34s ] thds: 1536 tps: 13542.77 qps: 216539.38 (r/w/o: 189457.83/0.00/27081.55) lat (ms,95%): 127.81 err/s: 0.00 reconn/s: 0.00
[ 35s ] thds: 1536 tps: 13563.71 qps: 216918.44 (r/w/o: 189790.01/0.00/27128.43) lat (ms,95%): 127.81 err/s: 0.00 reconn/s: 0.00
[ 36s ] thds: 1536 tps: 13550.68 qps: 216936.85 (r/w/o: 189831.49/0.00/27105.36) lat (ms,95%): 130.13 err/s: 0.00 reconn/s: 0.00
[ 37s ] thds: 1536 tps: 13545.31 qps: 216703.00 (r/w/o: 189614.37/0.00/27088.62) lat (ms,95%): 130.13 err/s: 0.00 reconn/s: 0.00
[ 38s ] thds: 1536 tps: 13485.10 qps: 215601.64 (r/w/o: 188625.43/0.00/26976.21) lat (ms,95%): 130.13 err/s: 0.00 reconn/s: 0.00
[ 39s ] thds: 1536 tps: 10267.82 qps: 160573.84 (r/w/o: 140002.22/0.00/20571.62) lat (ms,95%): 297.92 err/s: 0.00 reconn/s: 0.00
[ 40s ] thds: 1536 tps: 8498.63 qps: 136245.19 (r/w/o: 119247.92/0.00/16997.27) lat (ms,95%): 337.94 err/s: 0.00 reconn/s: 0.00
[ 41s ] thds: 1536 tps: 8698.24 qps: 138957.88 (r/w/o: 121561.39/0.00/17396.49) lat (ms,95%): 337.94 err/s: 0.00 reconn/s: 0.00
[ 42s ] thds: 1536 tps: 12179.11 qps: 198201.73 (r/w/o: 173872.52/0.00/24329.21) lat (ms,95%): 331.91 err/s: 0.00 reconn/s: 0.00
[ 43s ] thds: 1536 tps: 10085.42 qps: 158351.91 (r/w/o: 138155.07/0.00/20196.84) lat (ms,95%): 383.33 err/s: 0.00 reconn/s: 0.00
[ 44s ] thds: 1536 tps: 8511.16 qps: 136257.54 (r/w/o: 119234.22/0.00/17023.32) lat (ms,95%): 337.94 err/s: 0.00 reconn/s: 0.00
[ 45s ] thds: 1536 tps: 13718.68 qps: 222884.98 (r/w/o: 195490.63/0.00/27394.35) lat (ms,95%): 303.33 err/s: 0.00 reconn/s: 0.00
[ 46s ] thds: 1536 tps: 13720.27 qps: 219244.44 (r/w/o: 191807.89/0.00/27436.55) lat (ms,95%): 147.61 err/s: 0.00 reconn/s: 0.00
[ 47s ] thds: 1536 tps: 15774.12 qps: 252896.12 (r/w/o: 221331.87/0.00/31564.25) lat (ms,95%): 257.95 err/s: 0.00 reconn/s: 0.00
[ 48s ] thds: 1536 tps: 16204.01 qps: 258935.19 (r/w/o: 226521.16/0.00/32414.02) lat (ms,95%): 458.96 err/s: 0.00 reconn/s: 0.00
[ 49s ] thds: 1536 tps: 13987.04 qps: 223827.60 (r/w/o: 195857.53/0.00/27970.08) lat (ms,95%): 502.20 err/s: 0.00 reconn/s: 0.00
[ 50s ] thds: 1536 tps: 13544.11 qps: 216916.74 (r/w/o: 189831.52/0.00/27085.22) lat (ms,95%): 123.28 err/s: 0.00 reconn/s: 0.00
[ 51s ] thds: 1536 tps: 16267.10 qps: 259743.57 (r/w/o: 227210.37/0.00/32533.20) lat (ms,95%): 363.18 err/s: 0.00 reconn/s: 0.00
[ 52s ] thds: 1536 tps: 13490.73 qps: 216278.57 (r/w/o: 189303.11/0.00/26975.46) lat (ms,95%): 257.95 err/s: 0.00 reconn/s: 0.00
[ 53s ] thds: 1536 tps: 13542.95 qps: 216531.20 (r/w/o: 189450.30/0.00/27080.90) lat (ms,95%): 123.28 err/s: 0.00 reconn/s: 0.00
[ 54s ] thds: 1536 tps: 13528.47 qps: 216864.52 (r/w/o: 189793.57/0.00/27070.94) lat (ms,95%): 121.08 err/s: 0.00 reconn/s: 0.00
[ 55s ] thds: 1536 tps: 16377.18 qps: 262588.86 (r/w/o: 229829.51/0.00/32759.36) lat (ms,95%): 308.84 err/s: 0.00 reconn/s: 0.00
[ 56s ] thds: 1536 tps: 13773.23 qps: 219663.74 (r/w/o: 192141.27/0.00/27522.47) lat (ms,95%): 450.77 err/s: 0.00 reconn/s: 0.00
[ 57s ] thds: 1536 tps: 13474.52 qps: 215627.33 (r/w/o: 188672.28/0.00/26955.04) lat (ms,95%): 132.49 err/s: 0.00 reconn/s: 0.00
[ 58s ] thds: 1536 tps: 13471.67 qps: 215643.75 (r/w/o: 188687.41/0.00/26956.34) lat (ms,95%): 130.13 err/s: 0.00 reconn/s: 0.00
[ 59s ] thds: 1536 tps: 10522.74 qps: 164511.55 (r/w/o: 143436.07/0.00/21075.48) lat (ms,95%): 292.60 err/s: 0.00 reconn/s: 0.00
[ 60s ] thds: 1536 tps: 11419.28 qps: 185439.56 (r/w/o: 162637.00/0.00/22802.56) lat (ms,95%): 337.94 err/s: 0.00 reconn/s: 0.00
[ 61s ] thds: 1536 tps: 14825.19 qps: 237835.96 (r/w/o: 208191.58/0.00/29644.37) lat (ms,95%): 350.33 err/s: 0.00 reconn/s: 0.00
[ 62s ] thds: 1536 tps: 13444.50 qps: 214849.05 (r/w/o: 187946.05/0.00/26903.00) lat (ms,95%): 139.85 err/s: 0.00 reconn/s: 0.00
[ 63s ] thds: 1536 tps: 16439.60 qps: 263227.58 (r/w/o: 230362.39/0.00/32865.19) lat (ms,95%): 467.30 err/s: 0.00 reconn/s: 0.00
[ 64s ] thds: 1536 tps: 13640.10 qps: 218426.56 (r/w/o: 191146.36/0.00/27280.19) lat (ms,95%): 153.02 err/s: 0.00 reconn/s: 0.00
[ 65s ] thds: 1536 tps: 13553.96 qps: 217011.37 (r/w/o: 189904.45/0.00/27106.92) lat (ms,95%): 121.08 err/s: 0.00 reconn/s: 0.00
[ 66s ] thds: 1536 tps: 13528.15 qps: 216451.41 (r/w/o: 189380.11/0.00/27071.30) lat (ms,95%): 123.28 err/s: 0.00 reconn/s: 0.00
[ 67s ] thds: 1536 tps: 13449.66 qps: 215156.52 (r/w/o: 188270.20/0.00/26886.31) lat (ms,95%): 132.49 err/s: 0.00 reconn/s: 0.00
[ 68s ] thds: 1536 tps: 13496.28 qps: 215774.44 (r/w/o: 188788.89/0.00/26985.56) lat (ms,95%): 130.13 err/s: 0.00 reconn/s: 0.00
[ 69s ] thds: 1536 tps: 13539.68 qps: 216654.85 (r/w/o: 189568.50/0.00/27086.36) lat (ms,95%): 123.28 err/s: 0.00 reconn/s: 0.00
[ 70s ] thds: 1536 tps: 13542.04 qps: 216765.66 (r/w/o: 189689.58/0.00/27076.08) lat (ms,95%): 123.28 err/s: 0.00 reconn/s: 0.00
[ 71s ] thds: 1536 tps: 15194.54 qps: 241231.50 (r/w/o: 210832.43/0.00/30399.07) lat (ms,95%): 144.97 err/s: 0.00 reconn/s: 0.00
[ 72s ] thds: 1536 tps: 15954.91 qps: 255403.61 (r/w/o: 223504.79/0.00/31898.83) lat (ms,95%): 493.24 err/s: 0.00 reconn/s: 0.00
[ 73s ] thds: 1536 tps: 15210.12 qps: 244827.93 (r/w/o: 214400.69/0.00/30427.24) lat (ms,95%): 502.20 err/s: 0.00 reconn/s: 0.00
[ 74s ] thds: 1536 tps: 16206.55 qps: 259452.82 (r/w/o: 227026.72/0.00/32426.10) lat (ms,95%): 450.77 err/s: 0.00 reconn/s: 0.00
[ 75s ] thds: 1536 tps: 11563.65 qps: 181567.85 (r/w/o: 158409.55/0.00/23158.30) lat (ms,95%): 320.17 err/s: 0.00 reconn/s: 0.00
[ 76s ] thds: 1536 tps: 11405.65 qps: 186017.60 (r/w/o: 163232.30/0.00/22785.30) lat (ms,95%): 344.08 err/s: 0.00 reconn/s: 0.00
[ 77s ] thds: 1536 tps: 14404.19 qps: 230648.08 (r/w/o: 201848.69/0.00/28799.39) lat (ms,95%): 277.21 err/s: 0.00 reconn/s: 0.00
[ 78s ] thds: 1536 tps: 14223.86 qps: 226284.74 (r/w/o: 197852.01/0.00/28432.73) lat (ms,95%): 130.13 err/s: 0.00 reconn/s: 0.00
[ 79s ] thds: 1536 tps: 9938.99 qps: 156470.09 (r/w/o: 136544.12/0.00/19925.97) lat (ms,95%): 337.94 err/s: 0.00 reconn/s: 0.00
[ 80s ] thds: 1536 tps: 8980.99 qps: 144151.82 (r/w/o: 126186.84/0.00/17964.98) lat (ms,95%): 331.91 err/s: 0.00 reconn/s: 0.00
[ 81s ] thds: 1536 tps: 12547.17 qps: 203597.06 (r/w/o: 178540.72/0.00/25056.35) lat (ms,95%): 325.98 err/s: 0.00 reconn/s: 0.00
[ 82s ] thds: 1536 tps: 14347.07 qps: 229665.11 (r/w/o: 200982.97/0.00/28682.14) lat (ms,95%): 337.94 err/s: 0.00 reconn/s: 0.00
[ 83s ] thds: 1536 tps: 15590.18 qps: 248718.88 (r/w/o: 217537.52/0.00/31181.36) lat (ms,95%): 223.34 err/s: 0.00 reconn/s: 0.00
[ 84s ] thds: 1536 tps: 14578.30 qps: 234182.77 (r/w/o: 205017.17/0.00/29165.60) lat (ms,95%): 520.62 err/s: 0.00 reconn/s: 0.00
[ 85s ] thds: 1536 tps: 13564.11 qps: 217007.77 (r/w/o: 189877.55/0.00/27130.22) lat (ms,95%): 125.52 err/s: 0.00 reconn/s: 0.00
[ 86s ] thds: 1536 tps: 13485.35 qps: 215846.53 (r/w/o: 188871.84/0.00/26974.69) lat (ms,95%): 130.13 err/s: 0.00 reconn/s: 0.00
[ 87s ] thds: 1536 tps: 16268.93 qps: 260035.94 (r/w/o: 227501.07/0.00/32534.87) lat (ms,95%): 376.49 err/s: 0.00 reconn/s: 0.00
[ 88s ] thds: 1536 tps: 16213.30 qps: 259659.82 (r/w/o: 227241.22/0.00/32418.60) lat (ms,95%): 493.24 err/s: 0.00 reconn/s: 0.00
[ 89s ] thds: 1536 tps: 13764.61 qps: 220405.83 (r/w/o: 192868.60/0.00/27537.23) lat (ms,95%): 262.64 err/s: 0.00 reconn/s: 0.00
[ 90s ] thds: 1536 tps: 13592.12 qps: 217145.92 (r/w/o: 189976.68/0.00/27169.24) lat (ms,95%): 123.28 err/s: 0.00 reconn/s: 0.00
[ 91s ] thds: 1536 tps: 13504.56 qps: 216268.95 (r/w/o: 189252.83/0.00/27016.12) lat (ms,95%): 127.81 err/s: 0.00 reconn/s: 0.00
[ 92s ] thds: 1536 tps: 13466.06 qps: 215735.97 (r/w/o: 188798.84/0.00/26937.12) lat (ms,95%): 130.13 err/s: 0.00 reconn/s: 0.00
[ 93s ] thds: 1536 tps: 13517.04 qps: 216155.55 (r/w/o: 189122.48/0.00/27033.07) lat (ms,95%): 132.49 err/s: 0.00 reconn/s: 0.00
[ 94s ] thds: 1536 tps: 13580.55 qps: 216917.84 (r/w/o: 189768.73/0.00/27149.11) lat (ms,95%): 123.28 err/s: 0.00 reconn/s: 0.00
[ 95s ] thds: 1536 tps: 13543.65 qps: 216716.41 (r/w/o: 189612.11/0.00/27104.30) lat (ms,95%): 123.28 err/s: 0.00 reconn/s: 0.00
[ 96s ] thds: 1536 tps: 13568.42 qps: 217199.76 (r/w/o: 190072.91/0.00/27126.85) lat (ms,95%): 121.08 err/s: 0.00 reconn/s: 0.00
[ 97s ] thds: 1536 tps: 13510.77 qps: 216061.30 (r/w/o: 189038.76/0.00/27022.54) lat (ms,95%): 130.13 err/s: 0.00 reconn/s: 0.00
[ 98s ] thds: 1536 tps: 13494.24 qps: 216042.91 (r/w/o: 189052.42/0.00/26990.49) lat (ms,95%): 130.13 err/s: 0.00 reconn/s: 0.00
[ 99s ] thds: 1536 tps: 13490.75 qps: 215935.00 (r/w/o: 188954.50/0.00/26980.50) lat (ms,95%): 130.13 err/s: 0.00 reconn/s: 0.00
[ 100s ] thds: 1536 tps: 13537.29 qps: 216691.55 (r/w/o: 189609.98/0.00/27081.57) lat (ms,95%): 125.52 err/s: 0.00 reconn/s: 0.00
[ 101s ] thds: 1536 tps: 13556.59 qps: 216973.47 (r/w/o: 189861.29/0.00/27112.18) lat (ms,95%): 123.28 err/s: 0.00 reconn/s: 0.00
[ 102s ] thds: 1536 tps: 13574.19 qps: 216704.98 (r/w/o: 189557.60/0.00/27147.37) lat (ms,95%): 127.81 err/s: 0.00 reconn/s: 0.00
[ 103s ] thds: 1536 tps: 14386.59 qps: 226780.02 (r/w/o: 197967.85/0.00/28812.17) lat (ms,95%): 376.49 err/s: 0.00 reconn/s: 0.00
[ 104s ] thds: 1536 tps: 14636.01 qps: 234644.29 (r/w/o: 205393.26/0.00/29251.02) lat (ms,95%): 337.94 err/s: 0.00 reconn/s: 0.00
[ 105s ] thds: 1536 tps: 9326.35 qps: 148939.65 (r/w/o: 130266.95/0.00/18672.70) lat (ms,95%): 458.96 err/s: 0.00 reconn/s: 0.00
[ 106s ] thds: 1536 tps: 10641.41 qps: 173562.92 (r/w/o: 152311.11/0.00/21251.81) lat (ms,95%): 337.94 err/s: 0.00 reconn/s: 0.00
[ 107s ] thds: 1536 tps: 14366.14 qps: 230289.13 (r/w/o: 201566.85/0.00/28722.28) lat (ms,95%): 282.25 err/s: 0.00 reconn/s: 0.00
[ 108s ] thds: 1536 tps: 13509.47 qps: 215939.54 (r/w/o: 188907.58/0.00/27031.95) lat (ms,95%): 130.13 err/s: 0.00 reconn/s: 0.00
[ 109s ] thds: 1536 tps: 13560.37 qps: 216893.94 (r/w/o: 189781.20/0.00/27112.74) lat (ms,95%): 127.81 err/s: 0.00 reconn/s: 0.00
[ 110s ] thds: 1536 tps: 13570.72 qps: 216958.49 (r/w/o: 189831.06/0.00/27127.44) lat (ms,95%): 125.52 err/s: 0.00 reconn/s: 0.00
[ 111s ] thds: 1536 tps: 13559.52 qps: 216945.29 (r/w/o: 189829.26/0.00/27116.04) lat (ms,95%): 125.52 err/s: 0.00 reconn/s: 0.00
[ 112s ] thds: 1536 tps: 14011.75 qps: 220895.77 (r/w/o: 192822.27/0.00/28073.50) lat (ms,95%): 331.91 err/s: 0.00 reconn/s: 0.00
[ 113s ] thds: 1536 tps: 12578.04 qps: 204751.58 (r/w/o: 179627.51/0.00/25124.07) lat (ms,95%): 356.70 err/s: 0.00 reconn/s: 0.00
[ 114s ] thds: 1536 tps: 11933.66 qps: 187191.66 (r/w/o: 163288.34/0.00/23903.32) lat (ms,95%): 314.45 err/s: 0.00 reconn/s: 0.00
[ 115s ] thds: 1536 tps: 8996.19 qps: 144137.96 (r/w/o: 126146.59/0.00/17991.37) lat (ms,95%): 344.08 err/s: 0.00 reconn/s: 0.00
[ 116s ] thds: 1536 tps: 9095.60 qps: 145407.57 (r/w/o: 127215.37/0.00/18192.20) lat (ms,95%): 331.91 err/s: 0.00 reconn/s: 0.00
[ 117s ] thds: 1536 tps: 11723.73 qps: 191184.87 (r/w/o: 167780.42/0.00/23404.45) lat (ms,95%): 350.33 err/s: 0.00 reconn/s: 0.00
[ 118s ] thds: 1536 tps: 15043.13 qps: 241001.07 (r/w/o: 210910.81/0.00/30090.26) lat (ms,95%): 308.84 err/s: 0.00 reconn/s: 0.00
[ 119s ] thds: 1536 tps: 13583.26 qps: 217017.09 (r/w/o: 189859.58/0.00/27157.51) lat (ms,95%): 127.81 err/s: 0.00 reconn/s: 0.00
[ 120s ] thds: 1536 tps: 13555.34 qps: 216995.41 (r/w/o: 189866.73/0.00/27128.68) lat (ms,95%): 127.81 err/s: 0.00 reconn/s: 0.00
[ 121s ] thds: 1536 tps: 16285.31 qps: 260521.98 (r/w/o: 227960.36/0.00/32561.62) lat (ms,95%): 442.73 err/s: 0.00 reconn/s: 0.00
[ 122s ] thds: 1536 tps: 12719.66 qps: 203451.64 (r/w/o: 178020.31/0.00/25431.33) lat (ms,95%): 404.61 err/s: 0.00 reconn/s: 0.00
[ 123s ] thds: 1536 tps: 15562.43 qps: 247596.89 (r/w/o: 216475.02/0.00/31121.87) lat (ms,95%): 227.40 err/s: 0.00 reconn/s: 0.00
[ 124s ] thds: 1536 tps: 14567.42 qps: 234653.65 (r/w/o: 205508.81/0.00/29144.84) lat (ms,95%): 520.62 err/s: 0.00 reconn/s: 0.00
[ 125s ] thds: 1536 tps: 13553.55 qps: 216883.79 (r/w/o: 189778.69/0.00/27105.10) lat (ms,95%): 123.28 err/s: 0.00 reconn/s: 0.00
[ 126s ] thds: 1536 tps: 13494.57 qps: 215902.20 (r/w/o: 188913.05/0.00/26989.15) lat (ms,95%): 127.81 err/s: 0.00 reconn/s: 0.00
[ 127s ] thds: 1536 tps: 13520.04 qps: 216338.68 (r/w/o: 189290.59/0.00/27048.08) lat (ms,95%): 139.85 err/s: 0.00 reconn/s: 0.00
[ 128s ] thds: 1536 tps: 13505.60 qps: 216311.67 (r/w/o: 189305.47/0.00/27006.21) lat (ms,95%): 127.81 err/s: 0.00 reconn/s: 0.00
[ 129s ] thds: 1536 tps: 13554.58 qps: 216743.28 (r/w/o: 189628.12/0.00/27115.16) lat (ms,95%): 127.81 err/s: 0.00 reconn/s: 0.00
[ 130s ] thds: 1536 tps: 13585.27 qps: 217062.38 (r/w/o: 189906.83/0.00/27155.55) lat (ms,95%): 123.28 err/s: 0.00 reconn/s: 0.00
[ 131s ] thds: 1536 tps: 16315.56 qps: 261659.88 (r/w/o: 229022.77/0.00/32637.11) lat (ms,95%): 314.45 err/s: 0.00 reconn/s: 0.00
[ 132s ] thds: 1536 tps: 13697.52 qps: 218670.29 (r/w/o: 191281.26/0.00/27389.04) lat (ms,95%): 442.73 err/s: 0.00 reconn/s: 0.00
[ 133s ] thds: 1536 tps: 13521.04 qps: 215932.76 (r/w/o: 188881.68/0.00/27051.08) lat (ms,95%): 130.13 err/s: 0.00 reconn/s: 0.00
[ 134s ] thds: 1536 tps: 13512.72 qps: 216494.60 (r/w/o: 189465.16/0.00/27029.44) lat (ms,95%): 127.81 err/s: 0.00 reconn/s: 0.00
[ 135s ] thds: 1536 tps: 13559.66 qps: 216910.49 (r/w/o: 189812.18/0.00/27098.31) lat (ms,95%): 125.52 err/s: 0.00 reconn/s: 0.00
[ 136s ] thds: 1536 tps: 13547.54 qps: 217066.60 (r/w/o: 189949.52/0.00/27117.07) lat (ms,95%): 125.52 err/s: 0.00 reconn/s: 0.00
[ 137s ] thds: 1536 tps: 13539.74 qps: 216422.89 (r/w/o: 189357.41/0.00/27065.49) lat (ms,95%): 127.81 err/s: 0.00 reconn/s: 0.00
[ 138s ] thds: 1536 tps: 13524.08 qps: 215235.41 (r/w/o: 188179.24/0.00/27056.17) lat (ms,95%): 132.49 err/s: 0.00 reconn/s: 0.00
[ 139s ] thds: 1536 tps: 16308.21 qps: 262113.46 (r/w/o: 229499.04/0.00/32614.42) lat (ms,95%): 475.79 err/s: 0.00 reconn/s: 0.00
[ 140s ] thds: 1536 tps: 13611.61 qps: 217993.82 (r/w/o: 190764.59/0.00/27229.23) lat (ms,95%): 150.29 err/s: 0.00 reconn/s: 0.00
[ 141s ] thds: 1536 tps: 13575.57 qps: 217124.15 (r/w/o: 189976.00/0.00/27148.14) lat (ms,95%): 130.13 err/s: 0.00 reconn/s: 0.00
[ 142s ] thds: 1536 tps: 13560.21 qps: 216294.36 (r/w/o: 189168.93/0.00/27125.43) lat (ms,95%): 130.13 err/s: 0.00 reconn/s: 0.00
[ 143s ] thds: 1536 tps: 16427.93 qps: 262304.91 (r/w/o: 229443.05/0.00/32861.86) lat (ms,95%): 484.44 err/s: 0.00 reconn/s: 0.00
[ 144s ] thds: 1536 tps: 9588.58 qps: 150750.07 (r/w/o: 131546.91/0.00/19203.15) lat (ms,95%): 350.33 err/s: 0.00 reconn/s: 0.00
[ 145s ] thds: 1536 tps: 9104.05 qps: 145692.84 (r/w/o: 127482.74/0.00/18210.11) lat (ms,95%): 331.91 err/s: 0.00 reconn/s: 0.00
[ 146s ] thds: 1536 tps: 12143.36 qps: 197552.31 (r/w/o: 173298.58/0.00/24253.72) lat (ms,95%): 325.98 err/s: 0.00 reconn/s: 0.00
[ 147s ] thds: 1536 tps: 15818.31 qps: 252542.91 (r/w/o: 220908.29/0.00/31634.62) lat (ms,95%): 297.92 err/s: 0.00 reconn/s: 0.00
[ 148s ] thds: 1536 tps: 14407.29 qps: 231538.42 (r/w/o: 202735.83/0.00/28802.59) lat (ms,95%): 520.62 err/s: 0.00 reconn/s: 0.00
[ 149s ] thds: 1536 tps: 13553.14 qps: 216942.23 (r/w/o: 189831.95/0.00/27110.28) lat (ms,95%): 125.52 err/s: 0.00 reconn/s: 0.00
[ 150s ] thds: 1536 tps: 13526.30 qps: 216738.70 (r/w/o: 189682.11/0.00/27056.59) lat (ms,95%): 123.28 err/s: 0.00 reconn/s: 0.00
[ 151s ] thds: 1536 tps: 13572.51 qps: 216856.18 (r/w/o: 189704.15/0.00/27152.03) lat (ms,95%): 125.52 err/s: 0.00 reconn/s: 0.00
[ 152s ] thds: 1536 tps: 13477.17 qps: 215660.67 (r/w/o: 188710.33/0.00/26950.33) lat (ms,95%): 130.13 err/s: 0.00 reconn/s: 0.00
[ 153s ] thds: 1536 tps: 13518.32 qps: 215848.10 (r/w/o: 188817.46/0.00/27030.64) lat (ms,95%): 130.13 err/s: 0.00 reconn/s: 0.00
[ 154s ] thds: 1536 tps: 16320.61 qps: 261730.77 (r/w/o: 229072.54/0.00/32658.22) lat (ms,95%): 493.24 err/s: 0.00 reconn/s: 0.00
[ 155s ] thds: 1536 tps: 14692.87 qps: 231470.97 (r/w/o: 202060.23/0.00/29410.74) lat (ms,95%): 397.39 err/s: 0.00 reconn/s: 0.00
[ 156s ] thds: 1536 tps: 9247.08 qps: 147615.37 (r/w/o: 129123.21/0.00/18492.16) lat (ms,95%): 344.08 err/s: 0.00 reconn/s: 0.00
[ 157s ] thds: 1536 tps: 13011.79 qps: 211811.42 (r/w/o: 185817.84/0.00/25993.57) lat (ms,95%): 344.08 err/s: 0.00 reconn/s: 0.00
[ 158s ] thds: 1536 tps: 16152.36 qps: 257513.76 (r/w/o: 225208.04/0.00/32305.72) lat (ms,95%): 363.18 err/s: 0.00 reconn/s: 0.00
[ 159s ] thds: 1536 tps: 15821.03 qps: 253465.49 (r/w/o: 221832.43/0.00/31633.06) lat (ms,95%): 467.30 err/s: 0.00 reconn/s: 0.00
[ 160s ] thds: 1536 tps: 14736.45 qps: 236698.03 (r/w/o: 207218.14/0.00/29479.89) lat (ms,95%): 530.08 err/s: 0.00 reconn/s: 0.00
[ 161s ] thds: 1536 tps: 13537.71 qps: 216456.27 (r/w/o: 189385.86/0.00/27070.41) lat (ms,95%): 127.81 err/s: 0.00 reconn/s: 0.00
[ 162s ] thds: 1536 tps: 13495.65 qps: 215678.45 (r/w/o: 188687.14/0.00/26991.30) lat (ms,95%): 130.13 err/s: 0.00 reconn/s: 0.00
[ 163s ] thds: 1536 tps: 16430.43 qps: 262850.94 (r/w/o: 229991.07/0.00/32859.87) lat (ms,95%): 434.83 err/s: 0.00 reconn/s: 0.00
[ 164s ] thds: 1536 tps: 10897.82 qps: 170603.21 (r/w/o: 148768.57/0.00/21834.64) lat (ms,95%): 350.33 err/s: 0.00 reconn/s: 0.00
[ 165s ] thds: 1536 tps: 9068.09 qps: 145314.41 (r/w/o: 127179.23/0.00/18135.18) lat (ms,95%): 337.94 err/s: 0.00 reconn/s: 0.00
[ 166s ] thds: 1536 tps: 9188.18 qps: 147214.81 (r/w/o: 128840.46/0.00/18374.35) lat (ms,95%): 337.94 err/s: 0.00 reconn/s: 0.00
[ 167s ] thds: 1536 tps: 8788.84 qps: 140581.38 (r/w/o: 123001.71/0.00/17579.67) lat (ms,95%): 350.33 err/s: 0.00 reconn/s: 0.00
[ 168s ] thds: 1536 tps: 9039.03 qps: 144501.54 (r/w/o: 126426.47/0.00/18075.07) lat (ms,95%): 337.94 err/s: 0.00 reconn/s: 0.00
[ 169s ] thds: 1536 tps: 12039.82 qps: 196127.35 (r/w/o: 172084.71/0.00/24042.64) lat (ms,95%): 314.45 err/s: 0.00 reconn/s: 0.00
[ 170s ] thds: 1536 tps: 14931.86 qps: 239110.73 (r/w/o: 209256.00/0.00/29854.72) lat (ms,95%): 344.08 err/s: 0.00 reconn/s: 0.00
[ 171s ] thds: 1536 tps: 15580.17 qps: 248409.50 (r/w/o: 217254.16/0.00/31155.33) lat (ms,95%): 223.34 err/s: 0.00 reconn/s: 0.00
[ 172s ] thds: 1536 tps: 14314.18 qps: 229635.90 (r/w/o: 200998.53/0.00/28637.37) lat (ms,95%): 520.62 err/s: 0.00 reconn/s: 0.00
[ 173s ] thds: 1536 tps: 13538.05 qps: 216825.87 (r/w/o: 189740.76/0.00/27085.11) lat (ms,95%): 125.52 err/s: 0.00 reconn/s: 0.00
[ 174s ] thds: 1536 tps: 13560.63 qps: 217098.03 (r/w/o: 189974.77/0.00/27123.26) lat (ms,95%): 125.52 err/s: 0.00 reconn/s: 0.00
[ 175s ] thds: 1536 tps: 13528.69 qps: 216394.99 (r/w/o: 189343.61/0.00/27051.37) lat (ms,95%): 130.13 err/s: 0.00 reconn/s: 0.00
[ 176s ] thds: 1536 tps: 13500.36 qps: 216106.87 (r/w/o: 189101.13/0.00/27005.73) lat (ms,95%): 132.49 err/s: 0.00 reconn/s: 0.00
[ 177s ] thds: 1536 tps: 13508.73 qps: 215983.67 (r/w/o: 188977.21/0.00/27006.46) lat (ms,95%): 130.13 err/s: 0.00 reconn/s: 0.00
[ 178s ] thds: 1536 tps: 13524.07 qps: 216273.19 (r/w/o: 189214.04/0.00/27059.15) lat (ms,95%): 127.81 err/s: 0.00 reconn/s: 0.00
[ 179s ] thds: 1536 tps: 13534.94 qps: 216890.02 (r/w/o: 189819.14/0.00/27070.88) lat (ms,95%): 127.81 err/s: 0.00 reconn/s: 0.00
[ 180s ] thds: 1536 tps: 13561.30 qps: 216986.85 (r/w/o: 189867.24/0.00/27119.61) lat (ms,95%): 127.81 err/s: 0.00 reconn/s: 0.00
[ 181s ] thds: 1536 tps: 13539.77 qps: 216460.28 (r/w/o: 189382.74/0.00/27077.53) lat (ms,95%): 130.13 err/s: 0.00 reconn/s: 0.00
[ 182s ] thds: 1536 tps: 13501.13 qps: 216031.08 (r/w/o: 189032.82/0.00/26998.26) lat (ms,95%): 132.49 err/s: 0.00 reconn/s: 0.00
[ 183s ] thds: 1536 tps: 15392.05 qps: 244863.75 (r/w/o: 214081.66/0.00/30782.09) lat (ms,95%): 183.21 err/s: 0.00 reconn/s: 0.00
[ 184s ] thds: 1536 tps: 14578.33 qps: 234433.16 (r/w/o: 205276.51/0.00/29156.65) lat (ms,95%): 520.62 err/s: 0.00 reconn/s: 0.00
[ 185s ] thds: 1536 tps: 13584.49 qps: 217394.84 (r/w/o: 190225.86/0.00/27168.98) lat (ms,95%): 125.52 err/s: 0.00 reconn/s: 0.00
[ 186s ] thds: 1536 tps: 13526.90 qps: 216737.42 (r/w/o: 189675.62/0.00/27061.80) lat (ms,95%): 130.13 err/s: 0.00 reconn/s: 0.00
[ 187s ] thds: 1536 tps: 13515.41 qps: 216055.61 (r/w/o: 189024.78/0.00/27030.82) lat (ms,95%): 130.13 err/s: 0.00 reconn/s: 0.00
[ 188s ] thds: 1536 tps: 13512.66 qps: 215844.49 (r/w/o: 188822.17/0.00/27022.32) lat (ms,95%): 130.13 err/s: 0.00 reconn/s: 0.00
[ 189s ] thds: 1536 tps: 13503.12 qps: 216590.85 (r/w/o: 189581.62/0.00/27009.23) lat (ms,95%): 127.81 err/s: 0.00 reconn/s: 0.00
[ 190s ] thds: 1536 tps: 13560.75 qps: 216864.03 (r/w/o: 189744.53/0.00/27119.50) lat (ms,95%): 123.28 err/s: 0.00 reconn/s: 0.00
[ 191s ] thds: 1536 tps: 13148.69 qps: 209399.06 (r/w/o: 183093.69/0.00/26305.37) lat (ms,95%): 257.95 err/s: 0.00 reconn/s: 0.00
[ 192s ] thds: 1536 tps: 14072.41 qps: 226524.67 (r/w/o: 198389.86/0.00/28134.82) lat (ms,95%): 244.38 err/s: 0.00 reconn/s: 0.00
[ 193s ] thds: 1536 tps: 13534.21 qps: 216035.35 (r/w/o: 188967.93/0.00/27067.42) lat (ms,95%): 130.13 err/s: 0.00 reconn/s: 0.00
[ 194s ] thds: 1536 tps: 13516.71 qps: 216353.29 (r/w/o: 189327.88/0.00/27025.41) lat (ms,95%): 127.81 err/s: 0.00 reconn/s: 0.00
[ 195s ] thds: 1536 tps: 13562.01 qps: 217005.17 (r/w/o: 189870.15/0.00/27135.02) lat (ms,95%): 125.52 err/s: 0.00 reconn/s: 0.00
[ 196s ] thds: 1536 tps: 13547.01 qps: 216751.18 (r/w/o: 189657.16/0.00/27094.02) lat (ms,95%): 127.81 err/s: 0.00 reconn/s: 0.00
[ 197s ] thds: 1536 tps: 13490.03 qps: 216064.52 (r/w/o: 189080.46/0.00/26984.06) lat (ms,95%): 130.13 err/s: 0.00 reconn/s: 0.00
[ 198s ] thds: 1536 tps: 13514.58 qps: 216075.26 (r/w/o: 189050.11/0.00/27025.16) lat (ms,95%): 130.13 err/s: 0.00 reconn/s: 0.00
[ 199s ] thds: 1536 tps: 16504.17 qps: 263830.66 (r/w/o: 230822.32/0.00/33008.34) lat (ms,95%): 442.73 err/s: 0.00 reconn/s: 0.00
[ 200s ] thds: 1536 tps: 13490.23 qps: 216293.60 (r/w/o: 189308.15/0.00/26985.46) lat (ms,95%): 144.97 err/s: 0.00 reconn/s: 0.00
[ 201s ] thds: 1536 tps: 13558.75 qps: 216988.98 (r/w/o: 189877.48/0.00/27111.50) lat (ms,95%): 121.08 err/s: 0.00 reconn/s: 0.00
[ 202s ] thds: 1536 tps: 13064.72 qps: 205073.86 (r/w/o: 178904.43/0.00/26169.43) lat (ms,95%): 282.25 err/s: 0.00 reconn/s: 0.00
[ 203s ] thds: 1536 tps: 12820.45 qps: 208480.28 (r/w/o: 182875.39/0.00/25604.89) lat (ms,95%): 390.30 err/s: 0.00 reconn/s: 0.00
[ 204s ] thds: 1536 tps: 14205.18 qps: 227900.88 (r/w/o: 199501.53/0.00/28399.35) lat (ms,95%): 253.35 err/s: 0.00 reconn/s: 0.00
[ 205s ] thds: 1536 tps: 13495.09 qps: 215293.42 (r/w/o: 188301.25/0.00/26992.17) lat (ms,95%): 144.97 err/s: 0.00 reconn/s: 0.00
[ 206s ] thds: 1536 tps: 13532.40 qps: 216932.36 (r/w/o: 189854.56/0.00/27077.80) lat (ms,95%): 123.28 err/s: 0.00 reconn/s: 0.00
[ 207s ] thds: 1536 tps: 13506.26 qps: 216043.11 (r/w/o: 189040.60/0.00/27002.51) lat (ms,95%): 127.81 err/s: 0.00 reconn/s: 0.00
[ 208s ] thds: 1536 tps: 13513.81 qps: 215944.97 (r/w/o: 188916.35/0.00/27028.62) lat (ms,95%): 132.49 err/s: 0.00 reconn/s: 0.00
[ 209s ] thds: 1536 tps: 13482.74 qps: 216033.82 (r/w/o: 189066.34/0.00/26967.48) lat (ms,95%): 130.13 err/s: 0.00 reconn/s: 0.00
[ 210s ] thds: 1536 tps: 13551.08 qps: 216623.19 (r/w/o: 189530.04/0.00/27093.15) lat (ms,95%): 127.81 err/s: 0.00 reconn/s: 0.00
[ 211s ] thds: 1536 tps: 13565.12 qps: 217120.96 (r/w/o: 189981.72/0.00/27139.25) lat (ms,95%): 123.28 err/s: 0.00 reconn/s: 0.00
[ 212s ] thds: 1536 tps: 13539.67 qps: 216705.66 (r/w/o: 189638.32/0.00/27067.33) lat (ms,95%): 123.28 err/s: 0.00 reconn/s: 0.00
[ 213s ] thds: 1536 tps: 13550.11 qps: 216681.75 (r/w/o: 189574.54/0.00/27107.22) lat (ms,95%): 125.52 err/s: 0.00 reconn/s: 0.00
[ 214s ] thds: 1536 tps: 13484.98 qps: 215916.64 (r/w/o: 188928.68/0.00/26987.96) lat (ms,95%): 130.13 err/s: 0.00 reconn/s: 0.00
[ 215s ] thds: 1536 tps: 13526.24 qps: 216366.85 (r/w/o: 189329.37/0.00/27037.48) lat (ms,95%): 127.81 err/s: 0.00 reconn/s: 0.00
[ 216s ] thds: 1536 tps: 13542.12 qps: 216669.92 (r/w/o: 189574.68/0.00/27095.24) lat (ms,95%): 127.81 err/s: 0.00 reconn/s: 0.00
[ 217s ] thds: 1536 tps: 13646.89 qps: 218274.27 (r/w/o: 190990.49/0.00/27283.78) lat (ms,95%): 125.52 err/s: 0.00 reconn/s: 0.00
[ 218s ] thds: 1536 tps: 13560.14 qps: 216694.22 (r/w/o: 189559.95/0.00/27134.27) lat (ms,95%): 134.90 err/s: 0.00 reconn/s: 0.00
[ 219s ] thds: 1536 tps: 16439.78 qps: 263139.54 (r/w/o: 230277.98/0.00/32861.56) lat (ms,95%): 484.44 err/s: 0.00 reconn/s: 0.00
[ 220s ] thds: 1536 tps: 13512.51 qps: 216598.10 (r/w/o: 189568.09/0.00/27030.01) lat (ms,95%): 127.81 err/s: 0.00 reconn/s: 0.00
[ 221s ] thds: 1536 tps: 13601.57 qps: 217387.18 (r/w/o: 190186.04/0.00/27201.14) lat (ms,95%): 147.61 err/s: 0.00 reconn/s: 0.00
[ 222s ] thds: 1536 tps: 13540.31 qps: 216985.93 (r/w/o: 189901.31/0.00/27084.61) lat (ms,95%): 127.81 err/s: 0.00 reconn/s: 0.00
[ 223s ] thds: 1536 tps: 13553.27 qps: 216756.34 (r/w/o: 189646.80/0.00/27109.54) lat (ms,95%): 127.81 err/s: 0.00 reconn/s: 0.00
[ 224s ] thds: 1536 tps: 13538.05 qps: 216488.80 (r/w/o: 189410.70/0.00/27078.10) lat (ms,95%): 127.81 err/s: 0.00 reconn/s: 0.00
[ 225s ] thds: 1536 tps: 13493.81 qps: 215991.02 (r/w/o: 189018.39/0.00/26972.63) lat (ms,95%): 130.13 err/s: 0.00 reconn/s: 0.00
[ 226s ] thds: 1536 tps: 13626.05 qps: 217786.89 (r/w/o: 190524.78/0.00/27262.11) lat (ms,95%): 167.44 err/s: 0.00 reconn/s: 0.00
[ 227s ] thds: 1536 tps: 13531.79 qps: 216624.64 (r/w/o: 189564.06/0.00/27060.58) lat (ms,95%): 125.52 err/s: 0.00 reconn/s: 0.00
[ 228s ] thds: 1536 tps: 13564.94 qps: 217145.00 (r/w/o: 190007.12/0.00/27137.87) lat (ms,95%): 123.28 err/s: 0.00 reconn/s: 0.00
[ 229s ] thds: 1536 tps: 13548.85 qps: 216692.51 (r/w/o: 189620.83/0.00/27071.69) lat (ms,95%): 127.81 err/s: 0.00 reconn/s: 0.00
[ 230s ] thds: 1536 tps: 13519.88 qps: 216257.03 (r/w/o: 189201.27/0.00/27055.75) lat (ms,95%): 130.13 err/s: 0.00 reconn/s: 0.00
[ 231s ] thds: 1536 tps: 13562.81 qps: 217009.02 (r/w/o: 189885.40/0.00/27123.63) lat (ms,95%): 137.35 err/s: 0.00 reconn/s: 0.00
[ 232s ] thds: 1536 tps: 13558.88 qps: 216765.07 (r/w/o: 189639.31/0.00/27125.76) lat (ms,95%): 127.81 err/s: 0.00 reconn/s: 0.00
[ 233s ] thds: 1536 tps: 13581.81 qps: 217305.97 (r/w/o: 190148.34/0.00/27157.62) lat (ms,95%): 142.39 err/s: 0.00 reconn/s: 0.00
[ 234s ] thds: 1536 tps: 16498.52 qps: 264055.36 (r/w/o: 231060.32/0.00/32995.05) lat (ms,95%): 458.96 err/s: 0.00 reconn/s: 0.00
[ 235s ] thds: 1536 tps: 13633.57 qps: 218222.18 (r/w/o: 190946.04/0.00/27276.15) lat (ms,95%): 137.35 err/s: 0.00 reconn/s: 0.00
[ 236s ] thds: 1536 tps: 13476.35 qps: 215782.61 (r/w/o: 188842.91/0.00/26939.70) lat (ms,95%): 132.49 err/s: 0.00 reconn/s: 0.00
[ 237s ] thds: 1536 tps: 13536.31 qps: 216284.93 (r/w/o: 189200.31/0.00/27084.62) lat (ms,95%): 127.81 err/s: 0.00 reconn/s: 0.00
[ 238s ] thds: 1536 tps: 13557.25 qps: 216884.04 (r/w/o: 189775.54/0.00/27108.51) lat (ms,95%): 125.52 err/s: 0.00 reconn/s: 0.00
[ 239s ] thds: 1536 tps: 13490.76 qps: 216081.10 (r/w/o: 189091.59/0.00/26989.51) lat (ms,95%): 132.49 err/s: 0.00 reconn/s: 0.00
[ 240s ] thds: 1536 tps: 13703.86 qps: 218863.86 (r/w/o: 191467.13/0.00/27396.73) lat (ms,95%): 176.73 err/s: 0.00 reconn/s: 0.00
[ 241s ] thds: 1536 tps: 13491.38 qps: 216094.09 (r/w/o: 189106.33/0.00/26987.76) lat (ms,95%): 130.13 err/s: 0.00 reconn/s: 0.00
[ 242s ] thds: 1536 tps: 13534.95 qps: 216524.16 (r/w/o: 189469.26/0.00/27054.90) lat (ms,95%): 127.81 err/s: 0.00 reconn/s: 0.00
[ 243s ] thds: 1536 tps: 13516.70 qps: 216572.16 (r/w/o: 189517.76/0.00/27054.39) lat (ms,95%): 132.49 err/s: 0.00 reconn/s: 0.00
[ 244s ] thds: 1536 tps: 13574.24 qps: 217122.84 (r/w/o: 189968.36/0.00/27154.48) lat (ms,95%): 121.08 err/s: 0.00 reconn/s: 0.00
[ 245s ] thds: 1536 tps: 13565.10 qps: 216599.63 (r/w/o: 189490.43/0.00/27109.20) lat (ms,95%): 123.28 err/s: 0.00 reconn/s: 0.00
[ 246s ] thds: 1536 tps: 13488.20 qps: 215993.21 (r/w/o: 189011.81/0.00/26981.40) lat (ms,95%): 130.13 err/s: 0.00 reconn/s: 0.00
[ 247s ] thds: 1536 tps: 13510.68 qps: 216182.95 (r/w/o: 189167.58/0.00/27015.37) lat (ms,95%): 130.13 err/s: 0.00 reconn/s: 0.00
[ 248s ] thds: 1536 tps: 13529.86 qps: 216435.69 (r/w/o: 189362.98/0.00/27072.71) lat (ms,95%): 127.81 err/s: 0.00 reconn/s: 0.00
[ 249s ] thds: 1536 tps: 13540.56 qps: 216860.08 (r/w/o: 189770.94/0.00/27089.13) lat (ms,95%): 125.52 err/s: 0.00 reconn/s: 0.00
[ 250s ] thds: 1536 tps: 13559.04 qps: 216946.62 (r/w/o: 189833.54/0.00/27113.08) lat (ms,95%): 123.28 err/s: 0.00 reconn/s: 0.00
[ 251s ] thds: 1536 tps: 15188.25 qps: 241188.78 (r/w/o: 210819.27/0.00/30369.50) lat (ms,95%): 155.80 err/s: 0.00 reconn/s: 0.00
[ 252s ] thds: 1536 tps: 14796.13 qps: 238106.88 (r/w/o: 208510.64/0.00/29596.24) lat (ms,95%): 520.62 err/s: 0.00 reconn/s: 0.00
[ 253s ] thds: 1536 tps: 13488.00 qps: 216234.28 (r/w/o: 189260.28/0.00/26973.99) lat (ms,95%): 132.49 err/s: 0.00 reconn/s: 0.00
[ 254s ] thds: 1536 tps: 13554.49 qps: 216679.81 (r/w/o: 189572.84/0.00/27106.97) lat (ms,95%): 130.13 err/s: 0.00 reconn/s: 0.00
[ 255s ] thds: 1536 tps: 15683.67 qps: 250548.60 (r/w/o: 219170.27/0.00/31378.33) lat (ms,95%): 227.40 err/s: 0.00 reconn/s: 0.00
[ 256s ] thds: 1536 tps: 14482.42 qps: 232169.76 (r/w/o: 203214.92/0.00/28954.85) lat (ms,95%): 511.33 err/s: 0.00 reconn/s: 0.00
[ 257s ] thds: 1536 tps: 13600.24 qps: 217284.82 (r/w/o: 190083.34/0.00/27201.48) lat (ms,95%): 161.51 err/s: 0.00 reconn/s: 0.00
[ 258s ] thds: 1536 tps: 13512.40 qps: 216574.34 (r/w/o: 189557.55/0.00/27016.79) lat (ms,95%): 144.97 err/s: 0.00 reconn/s: 0.00
[ 259s ] thds: 1536 tps: 13596.56 qps: 217438.95 (r/w/o: 190230.84/0.00/27208.12) lat (ms,95%): 125.52 err/s: 0.00 reconn/s: 0.00
[ 260s ] thds: 1536 tps: 13740.45 qps: 219881.14 (r/w/o: 192413.25/0.00/27467.89) lat (ms,95%): 170.48 err/s: 0.00 reconn/s: 0.00
[ 261s ] thds: 1536 tps: 13604.27 qps: 217526.33 (r/w/o: 190315.79/0.00/27210.54) lat (ms,95%): 144.97 err/s: 0.00 reconn/s: 0.00
[ 262s ] thds: 1536 tps: 13502.57 qps: 216219.13 (r/w/o: 189216.99/0.00/27002.14) lat (ms,95%): 130.13 err/s: 0.00 reconn/s: 0.00
[ 263s ] thds: 1536 tps: 16074.35 qps: 257970.60 (r/w/o: 225797.90/0.00/32172.70) lat (ms,95%): 287.38 err/s: 0.00 reconn/s: 0.00
[ 264s ] thds: 1536 tps: 13837.43 qps: 220635.91 (r/w/o: 192978.04/0.00/27657.87) lat (ms,95%): 458.96 err/s: 0.00 reconn/s: 0.00
[ 265s ] thds: 1536 tps: 13583.36 qps: 217327.77 (r/w/o: 190161.05/0.00/27166.72) lat (ms,95%): 125.52 err/s: 0.00 reconn/s: 0.00
[ 266s ] thds: 1536 tps: 13584.78 qps: 217632.53 (r/w/o: 190455.97/0.00/27176.57) lat (ms,95%): 137.35 err/s: 0.00 reconn/s: 0.00
[ 267s ] thds: 1536 tps: 15994.10 qps: 255949.59 (r/w/o: 223949.39/0.00/32000.20) lat (ms,95%): 272.27 err/s: 0.00 reconn/s: 0.00
[ 268s ] thds: 1536 tps: 13997.95 qps: 223853.15 (r/w/o: 195872.26/0.00/27980.89) lat (ms,95%): 502.20 err/s: 0.00 reconn/s: 0.00
[ 269s ] thds: 1536 tps: 13542.02 qps: 216288.34 (r/w/o: 189225.30/0.00/27063.04) lat (ms,95%): 132.49 err/s: 0.00 reconn/s: 0.00
[ 270s ] thds: 1536 tps: 13557.48 qps: 217201.74 (r/w/o: 190060.78/0.00/27140.97) lat (ms,95%): 125.52 err/s: 0.00 reconn/s: 0.00
[ 271s ] thds: 1536 tps: 13550.83 qps: 216841.22 (r/w/o: 189751.57/0.00/27089.65) lat (ms,95%): 127.81 err/s: 0.00 reconn/s: 0.00
[ 272s ] thds: 1536 tps: 13514.18 qps: 216276.94 (r/w/o: 189247.57/0.00/27029.37) lat (ms,95%): 130.13 err/s: 0.00 reconn/s: 0.00
[ 273s ] thds: 1536 tps: 13514.24 qps: 216075.82 (r/w/o: 189058.34/0.00/27017.48) lat (ms,95%): 130.13 err/s: 0.00 reconn/s: 0.00
[ 274s ] thds: 1536 tps: 13529.90 qps: 216418.35 (r/w/o: 189363.55/0.00/27054.79) lat (ms,95%): 130.13 err/s: 0.00 reconn/s: 0.00
[ 275s ] thds: 1536 tps: 14951.58 qps: 235636.86 (r/w/o: 205675.71/0.00/29961.15) lat (ms,95%): 404.61 err/s: 0.00 reconn/s: 0.00
[ 276s ] thds: 1536 tps: 9163.10 qps: 146646.67 (r/w/o: 128320.46/0.00/18326.21) lat (ms,95%): 350.33 err/s: 0.00 reconn/s: 0.00
[ 277s ] thds: 1536 tps: 12234.72 qps: 195762.47 (r/w/o: 171293.04/0.00/24469.43) lat (ms,95%): 331.91 err/s: 0.00 reconn/s: 0.00
[ 278s ] thds: 1536 tps: 10781.60 qps: 175451.54 (r/w/o: 153911.33/0.00/21540.21) lat (ms,95%): 344.08 err/s: 0.00 reconn/s: 0.00
[ 279s ] thds: 1536 tps: 15035.67 qps: 241278.72 (r/w/o: 211223.37/0.00/30055.35) lat (ms,95%): 411.96 err/s: 0.00 reconn/s: 0.00
[ 280s ] thds: 1536 tps: 13624.50 qps: 217893.98 (r/w/o: 190642.98/0.00/27251.00) lat (ms,95%): 121.08 err/s: 0.00 reconn/s: 0.00
[ 281s ] thds: 1536 tps: 13573.68 qps: 217166.94 (r/w/o: 190023.57/0.00/27143.37) lat (ms,95%): 142.39 err/s: 0.00 reconn/s: 0.00
[ 282s ] thds: 1536 tps: 13498.63 qps: 216199.03 (r/w/o: 189194.78/0.00/27004.25) lat (ms,95%): 130.13 err/s: 0.00 reconn/s: 0.00
[ 283s ] thds: 1536 tps: 13503.94 qps: 215983.11 (r/w/o: 188974.22/0.00/27008.89) lat (ms,95%): 130.13 err/s: 0.00 reconn/s: 0.00
[ 284s ] thds: 1536 tps: 13538.91 qps: 216441.50 (r/w/o: 189373.69/0.00/27067.81) lat (ms,95%): 130.13 err/s: 0.00 reconn/s: 0.00
[ 285s ] thds: 1536 tps: 13583.27 qps: 217424.35 (r/w/o: 190261.80/0.00/27162.54) lat (ms,95%): 130.13 err/s: 0.00 reconn/s: 0.00
[ 286s ] thds: 1536 tps: 13544.65 qps: 216801.45 (r/w/o: 189704.14/0.00/27097.31) lat (ms,95%): 125.52 err/s: 0.00 reconn/s: 0.00
[ 287s ] thds: 1536 tps: 13524.90 qps: 216302.38 (r/w/o: 189266.58/0.00/27035.80) lat (ms,95%): 127.81 err/s: 0.00 reconn/s: 0.00
[ 288s ] thds: 1536 tps: 13527.72 qps: 216610.44 (r/w/o: 189550.01/0.00/27060.43) lat (ms,95%): 127.81 err/s: 0.00 reconn/s: 0.00
[ 289s ] thds: 1536 tps: 13510.67 qps: 216060.78 (r/w/o: 189034.43/0.00/27026.35) lat (ms,95%): 127.81 err/s: 0.00 reconn/s: 0.00
[ 290s ] thds: 1536 tps: 13557.59 qps: 216762.52 (r/w/o: 189652.34/0.00/27110.19) lat (ms,95%): 125.52 err/s: 0.00 reconn/s: 0.00
[ 291s ] thds: 1536 tps: 13530.76 qps: 216806.26 (r/w/o: 189732.73/0.00/27073.52) lat (ms,95%): 123.28 err/s: 0.00 reconn/s: 0.00
[ 292s ] thds: 1536 tps: 13580.20 qps: 217149.14 (r/w/o: 190005.75/0.00/27143.39) lat (ms,95%): 125.52 err/s: 0.00 reconn/s: 0.00
[ 293s ] thds: 1536 tps: 13521.89 qps: 216312.31 (r/w/o: 189255.52/0.00/27056.79) lat (ms,95%): 127.81 err/s: 0.00 reconn/s: 0.00
[ 294s ] thds: 1536 tps: 13520.54 qps: 216272.60 (r/w/o: 189230.53/0.00/27042.08) lat (ms,95%): 127.81 err/s: 0.00 reconn/s: 0.00
[ 295s ] thds: 1536 tps: 15774.64 qps: 251561.31 (r/w/o: 219994.02/0.00/31567.29) lat (ms,95%): 363.18 err/s: 0.00 reconn/s: 0.00
[ 296s ] thds: 1536 tps: 13683.68 qps: 219996.86 (r/w/o: 192641.51/0.00/27355.35) lat (ms,95%): 287.38 err/s: 0.00 reconn/s: 0.00
[ 297s ] thds: 1536 tps: 13574.93 qps: 216996.97 (r/w/o: 189861.10/0.00/27135.87) lat (ms,95%): 125.52 err/s: 0.00 reconn/s: 0.00
[ 298s ] thds: 1536 tps: 13509.49 qps: 216202.80 (r/w/o: 189179.83/0.00/27022.98) lat (ms,95%): 127.81 err/s: 0.00 reconn/s: 0.00
[ 299s ] thds: 1536 tps: 13554.84 qps: 216648.44 (r/w/o: 189543.76/0.00/27104.68) lat (ms,95%): 127.81 err/s: 0.00 reconn/s: 0.00
[ 300s ] thds: 1536 tps: 13394.51 qps: 214135.10 (r/w/o: 187486.08/0.00/26649.02) lat (ms,95%): 150.29 err/s: 0.00 reconn/s: 0.00
SQL statistics:
    queries performed:
        read:                            56946134
        write:                           0
        other:                           8135162
        total:                           65081296
    transactions:                        4067581 (13545.03 per sec.)
    queries:                             65081296 (216720.50 per sec.)
    ignored errors:                      0      (0.00 per sec.)
    reconnects:                          0      (0.00 per sec.)

General statistics:
    total time:                          300.2992s
    total number of events:              4067581

Latency (ms):
         min:                                    1.35
         avg:                                  113.32
         max:                                 1975.40
         95th percentile:                      223.34
         sum:                            460954937.02

Threads fairness:
    events (avg/stddev):           2648.1647/27.16
    execution time (avg/stddev):   300.1009/0.07

