sysbench 1.0.20 (using bundled LuaJIT 2.1.0-beta2)

Running the test with following options:
Number of threads: 1536
Report intermediate results every 1 second(s)
Initializing random number generator from current time


Initializing worker threads...

Threads started!

[ 1s ] thds: 1536 tps: 251404.86 qps: 251404.02 (r/w/o: 251404.02/0.00/0.00) lat (ms,95%): 1.47 err/s: 0.00 reconn/s: 0.00
[ 2s ] thds: 1536 tps: 400906.00 qps: 400904.82 (r/w/o: 400904.82/0.00/0.00) lat (ms,95%): 5.37 err/s: 0.00 reconn/s: 0.00
[ 3s ] thds: 1536 tps: 328298.33 qps: 328296.33 (r/w/o: 328296.33/0.00/0.00) lat (ms,95%): 5.57 err/s: 0.00 reconn/s: 0.00
[ 4s ] thds: 1536 tps: 358274.60 qps: 358276.60 (r/w/o: 358276.60/0.00/0.00) lat (ms,95%): 5.47 err/s: 0.00 reconn/s: 0.00
[ 5s ] thds: 1536 tps: 331486.33 qps: 331484.33 (r/w/o: 331484.33/0.00/0.00) lat (ms,95%): 5.67 err/s: 0.00 reconn/s: 0.00
[ 6s ] thds: 1536 tps: 329100.00 qps: 329102.00 (r/w/o: 329102.00/0.00/0.00) lat (ms,95%): 5.67 err/s: 0.00 reconn/s: 0.00
[ 7s ] thds: 1536 tps: 329269.35 qps: 329270.35 (r/w/o: 329270.35/0.00/0.00) lat (ms,95%): 5.67 err/s: 0.00 reconn/s: 0.00
[ 8s ] thds: 1536 tps: 329526.45 qps: 329527.45 (r/w/o: 329527.45/0.00/0.00) lat (ms,95%): 5.57 err/s: 0.00 reconn/s: 0.00
[ 9s ] thds: 1536 tps: 329388.21 qps: 329385.21 (r/w/o: 329385.21/0.00/0.00) lat (ms,95%): 5.57 err/s: 0.00 reconn/s: 0.00
[ 10s ] thds: 1536 tps: 329661.76 qps: 329660.76 (r/w/o: 329660.76/0.00/0.00) lat (ms,95%): 5.57 err/s: 0.00 reconn/s: 0.00
[ 11s ] thds: 1536 tps: 329698.76 qps: 329702.76 (r/w/o: 329702.76/0.00/0.00) lat (ms,95%): 5.67 err/s: 0.00 reconn/s: 0.00
[ 12s ] thds: 1536 tps: 360740.44 qps: 360739.44 (r/w/o: 360739.44/0.00/0.00) lat (ms,95%): 5.37 err/s: 0.00 reconn/s: 0.00
[ 13s ] thds: 1536 tps: 329520.95 qps: 329521.95 (r/w/o: 329521.95/0.00/0.00) lat (ms,95%): 5.57 err/s: 0.00 reconn/s: 0.00
[ 14s ] thds: 1536 tps: 329118.63 qps: 329117.63 (r/w/o: 329117.63/0.00/0.00) lat (ms,95%): 5.47 err/s: 0.00 reconn/s: 0.00
[ 15s ] thds: 1536 tps: 329304.86 qps: 329300.86 (r/w/o: 329300.86/0.00/0.00) lat (ms,95%): 5.57 err/s: 0.00 reconn/s: 0.00
[ 16s ] thds: 1536 tps: 329631.60 qps: 329633.60 (r/w/o: 329633.60/0.00/0.00) lat (ms,95%): 5.57 err/s: 0.00 reconn/s: 0.00
[ 17s ] thds: 1536 tps: 329801.24 qps: 329804.24 (r/w/o: 329804.24/0.00/0.00) lat (ms,95%): 5.57 err/s: 0.00 reconn/s: 0.00
[ 18s ] thds: 1536 tps: 329601.28 qps: 329598.28 (r/w/o: 329598.28/0.00/0.00) lat (ms,95%): 5.47 err/s: 0.00 reconn/s: 0.00
[ 19s ] thds: 1536 tps: 329685.27 qps: 329686.27 (r/w/o: 329686.27/0.00/0.00) lat (ms,95%): 5.57 err/s: 0.00 reconn/s: 0.00
[ 20s ] thds: 1536 tps: 346516.78 qps: 346517.78 (r/w/o: 346517.78/0.00/0.00) lat (ms,95%): 5.47 err/s: 0.00 reconn/s: 0.00
[ 21s ] thds: 1536 tps: 343177.59 qps: 343176.59 (r/w/o: 343176.59/0.00/0.00) lat (ms,95%): 5.47 err/s: 0.00 reconn/s: 0.00
[ 22s ] thds: 1536 tps: 330360.87 qps: 330359.87 (r/w/o: 330359.87/0.00/0.00) lat (ms,95%): 5.47 err/s: 0.00 reconn/s: 0.00
[ 23s ] thds: 1536 tps: 330194.95 qps: 330197.95 (r/w/o: 330197.95/0.00/0.00) lat (ms,95%): 5.47 err/s: 0.00 reconn/s: 0.00
[ 24s ] thds: 1536 tps: 330367.63 qps: 330367.63 (r/w/o: 330367.63/0.00/0.00) lat (ms,95%): 5.28 err/s: 0.00 reconn/s: 0.00
[ 25s ] thds: 1536 tps: 331790.87 qps: 331788.87 (r/w/o: 331788.87/0.00/0.00) lat (ms,95%): 5.57 err/s: 0.00 reconn/s: 0.00
[ 26s ] thds: 1536 tps: 329770.94 qps: 329770.94 (r/w/o: 329770.94/0.00/0.00) lat (ms,95%): 5.67 err/s: 0.00 reconn/s: 0.00
[ 27s ] thds: 1536 tps: 331232.10 qps: 331231.10 (r/w/o: 331231.10/0.00/0.00) lat (ms,95%): 5.37 err/s: 0.00 reconn/s: 0.00
[ 28s ] thds: 1536 tps: 333230.16 qps: 333231.16 (r/w/o: 333231.16/0.00/0.00) lat (ms,95%): 5.18 err/s: 0.00 reconn/s: 0.00
[ 29s ] thds: 1536 tps: 332127.93 qps: 332123.93 (r/w/o: 332123.93/0.00/0.00) lat (ms,95%): 5.67 err/s: 0.00 reconn/s: 0.00
[ 30s ] thds: 1536 tps: 329253.66 qps: 329257.66 (r/w/o: 329257.66/0.00/0.00) lat (ms,95%): 5.57 err/s: 0.00 reconn/s: 0.00
[ 31s ] thds: 1536 tps: 329655.31 qps: 329652.31 (r/w/o: 329652.31/0.00/0.00) lat (ms,95%): 5.57 err/s: 0.00 reconn/s: 0.00
[ 32s ] thds: 1536 tps: 331568.25 qps: 331571.25 (r/w/o: 331571.25/0.00/0.00) lat (ms,95%): 5.37 err/s: 0.00 reconn/s: 0.00
[ 33s ] thds: 1536 tps: 331314.36 qps: 331314.36 (r/w/o: 331314.36/0.00/0.00) lat (ms,95%): 5.57 err/s: 0.00 reconn/s: 0.00
[ 34s ] thds: 1536 tps: 329774.39 qps: 329774.39 (r/w/o: 329774.39/0.00/0.00) lat (ms,95%): 5.67 err/s: 0.00 reconn/s: 0.00
[ 35s ] thds: 1536 tps: 330083.17 qps: 330085.17 (r/w/o: 330085.17/0.00/0.00) lat (ms,95%): 5.57 err/s: 0.00 reconn/s: 0.00
[ 36s ] thds: 1536 tps: 241163.59 qps: 241163.59 (r/w/o: 241163.59/0.00/0.00) lat (ms,95%): 21.11 err/s: 0.00 reconn/s: 0.00
[ 37s ] thds: 1536 tps: 298016.76 qps: 298016.76 (r/w/o: 298016.76/0.00/0.00) lat (ms,95%): 19.65 err/s: 0.00 reconn/s: 0.00
[ 38s ] thds: 1536 tps: 335619.23 qps: 335617.23 (r/w/o: 335617.23/0.00/0.00) lat (ms,95%): 5.57 err/s: 0.00 reconn/s: 0.00
[ 39s ] thds: 1536 tps: 329239.40 qps: 329237.40 (r/w/o: 329237.40/0.00/0.00) lat (ms,95%): 5.47 err/s: 0.00 reconn/s: 0.00
[ 40s ] thds: 1536 tps: 333220.14 qps: 333224.14 (r/w/o: 333224.14/0.00/0.00) lat (ms,95%): 5.37 err/s: 0.00 reconn/s: 0.00
[ 41s ] thds: 1536 tps: 329244.59 qps: 329240.59 (r/w/o: 329240.59/0.00/0.00) lat (ms,95%): 5.57 err/s: 0.00 reconn/s: 0.00
[ 42s ] thds: 1536 tps: 333163.51 qps: 333166.51 (r/w/o: 333166.51/0.00/0.00) lat (ms,95%): 5.37 err/s: 0.00 reconn/s: 0.00
[ 43s ] thds: 1536 tps: 329650.52 qps: 329646.52 (r/w/o: 329646.52/0.00/0.00) lat (ms,95%): 5.47 err/s: 0.00 reconn/s: 0.00
[ 44s ] thds: 1536 tps: 348207.04 qps: 348212.04 (r/w/o: 348212.04/0.00/0.00) lat (ms,95%): 5.47 err/s: 0.00 reconn/s: 0.00
[ 45s ] thds: 1536 tps: 351363.65 qps: 351362.65 (r/w/o: 351362.65/0.00/0.00) lat (ms,95%): 5.47 err/s: 0.00 reconn/s: 0.00
[ 46s ] thds: 1536 tps: 329517.96 qps: 329515.96 (r/w/o: 329515.96/0.00/0.00) lat (ms,95%): 5.57 err/s: 0.00 reconn/s: 0.00
[ 47s ] thds: 1536 tps: 329617.14 qps: 329618.14 (r/w/o: 329618.14/0.00/0.00) lat (ms,95%): 5.47 err/s: 0.00 reconn/s: 0.00
[ 48s ] thds: 1536 tps: 343555.50 qps: 343554.50 (r/w/o: 343554.50/0.00/0.00) lat (ms,95%): 5.57 err/s: 0.00 reconn/s: 0.00
[ 49s ] thds: 1536 tps: 380192.44 qps: 380191.44 (r/w/o: 380191.44/0.00/0.00) lat (ms,95%): 5.09 err/s: 0.00 reconn/s: 0.00
[ 50s ] thds: 1536 tps: 332755.35 qps: 332759.35 (r/w/o: 332759.35/0.00/0.00) lat (ms,95%): 5.47 err/s: 0.00 reconn/s: 0.00
[ 51s ] thds: 1536 tps: 332881.05 qps: 332876.05 (r/w/o: 332876.05/0.00/0.00) lat (ms,95%): 5.37 err/s: 0.00 reconn/s: 0.00
[ 52s ] thds: 1536 tps: 352753.30 qps: 352758.30 (r/w/o: 352758.30/0.00/0.00) lat (ms,95%): 5.47 err/s: 0.00 reconn/s: 0.00
[ 53s ] thds: 1536 tps: 338013.39 qps: 338011.39 (r/w/o: 338011.39/0.00/0.00) lat (ms,95%): 5.47 err/s: 0.00 reconn/s: 0.00
[ 54s ] thds: 1536 tps: 332972.16 qps: 332973.16 (r/w/o: 332973.16/0.00/0.00) lat (ms,95%): 5.37 err/s: 0.00 reconn/s: 0.00
[ 55s ] thds: 1536 tps: 346812.38 qps: 346811.38 (r/w/o: 346811.38/0.00/0.00) lat (ms,95%): 5.47 err/s: 0.00 reconn/s: 0.00
[ 56s ] thds: 1536 tps: 338695.64 qps: 338693.64 (r/w/o: 338693.64/0.00/0.00) lat (ms,95%): 5.37 err/s: 0.00 reconn/s: 0.00
[ 57s ] thds: 1536 tps: 337630.12 qps: 337632.12 (r/w/o: 337632.12/0.00/0.00) lat (ms,95%): 5.47 err/s: 0.00 reconn/s: 0.00
[ 58s ] thds: 1536 tps: 329728.70 qps: 329730.70 (r/w/o: 329730.70/0.00/0.00) lat (ms,95%): 5.57 err/s: 0.00 reconn/s: 0.00
[ 59s ] thds: 1536 tps: 329380.90 qps: 329378.90 (r/w/o: 329378.90/0.00/0.00) lat (ms,95%): 5.57 err/s: 0.00 reconn/s: 0.00
[ 60s ] thds: 1536 tps: 367301.07 qps: 367303.07 (r/w/o: 367303.07/0.00/0.00) lat (ms,95%): 5.09 err/s: 0.00 reconn/s: 0.00
[ 61s ] thds: 1536 tps: 331793.50 qps: 331792.50 (r/w/o: 331792.50/0.00/0.00) lat (ms,95%): 5.57 err/s: 0.00 reconn/s: 0.00
[ 62s ] thds: 1536 tps: 329835.14 qps: 329832.14 (r/w/o: 329832.14/0.00/0.00) lat (ms,95%): 5.57 err/s: 0.00 reconn/s: 0.00
[ 63s ] thds: 1536 tps: 329538.06 qps: 329538.06 (r/w/o: 329538.06/0.00/0.00) lat (ms,95%): 5.57 err/s: 0.00 reconn/s: 0.00
[ 64s ] thds: 1536 tps: 329834.17 qps: 329836.17 (r/w/o: 329836.17/0.00/0.00) lat (ms,95%): 5.47 err/s: 0.00 reconn/s: 0.00
[ 65s ] thds: 1536 tps: 330229.60 qps: 330228.60 (r/w/o: 330228.60/0.00/0.00) lat (ms,95%): 5.47 err/s: 0.00 reconn/s: 0.00
[ 66s ] thds: 1536 tps: 333093.75 qps: 333096.75 (r/w/o: 333096.75/0.00/0.00) lat (ms,95%): 5.37 err/s: 0.00 reconn/s: 0.00
[ 67s ] thds: 1536 tps: 329645.32 qps: 329645.32 (r/w/o: 329645.32/0.00/0.00) lat (ms,95%): 5.57 err/s: 0.00 reconn/s: 0.00
[ 68s ] thds: 1536 tps: 342019.49 qps: 342018.49 (r/w/o: 342018.49/0.00/0.00) lat (ms,95%): 5.47 err/s: 0.00 reconn/s: 0.00
[ 69s ] thds: 1536 tps: 342696.03 qps: 342696.03 (r/w/o: 342696.03/0.00/0.00) lat (ms,95%): 5.47 err/s: 0.00 reconn/s: 0.00
[ 70s ] thds: 1536 tps: 329706.72 qps: 329700.72 (r/w/o: 329700.72/0.00/0.00) lat (ms,95%): 5.47 err/s: 0.00 reconn/s: 0.00
[ 71s ] thds: 1536 tps: 329783.28 qps: 329790.28 (r/w/o: 329790.28/0.00/0.00) lat (ms,95%): 5.47 err/s: 0.00 reconn/s: 0.00
[ 72s ] thds: 1536 tps: 329891.34 qps: 329886.34 (r/w/o: 329886.34/0.00/0.00) lat (ms,95%): 5.47 err/s: 0.00 reconn/s: 0.00
[ 73s ] thds: 1536 tps: 333011.95 qps: 333016.95 (r/w/o: 333016.95/0.00/0.00) lat (ms,95%): 5.37 err/s: 0.00 reconn/s: 0.00
[ 74s ] thds: 1536 tps: 329846.76 qps: 329846.76 (r/w/o: 329846.76/0.00/0.00) lat (ms,95%): 5.57 err/s: 0.00 reconn/s: 0.00
[ 75s ] thds: 1536 tps: 329593.78 qps: 329591.78 (r/w/o: 329591.78/0.00/0.00) lat (ms,95%): 5.57 err/s: 0.00 reconn/s: 0.00
[ 76s ] thds: 1536 tps: 329588.58 qps: 329589.58 (r/w/o: 329589.58/0.00/0.00) lat (ms,95%): 5.57 err/s: 0.00 reconn/s: 0.00
[ 77s ] thds: 1536 tps: 330804.90 qps: 330802.90 (r/w/o: 330802.90/0.00/0.00) lat (ms,95%): 5.47 err/s: 0.00 reconn/s: 0.00
[ 78s ] thds: 1536 tps: 332595.37 qps: 332596.37 (r/w/o: 332596.37/0.00/0.00) lat (ms,95%): 5.47 err/s: 0.00 reconn/s: 0.00
[ 79s ] thds: 1536 tps: 329572.15 qps: 329574.15 (r/w/o: 329574.15/0.00/0.00) lat (ms,95%): 5.57 err/s: 0.00 reconn/s: 0.00
[ 80s ] thds: 1536 tps: 330105.94 qps: 330104.94 (r/w/o: 330104.94/0.00/0.00) lat (ms,95%): 5.57 err/s: 0.00 reconn/s: 0.00
[ 81s ] thds: 1536 tps: 329675.00 qps: 329674.00 (r/w/o: 329674.00/0.00/0.00) lat (ms,95%): 5.57 err/s: 0.00 reconn/s: 0.00
[ 82s ] thds: 1536 tps: 335610.72 qps: 335610.72 (r/w/o: 335610.72/0.00/0.00) lat (ms,95%): 5.57 err/s: 0.00 reconn/s: 0.00
[ 83s ] thds: 1536 tps: 347635.31 qps: 347636.31 (r/w/o: 347636.31/0.00/0.00) lat (ms,95%): 5.37 err/s: 0.00 reconn/s: 0.00
[ 84s ] thds: 1536 tps: 353011.26 qps: 353007.26 (r/w/o: 353007.26/0.00/0.00) lat (ms,95%): 5.28 err/s: 0.00 reconn/s: 0.00
[ 85s ] thds: 1536 tps: 342733.42 qps: 342735.42 (r/w/o: 342735.42/0.00/0.00) lat (ms,95%): 5.47 err/s: 0.00 reconn/s: 0.00
[ 86s ] thds: 1536 tps: 329640.81 qps: 329643.81 (r/w/o: 329643.81/0.00/0.00) lat (ms,95%): 5.47 err/s: 0.00 reconn/s: 0.00
[ 87s ] thds: 1536 tps: 329736.04 qps: 329736.04 (r/w/o: 329736.04/0.00/0.00) lat (ms,95%): 5.57 err/s: 0.00 reconn/s: 0.00
[ 88s ] thds: 1536 tps: 329705.32 qps: 329702.32 (r/w/o: 329702.32/0.00/0.00) lat (ms,95%): 5.47 err/s: 0.00 reconn/s: 0.00
[ 89s ] thds: 1536 tps: 329779.92 qps: 329778.92 (r/w/o: 329778.92/0.00/0.00) lat (ms,95%): 5.57 err/s: 0.00 reconn/s: 0.00
[ 90s ] thds: 1536 tps: 331600.07 qps: 331600.07 (r/w/o: 331600.07/0.00/0.00) lat (ms,95%): 5.47 err/s: 0.00 reconn/s: 0.00
[ 91s ] thds: 1536 tps: 329740.69 qps: 329742.69 (r/w/o: 329742.69/0.00/0.00) lat (ms,95%): 5.47 err/s: 0.00 reconn/s: 0.00
[ 92s ] thds: 1536 tps: 329745.85 qps: 329741.85 (r/w/o: 329741.85/0.00/0.00) lat (ms,95%): 5.47 err/s: 0.00 reconn/s: 0.00
[ 93s ] thds: 1536 tps: 329536.80 qps: 329539.80 (r/w/o: 329539.80/0.00/0.00) lat (ms,95%): 5.47 err/s: 0.00 reconn/s: 0.00
[ 94s ] thds: 1536 tps: 330927.01 qps: 330928.01 (r/w/o: 330928.01/0.00/0.00) lat (ms,95%): 5.37 err/s: 0.00 reconn/s: 0.00
[ 95s ] thds: 1536 tps: 333230.65 qps: 333226.65 (r/w/o: 333226.65/0.00/0.00) lat (ms,95%): 5.47 err/s: 0.00 reconn/s: 0.00
[ 96s ] thds: 1536 tps: 340498.37 qps: 340500.37 (r/w/o: 340500.37/0.00/0.00) lat (ms,95%): 5.47 err/s: 0.00 reconn/s: 0.00
[ 97s ] thds: 1536 tps: 343747.87 qps: 343749.87 (r/w/o: 343749.87/0.00/0.00) lat (ms,95%): 5.47 err/s: 0.00 reconn/s: 0.00
[ 98s ] thds: 1536 tps: 329741.94 qps: 329741.94 (r/w/o: 329741.94/0.00/0.00) lat (ms,95%): 5.47 err/s: 0.00 reconn/s: 0.00
[ 99s ] thds: 1536 tps: 329881.32 qps: 329882.32 (r/w/o: 329882.32/0.00/0.00) lat (ms,95%): 5.47 err/s: 0.00 reconn/s: 0.00
[ 100s ] thds: 1536 tps: 329849.98 qps: 329849.98 (r/w/o: 329849.98/0.00/0.00) lat (ms,95%): 5.47 err/s: 0.00 reconn/s: 0.00
[ 101s ] thds: 1536 tps: 329842.89 qps: 329841.89 (r/w/o: 329841.89/0.00/0.00) lat (ms,95%): 5.47 err/s: 0.00 reconn/s: 0.00
[ 102s ] thds: 1536 tps: 329587.47 qps: 329582.47 (r/w/o: 329582.47/0.00/0.00) lat (ms,95%): 5.57 err/s: 0.00 reconn/s: 0.00
[ 103s ] thds: 1536 tps: 329944.59 qps: 329951.59 (r/w/o: 329951.59/0.00/0.00) lat (ms,95%): 5.57 err/s: 0.00 reconn/s: 0.00
[ 104s ] thds: 1536 tps: 358110.55 qps: 358107.55 (r/w/o: 358107.55/0.00/0.00) lat (ms,95%): 5.37 err/s: 0.00 reconn/s: 0.00
[ 105s ] thds: 1536 tps: 329574.58 qps: 329575.58 (r/w/o: 329575.58/0.00/0.00) lat (ms,95%): 5.57 err/s: 0.00 reconn/s: 0.00
[ 106s ] thds: 1536 tps: 329649.90 qps: 329649.90 (r/w/o: 329649.90/0.00/0.00) lat (ms,95%): 5.57 err/s: 0.00 reconn/s: 0.00
[ 107s ] thds: 1536 tps: 329782.76 qps: 329781.76 (r/w/o: 329781.76/0.00/0.00) lat (ms,95%): 5.57 err/s: 0.00 reconn/s: 0.00
[ 108s ] thds: 1536 tps: 354357.17 qps: 354356.17 (r/w/o: 354356.17/0.00/0.00) lat (ms,95%): 5.37 err/s: 0.00 reconn/s: 0.00
[ 109s ] thds: 1536 tps: 339132.66 qps: 339133.66 (r/w/o: 339133.66/0.00/0.00) lat (ms,95%): 5.47 err/s: 0.00 reconn/s: 0.00
[ 110s ] thds: 1536 tps: 329743.01 qps: 329746.01 (r/w/o: 329746.01/0.00/0.00) lat (ms,95%): 5.67 err/s: 0.00 reconn/s: 0.00
[ 111s ] thds: 1536 tps: 329849.53 qps: 329847.53 (r/w/o: 329847.53/0.00/0.00) lat (ms,95%): 5.57 err/s: 0.00 reconn/s: 0.00
[ 112s ] thds: 1536 tps: 329729.47 qps: 329729.47 (r/w/o: 329729.47/0.00/0.00) lat (ms,95%): 5.57 err/s: 0.00 reconn/s: 0.00
[ 113s ] thds: 1536 tps: 329782.88 qps: 329782.88 (r/w/o: 329782.88/0.00/0.00) lat (ms,95%): 5.57 err/s: 0.00 reconn/s: 0.00
[ 114s ] thds: 1536 tps: 329804.05 qps: 329802.05 (r/w/o: 329802.05/0.00/0.00) lat (ms,95%): 5.57 err/s: 0.00 reconn/s: 0.00
[ 115s ] thds: 1536 tps: 329658.24 qps: 329660.24 (r/w/o: 329660.24/0.00/0.00) lat (ms,95%): 5.57 err/s: 0.00 reconn/s: 0.00
[ 116s ] thds: 1536 tps: 330527.01 qps: 330527.01 (r/w/o: 330527.01/0.00/0.00) lat (ms,95%): 5.47 err/s: 0.00 reconn/s: 0.00
[ 117s ] thds: 1536 tps: 334781.89 qps: 334781.89 (r/w/o: 334781.89/0.00/0.00) lat (ms,95%): 5.18 err/s: 0.00 reconn/s: 0.00
[ 118s ] thds: 1536 tps: 331387.79 qps: 331389.79 (r/w/o: 331389.79/0.00/0.00) lat (ms,95%): 5.57 err/s: 0.00 reconn/s: 0.00
[ 119s ] thds: 1536 tps: 329666.33 qps: 329664.33 (r/w/o: 329664.33/0.00/0.00) lat (ms,95%): 5.57 err/s: 0.00 reconn/s: 0.00
[ 120s ] thds: 1536 tps: 337050.88 qps: 337046.88 (r/w/o: 337046.88/0.00/0.00) lat (ms,95%): 5.57 err/s: 0.00 reconn/s: 0.00
[ 121s ] thds: 1536 tps: 336583.12 qps: 336588.12 (r/w/o: 336588.12/0.00/0.00) lat (ms,95%): 5.47 err/s: 0.00 reconn/s: 0.00
[ 122s ] thds: 1536 tps: 331264.80 qps: 331263.80 (r/w/o: 331263.80/0.00/0.00) lat (ms,95%): 5.47 err/s: 0.00 reconn/s: 0.00
[ 123s ] thds: 1536 tps: 329671.49 qps: 329673.49 (r/w/o: 329673.49/0.00/0.00) lat (ms,95%): 5.57 err/s: 0.00 reconn/s: 0.00
[ 124s ] thds: 1536 tps: 329862.83 qps: 329860.83 (r/w/o: 329860.83/0.00/0.00) lat (ms,95%): 5.57 err/s: 0.00 reconn/s: 0.00
[ 125s ] thds: 1536 tps: 329813.80 qps: 329810.80 (r/w/o: 329810.80/0.00/0.00) lat (ms,95%): 5.57 err/s: 0.00 reconn/s: 0.00
[ 126s ] thds: 1536 tps: 329632.69 qps: 329634.69 (r/w/o: 329634.69/0.00/0.00) lat (ms,95%): 5.47 err/s: 0.00 reconn/s: 0.00
[ 127s ] thds: 1536 tps: 329650.83 qps: 329651.83 (r/w/o: 329651.83/0.00/0.00) lat (ms,95%): 5.57 err/s: 0.00 reconn/s: 0.00
[ 128s ] thds: 1536 tps: 347112.00 qps: 347112.00 (r/w/o: 347112.00/0.00/0.00) lat (ms,95%): 5.57 err/s: 0.00 reconn/s: 0.00
[ 129s ] thds: 1536 tps: 330131.42 qps: 330126.42 (r/w/o: 330126.42/0.00/0.00) lat (ms,95%): 5.47 err/s: 0.00 reconn/s: 0.00
[ 130s ] thds: 1536 tps: 329871.48 qps: 329876.48 (r/w/o: 329876.48/0.00/0.00) lat (ms,95%): 5.47 err/s: 0.00 reconn/s: 0.00
[ 131s ] thds: 1536 tps: 331682.63 qps: 331683.63 (r/w/o: 331683.63/0.00/0.00) lat (ms,95%): 5.37 err/s: 0.00 reconn/s: 0.00
[ 132s ] thds: 1536 tps: 329755.12 qps: 329755.12 (r/w/o: 329755.12/0.00/0.00) lat (ms,95%): 5.47 err/s: 0.00 reconn/s: 0.00
[ 133s ] thds: 1536 tps: 329650.26 qps: 329651.26 (r/w/o: 329651.26/0.00/0.00) lat (ms,95%): 5.47 err/s: 0.00 reconn/s: 0.00
[ 134s ] thds: 1536 tps: 329780.76 qps: 329777.76 (r/w/o: 329777.76/0.00/0.00) lat (ms,95%): 5.57 err/s: 0.00 reconn/s: 0.00
[ 135s ] thds: 1536 tps: 329785.41 qps: 329787.41 (r/w/o: 329787.41/0.00/0.00) lat (ms,95%): 5.57 err/s: 0.00 reconn/s: 0.00
[ 136s ] thds: 1536 tps: 362649.07 qps: 362647.07 (r/w/o: 362647.07/0.00/0.00) lat (ms,95%): 5.37 err/s: 0.00 reconn/s: 0.00
[ 137s ] thds: 1536 tps: 347174.51 qps: 347175.51 (r/w/o: 347175.51/0.00/0.00) lat (ms,95%): 5.47 err/s: 0.00 reconn/s: 0.00
[ 138s ] thds: 1536 tps: 329776.43 qps: 329776.43 (r/w/o: 329776.43/0.00/0.00) lat (ms,95%): 5.67 err/s: 0.00 reconn/s: 0.00
[ 139s ] thds: 1536 tps: 332576.33 qps: 332574.33 (r/w/o: 332574.33/0.00/0.00) lat (ms,95%): 5.47 err/s: 0.00 reconn/s: 0.00
[ 140s ] thds: 1536 tps: 329910.73 qps: 329911.73 (r/w/o: 329911.73/0.00/0.00) lat (ms,95%): 5.57 err/s: 0.00 reconn/s: 0.00
[ 141s ] thds: 1536 tps: 329866.59 qps: 329869.59 (r/w/o: 329869.59/0.00/0.00) lat (ms,95%): 5.57 err/s: 0.00 reconn/s: 0.00
[ 142s ] thds: 1536 tps: 332571.71 qps: 332569.71 (r/w/o: 332569.71/0.00/0.00) lat (ms,95%): 5.47 err/s: 0.00 reconn/s: 0.00
[ 143s ] thds: 1536 tps: 329784.00 qps: 329784.00 (r/w/o: 329784.00/0.00/0.00) lat (ms,95%): 5.57 err/s: 0.00 reconn/s: 0.00
[ 144s ] thds: 1536 tps: 359925.73 qps: 359927.73 (r/w/o: 359927.73/0.00/0.00) lat (ms,95%): 5.37 err/s: 0.00 reconn/s: 0.00
[ 145s ] thds: 1536 tps: 333083.04 qps: 333081.04 (r/w/o: 333081.04/0.00/0.00) lat (ms,95%): 5.47 err/s: 0.00 reconn/s: 0.00
[ 146s ] thds: 1536 tps: 329815.03 qps: 329816.03 (r/w/o: 329816.03/0.00/0.00) lat (ms,95%): 5.47 err/s: 0.00 reconn/s: 0.00
[ 147s ] thds: 1536 tps: 329823.86 qps: 329820.86 (r/w/o: 329820.86/0.00/0.00) lat (ms,95%): 5.57 err/s: 0.00 reconn/s: 0.00
[ 148s ] thds: 1536 tps: 329756.93 qps: 329759.93 (r/w/o: 329759.93/0.00/0.00) lat (ms,95%): 5.57 err/s: 0.00 reconn/s: 0.00
[ 149s ] thds: 1536 tps: 329639.43 qps: 329638.43 (r/w/o: 329638.43/0.00/0.00) lat (ms,95%): 5.47 err/s: 0.00 reconn/s: 0.00
[ 150s ] thds: 1536 tps: 329482.07 qps: 329478.07 (r/w/o: 329478.07/0.00/0.00) lat (ms,95%): 5.57 err/s: 0.00 reconn/s: 0.00
[ 151s ] thds: 1536 tps: 330484.86 qps: 330486.86 (r/w/o: 330486.86/0.00/0.00) lat (ms,95%): 5.47 err/s: 0.00 reconn/s: 0.00
[ 152s ] thds: 1536 tps: 332530.17 qps: 332532.17 (r/w/o: 332532.17/0.00/0.00) lat (ms,95%): 5.47 err/s: 0.00 reconn/s: 0.00
[ 153s ] thds: 1536 tps: 329812.67 qps: 329809.67 (r/w/o: 329809.67/0.00/0.00) lat (ms,95%): 5.47 err/s: 0.00 reconn/s: 0.00
[ 154s ] thds: 1536 tps: 329912.07 qps: 329917.07 (r/w/o: 329917.07/0.00/0.00) lat (ms,95%): 5.57 err/s: 0.00 reconn/s: 0.00
[ 155s ] thds: 1536 tps: 329774.79 qps: 329772.79 (r/w/o: 329772.79/0.00/0.00) lat (ms,95%): 5.57 err/s: 0.00 reconn/s: 0.00
[ 156s ] thds: 1536 tps: 329735.48 qps: 329729.48 (r/w/o: 329729.48/0.00/0.00) lat (ms,95%): 5.47 err/s: 0.00 reconn/s: 0.00
[ 157s ] thds: 1536 tps: 329715.28 qps: 329717.28 (r/w/o: 329717.28/0.00/0.00) lat (ms,95%): 5.57 err/s: 0.00 reconn/s: 0.00
[ 158s ] thds: 1536 tps: 339193.55 qps: 339198.55 (r/w/o: 339198.55/0.00/0.00) lat (ms,95%): 5.47 err/s: 0.00 reconn/s: 0.00
[ 159s ] thds: 1536 tps: 359336.56 qps: 359335.56 (r/w/o: 359335.56/0.00/0.00) lat (ms,95%): 5.00 err/s: 0.00 reconn/s: 0.00
[ 160s ] thds: 1536 tps: 333132.23 qps: 333132.23 (r/w/o: 333132.23/0.00/0.00) lat (ms,95%): 5.47 err/s: 0.00 reconn/s: 0.00
[ 161s ] thds: 1536 tps: 329714.67 qps: 329716.67 (r/w/o: 329716.67/0.00/0.00) lat (ms,95%): 5.47 err/s: 0.00 reconn/s: 0.00
[ 162s ] thds: 1536 tps: 329734.00 qps: 329732.00 (r/w/o: 329732.00/0.00/0.00) lat (ms,95%): 5.47 err/s: 0.00 reconn/s: 0.00
[ 163s ] thds: 1536 tps: 329926.98 qps: 329924.98 (r/w/o: 329924.98/0.00/0.00) lat (ms,95%): 5.47 err/s: 0.00 reconn/s: 0.00
[ 164s ] thds: 1536 tps: 367613.08 qps: 367612.08 (r/w/o: 367612.08/0.00/0.00) lat (ms,95%): 5.18 err/s: 0.00 reconn/s: 0.00
[ 165s ] thds: 1536 tps: 334045.64 qps: 334046.64 (r/w/o: 334046.64/0.00/0.00) lat (ms,95%): 5.47 err/s: 0.00 reconn/s: 0.00
[ 166s ] thds: 1536 tps: 329419.19 qps: 329419.19 (r/w/o: 329419.19/0.00/0.00) lat (ms,95%): 5.57 err/s: 0.00 reconn/s: 0.00
[ 167s ] thds: 1536 tps: 329365.75 qps: 329367.75 (r/w/o: 329367.75/0.00/0.00) lat (ms,95%): 5.57 err/s: 0.00 reconn/s: 0.00
[ 168s ] thds: 1536 tps: 329812.60 qps: 329811.60 (r/w/o: 329811.60/0.00/0.00) lat (ms,95%): 5.57 err/s: 0.00 reconn/s: 0.00
[ 169s ] thds: 1536 tps: 329664.81 qps: 329667.81 (r/w/o: 329667.81/0.00/0.00) lat (ms,95%): 5.47 err/s: 0.00 reconn/s: 0.00
[ 170s ] thds: 1536 tps: 329666.88 qps: 329664.88 (r/w/o: 329664.88/0.00/0.00) lat (ms,95%): 5.57 err/s: 0.00 reconn/s: 0.00
[ 171s ] thds: 1536 tps: 329337.42 qps: 329338.42 (r/w/o: 329338.42/0.00/0.00) lat (ms,95%): 5.57 err/s: 0.00 reconn/s: 0.00
[ 172s ] thds: 1536 tps: 329703.86 qps: 329699.86 (r/w/o: 329699.86/0.00/0.00) lat (ms,95%): 5.57 err/s: 0.00 reconn/s: 0.00
[ 173s ] thds: 1536 tps: 329843.88 qps: 329842.88 (r/w/o: 329842.88/0.00/0.00) lat (ms,95%): 5.47 err/s: 0.00 reconn/s: 0.00
[ 174s ] thds: 1536 tps: 332331.19 qps: 332337.19 (r/w/o: 332337.19/0.00/0.00) lat (ms,95%): 5.47 err/s: 0.00 reconn/s: 0.00
[ 175s ] thds: 1536 tps: 329628.78 qps: 329625.78 (r/w/o: 329625.78/0.00/0.00) lat (ms,95%): 5.47 err/s: 0.00 reconn/s: 0.00
[ 176s ] thds: 1536 tps: 363485.95 qps: 363487.95 (r/w/o: 363487.95/0.00/0.00) lat (ms,95%): 5.28 err/s: 0.00 reconn/s: 0.00
[ 177s ] thds: 1536 tps: 347600.53 qps: 347597.53 (r/w/o: 347597.53/0.00/0.00) lat (ms,95%): 5.47 err/s: 0.00 reconn/s: 0.00
[ 178s ] thds: 1536 tps: 330035.73 qps: 330037.73 (r/w/o: 330037.73/0.00/0.00) lat (ms,95%): 5.37 err/s: 0.00 reconn/s: 0.00
[ 179s ] thds: 1536 tps: 331833.68 qps: 331832.68 (r/w/o: 331832.68/0.00/0.00) lat (ms,95%): 5.57 err/s: 0.00 reconn/s: 0.00
[ 180s ] thds: 1536 tps: 368357.26 qps: 368360.26 (r/w/o: 368360.26/0.00/0.00) lat (ms,95%): 5.00 err/s: 0.00 reconn/s: 0.00
[ 181s ] thds: 1536 tps: 346889.34 qps: 346888.34 (r/w/o: 346888.34/0.00/0.00) lat (ms,95%): 5.37 err/s: 0.00 reconn/s: 0.00
[ 182s ] thds: 1536 tps: 329394.30 qps: 329393.30 (r/w/o: 329393.30/0.00/0.00) lat (ms,95%): 5.57 err/s: 0.00 reconn/s: 0.00
[ 183s ] thds: 1536 tps: 330080.11 qps: 330079.11 (r/w/o: 330079.11/0.00/0.00) lat (ms,95%): 5.57 err/s: 0.00 reconn/s: 0.00
[ 184s ] thds: 1536 tps: 333136.00 qps: 333133.00 (r/w/o: 333133.00/0.00/0.00) lat (ms,95%): 5.37 err/s: 0.00 reconn/s: 0.00
[ 185s ] thds: 1536 tps: 329575.52 qps: 329580.52 (r/w/o: 329580.52/0.00/0.00) lat (ms,95%): 5.57 err/s: 0.00 reconn/s: 0.00
[ 186s ] thds: 1536 tps: 329747.58 qps: 329744.58 (r/w/o: 329744.58/0.00/0.00) lat (ms,95%): 5.57 err/s: 0.00 reconn/s: 0.00
[ 187s ] thds: 1536 tps: 329675.57 qps: 329678.57 (r/w/o: 329678.57/0.00/0.00) lat (ms,95%): 5.57 err/s: 0.00 reconn/s: 0.00
[ 188s ] thds: 1536 tps: 338085.13 qps: 338085.13 (r/w/o: 338085.13/0.00/0.00) lat (ms,95%): 5.37 err/s: 0.00 reconn/s: 0.00
[ 189s ] thds: 1536 tps: 339359.84 qps: 339358.84 (r/w/o: 339358.84/0.00/0.00) lat (ms,95%): 5.37 err/s: 0.00 reconn/s: 0.00
[ 190s ] thds: 1536 tps: 329704.56 qps: 329706.56 (r/w/o: 329706.56/0.00/0.00) lat (ms,95%): 5.57 err/s: 0.00 reconn/s: 0.00
[ 191s ] thds: 1536 tps: 329554.46 qps: 329554.46 (r/w/o: 329554.46/0.00/0.00) lat (ms,95%): 5.57 err/s: 0.00 reconn/s: 0.00
[ 192s ] thds: 1536 tps: 350298.52 qps: 350297.52 (r/w/o: 350297.52/0.00/0.00) lat (ms,95%): 5.47 err/s: 0.00 reconn/s: 0.00
[ 193s ] thds: 1536 tps: 337875.68 qps: 337875.68 (r/w/o: 337875.68/0.00/0.00) lat (ms,95%): 5.57 err/s: 0.00 reconn/s: 0.00
[ 194s ] thds: 1536 tps: 329658.26 qps: 329655.26 (r/w/o: 329655.26/0.00/0.00) lat (ms,95%): 5.57 err/s: 0.00 reconn/s: 0.00
[ 195s ] thds: 1536 tps: 329724.81 qps: 329726.81 (r/w/o: 329726.81/0.00/0.00) lat (ms,95%): 5.57 err/s: 0.00 reconn/s: 0.00
[ 196s ] thds: 1536 tps: 329625.01 qps: 329623.01 (r/w/o: 329623.01/0.00/0.00) lat (ms,95%): 5.57 err/s: 0.00 reconn/s: 0.00
[ 197s ] thds: 1536 tps: 329858.47 qps: 329858.47 (r/w/o: 329858.47/0.00/0.00) lat (ms,95%): 5.57 err/s: 0.00 reconn/s: 0.00
[ 198s ] thds: 1536 tps: 329566.86 qps: 329570.86 (r/w/o: 329570.86/0.00/0.00) lat (ms,95%): 5.57 err/s: 0.00 reconn/s: 0.00
[ 199s ] thds: 1536 tps: 329762.44 qps: 329759.44 (r/w/o: 329759.44/0.00/0.00) lat (ms,95%): 5.57 err/s: 0.00 reconn/s: 0.00
[ 200s ] thds: 1536 tps: 329778.67 qps: 329779.67 (r/w/o: 329779.67/0.00/0.00) lat (ms,95%): 5.57 err/s: 0.00 reconn/s: 0.00
[ 201s ] thds: 1536 tps: 329862.22 qps: 329860.22 (r/w/o: 329860.22/0.00/0.00) lat (ms,95%): 5.47 err/s: 0.00 reconn/s: 0.00
[ 202s ] thds: 1536 tps: 329793.06 qps: 329794.06 (r/w/o: 329794.06/0.00/0.00) lat (ms,95%): 5.57 err/s: 0.00 reconn/s: 0.00
[ 203s ] thds: 1536 tps: 329743.21 qps: 329746.21 (r/w/o: 329746.21/0.00/0.00) lat (ms,95%): 5.47 err/s: 0.00 reconn/s: 0.00
[ 204s ] thds: 1536 tps: 329807.64 qps: 329805.64 (r/w/o: 329805.64/0.00/0.00) lat (ms,95%): 5.57 err/s: 0.00 reconn/s: 0.00
[ 205s ] thds: 1536 tps: 329588.01 qps: 329586.01 (r/w/o: 329586.01/0.00/0.00) lat (ms,95%): 5.57 err/s: 0.00 reconn/s: 0.00
[ 206s ] thds: 1536 tps: 329728.30 qps: 329728.30 (r/w/o: 329728.30/0.00/0.00) lat (ms,95%): 5.57 err/s: 0.00 reconn/s: 0.00
[ 207s ] thds: 1536 tps: 331729.20 qps: 331730.20 (r/w/o: 331730.20/0.00/0.00) lat (ms,95%): 5.47 err/s: 0.00 reconn/s: 0.00
[ 208s ] thds: 1536 tps: 330667.22 qps: 330667.22 (r/w/o: 330667.22/0.00/0.00) lat (ms,95%): 5.57 err/s: 0.00 reconn/s: 0.00
[ 209s ] thds: 1536 tps: 329548.26 qps: 329545.26 (r/w/o: 329545.26/0.00/0.00) lat (ms,95%): 5.47 err/s: 0.00 reconn/s: 0.00
[ 210s ] thds: 1536 tps: 329750.87 qps: 329752.87 (r/w/o: 329752.87/0.00/0.00) lat (ms,95%): 5.57 err/s: 0.00 reconn/s: 0.00
[ 211s ] thds: 1536 tps: 330607.08 qps: 330609.08 (r/w/o: 330609.08/0.00/0.00) lat (ms,95%): 5.28 err/s: 0.00 reconn/s: 0.00
[ 212s ] thds: 1536 tps: 333880.11 qps: 333880.11 (r/w/o: 333880.11/0.00/0.00) lat (ms,95%): 5.18 err/s: 0.00 reconn/s: 0.00
[ 213s ] thds: 1536 tps: 335721.85 qps: 335720.85 (r/w/o: 335720.85/0.00/0.00) lat (ms,95%): 5.47 err/s: 0.00 reconn/s: 0.00
[ 214s ] thds: 1536 tps: 329596.94 qps: 329593.94 (r/w/o: 329593.94/0.00/0.00) lat (ms,95%): 5.57 err/s: 0.00 reconn/s: 0.00
[ 215s ] thds: 1536 tps: 329541.32 qps: 329546.32 (r/w/o: 329546.32/0.00/0.00) lat (ms,95%): 5.47 err/s: 0.00 reconn/s: 0.00
[ 216s ] thds: 1536 tps: 332557.21 qps: 332554.21 (r/w/o: 332554.21/0.00/0.00) lat (ms,95%): 5.47 err/s: 0.00 reconn/s: 0.00
[ 217s ] thds: 1536 tps: 329710.31 qps: 329712.31 (r/w/o: 329712.31/0.00/0.00) lat (ms,95%): 5.57 err/s: 0.00 reconn/s: 0.00
[ 218s ] thds: 1536 tps: 329729.16 qps: 329727.16 (r/w/o: 329727.16/0.00/0.00) lat (ms,95%): 5.47 err/s: 0.00 reconn/s: 0.00
[ 219s ] thds: 1536 tps: 329791.87 qps: 329795.87 (r/w/o: 329795.87/0.00/0.00) lat (ms,95%): 5.47 err/s: 0.00 reconn/s: 0.00
[ 220s ] thds: 1536 tps: 330322.81 qps: 330318.81 (r/w/o: 330318.81/0.00/0.00) lat (ms,95%): 5.47 err/s: 0.00 reconn/s: 0.00
[ 221s ] thds: 1536 tps: 329611.53 qps: 329613.53 (r/w/o: 329613.53/0.00/0.00) lat (ms,95%): 5.57 err/s: 0.00 reconn/s: 0.00
[ 222s ] thds: 1536 tps: 329760.17 qps: 329757.17 (r/w/o: 329757.17/0.00/0.00) lat (ms,95%): 5.57 err/s: 0.00 reconn/s: 0.00
[ 223s ] thds: 1536 tps: 329788.12 qps: 329791.12 (r/w/o: 329791.12/0.00/0.00) lat (ms,95%): 5.47 err/s: 0.00 reconn/s: 0.00
[ 224s ] thds: 1536 tps: 329809.11 qps: 329809.11 (r/w/o: 329809.11/0.00/0.00) lat (ms,95%): 5.57 err/s: 0.00 reconn/s: 0.00
[ 225s ] thds: 1536 tps: 329647.47 qps: 329647.47 (r/w/o: 329647.47/0.00/0.00) lat (ms,95%): 5.57 err/s: 0.00 reconn/s: 0.00
[ 226s ] thds: 1536 tps: 329764.23 qps: 329764.23 (r/w/o: 329764.23/0.00/0.00) lat (ms,95%): 5.57 err/s: 0.00 reconn/s: 0.00
[ 227s ] thds: 1536 tps: 333087.02 qps: 333088.02 (r/w/o: 333088.02/0.00/0.00) lat (ms,95%): 5.47 err/s: 0.00 reconn/s: 0.00
[ 228s ] thds: 1536 tps: 330808.57 qps: 330807.57 (r/w/o: 330807.57/0.00/0.00) lat (ms,95%): 5.28 err/s: 0.00 reconn/s: 0.00
[ 229s ] thds: 1536 tps: 332020.54 qps: 332021.54 (r/w/o: 332021.54/0.00/0.00) lat (ms,95%): 5.67 err/s: 0.00 reconn/s: 0.00
[ 230s ] thds: 1536 tps: 329694.72 qps: 329693.72 (r/w/o: 329693.72/0.00/0.00) lat (ms,95%): 5.67 err/s: 0.00 reconn/s: 0.00
[ 231s ] thds: 1536 tps: 331143.19 qps: 331140.19 (r/w/o: 331140.19/0.00/0.00) lat (ms,95%): 5.57 err/s: 0.00 reconn/s: 0.00
[ 232s ] thds: 1536 tps: 329784.36 qps: 329782.36 (r/w/o: 329782.36/0.00/0.00) lat (ms,95%): 5.67 err/s: 0.00 reconn/s: 0.00
[ 233s ] thds: 1536 tps: 329742.99 qps: 329744.00 (r/w/o: 329744.00/0.00/0.00) lat (ms,95%): 5.57 err/s: 0.00 reconn/s: 0.00
[ 234s ] thds: 1536 tps: 329531.23 qps: 329536.23 (r/w/o: 329536.23/0.00/0.00) lat (ms,95%): 5.57 err/s: 0.00 reconn/s: 0.00
[ 235s ] thds: 1536 tps: 329957.05 qps: 329958.05 (r/w/o: 329958.05/0.00/0.00) lat (ms,95%): 5.47 err/s: 0.00 reconn/s: 0.00
[ 236s ] thds: 1536 tps: 329664.85 qps: 329662.85 (r/w/o: 329662.85/0.00/0.00) lat (ms,95%): 5.57 err/s: 0.00 reconn/s: 0.00
[ 237s ] thds: 1536 tps: 329482.62 qps: 329482.62 (r/w/o: 329482.62/0.00/0.00) lat (ms,95%): 5.57 err/s: 0.00 reconn/s: 0.00
[ 238s ] thds: 1536 tps: 330048.93 qps: 330050.93 (r/w/o: 330050.93/0.00/0.00) lat (ms,95%): 5.57 err/s: 0.00 reconn/s: 0.00
[ 239s ] thds: 1536 tps: 330111.39 qps: 330107.39 (r/w/o: 330107.39/0.00/0.00) lat (ms,95%): 5.57 err/s: 0.00 reconn/s: 0.00
[ 240s ] thds: 1536 tps: 333060.45 qps: 333062.45 (r/w/o: 333062.45/0.00/0.00) lat (ms,95%): 5.37 err/s: 0.00 reconn/s: 0.00
[ 241s ] thds: 1536 tps: 329762.91 qps: 329764.91 (r/w/o: 329764.91/0.00/0.00) lat (ms,95%): 5.57 err/s: 0.00 reconn/s: 0.00
[ 242s ] thds: 1536 tps: 329668.45 qps: 329667.45 (r/w/o: 329667.45/0.00/0.00) lat (ms,95%): 5.57 err/s: 0.00 reconn/s: 0.00
[ 243s ] thds: 1536 tps: 339978.42 qps: 339978.42 (r/w/o: 339978.42/0.00/0.00) lat (ms,95%): 5.57 err/s: 0.00 reconn/s: 0.00
[ 244s ] thds: 1536 tps: 337446.16 qps: 337446.16 (r/w/o: 337446.16/0.00/0.00) lat (ms,95%): 5.37 err/s: 0.00 reconn/s: 0.00
[ 245s ] thds: 1536 tps: 329696.39 qps: 329694.39 (r/w/o: 329694.39/0.00/0.00) lat (ms,95%): 5.57 err/s: 0.00 reconn/s: 0.00
[ 246s ] thds: 1536 tps: 329567.00 qps: 329566.00 (r/w/o: 329566.00/0.00/0.00) lat (ms,95%): 5.67 err/s: 0.00 reconn/s: 0.00
[ 247s ] thds: 1536 tps: 329592.53 qps: 329594.53 (r/w/o: 329594.53/0.00/0.00) lat (ms,95%): 5.47 err/s: 0.00 reconn/s: 0.00
[ 248s ] thds: 1536 tps: 331682.38 qps: 331684.38 (r/w/o: 331684.38/0.00/0.00) lat (ms,95%): 5.37 err/s: 0.00 reconn/s: 0.00
[ 249s ] thds: 1536 tps: 332114.87 qps: 332112.87 (r/w/o: 332112.87/0.00/0.00) lat (ms,95%): 5.47 err/s: 0.00 reconn/s: 0.00
[ 250s ] thds: 1536 tps: 329620.69 qps: 329621.69 (r/w/o: 329621.69/0.00/0.00) lat (ms,95%): 5.47 err/s: 0.00 reconn/s: 0.00
[ 251s ] thds: 1536 tps: 329909.17 qps: 329908.17 (r/w/o: 329908.17/0.00/0.00) lat (ms,95%): 5.47 err/s: 0.00 reconn/s: 0.00
[ 252s ] thds: 1536 tps: 329621.19 qps: 329618.19 (r/w/o: 329618.19/0.00/0.00) lat (ms,95%): 5.47 err/s: 0.00 reconn/s: 0.00
[ 253s ] thds: 1536 tps: 329634.91 qps: 329633.91 (r/w/o: 329633.91/0.00/0.00) lat (ms,95%): 5.47 err/s: 0.00 reconn/s: 0.00
[ 254s ] thds: 1536 tps: 329508.85 qps: 329514.85 (r/w/o: 329514.85/0.00/0.00) lat (ms,95%): 5.57 err/s: 0.00 reconn/s: 0.00
[ 255s ] thds: 1536 tps: 332521.62 qps: 332515.62 (r/w/o: 332515.62/0.00/0.00) lat (ms,95%): 5.37 err/s: 0.00 reconn/s: 0.00
[ 256s ] thds: 1536 tps: 329760.60 qps: 329765.60 (r/w/o: 329765.60/0.00/0.00) lat (ms,95%): 5.47 err/s: 0.00 reconn/s: 0.00
[ 257s ] thds: 1536 tps: 329581.29 qps: 329582.29 (r/w/o: 329582.29/0.00/0.00) lat (ms,95%): 5.47 err/s: 0.00 reconn/s: 0.00
[ 258s ] thds: 1536 tps: 329682.66 qps: 329678.66 (r/w/o: 329678.66/0.00/0.00) lat (ms,95%): 5.47 err/s: 0.00 reconn/s: 0.00
[ 259s ] thds: 1536 tps: 329593.86 qps: 329595.86 (r/w/o: 329595.86/0.00/0.00) lat (ms,95%): 5.47 err/s: 0.00 reconn/s: 0.00
[ 260s ] thds: 1536 tps: 329479.43 qps: 329480.43 (r/w/o: 329480.43/0.00/0.00) lat (ms,95%): 5.47 err/s: 0.00 reconn/s: 0.00
[ 261s ] thds: 1536 tps: 329600.90 qps: 329600.90 (r/w/o: 329600.90/0.00/0.00) lat (ms,95%): 5.47 err/s: 0.00 reconn/s: 0.00
[ 262s ] thds: 1536 tps: 350876.85 qps: 350874.85 (r/w/o: 350874.85/0.00/0.00) lat (ms,95%): 5.37 err/s: 0.00 reconn/s: 0.00
[ 263s ] thds: 1536 tps: 333432.05 qps: 333434.05 (r/w/o: 333434.05/0.00/0.00) lat (ms,95%): 5.47 err/s: 0.00 reconn/s: 0.00
[ 264s ] thds: 1536 tps: 329860.59 qps: 329858.59 (r/w/o: 329858.59/0.00/0.00) lat (ms,95%): 5.57 err/s: 0.00 reconn/s: 0.00
[ 265s ] thds: 1536 tps: 329714.59 qps: 329711.59 (r/w/o: 329711.59/0.00/0.00) lat (ms,95%): 5.57 err/s: 0.00 reconn/s: 0.00
[ 266s ] thds: 1536 tps: 329857.13 qps: 329860.13 (r/w/o: 329860.13/0.00/0.00) lat (ms,95%): 5.57 err/s: 0.00 reconn/s: 0.00
[ 267s ] thds: 1536 tps: 329840.05 qps: 329841.05 (r/w/o: 329841.05/0.00/0.00) lat (ms,95%): 5.57 err/s: 0.00 reconn/s: 0.00
[ 268s ] thds: 1536 tps: 329784.39 qps: 329786.39 (r/w/o: 329786.39/0.00/0.00) lat (ms,95%): 5.57 err/s: 0.00 reconn/s: 0.00
[ 269s ] thds: 1536 tps: 329771.33 qps: 329771.33 (r/w/o: 329771.33/0.00/0.00) lat (ms,95%): 5.67 err/s: 0.00 reconn/s: 0.00
[ 270s ] thds: 1536 tps: 329832.95 qps: 329829.95 (r/w/o: 329829.95/0.00/0.00) lat (ms,95%): 5.57 err/s: 0.00 reconn/s: 0.00
[ 271s ] thds: 1536 tps: 329712.20 qps: 329715.20 (r/w/o: 329715.20/0.00/0.00) lat (ms,95%): 5.57 err/s: 0.00 reconn/s: 0.00
[ 272s ] thds: 1536 tps: 329925.49 qps: 329925.49 (r/w/o: 329925.49/0.00/0.00) lat (ms,95%): 5.57 err/s: 0.00 reconn/s: 0.00
[ 273s ] thds: 1536 tps: 329770.73 qps: 329768.73 (r/w/o: 329768.73/0.00/0.00) lat (ms,95%): 5.47 err/s: 0.00 reconn/s: 0.00
[ 274s ] thds: 1536 tps: 329816.92 qps: 329814.92 (r/w/o: 329814.92/0.00/0.00) lat (ms,95%): 5.57 err/s: 0.00 reconn/s: 0.00
[ 275s ] thds: 1536 tps: 330334.99 qps: 330334.99 (r/w/o: 330334.99/0.00/0.00) lat (ms,95%): 5.47 err/s: 0.00 reconn/s: 0.00
[ 276s ] thds: 1536 tps: 335842.15 qps: 335846.15 (r/w/o: 335846.15/0.00/0.00) lat (ms,95%): 5.37 err/s: 0.00 reconn/s: 0.00
[ 277s ] thds: 1536 tps: 329917.80 qps: 329916.80 (r/w/o: 329916.80/0.00/0.00) lat (ms,95%): 5.57 err/s: 0.00 reconn/s: 0.00
[ 278s ] thds: 1536 tps: 329654.69 qps: 329651.69 (r/w/o: 329651.69/0.00/0.00) lat (ms,95%): 5.57 err/s: 0.00 reconn/s: 0.00
[ 279s ] thds: 1536 tps: 329631.40 qps: 329635.40 (r/w/o: 329635.40/0.00/0.00) lat (ms,95%): 5.57 err/s: 0.00 reconn/s: 0.00
[ 280s ] thds: 1536 tps: 329825.29 qps: 329821.29 (r/w/o: 329821.29/0.00/0.00) lat (ms,95%): 5.57 err/s: 0.00 reconn/s: 0.00
[ 281s ] thds: 1536 tps: 332054.41 qps: 332051.41 (r/w/o: 332051.41/0.00/0.00) lat (ms,95%): 5.47 err/s: 0.00 reconn/s: 0.00
[ 282s ] thds: 1536 tps: 329772.57 qps: 329775.57 (r/w/o: 329775.57/0.00/0.00) lat (ms,95%): 5.57 err/s: 0.00 reconn/s: 0.00
[ 283s ] thds: 1536 tps: 329760.81 qps: 329762.81 (r/w/o: 329762.81/0.00/0.00) lat (ms,95%): 5.57 err/s: 0.00 reconn/s: 0.00
[ 284s ] thds: 1536 tps: 329887.47 qps: 329885.47 (r/w/o: 329885.47/0.00/0.00) lat (ms,95%): 5.57 err/s: 0.00 reconn/s: 0.00
[ 285s ] thds: 1536 tps: 329881.16 qps: 329885.16 (r/w/o: 329885.16/0.00/0.00) lat (ms,95%): 5.57 err/s: 0.00 reconn/s: 0.00
[ 286s ] thds: 1536 tps: 329941.89 qps: 329939.89 (r/w/o: 329939.89/0.00/0.00) lat (ms,95%): 5.47 err/s: 0.00 reconn/s: 0.00
[ 287s ] thds: 1536 tps: 330004.69 qps: 330005.69 (r/w/o: 330005.69/0.00/0.00) lat (ms,95%): 5.57 err/s: 0.00 reconn/s: 0.00
[ 288s ] thds: 1536 tps: 329903.50 qps: 329901.50 (r/w/o: 329901.50/0.00/0.00) lat (ms,95%): 5.67 err/s: 0.00 reconn/s: 0.00
[ 289s ] thds: 1536 tps: 332680.97 qps: 332680.97 (r/w/o: 332680.97/0.00/0.00) lat (ms,95%): 5.47 err/s: 0.00 reconn/s: 0.00
[ 290s ] thds: 1536 tps: 329812.48 qps: 329815.48 (r/w/o: 329815.48/0.00/0.00) lat (ms,95%): 5.57 err/s: 0.00 reconn/s: 0.00
[ 291s ] thds: 1536 tps: 329779.85 qps: 329777.85 (r/w/o: 329777.85/0.00/0.00) lat (ms,95%): 5.57 err/s: 0.00 reconn/s: 0.00
[ 292s ] thds: 1536 tps: 329689.29 qps: 329689.29 (r/w/o: 329689.29/0.00/0.00) lat (ms,95%): 5.47 err/s: 0.00 reconn/s: 0.00
[ 293s ] thds: 1536 tps: 329641.07 qps: 329640.07 (r/w/o: 329640.07/0.00/0.00) lat (ms,95%): 5.47 err/s: 0.00 reconn/s: 0.00
[ 294s ] thds: 1536 tps: 329771.36 qps: 329770.36 (r/w/o: 329770.36/0.00/0.00) lat (ms,95%): 5.57 err/s: 0.00 reconn/s: 0.00
[ 295s ] thds: 1536 tps: 329626.42 qps: 329628.42 (r/w/o: 329628.42/0.00/0.00) lat (ms,95%): 5.57 err/s: 0.00 reconn/s: 0.00
[ 296s ] thds: 1536 tps: 376408.47 qps: 376407.47 (r/w/o: 376407.47/0.00/0.00) lat (ms,95%): 5.37 err/s: 0.00 reconn/s: 0.00
[ 297s ] thds: 1536 tps: 382208.96 qps: 382211.96 (r/w/o: 382211.96/0.00/0.00) lat (ms,95%): 5.37 err/s: 0.00 reconn/s: 0.00
[ 298s ] thds: 1536 tps: 330520.40 qps: 330517.40 (r/w/o: 330517.40/0.00/0.00) lat (ms,95%): 5.47 err/s: 0.00 reconn/s: 0.00
[ 299s ] thds: 1536 tps: 332008.22 qps: 332011.22 (r/w/o: 332011.22/0.00/0.00) lat (ms,95%): 5.57 err/s: 0.00 reconn/s: 0.00
[ 300s ] thds: 1536 tps: 319533.11 qps: 319533.11 (r/w/o: 319533.11/0.00/0.00) lat (ms,95%): 5.57 err/s: 0.00 reconn/s: 0.00
SQL statistics:
    queries performed:
        read:                            99866404
        write:                           0
        other:                           0
        total:                           99866404
    transactions:                        99866404 (332530.09 per sec.)
    queries:                             99866404 (332530.09 per sec.)
    ignored errors:                      0      (0.00 per sec.)
    reconnects:                          0      (0.00 per sec.)

General statistics:
    total time:                          300.3214s
    total number of events:              99866404

Latency (ms):
         min:                                    0.04
         avg:                                    4.61
         max:                                 1835.19
         95th percentile:                        5.57
         sum:                            460461467.43

Threads fairness:
    events (avg/stddev):           65017.1901/918.88
    execution time (avg/stddev):   299.7796/0.09

