sysbench 1.0.20 (using bundled LuaJIT 2.1.0-beta2)

Running the test with following options:
Number of threads: 1536
Report intermediate results every 1 second(s)
Initializing random number generator from current time


Initializing worker threads...

Threads started!

[ 1s ] thds: 1536 tps: 4636.01 qps: 86156.95 (r/w/o: 75387.08/0.00/10769.86) lat (ms,95%): 831.46 err/s: 0.00 reconn/s: 0.00
[ 2s ] thds: 1536 tps: 11225.18 qps: 183155.20 (r/w/o: 160545.83/0.00/22609.37) lat (ms,95%): 376.49 err/s: 0.00 reconn/s: 0.00
[ 3s ] thds: 1536 tps: 15044.45 qps: 241624.05 (r/w/o: 211593.13/0.00/30030.92) lat (ms,95%): 484.44 err/s: 0.00 reconn/s: 0.00
[ 4s ] thds: 1536 tps: 14393.42 qps: 229222.55 (r/w/o: 200565.73/0.00/28656.82) lat (ms,95%): 467.30 err/s: 0.00 reconn/s: 0.00
[ 5s ] thds: 1536 tps: 13442.72 qps: 214942.52 (r/w/o: 188067.08/0.00/26875.44) lat (ms,95%): 123.28 err/s: 0.00 reconn/s: 0.00
[ 6s ] thds: 1536 tps: 13466.38 qps: 215827.98 (r/w/o: 188890.23/0.00/26937.76) lat (ms,95%): 123.28 err/s: 0.00 reconn/s: 0.00
[ 7s ] thds: 1536 tps: 13547.96 qps: 216416.36 (r/w/o: 189318.43/0.00/27097.93) lat (ms,95%): 123.28 err/s: 0.00 reconn/s: 0.00
[ 8s ] thds: 1536 tps: 13599.67 qps: 217675.71 (r/w/o: 190481.37/0.00/27194.34) lat (ms,95%): 123.28 err/s: 0.00 reconn/s: 0.00
[ 9s ] thds: 1536 tps: 13652.10 qps: 218608.67 (r/w/o: 191305.46/0.00/27303.21) lat (ms,95%): 121.08 err/s: 0.00 reconn/s: 0.00
[ 10s ] thds: 1536 tps: 13674.60 qps: 218573.54 (r/w/o: 191227.35/0.00/27346.19) lat (ms,95%): 121.08 err/s: 0.00 reconn/s: 0.00
[ 11s ] thds: 1536 tps: 13654.39 qps: 218623.19 (r/w/o: 191300.42/0.00/27322.77) lat (ms,95%): 121.08 err/s: 0.00 reconn/s: 0.00
[ 12s ] thds: 1536 tps: 13692.13 qps: 218929.13 (r/w/o: 191551.87/0.00/27377.27) lat (ms,95%): 121.08 err/s: 0.00 reconn/s: 0.00
[ 13s ] thds: 1536 tps: 13655.29 qps: 218560.58 (r/w/o: 191262.00/0.00/27298.57) lat (ms,95%): 121.08 err/s: 0.00 reconn/s: 0.00
[ 14s ] thds: 1536 tps: 13435.58 qps: 214868.25 (r/w/o: 187997.09/0.00/26871.16) lat (ms,95%): 123.28 err/s: 0.00 reconn/s: 0.00
[ 15s ] thds: 1536 tps: 13443.90 qps: 215111.43 (r/w/o: 188202.63/0.00/26908.80) lat (ms,95%): 123.28 err/s: 0.00 reconn/s: 0.00
[ 16s ] thds: 1536 tps: 13722.96 qps: 219791.40 (r/w/o: 192351.47/0.00/27439.92) lat (ms,95%): 121.08 err/s: 0.00 reconn/s: 0.00
[ 17s ] thds: 1536 tps: 13799.72 qps: 220834.55 (r/w/o: 193235.11/0.00/27599.44) lat (ms,95%): 121.08 err/s: 0.00 reconn/s: 0.00
[ 18s ] thds: 1536 tps: 13799.62 qps: 220714.96 (r/w/o: 193111.72/0.00/27603.25) lat (ms,95%): 121.08 err/s: 0.00 reconn/s: 0.00
[ 19s ] thds: 1536 tps: 13791.91 qps: 220875.56 (r/w/o: 193302.74/0.00/27572.82) lat (ms,95%): 121.08 err/s: 0.00 reconn/s: 0.00
[ 20s ] thds: 1536 tps: 13838.71 qps: 220950.32 (r/w/o: 193259.91/0.00/27690.41) lat (ms,95%): 121.08 err/s: 0.00 reconn/s: 0.00
[ 21s ] thds: 1536 tps: 13801.00 qps: 220925.01 (r/w/o: 193329.01/0.00/27596.00) lat (ms,95%): 118.92 err/s: 0.00 reconn/s: 0.00
[ 22s ] thds: 1536 tps: 13794.75 qps: 220814.02 (r/w/o: 193230.51/0.00/27583.51) lat (ms,95%): 118.92 err/s: 0.00 reconn/s: 0.00
[ 23s ] thds: 1536 tps: 13797.96 qps: 220801.37 (r/w/o: 193207.45/0.00/27593.92) lat (ms,95%): 121.08 err/s: 0.00 reconn/s: 0.00
[ 24s ] thds: 1536 tps: 13807.43 qps: 221003.93 (r/w/o: 193394.06/0.00/27609.87) lat (ms,95%): 121.08 err/s: 0.00 reconn/s: 0.00
[ 25s ] thds: 1536 tps: 13815.45 qps: 220758.25 (r/w/o: 193121.34/0.00/27636.90) lat (ms,95%): 118.92 err/s: 0.00 reconn/s: 0.00
[ 26s ] thds: 1536 tps: 13791.79 qps: 220779.63 (r/w/o: 193195.05/0.00/27584.58) lat (ms,95%): 121.08 err/s: 0.00 reconn/s: 0.00
[ 27s ] thds: 1536 tps: 13829.89 qps: 220962.29 (r/w/o: 193300.50/0.00/27661.79) lat (ms,95%): 118.92 err/s: 0.00 reconn/s: 0.00
[ 28s ] thds: 1536 tps: 13783.99 qps: 220854.91 (r/w/o: 193288.93/0.00/27565.98) lat (ms,95%): 121.08 err/s: 0.00 reconn/s: 0.00
[ 29s ] thds: 1536 tps: 13790.39 qps: 220762.27 (r/w/o: 193174.49/0.00/27587.79) lat (ms,95%): 118.92 err/s: 0.00 reconn/s: 0.00
[ 30s ] thds: 1536 tps: 13830.88 qps: 220995.07 (r/w/o: 193342.31/0.00/27652.76) lat (ms,95%): 118.92 err/s: 0.00 reconn/s: 0.00
[ 31s ] thds: 1536 tps: 13795.96 qps: 220915.36 (r/w/o: 193315.44/0.00/27599.92) lat (ms,95%): 121.08 err/s: 0.00 reconn/s: 0.00
[ 32s ] thds: 1536 tps: 13806.08 qps: 220838.25 (r/w/o: 193223.09/0.00/27615.16) lat (ms,95%): 118.92 err/s: 0.00 reconn/s: 0.00
[ 33s ] thds: 1536 tps: 13781.46 qps: 220801.23 (r/w/o: 193243.32/0.00/27557.91) lat (ms,95%): 118.92 err/s: 0.00 reconn/s: 0.00
[ 34s ] thds: 1536 tps: 13819.46 qps: 220662.19 (r/w/o: 193028.28/0.00/27633.91) lat (ms,95%): 121.08 err/s: 0.00 reconn/s: 0.00
[ 35s ] thds: 1536 tps: 13798.35 qps: 220839.55 (r/w/o: 193241.86/0.00/27597.70) lat (ms,95%): 121.08 err/s: 0.00 reconn/s: 0.00
[ 36s ] thds: 1536 tps: 13801.85 qps: 220809.55 (r/w/o: 193200.86/0.00/27608.69) lat (ms,95%): 118.92 err/s: 0.00 reconn/s: 0.00
[ 37s ] thds: 1536 tps: 13808.71 qps: 220945.31 (r/w/o: 193332.89/0.00/27612.41) lat (ms,95%): 121.08 err/s: 0.00 reconn/s: 0.00
[ 38s ] thds: 1536 tps: 13804.24 qps: 220858.79 (r/w/o: 193250.32/0.00/27608.47) lat (ms,95%): 121.08 err/s: 0.00 reconn/s: 0.00
[ 39s ] thds: 1536 tps: 13781.10 qps: 220810.66 (r/w/o: 193248.45/0.00/27562.21) lat (ms,95%): 121.08 err/s: 0.00 reconn/s: 0.00
[ 40s ] thds: 1536 tps: 13802.26 qps: 220791.14 (r/w/o: 193184.63/0.00/27606.52) lat (ms,95%): 121.08 err/s: 0.00 reconn/s: 0.00
[ 41s ] thds: 1536 tps: 13829.52 qps: 220944.16 (r/w/o: 193299.14/0.00/27645.03) lat (ms,95%): 121.08 err/s: 0.00 reconn/s: 0.00
[ 42s ] thds: 1536 tps: 13812.12 qps: 220855.86 (r/w/o: 193227.62/0.00/27628.23) lat (ms,95%): 118.92 err/s: 0.00 reconn/s: 0.00
[ 43s ] thds: 1536 tps: 13792.02 qps: 220878.25 (r/w/o: 193280.22/0.00/27598.03) lat (ms,95%): 121.08 err/s: 0.00 reconn/s: 0.00
[ 44s ] thds: 1536 tps: 16338.28 qps: 261016.48 (r/w/o: 228346.92/0.00/32669.55) lat (ms,95%): 427.07 err/s: 0.00 reconn/s: 0.00
[ 45s ] thds: 1536 tps: 13964.37 qps: 224004.93 (r/w/o: 196070.19/0.00/27934.73) lat (ms,95%): 193.38 err/s: 0.00 reconn/s: 0.00
[ 46s ] thds: 1536 tps: 13819.62 qps: 220897.95 (r/w/o: 193264.71/0.00/27633.24) lat (ms,95%): 118.92 err/s: 0.00 reconn/s: 0.00
[ 47s ] thds: 1536 tps: 13805.02 qps: 220971.27 (r/w/o: 193370.24/0.00/27601.03) lat (ms,95%): 121.08 err/s: 0.00 reconn/s: 0.00
[ 48s ] thds: 1536 tps: 13797.70 qps: 220831.19 (r/w/o: 193216.79/0.00/27614.40) lat (ms,95%): 121.08 err/s: 0.00 reconn/s: 0.00
[ 49s ] thds: 1536 tps: 13798.07 qps: 220880.18 (r/w/o: 193294.03/0.00/27586.15) lat (ms,95%): 118.92 err/s: 0.00 reconn/s: 0.00
[ 50s ] thds: 1536 tps: 13816.49 qps: 220933.80 (r/w/o: 193294.82/0.00/27638.98) lat (ms,95%): 121.08 err/s: 0.00 reconn/s: 0.00
[ 51s ] thds: 1536 tps: 15382.15 qps: 244261.40 (r/w/o: 213511.10/0.00/30750.30) lat (ms,95%): 150.29 err/s: 0.00 reconn/s: 0.00
[ 52s ] thds: 1536 tps: 15089.83 qps: 242439.99 (r/w/o: 212237.34/0.00/30202.65) lat (ms,95%): 467.30 err/s: 0.00 reconn/s: 0.00
[ 53s ] thds: 1536 tps: 14896.93 qps: 238513.85 (r/w/o: 208727.00/0.00/29786.85) lat (ms,95%): 331.91 err/s: 0.00 reconn/s: 0.00
[ 54s ] thds: 1536 tps: 15428.17 qps: 245699.73 (r/w/o: 214834.39/0.00/30865.34) lat (ms,95%): 248.83 err/s: 0.00 reconn/s: 0.00
[ 55s ] thds: 1536 tps: 15027.05 qps: 238106.79 (r/w/o: 208030.69/0.00/30076.10) lat (ms,95%): 442.73 err/s: 0.00 reconn/s: 0.00
[ 56s ] thds: 1536 tps: 8751.89 qps: 140796.19 (r/w/o: 123294.41/0.00/17501.77) lat (ms,95%): 363.18 err/s: 0.00 reconn/s: 0.00
[ 57s ] thds: 1536 tps: 8703.41 qps: 139219.52 (r/w/o: 121811.71/0.00/17407.81) lat (ms,95%): 337.94 err/s: 0.00 reconn/s: 0.00
[ 58s ] thds: 1536 tps: 8488.34 qps: 135694.42 (r/w/o: 118716.74/0.00/16977.68) lat (ms,95%): 331.91 err/s: 0.00 reconn/s: 0.00
[ 59s ] thds: 1536 tps: 8872.55 qps: 141812.86 (r/w/o: 124068.76/0.00/17744.11) lat (ms,95%): 331.91 err/s: 0.00 reconn/s: 0.00
[ 60s ] thds: 1536 tps: 8671.56 qps: 139080.95 (r/w/o: 121738.83/0.00/17342.12) lat (ms,95%): 331.91 err/s: 0.00 reconn/s: 0.00
[ 61s ] thds: 1536 tps: 8701.84 qps: 139042.47 (r/w/o: 121639.78/0.00/17402.69) lat (ms,95%): 331.91 err/s: 0.00 reconn/s: 0.00
[ 62s ] thds: 1536 tps: 8668.90 qps: 138795.41 (r/w/o: 121454.61/0.00/17340.80) lat (ms,95%): 331.91 err/s: 0.00 reconn/s: 0.00
[ 63s ] thds: 1536 tps: 8735.97 qps: 139831.50 (r/w/o: 122359.57/0.00/17471.94) lat (ms,95%): 331.91 err/s: 0.00 reconn/s: 0.00
[ 64s ] thds: 1536 tps: 8553.42 qps: 136664.77 (r/w/o: 119558.93/0.00/17105.85) lat (ms,95%): 331.91 err/s: 0.00 reconn/s: 0.00
[ 65s ] thds: 1536 tps: 8591.66 qps: 137666.57 (r/w/o: 120482.25/0.00/17184.32) lat (ms,95%): 337.94 err/s: 0.00 reconn/s: 0.00
[ 66s ] thds: 1536 tps: 13748.80 qps: 222379.58 (r/w/o: 194904.98/0.00/27474.60) lat (ms,95%): 314.45 err/s: 0.00 reconn/s: 0.00
[ 67s ] thds: 1536 tps: 15579.28 qps: 248871.44 (r/w/o: 217732.89/0.00/31138.56) lat (ms,95%): 411.96 err/s: 0.00 reconn/s: 0.00
[ 68s ] thds: 1536 tps: 16220.59 qps: 258652.44 (r/w/o: 226205.26/0.00/32447.18) lat (ms,95%): 404.61 err/s: 0.00 reconn/s: 0.00
[ 69s ] thds: 1536 tps: 15826.44 qps: 254062.98 (r/w/o: 222399.10/0.00/31663.88) lat (ms,95%): 549.52 err/s: 0.00 reconn/s: 0.00
[ 70s ] thds: 1536 tps: 14700.03 qps: 234489.45 (r/w/o: 205081.40/0.00/29408.06) lat (ms,95%): 369.77 err/s: 0.00 reconn/s: 0.00
[ 71s ] thds: 1536 tps: 12504.92 qps: 198804.76 (r/w/o: 173778.91/0.00/25025.84) lat (ms,95%): 539.71 err/s: 0.00 reconn/s: 0.00
[ 72s ] thds: 1536 tps: 8681.07 qps: 138675.13 (r/w/o: 121312.00/0.00/17363.13) lat (ms,95%): 344.08 err/s: 0.00 reconn/s: 0.00
[ 73s ] thds: 1536 tps: 8757.11 qps: 140207.74 (r/w/o: 122693.52/0.00/17514.21) lat (ms,95%): 331.91 err/s: 0.00 reconn/s: 0.00
[ 74s ] thds: 1536 tps: 8567.11 qps: 137411.82 (r/w/o: 120276.59/0.00/17135.23) lat (ms,95%): 331.91 err/s: 0.00 reconn/s: 0.00
[ 75s ] thds: 1536 tps: 8463.92 qps: 135288.73 (r/w/o: 118360.88/0.00/16927.84) lat (ms,95%): 337.94 err/s: 0.00 reconn/s: 0.00
[ 76s ] thds: 1536 tps: 8631.30 qps: 137717.84 (r/w/o: 120455.24/0.00/17262.60) lat (ms,95%): 337.94 err/s: 0.00 reconn/s: 0.00
[ 77s ] thds: 1536 tps: 8944.23 qps: 143238.60 (r/w/o: 125351.15/0.00/17887.45) lat (ms,95%): 331.91 err/s: 0.00 reconn/s: 0.00
[ 78s ] thds: 1536 tps: 8639.65 qps: 138381.44 (r/w/o: 121102.13/0.00/17279.30) lat (ms,95%): 331.91 err/s: 0.00 reconn/s: 0.00
[ 79s ] thds: 1536 tps: 10310.34 qps: 167833.95 (r/w/o: 147245.27/0.00/20588.68) lat (ms,95%): 325.98 err/s: 0.00 reconn/s: 0.00
[ 80s ] thds: 1536 tps: 15681.63 qps: 250573.04 (r/w/o: 219205.78/0.00/31367.26) lat (ms,95%): 369.77 err/s: 0.00 reconn/s: 0.00
[ 81s ] thds: 1536 tps: 14690.25 qps: 235458.06 (r/w/o: 206087.55/0.00/29370.51) lat (ms,95%): 292.60 err/s: 0.00 reconn/s: 0.00
[ 82s ] thds: 1536 tps: 13867.74 qps: 222363.89 (r/w/o: 194633.40/0.00/27730.49) lat (ms,95%): 139.85 err/s: 0.00 reconn/s: 0.00
[ 83s ] thds: 1536 tps: 13797.42 qps: 220896.64 (r/w/o: 193287.81/0.00/27608.83) lat (ms,95%): 121.08 err/s: 0.00 reconn/s: 0.00
[ 84s ] thds: 1536 tps: 13785.51 qps: 220650.15 (r/w/o: 193089.14/0.00/27561.01) lat (ms,95%): 121.08 err/s: 0.00 reconn/s: 0.00
[ 85s ] thds: 1536 tps: 13784.77 qps: 220640.32 (r/w/o: 193062.78/0.00/27577.54) lat (ms,95%): 118.92 err/s: 0.00 reconn/s: 0.00
[ 86s ] thds: 1536 tps: 13833.94 qps: 220894.01 (r/w/o: 193235.13/0.00/27658.89) lat (ms,95%): 118.92 err/s: 0.00 reconn/s: 0.00
[ 87s ] thds: 1536 tps: 13806.75 qps: 220944.98 (r/w/o: 193334.48/0.00/27610.50) lat (ms,95%): 121.08 err/s: 0.00 reconn/s: 0.00
[ 88s ] thds: 1536 tps: 13784.62 qps: 220733.94 (r/w/o: 193154.70/0.00/27579.24) lat (ms,95%): 118.92 err/s: 0.00 reconn/s: 0.00
[ 89s ] thds: 1536 tps: 13802.21 qps: 220721.41 (r/w/o: 193120.98/0.00/27600.42) lat (ms,95%): 121.08 err/s: 0.00 reconn/s: 0.00
[ 90s ] thds: 1536 tps: 13812.49 qps: 220845.85 (r/w/o: 193228.87/0.00/27616.98) lat (ms,95%): 118.92 err/s: 0.00 reconn/s: 0.00
[ 91s ] thds: 1536 tps: 13788.03 qps: 220931.56 (r/w/o: 193344.49/0.00/27587.07) lat (ms,95%): 121.08 err/s: 0.00 reconn/s: 0.00
[ 92s ] thds: 1536 tps: 13783.92 qps: 220598.72 (r/w/o: 193044.87/0.00/27553.84) lat (ms,95%): 121.08 err/s: 0.00 reconn/s: 0.00
[ 93s ] thds: 1536 tps: 13824.83 qps: 220908.29 (r/w/o: 193248.63/0.00/27659.67) lat (ms,95%): 121.08 err/s: 0.00 reconn/s: 0.00
[ 94s ] thds: 1536 tps: 13792.19 qps: 220701.10 (r/w/o: 193114.71/0.00/27586.39) lat (ms,95%): 121.08 err/s: 0.00 reconn/s: 0.00
[ 95s ] thds: 1536 tps: 13788.43 qps: 220738.83 (r/w/o: 193156.98/0.00/27581.86) lat (ms,95%): 121.08 err/s: 0.00 reconn/s: 0.00
[ 96s ] thds: 1536 tps: 13814.77 qps: 220890.23 (r/w/o: 193279.71/0.00/27610.53) lat (ms,95%): 121.08 err/s: 0.00 reconn/s: 0.00
[ 97s ] thds: 1536 tps: 13780.58 qps: 220722.23 (r/w/o: 193150.07/0.00/27572.15) lat (ms,95%): 121.08 err/s: 0.00 reconn/s: 0.00
[ 98s ] thds: 1536 tps: 13803.19 qps: 220768.01 (r/w/o: 193163.63/0.00/27604.38) lat (ms,95%): 121.08 err/s: 0.00 reconn/s: 0.00
[ 99s ] thds: 1536 tps: 14105.44 qps: 224628.93 (r/w/o: 196433.06/0.00/28195.87) lat (ms,95%): 121.08 err/s: 0.00 reconn/s: 0.00
[ 100s ] thds: 1536 tps: 16261.50 qps: 261057.91 (r/w/o: 228521.92/0.00/32535.99) lat (ms,95%): 427.07 err/s: 0.00 reconn/s: 0.00
[ 101s ] thds: 1536 tps: 14537.02 qps: 232051.37 (r/w/o: 202959.32/0.00/29092.05) lat (ms,95%): 189.93 err/s: 0.00 reconn/s: 0.00
[ 102s ] thds: 1536 tps: 14270.20 qps: 229059.24 (r/w/o: 200526.83/0.00/28532.40) lat (ms,95%): 223.34 err/s: 0.00 reconn/s: 0.00
[ 103s ] thds: 1536 tps: 14390.73 qps: 230138.73 (r/w/o: 201359.26/0.00/28779.47) lat (ms,95%): 204.11 err/s: 0.00 reconn/s: 0.00
[ 104s ] thds: 1536 tps: 13791.94 qps: 220751.08 (r/w/o: 193167.20/0.00/27583.88) lat (ms,95%): 118.92 err/s: 0.00 reconn/s: 0.00
[ 105s ] thds: 1536 tps: 13808.14 qps: 220816.28 (r/w/o: 193201.99/0.00/27614.29) lat (ms,95%): 118.92 err/s: 0.00 reconn/s: 0.00
[ 106s ] thds: 1536 tps: 13796.17 qps: 220841.65 (r/w/o: 193253.32/0.00/27588.33) lat (ms,95%): 121.08 err/s: 0.00 reconn/s: 0.00
[ 107s ] thds: 1536 tps: 13782.82 qps: 220733.14 (r/w/o: 193156.49/0.00/27576.65) lat (ms,95%): 121.08 err/s: 0.00 reconn/s: 0.00
[ 108s ] thds: 1536 tps: 13798.91 qps: 220724.55 (r/w/o: 193131.73/0.00/27592.82) lat (ms,95%): 121.08 err/s: 0.00 reconn/s: 0.00
[ 109s ] thds: 1536 tps: 13806.14 qps: 220840.31 (r/w/o: 193226.02/0.00/27614.29) lat (ms,95%): 121.08 err/s: 0.00 reconn/s: 0.00
[ 110s ] thds: 1536 tps: 13800.62 qps: 220763.98 (r/w/o: 193166.73/0.00/27597.25) lat (ms,95%): 121.08 err/s: 0.00 reconn/s: 0.00
[ 111s ] thds: 1536 tps: 13807.03 qps: 220852.52 (r/w/o: 193245.45/0.00/27607.06) lat (ms,95%): 121.08 err/s: 0.00 reconn/s: 0.00
[ 112s ] thds: 1536 tps: 13803.51 qps: 220802.18 (r/w/o: 193190.16/0.00/27612.02) lat (ms,95%): 121.08 err/s: 0.00 reconn/s: 0.00
[ 113s ] thds: 1536 tps: 13776.61 qps: 220763.67 (r/w/o: 193207.45/0.00/27556.21) lat (ms,95%): 121.08 err/s: 0.00 reconn/s: 0.00
[ 114s ] thds: 1536 tps: 13814.15 qps: 220718.39 (r/w/o: 193090.08/0.00/27628.30) lat (ms,95%): 121.08 err/s: 0.00 reconn/s: 0.00
[ 115s ] thds: 1536 tps: 13801.90 qps: 220901.37 (r/w/o: 193298.58/0.00/27602.80) lat (ms,95%): 121.08 err/s: 0.00 reconn/s: 0.00
[ 116s ] thds: 1536 tps: 13786.22 qps: 220681.51 (r/w/o: 193103.07/0.00/27578.44) lat (ms,95%): 121.08 err/s: 0.00 reconn/s: 0.00
[ 117s ] thds: 1536 tps: 13801.42 qps: 220746.73 (r/w/o: 193161.89/0.00/27584.84) lat (ms,95%): 121.08 err/s: 0.00 reconn/s: 0.00
[ 118s ] thds: 1536 tps: 13765.94 qps: 220622.06 (r/w/o: 193079.19/0.00/27542.88) lat (ms,95%): 121.08 err/s: 0.00 reconn/s: 0.00
[ 119s ] thds: 1536 tps: 15412.00 qps: 244277.89 (r/w/o: 213437.88/0.00/30840.01) lat (ms,95%): 142.39 err/s: 0.00 reconn/s: 0.00
[ 120s ] thds: 1536 tps: 15322.92 qps: 245511.74 (r/w/o: 214868.90/0.00/30642.84) lat (ms,95%): 475.79 err/s: 0.00 reconn/s: 0.00
[ 121s ] thds: 1536 tps: 15066.84 qps: 242922.43 (r/w/o: 212791.75/0.00/30130.68) lat (ms,95%): 427.07 err/s: 0.00 reconn/s: 0.00
[ 122s ] thds: 1536 tps: 14710.55 qps: 235012.78 (r/w/o: 205594.69/0.00/29418.09) lat (ms,95%): 253.35 err/s: 0.00 reconn/s: 0.00
[ 123s ] thds: 1536 tps: 13851.56 qps: 221617.01 (r/w/o: 193925.88/0.00/27691.13) lat (ms,95%): 161.51 err/s: 0.00 reconn/s: 0.00
[ 124s ] thds: 1536 tps: 13786.44 qps: 220847.10 (r/w/o: 193260.21/0.00/27586.89) lat (ms,95%): 121.08 err/s: 0.00 reconn/s: 0.00
[ 125s ] thds: 1536 tps: 13792.82 qps: 220703.05 (r/w/o: 193123.42/0.00/27579.63) lat (ms,95%): 121.08 err/s: 0.00 reconn/s: 0.00
[ 126s ] thds: 1536 tps: 13785.83 qps: 220687.25 (r/w/o: 193115.59/0.00/27571.66) lat (ms,95%): 121.08 err/s: 0.00 reconn/s: 0.00
[ 127s ] thds: 1536 tps: 13801.72 qps: 220744.52 (r/w/o: 193137.08/0.00/27607.44) lat (ms,95%): 121.08 err/s: 0.00 reconn/s: 0.00
[ 128s ] thds: 1536 tps: 13802.81 qps: 220669.93 (r/w/o: 193073.32/0.00/27596.62) lat (ms,95%): 121.08 err/s: 0.00 reconn/s: 0.00
[ 129s ] thds: 1536 tps: 13818.79 qps: 220806.70 (r/w/o: 193180.11/0.00/27626.59) lat (ms,95%): 121.08 err/s: 0.00 reconn/s: 0.00
[ 130s ] thds: 1536 tps: 13778.45 qps: 220710.11 (r/w/o: 193129.22/0.00/27580.89) lat (ms,95%): 121.08 err/s: 0.00 reconn/s: 0.00
[ 131s ] thds: 1536 tps: 13817.27 qps: 220697.29 (r/w/o: 193086.75/0.00/27610.54) lat (ms,95%): 118.92 err/s: 0.00 reconn/s: 0.00
[ 132s ] thds: 1536 tps: 13789.08 qps: 220854.30 (r/w/o: 193254.14/0.00/27600.16) lat (ms,95%): 118.92 err/s: 0.00 reconn/s: 0.00
[ 133s ] thds: 1536 tps: 13775.93 qps: 220813.85 (r/w/o: 193258.00/0.00/27555.86) lat (ms,95%): 121.08 err/s: 0.00 reconn/s: 0.00
[ 134s ] thds: 1536 tps: 13797.93 qps: 220604.87 (r/w/o: 193018.01/0.00/27586.86) lat (ms,95%): 121.08 err/s: 0.00 reconn/s: 0.00
[ 135s ] thds: 1536 tps: 13824.54 qps: 220891.55 (r/w/o: 193250.48/0.00/27641.07) lat (ms,95%): 121.08 err/s: 0.00 reconn/s: 0.00
[ 136s ] thds: 1536 tps: 13792.20 qps: 220733.22 (r/w/o: 193140.82/0.00/27592.40) lat (ms,95%): 121.08 err/s: 0.00 reconn/s: 0.00
[ 137s ] thds: 1536 tps: 13775.92 qps: 220793.67 (r/w/o: 193242.83/0.00/27550.84) lat (ms,95%): 121.08 err/s: 0.00 reconn/s: 0.00
[ 138s ] thds: 1536 tps: 13817.29 qps: 220825.58 (r/w/o: 193193.00/0.00/27632.58) lat (ms,95%): 121.08 err/s: 0.00 reconn/s: 0.00
[ 139s ] thds: 1536 tps: 13760.83 qps: 220519.20 (r/w/o: 192992.55/0.00/27526.65) lat (ms,95%): 121.08 err/s: 0.00 reconn/s: 0.00
[ 140s ] thds: 1536 tps: 16405.30 qps: 261671.86 (r/w/o: 228863.25/0.00/32808.61) lat (ms,95%): 397.39 err/s: 0.00 reconn/s: 0.00
[ 141s ] thds: 1536 tps: 15292.15 qps: 243959.63 (r/w/o: 213380.33/0.00/30579.30) lat (ms,95%): 320.17 err/s: 0.00 reconn/s: 0.00
[ 142s ] thds: 1536 tps: 14431.13 qps: 231949.25 (r/w/o: 203086.00/0.00/28863.25) lat (ms,95%): 337.94 err/s: 0.00 reconn/s: 0.00
[ 143s ] thds: 1536 tps: 13795.42 qps: 220879.79 (r/w/o: 193288.95/0.00/27590.85) lat (ms,95%): 121.08 err/s: 0.00 reconn/s: 0.00
[ 144s ] thds: 1536 tps: 13810.19 qps: 221095.03 (r/w/o: 193468.65/0.00/27626.38) lat (ms,95%): 125.52 err/s: 0.00 reconn/s: 0.00
[ 145s ] thds: 1536 tps: 13809.30 qps: 220770.78 (r/w/o: 193153.18/0.00/27617.60) lat (ms,95%): 121.08 err/s: 0.00 reconn/s: 0.00
[ 146s ] thds: 1536 tps: 13798.59 qps: 220806.48 (r/w/o: 193219.29/0.00/27587.19) lat (ms,95%): 121.08 err/s: 0.00 reconn/s: 0.00
[ 147s ] thds: 1536 tps: 13791.77 qps: 220701.32 (r/w/o: 193105.78/0.00/27595.54) lat (ms,95%): 121.08 err/s: 0.00 reconn/s: 0.00
[ 148s ] thds: 1536 tps: 16207.46 qps: 258702.46 (r/w/o: 226291.53/0.00/32410.93) lat (ms,95%): 376.49 err/s: 0.00 reconn/s: 0.00
[ 149s ] thds: 1536 tps: 14972.01 qps: 239534.09 (r/w/o: 209588.08/0.00/29946.01) lat (ms,95%): 363.18 err/s: 0.00 reconn/s: 0.00
[ 150s ] thds: 1536 tps: 13958.72 qps: 223774.50 (r/w/o: 195857.06/0.00/27917.44) lat (ms,95%): 196.89 err/s: 0.00 reconn/s: 0.00
[ 151s ] thds: 1536 tps: 13806.26 qps: 220800.22 (r/w/o: 193199.70/0.00/27600.53) lat (ms,95%): 121.08 err/s: 0.00 reconn/s: 0.00
[ 152s ] thds: 1536 tps: 13799.39 qps: 220898.24 (r/w/o: 193296.46/0.00/27601.78) lat (ms,95%): 121.08 err/s: 0.00 reconn/s: 0.00
[ 153s ] thds: 1536 tps: 13763.40 qps: 220730.45 (r/w/o: 193196.64/0.00/27533.80) lat (ms,95%): 121.08 err/s: 0.00 reconn/s: 0.00
[ 154s ] thds: 1536 tps: 13824.83 qps: 220795.21 (r/w/o: 193144.56/0.00/27650.65) lat (ms,95%): 121.08 err/s: 0.00 reconn/s: 0.00
[ 155s ] thds: 1536 tps: 13797.38 qps: 220749.12 (r/w/o: 193153.35/0.00/27595.76) lat (ms,95%): 118.92 err/s: 0.00 reconn/s: 0.00
[ 156s ] thds: 1536 tps: 13805.29 qps: 220835.64 (r/w/o: 193234.06/0.00/27601.58) lat (ms,95%): 121.08 err/s: 0.00 reconn/s: 0.00
[ 157s ] thds: 1536 tps: 13777.74 qps: 220730.73 (r/w/o: 193174.25/0.00/27556.47) lat (ms,95%): 121.08 err/s: 0.00 reconn/s: 0.00
[ 158s ] thds: 1536 tps: 13818.27 qps: 220753.26 (r/w/o: 193115.72/0.00/27637.54) lat (ms,95%): 121.08 err/s: 0.00 reconn/s: 0.00
[ 159s ] thds: 1536 tps: 13788.93 qps: 220861.78 (r/w/o: 193286.92/0.00/27574.85) lat (ms,95%): 121.08 err/s: 0.00 reconn/s: 0.00
[ 160s ] thds: 1536 tps: 13834.25 qps: 220811.90 (r/w/o: 193151.40/0.00/27660.50) lat (ms,95%): 118.92 err/s: 0.00 reconn/s: 0.00
[ 161s ] thds: 1536 tps: 13768.56 qps: 220776.90 (r/w/o: 193222.79/0.00/27554.11) lat (ms,95%): 118.92 err/s: 0.00 reconn/s: 0.00
[ 162s ] thds: 1536 tps: 13820.81 qps: 220857.90 (r/w/o: 193222.29/0.00/27635.61) lat (ms,95%): 121.08 err/s: 0.00 reconn/s: 0.00
[ 163s ] thds: 1536 tps: 13778.48 qps: 220802.63 (r/w/o: 193240.67/0.00/27561.95) lat (ms,95%): 121.08 err/s: 0.00 reconn/s: 0.00
[ 164s ] thds: 1536 tps: 13799.20 qps: 220799.14 (r/w/o: 193200.74/0.00/27598.39) lat (ms,95%): 121.08 err/s: 0.00 reconn/s: 0.00
[ 165s ] thds: 1536 tps: 13811.60 qps: 220804.64 (r/w/o: 193169.44/0.00/27635.20) lat (ms,95%): 118.92 err/s: 0.00 reconn/s: 0.00
[ 166s ] thds: 1536 tps: 13786.16 qps: 220753.60 (r/w/o: 193195.28/0.00/27558.32) lat (ms,95%): 121.08 err/s: 0.00 reconn/s: 0.00
[ 167s ] thds: 1536 tps: 14123.94 qps: 225229.99 (r/w/o: 196981.12/0.00/28248.87) lat (ms,95%): 121.08 err/s: 0.00 reconn/s: 0.00
[ 168s ] thds: 1536 tps: 15058.13 qps: 241511.92 (r/w/o: 211395.65/0.00/30116.26) lat (ms,95%): 350.33 err/s: 0.00 reconn/s: 0.00
[ 169s ] thds: 1536 tps: 14726.67 qps: 234767.43 (r/w/o: 205309.10/0.00/29458.33) lat (ms,95%): 267.41 err/s: 0.00 reconn/s: 0.00
[ 170s ] thds: 1536 tps: 14887.18 qps: 238131.82 (r/w/o: 208349.47/0.00/29782.35) lat (ms,95%): 356.70 err/s: 0.00 reconn/s: 0.00
[ 171s ] thds: 1536 tps: 14874.61 qps: 238074.67 (r/w/o: 208334.46/0.00/29740.21) lat (ms,95%): 397.39 err/s: 0.00 reconn/s: 0.00
[ 172s ] thds: 1536 tps: 14269.16 qps: 228526.61 (r/w/o: 199975.28/0.00/28551.32) lat (ms,95%): 272.27 err/s: 0.00 reconn/s: 0.00
[ 173s ] thds: 1536 tps: 15133.18 qps: 242436.85 (r/w/o: 212192.50/0.00/30244.36) lat (ms,95%): 419.45 err/s: 0.00 reconn/s: 0.00
[ 174s ] thds: 1536 tps: 15370.91 qps: 244428.73 (r/w/o: 213672.92/0.00/30755.81) lat (ms,95%): 350.33 err/s: 0.00 reconn/s: 0.00
[ 175s ] thds: 1536 tps: 15749.93 qps: 252458.80 (r/w/o: 220952.94/0.00/31505.86) lat (ms,95%): 419.45 err/s: 0.00 reconn/s: 0.00
[ 176s ] thds: 1536 tps: 14843.47 qps: 238666.62 (r/w/o: 208987.68/0.00/29678.94) lat (ms,95%): 520.62 err/s: 0.00 reconn/s: 0.00
[ 177s ] thds: 1536 tps: 10241.46 qps: 160620.58 (r/w/o: 140107.65/0.00/20512.92) lat (ms,95%): 325.98 err/s: 0.00 reconn/s: 0.00
[ 178s ] thds: 1536 tps: 8628.64 qps: 138214.20 (r/w/o: 120956.93/0.00/17257.27) lat (ms,95%): 337.94 err/s: 0.00 reconn/s: 0.00
[ 179s ] thds: 1536 tps: 8692.02 qps: 138862.39 (r/w/o: 121479.34/0.00/17383.05) lat (ms,95%): 331.91 err/s: 0.00 reconn/s: 0.00
[ 180s ] thds: 1536 tps: 8823.06 qps: 141731.93 (r/w/o: 124086.81/0.00/17645.12) lat (ms,95%): 337.94 err/s: 0.00 reconn/s: 0.00
[ 181s ] thds: 1536 tps: 8594.00 qps: 136854.00 (r/w/o: 119666.99/0.00/17187.01) lat (ms,95%): 331.91 err/s: 0.00 reconn/s: 0.00
[ 182s ] thds: 1536 tps: 8564.82 qps: 137110.05 (r/w/o: 119978.42/0.00/17131.63) lat (ms,95%): 331.91 err/s: 0.00 reconn/s: 0.00
[ 183s ] thds: 1536 tps: 8685.13 qps: 139480.17 (r/w/o: 122110.90/0.00/17369.27) lat (ms,95%): 331.91 err/s: 0.00 reconn/s: 0.00
[ 184s ] thds: 1536 tps: 14110.35 qps: 226494.57 (r/w/o: 198287.88/0.00/28206.69) lat (ms,95%): 303.33 err/s: 0.00 reconn/s: 0.00
[ 185s ] thds: 1536 tps: 15383.37 qps: 246408.84 (r/w/o: 215650.11/0.00/30758.73) lat (ms,95%): 467.30 err/s: 0.00 reconn/s: 0.00
[ 186s ] thds: 1536 tps: 15597.98 qps: 250589.74 (r/w/o: 219395.77/0.00/31193.97) lat (ms,95%): 450.77 err/s: 0.00 reconn/s: 0.00
[ 187s ] thds: 1536 tps: 14640.43 qps: 234963.80 (r/w/o: 205686.93/0.00/29276.87) lat (ms,95%): 308.84 err/s: 0.00 reconn/s: 0.00
[ 188s ] thds: 1536 tps: 13966.41 qps: 223864.69 (r/w/o: 195939.86/0.00/27924.83) lat (ms,95%): 186.54 err/s: 0.00 reconn/s: 0.00
[ 189s ] thds: 1536 tps: 13800.68 qps: 220772.94 (r/w/o: 193164.57/0.00/27608.37) lat (ms,95%): 118.92 err/s: 0.00 reconn/s: 0.00
[ 190s ] thds: 1536 tps: 13836.17 qps: 221001.85 (r/w/o: 193336.50/0.00/27665.34) lat (ms,95%): 121.08 err/s: 0.00 reconn/s: 0.00
[ 191s ] thds: 1536 tps: 13786.58 qps: 220828.41 (r/w/o: 193259.25/0.00/27569.17) lat (ms,95%): 118.92 err/s: 0.00 reconn/s: 0.00
[ 192s ] thds: 1536 tps: 13795.48 qps: 220802.64 (r/w/o: 193206.68/0.00/27595.96) lat (ms,95%): 121.08 err/s: 0.00 reconn/s: 0.00
[ 193s ] thds: 1536 tps: 13785.31 qps: 220835.05 (r/w/o: 193260.42/0.00/27574.63) lat (ms,95%): 121.08 err/s: 0.00 reconn/s: 0.00
[ 194s ] thds: 1536 tps: 13823.15 qps: 220829.32 (r/w/o: 193188.03/0.00/27641.29) lat (ms,95%): 121.08 err/s: 0.00 reconn/s: 0.00
[ 195s ] thds: 1536 tps: 13809.95 qps: 220933.26 (r/w/o: 193315.36/0.00/27617.91) lat (ms,95%): 121.08 err/s: 0.00 reconn/s: 0.00
[ 196s ] thds: 1536 tps: 13789.89 qps: 220870.19 (r/w/o: 193282.41/0.00/27587.78) lat (ms,95%): 121.08 err/s: 0.00 reconn/s: 0.00
[ 197s ] thds: 1536 tps: 13797.99 qps: 220729.82 (r/w/o: 193139.84/0.00/27589.98) lat (ms,95%): 118.92 err/s: 0.00 reconn/s: 0.00
[ 198s ] thds: 1536 tps: 13814.07 qps: 220905.14 (r/w/o: 193278.00/0.00/27627.14) lat (ms,95%): 121.08 err/s: 0.00 reconn/s: 0.00
[ 199s ] thds: 1536 tps: 13798.05 qps: 220947.84 (r/w/o: 193343.74/0.00/27604.10) lat (ms,95%): 121.08 err/s: 0.00 reconn/s: 0.00
[ 200s ] thds: 1536 tps: 13823.58 qps: 220863.30 (r/w/o: 193231.14/0.00/27632.16) lat (ms,95%): 121.08 err/s: 0.00 reconn/s: 0.00
[ 201s ] thds: 1536 tps: 13805.26 qps: 220793.16 (r/w/o: 193186.64/0.00/27606.52) lat (ms,95%): 121.08 err/s: 0.00 reconn/s: 0.00
[ 202s ] thds: 1536 tps: 13787.43 qps: 220838.83 (r/w/o: 193255.97/0.00/27582.86) lat (ms,95%): 121.08 err/s: 0.00 reconn/s: 0.00
[ 203s ] thds: 1536 tps: 13801.17 qps: 220907.70 (r/w/o: 193286.36/0.00/27621.34) lat (ms,95%): 121.08 err/s: 0.00 reconn/s: 0.00
[ 204s ] thds: 1536 tps: 13795.41 qps: 220794.58 (r/w/o: 193209.76/0.00/27584.82) lat (ms,95%): 121.08 err/s: 0.00 reconn/s: 0.00
[ 205s ] thds: 1536 tps: 13806.92 qps: 220726.73 (r/w/o: 193117.89/0.00/27608.84) lat (ms,95%): 121.08 err/s: 0.00 reconn/s: 0.00
[ 206s ] thds: 1536 tps: 13793.71 qps: 220903.36 (r/w/o: 193308.94/0.00/27594.42) lat (ms,95%): 118.92 err/s: 0.00 reconn/s: 0.00
[ 207s ] thds: 1536 tps: 13773.37 qps: 220604.03 (r/w/o: 193066.29/0.00/27537.74) lat (ms,95%): 121.08 err/s: 0.00 reconn/s: 0.00
[ 208s ] thds: 1536 tps: 16239.99 qps: 259169.82 (r/w/o: 226676.84/0.00/32492.98) lat (ms,95%): 383.33 err/s: 0.00 reconn/s: 0.00
[ 209s ] thds: 1536 tps: 14169.74 qps: 226498.84 (r/w/o: 198162.36/0.00/28336.48) lat (ms,95%): 189.93 err/s: 0.00 reconn/s: 0.00
[ 210s ] thds: 1536 tps: 13824.81 qps: 221720.01 (r/w/o: 194080.39/0.00/27639.62) lat (ms,95%): 153.02 err/s: 0.00 reconn/s: 0.00
[ 211s ] thds: 1536 tps: 13793.92 qps: 220810.76 (r/w/o: 193219.92/0.00/27590.85) lat (ms,95%): 121.08 err/s: 0.00 reconn/s: 0.00
[ 212s ] thds: 1536 tps: 13804.76 qps: 220707.24 (r/w/o: 193107.71/0.00/27599.53) lat (ms,95%): 121.08 err/s: 0.00 reconn/s: 0.00
[ 213s ] thds: 1536 tps: 13788.00 qps: 220856.91 (r/w/o: 193267.92/0.00/27588.99) lat (ms,95%): 121.08 err/s: 0.00 reconn/s: 0.00
[ 214s ] thds: 1536 tps: 13820.60 qps: 220752.56 (r/w/o: 193114.37/0.00/27638.20) lat (ms,95%): 121.08 err/s: 0.00 reconn/s: 0.00
[ 215s ] thds: 1536 tps: 14778.68 qps: 234514.82 (r/w/o: 204938.46/0.00/29576.37) lat (ms,95%): 123.28 err/s: 0.00 reconn/s: 0.00
[ 216s ] thds: 1536 tps: 16273.26 qps: 261197.06 (r/w/o: 228655.55/0.00/32541.51) lat (ms,95%): 484.44 err/s: 0.00 reconn/s: 0.00
[ 217s ] thds: 1536 tps: 14798.26 qps: 237326.21 (r/w/o: 207742.68/0.00/29583.52) lat (ms,95%): 442.73 err/s: 0.00 reconn/s: 0.00
[ 218s ] thds: 1536 tps: 14389.38 qps: 229395.26 (r/w/o: 200612.50/0.00/28782.75) lat (ms,95%): 200.47 err/s: 0.00 reconn/s: 0.00
[ 219s ] thds: 1536 tps: 14314.64 qps: 230516.68 (r/w/o: 201887.39/0.00/28629.29) lat (ms,95%): 287.38 err/s: 0.00 reconn/s: 0.00
[ 220s ] thds: 1536 tps: 13778.71 qps: 220778.35 (r/w/o: 193230.93/0.00/27547.42) lat (ms,95%): 118.92 err/s: 0.00 reconn/s: 0.00
[ 221s ] thds: 1536 tps: 13841.75 qps: 221069.00 (r/w/o: 193375.49/0.00/27693.50) lat (ms,95%): 116.80 err/s: 0.00 reconn/s: 0.00
[ 222s ] thds: 1536 tps: 14063.10 qps: 224954.54 (r/w/o: 196845.35/0.00/28109.19) lat (ms,95%): 176.73 err/s: 0.00 reconn/s: 0.00
[ 223s ] thds: 1536 tps: 13807.06 qps: 220962.97 (r/w/o: 193337.85/0.00/27625.12) lat (ms,95%): 121.08 err/s: 0.00 reconn/s: 0.00
[ 224s ] thds: 1536 tps: 13771.63 qps: 220637.12 (r/w/o: 193088.86/0.00/27548.26) lat (ms,95%): 121.08 err/s: 0.00 reconn/s: 0.00
[ 225s ] thds: 1536 tps: 13776.23 qps: 220585.68 (r/w/o: 193040.22/0.00/27545.46) lat (ms,95%): 121.08 err/s: 0.00 reconn/s: 0.00
[ 226s ] thds: 1536 tps: 13835.31 qps: 220885.08 (r/w/o: 193223.45/0.00/27661.63) lat (ms,95%): 118.92 err/s: 0.00 reconn/s: 0.00
[ 227s ] thds: 1536 tps: 13774.80 qps: 220761.72 (r/w/o: 193188.13/0.00/27573.59) lat (ms,95%): 121.08 err/s: 0.00 reconn/s: 0.00
[ 228s ] thds: 1536 tps: 13811.57 qps: 220848.15 (r/w/o: 193242.00/0.00/27606.14) lat (ms,95%): 118.92 err/s: 0.00 reconn/s: 0.00
[ 229s ] thds: 1536 tps: 13798.02 qps: 220783.32 (r/w/o: 193186.28/0.00/27597.04) lat (ms,95%): 121.08 err/s: 0.00 reconn/s: 0.00
[ 230s ] thds: 1536 tps: 13797.81 qps: 220748.99 (r/w/o: 193161.37/0.00/27587.63) lat (ms,95%): 118.92 err/s: 0.00 reconn/s: 0.00
[ 231s ] thds: 1536 tps: 13794.50 qps: 220809.07 (r/w/o: 193197.06/0.00/27612.01) lat (ms,95%): 121.08 err/s: 0.00 reconn/s: 0.00
[ 232s ] thds: 1536 tps: 13815.51 qps: 220785.10 (r/w/o: 193179.09/0.00/27606.01) lat (ms,95%): 121.08 err/s: 0.00 reconn/s: 0.00
[ 233s ] thds: 1536 tps: 13804.04 qps: 220952.69 (r/w/o: 193329.60/0.00/27623.09) lat (ms,95%): 118.92 err/s: 0.00 reconn/s: 0.00
[ 234s ] thds: 1536 tps: 13773.49 qps: 220716.83 (r/w/o: 193170.85/0.00/27545.98) lat (ms,95%): 121.08 err/s: 0.00 reconn/s: 0.00
[ 235s ] thds: 1536 tps: 13811.83 qps: 220833.33 (r/w/o: 193213.66/0.00/27619.66) lat (ms,95%): 121.08 err/s: 0.00 reconn/s: 0.00
[ 236s ] thds: 1536 tps: 13823.38 qps: 220943.03 (r/w/o: 193300.27/0.00/27642.76) lat (ms,95%): 118.92 err/s: 0.00 reconn/s: 0.00
[ 237s ] thds: 1536 tps: 13801.69 qps: 220802.09 (r/w/o: 193192.70/0.00/27609.39) lat (ms,95%): 121.08 err/s: 0.00 reconn/s: 0.00
[ 238s ] thds: 1536 tps: 13810.62 qps: 220849.93 (r/w/o: 193235.69/0.00/27614.24) lat (ms,95%): 118.92 err/s: 0.00 reconn/s: 0.00
[ 239s ] thds: 1536 tps: 13771.95 qps: 220574.14 (r/w/o: 193021.24/0.00/27552.89) lat (ms,95%): 121.08 err/s: 0.00 reconn/s: 0.00
[ 240s ] thds: 1536 tps: 13803.39 qps: 220796.23 (r/w/o: 193196.46/0.00/27599.78) lat (ms,95%): 121.08 err/s: 0.00 reconn/s: 0.00
[ 241s ] thds: 1536 tps: 13803.52 qps: 220875.35 (r/w/o: 193264.31/0.00/27611.04) lat (ms,95%): 121.08 err/s: 0.00 reconn/s: 0.00
[ 242s ] thds: 1536 tps: 13801.33 qps: 220828.25 (r/w/o: 193223.59/0.00/27604.66) lat (ms,95%): 121.08 err/s: 0.00 reconn/s: 0.00
[ 243s ] thds: 1536 tps: 13793.40 qps: 220780.32 (r/w/o: 193211.52/0.00/27568.80) lat (ms,95%): 121.08 err/s: 0.00 reconn/s: 0.00
[ 244s ] thds: 1536 tps: 13801.01 qps: 220852.13 (r/w/o: 193232.11/0.00/27620.02) lat (ms,95%): 118.92 err/s: 0.00 reconn/s: 0.00
[ 245s ] thds: 1536 tps: 13799.96 qps: 220743.41 (r/w/o: 193148.48/0.00/27594.93) lat (ms,95%): 118.92 err/s: 0.00 reconn/s: 0.00
[ 246s ] thds: 1536 tps: 13805.22 qps: 220866.54 (r/w/o: 193252.10/0.00/27614.44) lat (ms,95%): 118.92 err/s: 0.00 reconn/s: 0.00
[ 247s ] thds: 1536 tps: 13789.35 qps: 220741.63 (r/w/o: 193165.93/0.00/27575.70) lat (ms,95%): 118.92 err/s: 0.00 reconn/s: 0.00
[ 248s ] thds: 1536 tps: 13800.62 qps: 220787.97 (r/w/o: 193185.72/0.00/27602.25) lat (ms,95%): 121.08 err/s: 0.00 reconn/s: 0.00
[ 249s ] thds: 1536 tps: 13814.46 qps: 220798.29 (r/w/o: 193179.38/0.00/27618.91) lat (ms,95%): 118.92 err/s: 0.00 reconn/s: 0.00
[ 250s ] thds: 1536 tps: 13804.25 qps: 220977.96 (r/w/o: 193350.46/0.00/27627.49) lat (ms,95%): 118.92 err/s: 0.00 reconn/s: 0.00
[ 251s ] thds: 1536 tps: 14637.93 qps: 232181.81 (r/w/o: 202914.94/0.00/29266.87) lat (ms,95%): 123.28 err/s: 0.00 reconn/s: 0.00
[ 252s ] thds: 1536 tps: 16247.90 qps: 259895.41 (r/w/o: 227391.61/0.00/32503.80) lat (ms,95%): 442.73 err/s: 0.00 reconn/s: 0.00
[ 253s ] thds: 1536 tps: 15376.23 qps: 246635.73 (r/w/o: 215885.27/0.00/30750.46) lat (ms,95%): 467.30 err/s: 0.00 reconn/s: 0.00
[ 254s ] thds: 1536 tps: 15289.72 qps: 245338.40 (r/w/o: 214757.96/0.00/30580.44) lat (ms,95%): 419.45 err/s: 0.00 reconn/s: 0.00
[ 255s ] thds: 1536 tps: 14900.91 qps: 237995.56 (r/w/o: 208190.74/0.00/29804.82) lat (ms,95%): 427.07 err/s: 0.00 reconn/s: 0.00
[ 256s ] thds: 1536 tps: 14572.38 qps: 234345.49 (r/w/o: 205211.72/0.00/29133.76) lat (ms,95%): 344.08 err/s: 0.00 reconn/s: 0.00
[ 257s ] thds: 1536 tps: 14691.54 qps: 234705.58 (r/w/o: 205321.51/0.00/29384.07) lat (ms,95%): 303.33 err/s: 0.00 reconn/s: 0.00
[ 258s ] thds: 1536 tps: 14225.90 qps: 226973.31 (r/w/o: 198525.51/0.00/28447.79) lat (ms,95%): 167.44 err/s: 0.00 reconn/s: 0.00
[ 259s ] thds: 1536 tps: 14297.48 qps: 229728.67 (r/w/o: 201127.71/0.00/28600.96) lat (ms,95%): 227.40 err/s: 0.00 reconn/s: 0.00
[ 260s ] thds: 1536 tps: 14773.93 qps: 236502.86 (r/w/o: 206954.00/0.00/29548.86) lat (ms,95%): 325.98 err/s: 0.00 reconn/s: 0.00
[ 261s ] thds: 1536 tps: 13909.40 qps: 222139.48 (r/w/o: 194328.67/0.00/27810.81) lat (ms,95%): 137.35 err/s: 0.00 reconn/s: 0.00
[ 262s ] thds: 1536 tps: 14328.28 qps: 228439.36 (r/w/o: 199771.81/0.00/28667.56) lat (ms,95%): 167.44 err/s: 0.00 reconn/s: 0.00
[ 263s ] thds: 1536 tps: 14710.46 qps: 236113.21 (r/w/o: 206698.28/0.00/29414.93) lat (ms,95%): 397.39 err/s: 0.00 reconn/s: 0.00
[ 264s ] thds: 1536 tps: 13888.34 qps: 222691.60 (r/w/o: 194919.91/0.00/27771.68) lat (ms,95%): 132.49 err/s: 0.00 reconn/s: 0.00
[ 265s ] thds: 1536 tps: 13777.21 qps: 220684.43 (r/w/o: 193113.00/0.00/27571.43) lat (ms,95%): 121.08 err/s: 0.00 reconn/s: 0.00
[ 266s ] thds: 1536 tps: 13789.44 qps: 220676.98 (r/w/o: 193105.11/0.00/27571.87) lat (ms,95%): 121.08 err/s: 0.00 reconn/s: 0.00
[ 267s ] thds: 1536 tps: 13840.83 qps: 220805.27 (r/w/o: 193123.61/0.00/27681.66) lat (ms,95%): 121.08 err/s: 0.00 reconn/s: 0.00
[ 268s ] thds: 1536 tps: 13774.39 qps: 220791.32 (r/w/o: 193245.53/0.00/27545.79) lat (ms,95%): 121.08 err/s: 0.00 reconn/s: 0.00
[ 269s ] thds: 1536 tps: 13795.03 qps: 220786.45 (r/w/o: 193203.39/0.00/27583.06) lat (ms,95%): 121.08 err/s: 0.00 reconn/s: 0.00
[ 270s ] thds: 1536 tps: 13811.77 qps: 220765.46 (r/w/o: 193132.91/0.00/27632.55) lat (ms,95%): 118.92 err/s: 0.00 reconn/s: 0.00
[ 271s ] thds: 1536 tps: 13777.64 qps: 220696.20 (r/w/o: 193152.92/0.00/27543.28) lat (ms,95%): 121.08 err/s: 0.00 reconn/s: 0.00
[ 272s ] thds: 1536 tps: 13825.54 qps: 220833.49 (r/w/o: 193171.40/0.00/27662.08) lat (ms,95%): 121.08 err/s: 0.00 reconn/s: 0.00
[ 273s ] thds: 1536 tps: 13799.04 qps: 220758.69 (r/w/o: 193156.61/0.00/27602.09) lat (ms,95%): 121.08 err/s: 0.00 reconn/s: 0.00
[ 274s ] thds: 1536 tps: 13791.13 qps: 220862.10 (r/w/o: 193292.84/0.00/27569.26) lat (ms,95%): 121.08 err/s: 0.00 reconn/s: 0.00
[ 275s ] thds: 1536 tps: 13799.72 qps: 220702.46 (r/w/o: 193097.03/0.00/27605.43) lat (ms,95%): 121.08 err/s: 0.00 reconn/s: 0.00
[ 276s ] thds: 1536 tps: 13796.01 qps: 220784.23 (r/w/o: 193197.20/0.00/27587.03) lat (ms,95%): 118.92 err/s: 0.00 reconn/s: 0.00
[ 277s ] thds: 1536 tps: 13782.96 qps: 220769.34 (r/w/o: 193193.43/0.00/27575.91) lat (ms,95%): 118.92 err/s: 0.00 reconn/s: 0.00
[ 278s ] thds: 1536 tps: 13821.87 qps: 220834.97 (r/w/o: 193206.23/0.00/27628.75) lat (ms,95%): 121.08 err/s: 0.00 reconn/s: 0.00
[ 279s ] thds: 1536 tps: 13872.43 qps: 221373.92 (r/w/o: 193625.05/0.00/27748.87) lat (ms,95%): 121.08 err/s: 0.00 reconn/s: 0.00
[ 280s ] thds: 1536 tps: 16434.54 qps: 262614.69 (r/w/o: 229737.62/0.00/32877.08) lat (ms,95%): 434.83 err/s: 0.00 reconn/s: 0.00
[ 281s ] thds: 1536 tps: 15204.55 qps: 242476.80 (r/w/o: 212064.70/0.00/30412.10) lat (ms,95%): 411.96 err/s: 0.00 reconn/s: 0.00
[ 282s ] thds: 1536 tps: 15129.98 qps: 242877.64 (r/w/o: 212617.67/0.00/30259.97) lat (ms,95%): 390.30 err/s: 0.00 reconn/s: 0.00
[ 283s ] thds: 1536 tps: 14714.23 qps: 235513.76 (r/w/o: 206092.29/0.00/29421.46) lat (ms,95%): 277.21 err/s: 0.00 reconn/s: 0.00
[ 284s ] thds: 1536 tps: 15525.79 qps: 248147.60 (r/w/o: 217091.03/0.00/31056.57) lat (ms,95%): 411.96 err/s: 0.00 reconn/s: 0.00
[ 285s ] thds: 1536 tps: 14436.37 qps: 231085.89 (r/w/o: 202212.15/0.00/28873.74) lat (ms,95%): 297.92 err/s: 0.00 reconn/s: 0.00
[ 286s ] thds: 1536 tps: 14761.98 qps: 236993.72 (r/w/o: 207477.76/0.00/29515.97) lat (ms,95%): 287.38 err/s: 0.00 reconn/s: 0.00
[ 287s ] thds: 1536 tps: 14381.91 qps: 229738.57 (r/w/o: 200959.75/0.00/28778.82) lat (ms,95%): 223.34 err/s: 0.00 reconn/s: 0.00
[ 288s ] thds: 1536 tps: 14078.59 qps: 226066.57 (r/w/o: 197919.39/0.00/28147.18) lat (ms,95%): 193.38 err/s: 0.00 reconn/s: 0.00
[ 289s ] thds: 1536 tps: 13797.19 qps: 220881.99 (r/w/o: 193285.62/0.00/27596.37) lat (ms,95%): 123.28 err/s: 0.00 reconn/s: 0.00
[ 290s ] thds: 1536 tps: 13797.59 qps: 220845.47 (r/w/o: 193250.28/0.00/27595.18) lat (ms,95%): 118.92 err/s: 0.00 reconn/s: 0.00
[ 291s ] thds: 1536 tps: 13808.44 qps: 220751.06 (r/w/o: 193135.18/0.00/27615.88) lat (ms,95%): 121.08 err/s: 0.00 reconn/s: 0.00
[ 292s ] thds: 1536 tps: 13796.03 qps: 220695.49 (r/w/o: 193106.43/0.00/27589.06) lat (ms,95%): 121.08 err/s: 0.00 reconn/s: 0.00
[ 293s ] thds: 1536 tps: 13813.77 qps: 220909.37 (r/w/o: 193270.82/0.00/27638.55) lat (ms,95%): 121.08 err/s: 0.00 reconn/s: 0.00
[ 294s ] thds: 1536 tps: 13789.48 qps: 220707.66 (r/w/o: 193137.70/0.00/27569.96) lat (ms,95%): 118.92 err/s: 0.00 reconn/s: 0.00
[ 295s ] thds: 1536 tps: 13800.45 qps: 220759.16 (r/w/o: 193154.27/0.00/27604.89) lat (ms,95%): 121.08 err/s: 0.00 reconn/s: 0.00
[ 296s ] thds: 1536 tps: 13826.16 qps: 220727.42 (r/w/o: 193086.11/0.00/27641.31) lat (ms,95%): 121.08 err/s: 0.00 reconn/s: 0.00
[ 297s ] thds: 1536 tps: 13783.69 qps: 220748.00 (r/w/o: 193178.63/0.00/27569.38) lat (ms,95%): 121.08 err/s: 0.00 reconn/s: 0.00
[ 298s ] thds: 1536 tps: 13788.27 qps: 220749.27 (r/w/o: 193173.74/0.00/27575.53) lat (ms,95%): 121.08 err/s: 0.00 reconn/s: 0.00
[ 299s ] thds: 1536 tps: 15051.39 qps: 238773.20 (r/w/o: 208657.42/0.00/30115.78) lat (ms,95%): 132.49 err/s: 0.00 reconn/s: 0.00
[ 300s ] thds: 1536 tps: 14507.62 qps: 232516.46 (r/w/o: 203717.43/0.00/28799.03) lat (ms,95%): 427.07 err/s: 0.00 reconn/s: 0.00
SQL statistics:
    queries performed:
        read:                            57260000
        write:                           0
        other:                           8180000
        total:                           65440000
    transactions:                        4090000 (13622.34 per sec.)
    queries:                             65440000 (217957.48 per sec.)
    ignored errors:                      0      (0.00 per sec.)
    reconnects:                          0      (0.00 per sec.)

General statistics:
    total time:                          300.2406s
    total number of events:              4090000

Latency (ms):
         min:                                    1.33
         avg:                                  112.70
         max:                                 2160.51
         95th percentile:                      196.89
         sum:                            460937240.46

Threads fairness:
    events (avg/stddev):           2662.7604/26.76
    execution time (avg/stddev):   300.0893/0.07

