sysbench 1.0.20 (using bundled LuaJIT 2.1.0-beta2)

Running the test with following options:
Number of threads: 1536
Report intermediate results every 1 second(s)
Initializing random number generator from current time


Initializing worker threads...

Threads started!

[ 1s ] thds: 1536 tps: 6614.69 qps: 118070.07 (r/w/o: 103347.31/0.00/14722.76) lat (ms,95%): 846.57 err/s: 0.00 reconn/s: 0.00
[ 2s ] thds: 1536 tps: 13886.65 qps: 226182.24 (r/w/o: 198161.95/0.00/28020.29) lat (ms,95%): 419.45 err/s: 0.00 reconn/s: 0.00
[ 3s ] thds: 1536 tps: 14951.46 qps: 239362.38 (r/w/o: 209643.47/0.00/29718.92) lat (ms,95%): 484.44 err/s: 0.00 reconn/s: 0.00
[ 4s ] thds: 1536 tps: 13639.58 qps: 217460.34 (r/w/o: 190270.17/0.00/27190.17) lat (ms,95%): 390.30 err/s: 0.00 reconn/s: 0.00
[ 5s ] thds: 1536 tps: 13299.76 qps: 212498.12 (r/w/o: 185910.60/0.00/26587.52) lat (ms,95%): 125.52 err/s: 0.00 reconn/s: 0.00
[ 6s ] thds: 1536 tps: 13324.89 qps: 213228.20 (r/w/o: 186583.43/0.00/26644.78) lat (ms,95%): 127.81 err/s: 0.00 reconn/s: 0.00
[ 7s ] thds: 1536 tps: 13382.92 qps: 213761.70 (r/w/o: 186995.86/0.00/26765.85) lat (ms,95%): 125.52 err/s: 0.00 reconn/s: 0.00
[ 8s ] thds: 1536 tps: 13401.61 qps: 214794.81 (r/w/o: 187981.58/0.00/26813.23) lat (ms,95%): 123.28 err/s: 0.00 reconn/s: 0.00
[ 9s ] thds: 1536 tps: 13486.40 qps: 215697.39 (r/w/o: 188714.60/0.00/26982.80) lat (ms,95%): 123.28 err/s: 0.00 reconn/s: 0.00
[ 10s ] thds: 1536 tps: 13450.43 qps: 215498.83 (r/w/o: 188605.98/0.00/26892.85) lat (ms,95%): 123.28 err/s: 0.00 reconn/s: 0.00
[ 11s ] thds: 1536 tps: 13495.16 qps: 215785.65 (r/w/o: 188799.32/0.00/26986.33) lat (ms,95%): 121.08 err/s: 0.00 reconn/s: 0.00
[ 12s ] thds: 1536 tps: 13502.05 qps: 216130.79 (r/w/o: 189124.69/0.00/27006.10) lat (ms,95%): 121.08 err/s: 0.00 reconn/s: 0.00
[ 13s ] thds: 1536 tps: 13476.23 qps: 215395.68 (r/w/o: 188449.22/0.00/26946.46) lat (ms,95%): 121.08 err/s: 0.00 reconn/s: 0.00
[ 14s ] thds: 1536 tps: 13247.87 qps: 212205.91 (r/w/o: 185698.17/0.00/26507.74) lat (ms,95%): 125.52 err/s: 0.00 reconn/s: 0.00
[ 15s ] thds: 1536 tps: 13317.14 qps: 212942.31 (r/w/o: 186312.03/0.00/26630.29) lat (ms,95%): 125.52 err/s: 0.00 reconn/s: 0.00
[ 16s ] thds: 1536 tps: 13573.56 qps: 217076.05 (r/w/o: 189918.92/0.00/27157.13) lat (ms,95%): 123.28 err/s: 0.00 reconn/s: 0.00
[ 17s ] thds: 1536 tps: 13613.45 qps: 217988.19 (r/w/o: 190777.30/0.00/27210.89) lat (ms,95%): 123.28 err/s: 0.00 reconn/s: 0.00
[ 18s ] thds: 1536 tps: 13628.36 qps: 218037.71 (r/w/o: 190769.00/0.00/27268.71) lat (ms,95%): 123.28 err/s: 0.00 reconn/s: 0.00
[ 19s ] thds: 1536 tps: 13649.85 qps: 218042.67 (r/w/o: 190743.97/0.00/27298.70) lat (ms,95%): 123.28 err/s: 0.00 reconn/s: 0.00
[ 20s ] thds: 1536 tps: 15173.60 qps: 241345.34 (r/w/o: 211019.13/0.00/30326.20) lat (ms,95%): 137.35 err/s: 0.00 reconn/s: 0.00
[ 21s ] thds: 1536 tps: 15238.49 qps: 245382.62 (r/w/o: 214890.65/0.00/30491.97) lat (ms,95%): 520.62 err/s: 0.00 reconn/s: 0.00
[ 22s ] thds: 1536 tps: 13619.89 qps: 218041.26 (r/w/o: 190810.48/0.00/27230.78) lat (ms,95%): 121.08 err/s: 0.00 reconn/s: 0.00
[ 23s ] thds: 1536 tps: 13656.25 qps: 218286.94 (r/w/o: 190971.45/0.00/27315.49) lat (ms,95%): 121.08 err/s: 0.00 reconn/s: 0.00
[ 24s ] thds: 1536 tps: 13626.70 qps: 218210.22 (r/w/o: 190949.82/0.00/27260.40) lat (ms,95%): 121.08 err/s: 0.00 reconn/s: 0.00
[ 25s ] thds: 1536 tps: 13634.38 qps: 218180.16 (r/w/o: 190909.39/0.00/27270.77) lat (ms,95%): 123.28 err/s: 0.00 reconn/s: 0.00
[ 26s ] thds: 1536 tps: 13627.91 qps: 218148.54 (r/w/o: 190890.72/0.00/27257.82) lat (ms,95%): 123.28 err/s: 0.00 reconn/s: 0.00
[ 27s ] thds: 1536 tps: 13645.44 qps: 218159.02 (r/w/o: 190882.14/0.00/27276.88) lat (ms,95%): 121.08 err/s: 0.00 reconn/s: 0.00
[ 28s ] thds: 1536 tps: 13612.60 qps: 218175.53 (r/w/o: 190938.34/0.00/27237.19) lat (ms,95%): 123.28 err/s: 0.00 reconn/s: 0.00
[ 29s ] thds: 1536 tps: 13651.69 qps: 218142.06 (r/w/o: 190851.68/0.00/27290.38) lat (ms,95%): 123.28 err/s: 0.00 reconn/s: 0.00
[ 30s ] thds: 1536 tps: 13635.34 qps: 218132.48 (r/w/o: 190841.80/0.00/27290.68) lat (ms,95%): 125.52 err/s: 0.00 reconn/s: 0.00
[ 31s ] thds: 1536 tps: 13654.21 qps: 218252.21 (r/w/o: 190962.81/0.00/27289.40) lat (ms,95%): 123.28 err/s: 0.00 reconn/s: 0.00
[ 32s ] thds: 1536 tps: 13618.35 qps: 218084.65 (r/w/o: 190839.94/0.00/27244.71) lat (ms,95%): 123.28 err/s: 0.00 reconn/s: 0.00
[ 33s ] thds: 1536 tps: 13630.44 qps: 218132.01 (r/w/o: 190884.14/0.00/27247.88) lat (ms,95%): 123.28 err/s: 0.00 reconn/s: 0.00
[ 34s ] thds: 1536 tps: 13621.22 qps: 218041.47 (r/w/o: 190788.03/0.00/27253.43) lat (ms,95%): 123.28 err/s: 0.00 reconn/s: 0.00
[ 35s ] thds: 1536 tps: 13654.14 qps: 218115.34 (r/w/o: 190805.05/0.00/27310.29) lat (ms,95%): 123.28 err/s: 0.00 reconn/s: 0.00
[ 36s ] thds: 1536 tps: 14486.47 qps: 230453.41 (r/w/o: 201499.47/0.00/28953.94) lat (ms,95%): 125.52 err/s: 0.00 reconn/s: 0.00
[ 37s ] thds: 1536 tps: 16602.74 qps: 265919.82 (r/w/o: 232710.34/0.00/33209.48) lat (ms,95%): 484.44 err/s: 0.00 reconn/s: 0.00
[ 38s ] thds: 1536 tps: 15732.70 qps: 252852.16 (r/w/o: 221377.76/0.00/31474.40) lat (ms,95%): 511.33 err/s: 0.00 reconn/s: 0.00
[ 39s ] thds: 1536 tps: 13672.93 qps: 219176.83 (r/w/o: 191814.97/0.00/27361.86) lat (ms,95%): 123.28 err/s: 0.00 reconn/s: 0.00
[ 40s ] thds: 1536 tps: 14801.74 qps: 235029.30 (r/w/o: 205459.83/0.00/29569.47) lat (ms,95%): 127.81 err/s: 0.00 reconn/s: 0.00
[ 41s ] thds: 1536 tps: 15564.27 qps: 250341.21 (r/w/o: 219183.67/0.00/31157.54) lat (ms,95%): 502.20 err/s: 0.00 reconn/s: 0.00
[ 42s ] thds: 1536 tps: 13670.85 qps: 219093.68 (r/w/o: 191759.98/0.00/27333.71) lat (ms,95%): 121.08 err/s: 0.00 reconn/s: 0.00
[ 43s ] thds: 1536 tps: 13638.55 qps: 218266.82 (r/w/o: 190979.72/0.00/27287.10) lat (ms,95%): 121.08 err/s: 0.00 reconn/s: 0.00
[ 44s ] thds: 1536 tps: 15247.12 qps: 241523.91 (r/w/o: 211049.67/0.00/30474.24) lat (ms,95%): 130.13 err/s: 0.00 reconn/s: 0.00
[ 45s ] thds: 1536 tps: 15056.28 qps: 243032.38 (r/w/o: 212906.82/0.00/30125.56) lat (ms,95%): 493.24 err/s: 0.00 reconn/s: 0.00
[ 46s ] thds: 1536 tps: 13634.20 qps: 218330.19 (r/w/o: 191066.78/0.00/27263.40) lat (ms,95%): 121.08 err/s: 0.00 reconn/s: 0.00
[ 47s ] thds: 1536 tps: 13646.45 qps: 218280.14 (r/w/o: 190978.24/0.00/27301.90) lat (ms,95%): 121.08 err/s: 0.00 reconn/s: 0.00
[ 48s ] thds: 1536 tps: 13641.04 qps: 218252.59 (r/w/o: 190977.51/0.00/27275.07) lat (ms,95%): 121.08 err/s: 0.00 reconn/s: 0.00
[ 49s ] thds: 1536 tps: 13635.82 qps: 218220.12 (r/w/o: 190947.48/0.00/27272.64) lat (ms,95%): 123.28 err/s: 0.00 reconn/s: 0.00
[ 50s ] thds: 1536 tps: 13652.76 qps: 218328.21 (r/w/o: 191020.68/0.00/27307.53) lat (ms,95%): 125.52 err/s: 0.00 reconn/s: 0.00
[ 51s ] thds: 1536 tps: 13639.69 qps: 218219.08 (r/w/o: 190945.70/0.00/27273.39) lat (ms,95%): 125.52 err/s: 0.00 reconn/s: 0.00
[ 52s ] thds: 1536 tps: 15424.69 qps: 245256.04 (r/w/o: 214413.65/0.00/30842.39) lat (ms,95%): 179.94 err/s: 0.00 reconn/s: 0.00
[ 53s ] thds: 1536 tps: 14935.61 qps: 240723.76 (r/w/o: 210837.53/0.00/29886.22) lat (ms,95%): 520.62 err/s: 0.00 reconn/s: 0.00
[ 54s ] thds: 1536 tps: 13652.29 qps: 218429.61 (r/w/o: 191120.04/0.00/27309.58) lat (ms,95%): 125.52 err/s: 0.00 reconn/s: 0.00
[ 55s ] thds: 1536 tps: 13648.82 qps: 218237.22 (r/w/o: 190948.57/0.00/27288.65) lat (ms,95%): 123.28 err/s: 0.00 reconn/s: 0.00
[ 56s ] thds: 1536 tps: 15705.75 qps: 250281.72 (r/w/o: 218867.22/0.00/31414.50) lat (ms,95%): 193.38 err/s: 0.00 reconn/s: 0.00
[ 57s ] thds: 1536 tps: 14686.97 qps: 236017.51 (r/w/o: 206642.57/0.00/29374.94) lat (ms,95%): 511.33 err/s: 0.00 reconn/s: 0.00
[ 58s ] thds: 1536 tps: 13692.95 qps: 219041.23 (r/w/o: 191667.32/0.00/27373.90) lat (ms,95%): 125.52 err/s: 0.00 reconn/s: 0.00
[ 59s ] thds: 1536 tps: 13660.11 qps: 218365.69 (r/w/o: 191045.48/0.00/27320.21) lat (ms,95%): 123.28 err/s: 0.00 reconn/s: 0.00
[ 60s ] thds: 1536 tps: 13637.67 qps: 218217.77 (r/w/o: 190941.42/0.00/27276.35) lat (ms,95%): 123.28 err/s: 0.00 reconn/s: 0.00
[ 61s ] thds: 1536 tps: 13657.62 qps: 218825.97 (r/w/o: 191510.72/0.00/27315.25) lat (ms,95%): 127.81 err/s: 0.00 reconn/s: 0.00
[ 62s ] thds: 1536 tps: 13642.51 qps: 218309.17 (r/w/o: 191015.15/0.00/27294.02) lat (ms,95%): 123.28 err/s: 0.00 reconn/s: 0.00
[ 63s ] thds: 1536 tps: 13647.23 qps: 218289.72 (r/w/o: 190994.25/0.00/27295.46) lat (ms,95%): 121.08 err/s: 0.00 reconn/s: 0.00
[ 64s ] thds: 1536 tps: 13652.27 qps: 218284.39 (r/w/o: 190981.84/0.00/27302.55) lat (ms,95%): 121.08 err/s: 0.00 reconn/s: 0.00
[ 65s ] thds: 1536 tps: 13634.32 qps: 218162.05 (r/w/o: 190910.42/0.00/27251.63) lat (ms,95%): 121.08 err/s: 0.00 reconn/s: 0.00
[ 66s ] thds: 1536 tps: 13638.42 qps: 218211.72 (r/w/o: 190930.88/0.00/27280.84) lat (ms,95%): 121.08 err/s: 0.00 reconn/s: 0.00
[ 67s ] thds: 1536 tps: 13627.24 qps: 218243.76 (r/w/o: 190983.29/0.00/27260.47) lat (ms,95%): 121.08 err/s: 0.00 reconn/s: 0.00
[ 68s ] thds: 1536 tps: 14642.84 qps: 232430.32 (r/w/o: 203143.65/0.00/29286.68) lat (ms,95%): 121.08 err/s: 0.00 reconn/s: 0.00
[ 69s ] thds: 1536 tps: 15620.10 qps: 251761.53 (r/w/o: 220520.34/0.00/31241.19) lat (ms,95%): 511.33 err/s: 0.00 reconn/s: 0.00
[ 70s ] thds: 1536 tps: 13628.43 qps: 218083.92 (r/w/o: 190828.06/0.00/27255.87) lat (ms,95%): 121.08 err/s: 0.00 reconn/s: 0.00
[ 71s ] thds: 1536 tps: 13651.57 qps: 218342.15 (r/w/o: 191035.00/0.00/27307.15) lat (ms,95%): 121.08 err/s: 0.00 reconn/s: 0.00
[ 72s ] thds: 1536 tps: 13657.90 qps: 218523.35 (r/w/o: 191195.56/0.00/27327.79) lat (ms,95%): 121.08 err/s: 0.00 reconn/s: 0.00
[ 73s ] thds: 1536 tps: 13732.23 qps: 219651.62 (r/w/o: 192189.17/0.00/27462.45) lat (ms,95%): 170.48 err/s: 0.00 reconn/s: 0.00
[ 74s ] thds: 1536 tps: 13636.78 qps: 218250.42 (r/w/o: 190985.87/0.00/27264.55) lat (ms,95%): 125.52 err/s: 0.00 reconn/s: 0.00
[ 75s ] thds: 1536 tps: 13647.80 qps: 218301.75 (r/w/o: 191015.16/0.00/27286.59) lat (ms,95%): 125.52 err/s: 0.00 reconn/s: 0.00
[ 76s ] thds: 1536 tps: 13647.42 qps: 218275.75 (r/w/o: 190979.90/0.00/27295.84) lat (ms,95%): 125.52 err/s: 0.00 reconn/s: 0.00
[ 77s ] thds: 1536 tps: 13632.36 qps: 218340.69 (r/w/o: 191059.98/0.00/27280.71) lat (ms,95%): 125.52 err/s: 0.00 reconn/s: 0.00
[ 78s ] thds: 1536 tps: 13650.57 qps: 218215.13 (r/w/o: 190918.99/0.00/27296.14) lat (ms,95%): 125.52 err/s: 0.00 reconn/s: 0.00
[ 79s ] thds: 1536 tps: 13629.18 qps: 218284.85 (r/w/o: 191030.50/0.00/27254.36) lat (ms,95%): 125.52 err/s: 0.00 reconn/s: 0.00
[ 80s ] thds: 1536 tps: 12803.20 qps: 201214.66 (r/w/o: 175572.27/0.00/25642.39) lat (ms,95%): 248.83 err/s: 0.00 reconn/s: 0.00
[ 81s ] thds: 1536 tps: 9006.46 qps: 143917.28 (r/w/o: 125903.37/0.00/18013.91) lat (ms,95%): 337.94 err/s: 0.00 reconn/s: 0.00
[ 82s ] thds: 1536 tps: 8947.88 qps: 143259.03 (r/w/o: 125365.28/0.00/17893.76) lat (ms,95%): 325.98 err/s: 0.00 reconn/s: 0.00
[ 83s ] thds: 1536 tps: 8899.95 qps: 142203.24 (r/w/o: 124403.33/0.00/17799.91) lat (ms,95%): 320.17 err/s: 0.00 reconn/s: 0.00
[ 84s ] thds: 1536 tps: 8879.22 qps: 142260.52 (r/w/o: 124502.08/0.00/17758.44) lat (ms,95%): 331.91 err/s: 0.00 reconn/s: 0.00
[ 85s ] thds: 1536 tps: 9158.16 qps: 146228.62 (r/w/o: 127910.29/0.00/18318.33) lat (ms,95%): 325.98 err/s: 0.00 reconn/s: 0.00
[ 86s ] thds: 1536 tps: 9160.76 qps: 147190.12 (r/w/o: 128870.60/0.00/18319.52) lat (ms,95%): 325.98 err/s: 0.00 reconn/s: 0.00
[ 87s ] thds: 1536 tps: 11805.97 qps: 192243.01 (r/w/o: 168665.06/0.00/23577.95) lat (ms,95%): 308.84 err/s: 0.00 reconn/s: 0.00
[ 88s ] thds: 1536 tps: 15289.20 qps: 243038.91 (r/w/o: 212474.51/0.00/30564.40) lat (ms,95%): 150.29 err/s: 0.00 reconn/s: 0.00
[ 89s ] thds: 1536 tps: 15131.80 qps: 243499.77 (r/w/o: 213222.17/0.00/30277.60) lat (ms,95%): 520.62 err/s: 0.00 reconn/s: 0.00
[ 90s ] thds: 1536 tps: 13639.95 qps: 218194.21 (r/w/o: 190916.31/0.00/27277.90) lat (ms,95%): 121.08 err/s: 0.00 reconn/s: 0.00
[ 91s ] thds: 1536 tps: 13653.29 qps: 218355.69 (r/w/o: 191045.10/0.00/27310.59) lat (ms,95%): 123.28 err/s: 0.00 reconn/s: 0.00
[ 92s ] thds: 1536 tps: 13616.22 qps: 218189.44 (r/w/o: 190956.00/0.00/27233.44) lat (ms,95%): 123.28 err/s: 0.00 reconn/s: 0.00
[ 93s ] thds: 1536 tps: 13633.57 qps: 218222.14 (r/w/o: 190958.00/0.00/27264.14) lat (ms,95%): 123.28 err/s: 0.00 reconn/s: 0.00
[ 94s ] thds: 1536 tps: 13652.75 qps: 218383.04 (r/w/o: 191073.53/0.00/27309.50) lat (ms,95%): 123.28 err/s: 0.00 reconn/s: 0.00
[ 95s ] thds: 1536 tps: 13644.51 qps: 218327.12 (r/w/o: 191037.10/0.00/27290.02) lat (ms,95%): 121.08 err/s: 0.00 reconn/s: 0.00
[ 96s ] thds: 1536 tps: 15629.11 qps: 248388.45 (r/w/o: 217149.25/0.00/31239.21) lat (ms,95%): 186.54 err/s: 0.00 reconn/s: 0.00
[ 97s ] thds: 1536 tps: 14746.72 qps: 237355.53 (r/w/o: 207850.09/0.00/29505.44) lat (ms,95%): 511.33 err/s: 0.00 reconn/s: 0.00
[ 98s ] thds: 1536 tps: 13680.06 qps: 218620.01 (r/w/o: 191264.89/0.00/27355.13) lat (ms,95%): 127.81 err/s: 0.00 reconn/s: 0.00
[ 99s ] thds: 1536 tps: 13629.26 qps: 218441.10 (r/w/o: 191169.58/0.00/27271.52) lat (ms,95%): 127.81 err/s: 0.00 reconn/s: 0.00
[ 100s ] thds: 1536 tps: 13637.54 qps: 218395.62 (r/w/o: 191123.55/0.00/27272.07) lat (ms,95%): 127.81 err/s: 0.00 reconn/s: 0.00
[ 101s ] thds: 1536 tps: 13646.30 qps: 218353.79 (r/w/o: 191060.19/0.00/27293.60) lat (ms,95%): 127.81 err/s: 0.00 reconn/s: 0.00
[ 102s ] thds: 1536 tps: 13647.71 qps: 218339.29 (r/w/o: 191045.87/0.00/27293.41) lat (ms,95%): 123.28 err/s: 0.00 reconn/s: 0.00
[ 103s ] thds: 1536 tps: 13649.11 qps: 218260.75 (r/w/o: 190964.53/0.00/27296.22) lat (ms,95%): 123.28 err/s: 0.00 reconn/s: 0.00
[ 104s ] thds: 1536 tps: 13633.12 qps: 218373.93 (r/w/o: 191102.69/0.00/27271.24) lat (ms,95%): 123.28 err/s: 0.00 reconn/s: 0.00
[ 105s ] thds: 1536 tps: 13688.33 qps: 218506.23 (r/w/o: 191133.57/0.00/27372.65) lat (ms,95%): 123.28 err/s: 0.00 reconn/s: 0.00
[ 106s ] thds: 1536 tps: 13646.07 qps: 218326.11 (r/w/o: 191034.97/0.00/27291.14) lat (ms,95%): 123.28 err/s: 0.00 reconn/s: 0.00
[ 107s ] thds: 1536 tps: 13619.10 qps: 218279.61 (r/w/o: 191045.41/0.00/27234.20) lat (ms,95%): 123.28 err/s: 0.00 reconn/s: 0.00
[ 108s ] thds: 1536 tps: 14082.66 qps: 223968.51 (r/w/o: 195823.19/0.00/28145.32) lat (ms,95%): 123.28 err/s: 0.00 reconn/s: 0.00
[ 109s ] thds: 1536 tps: 16283.10 qps: 262014.39 (r/w/o: 229418.19/0.00/32596.20) lat (ms,95%): 520.62 err/s: 0.00 reconn/s: 0.00
[ 110s ] thds: 1536 tps: 13642.64 qps: 218277.27 (r/w/o: 190988.98/0.00/27288.28) lat (ms,95%): 123.28 err/s: 0.00 reconn/s: 0.00
[ 111s ] thds: 1536 tps: 13675.32 qps: 218568.98 (r/w/o: 191228.35/0.00/27340.63) lat (ms,95%): 121.08 err/s: 0.00 reconn/s: 0.00
[ 112s ] thds: 1536 tps: 13656.61 qps: 218543.84 (r/w/o: 191217.61/0.00/27326.23) lat (ms,95%): 121.08 err/s: 0.00 reconn/s: 0.00
[ 113s ] thds: 1536 tps: 13664.79 qps: 218760.69 (r/w/o: 191441.10/0.00/27319.59) lat (ms,95%): 125.52 err/s: 0.00 reconn/s: 0.00
[ 114s ] thds: 1536 tps: 13661.41 qps: 218432.55 (r/w/o: 191112.73/0.00/27319.82) lat (ms,95%): 121.08 err/s: 0.00 reconn/s: 0.00
[ 115s ] thds: 1536 tps: 13641.38 qps: 218380.10 (r/w/o: 191096.34/0.00/27283.76) lat (ms,95%): 121.08 err/s: 0.00 reconn/s: 0.00
[ 116s ] thds: 1536 tps: 13666.72 qps: 218469.46 (r/w/o: 191130.02/0.00/27339.43) lat (ms,95%): 123.28 err/s: 0.00 reconn/s: 0.00
[ 117s ] thds: 1536 tps: 13638.47 qps: 218329.53 (r/w/o: 191067.58/0.00/27261.95) lat (ms,95%): 123.28 err/s: 0.00 reconn/s: 0.00
[ 118s ] thds: 1536 tps: 13660.58 qps: 218436.28 (r/w/o: 191113.12/0.00/27323.16) lat (ms,95%): 123.28 err/s: 0.00 reconn/s: 0.00
[ 119s ] thds: 1536 tps: 13647.64 qps: 218346.18 (r/w/o: 191042.91/0.00/27303.27) lat (ms,95%): 123.28 err/s: 0.00 reconn/s: 0.00
[ 120s ] thds: 1536 tps: 13651.38 qps: 218449.16 (r/w/o: 191144.39/0.00/27304.77) lat (ms,95%): 121.08 err/s: 0.00 reconn/s: 0.00
[ 121s ] thds: 1536 tps: 13643.44 qps: 218396.07 (r/w/o: 191107.18/0.00/27288.88) lat (ms,95%): 121.08 err/s: 0.00 reconn/s: 0.00
[ 122s ] thds: 1536 tps: 13638.18 qps: 218430.89 (r/w/o: 191150.53/0.00/27280.36) lat (ms,95%): 123.28 err/s: 0.00 reconn/s: 0.00
[ 123s ] thds: 1536 tps: 13663.68 qps: 218457.90 (r/w/o: 191139.54/0.00/27318.36) lat (ms,95%): 123.28 err/s: 0.00 reconn/s: 0.00
[ 124s ] thds: 1536 tps: 14420.27 qps: 229468.37 (r/w/o: 200653.82/0.00/28814.55) lat (ms,95%): 125.52 err/s: 0.00 reconn/s: 0.00
[ 125s ] thds: 1536 tps: 15951.52 qps: 256320.87 (r/w/o: 224385.85/0.00/31935.02) lat (ms,95%): 502.20 err/s: 0.00 reconn/s: 0.00
[ 126s ] thds: 1536 tps: 13658.07 qps: 218553.12 (r/w/o: 191243.98/0.00/27309.14) lat (ms,95%): 123.28 err/s: 0.00 reconn/s: 0.00
[ 127s ] thds: 1536 tps: 13636.12 qps: 218428.96 (r/w/o: 191150.71/0.00/27278.24) lat (ms,95%): 123.28 err/s: 0.00 reconn/s: 0.00
[ 128s ] thds: 1536 tps: 13650.02 qps: 218364.37 (r/w/o: 191073.33/0.00/27291.05) lat (ms,95%): 125.52 err/s: 0.00 reconn/s: 0.00
[ 129s ] thds: 1536 tps: 13655.67 qps: 218484.65 (r/w/o: 191164.32/0.00/27320.33) lat (ms,95%): 123.28 err/s: 0.00 reconn/s: 0.00
[ 130s ] thds: 1536 tps: 13643.22 qps: 218426.45 (r/w/o: 191150.02/0.00/27276.43) lat (ms,95%): 123.28 err/s: 0.00 reconn/s: 0.00
[ 131s ] thds: 1536 tps: 13659.41 qps: 218375.59 (r/w/o: 191051.76/0.00/27323.82) lat (ms,95%): 121.08 err/s: 0.00 reconn/s: 0.00
[ 132s ] thds: 1536 tps: 13672.99 qps: 218441.77 (r/w/o: 191093.79/0.00/27347.97) lat (ms,95%): 121.08 err/s: 0.00 reconn/s: 0.00
[ 133s ] thds: 1536 tps: 13636.03 qps: 218417.48 (r/w/o: 191144.42/0.00/27273.06) lat (ms,95%): 123.28 err/s: 0.00 reconn/s: 0.00
[ 134s ] thds: 1536 tps: 13649.70 qps: 218384.27 (r/w/o: 191085.86/0.00/27298.41) lat (ms,95%): 121.08 err/s: 0.00 reconn/s: 0.00
[ 135s ] thds: 1536 tps: 13642.69 qps: 218361.99 (r/w/o: 191076.62/0.00/27285.38) lat (ms,95%): 123.28 err/s: 0.00 reconn/s: 0.00
[ 136s ] thds: 1536 tps: 14922.05 qps: 237206.49 (r/w/o: 207374.39/0.00/29832.10) lat (ms,95%): 127.81 err/s: 0.00 reconn/s: 0.00
[ 137s ] thds: 1536 tps: 15458.71 qps: 249112.31 (r/w/o: 218181.89/0.00/30930.42) lat (ms,95%): 520.62 err/s: 0.00 reconn/s: 0.00
[ 138s ] thds: 1536 tps: 13659.76 qps: 218501.16 (r/w/o: 191174.64/0.00/27326.52) lat (ms,95%): 123.28 err/s: 0.00 reconn/s: 0.00
[ 139s ] thds: 1536 tps: 13668.99 qps: 218493.88 (r/w/o: 191170.89/0.00/27322.98) lat (ms,95%): 125.52 err/s: 0.00 reconn/s: 0.00
[ 140s ] thds: 1536 tps: 13649.06 qps: 218423.95 (r/w/o: 191112.83/0.00/27311.12) lat (ms,95%): 125.52 err/s: 0.00 reconn/s: 0.00
[ 141s ] thds: 1536 tps: 13649.51 qps: 218289.17 (r/w/o: 191010.15/0.00/27279.02) lat (ms,95%): 125.52 err/s: 0.00 reconn/s: 0.00
[ 142s ] thds: 1536 tps: 13658.19 qps: 218464.07 (r/w/o: 191128.69/0.00/27335.38) lat (ms,95%): 125.52 err/s: 0.00 reconn/s: 0.00
[ 143s ] thds: 1536 tps: 13651.23 qps: 218458.63 (r/w/o: 191161.18/0.00/27297.45) lat (ms,95%): 127.81 err/s: 0.00 reconn/s: 0.00
[ 144s ] thds: 1536 tps: 13646.48 qps: 218490.64 (r/w/o: 191198.69/0.00/27291.95) lat (ms,95%): 125.52 err/s: 0.00 reconn/s: 0.00
[ 145s ] thds: 1536 tps: 13664.69 qps: 218367.02 (r/w/o: 191045.65/0.00/27321.38) lat (ms,95%): 125.52 err/s: 0.00 reconn/s: 0.00
[ 146s ] thds: 1536 tps: 13641.97 qps: 218422.48 (r/w/o: 191134.54/0.00/27287.94) lat (ms,95%): 123.28 err/s: 0.00 reconn/s: 0.00
[ 147s ] thds: 1536 tps: 13644.41 qps: 218454.61 (r/w/o: 191157.79/0.00/27296.83) lat (ms,95%): 121.08 err/s: 0.00 reconn/s: 0.00
[ 148s ] thds: 1536 tps: 13667.31 qps: 218471.94 (r/w/o: 191139.32/0.00/27332.62) lat (ms,95%): 121.08 err/s: 0.00 reconn/s: 0.00
[ 149s ] thds: 1536 tps: 13644.74 qps: 218433.86 (r/w/o: 191156.38/0.00/27277.48) lat (ms,95%): 121.08 err/s: 0.00 reconn/s: 0.00
[ 150s ] thds: 1536 tps: 13652.35 qps: 218447.64 (r/w/o: 191134.94/0.00/27312.70) lat (ms,95%): 121.08 err/s: 0.00 reconn/s: 0.00
[ 151s ] thds: 1536 tps: 13659.07 qps: 218462.21 (r/w/o: 191142.06/0.00/27320.15) lat (ms,95%): 123.28 err/s: 0.00 reconn/s: 0.00
[ 152s ] thds: 1536 tps: 13661.19 qps: 218529.05 (r/w/o: 191210.67/0.00/27318.38) lat (ms,95%): 123.28 err/s: 0.00 reconn/s: 0.00
[ 153s ] thds: 1536 tps: 13652.05 qps: 218493.75 (r/w/o: 191187.65/0.00/27306.09) lat (ms,95%): 125.52 err/s: 0.00 reconn/s: 0.00
[ 154s ] thds: 1536 tps: 13661.28 qps: 218471.45 (r/w/o: 191147.90/0.00/27323.56) lat (ms,95%): 125.52 err/s: 0.00 reconn/s: 0.00
[ 155s ] thds: 1536 tps: 13619.89 qps: 218462.27 (r/w/o: 191214.49/0.00/27247.78) lat (ms,95%): 125.52 err/s: 0.00 reconn/s: 0.00
[ 156s ] thds: 1536 tps: 13685.31 qps: 218474.06 (r/w/o: 191125.44/0.00/27348.63) lat (ms,95%): 125.52 err/s: 0.00 reconn/s: 0.00
[ 157s ] thds: 1536 tps: 13640.83 qps: 218507.39 (r/w/o: 191213.72/0.00/27293.67) lat (ms,95%): 123.28 err/s: 0.00 reconn/s: 0.00
[ 158s ] thds: 1536 tps: 13661.60 qps: 218415.55 (r/w/o: 191088.36/0.00/27327.19) lat (ms,95%): 123.28 err/s: 0.00 reconn/s: 0.00
[ 159s ] thds: 1536 tps: 13650.72 qps: 218474.59 (r/w/o: 191163.14/0.00/27311.45) lat (ms,95%): 121.08 err/s: 0.00 reconn/s: 0.00
[ 160s ] thds: 1536 tps: 13653.26 qps: 218522.14 (r/w/o: 191218.62/0.00/27303.52) lat (ms,95%): 121.08 err/s: 0.00 reconn/s: 0.00
[ 161s ] thds: 1536 tps: 13660.16 qps: 218279.44 (r/w/o: 190964.13/0.00/27315.31) lat (ms,95%): 121.08 err/s: 0.00 reconn/s: 0.00
[ 162s ] thds: 1536 tps: 13650.27 qps: 218497.37 (r/w/o: 191197.82/0.00/27299.55) lat (ms,95%): 121.08 err/s: 0.00 reconn/s: 0.00
[ 163s ] thds: 1536 tps: 13639.75 qps: 218370.07 (r/w/o: 191096.56/0.00/27273.51) lat (ms,95%): 121.08 err/s: 0.00 reconn/s: 0.00
[ 164s ] thds: 1536 tps: 12722.90 qps: 199988.73 (r/w/o: 174503.93/0.00/25484.80) lat (ms,95%): 244.38 err/s: 0.00 reconn/s: 0.00
[ 165s ] thds: 1536 tps: 9682.32 qps: 154670.04 (r/w/o: 135305.41/0.00/19364.63) lat (ms,95%): 331.91 err/s: 0.00 reconn/s: 0.00
[ 166s ] thds: 1536 tps: 9196.20 qps: 147121.25 (r/w/o: 128729.85/0.00/18391.41) lat (ms,95%): 325.98 err/s: 0.00 reconn/s: 0.00
[ 167s ] thds: 1536 tps: 9264.42 qps: 148784.73 (r/w/o: 130254.89/0.00/18529.85) lat (ms,95%): 331.91 err/s: 0.00 reconn/s: 0.00
[ 168s ] thds: 1536 tps: 9249.65 qps: 147701.41 (r/w/o: 129202.11/0.00/18499.30) lat (ms,95%): 331.91 err/s: 0.00 reconn/s: 0.00
[ 169s ] thds: 1536 tps: 9318.29 qps: 149108.57 (r/w/o: 130474.00/0.00/18634.57) lat (ms,95%): 325.98 err/s: 0.00 reconn/s: 0.00
[ 170s ] thds: 1536 tps: 13211.03 qps: 215026.89 (r/w/o: 188638.83/0.00/26388.06) lat (ms,95%): 282.25 err/s: 0.00 reconn/s: 0.00
[ 171s ] thds: 1536 tps: 13657.78 qps: 218279.44 (r/w/o: 190966.88/0.00/27312.56) lat (ms,95%): 123.28 err/s: 0.00 reconn/s: 0.00
[ 172s ] thds: 1536 tps: 13637.82 qps: 218193.16 (r/w/o: 190913.51/0.00/27279.64) lat (ms,95%): 123.28 err/s: 0.00 reconn/s: 0.00
[ 173s ] thds: 1536 tps: 13613.34 qps: 218041.49 (r/w/o: 190815.80/0.00/27225.69) lat (ms,95%): 123.28 err/s: 0.00 reconn/s: 0.00
[ 174s ] thds: 1536 tps: 13658.21 qps: 218175.32 (r/w/o: 190862.90/0.00/27312.42) lat (ms,95%): 123.28 err/s: 0.00 reconn/s: 0.00
[ 175s ] thds: 1536 tps: 13597.61 qps: 218151.86 (r/w/o: 190941.63/0.00/27210.23) lat (ms,95%): 123.28 err/s: 0.00 reconn/s: 0.00
[ 176s ] thds: 1536 tps: 15625.17 qps: 248005.69 (r/w/o: 216784.35/0.00/31221.34) lat (ms,95%): 189.93 err/s: 0.00 reconn/s: 0.00
[ 177s ] thds: 1536 tps: 14800.87 qps: 238353.93 (r/w/o: 208727.19/0.00/29626.74) lat (ms,95%): 520.62 err/s: 0.00 reconn/s: 0.00
[ 178s ] thds: 1536 tps: 13661.91 qps: 218511.52 (r/w/o: 191196.70/0.00/27314.81) lat (ms,95%): 123.28 err/s: 0.00 reconn/s: 0.00
[ 179s ] thds: 1536 tps: 13657.30 qps: 218831.75 (r/w/o: 191507.16/0.00/27324.59) lat (ms,95%): 123.28 err/s: 0.00 reconn/s: 0.00
[ 180s ] thds: 1536 tps: 13657.03 qps: 218469.52 (r/w/o: 191155.45/0.00/27314.06) lat (ms,95%): 121.08 err/s: 0.00 reconn/s: 0.00
[ 181s ] thds: 1536 tps: 13659.02 qps: 218372.38 (r/w/o: 191056.33/0.00/27316.05) lat (ms,95%): 121.08 err/s: 0.00 reconn/s: 0.00
[ 182s ] thds: 1536 tps: 13650.58 qps: 218476.21 (r/w/o: 191183.05/0.00/27293.16) lat (ms,95%): 121.08 err/s: 0.00 reconn/s: 0.00
[ 183s ] thds: 1536 tps: 13646.64 qps: 218415.24 (r/w/o: 191127.96/0.00/27287.28) lat (ms,95%): 121.08 err/s: 0.00 reconn/s: 0.00
[ 184s ] thds: 1536 tps: 13660.87 qps: 218385.95 (r/w/o: 191057.21/0.00/27328.74) lat (ms,95%): 123.28 err/s: 0.00 reconn/s: 0.00
[ 185s ] thds: 1536 tps: 13638.30 qps: 218471.82 (r/w/o: 191196.21/0.00/27275.61) lat (ms,95%): 125.52 err/s: 0.00 reconn/s: 0.00
[ 186s ] thds: 1536 tps: 13656.63 qps: 218583.13 (r/w/o: 191260.86/0.00/27322.27) lat (ms,95%): 125.52 err/s: 0.00 reconn/s: 0.00
[ 187s ] thds: 1536 tps: 13686.90 qps: 218607.59 (r/w/o: 191247.78/0.00/27359.81) lat (ms,95%): 127.81 err/s: 0.00 reconn/s: 0.00
[ 188s ] thds: 1536 tps: 13638.68 qps: 218481.96 (r/w/o: 191195.60/0.00/27286.36) lat (ms,95%): 127.81 err/s: 0.00 reconn/s: 0.00
[ 189s ] thds: 1536 tps: 13676.03 qps: 218588.42 (r/w/o: 191237.37/0.00/27351.05) lat (ms,95%): 127.81 err/s: 0.00 reconn/s: 0.00
[ 190s ] thds: 1536 tps: 13640.93 qps: 218525.88 (r/w/o: 191242.02/0.00/27283.86) lat (ms,95%): 125.52 err/s: 0.00 reconn/s: 0.00
[ 191s ] thds: 1536 tps: 13656.22 qps: 218450.60 (r/w/o: 191138.15/0.00/27312.45) lat (ms,95%): 123.28 err/s: 0.00 reconn/s: 0.00
[ 192s ] thds: 1536 tps: 13666.39 qps: 218585.29 (r/w/o: 191249.50/0.00/27335.79) lat (ms,95%): 123.28 err/s: 0.00 reconn/s: 0.00
[ 193s ] thds: 1536 tps: 13642.79 qps: 218495.59 (r/w/o: 191204.02/0.00/27291.57) lat (ms,95%): 123.28 err/s: 0.00 reconn/s: 0.00
[ 194s ] thds: 1536 tps: 13688.48 qps: 218597.70 (r/w/o: 191231.74/0.00/27365.96) lat (ms,95%): 123.28 err/s: 0.00 reconn/s: 0.00
[ 195s ] thds: 1536 tps: 13616.82 qps: 218406.16 (r/w/o: 191163.51/0.00/27242.65) lat (ms,95%): 123.28 err/s: 0.00 reconn/s: 0.00
[ 196s ] thds: 1536 tps: 13690.87 qps: 218629.96 (r/w/o: 191258.22/0.00/27371.74) lat (ms,95%): 123.28 err/s: 0.00 reconn/s: 0.00
[ 197s ] thds: 1536 tps: 13658.33 qps: 218600.24 (r/w/o: 191283.59/0.00/27316.65) lat (ms,95%): 121.08 err/s: 0.00 reconn/s: 0.00
[ 198s ] thds: 1536 tps: 13658.60 qps: 218173.62 (r/w/o: 190855.41/0.00/27318.21) lat (ms,95%): 123.28 err/s: 0.00 reconn/s: 0.00
[ 199s ] thds: 1536 tps: 16700.02 qps: 267799.26 (r/w/o: 234395.23/0.00/33404.03) lat (ms,95%): 502.20 err/s: 0.00 reconn/s: 0.00
[ 200s ] thds: 1536 tps: 13672.82 qps: 218655.11 (r/w/o: 191312.47/0.00/27342.64) lat (ms,95%): 123.28 err/s: 0.00 reconn/s: 0.00
[ 201s ] thds: 1536 tps: 13673.43 qps: 218467.96 (r/w/o: 191130.10/0.00/27337.86) lat (ms,95%): 121.08 err/s: 0.00 reconn/s: 0.00
[ 202s ] thds: 1536 tps: 13629.75 qps: 218312.10 (r/w/o: 191044.59/0.00/27267.51) lat (ms,95%): 121.08 err/s: 0.00 reconn/s: 0.00
[ 203s ] thds: 1536 tps: 13668.31 qps: 218503.97 (r/w/o: 191173.35/0.00/27330.62) lat (ms,95%): 121.08 err/s: 0.00 reconn/s: 0.00
[ 204s ] thds: 1536 tps: 13659.25 qps: 218459.07 (r/w/o: 191140.56/0.00/27318.51) lat (ms,95%): 121.08 err/s: 0.00 reconn/s: 0.00
[ 205s ] thds: 1536 tps: 13628.41 qps: 218414.56 (r/w/o: 191146.74/0.00/27267.82) lat (ms,95%): 121.08 err/s: 0.00 reconn/s: 0.00
[ 206s ] thds: 1536 tps: 13654.31 qps: 218422.92 (r/w/o: 191112.31/0.00/27310.61) lat (ms,95%): 123.28 err/s: 0.00 reconn/s: 0.00
[ 207s ] thds: 1536 tps: 13670.97 qps: 218538.51 (r/w/o: 191202.57/0.00/27335.94) lat (ms,95%): 125.52 err/s: 0.00 reconn/s: 0.00
[ 208s ] thds: 1536 tps: 13641.42 qps: 218341.70 (r/w/o: 191057.86/0.00/27283.84) lat (ms,95%): 121.08 err/s: 0.00 reconn/s: 0.00
[ 209s ] thds: 1536 tps: 13647.04 qps: 218440.66 (r/w/o: 191139.58/0.00/27301.08) lat (ms,95%): 121.08 err/s: 0.00 reconn/s: 0.00
[ 210s ] thds: 1536 tps: 13642.15 qps: 218387.36 (r/w/o: 191104.06/0.00/27283.29) lat (ms,95%): 118.92 err/s: 0.00 reconn/s: 0.00
[ 211s ] thds: 1536 tps: 13670.02 qps: 218497.32 (r/w/o: 191159.29/0.00/27338.04) lat (ms,95%): 118.92 err/s: 0.00 reconn/s: 0.00
[ 212s ] thds: 1536 tps: 13653.94 qps: 218425.12 (r/w/o: 191119.23/0.00/27305.89) lat (ms,95%): 118.92 err/s: 0.00 reconn/s: 0.00
[ 213s ] thds: 1536 tps: 13639.67 qps: 218423.75 (r/w/o: 191144.41/0.00/27279.34) lat (ms,95%): 121.08 err/s: 0.00 reconn/s: 0.00
[ 214s ] thds: 1536 tps: 13651.89 qps: 218513.34 (r/w/o: 191208.55/0.00/27304.79) lat (ms,95%): 121.08 err/s: 0.00 reconn/s: 0.00
[ 215s ] thds: 1536 tps: 13657.02 qps: 218431.36 (r/w/o: 191125.31/0.00/27306.04) lat (ms,95%): 121.08 err/s: 0.00 reconn/s: 0.00
[ 216s ] thds: 1536 tps: 13660.18 qps: 218420.81 (r/w/o: 191090.46/0.00/27330.35) lat (ms,95%): 121.08 err/s: 0.00 reconn/s: 0.00
[ 217s ] thds: 1536 tps: 13645.84 qps: 218436.36 (r/w/o: 191148.69/0.00/27287.67) lat (ms,95%): 121.08 err/s: 0.00 reconn/s: 0.00
[ 218s ] thds: 1536 tps: 13657.18 qps: 218403.92 (r/w/o: 191088.55/0.00/27315.36) lat (ms,95%): 123.28 err/s: 0.00 reconn/s: 0.00
[ 219s ] thds: 1536 tps: 13656.17 qps: 218491.77 (r/w/o: 191184.42/0.00/27307.35) lat (ms,95%): 121.08 err/s: 0.00 reconn/s: 0.00
[ 220s ] thds: 1536 tps: 13651.48 qps: 218453.67 (r/w/o: 191139.71/0.00/27313.96) lat (ms,95%): 125.52 err/s: 0.00 reconn/s: 0.00
[ 221s ] thds: 1536 tps: 13657.50 qps: 218565.98 (r/w/o: 191262.99/0.00/27303.00) lat (ms,95%): 127.81 err/s: 0.00 reconn/s: 0.00
[ 222s ] thds: 1536 tps: 13639.00 qps: 218404.96 (r/w/o: 191121.96/0.00/27283.00) lat (ms,95%): 127.81 err/s: 0.00 reconn/s: 0.00
[ 223s ] thds: 1536 tps: 13654.09 qps: 218450.49 (r/w/o: 191141.30/0.00/27309.19) lat (ms,95%): 125.52 err/s: 0.00 reconn/s: 0.00
[ 224s ] thds: 1536 tps: 13678.17 qps: 218471.76 (r/w/o: 191122.42/0.00/27349.34) lat (ms,95%): 123.28 err/s: 0.00 reconn/s: 0.00
[ 225s ] thds: 1536 tps: 13642.53 qps: 218477.58 (r/w/o: 191184.51/0.00/27293.07) lat (ms,95%): 123.28 err/s: 0.00 reconn/s: 0.00
[ 226s ] thds: 1536 tps: 13656.63 qps: 218509.04 (r/w/o: 191196.78/0.00/27312.25) lat (ms,95%): 123.28 err/s: 0.00 reconn/s: 0.00
[ 227s ] thds: 1536 tps: 13672.33 qps: 218476.33 (r/w/o: 191137.66/0.00/27338.67) lat (ms,95%): 125.52 err/s: 0.00 reconn/s: 0.00
[ 228s ] thds: 1536 tps: 13634.39 qps: 218445.28 (r/w/o: 191181.49/0.00/27263.78) lat (ms,95%): 125.52 err/s: 0.00 reconn/s: 0.00
[ 229s ] thds: 1536 tps: 13633.84 qps: 218365.33 (r/w/o: 191093.66/0.00/27271.67) lat (ms,95%): 125.52 err/s: 0.00 reconn/s: 0.00
[ 230s ] thds: 1536 tps: 13688.34 qps: 218479.42 (r/w/o: 191106.75/0.00/27372.68) lat (ms,95%): 125.52 err/s: 0.00 reconn/s: 0.00
[ 231s ] thds: 1536 tps: 13627.30 qps: 218366.91 (r/w/o: 191104.30/0.00/27262.61) lat (ms,95%): 123.28 err/s: 0.00 reconn/s: 0.00
[ 232s ] thds: 1536 tps: 12439.32 qps: 195297.28 (r/w/o: 170387.65/0.00/24909.63) lat (ms,95%): 196.89 err/s: 0.00 reconn/s: 0.00
[ 233s ] thds: 1536 tps: 9233.48 qps: 147958.76 (r/w/o: 129488.80/0.00/18469.97) lat (ms,95%): 337.94 err/s: 0.00 reconn/s: 0.00
[ 234s ] thds: 1536 tps: 9137.17 qps: 146264.75 (r/w/o: 127990.41/0.00/18274.34) lat (ms,95%): 325.98 err/s: 0.00 reconn/s: 0.00
[ 235s ] thds: 1536 tps: 9479.00 qps: 152315.97 (r/w/o: 133366.96/0.00/18949.01) lat (ms,95%): 325.98 err/s: 0.00 reconn/s: 0.00
[ 236s ] thds: 1536 tps: 13697.02 qps: 221902.87 (r/w/o: 194533.84/0.00/27369.04) lat (ms,95%): 231.53 err/s: 0.00 reconn/s: 0.00
[ 237s ] thds: 1536 tps: 13650.91 qps: 218334.54 (r/w/o: 191038.73/0.00/27295.82) lat (ms,95%): 123.28 err/s: 0.00 reconn/s: 0.00
[ 238s ] thds: 1536 tps: 13639.46 qps: 218242.33 (r/w/o: 190961.42/0.00/27280.92) lat (ms,95%): 127.81 err/s: 0.00 reconn/s: 0.00
[ 239s ] thds: 1536 tps: 13643.89 qps: 218337.21 (r/w/o: 191039.43/0.00/27297.78) lat (ms,95%): 127.81 err/s: 0.00 reconn/s: 0.00
[ 240s ] thds: 1536 tps: 13640.96 qps: 218292.41 (r/w/o: 191018.48/0.00/27273.93) lat (ms,95%): 127.81 err/s: 0.00 reconn/s: 0.00
[ 241s ] thds: 1536 tps: 13653.42 qps: 218408.66 (r/w/o: 191102.82/0.00/27305.83) lat (ms,95%): 127.81 err/s: 0.00 reconn/s: 0.00
[ 242s ] thds: 1536 tps: 13641.07 qps: 218280.10 (r/w/o: 190997.97/0.00/27282.14) lat (ms,95%): 127.81 err/s: 0.00 reconn/s: 0.00
[ 243s ] thds: 1536 tps: 13632.04 qps: 218334.65 (r/w/o: 191053.56/0.00/27281.08) lat (ms,95%): 125.52 err/s: 0.00 reconn/s: 0.00
[ 244s ] thds: 1536 tps: 15934.97 qps: 253603.50 (r/w/o: 221770.56/0.00/31832.94) lat (ms,95%): 231.53 err/s: 0.00 reconn/s: 0.00
[ 245s ] thds: 1536 tps: 14428.77 qps: 232079.36 (r/w/o: 203195.81/0.00/28883.55) lat (ms,95%): 520.62 err/s: 0.00 reconn/s: 0.00
[ 246s ] thds: 1536 tps: 13670.94 qps: 218561.00 (r/w/o: 191233.12/0.00/27327.87) lat (ms,95%): 123.28 err/s: 0.00 reconn/s: 0.00
[ 247s ] thds: 1536 tps: 13638.60 qps: 218427.62 (r/w/o: 191142.42/0.00/27285.20) lat (ms,95%): 121.08 err/s: 0.00 reconn/s: 0.00
[ 248s ] thds: 1536 tps: 13674.52 qps: 218599.31 (r/w/o: 191253.27/0.00/27346.04) lat (ms,95%): 123.28 err/s: 0.00 reconn/s: 0.00
[ 249s ] thds: 1536 tps: 13650.56 qps: 218510.02 (r/w/o: 191199.89/0.00/27310.13) lat (ms,95%): 123.28 err/s: 0.00 reconn/s: 0.00
[ 250s ] thds: 1536 tps: 13658.20 qps: 218460.27 (r/w/o: 191152.87/0.00/27307.41) lat (ms,95%): 123.28 err/s: 0.00 reconn/s: 0.00
[ 251s ] thds: 1536 tps: 13665.24 qps: 218516.89 (r/w/o: 191190.40/0.00/27326.49) lat (ms,95%): 121.08 err/s: 0.00 reconn/s: 0.00
[ 252s ] thds: 1536 tps: 13667.52 qps: 218847.36 (r/w/o: 191516.31/0.00/27331.05) lat (ms,95%): 121.08 err/s: 0.00 reconn/s: 0.00
[ 253s ] thds: 1536 tps: 13642.53 qps: 218420.51 (r/w/o: 191114.45/0.00/27306.06) lat (ms,95%): 123.28 err/s: 0.00 reconn/s: 0.00
[ 254s ] thds: 1536 tps: 13655.59 qps: 218441.42 (r/w/o: 191148.24/0.00/27293.18) lat (ms,95%): 121.08 err/s: 0.00 reconn/s: 0.00
[ 255s ] thds: 1536 tps: 13660.23 qps: 218446.65 (r/w/o: 191125.19/0.00/27321.46) lat (ms,95%): 121.08 err/s: 0.00 reconn/s: 0.00
[ 256s ] thds: 1536 tps: 13670.48 qps: 218523.67 (r/w/o: 191176.72/0.00/27346.96) lat (ms,95%): 121.08 err/s: 0.00 reconn/s: 0.00
[ 257s ] thds: 1536 tps: 13646.60 qps: 218501.54 (r/w/o: 191205.35/0.00/27296.19) lat (ms,95%): 123.28 err/s: 0.00 reconn/s: 0.00
[ 258s ] thds: 1536 tps: 13642.06 qps: 218508.83 (r/w/o: 191218.72/0.00/27290.11) lat (ms,95%): 121.08 err/s: 0.00 reconn/s: 0.00
[ 259s ] thds: 1536 tps: 13668.45 qps: 218494.16 (r/w/o: 191163.26/0.00/27330.90) lat (ms,95%): 123.28 err/s: 0.00 reconn/s: 0.00
[ 260s ] thds: 1536 tps: 14533.56 qps: 231266.99 (r/w/o: 202209.86/0.00/29057.13) lat (ms,95%): 127.81 err/s: 0.00 reconn/s: 0.00
[ 261s ] thds: 1536 tps: 15863.86 qps: 255240.71 (r/w/o: 223507.99/0.00/31732.71) lat (ms,95%): 502.20 err/s: 0.00 reconn/s: 0.00
[ 262s ] thds: 1536 tps: 13639.87 qps: 218324.96 (r/w/o: 191035.21/0.00/27289.74) lat (ms,95%): 123.28 err/s: 0.00 reconn/s: 0.00
[ 263s ] thds: 1536 tps: 13671.73 qps: 218597.71 (r/w/o: 191250.25/0.00/27347.46) lat (ms,95%): 121.08 err/s: 0.00 reconn/s: 0.00
[ 264s ] thds: 1536 tps: 13688.36 qps: 218797.70 (r/w/o: 191438.99/0.00/27358.71) lat (ms,95%): 123.28 err/s: 0.00 reconn/s: 0.00
[ 265s ] thds: 1536 tps: 13653.93 qps: 218552.88 (r/w/o: 191239.02/0.00/27313.86) lat (ms,95%): 121.08 err/s: 0.00 reconn/s: 0.00
[ 266s ] thds: 1536 tps: 13650.66 qps: 218520.62 (r/w/o: 191216.29/0.00/27304.33) lat (ms,95%): 121.08 err/s: 0.00 reconn/s: 0.00
[ 267s ] thds: 1536 tps: 13656.13 qps: 218581.13 (r/w/o: 191261.87/0.00/27319.27) lat (ms,95%): 123.28 err/s: 0.00 reconn/s: 0.00
[ 268s ] thds: 1536 tps: 14401.77 qps: 229314.07 (r/w/o: 200521.53/0.00/28792.53) lat (ms,95%): 123.28 err/s: 0.00 reconn/s: 0.00
[ 269s ] thds: 1536 tps: 15975.29 qps: 256323.56 (r/w/o: 224368.99/0.00/31954.57) lat (ms,95%): 502.20 err/s: 0.00 reconn/s: 0.00
[ 270s ] thds: 1536 tps: 13672.48 qps: 219275.71 (r/w/o: 191928.75/0.00/27346.96) lat (ms,95%): 125.52 err/s: 0.00 reconn/s: 0.00
[ 271s ] thds: 1536 tps: 13687.08 qps: 218522.32 (r/w/o: 191163.16/0.00/27359.17) lat (ms,95%): 123.28 err/s: 0.00 reconn/s: 0.00
[ 272s ] thds: 1536 tps: 16643.55 qps: 266771.66 (r/w/o: 233468.56/0.00/33303.09) lat (ms,95%): 467.30 err/s: 0.00 reconn/s: 0.00
[ 273s ] thds: 1536 tps: 13744.61 qps: 220166.78 (r/w/o: 192682.57/0.00/27484.21) lat (ms,95%): 130.13 err/s: 0.00 reconn/s: 0.00
[ 274s ] thds: 1536 tps: 13685.67 qps: 218568.68 (r/w/o: 191199.35/0.00/27369.33) lat (ms,95%): 125.52 err/s: 0.00 reconn/s: 0.00
[ 275s ] thds: 1536 tps: 13653.63 qps: 218557.00 (r/w/o: 191249.75/0.00/27307.25) lat (ms,95%): 123.28 err/s: 0.00 reconn/s: 0.00
[ 276s ] thds: 1536 tps: 13679.08 qps: 218504.32 (r/w/o: 191141.15/0.00/27363.16) lat (ms,95%): 123.28 err/s: 0.00 reconn/s: 0.00
[ 277s ] thds: 1536 tps: 13643.91 qps: 218487.58 (r/w/o: 191196.76/0.00/27290.82) lat (ms,95%): 123.28 err/s: 0.00 reconn/s: 0.00
[ 278s ] thds: 1536 tps: 13652.07 qps: 218446.17 (r/w/o: 191148.02/0.00/27298.15) lat (ms,95%): 125.52 err/s: 0.00 reconn/s: 0.00
[ 279s ] thds: 1536 tps: 13660.62 qps: 218489.90 (r/w/o: 191173.66/0.00/27316.24) lat (ms,95%): 125.52 err/s: 0.00 reconn/s: 0.00
[ 280s ] thds: 1536 tps: 14657.14 qps: 232975.16 (r/w/o: 203657.89/0.00/29317.27) lat (ms,95%): 125.52 err/s: 0.00 reconn/s: 0.00
[ 281s ] thds: 1536 tps: 15696.52 qps: 252893.29 (r/w/o: 221496.24/0.00/31397.04) lat (ms,95%): 502.20 err/s: 0.00 reconn/s: 0.00
[ 282s ] thds: 1536 tps: 13662.44 qps: 218490.98 (r/w/o: 191166.10/0.00/27324.87) lat (ms,95%): 121.08 err/s: 0.00 reconn/s: 0.00
[ 283s ] thds: 1536 tps: 13673.08 qps: 218521.25 (r/w/o: 191178.10/0.00/27343.16) lat (ms,95%): 121.08 err/s: 0.00 reconn/s: 0.00
[ 284s ] thds: 1536 tps: 13653.61 qps: 218551.70 (r/w/o: 191241.49/0.00/27310.21) lat (ms,95%): 121.08 err/s: 0.00 reconn/s: 0.00
[ 285s ] thds: 1536 tps: 13636.27 qps: 218590.27 (r/w/o: 191309.74/0.00/27280.53) lat (ms,95%): 123.28 err/s: 0.00 reconn/s: 0.00
[ 286s ] thds: 1536 tps: 13679.91 qps: 218486.58 (r/w/o: 191132.76/0.00/27353.82) lat (ms,95%): 121.08 err/s: 0.00 reconn/s: 0.00
[ 287s ] thds: 1536 tps: 13649.31 qps: 218540.87 (r/w/o: 191252.25/0.00/27288.61) lat (ms,95%): 121.08 err/s: 0.00 reconn/s: 0.00
[ 288s ] thds: 1536 tps: 14909.03 qps: 236853.18 (r/w/o: 207030.13/0.00/29823.05) lat (ms,95%): 125.52 err/s: 0.00 reconn/s: 0.00
[ 289s ] thds: 1536 tps: 15460.08 qps: 248898.19 (r/w/o: 217975.03/0.00/30923.16) lat (ms,95%): 511.33 err/s: 0.00 reconn/s: 0.00
[ 290s ] thds: 1536 tps: 13692.26 qps: 219244.09 (r/w/o: 191856.57/0.00/27387.51) lat (ms,95%): 121.08 err/s: 0.00 reconn/s: 0.00
[ 291s ] thds: 1536 tps: 13676.94 qps: 218499.96 (r/w/o: 191148.08/0.00/27351.88) lat (ms,95%): 121.08 err/s: 0.00 reconn/s: 0.00
[ 292s ] thds: 1536 tps: 13648.48 qps: 218632.76 (r/w/o: 191330.79/0.00/27301.97) lat (ms,95%): 121.08 err/s: 0.00 reconn/s: 0.00
[ 293s ] thds: 1536 tps: 13655.72 qps: 218603.46 (r/w/o: 191303.03/0.00/27300.43) lat (ms,95%): 121.08 err/s: 0.00 reconn/s: 0.00
[ 294s ] thds: 1536 tps: 13659.41 qps: 218557.54 (r/w/o: 191237.72/0.00/27319.82) lat (ms,95%): 121.08 err/s: 0.00 reconn/s: 0.00
[ 295s ] thds: 1536 tps: 13677.53 qps: 218615.54 (r/w/o: 191254.48/0.00/27361.07) lat (ms,95%): 121.08 err/s: 0.00 reconn/s: 0.00
[ 296s ] thds: 1536 tps: 13670.45 qps: 218681.17 (r/w/o: 191337.27/0.00/27343.90) lat (ms,95%): 121.08 err/s: 0.00 reconn/s: 0.00
[ 297s ] thds: 1536 tps: 13646.53 qps: 218548.50 (r/w/o: 191261.43/0.00/27287.06) lat (ms,95%): 121.08 err/s: 0.00 reconn/s: 0.00
[ 298s ] thds: 1536 tps: 13646.14 qps: 218494.20 (r/w/o: 191207.93/0.00/27286.28) lat (ms,95%): 121.08 err/s: 0.00 reconn/s: 0.00
[ 299s ] thds: 1536 tps: 13686.15 qps: 218601.38 (r/w/o: 191233.08/0.00/27368.30) lat (ms,95%): 118.92 err/s: 0.00 reconn/s: 0.00
[ 300s ] thds: 1536 tps: 12118.65 qps: 189160.25 (r/w/o: 165079.93/0.00/24080.32) lat (ms,95%): 200.47 err/s: 0.00 reconn/s: 0.00
SQL statistics:
    queries performed:
        read:                            57170232
        write:                           0
        other:                           8167176
        total:                           65337408
    transactions:                        4083588 (13600.05 per sec.)
    queries:                             65337408 (217600.77 per sec.)
    ignored errors:                      0      (0.00 per sec.)
    reconnects:                          0      (0.00 per sec.)

General statistics:
    total time:                          300.2613s
    total number of events:              4083588

Latency (ms):
         min:                                    1.34
         avg:                                  112.88
         max:                                 1778.95
         95th percentile:                      130.13
         sum:                            460949779.48

Threads fairness:
    events (avg/stddev):           2658.5859/34.42
    execution time (avg/stddev):   300.0975/0.07

