sysbench 1.0.20 (using bundled LuaJIT 2.1.0-beta2)

Running the test with following options:
Number of threads: 16
Report intermediate results every 1 second(s)
Initializing random number generator from current time


Initializing worker threads...

Threads started!

[ 1s ] thds: 16 tps: 10076.03 qps: 161392.09 (r/w/o: 141224.06/0.00/20168.02) lat (ms,95%): 1.89 err/s: 0.00 reconn/s: 0.00
[ 2s ] thds: 16 tps: 10647.77 qps: 170335.34 (r/w/o: 149040.79/0.00/21294.54) lat (ms,95%): 1.73 err/s: 0.00 reconn/s: 0.00
[ 3s ] thds: 16 tps: 10665.72 qps: 170620.58 (r/w/o: 149289.13/0.00/21331.45) lat (ms,95%): 1.73 err/s: 0.00 reconn/s: 0.00
[ 4s ] thds: 16 tps: 10708.08 qps: 171369.22 (r/w/o: 149953.07/0.00/21416.15) lat (ms,95%): 1.70 err/s: 0.00 reconn/s: 0.00
[ 5s ] thds: 16 tps: 10645.05 qps: 170316.81 (r/w/o: 149025.71/0.00/21291.10) lat (ms,95%): 1.76 err/s: 0.00 reconn/s: 0.00
[ 6s ] thds: 16 tps: 10695.13 qps: 171122.09 (r/w/o: 149733.83/0.00/21388.26) lat (ms,95%): 1.70 err/s: 0.00 reconn/s: 0.00
[ 7s ] thds: 16 tps: 10813.08 qps: 173003.28 (r/w/o: 151376.12/0.00/21627.16) lat (ms,95%): 1.61 err/s: 0.00 reconn/s: 0.00
[ 8s ] thds: 16 tps: 10746.85 qps: 171938.53 (r/w/o: 150443.84/0.00/21494.69) lat (ms,95%): 1.67 err/s: 0.00 reconn/s: 0.00
[ 9s ] thds: 16 tps: 10657.06 qps: 170530.94 (r/w/o: 149216.82/0.00/21314.12) lat (ms,95%): 1.73 err/s: 0.00 reconn/s: 0.00
[ 10s ] thds: 16 tps: 10733.90 qps: 171711.40 (r/w/o: 150244.60/0.00/21466.80) lat (ms,95%): 1.64 err/s: 0.00 reconn/s: 0.00
[ 11s ] thds: 16 tps: 10681.97 qps: 170948.59 (r/w/o: 149583.64/0.00/21364.95) lat (ms,95%): 1.70 err/s: 0.00 reconn/s: 0.00
[ 12s ] thds: 16 tps: 10721.10 qps: 171529.64 (r/w/o: 150088.44/0.00/21441.21) lat (ms,95%): 1.70 err/s: 0.00 reconn/s: 0.00
[ 13s ] thds: 16 tps: 10628.82 qps: 170053.09 (r/w/o: 148795.45/0.00/21257.64) lat (ms,95%): 1.76 err/s: 0.00 reconn/s: 0.00
[ 14s ] thds: 16 tps: 10747.08 qps: 171966.24 (r/w/o: 150470.09/0.00/21496.16) lat (ms,95%): 1.61 err/s: 0.00 reconn/s: 0.00
[ 15s ] thds: 16 tps: 10651.05 qps: 170393.83 (r/w/o: 149093.73/0.00/21300.10) lat (ms,95%): 1.76 err/s: 0.00 reconn/s: 0.00
[ 16s ] thds: 16 tps: 10736.97 qps: 171812.47 (r/w/o: 150338.54/0.00/21473.93) lat (ms,95%): 1.67 err/s: 0.00 reconn/s: 0.00
[ 17s ] thds: 16 tps: 10645.04 qps: 170286.56 (r/w/o: 148995.49/0.00/21291.07) lat (ms,95%): 1.70 err/s: 0.00 reconn/s: 0.00
[ 18s ] thds: 16 tps: 10675.02 qps: 170842.27 (r/w/o: 149492.23/0.00/21350.03) lat (ms,95%): 1.70 err/s: 0.00 reconn/s: 0.00
[ 19s ] thds: 16 tps: 10732.25 qps: 171703.92 (r/w/o: 150239.43/0.00/21464.49) lat (ms,95%): 1.67 err/s: 0.00 reconn/s: 0.00
[ 20s ] thds: 16 tps: 10584.86 qps: 169320.74 (r/w/o: 148151.03/0.00/21169.72) lat (ms,95%): 1.79 err/s: 0.00 reconn/s: 0.00
[ 21s ] thds: 16 tps: 10602.95 qps: 169700.20 (r/w/o: 148494.30/0.00/21205.90) lat (ms,95%): 1.73 err/s: 0.00 reconn/s: 0.00
[ 22s ] thds: 16 tps: 10433.25 qps: 166921.01 (r/w/o: 146054.51/0.00/20866.50) lat (ms,95%): 1.82 err/s: 0.00 reconn/s: 0.00
[ 23s ] thds: 16 tps: 10723.79 qps: 171609.59 (r/w/o: 150162.02/0.00/21447.57) lat (ms,95%): 1.64 err/s: 0.00 reconn/s: 0.00
[ 24s ] thds: 16 tps: 10524.02 qps: 168335.39 (r/w/o: 147287.35/0.00/21048.05) lat (ms,95%): 1.79 err/s: 0.00 reconn/s: 0.00
[ 25s ] thds: 16 tps: 10505.52 qps: 168093.34 (r/w/o: 147082.29/0.00/21011.04) lat (ms,95%): 1.79 err/s: 0.00 reconn/s: 0.00
[ 26s ] thds: 16 tps: 10765.48 qps: 172255.62 (r/w/o: 150724.66/0.00/21530.95) lat (ms,95%): 1.61 err/s: 0.00 reconn/s: 0.00
[ 27s ] thds: 16 tps: 10632.98 qps: 170150.65 (r/w/o: 148884.69/0.00/21265.96) lat (ms,95%): 1.76 err/s: 0.00 reconn/s: 0.00
[ 28s ] thds: 16 tps: 10624.99 qps: 170009.84 (r/w/o: 148759.86/0.00/21249.98) lat (ms,95%): 1.73 err/s: 0.00 reconn/s: 0.00
[ 29s ] thds: 16 tps: 10342.90 qps: 165472.44 (r/w/o: 144786.64/0.00/20685.81) lat (ms,95%): 1.86 err/s: 0.00 reconn/s: 0.00
[ 30s ] thds: 16 tps: 10458.03 qps: 167318.46 (r/w/o: 146403.41/0.00/20915.06) lat (ms,95%): 1.79 err/s: 0.00 reconn/s: 0.00
[ 31s ] thds: 16 tps: 10659.10 qps: 170549.60 (r/w/o: 149231.40/0.00/21318.20) lat (ms,95%): 1.67 err/s: 0.00 reconn/s: 0.00
[ 32s ] thds: 16 tps: 10568.89 qps: 169086.24 (r/w/o: 147947.46/0.00/21138.78) lat (ms,95%): 1.76 err/s: 0.00 reconn/s: 0.00
[ 33s ] thds: 16 tps: 10559.48 qps: 168970.63 (r/w/o: 147851.68/0.00/21118.95) lat (ms,95%): 1.76 err/s: 0.00 reconn/s: 0.00
[ 34s ] thds: 16 tps: 10579.57 qps: 169234.18 (r/w/o: 148075.04/0.00/21159.15) lat (ms,95%): 1.70 err/s: 0.00 reconn/s: 0.00
[ 35s ] thds: 16 tps: 10646.07 qps: 170355.12 (r/w/o: 149063.98/0.00/21291.14) lat (ms,95%): 1.64 err/s: 0.00 reconn/s: 0.00
[ 36s ] thds: 16 tps: 10627.99 qps: 170065.89 (r/w/o: 148808.91/0.00/21256.99) lat (ms,95%): 1.70 err/s: 0.00 reconn/s: 0.00
[ 37s ] thds: 16 tps: 10535.89 qps: 168575.29 (r/w/o: 147503.50/0.00/21071.79) lat (ms,95%): 1.79 err/s: 0.00 reconn/s: 0.00
[ 38s ] thds: 16 tps: 10378.16 qps: 166021.56 (r/w/o: 145266.24/0.00/20755.32) lat (ms,95%): 1.86 err/s: 0.00 reconn/s: 0.00
[ 39s ] thds: 16 tps: 10689.52 qps: 171044.39 (r/w/o: 149664.34/0.00/21380.05) lat (ms,95%): 1.64 err/s: 0.00 reconn/s: 0.00
[ 40s ] thds: 16 tps: 10728.49 qps: 171663.81 (r/w/o: 150206.84/0.00/21456.98) lat (ms,95%): 1.61 err/s: 0.00 reconn/s: 0.00
[ 41s ] thds: 16 tps: 10566.72 qps: 169014.59 (r/w/o: 147882.15/0.00/21132.45) lat (ms,95%): 1.73 err/s: 0.00 reconn/s: 0.00
[ 42s ] thds: 16 tps: 10655.50 qps: 170539.99 (r/w/o: 149227.99/0.00/21312.00) lat (ms,95%): 1.70 err/s: 0.00 reconn/s: 0.00
[ 43s ] thds: 16 tps: 10587.60 qps: 169402.63 (r/w/o: 148227.42/0.00/21175.20) lat (ms,95%): 1.76 err/s: 0.00 reconn/s: 0.00
[ 44s ] thds: 16 tps: 10406.93 qps: 166499.90 (r/w/o: 145687.04/0.00/20812.86) lat (ms,95%): 1.82 err/s: 0.00 reconn/s: 0.00
[ 45s ] thds: 16 tps: 10304.03 qps: 164874.52 (r/w/o: 144265.46/0.00/20609.07) lat (ms,95%): 1.86 err/s: 0.00 reconn/s: 0.00
[ 46s ] thds: 16 tps: 10590.02 qps: 169458.27 (r/w/o: 148278.24/0.00/21180.03) lat (ms,95%): 1.73 err/s: 0.00 reconn/s: 0.00
[ 47s ] thds: 16 tps: 10549.97 qps: 168794.56 (r/w/o: 147695.61/0.00/21098.94) lat (ms,95%): 1.79 err/s: 0.00 reconn/s: 0.00
[ 48s ] thds: 16 tps: 10590.32 qps: 169438.09 (r/w/o: 148256.46/0.00/21181.64) lat (ms,95%): 1.76 err/s: 0.00 reconn/s: 0.00
[ 49s ] thds: 16 tps: 10584.72 qps: 169356.52 (r/w/o: 148187.08/0.00/21169.44) lat (ms,95%): 1.76 err/s: 0.00 reconn/s: 0.00
[ 50s ] thds: 16 tps: 10596.45 qps: 169539.26 (r/w/o: 148347.35/0.00/21191.91) lat (ms,95%): 1.73 err/s: 0.00 reconn/s: 0.00
[ 51s ] thds: 16 tps: 10307.64 qps: 164919.28 (r/w/o: 144303.00/0.00/20616.29) lat (ms,95%): 1.86 err/s: 0.00 reconn/s: 0.00
[ 52s ] thds: 16 tps: 10412.99 qps: 166593.92 (r/w/o: 145768.93/0.00/20824.99) lat (ms,95%): 1.82 err/s: 0.00 reconn/s: 0.00
[ 53s ] thds: 16 tps: 10537.97 qps: 168608.51 (r/w/o: 147531.57/0.00/21076.94) lat (ms,95%): 1.76 err/s: 0.00 reconn/s: 0.00
[ 54s ] thds: 16 tps: 10598.96 qps: 169623.33 (r/w/o: 148425.41/0.00/21197.92) lat (ms,95%): 1.73 err/s: 0.00 reconn/s: 0.00
[ 55s ] thds: 16 tps: 10572.10 qps: 169115.60 (r/w/o: 147972.40/0.00/21143.20) lat (ms,95%): 1.79 err/s: 0.00 reconn/s: 0.00
[ 56s ] thds: 16 tps: 10626.84 qps: 170014.37 (r/w/o: 148759.70/0.00/21254.67) lat (ms,95%): 1.73 err/s: 0.00 reconn/s: 0.00
[ 57s ] thds: 16 tps: 10556.32 qps: 168898.08 (r/w/o: 147786.44/0.00/21111.63) lat (ms,95%): 1.79 err/s: 0.00 reconn/s: 0.00
[ 58s ] thds: 16 tps: 10611.35 qps: 169832.61 (r/w/o: 148608.91/0.00/21223.70) lat (ms,95%): 1.73 err/s: 0.00 reconn/s: 0.00
[ 59s ] thds: 16 tps: 10509.46 qps: 168090.31 (r/w/o: 147071.39/0.00/21018.91) lat (ms,95%): 1.82 err/s: 0.00 reconn/s: 0.00
[ 60s ] thds: 16 tps: 10398.87 qps: 166408.86 (r/w/o: 145611.13/0.00/20797.73) lat (ms,95%): 1.82 err/s: 0.00 reconn/s: 0.00
[ 61s ] thds: 16 tps: 10362.39 qps: 165809.18 (r/w/o: 145085.41/0.00/20723.77) lat (ms,95%): 1.86 err/s: 0.00 reconn/s: 0.00
[ 62s ] thds: 16 tps: 10670.65 qps: 170708.35 (r/w/o: 149368.05/0.00/21340.29) lat (ms,95%): 1.64 err/s: 0.00 reconn/s: 0.00
[ 63s ] thds: 16 tps: 10642.75 qps: 170296.02 (r/w/o: 149008.51/0.00/21287.50) lat (ms,95%): 1.70 err/s: 0.00 reconn/s: 0.00
[ 64s ] thds: 16 tps: 10586.30 qps: 169395.83 (r/w/o: 148223.23/0.00/21172.60) lat (ms,95%): 1.76 err/s: 0.00 reconn/s: 0.00
[ 65s ] thds: 16 tps: 10622.30 qps: 169932.82 (r/w/o: 148689.22/0.00/21243.60) lat (ms,95%): 1.70 err/s: 0.00 reconn/s: 0.00
[ 66s ] thds: 16 tps: 10725.46 qps: 171603.32 (r/w/o: 150151.41/0.00/21451.92) lat (ms,95%): 1.61 err/s: 0.00 reconn/s: 0.00
[ 67s ] thds: 16 tps: 10721.10 qps: 171557.64 (r/w/o: 150115.43/0.00/21442.20) lat (ms,95%): 1.61 err/s: 0.00 reconn/s: 0.00
[ 68s ] thds: 16 tps: 10621.93 qps: 169944.95 (r/w/o: 148702.08/0.00/21242.87) lat (ms,95%): 1.73 err/s: 0.00 reconn/s: 0.00
[ 69s ] thds: 16 tps: 10515.17 qps: 168251.65 (r/w/o: 147221.32/0.00/21030.33) lat (ms,95%): 1.79 err/s: 0.00 reconn/s: 0.00
[ 70s ] thds: 16 tps: 10631.72 qps: 170090.51 (r/w/o: 148826.07/0.00/21264.44) lat (ms,95%): 1.70 err/s: 0.00 reconn/s: 0.00
[ 71s ] thds: 16 tps: 10663.23 qps: 170622.73 (r/w/o: 149296.26/0.00/21326.47) lat (ms,95%): 1.70 err/s: 0.00 reconn/s: 0.00
[ 72s ] thds: 16 tps: 10661.06 qps: 170587.94 (r/w/o: 149265.82/0.00/21322.12) lat (ms,95%): 1.70 err/s: 0.00 reconn/s: 0.00
[ 73s ] thds: 16 tps: 10632.20 qps: 170096.22 (r/w/o: 148833.82/0.00/21262.40) lat (ms,95%): 1.70 err/s: 0.00 reconn/s: 0.00
[ 74s ] thds: 16 tps: 10551.93 qps: 168889.92 (r/w/o: 147783.06/0.00/21106.87) lat (ms,95%): 1.79 err/s: 0.00 reconn/s: 0.00
[ 75s ] thds: 16 tps: 10667.04 qps: 170616.62 (r/w/o: 149284.54/0.00/21332.08) lat (ms,95%): 1.70 err/s: 0.00 reconn/s: 0.00
[ 76s ] thds: 16 tps: 10648.65 qps: 170406.40 (r/w/o: 149108.10/0.00/21298.30) lat (ms,95%): 1.70 err/s: 0.00 reconn/s: 0.00
[ 77s ] thds: 16 tps: 10502.41 qps: 168029.55 (r/w/o: 147024.73/0.00/21004.82) lat (ms,95%): 1.82 err/s: 0.00 reconn/s: 0.00
[ 78s ] thds: 16 tps: 10614.76 qps: 169829.13 (r/w/o: 148599.61/0.00/21229.52) lat (ms,95%): 1.76 err/s: 0.00 reconn/s: 0.00
[ 79s ] thds: 16 tps: 10759.96 qps: 172158.32 (r/w/o: 150638.40/0.00/21519.91) lat (ms,95%): 1.61 err/s: 0.00 reconn/s: 0.00
[ 80s ] thds: 16 tps: 10328.91 qps: 165260.51 (r/w/o: 144603.70/0.00/20656.81) lat (ms,95%): 1.86 err/s: 0.00 reconn/s: 0.00
[ 81s ] thds: 16 tps: 10555.15 qps: 168890.33 (r/w/o: 147780.04/0.00/21110.29) lat (ms,95%): 1.79 err/s: 0.00 reconn/s: 0.00
[ 82s ] thds: 16 tps: 10772.97 qps: 172362.46 (r/w/o: 150815.53/0.00/21546.93) lat (ms,95%): 1.61 err/s: 0.00 reconn/s: 0.00
[ 83s ] thds: 16 tps: 10743.01 qps: 171871.11 (r/w/o: 150385.09/0.00/21486.01) lat (ms,95%): 1.64 err/s: 0.00 reconn/s: 0.00
[ 84s ] thds: 16 tps: 10654.07 qps: 170456.13 (r/w/o: 149149.99/0.00/21306.14) lat (ms,95%): 1.73 err/s: 0.00 reconn/s: 0.00
[ 85s ] thds: 16 tps: 10639.42 qps: 170254.66 (r/w/o: 148973.83/0.00/21280.83) lat (ms,95%): 1.76 err/s: 0.00 reconn/s: 0.00
[ 86s ] thds: 16 tps: 10717.62 qps: 171487.98 (r/w/o: 150052.73/0.00/21435.25) lat (ms,95%): 1.67 err/s: 0.00 reconn/s: 0.00
[ 87s ] thds: 16 tps: 10546.48 qps: 168725.63 (r/w/o: 147632.68/0.00/21092.95) lat (ms,95%): 1.79 err/s: 0.00 reconn/s: 0.00
[ 88s ] thds: 16 tps: 10480.89 qps: 167692.17 (r/w/o: 146730.40/0.00/20961.77) lat (ms,95%): 1.86 err/s: 0.00 reconn/s: 0.00
[ 89s ] thds: 16 tps: 10436.71 qps: 166991.28 (r/w/o: 146117.87/0.00/20873.41) lat (ms,95%): 1.82 err/s: 0.00 reconn/s: 0.00
[ 90s ] thds: 16 tps: 10745.22 qps: 171946.51 (r/w/o: 150456.07/0.00/21490.44) lat (ms,95%): 1.64 err/s: 0.00 reconn/s: 0.00
[ 91s ] thds: 16 tps: 10751.64 qps: 172028.21 (r/w/o: 150524.93/0.00/21503.28) lat (ms,95%): 1.64 err/s: 0.00 reconn/s: 0.00
[ 92s ] thds: 16 tps: 10615.94 qps: 169798.10 (r/w/o: 148567.21/0.00/21230.89) lat (ms,95%): 1.82 err/s: 0.00 reconn/s: 0.00
[ 93s ] thds: 16 tps: 10757.02 qps: 172144.37 (r/w/o: 150629.33/0.00/21515.05) lat (ms,95%): 1.61 err/s: 0.00 reconn/s: 0.00
[ 94s ] thds: 16 tps: 10753.04 qps: 172023.59 (r/w/o: 150519.52/0.00/21504.07) lat (ms,95%): 1.64 err/s: 0.00 reconn/s: 0.00
[ 95s ] thds: 16 tps: 10733.88 qps: 171807.14 (r/w/o: 150337.37/0.00/21469.77) lat (ms,95%): 1.64 err/s: 0.00 reconn/s: 0.00
[ 96s ] thds: 16 tps: 10645.42 qps: 170267.66 (r/w/o: 148978.82/0.00/21288.83) lat (ms,95%): 1.76 err/s: 0.00 reconn/s: 0.00
[ 97s ] thds: 16 tps: 10432.52 qps: 166984.25 (r/w/o: 146117.22/0.00/20867.03) lat (ms,95%): 1.82 err/s: 0.00 reconn/s: 0.00
[ 98s ] thds: 16 tps: 10703.81 qps: 171215.90 (r/w/o: 149809.29/0.00/21406.61) lat (ms,95%): 1.73 err/s: 0.00 reconn/s: 0.00
[ 99s ] thds: 16 tps: 10715.34 qps: 171434.41 (r/w/o: 150002.73/0.00/21431.68) lat (ms,95%): 1.70 err/s: 0.00 reconn/s: 0.00
[ 100s ] thds: 16 tps: 10787.91 qps: 172597.62 (r/w/o: 151023.79/0.00/21573.83) lat (ms,95%): 1.64 err/s: 0.00 reconn/s: 0.00
[ 101s ] thds: 16 tps: 10666.16 qps: 170674.50 (r/w/o: 149341.19/0.00/21333.31) lat (ms,95%): 1.73 err/s: 0.00 reconn/s: 0.00
[ 102s ] thds: 16 tps: 10689.73 qps: 171052.66 (r/w/o: 149673.21/0.00/21379.46) lat (ms,95%): 1.73 err/s: 0.00 reconn/s: 0.00
[ 103s ] thds: 16 tps: 10735.18 qps: 171760.87 (r/w/o: 150290.51/0.00/21470.36) lat (ms,95%): 1.70 err/s: 0.00 reconn/s: 0.00
[ 104s ] thds: 16 tps: 10610.08 qps: 169752.22 (r/w/o: 148531.06/0.00/21221.15) lat (ms,95%): 1.79 err/s: 0.00 reconn/s: 0.00
[ 105s ] thds: 16 tps: 10624.04 qps: 169975.72 (r/w/o: 148728.63/0.00/21247.09) lat (ms,95%): 1.76 err/s: 0.00 reconn/s: 0.00
[ 106s ] thds: 16 tps: 10659.98 qps: 170594.62 (r/w/o: 149273.67/0.00/21320.95) lat (ms,95%): 1.73 err/s: 0.00 reconn/s: 0.00
[ 107s ] thds: 16 tps: 10729.76 qps: 171660.11 (r/w/o: 150200.60/0.00/21459.51) lat (ms,95%): 1.70 err/s: 0.00 reconn/s: 0.00
[ 108s ] thds: 16 tps: 10680.19 qps: 170876.97 (r/w/o: 149516.60/0.00/21360.37) lat (ms,95%): 1.73 err/s: 0.00 reconn/s: 0.00
[ 109s ] thds: 16 tps: 10735.96 qps: 171762.29 (r/w/o: 150290.38/0.00/21471.91) lat (ms,95%): 1.70 err/s: 0.00 reconn/s: 0.00
[ 110s ] thds: 16 tps: 10738.06 qps: 171824.99 (r/w/o: 150348.87/0.00/21476.12) lat (ms,95%): 1.67 err/s: 0.00 reconn/s: 0.00
[ 111s ] thds: 16 tps: 10756.46 qps: 172114.36 (r/w/o: 150601.44/0.00/21512.92) lat (ms,95%): 1.67 err/s: 0.00 reconn/s: 0.00
[ 112s ] thds: 16 tps: 10763.46 qps: 172186.37 (r/w/o: 150660.45/0.00/21525.92) lat (ms,95%): 1.67 err/s: 0.00 reconn/s: 0.00
[ 113s ] thds: 16 tps: 10683.06 qps: 170947.99 (r/w/o: 149581.87/0.00/21366.12) lat (ms,95%): 1.73 err/s: 0.00 reconn/s: 0.00
[ 114s ] thds: 16 tps: 10739.92 qps: 171851.70 (r/w/o: 150370.86/0.00/21480.84) lat (ms,95%): 1.70 err/s: 0.00 reconn/s: 0.00
[ 115s ] thds: 16 tps: 10715.13 qps: 171390.15 (r/w/o: 149960.88/0.00/21429.27) lat (ms,95%): 1.73 err/s: 0.00 reconn/s: 0.00
[ 116s ] thds: 16 tps: 10746.82 qps: 172007.17 (r/w/o: 150512.52/0.00/21494.65) lat (ms,95%): 1.70 err/s: 0.00 reconn/s: 0.00
[ 117s ] thds: 16 tps: 10587.22 qps: 169387.44 (r/w/o: 148213.01/0.00/21174.43) lat (ms,95%): 1.79 err/s: 0.00 reconn/s: 0.00
[ 118s ] thds: 16 tps: 10726.39 qps: 171613.23 (r/w/o: 150160.45/0.00/21452.78) lat (ms,95%): 1.73 err/s: 0.00 reconn/s: 0.00
[ 119s ] thds: 16 tps: 10773.39 qps: 172413.30 (r/w/o: 150866.51/0.00/21546.79) lat (ms,95%): 1.64 err/s: 0.00 reconn/s: 0.00
[ 120s ] thds: 16 tps: 10589.55 qps: 169418.80 (r/w/o: 148239.70/0.00/21179.10) lat (ms,95%): 1.79 err/s: 0.00 reconn/s: 0.00
[ 121s ] thds: 16 tps: 10774.78 qps: 172349.45 (r/w/o: 150800.89/0.00/21548.56) lat (ms,95%): 1.67 err/s: 0.00 reconn/s: 0.00
[ 122s ] thds: 16 tps: 10728.56 qps: 171666.94 (r/w/o: 150208.82/0.00/21458.12) lat (ms,95%): 1.73 err/s: 0.00 reconn/s: 0.00
[ 123s ] thds: 16 tps: 10773.31 qps: 172395.97 (r/w/o: 150850.35/0.00/21545.62) lat (ms,95%): 1.67 err/s: 0.00 reconn/s: 0.00
[ 124s ] thds: 16 tps: 10779.41 qps: 172455.62 (r/w/o: 150896.79/0.00/21558.83) lat (ms,95%): 1.67 err/s: 0.00 reconn/s: 0.00
[ 125s ] thds: 16 tps: 10793.93 qps: 172729.89 (r/w/o: 151141.03/0.00/21588.86) lat (ms,95%): 1.64 err/s: 0.00 reconn/s: 0.00
[ 126s ] thds: 16 tps: 10734.61 qps: 171724.81 (r/w/o: 150255.58/0.00/21469.23) lat (ms,95%): 1.70 err/s: 0.00 reconn/s: 0.00
[ 127s ] thds: 16 tps: 10776.01 qps: 172423.19 (r/w/o: 150871.16/0.00/21552.02) lat (ms,95%): 1.70 err/s: 0.00 reconn/s: 0.00
[ 128s ] thds: 16 tps: 10692.42 qps: 171066.79 (r/w/o: 149681.94/0.00/21384.85) lat (ms,95%): 1.76 err/s: 0.00 reconn/s: 0.00
[ 129s ] thds: 16 tps: 10788.58 qps: 172653.32 (r/w/o: 151076.15/0.00/21577.17) lat (ms,95%): 1.64 err/s: 0.00 reconn/s: 0.00
[ 130s ] thds: 16 tps: 10775.89 qps: 172392.17 (r/w/o: 150840.39/0.00/21551.77) lat (ms,95%): 1.70 err/s: 0.00 reconn/s: 0.00
[ 131s ] thds: 16 tps: 10889.14 qps: 174188.19 (r/w/o: 152411.91/0.00/21776.27) lat (ms,95%): 1.58 err/s: 0.00 reconn/s: 0.00
[ 132s ] thds: 16 tps: 10723.37 qps: 171608.97 (r/w/o: 150160.23/0.00/21448.75) lat (ms,95%): 1.73 err/s: 0.00 reconn/s: 0.00
[ 133s ] thds: 16 tps: 10699.74 qps: 171184.78 (r/w/o: 149785.30/0.00/21399.47) lat (ms,95%): 1.73 err/s: 0.00 reconn/s: 0.00
[ 134s ] thds: 16 tps: 10820.89 qps: 173114.30 (r/w/o: 151472.51/0.00/21641.79) lat (ms,95%): 1.61 err/s: 0.00 reconn/s: 0.00
[ 135s ] thds: 16 tps: 10677.89 qps: 170890.24 (r/w/o: 149534.46/0.00/21355.78) lat (ms,95%): 1.76 err/s: 0.00 reconn/s: 0.00
[ 136s ] thds: 16 tps: 10752.79 qps: 172063.68 (r/w/o: 150558.09/0.00/21505.58) lat (ms,95%): 1.70 err/s: 0.00 reconn/s: 0.00
[ 137s ] thds: 16 tps: 10673.28 qps: 170770.49 (r/w/o: 149423.93/0.00/21346.56) lat (ms,95%): 1.76 err/s: 0.00 reconn/s: 0.00
[ 138s ] thds: 16 tps: 10771.25 qps: 172321.94 (r/w/o: 150779.45/0.00/21542.49) lat (ms,95%): 1.70 err/s: 0.00 reconn/s: 0.00
[ 139s ] thds: 16 tps: 10787.72 qps: 172595.55 (r/w/o: 151020.11/0.00/21575.44) lat (ms,95%): 1.67 err/s: 0.00 reconn/s: 0.00
[ 140s ] thds: 16 tps: 10736.91 qps: 171793.63 (r/w/o: 150319.80/0.00/21473.83) lat (ms,95%): 1.73 err/s: 0.00 reconn/s: 0.00
[ 141s ] thds: 16 tps: 10672.04 qps: 170783.64 (r/w/o: 149439.56/0.00/21344.08) lat (ms,95%): 1.76 err/s: 0.00 reconn/s: 0.00
[ 142s ] thds: 16 tps: 10829.03 qps: 173231.40 (r/w/o: 151575.35/0.00/21656.05) lat (ms,95%): 1.64 err/s: 0.00 reconn/s: 0.00
[ 143s ] thds: 16 tps: 10617.88 qps: 169898.13 (r/w/o: 148661.37/0.00/21236.77) lat (ms,95%): 1.79 err/s: 0.00 reconn/s: 0.00
[ 144s ] thds: 16 tps: 10711.69 qps: 171368.07 (r/w/o: 149943.69/0.00/21424.38) lat (ms,95%): 1.76 err/s: 0.00 reconn/s: 0.00
[ 145s ] thds: 16 tps: 10682.47 qps: 170909.51 (r/w/o: 149544.57/0.00/21364.94) lat (ms,95%): 1.79 err/s: 0.00 reconn/s: 0.00
[ 146s ] thds: 16 tps: 10857.93 qps: 173734.87 (r/w/o: 152019.01/0.00/21715.86) lat (ms,95%): 1.58 err/s: 0.00 reconn/s: 0.00
[ 147s ] thds: 16 tps: 10754.86 qps: 172106.82 (r/w/o: 150598.09/0.00/21508.73) lat (ms,95%): 1.73 err/s: 0.00 reconn/s: 0.00
[ 148s ] thds: 16 tps: 10792.38 qps: 172668.10 (r/w/o: 151081.34/0.00/21586.76) lat (ms,95%): 1.70 err/s: 0.00 reconn/s: 0.00
[ 149s ] thds: 16 tps: 10804.11 qps: 172842.73 (r/w/o: 151235.51/0.00/21607.22) lat (ms,95%): 1.70 err/s: 0.00 reconn/s: 0.00
[ 150s ] thds: 16 tps: 10722.50 qps: 171553.03 (r/w/o: 150108.02/0.00/21445.00) lat (ms,95%): 1.73 err/s: 0.00 reconn/s: 0.00
[ 151s ] thds: 16 tps: 10766.98 qps: 172308.74 (r/w/o: 150774.77/0.00/21533.97) lat (ms,95%): 1.70 err/s: 0.00 reconn/s: 0.00
[ 152s ] thds: 16 tps: 10846.99 qps: 173535.81 (r/w/o: 151842.83/0.00/21692.98) lat (ms,95%): 1.64 err/s: 0.00 reconn/s: 0.00
[ 153s ] thds: 16 tps: 10711.46 qps: 171395.44 (r/w/o: 149971.51/0.00/21423.93) lat (ms,95%): 1.70 err/s: 0.00 reconn/s: 0.00
[ 154s ] thds: 16 tps: 10729.77 qps: 171646.35 (r/w/o: 150187.81/0.00/21458.54) lat (ms,95%): 1.73 err/s: 0.00 reconn/s: 0.00
[ 155s ] thds: 16 tps: 10734.03 qps: 171762.50 (r/w/o: 150293.44/0.00/21469.06) lat (ms,95%): 1.73 err/s: 0.00 reconn/s: 0.00
[ 156s ] thds: 16 tps: 10845.67 qps: 173526.68 (r/w/o: 151835.34/0.00/21691.33) lat (ms,95%): 1.61 err/s: 0.00 reconn/s: 0.00
[ 157s ] thds: 16 tps: 10772.31 qps: 172376.04 (r/w/o: 150832.41/0.00/21543.63) lat (ms,95%): 1.70 err/s: 0.00 reconn/s: 0.00
[ 158s ] thds: 16 tps: 10676.97 qps: 170827.58 (r/w/o: 149471.63/0.00/21355.95) lat (ms,95%): 1.76 err/s: 0.00 reconn/s: 0.00
[ 159s ] thds: 16 tps: 10770.92 qps: 172342.75 (r/w/o: 150801.91/0.00/21540.84) lat (ms,95%): 1.70 err/s: 0.00 reconn/s: 0.00
[ 160s ] thds: 16 tps: 10761.48 qps: 172152.65 (r/w/o: 150631.70/0.00/21520.96) lat (ms,95%): 1.73 err/s: 0.00 reconn/s: 0.00
[ 161s ] thds: 16 tps: 10753.67 qps: 172109.78 (r/w/o: 150599.43/0.00/21510.35) lat (ms,95%): 1.73 err/s: 0.00 reconn/s: 0.00
[ 162s ] thds: 16 tps: 10855.82 qps: 173645.12 (r/w/o: 151934.48/0.00/21710.64) lat (ms,95%): 1.61 err/s: 0.00 reconn/s: 0.00
[ 163s ] thds: 16 tps: 10682.08 qps: 170877.34 (r/w/o: 149514.17/0.00/21363.17) lat (ms,95%): 1.76 err/s: 0.00 reconn/s: 0.00
[ 164s ] thds: 16 tps: 10746.84 qps: 171998.36 (r/w/o: 150504.69/0.00/21493.67) lat (ms,95%): 1.76 err/s: 0.00 reconn/s: 0.00
[ 165s ] thds: 16 tps: 10873.42 qps: 173935.71 (r/w/o: 152188.87/0.00/21746.84) lat (ms,95%): 1.61 err/s: 0.00 reconn/s: 0.00
[ 166s ] thds: 16 tps: 10747.49 qps: 171956.90 (r/w/o: 150462.91/0.00/21493.99) lat (ms,95%): 1.70 err/s: 0.00 reconn/s: 0.00
[ 167s ] thds: 16 tps: 10792.76 qps: 172693.19 (r/w/o: 151105.67/0.00/21587.52) lat (ms,95%): 1.70 err/s: 0.00 reconn/s: 0.00
[ 168s ] thds: 16 tps: 10450.68 qps: 167232.80 (r/w/o: 146331.45/0.00/20901.35) lat (ms,95%): 1.82 err/s: 0.00 reconn/s: 0.00
[ 169s ] thds: 16 tps: 10690.01 qps: 171032.09 (r/w/o: 149652.08/0.00/21380.01) lat (ms,95%): 1.73 err/s: 0.00 reconn/s: 0.00
[ 170s ] thds: 16 tps: 10856.40 qps: 173721.45 (r/w/o: 152008.64/0.00/21712.81) lat (ms,95%): 1.61 err/s: 0.00 reconn/s: 0.00
[ 171s ] thds: 16 tps: 10870.68 qps: 173917.92 (r/w/o: 152176.55/0.00/21741.36) lat (ms,95%): 1.61 err/s: 0.00 reconn/s: 0.00
[ 172s ] thds: 16 tps: 10844.76 qps: 173508.16 (r/w/o: 151819.64/0.00/21688.52) lat (ms,95%): 1.67 err/s: 0.00 reconn/s: 0.00
[ 173s ] thds: 16 tps: 10797.12 qps: 172728.86 (r/w/o: 151134.63/0.00/21594.23) lat (ms,95%): 1.70 err/s: 0.00 reconn/s: 0.00
[ 174s ] thds: 16 tps: 10760.90 qps: 172213.43 (r/w/o: 150690.62/0.00/21522.80) lat (ms,95%): 1.73 err/s: 0.00 reconn/s: 0.00
[ 175s ] thds: 16 tps: 10893.69 qps: 174290.08 (r/w/o: 152503.69/0.00/21786.38) lat (ms,95%): 1.61 err/s: 0.00 reconn/s: 0.00
[ 176s ] thds: 16 tps: 10723.21 qps: 171587.36 (r/w/o: 150141.94/0.00/21445.42) lat (ms,95%): 1.76 err/s: 0.00 reconn/s: 0.00
[ 177s ] thds: 16 tps: 10745.14 qps: 171900.17 (r/w/o: 150408.90/0.00/21491.27) lat (ms,95%): 1.82 err/s: 0.00 reconn/s: 0.00
[ 178s ] thds: 16 tps: 10829.99 qps: 173274.88 (r/w/o: 151613.90/0.00/21660.99) lat (ms,95%): 1.67 err/s: 0.00 reconn/s: 0.00
[ 179s ] thds: 16 tps: 10864.00 qps: 173838.04 (r/w/o: 152110.03/0.00/21728.00) lat (ms,95%): 1.64 err/s: 0.00 reconn/s: 0.00
[ 180s ] thds: 16 tps: 10665.04 qps: 170641.63 (r/w/o: 149313.55/0.00/21328.08) lat (ms,95%): 1.79 err/s: 0.00 reconn/s: 0.00
[ 181s ] thds: 16 tps: 10637.64 qps: 170239.21 (r/w/o: 148961.93/0.00/21277.28) lat (ms,95%): 1.79 err/s: 0.00 reconn/s: 0.00
[ 182s ] thds: 16 tps: 10849.29 qps: 173521.70 (r/w/o: 151823.11/0.00/21698.59) lat (ms,95%): 1.61 err/s: 0.00 reconn/s: 0.00
[ 183s ] thds: 16 tps: 10768.98 qps: 172337.72 (r/w/o: 150799.76/0.00/21537.97) lat (ms,95%): 1.73 err/s: 0.00 reconn/s: 0.00
[ 184s ] thds: 16 tps: 10603.04 qps: 169645.57 (r/w/o: 148441.50/0.00/21204.07) lat (ms,95%): 1.79 err/s: 0.00 reconn/s: 0.00
[ 185s ] thds: 16 tps: 10619.19 qps: 169884.04 (r/w/o: 148643.66/0.00/21240.38) lat (ms,95%): 1.79 err/s: 0.00 reconn/s: 0.00
[ 186s ] thds: 16 tps: 10815.62 qps: 173109.97 (r/w/o: 151478.72/0.00/21631.25) lat (ms,95%): 1.61 err/s: 0.00 reconn/s: 0.00
[ 187s ] thds: 16 tps: 10857.18 qps: 173673.91 (r/w/o: 151959.54/0.00/21714.36) lat (ms,95%): 1.64 err/s: 0.00 reconn/s: 0.00
[ 188s ] thds: 16 tps: 10791.13 qps: 172662.02 (r/w/o: 151079.77/0.00/21582.25) lat (ms,95%): 1.73 err/s: 0.00 reconn/s: 0.00
[ 189s ] thds: 16 tps: 10858.77 qps: 173729.26 (r/w/o: 152012.73/0.00/21716.53) lat (ms,95%): 1.61 err/s: 0.00 reconn/s: 0.00
[ 190s ] thds: 16 tps: 10854.11 qps: 173675.76 (r/w/o: 151967.54/0.00/21708.22) lat (ms,95%): 1.67 err/s: 0.00 reconn/s: 0.00
[ 191s ] thds: 16 tps: 10882.01 qps: 174120.16 (r/w/o: 152355.14/0.00/21765.02) lat (ms,95%): 1.61 err/s: 0.00 reconn/s: 0.00
[ 192s ] thds: 16 tps: 10818.42 qps: 173100.69 (r/w/o: 151464.86/0.00/21635.84) lat (ms,95%): 1.70 err/s: 0.00 reconn/s: 0.00
[ 193s ] thds: 16 tps: 10740.43 qps: 171862.87 (r/w/o: 150381.02/0.00/21481.86) lat (ms,95%): 1.73 err/s: 0.00 reconn/s: 0.00
[ 194s ] thds: 16 tps: 10762.87 qps: 172195.99 (r/w/o: 150670.24/0.00/21525.75) lat (ms,95%): 1.73 err/s: 0.00 reconn/s: 0.00
[ 195s ] thds: 16 tps: 10842.37 qps: 173431.95 (r/w/o: 151748.21/0.00/21683.74) lat (ms,95%): 1.64 err/s: 0.00 reconn/s: 0.00
[ 196s ] thds: 16 tps: 10747.27 qps: 171975.35 (r/w/o: 150479.81/0.00/21495.54) lat (ms,95%): 1.76 err/s: 0.00 reconn/s: 0.00
[ 197s ] thds: 16 tps: 10603.63 qps: 169672.02 (r/w/o: 148464.77/0.00/21207.25) lat (ms,95%): 1.79 err/s: 0.00 reconn/s: 0.00
[ 198s ] thds: 16 tps: 10691.01 qps: 171077.16 (r/w/o: 149695.14/0.00/21382.02) lat (ms,95%): 1.73 err/s: 0.00 reconn/s: 0.00
[ 199s ] thds: 16 tps: 10776.96 qps: 172406.44 (r/w/o: 150852.51/0.00/21553.93) lat (ms,95%): 1.70 err/s: 0.00 reconn/s: 0.00
[ 200s ] thds: 16 tps: 10711.27 qps: 171388.32 (r/w/o: 149965.78/0.00/21422.54) lat (ms,95%): 1.79 err/s: 0.00 reconn/s: 0.00
[ 201s ] thds: 16 tps: 10789.78 qps: 172633.49 (r/w/o: 151053.93/0.00/21579.56) lat (ms,95%): 1.67 err/s: 0.00 reconn/s: 0.00
[ 202s ] thds: 16 tps: 10819.53 qps: 173092.43 (r/w/o: 151453.38/0.00/21639.05) lat (ms,95%): 1.70 err/s: 0.00 reconn/s: 0.00
[ 203s ] thds: 16 tps: 10813.56 qps: 173054.02 (r/w/o: 151426.89/0.00/21627.13) lat (ms,95%): 1.70 err/s: 0.00 reconn/s: 0.00
[ 204s ] thds: 16 tps: 10827.35 qps: 173190.58 (r/w/o: 151537.88/0.00/21652.70) lat (ms,95%): 1.70 err/s: 0.00 reconn/s: 0.00
[ 205s ] thds: 16 tps: 10835.37 qps: 173410.93 (r/w/o: 151738.19/0.00/21672.74) lat (ms,95%): 1.64 err/s: 0.00 reconn/s: 0.00
[ 206s ] thds: 16 tps: 10861.34 qps: 173774.48 (r/w/o: 152051.79/0.00/21722.68) lat (ms,95%): 1.64 err/s: 0.00 reconn/s: 0.00
[ 207s ] thds: 16 tps: 10783.55 qps: 172546.78 (r/w/o: 150979.69/0.00/21567.10) lat (ms,95%): 1.70 err/s: 0.00 reconn/s: 0.00
[ 208s ] thds: 16 tps: 10810.46 qps: 172971.30 (r/w/o: 151350.39/0.00/21620.91) lat (ms,95%): 1.67 err/s: 0.00 reconn/s: 0.00
[ 209s ] thds: 16 tps: 10728.76 qps: 171633.09 (r/w/o: 150175.58/0.00/21457.51) lat (ms,95%): 1.76 err/s: 0.00 reconn/s: 0.00
[ 210s ] thds: 16 tps: 10869.77 qps: 173935.27 (r/w/o: 152195.73/0.00/21739.53) lat (ms,95%): 1.61 err/s: 0.00 reconn/s: 0.00
[ 211s ] thds: 16 tps: 10668.04 qps: 170673.65 (r/w/o: 149337.57/0.00/21336.08) lat (ms,95%): 1.76 err/s: 0.00 reconn/s: 0.00
[ 212s ] thds: 16 tps: 10850.33 qps: 173589.33 (r/w/o: 151888.67/0.00/21700.67) lat (ms,95%): 1.67 err/s: 0.00 reconn/s: 0.00
[ 213s ] thds: 16 tps: 10765.99 qps: 172232.79 (r/w/o: 150700.82/0.00/21531.97) lat (ms,95%): 1.70 err/s: 0.00 reconn/s: 0.00
[ 214s ] thds: 16 tps: 10792.94 qps: 172713.97 (r/w/o: 151128.10/0.00/21585.87) lat (ms,95%): 1.73 err/s: 0.00 reconn/s: 0.00
[ 215s ] thds: 16 tps: 10861.93 qps: 173797.87 (r/w/o: 152075.02/0.00/21722.86) lat (ms,95%): 1.67 err/s: 0.00 reconn/s: 0.00
[ 216s ] thds: 16 tps: 10865.05 qps: 173841.74 (r/w/o: 152111.65/0.00/21730.09) lat (ms,95%): 1.67 err/s: 0.00 reconn/s: 0.00
[ 217s ] thds: 16 tps: 10823.01 qps: 173147.17 (r/w/o: 151501.15/0.00/21646.02) lat (ms,95%): 1.67 err/s: 0.00 reconn/s: 0.00
[ 218s ] thds: 16 tps: 10846.03 qps: 173562.45 (r/w/o: 151869.40/0.00/21693.06) lat (ms,95%): 1.61 err/s: 0.00 reconn/s: 0.00
[ 219s ] thds: 16 tps: 10747.87 qps: 171988.90 (r/w/o: 150493.16/0.00/21495.74) lat (ms,95%): 1.73 err/s: 0.00 reconn/s: 0.00
[ 220s ] thds: 16 tps: 10843.85 qps: 173445.62 (r/w/o: 151759.91/0.00/21685.70) lat (ms,95%): 1.67 err/s: 0.00 reconn/s: 0.00
[ 221s ] thds: 16 tps: 10570.47 qps: 169164.46 (r/w/o: 148021.53/0.00/21142.93) lat (ms,95%): 1.79 err/s: 0.00 reconn/s: 0.00
[ 222s ] thds: 16 tps: 10897.99 qps: 174358.88 (r/w/o: 152563.90/0.00/21794.99) lat (ms,95%): 1.58 err/s: 0.00 reconn/s: 0.00
[ 223s ] thds: 16 tps: 10856.72 qps: 173698.59 (r/w/o: 151986.14/0.00/21712.45) lat (ms,95%): 1.67 err/s: 0.00 reconn/s: 0.00
[ 224s ] thds: 16 tps: 10659.90 qps: 170550.47 (r/w/o: 149229.66/0.00/21320.81) lat (ms,95%): 1.79 err/s: 0.00 reconn/s: 0.00
[ 225s ] thds: 16 tps: 10731.16 qps: 171680.63 (r/w/o: 150219.30/0.00/21461.33) lat (ms,95%): 1.73 err/s: 0.00 reconn/s: 0.00
[ 226s ] thds: 16 tps: 10835.10 qps: 173392.65 (r/w/o: 151721.44/0.00/21671.21) lat (ms,95%): 1.67 err/s: 0.00 reconn/s: 0.00
[ 227s ] thds: 16 tps: 10804.36 qps: 172876.77 (r/w/o: 151268.05/0.00/21608.72) lat (ms,95%): 1.70 err/s: 0.00 reconn/s: 0.00
[ 228s ] thds: 16 tps: 10572.79 qps: 169156.57 (r/w/o: 148010.00/0.00/21146.57) lat (ms,95%): 1.82 err/s: 0.00 reconn/s: 0.00
[ 229s ] thds: 16 tps: 10802.19 qps: 172793.98 (r/w/o: 151190.60/0.00/21603.37) lat (ms,95%): 1.70 err/s: 0.00 reconn/s: 0.00
[ 230s ] thds: 16 tps: 10891.59 qps: 174299.44 (r/w/o: 152515.26/0.00/21784.18) lat (ms,95%): 1.61 err/s: 0.00 reconn/s: 0.00
[ 231s ] thds: 16 tps: 10845.16 qps: 173539.50 (r/w/o: 151850.19/0.00/21689.31) lat (ms,95%): 1.67 err/s: 0.00 reconn/s: 0.00
[ 232s ] thds: 16 tps: 10808.23 qps: 172949.73 (r/w/o: 151332.27/0.00/21617.47) lat (ms,95%): 1.70 err/s: 0.00 reconn/s: 0.00
[ 233s ] thds: 16 tps: 10802.55 qps: 172816.86 (r/w/o: 151211.75/0.00/21605.11) lat (ms,95%): 1.67 err/s: 0.00 reconn/s: 0.00
[ 234s ] thds: 16 tps: 10871.04 qps: 173933.64 (r/w/o: 152191.56/0.00/21742.08) lat (ms,95%): 1.61 err/s: 0.00 reconn/s: 0.00
[ 235s ] thds: 16 tps: 10862.99 qps: 173822.87 (r/w/o: 152097.89/0.00/21724.98) lat (ms,95%): 1.67 err/s: 0.00 reconn/s: 0.00
[ 236s ] thds: 16 tps: 10778.89 qps: 172441.25 (r/w/o: 150883.47/0.00/21557.78) lat (ms,95%): 1.76 err/s: 0.00 reconn/s: 0.00
[ 237s ] thds: 16 tps: 10741.23 qps: 171887.71 (r/w/o: 150404.24/0.00/21483.46) lat (ms,95%): 1.73 err/s: 0.00 reconn/s: 0.00
[ 238s ] thds: 16 tps: 10815.91 qps: 173014.50 (r/w/o: 151382.69/0.00/21631.81) lat (ms,95%): 1.70 err/s: 0.00 reconn/s: 0.00
[ 239s ] thds: 16 tps: 10817.19 qps: 173088.05 (r/w/o: 151453.67/0.00/21634.38) lat (ms,95%): 1.70 err/s: 0.00 reconn/s: 0.00
[ 240s ] thds: 16 tps: 10808.96 qps: 172954.31 (r/w/o: 151336.40/0.00/21617.91) lat (ms,95%): 1.67 err/s: 0.00 reconn/s: 0.00
[ 241s ] thds: 16 tps: 10724.23 qps: 171610.68 (r/w/o: 150162.22/0.00/21448.46) lat (ms,95%): 1.76 err/s: 0.00 reconn/s: 0.00
[ 242s ] thds: 16 tps: 10909.55 qps: 174506.81 (r/w/o: 152688.71/0.00/21818.10) lat (ms,95%): 1.61 err/s: 0.00 reconn/s: 0.00
[ 243s ] thds: 16 tps: 10895.20 qps: 174357.16 (r/w/o: 152566.76/0.00/21790.39) lat (ms,95%): 1.61 err/s: 0.00 reconn/s: 0.00
[ 244s ] thds: 16 tps: 10529.11 qps: 168466.80 (r/w/o: 147407.58/0.00/21059.23) lat (ms,95%): 1.82 err/s: 0.00 reconn/s: 0.00
[ 245s ] thds: 16 tps: 10691.57 qps: 171067.14 (r/w/o: 149684.00/0.00/21383.14) lat (ms,95%): 1.76 err/s: 0.00 reconn/s: 0.00
[ 246s ] thds: 16 tps: 10848.19 qps: 173594.03 (r/w/o: 151897.65/0.00/21696.38) lat (ms,95%): 1.67 err/s: 0.00 reconn/s: 0.00
[ 247s ] thds: 16 tps: 10877.96 qps: 173996.34 (r/w/o: 152240.42/0.00/21755.92) lat (ms,95%): 1.61 err/s: 0.00 reconn/s: 0.00
[ 248s ] thds: 16 tps: 10863.98 qps: 173828.67 (r/w/o: 152101.71/0.00/21726.96) lat (ms,95%): 1.64 err/s: 0.00 reconn/s: 0.00
[ 249s ] thds: 16 tps: 10825.10 qps: 173211.54 (r/w/o: 151560.35/0.00/21651.19) lat (ms,95%): 1.70 err/s: 0.00 reconn/s: 0.00
[ 250s ] thds: 16 tps: 10845.91 qps: 173527.60 (r/w/o: 151835.78/0.00/21691.83) lat (ms,95%): 1.67 err/s: 0.00 reconn/s: 0.00
[ 251s ] thds: 16 tps: 10900.93 qps: 174391.95 (r/w/o: 152592.08/0.00/21799.87) lat (ms,95%): 1.64 err/s: 0.00 reconn/s: 0.00
[ 252s ] thds: 16 tps: 10875.24 qps: 173969.86 (r/w/o: 152217.38/0.00/21752.48) lat (ms,95%): 1.67 err/s: 0.00 reconn/s: 0.00
[ 253s ] thds: 16 tps: 10806.79 qps: 172968.68 (r/w/o: 151356.10/0.00/21612.59) lat (ms,95%): 1.67 err/s: 0.00 reconn/s: 0.00
[ 254s ] thds: 16 tps: 10845.28 qps: 173527.48 (r/w/o: 151837.92/0.00/21689.56) lat (ms,95%): 1.64 err/s: 0.00 reconn/s: 0.00
[ 255s ] thds: 16 tps: 10764.73 qps: 172231.62 (r/w/o: 150700.16/0.00/21531.45) lat (ms,95%): 1.76 err/s: 0.00 reconn/s: 0.00
[ 256s ] thds: 16 tps: 10754.04 qps: 172077.58 (r/w/o: 150569.51/0.00/21508.07) lat (ms,95%): 1.73 err/s: 0.00 reconn/s: 0.00
[ 257s ] thds: 16 tps: 10790.03 qps: 172603.54 (r/w/o: 151024.47/0.00/21579.07) lat (ms,95%): 1.76 err/s: 0.00 reconn/s: 0.00
[ 258s ] thds: 16 tps: 10768.07 qps: 172269.09 (r/w/o: 150732.95/0.00/21536.14) lat (ms,95%): 1.70 err/s: 0.00 reconn/s: 0.00
[ 259s ] thds: 16 tps: 10827.81 qps: 173303.03 (r/w/o: 151647.41/0.00/21655.63) lat (ms,95%): 1.70 err/s: 0.00 reconn/s: 0.00
[ 260s ] thds: 16 tps: 10758.23 qps: 172114.74 (r/w/o: 150597.27/0.00/21517.47) lat (ms,95%): 1.76 err/s: 0.00 reconn/s: 0.00
[ 261s ] thds: 16 tps: 10572.97 qps: 169164.55 (r/w/o: 148018.60/0.00/21145.94) lat (ms,95%): 1.82 err/s: 0.00 reconn/s: 0.00
[ 262s ] thds: 16 tps: 10755.92 qps: 172109.65 (r/w/o: 150598.82/0.00/21510.83) lat (ms,95%): 1.76 err/s: 0.00 reconn/s: 0.00
[ 263s ] thds: 16 tps: 10885.76 qps: 174163.24 (r/w/o: 152390.71/0.00/21772.53) lat (ms,95%): 1.64 err/s: 0.00 reconn/s: 0.00
[ 264s ] thds: 16 tps: 10928.68 qps: 174867.81 (r/w/o: 153011.46/0.00/21856.35) lat (ms,95%): 1.61 err/s: 0.00 reconn/s: 0.00
[ 265s ] thds: 16 tps: 10889.58 qps: 174189.22 (r/w/o: 152412.06/0.00/21777.15) lat (ms,95%): 1.61 err/s: 0.00 reconn/s: 0.00
[ 266s ] thds: 16 tps: 10855.97 qps: 173728.58 (r/w/o: 152013.63/0.00/21714.95) lat (ms,95%): 1.67 err/s: 0.00 reconn/s: 0.00
[ 267s ] thds: 16 tps: 10894.99 qps: 174347.90 (r/w/o: 152557.91/0.00/21789.99) lat (ms,95%): 1.61 err/s: 0.00 reconn/s: 0.00
[ 268s ] thds: 16 tps: 10740.23 qps: 171815.74 (r/w/o: 150335.27/0.00/21480.47) lat (ms,95%): 1.76 err/s: 0.00 reconn/s: 0.00
[ 269s ] thds: 16 tps: 10781.85 qps: 172510.59 (r/w/o: 150949.89/0.00/21560.70) lat (ms,95%): 1.70 err/s: 0.00 reconn/s: 0.00
[ 270s ] thds: 16 tps: 10888.04 qps: 174211.69 (r/w/o: 152432.61/0.00/21779.09) lat (ms,95%): 1.61 err/s: 0.00 reconn/s: 0.00
[ 271s ] thds: 16 tps: 10837.00 qps: 173342.99 (r/w/o: 151668.99/0.00/21674.00) lat (ms,95%): 1.70 err/s: 0.00 reconn/s: 0.00
[ 272s ] thds: 16 tps: 10867.13 qps: 173927.11 (r/w/o: 152193.85/0.00/21733.26) lat (ms,95%): 1.67 err/s: 0.00 reconn/s: 0.00
[ 273s ] thds: 16 tps: 10772.79 qps: 172346.64 (r/w/o: 150801.06/0.00/21545.58) lat (ms,95%): 1.73 err/s: 0.00 reconn/s: 0.00
[ 274s ] thds: 16 tps: 10785.88 qps: 172588.07 (r/w/o: 151016.31/0.00/21571.76) lat (ms,95%): 1.73 err/s: 0.00 reconn/s: 0.00
[ 275s ] thds: 16 tps: 10925.90 qps: 174824.46 (r/w/o: 152971.65/0.00/21852.81) lat (ms,95%): 1.58 err/s: 0.00 reconn/s: 0.00
[ 276s ] thds: 16 tps: 10853.47 qps: 173627.55 (r/w/o: 151920.61/0.00/21706.94) lat (ms,95%): 1.67 err/s: 0.00 reconn/s: 0.00
[ 277s ] thds: 16 tps: 10744.57 qps: 171916.14 (r/w/o: 150427.00/0.00/21489.14) lat (ms,95%): 1.76 err/s: 0.00 reconn/s: 0.00
[ 278s ] thds: 16 tps: 10859.13 qps: 173744.10 (r/w/o: 152026.84/0.00/21717.26) lat (ms,95%): 1.67 err/s: 0.00 reconn/s: 0.00
[ 279s ] thds: 16 tps: 10686.03 qps: 171037.40 (r/w/o: 149664.35/0.00/21373.05) lat (ms,95%): 1.79 err/s: 0.00 reconn/s: 0.00
[ 280s ] thds: 16 tps: 10845.93 qps: 173485.90 (r/w/o: 151795.04/0.00/21690.86) lat (ms,95%): 1.67 err/s: 0.00 reconn/s: 0.00
[ 281s ] thds: 16 tps: 10777.47 qps: 172430.44 (r/w/o: 150874.51/0.00/21555.93) lat (ms,95%): 1.73 err/s: 0.00 reconn/s: 0.00
[ 282s ] thds: 16 tps: 10803.52 qps: 172857.36 (r/w/o: 151251.31/0.00/21606.04) lat (ms,95%): 1.70 err/s: 0.00 reconn/s: 0.00
[ 283s ] thds: 16 tps: 10819.36 qps: 173099.79 (r/w/o: 151460.07/0.00/21639.72) lat (ms,95%): 1.67 err/s: 0.00 reconn/s: 0.00
[ 284s ] thds: 16 tps: 10531.58 qps: 168529.33 (r/w/o: 147466.16/0.00/21063.17) lat (ms,95%): 1.82 err/s: 0.00 reconn/s: 0.00
[ 285s ] thds: 16 tps: 10713.37 qps: 171400.92 (r/w/o: 149974.18/0.00/21426.74) lat (ms,95%): 1.76 err/s: 0.00 reconn/s: 0.00
[ 286s ] thds: 16 tps: 10874.64 qps: 174007.23 (r/w/o: 152258.95/0.00/21748.28) lat (ms,95%): 1.64 err/s: 0.00 reconn/s: 0.00
[ 287s ] thds: 16 tps: 10752.99 qps: 172079.80 (r/w/o: 150572.82/0.00/21506.97) lat (ms,95%): 1.76 err/s: 0.00 reconn/s: 0.00
[ 288s ] thds: 16 tps: 10754.34 qps: 172036.43 (r/w/o: 150528.75/0.00/21507.68) lat (ms,95%): 1.76 err/s: 0.00 reconn/s: 0.00
[ 289s ] thds: 16 tps: 10777.89 qps: 172443.16 (r/w/o: 150887.39/0.00/21555.77) lat (ms,95%): 1.73 err/s: 0.00 reconn/s: 0.00
[ 290s ] thds: 16 tps: 10815.89 qps: 173062.17 (r/w/o: 151429.39/0.00/21632.77) lat (ms,95%): 1.70 err/s: 0.00 reconn/s: 0.00
[ 291s ] thds: 16 tps: 10828.76 qps: 173237.20 (r/w/o: 151579.67/0.00/21657.52) lat (ms,95%): 1.67 err/s: 0.00 reconn/s: 0.00
[ 292s ] thds: 16 tps: 10845.60 qps: 173548.65 (r/w/o: 151857.44/0.00/21691.21) lat (ms,95%): 1.70 err/s: 0.00 reconn/s: 0.00
[ 293s ] thds: 16 tps: 10768.49 qps: 172285.77 (r/w/o: 150748.80/0.00/21536.97) lat (ms,95%): 1.76 err/s: 0.00 reconn/s: 0.00
[ 294s ] thds: 16 tps: 10855.02 qps: 173687.35 (r/w/o: 151977.30/0.00/21710.04) lat (ms,95%): 1.64 err/s: 0.00 reconn/s: 0.00
[ 295s ] thds: 16 tps: 10869.22 qps: 173884.47 (r/w/o: 152146.04/0.00/21738.43) lat (ms,95%): 1.67 err/s: 0.00 reconn/s: 0.00
[ 296s ] thds: 16 tps: 10784.95 qps: 172600.24 (r/w/o: 151030.34/0.00/21569.91) lat (ms,95%): 1.73 err/s: 0.00 reconn/s: 0.00
[ 297s ] thds: 16 tps: 10576.72 qps: 169169.51 (r/w/o: 148018.07/0.00/21151.44) lat (ms,95%): 1.82 err/s: 0.00 reconn/s: 0.00
[ 298s ] thds: 16 tps: 10934.19 qps: 175013.08 (r/w/o: 153142.70/0.00/21870.39) lat (ms,95%): 1.58 err/s: 0.00 reconn/s: 0.00
[ 299s ] thds: 16 tps: 10874.09 qps: 173953.48 (r/w/o: 152205.30/0.00/21748.19) lat (ms,95%): 1.64 err/s: 0.00 reconn/s: 0.00
[ 300s ] thds: 16 tps: 10865.03 qps: 173853.50 (r/w/o: 152124.44/0.00/21729.06) lat (ms,95%): 1.67 err/s: 0.00 reconn/s: 0.00
[ 301s ] thds: 16 tps: 10677.05 qps: 170808.72 (r/w/o: 149453.63/0.00/21355.09) lat (ms,95%): 1.76 err/s: 0.00 reconn/s: 0.00
[ 302s ] thds: 16 tps: 10877.82 qps: 174050.13 (r/w/o: 152295.49/0.00/21754.64) lat (ms,95%): 1.64 err/s: 0.00 reconn/s: 0.00
[ 303s ] thds: 16 tps: 10785.11 qps: 172591.72 (r/w/o: 151020.50/0.00/21571.22) lat (ms,95%): 1.76 err/s: 0.00 reconn/s: 0.00
[ 304s ] thds: 16 tps: 10942.98 qps: 175046.70 (r/w/o: 153160.74/0.00/21885.96) lat (ms,95%): 1.61 err/s: 0.00 reconn/s: 0.00
[ 305s ] thds: 16 tps: 10741.88 qps: 171935.00 (r/w/o: 150451.25/0.00/21483.75) lat (ms,95%): 1.76 err/s: 0.00 reconn/s: 0.00
[ 306s ] thds: 16 tps: 10916.14 qps: 174620.24 (r/w/o: 152787.96/0.00/21832.28) lat (ms,95%): 1.61 err/s: 0.00 reconn/s: 0.00
[ 307s ] thds: 16 tps: 10909.86 qps: 174550.77 (r/w/o: 152731.05/0.00/21819.72) lat (ms,95%): 1.61 err/s: 0.00 reconn/s: 0.00
[ 308s ] thds: 16 tps: 10928.17 qps: 174866.74 (r/w/o: 153010.40/0.00/21856.34) lat (ms,95%): 1.61 err/s: 0.00 reconn/s: 0.00
[ 309s ] thds: 16 tps: 10660.79 qps: 170550.70 (r/w/o: 149228.12/0.00/21322.59) lat (ms,95%): 1.79 err/s: 0.00 reconn/s: 0.00
[ 310s ] thds: 16 tps: 10873.11 qps: 173989.76 (r/w/o: 152244.54/0.00/21745.22) lat (ms,95%): 1.67 err/s: 0.00 reconn/s: 0.00
[ 311s ] thds: 16 tps: 10795.97 qps: 172756.51 (r/w/o: 151164.57/0.00/21591.94) lat (ms,95%): 1.73 err/s: 0.00 reconn/s: 0.00
[ 312s ] thds: 16 tps: 10933.22 qps: 174862.55 (r/w/o: 152996.11/0.00/21866.44) lat (ms,95%): 1.61 err/s: 0.00 reconn/s: 0.00
[ 313s ] thds: 16 tps: 10698.81 qps: 171237.01 (r/w/o: 149839.38/0.00/21397.63) lat (ms,95%): 1.79 err/s: 0.00 reconn/s: 0.00
[ 314s ] thds: 16 tps: 10922.27 qps: 174727.38 (r/w/o: 152883.84/0.00/21843.55) lat (ms,95%): 1.58 err/s: 0.00 reconn/s: 0.00
[ 315s ] thds: 16 tps: 10835.31 qps: 173381.94 (r/w/o: 151710.32/0.00/21671.62) lat (ms,95%): 1.70 err/s: 0.00 reconn/s: 0.00
[ 316s ] thds: 16 tps: 10873.46 qps: 173984.43 (r/w/o: 152238.50/0.00/21745.93) lat (ms,95%): 1.67 err/s: 0.00 reconn/s: 0.00
[ 317s ] thds: 16 tps: 10815.68 qps: 173060.89 (r/w/o: 151428.53/0.00/21632.36) lat (ms,95%): 1.70 err/s: 0.00 reconn/s: 0.00
[ 318s ] thds: 16 tps: 10853.38 qps: 173639.01 (r/w/o: 151932.26/0.00/21706.75) lat (ms,95%): 1.67 err/s: 0.00 reconn/s: 0.00
[ 319s ] thds: 16 tps: 10791.34 qps: 172633.41 (r/w/o: 151051.73/0.00/21581.68) lat (ms,95%): 1.73 err/s: 0.00 reconn/s: 0.00
[ 320s ] thds: 16 tps: 10498.85 qps: 167981.67 (r/w/o: 146983.96/0.00/20997.71) lat (ms,95%): 1.82 err/s: 0.00 reconn/s: 0.00
[ 321s ] thds: 16 tps: 10726.22 qps: 171647.46 (r/w/o: 150194.02/0.00/21453.43) lat (ms,95%): 1.79 err/s: 0.00 reconn/s: 0.00
[ 322s ] thds: 16 tps: 10778.39 qps: 172439.28 (r/w/o: 150883.50/0.00/21555.78) lat (ms,95%): 1.73 err/s: 0.00 reconn/s: 0.00
[ 323s ] thds: 16 tps: 10844.88 qps: 173536.13 (r/w/o: 151845.37/0.00/21690.77) lat (ms,95%): 1.67 err/s: 0.00 reconn/s: 0.00
[ 324s ] thds: 16 tps: 10743.44 qps: 171887.07 (r/w/o: 150401.18/0.00/21485.88) lat (ms,95%): 1.76 err/s: 0.00 reconn/s: 0.00
[ 325s ] thds: 16 tps: 10772.85 qps: 172382.54 (r/w/o: 150835.85/0.00/21546.69) lat (ms,95%): 1.73 err/s: 0.00 reconn/s: 0.00
[ 326s ] thds: 16 tps: 10763.90 qps: 172207.39 (r/w/o: 150680.59/0.00/21526.80) lat (ms,95%): 1.73 err/s: 0.00 reconn/s: 0.00
[ 327s ] thds: 16 tps: 10895.59 qps: 174306.39 (r/w/o: 152514.21/0.00/21792.17) lat (ms,95%): 1.64 err/s: 0.00 reconn/s: 0.00
[ 328s ] thds: 16 tps: 10568.68 qps: 169115.86 (r/w/o: 147978.50/0.00/21137.36) lat (ms,95%): 1.79 err/s: 0.00 reconn/s: 0.00
[ 329s ] thds: 16 tps: 10671.78 qps: 170729.55 (r/w/o: 149387.98/0.00/21341.57) lat (ms,95%): 1.79 err/s: 0.00 reconn/s: 0.00
[ 330s ] thds: 16 tps: 10921.75 qps: 174755.03 (r/w/o: 152909.53/0.00/21845.50) lat (ms,95%): 1.58 err/s: 0.00 reconn/s: 0.00
[ 331s ] thds: 16 tps: 10853.00 qps: 173669.01 (r/w/o: 151964.01/0.00/21705.00) lat (ms,95%): 1.67 err/s: 0.00 reconn/s: 0.00
[ 332s ] thds: 16 tps: 10924.23 qps: 174738.73 (r/w/o: 152891.26/0.00/21847.47) lat (ms,95%): 1.61 err/s: 0.00 reconn/s: 0.00
[ 333s ] thds: 16 tps: 10832.02 qps: 173322.24 (r/w/o: 151656.21/0.00/21666.03) lat (ms,95%): 1.67 err/s: 0.00 reconn/s: 0.00
[ 334s ] thds: 16 tps: 10896.83 qps: 174413.32 (r/w/o: 152619.65/0.00/21793.66) lat (ms,95%): 1.61 err/s: 0.00 reconn/s: 0.00
[ 335s ] thds: 16 tps: 10850.12 qps: 173582.85 (r/w/o: 151882.62/0.00/21700.23) lat (ms,95%): 1.70 err/s: 0.00 reconn/s: 0.00
[ 336s ] thds: 16 tps: 10842.08 qps: 173438.23 (r/w/o: 151754.08/0.00/21684.15) lat (ms,95%): 1.73 err/s: 0.00 reconn/s: 0.00
[ 337s ] thds: 16 tps: 10892.72 qps: 174309.57 (r/w/o: 152524.13/0.00/21785.45) lat (ms,95%): 1.61 err/s: 0.00 reconn/s: 0.00
[ 338s ] thds: 16 tps: 10770.26 qps: 172291.19 (r/w/o: 150750.66/0.00/21540.52) lat (ms,95%): 1.76 err/s: 0.00 reconn/s: 0.00
[ 339s ] thds: 16 tps: 10839.87 qps: 173473.95 (r/w/o: 151794.21/0.00/21679.75) lat (ms,95%): 1.70 err/s: 0.00 reconn/s: 0.00
[ 340s ] thds: 16 tps: 10883.72 qps: 174084.60 (r/w/o: 152318.15/0.00/21766.45) lat (ms,95%): 1.64 err/s: 0.00 reconn/s: 0.00
[ 341s ] thds: 16 tps: 10925.39 qps: 174838.26 (r/w/o: 152986.48/0.00/21851.78) lat (ms,95%): 1.58 err/s: 0.00 reconn/s: 0.00
[ 342s ] thds: 16 tps: 10890.10 qps: 174266.53 (r/w/o: 152487.34/0.00/21779.19) lat (ms,95%): 1.64 err/s: 0.00 reconn/s: 0.00
[ 343s ] thds: 16 tps: 10870.88 qps: 173905.14 (r/w/o: 152162.38/0.00/21742.77) lat (ms,95%): 1.67 err/s: 0.00 reconn/s: 0.00
[ 344s ] thds: 16 tps: 10579.02 qps: 169315.34 (r/w/o: 148157.30/0.00/21158.04) lat (ms,95%): 1.82 err/s: 0.00 reconn/s: 0.00
[ 345s ] thds: 16 tps: 10608.90 qps: 169728.39 (r/w/o: 148511.59/0.00/21216.80) lat (ms,95%): 1.82 err/s: 0.00 reconn/s: 0.00
[ 346s ] thds: 16 tps: 10858.72 qps: 173715.49 (r/w/o: 151997.05/0.00/21718.44) lat (ms,95%): 1.67 err/s: 0.00 reconn/s: 0.00
[ 347s ] thds: 16 tps: 10847.41 qps: 173540.57 (r/w/o: 151846.75/0.00/21693.82) lat (ms,95%): 1.70 err/s: 0.00 reconn/s: 0.00
[ 348s ] thds: 16 tps: 10924.97 qps: 174804.58 (r/w/o: 152953.64/0.00/21850.95) lat (ms,95%): 1.64 err/s: 0.00 reconn/s: 0.00
[ 349s ] thds: 16 tps: 10572.27 qps: 169205.26 (r/w/o: 148060.73/0.00/21144.53) lat (ms,95%): 1.82 err/s: 0.00 reconn/s: 0.00
[ 350s ] thds: 16 tps: 10939.64 qps: 174962.20 (r/w/o: 153084.93/0.00/21877.27) lat (ms,95%): 1.58 err/s: 0.00 reconn/s: 0.00
[ 351s ] thds: 16 tps: 10847.13 qps: 173585.01 (r/w/o: 151888.76/0.00/21696.25) lat (ms,95%): 1.67 err/s: 0.00 reconn/s: 0.00
[ 352s ] thds: 16 tps: 10897.06 qps: 174346.95 (r/w/o: 152552.83/0.00/21794.12) lat (ms,95%): 1.67 err/s: 0.00 reconn/s: 0.00
[ 353s ] thds: 16 tps: 10913.00 qps: 174622.04 (r/w/o: 152796.04/0.00/21826.01) lat (ms,95%): 1.58 err/s: 0.00 reconn/s: 0.00
[ 354s ] thds: 16 tps: 10897.33 qps: 174341.29 (r/w/o: 152546.63/0.00/21794.66) lat (ms,95%): 1.61 err/s: 0.00 reconn/s: 0.00
[ 355s ] thds: 16 tps: 10860.84 qps: 173773.50 (r/w/o: 152054.81/0.00/21718.69) lat (ms,95%): 1.67 err/s: 0.00 reconn/s: 0.00
[ 356s ] thds: 16 tps: 10709.84 qps: 171371.51 (r/w/o: 149948.82/0.00/21422.69) lat (ms,95%): 1.79 err/s: 0.00 reconn/s: 0.00
[ 357s ] thds: 16 tps: 10783.77 qps: 172557.24 (r/w/o: 150989.71/0.00/21567.53) lat (ms,95%): 1.70 err/s: 0.00 reconn/s: 0.00
[ 358s ] thds: 16 tps: 10825.61 qps: 173197.73 (r/w/o: 151546.51/0.00/21651.22) lat (ms,95%): 1.70 err/s: 0.00 reconn/s: 0.00
[ 359s ] thds: 16 tps: 10873.63 qps: 173971.07 (r/w/o: 152223.81/0.00/21747.26) lat (ms,95%): 1.64 err/s: 0.00 reconn/s: 0.00
[ 360s ] thds: 16 tps: 10915.93 qps: 174668.91 (r/w/o: 152838.05/0.00/21830.86) lat (ms,95%): 1.64 err/s: 0.00 reconn/s: 0.00
[ 361s ] thds: 16 tps: 10819.97 qps: 173107.52 (r/w/o: 151466.58/0.00/21640.94) lat (ms,95%): 1.70 err/s: 0.00 reconn/s: 0.00
[ 362s ] thds: 16 tps: 10856.40 qps: 173731.46 (r/w/o: 152018.65/0.00/21712.81) lat (ms,95%): 1.64 err/s: 0.00 reconn/s: 0.00
[ 363s ] thds: 16 tps: 10951.62 qps: 175201.86 (r/w/o: 153299.63/0.00/21902.23) lat (ms,95%): 1.58 err/s: 0.00 reconn/s: 0.00
[ 364s ] thds: 16 tps: 10688.07 qps: 171000.10 (r/w/o: 149622.96/0.00/21377.14) lat (ms,95%): 1.79 err/s: 0.00 reconn/s: 0.00
[ 365s ] thds: 16 tps: 10731.86 qps: 171752.80 (r/w/o: 150289.08/0.00/21463.72) lat (ms,95%): 1.73 err/s: 0.00 reconn/s: 0.00
[ 366s ] thds: 16 tps: 10815.63 qps: 173022.02 (r/w/o: 151390.77/0.00/21631.25) lat (ms,95%): 1.70 err/s: 0.00 reconn/s: 0.00
[ 367s ] thds: 16 tps: 10920.51 qps: 174719.11 (r/w/o: 152878.09/0.00/21841.01) lat (ms,95%): 1.61 err/s: 0.00 reconn/s: 0.00
[ 368s ] thds: 16 tps: 10679.89 qps: 170891.28 (r/w/o: 149531.50/0.00/21359.79) lat (ms,95%): 1.79 err/s: 0.00 reconn/s: 0.00
[ 369s ] thds: 16 tps: 10816.26 qps: 173042.16 (r/w/o: 151410.64/0.00/21631.52) lat (ms,95%): 1.73 err/s: 0.00 reconn/s: 0.00
[ 370s ] thds: 16 tps: 10877.09 qps: 174041.43 (r/w/o: 152287.25/0.00/21754.18) lat (ms,95%): 1.67 err/s: 0.00 reconn/s: 0.00
[ 371s ] thds: 16 tps: 10902.17 qps: 174430.74 (r/w/o: 152625.40/0.00/21805.34) lat (ms,95%): 1.61 err/s: 0.00 reconn/s: 0.00
[ 372s ] thds: 16 tps: 10916.44 qps: 174661.05 (r/w/o: 152829.17/0.00/21831.88) lat (ms,95%): 1.64 err/s: 0.00 reconn/s: 0.00
[ 373s ] thds: 16 tps: 10689.05 qps: 171039.85 (r/w/o: 149660.75/0.00/21379.11) lat (ms,95%): 1.76 err/s: 0.00 reconn/s: 0.00
[ 374s ] thds: 16 tps: 10734.00 qps: 171742.06 (r/w/o: 150275.05/0.00/21467.01) lat (ms,95%): 1.76 err/s: 0.00 reconn/s: 0.00
[ 375s ] thds: 16 tps: 10838.21 qps: 173409.39 (r/w/o: 151732.96/0.00/21676.42) lat (ms,95%): 1.70 err/s: 0.00 reconn/s: 0.00
[ 376s ] thds: 16 tps: 10809.27 qps: 172916.39 (r/w/o: 151296.84/0.00/21619.55) lat (ms,95%): 1.73 err/s: 0.00 reconn/s: 0.00
[ 377s ] thds: 16 tps: 10566.52 qps: 169094.26 (r/w/o: 147961.23/0.00/21133.03) lat (ms,95%): 1.82 err/s: 0.00 reconn/s: 0.00
[ 378s ] thds: 16 tps: 10842.90 qps: 173471.40 (r/w/o: 151787.60/0.00/21683.80) lat (ms,95%): 1.70 err/s: 0.00 reconn/s: 0.00
[ 379s ] thds: 16 tps: 10913.91 qps: 174596.57 (r/w/o: 152766.75/0.00/21829.82) lat (ms,95%): 1.61 err/s: 0.00 reconn/s: 0.00
[ 380s ] thds: 16 tps: 10867.22 qps: 173908.52 (r/w/o: 152175.08/0.00/21733.44) lat (ms,95%): 1.67 err/s: 0.00 reconn/s: 0.00
[ 381s ] thds: 16 tps: 10761.10 qps: 172210.63 (r/w/o: 150687.42/0.00/21523.20) lat (ms,95%): 1.73 err/s: 0.00 reconn/s: 0.00
[ 382s ] thds: 16 tps: 10796.77 qps: 172727.38 (r/w/o: 151133.83/0.00/21593.55) lat (ms,95%): 1.76 err/s: 0.00 reconn/s: 0.00
[ 383s ] thds: 16 tps: 10891.42 qps: 174277.71 (r/w/o: 152494.87/0.00/21782.84) lat (ms,95%): 1.64 err/s: 0.00 reconn/s: 0.00
[ 384s ] thds: 16 tps: 10689.84 qps: 171001.45 (r/w/o: 149621.77/0.00/21379.68) lat (ms,95%): 1.76 err/s: 0.00 reconn/s: 0.00
[ 385s ] thds: 16 tps: 10881.76 qps: 174108.10 (r/w/o: 152344.58/0.00/21763.51) lat (ms,95%): 1.64 err/s: 0.00 reconn/s: 0.00
[ 386s ] thds: 16 tps: 10860.01 qps: 173773.17 (r/w/o: 152053.14/0.00/21720.02) lat (ms,95%): 1.70 err/s: 0.00 reconn/s: 0.00
[ 387s ] thds: 16 tps: 10832.14 qps: 173322.19 (r/w/o: 151657.92/0.00/21664.27) lat (ms,95%): 1.70 err/s: 0.00 reconn/s: 0.00
[ 388s ] thds: 16 tps: 10593.76 qps: 169455.19 (r/w/o: 148268.66/0.00/21186.52) lat (ms,95%): 1.79 err/s: 0.00 reconn/s: 0.00
[ 389s ] thds: 16 tps: 10749.19 qps: 172027.07 (r/w/o: 150527.69/0.00/21499.38) lat (ms,95%): 1.73 err/s: 0.00 reconn/s: 0.00
[ 390s ] thds: 16 tps: 10860.09 qps: 173761.41 (r/w/o: 152041.23/0.00/21720.18) lat (ms,95%): 1.67 err/s: 0.00 reconn/s: 0.00
[ 391s ] thds: 16 tps: 10829.89 qps: 173261.18 (r/w/o: 151601.41/0.00/21659.77) lat (ms,95%): 1.70 err/s: 0.00 reconn/s: 0.00
[ 392s ] thds: 16 tps: 10839.06 qps: 173451.90 (r/w/o: 151773.79/0.00/21678.11) lat (ms,95%): 1.73 err/s: 0.00 reconn/s: 0.00
[ 393s ] thds: 16 tps: 10895.94 qps: 174306.01 (r/w/o: 152514.13/0.00/21791.88) lat (ms,95%): 1.64 err/s: 0.00 reconn/s: 0.00
[ 394s ] thds: 16 tps: 10864.98 qps: 173849.61 (r/w/o: 152119.66/0.00/21729.95) lat (ms,95%): 1.67 err/s: 0.00 reconn/s: 0.00
[ 395s ] thds: 16 tps: 10937.88 qps: 175005.02 (r/w/o: 153129.27/0.00/21875.75) lat (ms,95%): 1.58 err/s: 0.00 reconn/s: 0.00
[ 396s ] thds: 16 tps: 10789.67 qps: 172644.76 (r/w/o: 151065.42/0.00/21579.35) lat (ms,95%): 1.73 err/s: 0.00 reconn/s: 0.00
[ 397s ] thds: 16 tps: 10878.83 qps: 174054.24 (r/w/o: 152296.59/0.00/21757.66) lat (ms,95%): 1.61 err/s: 0.00 reconn/s: 0.00
[ 398s ] thds: 16 tps: 10915.70 qps: 174630.25 (r/w/o: 152798.84/0.00/21831.41) lat (ms,95%): 1.58 err/s: 0.00 reconn/s: 0.00
[ 399s ] thds: 16 tps: 10891.01 qps: 174289.23 (r/w/o: 152507.20/0.00/21782.03) lat (ms,95%): 1.67 err/s: 0.00 reconn/s: 0.00
[ 400s ] thds: 16 tps: 10870.51 qps: 173904.09 (r/w/o: 152163.08/0.00/21741.01) lat (ms,95%): 1.67 err/s: 0.00 reconn/s: 0.00
[ 401s ] thds: 16 tps: 10780.40 qps: 172521.46 (r/w/o: 150961.65/0.00/21559.81) lat (ms,95%): 1.76 err/s: 0.00 reconn/s: 0.00
[ 402s ] thds: 16 tps: 10882.20 qps: 174110.24 (r/w/o: 152345.83/0.00/21764.40) lat (ms,95%): 1.64 err/s: 0.00 reconn/s: 0.00
[ 403s ] thds: 16 tps: 10875.11 qps: 173942.83 (r/w/o: 152192.60/0.00/21750.23) lat (ms,95%): 1.67 err/s: 0.00 reconn/s: 0.00
[ 404s ] thds: 16 tps: 10812.72 qps: 173064.44 (r/w/o: 151438.01/0.00/21626.43) lat (ms,95%): 1.73 err/s: 0.00 reconn/s: 0.00
[ 405s ] thds: 16 tps: 10866.93 qps: 173865.94 (r/w/o: 152132.07/0.00/21733.87) lat (ms,95%): 1.67 err/s: 0.00 reconn/s: 0.00
[ 406s ] thds: 16 tps: 10871.34 qps: 173959.46 (r/w/o: 152216.77/0.00/21742.68) lat (ms,95%): 1.67 err/s: 0.00 reconn/s: 0.00
[ 407s ] thds: 16 tps: 10921.89 qps: 174722.16 (r/w/o: 152878.39/0.00/21843.77) lat (ms,95%): 1.61 err/s: 0.00 reconn/s: 0.00
[ 408s ] thds: 16 tps: 10858.69 qps: 173714.08 (r/w/o: 151997.69/0.00/21716.38) lat (ms,95%): 1.67 err/s: 0.00 reconn/s: 0.00
[ 409s ] thds: 16 tps: 10658.20 qps: 170548.28 (r/w/o: 149231.87/0.00/21316.41) lat (ms,95%): 1.79 err/s: 0.00 reconn/s: 0.00
[ 410s ] thds: 16 tps: 10877.87 qps: 174052.88 (r/w/o: 152295.15/0.00/21757.74) lat (ms,95%): 1.61 err/s: 0.00 reconn/s: 0.00
[ 411s ] thds: 16 tps: 10907.01 qps: 174539.13 (r/w/o: 152726.11/0.00/21813.02) lat (ms,95%): 1.64 err/s: 0.00 reconn/s: 0.00
[ 412s ] thds: 16 tps: 10785.97 qps: 172526.47 (r/w/o: 150954.53/0.00/21571.93) lat (ms,95%): 1.76 err/s: 0.00 reconn/s: 0.00
[ 413s ] thds: 16 tps: 10618.90 qps: 169932.42 (r/w/o: 148694.62/0.00/21237.80) lat (ms,95%): 1.79 err/s: 0.00 reconn/s: 0.00
[ 414s ] thds: 16 tps: 10879.26 qps: 174072.23 (r/w/o: 152313.70/0.00/21758.53) lat (ms,95%): 1.67 err/s: 0.00 reconn/s: 0.00
[ 415s ] thds: 16 tps: 10862.71 qps: 173783.32 (r/w/o: 152057.90/0.00/21725.41) lat (ms,95%): 1.67 err/s: 0.00 reconn/s: 0.00
[ 416s ] thds: 16 tps: 10756.13 qps: 172080.08 (r/w/o: 150567.82/0.00/21512.26) lat (ms,95%): 1.76 err/s: 0.00 reconn/s: 0.00
[ 417s ] thds: 16 tps: 10675.96 qps: 170854.35 (r/w/o: 149502.43/0.00/21351.92) lat (ms,95%): 1.79 err/s: 0.00 reconn/s: 0.00
[ 418s ] thds: 16 tps: 10909.34 qps: 174550.40 (r/w/o: 152731.73/0.00/21818.68) lat (ms,95%): 1.58 err/s: 0.00 reconn/s: 0.00
[ 419s ] thds: 16 tps: 10825.10 qps: 173169.64 (r/w/o: 151520.43/0.00/21649.20) lat (ms,95%): 1.70 err/s: 0.00 reconn/s: 0.00
[ 420s ] thds: 16 tps: 10768.87 qps: 172307.88 (r/w/o: 150769.15/0.00/21538.74) lat (ms,95%): 1.73 err/s: 0.00 reconn/s: 0.00
[ 421s ] thds: 16 tps: 10721.75 qps: 171551.00 (r/w/o: 150107.50/0.00/21443.50) lat (ms,95%): 1.76 err/s: 0.00 reconn/s: 0.00
[ 422s ] thds: 16 tps: 10823.29 qps: 173163.70 (r/w/o: 151518.11/0.00/21645.59) lat (ms,95%): 1.73 err/s: 0.00 reconn/s: 0.00
[ 423s ] thds: 16 tps: 10864.68 qps: 173844.85 (r/w/o: 152114.49/0.00/21730.36) lat (ms,95%): 1.70 err/s: 0.00 reconn/s: 0.00
[ 424s ] thds: 16 tps: 10817.24 qps: 173047.87 (r/w/o: 151413.39/0.00/21634.48) lat (ms,95%): 1.70 err/s: 0.00 reconn/s: 0.00
[ 425s ] thds: 16 tps: 10692.12 qps: 171115.86 (r/w/o: 149732.63/0.00/21383.23) lat (ms,95%): 1.79 err/s: 0.00 reconn/s: 0.00
[ 426s ] thds: 16 tps: 10729.74 qps: 171634.87 (r/w/o: 150174.39/0.00/21460.48) lat (ms,95%): 1.76 err/s: 0.00 reconn/s: 0.00
[ 427s ] thds: 16 tps: 10822.94 qps: 173195.09 (r/w/o: 151550.21/0.00/21644.89) lat (ms,95%): 1.70 err/s: 0.00 reconn/s: 0.00
[ 428s ] thds: 16 tps: 10845.38 qps: 173526.10 (r/w/o: 151834.33/0.00/21691.76) lat (ms,95%): 1.70 err/s: 0.00 reconn/s: 0.00
[ 429s ] thds: 16 tps: 10659.64 qps: 170556.27 (r/w/o: 149237.98/0.00/21318.28) lat (ms,95%): 1.79 err/s: 0.00 reconn/s: 0.00
[ 430s ] thds: 16 tps: 10945.00 qps: 175108.99 (r/w/o: 153218.99/0.00/21890.00) lat (ms,95%): 1.58 err/s: 0.00 reconn/s: 0.00
[ 431s ] thds: 16 tps: 10943.05 qps: 175115.81 (r/w/o: 153228.71/0.00/21887.10) lat (ms,95%): 1.58 err/s: 0.00 reconn/s: 0.00
[ 432s ] thds: 16 tps: 10808.21 qps: 172904.29 (r/w/o: 151288.88/0.00/21615.41) lat (ms,95%): 1.73 err/s: 0.00 reconn/s: 0.00
[ 433s ] thds: 16 tps: 10916.72 qps: 174688.59 (r/w/o: 152854.14/0.00/21834.45) lat (ms,95%): 1.58 err/s: 0.00 reconn/s: 0.00
[ 434s ] thds: 16 tps: 10877.22 qps: 174020.56 (r/w/o: 152266.12/0.00/21754.45) lat (ms,95%): 1.67 err/s: 0.00 reconn/s: 0.00
[ 435s ] thds: 16 tps: 10651.96 qps: 170444.30 (r/w/o: 149140.39/0.00/21303.91) lat (ms,95%): 1.79 err/s: 0.00 reconn/s: 0.00
[ 436s ] thds: 16 tps: 10739.84 qps: 171827.41 (r/w/o: 150348.74/0.00/21478.68) lat (ms,95%): 1.76 err/s: 0.00 reconn/s: 0.00
[ 437s ] thds: 16 tps: 10830.05 qps: 173324.85 (r/w/o: 151663.74/0.00/21661.11) lat (ms,95%): 1.70 err/s: 0.00 reconn/s: 0.00
[ 438s ] thds: 16 tps: 10863.23 qps: 173784.64 (r/w/o: 152058.18/0.00/21726.46) lat (ms,95%): 1.67 err/s: 0.00 reconn/s: 0.00
[ 439s ] thds: 16 tps: 10884.81 qps: 174183.93 (r/w/o: 152414.31/0.00/21769.62) lat (ms,95%): 1.67 err/s: 0.00 reconn/s: 0.00
[ 440s ] thds: 16 tps: 10830.36 qps: 173228.73 (r/w/o: 151569.02/0.00/21659.72) lat (ms,95%): 1.76 err/s: 0.00 reconn/s: 0.00
[ 441s ] thds: 16 tps: 10885.54 qps: 174185.60 (r/w/o: 152413.53/0.00/21772.08) lat (ms,95%): 1.61 err/s: 0.00 reconn/s: 0.00
[ 442s ] thds: 16 tps: 10914.12 qps: 174658.95 (r/w/o: 152830.71/0.00/21828.24) lat (ms,95%): 1.61 err/s: 0.00 reconn/s: 0.00
[ 443s ] thds: 16 tps: 10852.91 qps: 173643.61 (r/w/o: 151937.79/0.00/21705.83) lat (ms,95%): 1.67 err/s: 0.00 reconn/s: 0.00
[ 444s ] thds: 16 tps: 10919.04 qps: 174693.64 (r/w/o: 152855.56/0.00/21838.08) lat (ms,95%): 1.61 err/s: 0.00 reconn/s: 0.00
[ 445s ] thds: 16 tps: 10713.78 qps: 171415.50 (r/w/o: 149987.94/0.00/21427.56) lat (ms,95%): 1.79 err/s: 0.00 reconn/s: 0.00
[ 446s ] thds: 16 tps: 10704.25 qps: 171252.08 (r/w/o: 149844.57/0.00/21407.51) lat (ms,95%): 1.79 err/s: 0.00 reconn/s: 0.00
[ 447s ] thds: 16 tps: 10954.92 qps: 175311.76 (r/w/o: 153399.92/0.00/21911.85) lat (ms,95%): 1.58 err/s: 0.00 reconn/s: 0.00
[ 448s ] thds: 16 tps: 10807.26 qps: 172859.09 (r/w/o: 151247.58/0.00/21611.51) lat (ms,95%): 1.73 err/s: 0.00 reconn/s: 0.00
[ 449s ] thds: 16 tps: 10609.58 qps: 169821.27 (r/w/o: 148600.11/0.00/21221.16) lat (ms,95%): 1.79 err/s: 0.00 reconn/s: 0.00
[ 450s ] thds: 16 tps: 10943.15 qps: 175006.43 (r/w/o: 153120.13/0.00/21886.30) lat (ms,95%): 1.58 err/s: 0.00 reconn/s: 0.00
[ 451s ] thds: 16 tps: 10934.13 qps: 175012.00 (r/w/o: 153143.75/0.00/21868.25) lat (ms,95%): 1.58 err/s: 0.00 reconn/s: 0.00
[ 452s ] thds: 16 tps: 10695.85 qps: 171137.65 (r/w/o: 149745.94/0.00/21391.71) lat (ms,95%): 1.79 err/s: 0.00 reconn/s: 0.00
[ 453s ] thds: 16 tps: 10619.03 qps: 169878.46 (r/w/o: 148640.40/0.00/21238.06) lat (ms,95%): 1.79 err/s: 0.00 reconn/s: 0.00
[ 454s ] thds: 16 tps: 10823.05 qps: 173190.82 (r/w/o: 151544.72/0.00/21646.10) lat (ms,95%): 1.70 err/s: 0.00 reconn/s: 0.00
[ 455s ] thds: 16 tps: 10771.04 qps: 172284.64 (r/w/o: 150744.56/0.00/21540.08) lat (ms,95%): 1.76 err/s: 0.00 reconn/s: 0.00
[ 456s ] thds: 16 tps: 10836.15 qps: 173388.38 (r/w/o: 151714.08/0.00/21674.30) lat (ms,95%): 1.70 err/s: 0.00 reconn/s: 0.00
[ 457s ] thds: 16 tps: 10972.92 qps: 175578.80 (r/w/o: 153633.95/0.00/21944.85) lat (ms,95%): 1.55 err/s: 0.00 reconn/s: 0.00
[ 458s ] thds: 16 tps: 10840.01 qps: 173420.13 (r/w/o: 151739.11/0.00/21681.02) lat (ms,95%): 1.67 err/s: 0.00 reconn/s: 0.00
[ 459s ] thds: 16 tps: 10876.17 qps: 174059.75 (r/w/o: 152307.41/0.00/21752.34) lat (ms,95%): 1.67 err/s: 0.00 reconn/s: 0.00
[ 460s ] thds: 16 tps: 10842.26 qps: 173456.13 (r/w/o: 151771.61/0.00/21684.52) lat (ms,95%): 1.70 err/s: 0.00 reconn/s: 0.00
[ 461s ] thds: 16 tps: 10853.87 qps: 173664.89 (r/w/o: 151957.16/0.00/21707.74) lat (ms,95%): 1.67 err/s: 0.00 reconn/s: 0.00
[ 462s ] thds: 16 tps: 10813.02 qps: 172995.34 (r/w/o: 151369.30/0.00/21626.04) lat (ms,95%): 1.70 err/s: 0.00 reconn/s: 0.00
[ 463s ] thds: 16 tps: 10818.63 qps: 173103.04 (r/w/o: 151465.78/0.00/21637.25) lat (ms,95%): 1.73 err/s: 0.00 reconn/s: 0.00
[ 464s ] thds: 16 tps: 10500.88 qps: 168008.02 (r/w/o: 147007.27/0.00/21000.75) lat (ms,95%): 1.82 err/s: 0.00 reconn/s: 0.00
[ 465s ] thds: 16 tps: 10873.20 qps: 173975.27 (r/w/o: 152228.86/0.00/21746.41) lat (ms,95%): 1.67 err/s: 0.00 reconn/s: 0.00
[ 466s ] thds: 16 tps: 10890.48 qps: 174256.64 (r/w/o: 152475.69/0.00/21780.96) lat (ms,95%): 1.67 err/s: 0.00 reconn/s: 0.00
[ 467s ] thds: 16 tps: 10962.42 qps: 175376.73 (r/w/o: 153450.89/0.00/21925.84) lat (ms,95%): 1.58 err/s: 0.00 reconn/s: 0.00
[ 468s ] thds: 16 tps: 10869.90 qps: 173966.44 (r/w/o: 152225.64/0.00/21740.81) lat (ms,95%): 1.70 err/s: 0.00 reconn/s: 0.00
[ 469s ] thds: 16 tps: 10809.17 qps: 172916.75 (r/w/o: 151299.40/0.00/21617.34) lat (ms,95%): 1.70 err/s: 0.00 reconn/s: 0.00
[ 470s ] thds: 16 tps: 10884.05 qps: 174128.83 (r/w/o: 152360.73/0.00/21768.10) lat (ms,95%): 1.67 err/s: 0.00 reconn/s: 0.00
[ 471s ] thds: 16 tps: 10774.84 qps: 172411.40 (r/w/o: 150862.73/0.00/21548.68) lat (ms,95%): 1.73 err/s: 0.00 reconn/s: 0.00
[ 472s ] thds: 16 tps: 10867.19 qps: 173908.02 (r/w/o: 152172.65/0.00/21735.38) lat (ms,95%): 1.67 err/s: 0.00 reconn/s: 0.00
[ 473s ] thds: 16 tps: 10874.83 qps: 173941.30 (r/w/o: 152192.64/0.00/21748.66) lat (ms,95%): 1.67 err/s: 0.00 reconn/s: 0.00
[ 474s ] thds: 16 tps: 10805.03 qps: 172913.55 (r/w/o: 151302.48/0.00/21611.07) lat (ms,95%): 1.73 err/s: 0.00 reconn/s: 0.00
[ 475s ] thds: 16 tps: 10833.94 qps: 173362.01 (r/w/o: 151695.13/0.00/21666.88) lat (ms,95%): 1.73 err/s: 0.00 reconn/s: 0.00
[ 476s ] thds: 16 tps: 10927.07 qps: 174815.20 (r/w/o: 152960.05/0.00/21855.15) lat (ms,95%): 1.61 err/s: 0.00 reconn/s: 0.00
[ 477s ] thds: 16 tps: 10858.42 qps: 173712.75 (r/w/o: 151996.91/0.00/21715.84) lat (ms,95%): 1.67 err/s: 0.00 reconn/s: 0.00
[ 478s ] thds: 16 tps: 10902.40 qps: 174450.32 (r/w/o: 152646.53/0.00/21803.79) lat (ms,95%): 1.64 err/s: 0.00 reconn/s: 0.00
[ 479s ] thds: 16 tps: 10852.24 qps: 173648.79 (r/w/o: 151942.31/0.00/21706.47) lat (ms,95%): 1.70 err/s: 0.00 reconn/s: 0.00
[ 480s ] thds: 16 tps: 10808.78 qps: 172962.47 (r/w/o: 151344.91/0.00/21617.56) lat (ms,95%): 1.76 err/s: 0.00 reconn/s: 0.00
[ 481s ] thds: 16 tps: 10753.36 qps: 172048.70 (r/w/o: 150541.99/0.00/21506.71) lat (ms,95%): 1.73 err/s: 0.00 reconn/s: 0.00
[ 482s ] thds: 16 tps: 10882.84 qps: 174103.43 (r/w/o: 152338.75/0.00/21764.68) lat (ms,95%): 1.64 err/s: 0.00 reconn/s: 0.00
[ 483s ] thds: 16 tps: 10892.81 qps: 174304.90 (r/w/o: 152518.28/0.00/21786.61) lat (ms,95%): 1.61 err/s: 0.00 reconn/s: 0.00
[ 484s ] thds: 16 tps: 10819.14 qps: 173067.31 (r/w/o: 151429.02/0.00/21638.29) lat (ms,95%): 1.73 err/s: 0.00 reconn/s: 0.00
[ 485s ] thds: 16 tps: 10848.04 qps: 173615.71 (r/w/o: 151919.62/0.00/21696.09) lat (ms,95%): 1.67 err/s: 0.00 reconn/s: 0.00
[ 486s ] thds: 16 tps: 10714.39 qps: 171408.26 (r/w/o: 149979.48/0.00/21428.78) lat (ms,95%): 1.79 err/s: 0.00 reconn/s: 0.00
[ 487s ] thds: 16 tps: 10764.52 qps: 172236.35 (r/w/o: 150707.31/0.00/21529.04) lat (ms,95%): 1.76 err/s: 0.00 reconn/s: 0.00
[ 488s ] thds: 16 tps: 10865.91 qps: 173884.50 (r/w/o: 152152.69/0.00/21731.81) lat (ms,95%): 1.67 err/s: 0.00 reconn/s: 0.00
[ 489s ] thds: 16 tps: 10730.14 qps: 171629.23 (r/w/o: 150169.95/0.00/21459.28) lat (ms,95%): 1.76 err/s: 0.00 reconn/s: 0.00
[ 490s ] thds: 16 tps: 10790.44 qps: 172651.07 (r/w/o: 151070.18/0.00/21580.88) lat (ms,95%): 1.73 err/s: 0.00 reconn/s: 0.00
[ 491s ] thds: 16 tps: 10738.69 qps: 171833.99 (r/w/o: 150355.62/0.00/21478.37) lat (ms,95%): 1.76 err/s: 0.00 reconn/s: 0.00
[ 492s ] thds: 16 tps: 10779.46 qps: 172480.42 (r/w/o: 150922.49/0.00/21557.93) lat (ms,95%): 1.76 err/s: 0.00 reconn/s: 0.00
[ 493s ] thds: 16 tps: 10497.28 qps: 167936.55 (r/w/o: 146940.98/0.00/20995.57) lat (ms,95%): 1.82 err/s: 0.00 reconn/s: 0.00
[ 494s ] thds: 16 tps: 10940.12 qps: 175058.96 (r/w/o: 153178.72/0.00/21880.24) lat (ms,95%): 1.58 err/s: 0.00 reconn/s: 0.00
[ 495s ] thds: 16 tps: 10723.43 qps: 171584.96 (r/w/o: 150138.09/0.00/21446.87) lat (ms,95%): 1.79 err/s: 0.00 reconn/s: 0.00
[ 496s ] thds: 16 tps: 10910.63 qps: 174535.01 (r/w/o: 152713.76/0.00/21821.25) lat (ms,95%): 1.67 err/s: 0.00 reconn/s: 0.00
[ 497s ] thds: 16 tps: 10851.73 qps: 173674.70 (r/w/o: 151971.24/0.00/21703.46) lat (ms,95%): 1.64 err/s: 0.00 reconn/s: 0.00
[ 498s ] thds: 16 tps: 10883.73 qps: 174093.73 (r/w/o: 152326.27/0.00/21767.47) lat (ms,95%): 1.64 err/s: 0.00 reconn/s: 0.00
[ 499s ] thds: 16 tps: 10809.72 qps: 172984.56 (r/w/o: 151365.12/0.00/21619.44) lat (ms,95%): 1.73 err/s: 0.00 reconn/s: 0.00
[ 500s ] thds: 16 tps: 10560.66 qps: 168966.59 (r/w/o: 147845.26/0.00/21121.32) lat (ms,95%): 1.82 err/s: 0.00 reconn/s: 0.00
[ 501s ] thds: 16 tps: 10757.44 qps: 172122.08 (r/w/o: 150607.20/0.00/21514.89) lat (ms,95%): 1.76 err/s: 0.00 reconn/s: 0.00
[ 502s ] thds: 16 tps: 10897.88 qps: 174363.08 (r/w/o: 152567.32/0.00/21795.76) lat (ms,95%): 1.67 err/s: 0.00 reconn/s: 0.00
[ 503s ] thds: 16 tps: 10982.89 qps: 175694.29 (r/w/o: 153729.50/0.00/21964.79) lat (ms,95%): 1.55 err/s: 0.00 reconn/s: 0.00
[ 504s ] thds: 16 tps: 10698.26 qps: 171174.11 (r/w/o: 149777.60/0.00/21396.51) lat (ms,95%): 1.79 err/s: 0.00 reconn/s: 0.00
[ 505s ] thds: 16 tps: 10685.80 qps: 170961.80 (r/w/o: 149589.20/0.00/21372.60) lat (ms,95%): 1.79 err/s: 0.00 reconn/s: 0.00
[ 506s ] thds: 16 tps: 10813.96 qps: 173064.38 (r/w/o: 151436.46/0.00/21627.92) lat (ms,95%): 1.70 err/s: 0.00 reconn/s: 0.00
[ 507s ] thds: 16 tps: 10888.90 qps: 174201.34 (r/w/o: 152424.55/0.00/21776.79) lat (ms,95%): 1.64 err/s: 0.00 reconn/s: 0.00
[ 508s ] thds: 16 tps: 10831.70 qps: 173305.28 (r/w/o: 151640.87/0.00/21664.41) lat (ms,95%): 1.70 err/s: 0.00 reconn/s: 0.00
[ 509s ] thds: 16 tps: 10857.21 qps: 173742.41 (r/w/o: 152027.99/0.00/21714.43) lat (ms,95%): 1.67 err/s: 0.00 reconn/s: 0.00
[ 510s ] thds: 16 tps: 10961.36 qps: 175308.82 (r/w/o: 153388.09/0.00/21920.73) lat (ms,95%): 1.55 err/s: 0.00 reconn/s: 0.00
[ 511s ] thds: 16 tps: 10839.85 qps: 173485.62 (r/w/o: 151803.92/0.00/21681.70) lat (ms,95%): 1.70 err/s: 0.00 reconn/s: 0.00
[ 512s ] thds: 16 tps: 10852.95 qps: 173636.20 (r/w/o: 151931.30/0.00/21704.90) lat (ms,95%): 1.70 err/s: 0.00 reconn/s: 0.00
[ 513s ] thds: 16 tps: 10921.14 qps: 174770.19 (r/w/o: 152926.91/0.00/21843.27) lat (ms,95%): 1.61 err/s: 0.00 reconn/s: 0.00
[ 514s ] thds: 16 tps: 10802.69 qps: 172795.98 (r/w/o: 151190.61/0.00/21605.37) lat (ms,95%): 1.73 err/s: 0.00 reconn/s: 0.00
[ 515s ] thds: 16 tps: 10905.93 qps: 174526.91 (r/w/o: 152715.05/0.00/21811.86) lat (ms,95%): 1.64 err/s: 0.00 reconn/s: 0.00
[ 516s ] thds: 16 tps: 10824.09 qps: 173182.44 (r/w/o: 151533.26/0.00/21649.18) lat (ms,95%): 1.76 err/s: 0.00 reconn/s: 0.00
[ 517s ] thds: 16 tps: 10689.95 qps: 171041.17 (r/w/o: 149663.27/0.00/21377.90) lat (ms,95%): 1.79 err/s: 0.00 reconn/s: 0.00
[ 518s ] thds: 16 tps: 10955.87 qps: 175298.90 (r/w/o: 153386.16/0.00/21912.74) lat (ms,95%): 1.58 err/s: 0.00 reconn/s: 0.00
[ 519s ] thds: 16 tps: 10780.40 qps: 172509.47 (r/w/o: 150948.67/0.00/21560.81) lat (ms,95%): 1.73 err/s: 0.00 reconn/s: 0.00
[ 520s ] thds: 16 tps: 10941.65 qps: 175036.41 (r/w/o: 153154.10/0.00/21882.30) lat (ms,95%): 1.61 err/s: 0.00 reconn/s: 0.00
[ 521s ] thds: 16 tps: 10814.91 qps: 173028.50 (r/w/o: 151397.69/0.00/21630.81) lat (ms,95%): 1.70 err/s: 0.00 reconn/s: 0.00
[ 522s ] thds: 16 tps: 10923.43 qps: 174744.89 (r/w/o: 152899.03/0.00/21845.86) lat (ms,95%): 1.64 err/s: 0.00 reconn/s: 0.00
[ 523s ] thds: 16 tps: 10894.49 qps: 174319.86 (r/w/o: 152529.88/0.00/21789.98) lat (ms,95%): 1.64 err/s: 0.00 reconn/s: 0.00
[ 524s ] thds: 16 tps: 10758.99 qps: 172174.85 (r/w/o: 150658.87/0.00/21515.98) lat (ms,95%): 1.76 err/s: 0.00 reconn/s: 0.00
[ 525s ] thds: 16 tps: 10774.63 qps: 172401.16 (r/w/o: 150849.89/0.00/21551.27) lat (ms,95%): 1.70 err/s: 0.00 reconn/s: 0.00
[ 526s ] thds: 16 tps: 10875.70 qps: 173995.14 (r/w/o: 152244.75/0.00/21750.39) lat (ms,95%): 1.67 err/s: 0.00 reconn/s: 0.00
[ 527s ] thds: 16 tps: 10884.08 qps: 174144.35 (r/w/o: 152375.18/0.00/21769.17) lat (ms,95%): 1.67 err/s: 0.00 reconn/s: 0.00
[ 528s ] thds: 16 tps: 10897.24 qps: 174334.92 (r/w/o: 152540.43/0.00/21794.49) lat (ms,95%): 1.67 err/s: 0.00 reconn/s: 0.00
[ 529s ] thds: 16 tps: 10818.57 qps: 173121.05 (r/w/o: 151484.92/0.00/21636.13) lat (ms,95%): 1.70 err/s: 0.00 reconn/s: 0.00
[ 530s ] thds: 16 tps: 10874.16 qps: 174000.52 (r/w/o: 152252.20/0.00/21748.31) lat (ms,95%): 1.67 err/s: 0.00 reconn/s: 0.00
[ 531s ] thds: 16 tps: 10984.89 qps: 175758.30 (r/w/o: 153789.52/0.00/21968.79) lat (ms,95%): 1.55 err/s: 0.00 reconn/s: 0.00
[ 532s ] thds: 16 tps: 10908.11 qps: 174546.71 (r/w/o: 152729.50/0.00/21817.21) lat (ms,95%): 1.67 err/s: 0.00 reconn/s: 0.00
[ 533s ] thds: 16 tps: 10763.09 qps: 172164.42 (r/w/o: 150637.24/0.00/21527.18) lat (ms,95%): 1.79 err/s: 0.00 reconn/s: 0.00
[ 534s ] thds: 16 tps: 10826.93 qps: 173271.88 (r/w/o: 151618.02/0.00/21653.86) lat (ms,95%): 1.70 err/s: 0.00 reconn/s: 0.00
[ 535s ] thds: 16 tps: 10899.80 qps: 174378.84 (r/w/o: 152580.23/0.00/21798.60) lat (ms,95%): 1.64 err/s: 0.00 reconn/s: 0.00
[ 536s ] thds: 16 tps: 10854.02 qps: 173671.25 (r/w/o: 151963.22/0.00/21708.03) lat (ms,95%): 1.67 err/s: 0.00 reconn/s: 0.00
[ 537s ] thds: 16 tps: 10487.12 qps: 167788.98 (r/w/o: 146813.73/0.00/20975.25) lat (ms,95%): 1.82 err/s: 0.00 reconn/s: 0.00
[ 538s ] thds: 16 tps: 10902.17 qps: 174400.78 (r/w/o: 152597.43/0.00/21803.35) lat (ms,95%): 1.67 err/s: 0.00 reconn/s: 0.00
[ 539s ] thds: 16 tps: 10902.53 qps: 174503.49 (r/w/o: 152697.42/0.00/21806.06) lat (ms,95%): 1.67 err/s: 0.00 reconn/s: 0.00
[ 540s ] thds: 16 tps: 10868.16 qps: 173819.60 (r/w/o: 152083.28/0.00/21736.33) lat (ms,95%): 1.67 err/s: 0.00 reconn/s: 0.00
[ 541s ] thds: 16 tps: 10761.30 qps: 172245.73 (r/w/o: 150723.14/0.00/21522.59) lat (ms,95%): 1.76 err/s: 0.00 reconn/s: 0.00
[ 542s ] thds: 16 tps: 10927.30 qps: 174811.78 (r/w/o: 152957.18/0.00/21854.60) lat (ms,95%): 1.64 err/s: 0.00 reconn/s: 0.00
[ 543s ] thds: 16 tps: 10802.25 qps: 172868.03 (r/w/o: 151263.53/0.00/21604.50) lat (ms,95%): 1.73 err/s: 0.00 reconn/s: 0.00
[ 544s ] thds: 16 tps: 10819.28 qps: 173096.43 (r/w/o: 151457.88/0.00/21638.55) lat (ms,95%): 1.73 err/s: 0.00 reconn/s: 0.00
[ 545s ] thds: 16 tps: 10826.93 qps: 173203.85 (r/w/o: 151550.99/0.00/21652.86) lat (ms,95%): 1.70 err/s: 0.00 reconn/s: 0.00
[ 546s ] thds: 16 tps: 10929.15 qps: 174913.34 (r/w/o: 153054.05/0.00/21859.29) lat (ms,95%): 1.58 err/s: 0.00 reconn/s: 0.00
[ 547s ] thds: 16 tps: 10836.66 qps: 173343.62 (r/w/o: 151670.29/0.00/21673.33) lat (ms,95%): 1.70 err/s: 0.00 reconn/s: 0.00
[ 548s ] thds: 16 tps: 10898.19 qps: 174368.04 (r/w/o: 152571.66/0.00/21796.38) lat (ms,95%): 1.64 err/s: 0.00 reconn/s: 0.00
[ 549s ] thds: 16 tps: 10784.83 qps: 172557.22 (r/w/o: 150988.57/0.00/21568.65) lat (ms,95%): 1.76 err/s: 0.00 reconn/s: 0.00
[ 550s ] thds: 16 tps: 10894.05 qps: 174341.79 (r/w/o: 152552.69/0.00/21789.10) lat (ms,95%): 1.64 err/s: 0.00 reconn/s: 0.00
[ 551s ] thds: 16 tps: 10858.06 qps: 173715.97 (r/w/o: 152000.85/0.00/21715.12) lat (ms,95%): 1.70 err/s: 0.00 reconn/s: 0.00
[ 552s ] thds: 16 tps: 10720.91 qps: 171532.59 (r/w/o: 150089.77/0.00/21442.82) lat (ms,95%): 1.79 err/s: 0.00 reconn/s: 0.00
[ 553s ] thds: 16 tps: 10545.21 qps: 168717.33 (r/w/o: 147628.91/0.00/21088.42) lat (ms,95%): 1.82 err/s: 0.00 reconn/s: 0.00
[ 554s ] thds: 16 tps: 10906.12 qps: 174486.99 (r/w/o: 152671.74/0.00/21815.25) lat (ms,95%): 1.58 err/s: 0.00 reconn/s: 0.00
[ 555s ] thds: 16 tps: 10907.22 qps: 174536.56 (r/w/o: 152723.12/0.00/21813.44) lat (ms,95%): 1.61 err/s: 0.00 reconn/s: 0.00
[ 556s ] thds: 16 tps: 10719.00 qps: 171484.07 (r/w/o: 150047.06/0.00/21437.01) lat (ms,95%): 1.76 err/s: 0.00 reconn/s: 0.00
[ 557s ] thds: 16 tps: 10843.65 qps: 173506.45 (r/w/o: 151818.15/0.00/21688.31) lat (ms,95%): 1.67 err/s: 0.00 reconn/s: 0.00
[ 558s ] thds: 16 tps: 10843.10 qps: 173494.67 (r/w/o: 151809.46/0.00/21685.21) lat (ms,95%): 1.70 err/s: 0.00 reconn/s: 0.00
[ 559s ] thds: 16 tps: 10933.94 qps: 174960.02 (r/w/o: 153091.15/0.00/21868.88) lat (ms,95%): 1.58 err/s: 0.00 reconn/s: 0.00
[ 560s ] thds: 16 tps: 10878.16 qps: 174013.62 (r/w/o: 152257.29/0.00/21756.33) lat (ms,95%): 1.70 err/s: 0.00 reconn/s: 0.00
[ 561s ] thds: 16 tps: 10886.92 qps: 174188.64 (r/w/o: 152414.81/0.00/21773.83) lat (ms,95%): 1.64 err/s: 0.00 reconn/s: 0.00
[ 562s ] thds: 16 tps: 10819.01 qps: 173118.22 (r/w/o: 151481.19/0.00/21637.03) lat (ms,95%): 1.73 err/s: 0.00 reconn/s: 0.00
[ 563s ] thds: 16 tps: 10893.12 qps: 174322.98 (r/w/o: 152535.73/0.00/21787.25) lat (ms,95%): 1.61 err/s: 0.00 reconn/s: 0.00
[ 564s ] thds: 16 tps: 10762.72 qps: 172196.48 (r/w/o: 150671.04/0.00/21525.43) lat (ms,95%): 1.76 err/s: 0.00 reconn/s: 0.00
[ 565s ] thds: 16 tps: 10733.96 qps: 171752.40 (r/w/o: 150284.48/0.00/21467.93) lat (ms,95%): 1.76 err/s: 0.00 reconn/s: 0.00
[ 566s ] thds: 16 tps: 10842.21 qps: 173462.30 (r/w/o: 151778.89/0.00/21683.41) lat (ms,95%): 1.70 err/s: 0.00 reconn/s: 0.00
[ 567s ] thds: 16 tps: 10857.59 qps: 173732.42 (r/w/o: 152016.25/0.00/21716.18) lat (ms,95%): 1.67 err/s: 0.00 reconn/s: 0.00
[ 568s ] thds: 16 tps: 10784.15 qps: 172507.43 (r/w/o: 150939.13/0.00/21568.30) lat (ms,95%): 1.76 err/s: 0.00 reconn/s: 0.00
[ 569s ] thds: 16 tps: 10793.98 qps: 172682.74 (r/w/o: 151096.78/0.00/21585.97) lat (ms,95%): 1.73 err/s: 0.00 reconn/s: 0.00
[ 570s ] thds: 16 tps: 10836.38 qps: 173420.07 (r/w/o: 151744.31/0.00/21675.76) lat (ms,95%): 1.70 err/s: 0.00 reconn/s: 0.00
[ 571s ] thds: 16 tps: 10952.97 qps: 175220.59 (r/w/o: 153316.64/0.00/21903.95) lat (ms,95%): 1.58 err/s: 0.00 reconn/s: 0.00
[ 572s ] thds: 16 tps: 10667.53 qps: 170666.44 (r/w/o: 149331.39/0.00/21335.06) lat (ms,95%): 1.79 err/s: 0.00 reconn/s: 0.00
[ 573s ] thds: 16 tps: 10652.37 qps: 170431.92 (r/w/o: 149126.18/0.00/21305.74) lat (ms,95%): 1.79 err/s: 0.00 reconn/s: 0.00
[ 574s ] thds: 16 tps: 10897.36 qps: 174379.82 (r/w/o: 152587.09/0.00/21792.73) lat (ms,95%): 1.64 err/s: 0.00 reconn/s: 0.00
[ 575s ] thds: 16 tps: 10835.54 qps: 173402.57 (r/w/o: 151729.50/0.00/21673.07) lat (ms,95%): 1.70 err/s: 0.00 reconn/s: 0.00
[ 576s ] thds: 16 tps: 10836.94 qps: 173365.10 (r/w/o: 151692.21/0.00/21672.89) lat (ms,95%): 1.70 err/s: 0.00 reconn/s: 0.00
[ 577s ] thds: 16 tps: 10828.53 qps: 173257.52 (r/w/o: 151600.45/0.00/21657.06) lat (ms,95%): 1.70 err/s: 0.00 reconn/s: 0.00
[ 578s ] thds: 16 tps: 10862.89 qps: 173820.16 (r/w/o: 152093.39/0.00/21726.77) lat (ms,95%): 1.67 err/s: 0.00 reconn/s: 0.00
[ 579s ] thds: 16 tps: 10967.75 qps: 175452.94 (r/w/o: 153517.45/0.00/21935.49) lat (ms,95%): 1.58 err/s: 0.00 reconn/s: 0.00
[ 580s ] thds: 16 tps: 10870.13 qps: 173934.05 (r/w/o: 152193.79/0.00/21740.26) lat (ms,95%): 1.67 err/s: 0.00 reconn/s: 0.00
[ 581s ] thds: 16 tps: 10818.80 qps: 173128.84 (r/w/o: 151491.23/0.00/21637.60) lat (ms,95%): 1.70 err/s: 0.00 reconn/s: 0.00
[ 582s ] thds: 16 tps: 10941.96 qps: 175072.33 (r/w/o: 153188.42/0.00/21883.92) lat (ms,95%): 1.61 err/s: 0.00 reconn/s: 0.00
[ 583s ] thds: 16 tps: 10899.13 qps: 174409.05 (r/w/o: 152610.80/0.00/21798.26) lat (ms,95%): 1.64 err/s: 0.00 reconn/s: 0.00
[ 584s ] thds: 16 tps: 10901.82 qps: 174409.19 (r/w/o: 152605.54/0.00/21803.65) lat (ms,95%): 1.67 err/s: 0.00 reconn/s: 0.00
[ 585s ] thds: 16 tps: 10750.81 qps: 171991.04 (r/w/o: 150489.41/0.00/21501.63) lat (ms,95%): 1.76 err/s: 0.00 reconn/s: 0.00
[ 586s ] thds: 16 tps: 10836.45 qps: 173369.20 (r/w/o: 151698.30/0.00/21670.90) lat (ms,95%): 1.70 err/s: 0.00 reconn/s: 0.00
[ 587s ] thds: 16 tps: 10953.88 qps: 175265.05 (r/w/o: 153355.29/0.00/21909.76) lat (ms,95%): 1.61 err/s: 0.00 reconn/s: 0.00
[ 588s ] thds: 16 tps: 10722.36 qps: 171577.69 (r/w/o: 150132.98/0.00/21444.71) lat (ms,95%): 1.79 err/s: 0.00 reconn/s: 0.00
[ 589s ] thds: 16 tps: 10941.00 qps: 175046.98 (r/w/o: 153166.98/0.00/21880.00) lat (ms,95%): 1.58 err/s: 0.00 reconn/s: 0.00
[ 590s ] thds: 16 tps: 10930.45 qps: 174882.15 (r/w/o: 153020.26/0.00/21861.89) lat (ms,95%): 1.61 err/s: 0.00 reconn/s: 0.00
[ 591s ] thds: 16 tps: 10867.93 qps: 173900.88 (r/w/o: 152164.02/0.00/21736.86) lat (ms,95%): 1.70 err/s: 0.00 reconn/s: 0.00
[ 592s ] thds: 16 tps: 10764.00 qps: 172224.07 (r/w/o: 150696.06/0.00/21528.01) lat (ms,95%): 1.76 err/s: 0.00 reconn/s: 0.00
[ 593s ] thds: 16 tps: 10709.16 qps: 171362.56 (r/w/o: 149944.24/0.00/21418.32) lat (ms,95%): 1.79 err/s: 0.00 reconn/s: 0.00
[ 594s ] thds: 16 tps: 10907.97 qps: 174510.50 (r/w/o: 152694.56/0.00/21815.94) lat (ms,95%): 1.61 err/s: 0.00 reconn/s: 0.00
[ 595s ] thds: 16 tps: 10944.52 qps: 175117.36 (r/w/o: 153228.31/0.00/21889.04) lat (ms,95%): 1.61 err/s: 0.00 reconn/s: 0.00
[ 596s ] thds: 16 tps: 10886.29 qps: 174184.71 (r/w/o: 152412.12/0.00/21772.59) lat (ms,95%): 1.67 err/s: 0.00 reconn/s: 0.00
[ 597s ] thds: 16 tps: 10798.24 qps: 172742.79 (r/w/o: 151147.32/0.00/21595.47) lat (ms,95%): 1.73 err/s: 0.00 reconn/s: 0.00
[ 598s ] thds: 16 tps: 10967.94 qps: 175480.98 (r/w/o: 153545.11/0.00/21935.87) lat (ms,95%): 1.55 err/s: 0.00 reconn/s: 0.00
[ 599s ] thds: 16 tps: 10843.86 qps: 173517.80 (r/w/o: 151829.08/0.00/21688.73) lat (ms,95%): 1.73 err/s: 0.00 reconn/s: 0.00
[ 600s ] thds: 16 tps: 10665.77 qps: 170644.32 (r/w/o: 149314.78/0.00/21329.54) lat (ms,95%): 1.79 err/s: 0.00 reconn/s: 0.00
SQL statistics:
    queries performed:
        read:                            90490456
        write:                           0
        other:                           12927208
        total:                           103417664
    transactions:                        6463604 (10772.61 per sec.)
    queries:                             103417664 (172361.77 per sec.)
    ignored errors:                      0      (0.00 per sec.)
    reconnects:                          0      (0.00 per sec.)

General statistics:
    total time:                          600.0021s
    total number of events:              6463604

Latency (ms):
         min:                                    1.15
         avg:                                    1.48
         max:                                    4.92
         95th percentile:                        1.70
         sum:                              9589585.11

Threads fairness:
    events (avg/stddev):           403975.2500/644.58
    execution time (avg/stddev):   599.3491/0.01

