sysbench 1.0.20 (using bundled LuaJIT 2.1.0-beta2)

Running the test with following options:
Number of threads: 1536
Report intermediate results every 1 second(s)
Initializing random number generator from current time


Initializing worker threads...

Threads started!

[ 1s ] thds: 1536 tps: 6782.69 qps: 120132.91 (r/w/o: 105075.29/0.00/15057.62) lat (ms,95%): 759.88 err/s: 0.00 reconn/s: 0.00
[ 2s ] thds: 1536 tps: 12185.48 qps: 200120.83 (r/w/o: 175445.87/0.00/24674.97) lat (ms,95%): 458.96 err/s: 0.00 reconn/s: 0.00
[ 3s ] thds: 1536 tps: 13038.07 qps: 208282.96 (r/w/o: 182409.01/0.00/25873.96) lat (ms,95%): 530.08 err/s: 0.00 reconn/s: 0.00
[ 4s ] thds: 1536 tps: 15122.95 qps: 239014.15 (r/w/o: 208855.03/0.00/30159.12) lat (ms,95%): 520.62 err/s: 0.00 reconn/s: 0.00
[ 5s ] thds: 1536 tps: 14022.45 qps: 224128.18 (r/w/o: 196083.29/0.00/28044.89) lat (ms,95%): 467.30 err/s: 0.00 reconn/s: 0.00
[ 6s ] thds: 1536 tps: 13375.44 qps: 214759.24 (r/w/o: 188016.37/0.00/26742.87) lat (ms,95%): 909.80 err/s: 0.00 reconn/s: 0.00
[ 7s ] thds: 1536 tps: 14678.00 qps: 234879.94 (r/w/o: 205522.95/0.00/29356.99) lat (ms,95%): 520.62 err/s: 0.00 reconn/s: 0.00
[ 8s ] thds: 1536 tps: 14138.45 qps: 226413.22 (r/w/o: 198133.31/0.00/28279.90) lat (ms,95%): 623.33 err/s: 0.00 reconn/s: 0.00
[ 9s ] thds: 1536 tps: 14330.99 qps: 228912.82 (r/w/o: 200248.84/0.00/28663.98) lat (ms,95%): 746.32 err/s: 0.00 reconn/s: 0.00
[ 10s ] thds: 1536 tps: 13609.77 qps: 217270.21 (r/w/o: 190047.67/0.00/27222.54) lat (ms,95%): 719.92 err/s: 0.00 reconn/s: 0.00
[ 11s ] thds: 1536 tps: 10683.04 qps: 171236.49 (r/w/o: 149876.42/0.00/21360.07) lat (ms,95%): 580.02 err/s: 0.00 reconn/s: 0.00
[ 12s ] thds: 1536 tps: 13372.25 qps: 213695.95 (r/w/o: 186945.46/0.00/26750.50) lat (ms,95%): 646.19 err/s: 0.00 reconn/s: 0.00
[ 13s ] thds: 1536 tps: 12367.48 qps: 197671.66 (r/w/o: 172937.70/0.00/24733.96) lat (ms,95%): 511.33 err/s: 0.00 reconn/s: 0.00
[ 14s ] thds: 1536 tps: 13846.29 qps: 221541.64 (r/w/o: 193854.06/0.00/27687.58) lat (ms,95%): 569.67 err/s: 0.00 reconn/s: 0.00
[ 15s ] thds: 1536 tps: 12163.87 qps: 194250.92 (r/w/o: 169921.18/0.00/24329.74) lat (ms,95%): 580.02 err/s: 0.00 reconn/s: 0.00
[ 16s ] thds: 1536 tps: 14084.07 qps: 225393.15 (r/w/o: 197223.01/0.00/28170.14) lat (ms,95%): 612.21 err/s: 0.00 reconn/s: 0.00
[ 17s ] thds: 1536 tps: 13735.12 qps: 221229.94 (r/w/o: 193768.70/0.00/27461.24) lat (ms,95%): 669.89 err/s: 0.00 reconn/s: 0.00
[ 18s ] thds: 1536 tps: 14580.66 qps: 233015.69 (r/w/o: 203845.36/0.00/29170.33) lat (ms,95%): 746.32 err/s: 0.00 reconn/s: 0.00
[ 19s ] thds: 1536 tps: 11864.22 qps: 187896.23 (r/w/o: 164169.78/0.00/23726.45) lat (ms,95%): 846.57 err/s: 0.00 reconn/s: 0.00
[ 20s ] thds: 1536 tps: 11206.62 qps: 180121.14 (r/w/o: 157703.90/0.00/22417.24) lat (ms,95%): 502.20 err/s: 0.00 reconn/s: 0.00
[ 21s ] thds: 1536 tps: 14037.04 qps: 225304.51 (r/w/o: 197235.43/0.00/28069.08) lat (ms,95%): 484.44 err/s: 0.00 reconn/s: 0.00
[ 22s ] thds: 1536 tps: 14559.06 qps: 232102.93 (r/w/o: 202980.81/0.00/29122.12) lat (ms,95%): 569.67 err/s: 0.00 reconn/s: 0.00
[ 23s ] thds: 1536 tps: 14643.16 qps: 235251.56 (r/w/o: 205970.24/0.00/29281.32) lat (ms,95%): 877.61 err/s: 0.00 reconn/s: 0.00
[ 24s ] thds: 1536 tps: 13984.60 qps: 221178.70 (r/w/o: 193206.49/0.00/27972.20) lat (ms,95%): 831.46 err/s: 0.00 reconn/s: 0.00
[ 25s ] thds: 1536 tps: 14251.30 qps: 230522.90 (r/w/o: 202023.29/0.00/28499.61) lat (ms,95%): 707.07 err/s: 0.00 reconn/s: 0.00
[ 26s ] thds: 1536 tps: 14289.82 qps: 231410.15 (r/w/o: 202849.50/0.00/28560.65) lat (ms,95%): 669.89 err/s: 0.00 reconn/s: 0.00
[ 27s ] thds: 1536 tps: 13749.14 qps: 217609.58 (r/w/o: 190091.30/0.00/27518.28) lat (ms,95%): 331.91 err/s: 0.00 reconn/s: 0.00
[ 28s ] thds: 1536 tps: 13310.57 qps: 212795.11 (r/w/o: 186171.97/0.00/26623.14) lat (ms,95%): 520.62 err/s: 0.00 reconn/s: 0.00
[ 29s ] thds: 1536 tps: 14640.08 qps: 233305.22 (r/w/o: 204022.06/0.00/29283.16) lat (ms,95%): 179.94 err/s: 0.00 reconn/s: 0.00
[ 30s ] thds: 1536 tps: 12910.59 qps: 206293.44 (r/w/o: 180474.26/0.00/25819.18) lat (ms,95%): 1352.03 err/s: 0.00 reconn/s: 0.00
[ 31s ] thds: 1536 tps: 14829.46 qps: 237568.34 (r/w/o: 207907.42/0.00/29660.92) lat (ms,95%): 787.74 err/s: 0.00 reconn/s: 0.00
[ 32s ] thds: 1536 tps: 15454.65 qps: 247154.47 (r/w/o: 216254.16/0.00/30900.31) lat (ms,95%): 155.80 err/s: 0.00 reconn/s: 0.00
[ 33s ] thds: 1536 tps: 13757.63 qps: 220113.07 (r/w/o: 192589.81/0.00/27523.26) lat (ms,95%): 1427.08 err/s: 0.00 reconn/s: 0.00
[ 34s ] thds: 1536 tps: 12853.10 qps: 204897.69 (r/w/o: 179190.48/0.00/25707.20) lat (ms,95%): 1050.76 err/s: 0.00 reconn/s: 0.00
[ 35s ] thds: 1536 tps: 14910.22 qps: 239355.58 (r/w/o: 209536.13/0.00/29819.45) lat (ms,95%): 802.05 err/s: 0.00 reconn/s: 0.00
[ 36s ] thds: 1536 tps: 14433.77 qps: 231708.43 (r/w/o: 202842.88/0.00/28865.55) lat (ms,95%): 831.46 err/s: 0.00 reconn/s: 0.00
[ 37s ] thds: 1536 tps: 9395.09 qps: 150347.45 (r/w/o: 131558.27/0.00/18789.18) lat (ms,95%): 773.68 err/s: 0.00 reconn/s: 0.00
[ 38s ] thds: 1536 tps: 12665.93 qps: 200357.85 (r/w/o: 175024.00/0.00/25333.86) lat (ms,95%): 601.29 err/s: 0.00 reconn/s: 0.00
[ 39s ] thds: 1536 tps: 11252.14 qps: 182220.19 (r/w/o: 159714.92/0.00/22505.27) lat (ms,95%): 467.30 err/s: 0.00 reconn/s: 0.00
[ 40s ] thds: 1536 tps: 12943.61 qps: 207305.73 (r/w/o: 181424.51/0.00/25881.22) lat (ms,95%): 646.19 err/s: 0.00 reconn/s: 0.00
[ 41s ] thds: 1536 tps: 12765.56 qps: 204268.04 (r/w/o: 178738.91/0.00/25529.13) lat (ms,95%): 612.21 err/s: 0.00 reconn/s: 0.00
[ 42s ] thds: 1536 tps: 14158.00 qps: 226619.06 (r/w/o: 198299.05/0.00/28320.01) lat (ms,95%): 484.44 err/s: 0.00 reconn/s: 0.00
[ 43s ] thds: 1536 tps: 14241.85 qps: 227254.59 (r/w/o: 198769.89/0.00/28484.70) lat (ms,95%): 682.06 err/s: 0.00 reconn/s: 0.00
[ 44s ] thds: 1536 tps: 11255.88 qps: 179991.13 (r/w/o: 157487.36/0.00/22503.76) lat (ms,95%): 773.68 err/s: 0.00 reconn/s: 0.00
[ 45s ] thds: 1536 tps: 15015.33 qps: 239159.11 (r/w/o: 209117.45/0.00/30041.66) lat (ms,95%): 484.44 err/s: 0.00 reconn/s: 0.00
[ 46s ] thds: 1536 tps: 15267.19 qps: 244881.39 (r/w/o: 214349.01/0.00/30532.38) lat (ms,95%): 601.29 err/s: 0.00 reconn/s: 0.00
[ 47s ] thds: 1536 tps: 13064.58 qps: 209016.34 (r/w/o: 182891.18/0.00/26125.17) lat (ms,95%): 1938.16 err/s: 0.00 reconn/s: 0.00
[ 48s ] thds: 1536 tps: 14423.02 qps: 231171.22 (r/w/o: 202324.18/0.00/28847.04) lat (ms,95%): 511.33 err/s: 0.00 reconn/s: 0.00
[ 49s ] thds: 1536 tps: 13121.51 qps: 210715.32 (r/w/o: 184476.31/0.00/26239.01) lat (ms,95%): 419.45 err/s: 0.00 reconn/s: 0.00
[ 50s ] thds: 1536 tps: 13787.60 qps: 219599.54 (r/w/o: 192014.35/0.00/27585.20) lat (ms,95%): 502.20 err/s: 0.00 reconn/s: 0.00
[ 51s ] thds: 1536 tps: 7668.65 qps: 122624.42 (r/w/o: 107287.12/0.00/15337.30) lat (ms,95%): 9.73 err/s: 0.00 reconn/s: 0.00
[ 52s ] thds: 1536 tps: 10349.56 qps: 167422.39 (r/w/o: 146766.25/0.00/20656.14) lat (ms,95%): 2045.74 err/s: 0.00 reconn/s: 0.00
[ 53s ] thds: 1536 tps: 14660.90 qps: 232603.97 (r/w/o: 203242.17/0.00/29361.80) lat (ms,95%): 320.17 err/s: 0.00 reconn/s: 0.00
[ 54s ] thds: 1536 tps: 12713.84 qps: 202487.51 (r/w/o: 177056.82/0.00/25430.69) lat (ms,95%): 773.68 err/s: 0.00 reconn/s: 0.00
[ 55s ] thds: 1536 tps: 14143.97 qps: 228570.19 (r/w/o: 200285.25/0.00/28284.94) lat (ms,95%): 733.00 err/s: 0.00 reconn/s: 0.00
[ 56s ] thds: 1536 tps: 7304.53 qps: 117062.44 (r/w/o: 102476.39/0.00/14586.06) lat (ms,95%): 1280.93 err/s: 0.00 reconn/s: 0.00
[ 57s ] thds: 1536 tps: 14903.58 qps: 237211.93 (r/w/o: 207380.76/0.00/29831.17) lat (ms,95%): 207.82 err/s: 0.00 reconn/s: 0.00
[ 58s ] thds: 1536 tps: 14478.17 qps: 231754.71 (r/w/o: 202803.37/0.00/28951.34) lat (ms,95%): 861.95 err/s: 0.00 reconn/s: 0.00
[ 59s ] thds: 1536 tps: 14378.78 qps: 230106.47 (r/w/o: 201341.91/0.00/28764.56) lat (ms,95%): 759.88 err/s: 0.00 reconn/s: 0.00
[ 60s ] thds: 1536 tps: 12936.75 qps: 207887.98 (r/w/o: 182017.47/0.00/25870.51) lat (ms,95%): 669.89 err/s: 0.00 reconn/s: 0.00
[ 61s ] thds: 1536 tps: 14572.49 qps: 232621.71 (r/w/o: 203474.74/0.00/29146.97) lat (ms,95%): 893.56 err/s: 0.00 reconn/s: 0.00
[ 62s ] thds: 1536 tps: 12843.23 qps: 205127.65 (r/w/o: 179446.19/0.00/25681.46) lat (ms,95%): 669.89 err/s: 0.00 reconn/s: 0.00
[ 63s ] thds: 1536 tps: 15431.81 qps: 247055.93 (r/w/o: 216187.31/0.00/30868.62) lat (ms,95%): 153.02 err/s: 0.00 reconn/s: 0.00
[ 64s ] thds: 1536 tps: 13413.28 qps: 214199.43 (r/w/o: 187371.87/0.00/26827.55) lat (ms,95%): 1191.92 err/s: 0.00 reconn/s: 0.00
[ 65s ] thds: 1536 tps: 14165.79 qps: 227180.59 (r/w/o: 198861.00/0.00/28319.59) lat (ms,95%): 759.88 err/s: 0.00 reconn/s: 0.00
[ 66s ] thds: 1536 tps: 14128.49 qps: 226113.83 (r/w/o: 197844.85/0.00/28268.98) lat (ms,95%): 549.52 err/s: 0.00 reconn/s: 0.00
[ 67s ] thds: 1536 tps: 14504.65 qps: 231493.34 (r/w/o: 202484.05/0.00/29009.29) lat (ms,95%): 893.56 err/s: 0.00 reconn/s: 0.00
[ 68s ] thds: 1536 tps: 14403.22 qps: 229337.36 (r/w/o: 200531.93/0.00/28805.43) lat (ms,95%): 502.20 err/s: 0.00 reconn/s: 0.00
[ 69s ] thds: 1536 tps: 12948.34 qps: 208102.39 (r/w/o: 182205.70/0.00/25896.69) lat (ms,95%): 580.02 err/s: 0.00 reconn/s: 0.00
[ 70s ] thds: 1536 tps: 14918.37 qps: 240544.04 (r/w/o: 210721.31/0.00/29822.73) lat (ms,95%): 539.71 err/s: 0.00 reconn/s: 0.00
[ 71s ] thds: 1536 tps: 9140.02 qps: 144121.03 (r/w/o: 125826.00/0.00/18295.04) lat (ms,95%): 861.95 err/s: 0.00 reconn/s: 0.00
[ 72s ] thds: 1536 tps: 11343.92 qps: 183158.04 (r/w/o: 160475.18/0.00/22682.85) lat (ms,95%): 759.88 err/s: 0.00 reconn/s: 0.00
[ 73s ] thds: 1536 tps: 14230.86 qps: 228041.72 (r/w/o: 199592.02/0.00/28449.70) lat (ms,95%): 682.06 err/s: 0.00 reconn/s: 0.00
[ 74s ] thds: 1536 tps: 13874.81 qps: 221391.95 (r/w/o: 193628.32/0.00/27763.63) lat (ms,95%): 442.73 err/s: 0.00 reconn/s: 0.00
[ 75s ] thds: 1536 tps: 12751.68 qps: 205687.53 (r/w/o: 180206.17/0.00/25481.36) lat (ms,95%): 802.05 err/s: 0.00 reconn/s: 0.00
[ 76s ] thds: 1536 tps: 14588.23 qps: 231952.64 (r/w/o: 202757.18/0.00/29195.46) lat (ms,95%): 590.56 err/s: 0.00 reconn/s: 0.00
[ 77s ] thds: 1536 tps: 13437.87 qps: 213539.86 (r/w/o: 186661.13/0.00/26878.73) lat (ms,95%): 733.00 err/s: 0.00 reconn/s: 0.00
[ 78s ] thds: 1536 tps: 14542.29 qps: 234107.89 (r/w/o: 205027.30/0.00/29080.58) lat (ms,95%): 580.02 err/s: 0.00 reconn/s: 0.00
[ 79s ] thds: 1536 tps: 10465.39 qps: 167889.18 (r/w/o: 146958.41/0.00/20930.77) lat (ms,95%): 831.46 err/s: 0.00 reconn/s: 0.00
[ 80s ] thds: 1536 tps: 13281.69 qps: 211197.02 (r/w/o: 184628.65/0.00/26568.37) lat (ms,95%): 612.21 err/s: 0.00 reconn/s: 0.00
[ 81s ] thds: 1536 tps: 12454.45 qps: 197821.04 (r/w/o: 172911.14/0.00/24909.90) lat (ms,95%): 719.92 err/s: 0.00 reconn/s: 0.00
[ 82s ] thds: 1536 tps: 10237.88 qps: 165931.92 (r/w/o: 145469.15/0.00/20462.77) lat (ms,95%): 549.52 err/s: 0.00 reconn/s: 0.00
[ 83s ] thds: 1536 tps: 12685.25 qps: 202894.99 (r/w/o: 177514.49/0.00/25380.50) lat (ms,95%): 569.67 err/s: 0.00 reconn/s: 0.00
[ 84s ] thds: 1536 tps: 14448.20 qps: 230153.28 (r/w/o: 201254.89/0.00/28898.39) lat (ms,95%): 759.88 err/s: 0.00 reconn/s: 0.00
[ 85s ] thds: 1536 tps: 14341.74 qps: 229907.82 (r/w/o: 201225.34/0.00/28682.47) lat (ms,95%): 682.06 err/s: 0.00 reconn/s: 0.00
[ 86s ] thds: 1536 tps: 10303.56 qps: 165782.00 (r/w/o: 145180.88/0.00/20601.12) lat (ms,95%): 707.07 err/s: 0.00 reconn/s: 0.00
[ 87s ] thds: 1536 tps: 12079.13 qps: 193107.03 (r/w/o: 168948.78/0.00/24158.25) lat (ms,95%): 404.61 err/s: 0.00 reconn/s: 0.00
[ 88s ] thds: 1536 tps: 11169.67 qps: 177644.89 (r/w/o: 155298.54/0.00/22346.34) lat (ms,95%): 530.08 err/s: 0.00 reconn/s: 0.00
[ 89s ] thds: 1536 tps: 13852.18 qps: 222322.97 (r/w/o: 194621.61/0.00/27701.36) lat (ms,95%): 539.71 err/s: 0.00 reconn/s: 0.00
[ 90s ] thds: 1536 tps: 8573.66 qps: 136496.51 (r/w/o: 119348.20/0.00/17148.31) lat (ms,95%): 539.71 err/s: 0.00 reconn/s: 0.00
[ 91s ] thds: 1536 tps: 13484.20 qps: 215607.21 (r/w/o: 188636.81/0.00/26970.40) lat (ms,95%): 475.79 err/s: 0.00 reconn/s: 0.00
[ 92s ] thds: 1536 tps: 14066.23 qps: 226100.68 (r/w/o: 197971.21/0.00/28129.47) lat (ms,95%): 559.50 err/s: 0.00 reconn/s: 0.00
[ 93s ] thds: 1536 tps: 13581.96 qps: 217740.32 (r/w/o: 190579.39/0.00/27160.93) lat (ms,95%): 475.79 err/s: 0.00 reconn/s: 0.00
[ 94s ] thds: 1536 tps: 13689.52 qps: 217755.01 (r/w/o: 190368.97/0.00/27386.04) lat (ms,95%): 559.50 err/s: 0.00 reconn/s: 0.00
[ 95s ] thds: 1536 tps: 13747.12 qps: 220147.96 (r/w/o: 192658.71/0.00/27489.25) lat (ms,95%): 612.21 err/s: 0.00 reconn/s: 0.00
[ 96s ] thds: 1536 tps: 13948.56 qps: 223728.88 (r/w/o: 195827.76/0.00/27901.12) lat (ms,95%): 419.45 err/s: 0.00 reconn/s: 0.00
[ 97s ] thds: 1536 tps: 14376.27 qps: 230518.34 (r/w/o: 201765.81/0.00/28752.54) lat (ms,95%): 623.33 err/s: 0.00 reconn/s: 0.00
[ 98s ] thds: 1536 tps: 8788.39 qps: 138539.95 (r/w/o: 120961.17/0.00/17578.79) lat (ms,95%): 1327.91 err/s: 0.00 reconn/s: 0.00
[ 99s ] thds: 1536 tps: 13591.84 qps: 218565.39 (r/w/o: 191384.70/0.00/27180.69) lat (ms,95%): 450.77 err/s: 0.00 reconn/s: 0.00
[ 100s ] thds: 1536 tps: 14605.82 qps: 235053.04 (r/w/o: 205855.41/0.00/29197.63) lat (ms,95%): 601.29 err/s: 0.00 reconn/s: 0.00
[ 101s ] thds: 1536 tps: 14049.07 qps: 223962.14 (r/w/o: 195848.05/0.00/28114.09) lat (ms,95%): 511.33 err/s: 0.00 reconn/s: 0.00
[ 102s ] thds: 1536 tps: 13492.14 qps: 215520.88 (r/w/o: 188539.62/0.00/26981.26) lat (ms,95%): 104.84 err/s: 0.00 reconn/s: 0.00
[ 103s ] thds: 1536 tps: 14640.76 qps: 233046.14 (r/w/o: 203763.63/0.00/29282.52) lat (ms,95%): 995.51 err/s: 0.00 reconn/s: 0.00
[ 104s ] thds: 1536 tps: 8514.99 qps: 135380.84 (r/w/o: 118347.86/0.00/17032.98) lat (ms,95%): 1213.57 err/s: 0.00 reconn/s: 0.00
[ 105s ] thds: 1536 tps: 12612.68 qps: 203473.99 (r/w/o: 178250.63/0.00/25223.36) lat (ms,95%): 634.66 err/s: 0.00 reconn/s: 0.00
[ 106s ] thds: 1536 tps: 14887.74 qps: 240511.85 (r/w/o: 210763.37/0.00/29748.49) lat (ms,95%): 634.66 err/s: 0.00 reconn/s: 0.00
[ 107s ] thds: 1536 tps: 13155.87 qps: 208329.00 (r/w/o: 181989.26/0.00/26339.75) lat (ms,95%): 200.47 err/s: 0.00 reconn/s: 0.00
[ 108s ] thds: 1536 tps: 13147.47 qps: 210495.51 (r/w/o: 184202.57/0.00/26292.94) lat (ms,95%): 53.85 err/s: 0.00 reconn/s: 0.00
[ 109s ] thds: 1536 tps: 12714.39 qps: 202638.09 (r/w/o: 177207.31/0.00/25430.78) lat (ms,95%): 1869.60 err/s: 0.00 reconn/s: 0.00
[ 110s ] thds: 1536 tps: 13576.84 qps: 218890.50 (r/w/o: 191747.81/0.00/27142.69) lat (ms,95%): 493.24 err/s: 0.00 reconn/s: 0.00
[ 111s ] thds: 1536 tps: 14304.89 qps: 228517.15 (r/w/o: 199895.37/0.00/28621.77) lat (ms,95%): 846.57 err/s: 0.00 reconn/s: 0.00
[ 112s ] thds: 1536 tps: 10875.07 qps: 174227.09 (r/w/o: 152488.95/0.00/21738.14) lat (ms,95%): 657.93 err/s: 0.00 reconn/s: 0.00
[ 113s ] thds: 1536 tps: 15017.90 qps: 241135.42 (r/w/o: 211105.61/0.00/30029.80) lat (ms,95%): 694.45 err/s: 0.00 reconn/s: 0.00
[ 114s ] thds: 1536 tps: 13326.61 qps: 211602.75 (r/w/o: 184932.52/0.00/26670.23) lat (ms,95%): 383.33 err/s: 0.00 reconn/s: 0.00
[ 115s ] thds: 1536 tps: 10075.48 qps: 163305.19 (r/w/o: 143169.22/0.00/20135.97) lat (ms,95%): 1089.30 err/s: 0.00 reconn/s: 0.00
[ 116s ] thds: 1536 tps: 12424.55 qps: 196281.16 (r/w/o: 171416.05/0.00/24865.11) lat (ms,95%): 204.11 err/s: 0.00 reconn/s: 0.00
[ 117s ] thds: 1536 tps: 6323.01 qps: 102124.28 (r/w/o: 89478.26/0.00/12646.02) lat (ms,95%): 520.62 err/s: 0.00 reconn/s: 0.00
[ 118s ] thds: 1536 tps: 13250.84 qps: 212735.27 (r/w/o: 186254.59/0.00/26480.69) lat (ms,95%): 995.51 err/s: 0.00 reconn/s: 0.00
[ 119s ] thds: 1536 tps: 14813.72 qps: 235667.61 (r/w/o: 206019.16/0.00/29648.45) lat (ms,95%): 397.39 err/s: 0.00 reconn/s: 0.00
[ 120s ] thds: 1536 tps: 14521.49 qps: 233452.86 (r/w/o: 204412.88/0.00/29039.98) lat (ms,95%): 977.74 err/s: 0.00 reconn/s: 0.00
[ 121s ] thds: 1536 tps: 14398.40 qps: 229923.39 (r/w/o: 201123.59/0.00/28799.80) lat (ms,95%): 657.93 err/s: 0.00 reconn/s: 0.00
[ 122s ] thds: 1536 tps: 14112.89 qps: 226030.25 (r/w/o: 197811.47/0.00/28218.78) lat (ms,95%): 893.56 err/s: 0.00 reconn/s: 0.00
[ 123s ] thds: 1536 tps: 14286.15 qps: 227091.41 (r/w/o: 198518.11/0.00/28573.30) lat (ms,95%): 682.06 err/s: 0.00 reconn/s: 0.00
[ 124s ] thds: 1536 tps: 14378.89 qps: 231416.70 (r/w/o: 202660.92/0.00/28755.78) lat (ms,95%): 1213.57 err/s: 0.00 reconn/s: 0.00
[ 125s ] thds: 1536 tps: 8586.54 qps: 136503.72 (r/w/o: 119324.64/0.00/17179.08) lat (ms,95%): 893.56 err/s: 0.00 reconn/s: 0.00
[ 126s ] thds: 1536 tps: 13037.33 qps: 209866.39 (r/w/o: 183802.74/0.00/26063.66) lat (ms,95%): 511.33 err/s: 0.00 reconn/s: 0.00
[ 127s ] thds: 1536 tps: 13643.75 qps: 218962.81 (r/w/o: 191684.32/0.00/27278.49) lat (ms,95%): 646.19 err/s: 0.00 reconn/s: 0.00
[ 128s ] thds: 1536 tps: 14029.22 qps: 223268.50 (r/w/o: 195195.06/0.00/28073.44) lat (ms,95%): 320.17 err/s: 0.00 reconn/s: 0.00
[ 129s ] thds: 1536 tps: 13985.61 qps: 224492.73 (r/w/o: 196524.52/0.00/27968.21) lat (ms,95%): 960.30 err/s: 0.00 reconn/s: 0.00
[ 130s ] thds: 1536 tps: 14442.31 qps: 229514.90 (r/w/o: 200623.28/0.00/28891.62) lat (ms,95%): 787.74 err/s: 0.00 reconn/s: 0.00
[ 131s ] thds: 1536 tps: 8925.17 qps: 143706.86 (r/w/o: 125868.52/0.00/17838.34) lat (ms,95%): 816.63 err/s: 0.00 reconn/s: 0.00
[ 132s ] thds: 1536 tps: 13826.09 qps: 220739.47 (r/w/o: 193075.29/0.00/27664.17) lat (ms,95%): 549.52 err/s: 0.00 reconn/s: 0.00
[ 133s ] thds: 1536 tps: 9600.19 qps: 153739.12 (r/w/o: 134542.73/0.00/19196.39) lat (ms,95%): 511.33 err/s: 0.00 reconn/s: 0.00
[ 134s ] thds: 1536 tps: 14244.92 qps: 229427.27 (r/w/o: 200949.43/0.00/28477.84) lat (ms,95%): 569.67 err/s: 0.00 reconn/s: 0.00
[ 135s ] thds: 1536 tps: 13245.26 qps: 210492.75 (r/w/o: 183985.23/0.00/26507.52) lat (ms,95%): 502.20 err/s: 0.00 reconn/s: 0.00
[ 136s ] thds: 1536 tps: 8326.63 qps: 132283.16 (r/w/o: 115630.91/0.00/16652.25) lat (ms,95%): 759.88 err/s: 0.00 reconn/s: 0.00
[ 137s ] thds: 1536 tps: 12500.94 qps: 199048.93 (r/w/o: 174051.05/0.00/24997.88) lat (ms,95%): 475.79 err/s: 0.00 reconn/s: 0.00
[ 138s ] thds: 1536 tps: 11849.66 qps: 191372.71 (r/w/o: 167667.38/0.00/23705.33) lat (ms,95%): 434.83 err/s: 0.00 reconn/s: 0.00
[ 139s ] thds: 1536 tps: 10970.32 qps: 173869.26 (r/w/o: 151928.61/0.00/21940.64) lat (ms,95%): 601.29 err/s: 0.00 reconn/s: 0.00
[ 140s ] thds: 1536 tps: 13066.31 qps: 211569.66 (r/w/o: 185448.03/0.00/26121.62) lat (ms,95%): 427.07 err/s: 0.00 reconn/s: 0.00
[ 141s ] thds: 1536 tps: 14198.92 qps: 226110.58 (r/w/o: 197702.74/0.00/28407.84) lat (ms,95%): 549.52 err/s: 0.00 reconn/s: 0.00
[ 142s ] thds: 1536 tps: 12805.22 qps: 206367.53 (r/w/o: 180772.09/0.00/25595.44) lat (ms,95%): 612.21 err/s: 0.00 reconn/s: 0.00
[ 143s ] thds: 1536 tps: 14462.27 qps: 230246.32 (r/w/o: 201307.78/0.00/28938.54) lat (ms,95%): 590.56 err/s: 0.00 reconn/s: 0.00
[ 144s ] thds: 1536 tps: 13960.61 qps: 221769.94 (r/w/o: 193845.71/0.00/27924.22) lat (ms,95%): 773.68 err/s: 0.00 reconn/s: 0.00
[ 145s ] thds: 1536 tps: 13013.61 qps: 208953.83 (r/w/o: 182930.61/0.00/26023.22) lat (ms,95%): 442.73 err/s: 0.00 reconn/s: 0.00
[ 146s ] thds: 1536 tps: 15258.83 qps: 244951.25 (r/w/o: 214430.59/0.00/30520.66) lat (ms,95%): 590.56 err/s: 0.00 reconn/s: 0.00
[ 147s ] thds: 1536 tps: 13461.34 qps: 215320.40 (r/w/o: 188402.73/0.00/26917.68) lat (ms,95%): 1109.09 err/s: 0.00 reconn/s: 0.00
[ 148s ] thds: 1536 tps: 9583.97 qps: 154143.59 (r/w/o: 134970.64/0.00/19172.95) lat (ms,95%): 746.32 err/s: 0.00 reconn/s: 0.00
[ 149s ] thds: 1536 tps: 13428.63 qps: 213094.74 (r/w/o: 186238.48/0.00/26856.26) lat (ms,95%): 590.56 err/s: 0.00 reconn/s: 0.00
[ 150s ] thds: 1536 tps: 11627.15 qps: 186941.20 (r/w/o: 163693.90/0.00/23247.30) lat (ms,95%): 580.02 err/s: 0.00 reconn/s: 0.00
[ 151s ] thds: 1536 tps: 14062.48 qps: 224696.65 (r/w/o: 196565.69/0.00/28130.97) lat (ms,95%): 484.44 err/s: 0.00 reconn/s: 0.00
[ 152s ] thds: 1536 tps: 15182.91 qps: 242109.58 (r/w/o: 211742.75/0.00/30366.82) lat (ms,95%): 634.66 err/s: 0.00 reconn/s: 0.00
[ 153s ] thds: 1536 tps: 13944.12 qps: 223723.88 (r/w/o: 195834.65/0.00/27889.23) lat (ms,95%): 207.82 err/s: 0.00 reconn/s: 0.00
[ 154s ] thds: 1536 tps: 14129.65 qps: 227684.32 (r/w/o: 199437.02/0.00/28247.30) lat (ms,95%): 1050.76 err/s: 0.00 reconn/s: 0.00
[ 155s ] thds: 1536 tps: 11924.25 qps: 189007.02 (r/w/o: 165145.51/0.00/23861.51) lat (ms,95%): 272.27 err/s: 0.00 reconn/s: 0.00
[ 156s ] thds: 1536 tps: 13312.93 qps: 213164.90 (r/w/o: 186540.04/0.00/26624.86) lat (ms,95%): 61.08 err/s: 0.00 reconn/s: 0.00
[ 157s ] thds: 1536 tps: 12145.27 qps: 194829.49 (r/w/o: 170537.94/0.00/24291.55) lat (ms,95%): 2045.74 err/s: 0.00 reconn/s: 0.00
[ 158s ] thds: 1536 tps: 7127.81 qps: 114495.83 (r/w/o: 100248.22/0.00/14247.61) lat (ms,95%): 909.80 err/s: 0.00 reconn/s: 0.00
[ 159s ] thds: 1536 tps: 13986.31 qps: 223949.98 (r/w/o: 195971.36/0.00/27978.62) lat (ms,95%): 511.33 err/s: 0.00 reconn/s: 0.00
[ 160s ] thds: 1536 tps: 14234.70 qps: 227584.29 (r/w/o: 199112.88/0.00/28471.41) lat (ms,95%): 669.89 err/s: 0.00 reconn/s: 0.00
[ 161s ] thds: 1536 tps: 14318.95 qps: 228375.29 (r/w/o: 199738.39/0.00/28636.90) lat (ms,95%): 787.74 err/s: 0.00 reconn/s: 0.00
[ 162s ] thds: 1536 tps: 11297.16 qps: 177758.53 (r/w/o: 155163.20/0.00/22595.33) lat (ms,95%): 520.62 err/s: 0.00 reconn/s: 0.00
[ 163s ] thds: 1536 tps: 10704.31 qps: 174911.38 (r/w/o: 153517.76/0.00/21393.62) lat (ms,95%): 623.33 err/s: 0.00 reconn/s: 0.00
[ 164s ] thds: 1536 tps: 14616.69 qps: 233226.09 (r/w/o: 203978.71/0.00/29247.38) lat (ms,95%): 520.62 err/s: 0.00 reconn/s: 0.00
[ 165s ] thds: 1536 tps: 12875.96 qps: 206819.25 (r/w/o: 181069.32/0.00/25749.93) lat (ms,95%): 634.66 err/s: 0.00 reconn/s: 0.00
[ 166s ] thds: 1536 tps: 10475.71 qps: 167492.33 (r/w/o: 146545.91/0.00/20946.42) lat (ms,95%): 861.95 err/s: 0.00 reconn/s: 0.00
[ 167s ] thds: 1536 tps: 14356.15 qps: 229146.55 (r/w/o: 200426.25/0.00/28720.30) lat (ms,95%): 694.45 err/s: 0.00 reconn/s: 0.00
[ 168s ] thds: 1536 tps: 11270.59 qps: 182483.51 (r/w/o: 159979.34/0.00/22504.17) lat (ms,95%): 816.63 err/s: 0.00 reconn/s: 0.00
[ 169s ] thds: 1536 tps: 11969.45 qps: 189412.74 (r/w/o: 165442.84/0.00/23969.90) lat (ms,95%): 484.44 err/s: 0.00 reconn/s: 0.00
[ 170s ] thds: 1536 tps: 13001.16 qps: 210203.60 (r/w/o: 184237.28/0.00/25966.32) lat (ms,95%): 493.24 err/s: 0.00 reconn/s: 0.00
[ 171s ] thds: 1536 tps: 14046.03 qps: 223853.42 (r/w/o: 195732.36/0.00/28121.05) lat (ms,95%): 434.83 err/s: 0.00 reconn/s: 0.00
[ 172s ] thds: 1536 tps: 10908.79 qps: 171769.19 (r/w/o: 149938.61/0.00/21830.58) lat (ms,95%): 759.88 err/s: 0.00 reconn/s: 0.00
[ 173s ] thds: 1536 tps: 10062.61 qps: 162901.19 (r/w/o: 142781.96/0.00/20119.23) lat (ms,95%): 682.06 err/s: 0.00 reconn/s: 0.00
[ 174s ] thds: 1536 tps: 13978.06 qps: 222602.80 (r/w/o: 194640.68/0.00/27962.12) lat (ms,95%): 646.19 err/s: 0.00 reconn/s: 0.00
[ 175s ] thds: 1536 tps: 9033.71 qps: 143446.43 (r/w/o: 125383.00/0.00/18063.42) lat (ms,95%): 520.62 err/s: 0.00 reconn/s: 0.00
[ 176s ] thds: 1536 tps: 13828.96 qps: 223045.41 (r/w/o: 195383.50/0.00/27661.91) lat (ms,95%): 397.39 err/s: 0.00 reconn/s: 0.00
[ 177s ] thds: 1536 tps: 14575.71 qps: 234368.25 (r/w/o: 205239.83/0.00/29128.42) lat (ms,95%): 634.66 err/s: 0.00 reconn/s: 0.00
[ 178s ] thds: 1536 tps: 14287.78 qps: 226918.39 (r/w/o: 198319.83/0.00/28598.56) lat (ms,95%): 227.40 err/s: 0.00 reconn/s: 0.00
[ 179s ] thds: 1536 tps: 12147.19 qps: 195461.98 (r/w/o: 171171.60/0.00/24290.38) lat (ms,95%): 816.63 err/s: 0.00 reconn/s: 0.00
[ 180s ] thds: 1536 tps: 9511.18 qps: 153263.86 (r/w/o: 134271.49/0.00/18992.37) lat (ms,95%): 682.06 err/s: 0.00 reconn/s: 0.00
[ 181s ] thds: 1536 tps: 12077.79 qps: 189384.81 (r/w/o: 165195.21/0.00/24189.60) lat (ms,95%): 369.77 err/s: 0.00 reconn/s: 0.00
[ 182s ] thds: 1536 tps: 6021.99 qps: 99463.38 (r/w/o: 87426.39/0.00/12036.99) lat (ms,95%): 861.95 err/s: 0.00 reconn/s: 0.00
[ 183s ] thds: 1536 tps: 14575.56 qps: 234097.00 (r/w/o: 204967.88/0.00/29129.12) lat (ms,95%): 493.24 err/s: 0.00 reconn/s: 0.00
[ 184s ] thds: 1536 tps: 14593.24 qps: 230927.84 (r/w/o: 201712.35/0.00/29215.49) lat (ms,95%): 369.77 err/s: 0.00 reconn/s: 0.00
[ 185s ] thds: 1536 tps: 7868.65 qps: 127060.27 (r/w/o: 111335.98/0.00/15724.29) lat (ms,95%): 1191.92 err/s: 0.00 reconn/s: 0.00
[ 186s ] thds: 1536 tps: 12340.46 qps: 197672.35 (r/w/o: 172982.43/0.00/24689.92) lat (ms,95%): 484.44 err/s: 0.00 reconn/s: 0.00
[ 187s ] thds: 1536 tps: 13899.11 qps: 220310.58 (r/w/o: 192508.37/0.00/27802.21) lat (ms,95%): 623.33 err/s: 0.00 reconn/s: 0.00
[ 188s ] thds: 1536 tps: 13258.72 qps: 211575.40 (r/w/o: 185059.96/0.00/26515.44) lat (ms,95%): 549.52 err/s: 0.00 reconn/s: 0.00
[ 189s ] thds: 1536 tps: 13391.16 qps: 216455.78 (r/w/o: 189672.46/0.00/26783.32) lat (ms,95%): 458.96 err/s: 0.00 reconn/s: 0.00
[ 190s ] thds: 1536 tps: 14219.84 qps: 228028.30 (r/w/o: 199593.63/0.00/28434.67) lat (ms,95%): 816.63 err/s: 0.00 reconn/s: 0.00
[ 191s ] thds: 1536 tps: 14112.62 qps: 224530.54 (r/w/o: 196300.31/0.00/28230.23) lat (ms,95%): 493.24 err/s: 0.00 reconn/s: 0.00
[ 192s ] thds: 1536 tps: 11772.11 qps: 186433.71 (r/w/o: 162889.49/0.00/23544.22) lat (ms,95%): 943.16 err/s: 0.00 reconn/s: 0.00
[ 193s ] thds: 1536 tps: 9425.33 qps: 153575.14 (r/w/o: 134737.48/0.00/18837.67) lat (ms,95%): 646.19 err/s: 0.00 reconn/s: 0.00
[ 194s ] thds: 1536 tps: 13095.73 qps: 209380.67 (r/w/o: 183176.21/0.00/26204.46) lat (ms,95%): 458.96 err/s: 0.00 reconn/s: 0.00
[ 195s ] thds: 1536 tps: 12915.39 qps: 207558.17 (r/w/o: 181730.39/0.00/25827.78) lat (ms,95%): 520.62 err/s: 0.00 reconn/s: 0.00
[ 196s ] thds: 1536 tps: 12536.73 qps: 201255.71 (r/w/o: 176205.25/0.00/25050.46) lat (ms,95%): 493.24 err/s: 0.00 reconn/s: 0.00
[ 197s ] thds: 1536 tps: 14778.90 qps: 235356.37 (r/w/o: 205782.58/0.00/29573.80) lat (ms,95%): 530.08 err/s: 0.00 reconn/s: 0.00
[ 198s ] thds: 1536 tps: 11138.25 qps: 175691.91 (r/w/o: 153405.41/0.00/22286.50) lat (ms,95%): 909.80 err/s: 0.00 reconn/s: 0.00
[ 199s ] thds: 1536 tps: 5508.86 qps: 90595.70 (r/w/o: 79586.98/0.00/11008.72) lat (ms,95%): 746.32 err/s: 0.00 reconn/s: 0.00
[ 200s ] thds: 1536 tps: 13770.39 qps: 218930.57 (r/w/o: 191380.78/0.00/27549.79) lat (ms,95%): 559.50 err/s: 0.00 reconn/s: 0.00
[ 201s ] thds: 1536 tps: 13553.70 qps: 218278.46 (r/w/o: 191180.05/0.00/27098.41) lat (ms,95%): 493.24 err/s: 0.00 reconn/s: 0.00
[ 202s ] thds: 1536 tps: 11471.67 qps: 182215.03 (r/w/o: 159268.68/0.00/22946.34) lat (ms,95%): 590.56 err/s: 0.00 reconn/s: 0.00
[ 203s ] thds: 1536 tps: 12984.63 qps: 208578.28 (r/w/o: 182604.01/0.00/25974.27) lat (ms,95%): 404.61 err/s: 0.00 reconn/s: 0.00
[ 204s ] thds: 1536 tps: 14811.07 qps: 236382.04 (r/w/o: 206765.91/0.00/29616.13) lat (ms,95%): 634.66 err/s: 0.00 reconn/s: 0.00
[ 205s ] thds: 1536 tps: 14446.14 qps: 230973.26 (r/w/o: 202073.98/0.00/28899.28) lat (ms,95%): 219.36 err/s: 0.00 reconn/s: 0.00
[ 206s ] thds: 1536 tps: 7647.31 qps: 124167.97 (r/w/o: 108881.36/0.00/15286.61) lat (ms,95%): 1304.21 err/s: 0.00 reconn/s: 0.00
[ 207s ] thds: 1536 tps: 12977.77 qps: 206448.33 (r/w/o: 180485.79/0.00/25962.54) lat (ms,95%): 427.07 err/s: 0.00 reconn/s: 0.00
[ 208s ] thds: 1536 tps: 13899.71 qps: 222641.29 (r/w/o: 194843.88/0.00/27797.41) lat (ms,95%): 580.02 err/s: 0.00 reconn/s: 0.00
[ 209s ] thds: 1536 tps: 14559.46 qps: 232822.34 (r/w/o: 203707.42/0.00/29114.92) lat (ms,95%): 467.30 err/s: 0.00 reconn/s: 0.00
[ 210s ] thds: 1536 tps: 11478.03 qps: 183841.44 (r/w/o: 160884.38/0.00/22957.05) lat (ms,95%): 1013.60 err/s: 0.00 reconn/s: 0.00
[ 211s ] thds: 1536 tps: 13929.50 qps: 222710.09 (r/w/o: 194850.08/0.00/27860.01) lat (ms,95%): 569.67 err/s: 0.00 reconn/s: 0.00
[ 212s ] thds: 1536 tps: 13818.88 qps: 221013.09 (r/w/o: 193375.33/0.00/27637.76) lat (ms,95%): 530.08 err/s: 0.00 reconn/s: 0.00
[ 213s ] thds: 1536 tps: 14217.56 qps: 228900.74 (r/w/o: 200469.63/0.00/28431.11) lat (ms,95%): 669.89 err/s: 0.00 reconn/s: 0.00
[ 214s ] thds: 1536 tps: 13703.25 qps: 216113.98 (r/w/o: 188697.47/0.00/27416.50) lat (ms,95%): 802.05 err/s: 0.00 reconn/s: 0.00
[ 215s ] thds: 1536 tps: 11126.59 qps: 180802.53 (r/w/o: 158558.36/0.00/22244.17) lat (ms,95%): 467.30 err/s: 0.00 reconn/s: 0.00
[ 216s ] thds: 1536 tps: 13081.57 qps: 210096.04 (r/w/o: 183942.89/0.00/26153.14) lat (ms,95%): 646.19 err/s: 0.00 reconn/s: 0.00
[ 217s ] thds: 1536 tps: 12962.66 qps: 205701.28 (r/w/o: 179756.97/0.00/25944.31) lat (ms,95%): 450.77 err/s: 0.00 reconn/s: 0.00
[ 218s ] thds: 1536 tps: 13427.98 qps: 214802.65 (r/w/o: 187947.69/0.00/26854.96) lat (ms,95%): 511.33 err/s: 0.00 reconn/s: 0.00
[ 219s ] thds: 1536 tps: 13944.44 qps: 223443.01 (r/w/o: 195553.13/0.00/27889.88) lat (ms,95%): 746.32 err/s: 0.00 reconn/s: 0.00
[ 220s ] thds: 1536 tps: 13878.55 qps: 223023.74 (r/w/o: 195273.64/0.00/27750.10) lat (ms,95%): 719.92 err/s: 0.00 reconn/s: 0.00
[ 221s ] thds: 1536 tps: 14127.05 qps: 224908.66 (r/w/o: 196647.55/0.00/28261.10) lat (ms,95%): 612.21 err/s: 0.00 reconn/s: 0.00
[ 222s ] thds: 1536 tps: 10955.79 qps: 174869.56 (r/w/o: 152961.97/0.00/21907.59) lat (ms,95%): 719.92 err/s: 0.00 reconn/s: 0.00
[ 223s ] thds: 1536 tps: 14571.68 qps: 233713.06 (r/w/o: 204575.71/0.00/29137.35) lat (ms,95%): 467.30 err/s: 0.00 reconn/s: 0.00
[ 224s ] thds: 1536 tps: 14163.06 qps: 226284.99 (r/w/o: 197954.87/0.00/28330.12) lat (ms,95%): 694.45 err/s: 0.00 reconn/s: 0.00
[ 225s ] thds: 1536 tps: 12370.33 qps: 198330.30 (r/w/o: 173583.64/0.00/24746.66) lat (ms,95%): 493.24 err/s: 0.00 reconn/s: 0.00
[ 226s ] thds: 1536 tps: 8629.96 qps: 138564.31 (r/w/o: 121324.38/0.00/17239.93) lat (ms,95%): 893.56 err/s: 0.00 reconn/s: 0.00
[ 227s ] thds: 1536 tps: 14467.60 qps: 231063.59 (r/w/o: 202110.39/0.00/28953.20) lat (ms,95%): 450.77 err/s: 0.00 reconn/s: 0.00
[ 228s ] thds: 1536 tps: 14313.61 qps: 228262.75 (r/w/o: 199634.52/0.00/28628.23) lat (ms,95%): 802.05 err/s: 0.00 reconn/s: 0.00
[ 229s ] thds: 1536 tps: 14359.16 qps: 229491.58 (r/w/o: 200773.26/0.00/28718.32) lat (ms,95%): 539.71 err/s: 0.00 reconn/s: 0.00
[ 230s ] thds: 1536 tps: 11373.62 qps: 180865.78 (r/w/o: 158117.54/0.00/22748.24) lat (ms,95%): 694.45 err/s: 0.00 reconn/s: 0.00
[ 231s ] thds: 1536 tps: 9254.55 qps: 148808.70 (r/w/o: 130304.60/0.00/18504.10) lat (ms,95%): 759.88 err/s: 0.00 reconn/s: 0.00
[ 232s ] thds: 1536 tps: 14521.93 qps: 234034.68 (r/w/o: 204998.83/0.00/29035.85) lat (ms,95%): 559.50 err/s: 0.00 reconn/s: 0.00
[ 233s ] thds: 1536 tps: 12470.13 qps: 199221.13 (r/w/o: 174273.86/0.00/24947.27) lat (ms,95%): 530.08 err/s: 0.00 reconn/s: 0.00
[ 234s ] thds: 1536 tps: 13910.11 qps: 222942.79 (r/w/o: 195126.57/0.00/27816.22) lat (ms,95%): 580.02 err/s: 0.00 reconn/s: 0.00
[ 235s ] thds: 1536 tps: 14217.60 qps: 227210.61 (r/w/o: 198765.41/0.00/28445.20) lat (ms,95%): 549.52 err/s: 0.00 reconn/s: 0.00
[ 236s ] thds: 1536 tps: 13233.73 qps: 211631.73 (r/w/o: 185169.26/0.00/26462.47) lat (ms,95%): 657.93 err/s: 0.00 reconn/s: 0.00
[ 237s ] thds: 1536 tps: 14217.78 qps: 226896.41 (r/w/o: 198456.85/0.00/28439.55) lat (ms,95%): 520.62 err/s: 0.00 reconn/s: 0.00
[ 238s ] thds: 1536 tps: 14181.07 qps: 227615.20 (r/w/o: 199260.05/0.00/28355.15) lat (ms,95%): 590.56 err/s: 0.00 reconn/s: 0.00
[ 239s ] thds: 1536 tps: 14057.86 qps: 224270.84 (r/w/o: 196147.11/0.00/28123.73) lat (ms,95%): 590.56 err/s: 0.00 reconn/s: 0.00
[ 240s ] thds: 1536 tps: 14249.53 qps: 228628.46 (r/w/o: 200133.40/0.00/28495.06) lat (ms,95%): 623.33 err/s: 0.00 reconn/s: 0.00
[ 241s ] thds: 1536 tps: 14447.31 qps: 230765.03 (r/w/o: 201867.40/0.00/28897.63) lat (ms,95%): 376.49 err/s: 0.00 reconn/s: 0.00
[ 242s ] thds: 1536 tps: 10670.18 qps: 170675.83 (r/w/o: 149336.48/0.00/21339.35) lat (ms,95%): 1213.57 err/s: 0.00 reconn/s: 0.00
[ 243s ] thds: 1536 tps: 11706.47 qps: 187957.50 (r/w/o: 164557.57/0.00/23399.93) lat (ms,95%): 511.33 err/s: 0.00 reconn/s: 0.00
[ 244s ] thds: 1536 tps: 14969.93 qps: 240934.47 (r/w/o: 211022.60/0.00/29911.86) lat (ms,95%): 816.63 err/s: 0.00 reconn/s: 0.00
[ 245s ] thds: 1536 tps: 13879.47 qps: 220385.17 (r/w/o: 192589.21/0.00/27795.96) lat (ms,95%): 272.27 err/s: 0.00 reconn/s: 0.00
[ 246s ] thds: 1536 tps: 6736.78 qps: 105489.55 (r/w/o: 92010.99/0.00/13478.56) lat (ms,95%): 877.61 err/s: 0.00 reconn/s: 0.00
[ 247s ] thds: 1536 tps: 13949.25 qps: 224429.80 (r/w/o: 196537.31/0.00/27892.50) lat (ms,95%): 682.06 err/s: 0.00 reconn/s: 0.00
[ 248s ] thds: 1536 tps: 9534.49 qps: 152595.82 (r/w/o: 133519.84/0.00/19075.98) lat (ms,95%): 467.30 err/s: 0.00 reconn/s: 0.00
[ 249s ] thds: 1536 tps: 10951.99 qps: 175893.76 (r/w/o: 153994.78/0.00/21898.98) lat (ms,95%): 657.93 err/s: 0.00 reconn/s: 0.00
[ 250s ] thds: 1536 tps: 14410.37 qps: 231925.79 (r/w/o: 203143.06/0.00/28782.73) lat (ms,95%): 802.05 err/s: 0.00 reconn/s: 0.00
[ 251s ] thds: 1536 tps: 13580.01 qps: 215678.19 (r/w/o: 188478.17/0.00/27200.02) lat (ms,95%): 292.60 err/s: 0.00 reconn/s: 0.00
[ 252s ] thds: 1536 tps: 8015.43 qps: 126282.02 (r/w/o: 110249.16/0.00/16032.86) lat (ms,95%): 1050.76 err/s: 0.00 reconn/s: 0.00
[ 253s ] thds: 1536 tps: 13266.33 qps: 215112.85 (r/w/o: 188587.20/0.00/26525.65) lat (ms,95%): 363.18 err/s: 0.00 reconn/s: 0.00
[ 254s ] thds: 1536 tps: 14382.65 qps: 229317.21 (r/w/o: 200554.91/0.00/28762.30) lat (ms,95%): 612.21 err/s: 0.00 reconn/s: 0.00
[ 255s ] thds: 1536 tps: 13867.09 qps: 221155.46 (r/w/o: 193411.28/0.00/27744.18) lat (ms,95%): 590.56 err/s: 0.00 reconn/s: 0.00
[ 256s ] thds: 1536 tps: 12673.90 qps: 203083.39 (r/w/o: 177734.60/0.00/25348.80) lat (ms,95%): 623.33 err/s: 0.00 reconn/s: 0.00
[ 257s ] thds: 1536 tps: 14193.31 qps: 229376.60 (r/w/o: 201011.97/0.00/28364.63) lat (ms,95%): 634.66 err/s: 0.00 reconn/s: 0.00
[ 258s ] thds: 1536 tps: 12757.93 qps: 202966.87 (r/w/o: 177435.00/0.00/25531.87) lat (ms,95%): 450.77 err/s: 0.00 reconn/s: 0.00
[ 259s ] thds: 1536 tps: 14672.95 qps: 233285.26 (r/w/o: 203937.35/0.00/29347.91) lat (ms,95%): 530.08 err/s: 0.00 reconn/s: 0.00
[ 260s ] thds: 1536 tps: 14595.55 qps: 234212.82 (r/w/o: 205019.71/0.00/29193.10) lat (ms,95%): 733.00 err/s: 0.00 reconn/s: 0.00
[ 261s ] thds: 1536 tps: 14170.97 qps: 226687.54 (r/w/o: 198346.60/0.00/28340.94) lat (ms,95%): 493.24 err/s: 0.00 reconn/s: 0.00
[ 262s ] thds: 1536 tps: 14384.25 qps: 230157.97 (r/w/o: 201390.47/0.00/28767.50) lat (ms,95%): 926.33 err/s: 0.00 reconn/s: 0.00
[ 263s ] thds: 1536 tps: 13091.04 qps: 209617.65 (r/w/o: 183437.57/0.00/26180.08) lat (ms,95%): 694.45 err/s: 0.00 reconn/s: 0.00
[ 264s ] thds: 1536 tps: 14157.79 qps: 226096.67 (r/w/o: 197778.10/0.00/28318.57) lat (ms,95%): 442.73 err/s: 0.00 reconn/s: 0.00
[ 265s ] thds: 1536 tps: 13830.75 qps: 221209.91 (r/w/o: 193548.42/0.00/27661.49) lat (ms,95%): 719.92 err/s: 0.00 reconn/s: 0.00
[ 266s ] thds: 1536 tps: 9683.74 qps: 153654.67 (r/w/o: 134284.20/0.00/19370.47) lat (ms,95%): 787.74 err/s: 0.00 reconn/s: 0.00
[ 267s ] thds: 1536 tps: 10262.48 qps: 166372.54 (r/w/o: 145859.58/0.00/20512.96) lat (ms,95%): 559.50 err/s: 0.00 reconn/s: 0.00
[ 268s ] thds: 1536 tps: 14700.39 qps: 235208.26 (r/w/o: 205800.48/0.00/29407.78) lat (ms,95%): 520.62 err/s: 0.00 reconn/s: 0.00
[ 269s ] thds: 1536 tps: 13612.94 qps: 215917.20 (r/w/o: 188687.32/0.00/27229.88) lat (ms,95%): 590.56 err/s: 0.00 reconn/s: 0.00
[ 270s ] thds: 1536 tps: 14493.60 qps: 232633.71 (r/w/o: 203649.50/0.00/28984.21) lat (ms,95%): 601.29 err/s: 0.00 reconn/s: 0.00
[ 271s ] thds: 1536 tps: 15109.69 qps: 242521.97 (r/w/o: 212298.60/0.00/30223.37) lat (ms,95%): 657.93 err/s: 0.00 reconn/s: 0.00
[ 272s ] thds: 1536 tps: 10960.50 qps: 175669.95 (r/w/o: 153757.95/0.00/21911.99) lat (ms,95%): 1089.30 err/s: 0.00 reconn/s: 0.00
[ 273s ] thds: 1536 tps: 13891.24 qps: 221430.82 (r/w/o: 193639.34/0.00/27791.48) lat (ms,95%): 569.67 err/s: 0.00 reconn/s: 0.00
[ 274s ] thds: 1536 tps: 14832.27 qps: 238918.37 (r/w/o: 209259.82/0.00/29658.54) lat (ms,95%): 580.02 err/s: 0.00 reconn/s: 0.00
[ 275s ] thds: 1536 tps: 13639.65 qps: 217053.51 (r/w/o: 189772.20/0.00/27281.31) lat (ms,95%): 802.05 err/s: 0.00 reconn/s: 0.00
[ 276s ] thds: 1536 tps: 14394.67 qps: 231146.67 (r/w/o: 202358.33/0.00/28788.34) lat (ms,95%): 559.50 err/s: 0.00 reconn/s: 0.00
[ 277s ] thds: 1536 tps: 14310.16 qps: 229520.53 (r/w/o: 200930.22/0.00/28590.32) lat (ms,95%): 612.21 err/s: 0.00 reconn/s: 0.00
[ 278s ] thds: 1536 tps: 11755.35 qps: 187947.65 (r/w/o: 164404.94/0.00/23542.71) lat (ms,95%): 331.91 err/s: 0.00 reconn/s: 0.00
[ 279s ] thds: 1536 tps: 15256.93 qps: 243540.89 (r/w/o: 213035.03/0.00/30505.86) lat (ms,95%): 846.57 err/s: 0.00 reconn/s: 0.00
[ 280s ] thds: 1536 tps: 14096.79 qps: 225687.66 (r/w/o: 197488.08/0.00/28199.59) lat (ms,95%): 669.89 err/s: 0.00 reconn/s: 0.00
[ 281s ] thds: 1536 tps: 14748.47 qps: 232611.37 (r/w/o: 203110.44/0.00/29500.94) lat (ms,95%): 909.80 err/s: 0.00 reconn/s: 0.00
[ 282s ] thds: 1536 tps: 13897.26 qps: 224304.20 (r/w/o: 196510.68/0.00/27793.52) lat (ms,95%): 733.00 err/s: 0.00 reconn/s: 0.00
[ 283s ] thds: 1536 tps: 14023.54 qps: 226227.63 (r/w/o: 198187.56/0.00/28040.07) lat (ms,95%): 502.20 err/s: 0.00 reconn/s: 0.00
[ 284s ] thds: 1536 tps: 7775.67 qps: 121179.43 (r/w/o: 105621.09/0.00/15558.34) lat (ms,95%): 861.95 err/s: 0.00 reconn/s: 0.00
[ 285s ] thds: 1536 tps: 10765.65 qps: 171471.45 (r/w/o: 149938.15/0.00/21533.30) lat (ms,95%): 475.79 err/s: 0.00 reconn/s: 0.00
[ 286s ] thds: 1536 tps: 12274.98 qps: 196584.66 (r/w/o: 172037.70/0.00/24546.96) lat (ms,95%): 520.62 err/s: 0.00 reconn/s: 0.00
[ 287s ] thds: 1536 tps: 12057.21 qps: 196271.65 (r/w/o: 172158.23/0.00/24113.41) lat (ms,95%): 475.79 err/s: 0.00 reconn/s: 0.00
[ 288s ] thds: 1536 tps: 14829.37 qps: 237286.87 (r/w/o: 207631.14/0.00/29655.73) lat (ms,95%): 493.24 err/s: 0.00 reconn/s: 0.00
[ 289s ] thds: 1536 tps: 14341.38 qps: 229120.03 (r/w/o: 200433.27/0.00/28686.76) lat (ms,95%): 773.68 err/s: 0.00 reconn/s: 0.00
[ 290s ] thds: 1536 tps: 14625.78 qps: 234118.41 (r/w/o: 204868.85/0.00/29249.55) lat (ms,95%): 502.20 err/s: 0.00 reconn/s: 0.00
[ 291s ] thds: 1536 tps: 14425.30 qps: 230077.78 (r/w/o: 201226.17/0.00/28851.61) lat (ms,95%): 1050.76 err/s: 0.00 reconn/s: 0.00
[ 292s ] thds: 1536 tps: 14557.35 qps: 233190.63 (r/w/o: 204075.92/0.00/29114.71) lat (ms,95%): 458.96 err/s: 0.00 reconn/s: 0.00
[ 293s ] thds: 1536 tps: 14538.50 qps: 233955.20 (r/w/o: 204886.19/0.00/29069.01) lat (ms,95%): 759.88 err/s: 0.00 reconn/s: 0.00
[ 294s ] thds: 1536 tps: 12673.32 qps: 202326.15 (r/w/o: 176977.51/0.00/25348.64) lat (ms,95%): 831.46 err/s: 0.00 reconn/s: 0.00
[ 295s ] thds: 1536 tps: 11522.82 qps: 182975.76 (r/w/o: 159920.12/0.00/23055.64) lat (ms,95%): 520.62 err/s: 0.00 reconn/s: 0.00
[ 296s ] thds: 1536 tps: 11073.99 qps: 178342.71 (r/w/o: 156202.72/0.00/22139.99) lat (ms,95%): 943.16 err/s: 0.00 reconn/s: 0.00
[ 297s ] thds: 1536 tps: 14159.44 qps: 225045.17 (r/w/o: 196722.28/0.00/28322.89) lat (ms,95%): 530.08 err/s: 0.00 reconn/s: 0.00
[ 298s ] thds: 1536 tps: 14770.28 qps: 238118.53 (r/w/o: 208580.97/0.00/29537.56) lat (ms,95%): 549.52 err/s: 0.00 reconn/s: 0.00
[ 299s ] thds: 1536 tps: 9965.40 qps: 157169.49 (r/w/o: 137232.70/0.00/19936.79) lat (ms,95%): 995.51 err/s: 0.00 reconn/s: 0.00
[ 300s ] thds: 1536 tps: 13994.99 qps: 222696.12 (r/w/o: 194905.93/0.00/27790.19) lat (ms,95%): 580.02 err/s: 0.00 reconn/s: 0.00
SQL statistics:
    queries performed:
        read:                            54391204
        write:                           0
        other:                           7770172
        total:                           62161376
    transactions:                        3885086 (12935.31 per sec.)
    queries:                             62161376 (206965.02 per sec.)
    ignored errors:                      0      (0.00 per sec.)
    reconnects:                          0      (0.00 per sec.)

General statistics:
    total time:                          300.3458s
    total number of events:              3885086

Latency (ms):
         min:                                    1.10
         avg:                                  118.64
         max:                                 5491.15
         95th percentile:                      634.66
         sum:                            460936448.34

Threads fairness:
    events (avg/stddev):           2529.3529/193.88
    execution time (avg/stddev):   300.0888/0.07

