sysbench 1.0.20 (using bundled LuaJIT 2.1.0-beta2)

Running the test with following options:
Number of threads: 16
Report intermediate results every 1 second(s)
Initializing random number generator from current time


Initializing worker threads...

Threads started!

[ 1s ] thds: 16 tps: 10233.41 qps: 163856.40 (r/w/o: 143373.60/0.00/20482.80) lat (ms,95%): 1.82 err/s: 0.00 reconn/s: 0.00
[ 2s ] thds: 16 tps: 10676.37 qps: 170875.88 (r/w/o: 149523.14/0.00/21352.73) lat (ms,95%): 1.73 err/s: 0.00 reconn/s: 0.00
[ 3s ] thds: 16 tps: 10697.55 qps: 171157.86 (r/w/o: 149762.75/0.00/21395.11) lat (ms,95%): 1.73 err/s: 0.00 reconn/s: 0.00
[ 4s ] thds: 16 tps: 10569.81 qps: 169114.89 (r/w/o: 147975.28/0.00/21139.61) lat (ms,95%): 1.82 err/s: 0.00 reconn/s: 0.00
[ 5s ] thds: 16 tps: 10846.18 qps: 173547.88 (r/w/o: 151855.52/0.00/21692.36) lat (ms,95%): 1.61 err/s: 0.00 reconn/s: 0.00
[ 6s ] thds: 16 tps: 10796.10 qps: 172706.57 (r/w/o: 151114.38/0.00/21592.20) lat (ms,95%): 1.64 err/s: 0.00 reconn/s: 0.00
[ 7s ] thds: 16 tps: 10748.83 qps: 171957.21 (r/w/o: 150460.56/0.00/21496.65) lat (ms,95%): 1.70 err/s: 0.00 reconn/s: 0.00
[ 8s ] thds: 16 tps: 10620.64 qps: 169970.19 (r/w/o: 148727.92/0.00/21242.27) lat (ms,95%): 1.79 err/s: 0.00 reconn/s: 0.00
[ 9s ] thds: 16 tps: 10806.40 qps: 172857.41 (r/w/o: 151244.61/0.00/21612.80) lat (ms,95%): 1.70 err/s: 0.00 reconn/s: 0.00
[ 10s ] thds: 16 tps: 10595.03 qps: 169572.41 (r/w/o: 148382.36/0.00/21190.05) lat (ms,95%): 1.82 err/s: 0.00 reconn/s: 0.00
[ 11s ] thds: 16 tps: 10707.11 qps: 171302.84 (r/w/o: 149888.61/0.00/21414.23) lat (ms,95%): 1.76 err/s: 0.00 reconn/s: 0.00
[ 12s ] thds: 16 tps: 10833.09 qps: 173319.40 (r/w/o: 151653.23/0.00/21666.18) lat (ms,95%): 1.61 err/s: 0.00 reconn/s: 0.00
[ 13s ] thds: 16 tps: 10737.91 qps: 171802.57 (r/w/o: 150327.75/0.00/21474.82) lat (ms,95%): 1.73 err/s: 0.00 reconn/s: 0.00
[ 14s ] thds: 16 tps: 10733.93 qps: 171734.94 (r/w/o: 150266.08/0.00/21468.87) lat (ms,95%): 1.70 err/s: 0.00 reconn/s: 0.00
[ 15s ] thds: 16 tps: 10645.58 qps: 170335.34 (r/w/o: 149044.17/0.00/21291.17) lat (ms,95%): 1.79 err/s: 0.00 reconn/s: 0.00
[ 16s ] thds: 16 tps: 10713.43 qps: 171445.81 (r/w/o: 150018.96/0.00/21426.85) lat (ms,95%): 1.70 err/s: 0.00 reconn/s: 0.00
[ 17s ] thds: 16 tps: 10828.23 qps: 173241.76 (r/w/o: 151586.29/0.00/21655.47) lat (ms,95%): 1.64 err/s: 0.00 reconn/s: 0.00
[ 18s ] thds: 16 tps: 10603.57 qps: 169646.17 (r/w/o: 148439.02/0.00/21207.15) lat (ms,95%): 1.79 err/s: 0.00 reconn/s: 0.00
[ 19s ] thds: 16 tps: 10791.44 qps: 172640.11 (r/w/o: 151057.22/0.00/21582.89) lat (ms,95%): 1.61 err/s: 0.00 reconn/s: 0.00
[ 20s ] thds: 16 tps: 10705.79 qps: 171321.68 (r/w/o: 149909.10/0.00/21412.59) lat (ms,95%): 1.73 err/s: 0.00 reconn/s: 0.00
[ 21s ] thds: 16 tps: 10726.00 qps: 171582.07 (r/w/o: 150131.06/0.00/21451.01) lat (ms,95%): 1.73 err/s: 0.00 reconn/s: 0.00
[ 22s ] thds: 16 tps: 10637.11 qps: 170200.71 (r/w/o: 148925.50/0.00/21275.21) lat (ms,95%): 1.76 err/s: 0.00 reconn/s: 0.00
[ 23s ] thds: 16 tps: 10710.20 qps: 171354.28 (r/w/o: 149935.87/0.00/21418.41) lat (ms,95%): 1.70 err/s: 0.00 reconn/s: 0.00
[ 24s ] thds: 16 tps: 10658.57 qps: 170565.17 (r/w/o: 149246.02/0.00/21319.15) lat (ms,95%): 1.76 err/s: 0.00 reconn/s: 0.00
[ 25s ] thds: 16 tps: 10620.09 qps: 169900.45 (r/w/o: 148661.26/0.00/21239.18) lat (ms,95%): 1.76 err/s: 0.00 reconn/s: 0.00
[ 26s ] thds: 16 tps: 10726.93 qps: 171631.93 (r/w/o: 150177.06/0.00/21454.87) lat (ms,95%): 1.70 err/s: 0.00 reconn/s: 0.00
[ 27s ] thds: 16 tps: 10711.06 qps: 171400.92 (r/w/o: 149979.81/0.00/21421.12) lat (ms,95%): 1.67 err/s: 0.00 reconn/s: 0.00
[ 28s ] thds: 16 tps: 10739.29 qps: 171820.67 (r/w/o: 150341.09/0.00/21479.58) lat (ms,95%): 1.67 err/s: 0.00 reconn/s: 0.00
[ 29s ] thds: 16 tps: 10772.63 qps: 172372.11 (r/w/o: 150827.85/0.00/21544.26) lat (ms,95%): 1.61 err/s: 0.00 reconn/s: 0.00
[ 30s ] thds: 16 tps: 10544.97 qps: 168727.50 (r/w/o: 147636.56/0.00/21090.94) lat (ms,95%): 1.79 err/s: 0.00 reconn/s: 0.00
[ 31s ] thds: 16 tps: 10723.14 qps: 171541.22 (r/w/o: 150094.94/0.00/21446.28) lat (ms,95%): 1.67 err/s: 0.00 reconn/s: 0.00
[ 32s ] thds: 16 tps: 10667.16 qps: 170691.59 (r/w/o: 149358.27/0.00/21333.32) lat (ms,95%): 1.70 err/s: 0.00 reconn/s: 0.00
[ 33s ] thds: 16 tps: 10523.00 qps: 168363.03 (r/w/o: 147317.02/0.00/21046.00) lat (ms,95%): 1.82 err/s: 0.00 reconn/s: 0.00
[ 34s ] thds: 16 tps: 10564.88 qps: 169006.15 (r/w/o: 147875.38/0.00/21130.77) lat (ms,95%): 1.79 err/s: 0.00 reconn/s: 0.00
[ 35s ] thds: 16 tps: 10752.83 qps: 172079.35 (r/w/o: 150573.68/0.00/21505.67) lat (ms,95%): 1.61 err/s: 0.00 reconn/s: 0.00
[ 36s ] thds: 16 tps: 10610.10 qps: 169761.55 (r/w/o: 148541.36/0.00/21220.19) lat (ms,95%): 1.79 err/s: 0.00 reconn/s: 0.00
[ 37s ] thds: 16 tps: 10518.69 qps: 168288.06 (r/w/o: 147251.68/0.00/21036.38) lat (ms,95%): 1.82 err/s: 0.00 reconn/s: 0.00
[ 38s ] thds: 16 tps: 10352.59 qps: 165664.43 (r/w/o: 144958.25/0.00/20706.18) lat (ms,95%): 1.89 err/s: 0.00 reconn/s: 0.00
[ 39s ] thds: 16 tps: 10774.80 qps: 172392.72 (r/w/o: 150842.13/0.00/21550.59) lat (ms,95%): 1.61 err/s: 0.00 reconn/s: 0.00
[ 40s ] thds: 16 tps: 10693.00 qps: 171077.01 (r/w/o: 149692.01/0.00/21385.00) lat (ms,95%): 1.67 err/s: 0.00 reconn/s: 0.00
[ 41s ] thds: 16 tps: 10625.63 qps: 170003.11 (r/w/o: 148751.84/0.00/21251.26) lat (ms,95%): 1.79 err/s: 0.00 reconn/s: 0.00
[ 42s ] thds: 16 tps: 10311.16 qps: 165002.55 (r/w/o: 144382.23/0.00/20620.32) lat (ms,95%): 1.86 err/s: 0.00 reconn/s: 0.00
[ 43s ] thds: 16 tps: 10612.13 qps: 169814.14 (r/w/o: 148587.87/0.00/21226.27) lat (ms,95%): 1.79 err/s: 0.00 reconn/s: 0.00
[ 44s ] thds: 16 tps: 10529.80 qps: 168425.85 (r/w/o: 147366.24/0.00/21059.61) lat (ms,95%): 1.79 err/s: 0.00 reconn/s: 0.00
[ 45s ] thds: 16 tps: 10588.14 qps: 169409.25 (r/w/o: 148233.97/0.00/21175.28) lat (ms,95%): 1.79 err/s: 0.00 reconn/s: 0.00
[ 46s ] thds: 16 tps: 10495.17 qps: 167933.70 (r/w/o: 146943.36/0.00/20990.34) lat (ms,95%): 1.82 err/s: 0.00 reconn/s: 0.00
[ 47s ] thds: 16 tps: 10638.14 qps: 170209.21 (r/w/o: 148931.94/0.00/21277.28) lat (ms,95%): 1.73 err/s: 0.00 reconn/s: 0.00
[ 48s ] thds: 16 tps: 10687.82 qps: 170993.09 (r/w/o: 149617.45/0.00/21375.64) lat (ms,95%): 1.73 err/s: 0.00 reconn/s: 0.00
[ 49s ] thds: 16 tps: 10670.81 qps: 170731.97 (r/w/o: 149390.35/0.00/21341.62) lat (ms,95%): 1.73 err/s: 0.00 reconn/s: 0.00
[ 50s ] thds: 16 tps: 10572.90 qps: 169191.38 (r/w/o: 148044.58/0.00/21146.80) lat (ms,95%): 1.79 err/s: 0.00 reconn/s: 0.00
[ 51s ] thds: 16 tps: 10666.06 qps: 170623.00 (r/w/o: 149291.87/0.00/21331.12) lat (ms,95%): 1.70 err/s: 0.00 reconn/s: 0.00
[ 52s ] thds: 16 tps: 10751.21 qps: 172061.36 (r/w/o: 150558.94/0.00/21502.42) lat (ms,95%): 1.64 err/s: 0.00 reconn/s: 0.00
[ 53s ] thds: 16 tps: 10711.98 qps: 171368.73 (r/w/o: 149944.77/0.00/21423.97) lat (ms,95%): 1.70 err/s: 0.00 reconn/s: 0.00
[ 54s ] thds: 16 tps: 10509.02 qps: 168153.26 (r/w/o: 147135.23/0.00/21018.03) lat (ms,95%): 1.82 err/s: 0.00 reconn/s: 0.00
[ 55s ] thds: 16 tps: 10586.97 qps: 169383.47 (r/w/o: 148210.53/0.00/21172.93) lat (ms,95%): 1.79 err/s: 0.00 reconn/s: 0.00
[ 56s ] thds: 16 tps: 10720.27 qps: 171524.37 (r/w/o: 150083.83/0.00/21440.55) lat (ms,95%): 1.67 err/s: 0.00 reconn/s: 0.00
[ 57s ] thds: 16 tps: 10721.17 qps: 171546.69 (r/w/o: 150103.36/0.00/21443.34) lat (ms,95%): 1.70 err/s: 0.00 reconn/s: 0.00
[ 58s ] thds: 16 tps: 10668.70 qps: 170708.19 (r/w/o: 149369.79/0.00/21338.40) lat (ms,95%): 1.70 err/s: 0.00 reconn/s: 0.00
[ 59s ] thds: 16 tps: 10693.05 qps: 171097.82 (r/w/o: 149713.72/0.00/21384.10) lat (ms,95%): 1.70 err/s: 0.00 reconn/s: 0.00
[ 60s ] thds: 16 tps: 10725.36 qps: 171600.75 (r/w/o: 150150.04/0.00/21450.72) lat (ms,95%): 1.70 err/s: 0.00 reconn/s: 0.00
[ 61s ] thds: 16 tps: 10554.73 qps: 168850.73 (r/w/o: 147743.26/0.00/21107.47) lat (ms,95%): 1.82 err/s: 0.00 reconn/s: 0.00
[ 62s ] thds: 16 tps: 10731.99 qps: 171715.77 (r/w/o: 150248.80/0.00/21466.97) lat (ms,95%): 1.70 err/s: 0.00 reconn/s: 0.00
[ 63s ] thds: 16 tps: 10628.80 qps: 170082.72 (r/w/o: 148825.13/0.00/21257.59) lat (ms,95%): 1.73 err/s: 0.00 reconn/s: 0.00
[ 64s ] thds: 16 tps: 10580.15 qps: 169270.47 (r/w/o: 148110.16/0.00/21160.31) lat (ms,95%): 1.76 err/s: 0.00 reconn/s: 0.00
[ 65s ] thds: 16 tps: 10659.85 qps: 170568.58 (r/w/o: 149248.88/0.00/21319.70) lat (ms,95%): 1.73 err/s: 0.00 reconn/s: 0.00
[ 66s ] thds: 16 tps: 10280.24 qps: 164497.77 (r/w/o: 143937.30/0.00/20560.47) lat (ms,95%): 1.86 err/s: 0.00 reconn/s: 0.00
[ 67s ] thds: 16 tps: 10393.68 qps: 166275.93 (r/w/o: 145488.56/0.00/20787.37) lat (ms,95%): 1.86 err/s: 0.00 reconn/s: 0.00
[ 68s ] thds: 16 tps: 10748.06 qps: 171967.92 (r/w/o: 150471.80/0.00/21496.11) lat (ms,95%): 1.64 err/s: 0.00 reconn/s: 0.00
[ 69s ] thds: 16 tps: 10740.01 qps: 171833.09 (r/w/o: 150353.08/0.00/21480.01) lat (ms,95%): 1.67 err/s: 0.00 reconn/s: 0.00
[ 70s ] thds: 16 tps: 10386.11 qps: 166193.77 (r/w/o: 145421.55/0.00/20772.22) lat (ms,95%): 1.82 err/s: 0.00 reconn/s: 0.00
[ 71s ] thds: 16 tps: 10698.80 qps: 171171.85 (r/w/o: 149775.24/0.00/21396.61) lat (ms,95%): 1.70 err/s: 0.00 reconn/s: 0.00
[ 72s ] thds: 16 tps: 10716.79 qps: 171455.65 (r/w/o: 150021.07/0.00/21434.58) lat (ms,95%): 1.70 err/s: 0.00 reconn/s: 0.00
[ 73s ] thds: 16 tps: 10682.56 qps: 170949.01 (r/w/o: 149583.89/0.00/21365.13) lat (ms,95%): 1.73 err/s: 0.00 reconn/s: 0.00
[ 74s ] thds: 16 tps: 10684.74 qps: 170912.89 (r/w/o: 149543.40/0.00/21369.49) lat (ms,95%): 1.70 err/s: 0.00 reconn/s: 0.00
[ 75s ] thds: 16 tps: 10635.19 qps: 170180.10 (r/w/o: 148911.71/0.00/21268.39) lat (ms,95%): 1.76 err/s: 0.00 reconn/s: 0.00
[ 76s ] thds: 16 tps: 10776.63 qps: 172422.07 (r/w/o: 150867.82/0.00/21554.26) lat (ms,95%): 1.64 err/s: 0.00 reconn/s: 0.00
[ 77s ] thds: 16 tps: 10801.06 qps: 172823.89 (r/w/o: 151221.78/0.00/21602.11) lat (ms,95%): 1.64 err/s: 0.00 reconn/s: 0.00
[ 78s ] thds: 16 tps: 10606.05 qps: 169701.76 (r/w/o: 148488.67/0.00/21213.10) lat (ms,95%): 1.76 err/s: 0.00 reconn/s: 0.00
[ 79s ] thds: 16 tps: 10709.98 qps: 171375.66 (r/w/o: 149955.70/0.00/21419.96) lat (ms,95%): 1.70 err/s: 0.00 reconn/s: 0.00
[ 80s ] thds: 16 tps: 10832.07 qps: 173304.14 (r/w/o: 151641.00/0.00/21663.14) lat (ms,95%): 1.61 err/s: 0.00 reconn/s: 0.00
[ 81s ] thds: 16 tps: 10770.86 qps: 172341.74 (r/w/o: 150799.02/0.00/21542.72) lat (ms,95%): 1.70 err/s: 0.00 reconn/s: 0.00
[ 82s ] thds: 16 tps: 10599.10 qps: 169589.65 (r/w/o: 148391.45/0.00/21198.21) lat (ms,95%): 1.82 err/s: 0.00 reconn/s: 0.00
[ 83s ] thds: 16 tps: 10710.23 qps: 171351.68 (r/w/o: 149931.22/0.00/21420.46) lat (ms,95%): 1.73 err/s: 0.00 reconn/s: 0.00
[ 84s ] thds: 16 tps: 10801.76 qps: 172813.08 (r/w/o: 151209.57/0.00/21603.51) lat (ms,95%): 1.67 err/s: 0.00 reconn/s: 0.00
[ 85s ] thds: 16 tps: 10741.11 qps: 171864.70 (r/w/o: 150382.49/0.00/21482.21) lat (ms,95%): 1.70 err/s: 0.00 reconn/s: 0.00
[ 86s ] thds: 16 tps: 10469.94 qps: 167540.09 (r/w/o: 146599.21/0.00/20940.89) lat (ms,95%): 1.82 err/s: 0.00 reconn/s: 0.00
[ 87s ] thds: 16 tps: 10537.22 qps: 168609.45 (r/w/o: 147536.02/0.00/21073.43) lat (ms,95%): 1.82 err/s: 0.00 reconn/s: 0.00
[ 88s ] thds: 16 tps: 10758.77 qps: 172108.35 (r/w/o: 150590.81/0.00/21517.54) lat (ms,95%): 1.70 err/s: 0.00 reconn/s: 0.00
[ 89s ] thds: 16 tps: 10735.28 qps: 171748.55 (r/w/o: 150278.98/0.00/21469.57) lat (ms,95%): 1.73 err/s: 0.00 reconn/s: 0.00
[ 90s ] thds: 16 tps: 10702.64 qps: 171261.19 (r/w/o: 149854.92/0.00/21406.27) lat (ms,95%): 1.70 err/s: 0.00 reconn/s: 0.00
[ 91s ] thds: 16 tps: 10787.32 qps: 172560.10 (r/w/o: 150986.46/0.00/21573.64) lat (ms,95%): 1.67 err/s: 0.00 reconn/s: 0.00
[ 92s ] thds: 16 tps: 10702.80 qps: 171288.73 (r/w/o: 149882.14/0.00/21406.59) lat (ms,95%): 1.73 err/s: 0.00 reconn/s: 0.00
[ 93s ] thds: 16 tps: 10793.92 qps: 172675.72 (r/w/o: 151088.88/0.00/21586.84) lat (ms,95%): 1.70 err/s: 0.00 reconn/s: 0.00
[ 94s ] thds: 16 tps: 10723.95 qps: 171579.20 (r/w/o: 150132.30/0.00/21446.90) lat (ms,95%): 1.70 err/s: 0.00 reconn/s: 0.00
[ 95s ] thds: 16 tps: 10720.19 qps: 171528.06 (r/w/o: 150086.68/0.00/21441.38) lat (ms,95%): 1.73 err/s: 0.00 reconn/s: 0.00
[ 96s ] thds: 16 tps: 10755.02 qps: 172087.26 (r/w/o: 150576.23/0.00/21511.03) lat (ms,95%): 1.73 err/s: 0.00 reconn/s: 0.00
[ 97s ] thds: 16 tps: 10653.86 qps: 170447.81 (r/w/o: 149140.09/0.00/21307.73) lat (ms,95%): 1.76 err/s: 0.00 reconn/s: 0.00
[ 98s ] thds: 16 tps: 10742.12 qps: 171922.97 (r/w/o: 150438.72/0.00/21484.25) lat (ms,95%): 1.70 err/s: 0.00 reconn/s: 0.00
[ 99s ] thds: 16 tps: 10579.90 qps: 169263.35 (r/w/o: 148103.56/0.00/21159.79) lat (ms,95%): 1.82 err/s: 0.00 reconn/s: 0.00
[ 100s ] thds: 16 tps: 10849.31 qps: 173563.92 (r/w/o: 151866.30/0.00/21697.61) lat (ms,95%): 1.64 err/s: 0.00 reconn/s: 0.00
[ 101s ] thds: 16 tps: 10746.62 qps: 171945.97 (r/w/o: 150451.73/0.00/21494.25) lat (ms,95%): 1.79 err/s: 0.00 reconn/s: 0.00
[ 102s ] thds: 16 tps: 10739.89 qps: 171865.25 (r/w/o: 150385.47/0.00/21479.78) lat (ms,95%): 1.73 err/s: 0.00 reconn/s: 0.00
[ 103s ] thds: 16 tps: 10745.18 qps: 171911.91 (r/w/o: 150420.54/0.00/21491.36) lat (ms,95%): 1.73 err/s: 0.00 reconn/s: 0.00
[ 104s ] thds: 16 tps: 10832.91 qps: 173333.57 (r/w/o: 151668.74/0.00/21664.82) lat (ms,95%): 1.64 err/s: 0.00 reconn/s: 0.00
[ 105s ] thds: 16 tps: 10839.36 qps: 173408.69 (r/w/o: 151729.98/0.00/21678.71) lat (ms,95%): 1.67 err/s: 0.00 reconn/s: 0.00
[ 106s ] thds: 16 tps: 10558.90 qps: 168968.38 (r/w/o: 147850.58/0.00/21117.80) lat (ms,95%): 1.82 err/s: 0.00 reconn/s: 0.00
[ 107s ] thds: 16 tps: 10793.49 qps: 172706.90 (r/w/o: 151120.91/0.00/21585.99) lat (ms,95%): 1.70 err/s: 0.00 reconn/s: 0.00
[ 108s ] thds: 16 tps: 10860.61 qps: 173759.72 (r/w/o: 152038.51/0.00/21721.22) lat (ms,95%): 1.61 err/s: 0.00 reconn/s: 0.00
[ 109s ] thds: 16 tps: 10756.96 qps: 172085.41 (r/w/o: 150571.49/0.00/21513.93) lat (ms,95%): 1.73 err/s: 0.00 reconn/s: 0.00
[ 110s ] thds: 16 tps: 10582.75 qps: 169317.97 (r/w/o: 148151.47/0.00/21166.50) lat (ms,95%): 1.79 err/s: 0.00 reconn/s: 0.00
[ 111s ] thds: 16 tps: 10768.21 qps: 172293.40 (r/w/o: 150756.98/0.00/21536.43) lat (ms,95%): 1.70 err/s: 0.00 reconn/s: 0.00
[ 112s ] thds: 16 tps: 10729.58 qps: 171718.23 (r/w/o: 150259.08/0.00/21459.15) lat (ms,95%): 1.73 err/s: 0.00 reconn/s: 0.00
[ 113s ] thds: 16 tps: 10801.21 qps: 172782.43 (r/w/o: 151182.00/0.00/21600.43) lat (ms,95%): 1.70 err/s: 0.00 reconn/s: 0.00
[ 114s ] thds: 16 tps: 10816.16 qps: 173041.53 (r/w/o: 151407.21/0.00/21634.32) lat (ms,95%): 1.67 err/s: 0.00 reconn/s: 0.00
[ 115s ] thds: 16 tps: 10763.76 qps: 172243.09 (r/w/o: 150714.58/0.00/21528.51) lat (ms,95%): 1.76 err/s: 0.00 reconn/s: 0.00
[ 116s ] thds: 16 tps: 10712.02 qps: 171400.33 (r/w/o: 149977.29/0.00/21423.04) lat (ms,95%): 1.76 err/s: 0.00 reconn/s: 0.00
[ 117s ] thds: 16 tps: 10723.07 qps: 171563.14 (r/w/o: 150117.00/0.00/21446.14) lat (ms,95%): 1.79 err/s: 0.00 reconn/s: 0.00
[ 118s ] thds: 16 tps: 10730.04 qps: 171655.65 (r/w/o: 150195.57/0.00/21460.08) lat (ms,95%): 1.73 err/s: 0.00 reconn/s: 0.00
[ 119s ] thds: 16 tps: 10671.97 qps: 170761.55 (r/w/o: 149418.61/0.00/21342.94) lat (ms,95%): 1.79 err/s: 0.00 reconn/s: 0.00
[ 120s ] thds: 16 tps: 10787.70 qps: 172646.28 (r/w/o: 151069.87/0.00/21576.41) lat (ms,95%): 1.70 err/s: 0.00 reconn/s: 0.00
[ 121s ] thds: 16 tps: 10845.66 qps: 173492.63 (r/w/o: 151803.30/0.00/21689.33) lat (ms,95%): 1.70 err/s: 0.00 reconn/s: 0.00
[ 122s ] thds: 16 tps: 10653.87 qps: 170478.88 (r/w/o: 149169.14/0.00/21309.73) lat (ms,95%): 1.79 err/s: 0.00 reconn/s: 0.00
[ 123s ] thds: 16 tps: 10830.87 qps: 173280.91 (r/w/o: 151619.17/0.00/21661.74) lat (ms,95%): 1.64 err/s: 0.00 reconn/s: 0.00
[ 124s ] thds: 16 tps: 10803.17 qps: 172851.76 (r/w/o: 151245.41/0.00/21606.34) lat (ms,95%): 1.70 err/s: 0.00 reconn/s: 0.00
[ 125s ] thds: 16 tps: 10697.75 qps: 171177.95 (r/w/o: 149782.46/0.00/21395.49) lat (ms,95%): 1.79 err/s: 0.00 reconn/s: 0.00
[ 126s ] thds: 16 tps: 10798.03 qps: 172742.50 (r/w/o: 151146.44/0.00/21596.06) lat (ms,95%): 1.67 err/s: 0.00 reconn/s: 0.00
[ 127s ] thds: 16 tps: 10850.84 qps: 173632.40 (r/w/o: 151930.73/0.00/21701.68) lat (ms,95%): 1.67 err/s: 0.00 reconn/s: 0.00
[ 128s ] thds: 16 tps: 10881.51 qps: 174121.15 (r/w/o: 152358.13/0.00/21763.02) lat (ms,95%): 1.64 err/s: 0.00 reconn/s: 0.00
[ 129s ] thds: 16 tps: 10944.63 qps: 175088.09 (r/w/o: 153198.83/0.00/21889.26) lat (ms,95%): 1.61 err/s: 0.00 reconn/s: 0.00
[ 130s ] thds: 16 tps: 10792.13 qps: 172678.15 (r/w/o: 151093.88/0.00/21584.27) lat (ms,95%): 1.70 err/s: 0.00 reconn/s: 0.00
[ 131s ] thds: 16 tps: 10796.07 qps: 172726.10 (r/w/o: 151135.96/0.00/21590.14) lat (ms,95%): 1.70 err/s: 0.00 reconn/s: 0.00
[ 132s ] thds: 16 tps: 10861.57 qps: 173757.10 (r/w/o: 152033.96/0.00/21723.14) lat (ms,95%): 1.67 err/s: 0.00 reconn/s: 0.00
[ 133s ] thds: 16 tps: 10563.01 qps: 169068.18 (r/w/o: 147940.15/0.00/21128.02) lat (ms,95%): 1.82 err/s: 0.00 reconn/s: 0.00
[ 134s ] thds: 16 tps: 10801.50 qps: 172792.04 (r/w/o: 151190.04/0.00/21602.01) lat (ms,95%): 1.70 err/s: 0.00 reconn/s: 0.00
[ 135s ] thds: 16 tps: 10919.62 qps: 174729.89 (r/w/o: 152889.65/0.00/21840.24) lat (ms,95%): 1.61 err/s: 0.00 reconn/s: 0.00
[ 136s ] thds: 16 tps: 10884.99 qps: 174156.89 (r/w/o: 152386.90/0.00/21769.99) lat (ms,95%): 1.64 err/s: 0.00 reconn/s: 0.00
[ 137s ] thds: 16 tps: 10872.16 qps: 173960.63 (r/w/o: 152217.30/0.00/21743.33) lat (ms,95%): 1.70 err/s: 0.00 reconn/s: 0.00
[ 138s ] thds: 16 tps: 10726.81 qps: 171619.99 (r/w/o: 150165.37/0.00/21454.62) lat (ms,95%): 1.76 err/s: 0.00 reconn/s: 0.00
[ 139s ] thds: 16 tps: 10784.91 qps: 172592.57 (r/w/o: 151022.75/0.00/21569.82) lat (ms,95%): 1.70 err/s: 0.00 reconn/s: 0.00
[ 140s ] thds: 16 tps: 10903.40 qps: 174447.38 (r/w/o: 152640.58/0.00/21806.80) lat (ms,95%): 1.61 err/s: 0.00 reconn/s: 0.00
[ 141s ] thds: 16 tps: 10651.10 qps: 170366.65 (r/w/o: 149065.44/0.00/21301.21) lat (ms,95%): 1.79 err/s: 0.00 reconn/s: 0.00
[ 142s ] thds: 16 tps: 10631.00 qps: 170115.02 (r/w/o: 148852.02/0.00/21263.00) lat (ms,95%): 1.79 err/s: 0.00 reconn/s: 0.00
[ 143s ] thds: 16 tps: 10781.26 qps: 172518.19 (r/w/o: 150955.67/0.00/21562.52) lat (ms,95%): 1.73 err/s: 0.00 reconn/s: 0.00
[ 144s ] thds: 16 tps: 10802.39 qps: 172833.19 (r/w/o: 151228.42/0.00/21604.77) lat (ms,95%): 1.70 err/s: 0.00 reconn/s: 0.00
[ 145s ] thds: 16 tps: 10887.00 qps: 174179.01 (r/w/o: 152406.00/0.00/21773.00) lat (ms,95%): 1.67 err/s: 0.00 reconn/s: 0.00
[ 146s ] thds: 16 tps: 10783.95 qps: 172563.20 (r/w/o: 150995.30/0.00/21567.90) lat (ms,95%): 1.73 err/s: 0.00 reconn/s: 0.00
[ 147s ] thds: 16 tps: 10815.64 qps: 173046.16 (r/w/o: 151413.89/0.00/21632.27) lat (ms,95%): 1.70 err/s: 0.00 reconn/s: 0.00
[ 148s ] thds: 16 tps: 10883.74 qps: 174152.78 (r/w/o: 152386.31/0.00/21766.47) lat (ms,95%): 1.61 err/s: 0.00 reconn/s: 0.00
[ 149s ] thds: 16 tps: 10804.40 qps: 172844.44 (r/w/o: 151234.64/0.00/21609.81) lat (ms,95%): 1.70 err/s: 0.00 reconn/s: 0.00
[ 150s ] thds: 16 tps: 10688.09 qps: 171019.39 (r/w/o: 149644.21/0.00/21375.17) lat (ms,95%): 1.79 err/s: 0.00 reconn/s: 0.00
[ 151s ] thds: 16 tps: 10891.37 qps: 174253.98 (r/w/o: 152472.23/0.00/21781.75) lat (ms,95%): 1.61 err/s: 0.00 reconn/s: 0.00
[ 152s ] thds: 16 tps: 10847.10 qps: 173522.58 (r/w/o: 151826.38/0.00/21696.20) lat (ms,95%): 1.64 err/s: 0.00 reconn/s: 0.00
[ 153s ] thds: 16 tps: 10871.79 qps: 173957.72 (r/w/o: 152214.13/0.00/21743.59) lat (ms,95%): 1.67 err/s: 0.00 reconn/s: 0.00
[ 154s ] thds: 16 tps: 10819.46 qps: 173148.42 (r/w/o: 151509.49/0.00/21638.93) lat (ms,95%): 1.70 err/s: 0.00 reconn/s: 0.00
[ 155s ] thds: 16 tps: 10772.93 qps: 172359.87 (r/w/o: 150814.01/0.00/21545.86) lat (ms,95%): 1.76 err/s: 0.00 reconn/s: 0.00
[ 156s ] thds: 16 tps: 10762.65 qps: 172196.32 (r/w/o: 150672.03/0.00/21524.29) lat (ms,95%): 1.73 err/s: 0.00 reconn/s: 0.00
[ 157s ] thds: 16 tps: 10734.98 qps: 171773.71 (r/w/o: 150303.75/0.00/21469.96) lat (ms,95%): 1.79 err/s: 0.00 reconn/s: 0.00
[ 158s ] thds: 16 tps: 10903.93 qps: 174463.89 (r/w/o: 152655.03/0.00/21808.86) lat (ms,95%): 1.61 err/s: 0.00 reconn/s: 0.00
[ 159s ] thds: 16 tps: 10817.01 qps: 173063.21 (r/w/o: 151431.19/0.00/21632.03) lat (ms,95%): 1.73 err/s: 0.00 reconn/s: 0.00
[ 160s ] thds: 16 tps: 10860.11 qps: 173766.80 (r/w/o: 152044.57/0.00/21722.22) lat (ms,95%): 1.64 err/s: 0.00 reconn/s: 0.00
[ 161s ] thds: 16 tps: 10714.50 qps: 171413.05 (r/w/o: 149984.04/0.00/21429.01) lat (ms,95%): 1.76 err/s: 0.00 reconn/s: 0.00
[ 162s ] thds: 16 tps: 10798.88 qps: 172802.08 (r/w/o: 151204.32/0.00/21597.76) lat (ms,95%): 1.76 err/s: 0.00 reconn/s: 0.00
[ 163s ] thds: 16 tps: 10890.36 qps: 174198.70 (r/w/o: 152420.99/0.00/21777.71) lat (ms,95%): 1.64 err/s: 0.00 reconn/s: 0.00
[ 164s ] thds: 16 tps: 10944.19 qps: 175152.00 (r/w/o: 153260.63/0.00/21891.38) lat (ms,95%): 1.58 err/s: 0.00 reconn/s: 0.00
[ 165s ] thds: 16 tps: 10835.98 qps: 173378.73 (r/w/o: 151707.76/0.00/21670.97) lat (ms,95%): 1.73 err/s: 0.00 reconn/s: 0.00
[ 166s ] thds: 16 tps: 10726.93 qps: 171629.95 (r/w/o: 150175.08/0.00/21454.87) lat (ms,95%): 1.79 err/s: 0.00 reconn/s: 0.00
[ 167s ] thds: 16 tps: 10890.98 qps: 174261.69 (r/w/o: 152479.73/0.00/21781.96) lat (ms,95%): 1.67 err/s: 0.00 reconn/s: 0.00
[ 168s ] thds: 16 tps: 10714.11 qps: 171413.77 (r/w/o: 149985.55/0.00/21428.22) lat (ms,95%): 1.79 err/s: 0.00 reconn/s: 0.00
[ 169s ] thds: 16 tps: 10845.03 qps: 173506.43 (r/w/o: 151816.38/0.00/21690.05) lat (ms,95%): 1.73 err/s: 0.00 reconn/s: 0.00
[ 170s ] thds: 16 tps: 10905.64 qps: 174499.20 (r/w/o: 152688.93/0.00/21810.28) lat (ms,95%): 1.61 err/s: 0.00 reconn/s: 0.00
[ 171s ] thds: 16 tps: 10846.36 qps: 173537.76 (r/w/o: 151844.04/0.00/21693.72) lat (ms,95%): 1.67 err/s: 0.00 reconn/s: 0.00
[ 172s ] thds: 16 tps: 10833.03 qps: 173348.51 (r/w/o: 151682.45/0.00/21666.06) lat (ms,95%): 1.67 err/s: 0.00 reconn/s: 0.00
[ 173s ] thds: 16 tps: 10889.84 qps: 174225.48 (r/w/o: 152445.80/0.00/21779.68) lat (ms,95%): 1.70 err/s: 0.00 reconn/s: 0.00
[ 174s ] thds: 16 tps: 10784.45 qps: 172552.13 (r/w/o: 150983.24/0.00/21568.89) lat (ms,95%): 1.73 err/s: 0.00 reconn/s: 0.00
[ 175s ] thds: 16 tps: 10807.83 qps: 172922.21 (r/w/o: 151306.56/0.00/21615.65) lat (ms,95%): 1.76 err/s: 0.00 reconn/s: 0.00
[ 176s ] thds: 16 tps: 10797.86 qps: 172767.80 (r/w/o: 151172.08/0.00/21595.73) lat (ms,95%): 1.73 err/s: 0.00 reconn/s: 0.00
[ 177s ] thds: 16 tps: 10621.90 qps: 169915.37 (r/w/o: 148672.58/0.00/21242.80) lat (ms,95%): 1.79 err/s: 0.00 reconn/s: 0.00
[ 178s ] thds: 16 tps: 10389.96 qps: 166261.31 (r/w/o: 145481.40/0.00/20779.91) lat (ms,95%): 1.82 err/s: 0.00 reconn/s: 0.00
[ 179s ] thds: 16 tps: 10874.21 qps: 173992.30 (r/w/o: 152242.89/0.00/21749.41) lat (ms,95%): 1.67 err/s: 0.00 reconn/s: 0.00
[ 180s ] thds: 16 tps: 10962.85 qps: 175394.59 (r/w/o: 153468.89/0.00/21925.70) lat (ms,95%): 1.58 err/s: 0.00 reconn/s: 0.00
[ 181s ] thds: 16 tps: 10911.02 qps: 174601.26 (r/w/o: 152779.22/0.00/21822.03) lat (ms,95%): 1.67 err/s: 0.00 reconn/s: 0.00
[ 182s ] thds: 16 tps: 10871.77 qps: 173935.26 (r/w/o: 152192.72/0.00/21742.53) lat (ms,95%): 1.70 err/s: 0.00 reconn/s: 0.00
[ 183s ] thds: 16 tps: 10806.32 qps: 172912.06 (r/w/o: 151298.43/0.00/21613.63) lat (ms,95%): 1.70 err/s: 0.00 reconn/s: 0.00
[ 184s ] thds: 16 tps: 10834.63 qps: 173317.07 (r/w/o: 151647.81/0.00/21669.26) lat (ms,95%): 1.70 err/s: 0.00 reconn/s: 0.00
[ 185s ] thds: 16 tps: 10902.23 qps: 174487.74 (r/w/o: 152683.27/0.00/21804.47) lat (ms,95%): 1.64 err/s: 0.00 reconn/s: 0.00
[ 186s ] thds: 16 tps: 10762.00 qps: 172149.92 (r/w/o: 150626.93/0.00/21522.99) lat (ms,95%): 1.76 err/s: 0.00 reconn/s: 0.00
[ 187s ] thds: 16 tps: 10940.10 qps: 175072.52 (r/w/o: 153191.33/0.00/21881.19) lat (ms,95%): 1.61 err/s: 0.00 reconn/s: 0.00
[ 188s ] thds: 16 tps: 10908.97 qps: 174532.47 (r/w/o: 152715.54/0.00/21816.93) lat (ms,95%): 1.61 err/s: 0.00 reconn/s: 0.00
[ 189s ] thds: 16 tps: 10932.04 qps: 174899.58 (r/w/o: 153035.51/0.00/21864.07) lat (ms,95%): 1.64 err/s: 0.00 reconn/s: 0.00
[ 190s ] thds: 16 tps: 10889.96 qps: 174235.37 (r/w/o: 152454.45/0.00/21780.92) lat (ms,95%): 1.67 err/s: 0.00 reconn/s: 0.00
[ 191s ] thds: 16 tps: 10923.21 qps: 174779.41 (r/w/o: 152933.98/0.00/21845.43) lat (ms,95%): 1.61 err/s: 0.00 reconn/s: 0.00
[ 192s ] thds: 16 tps: 10907.82 qps: 174536.19 (r/w/o: 152719.54/0.00/21816.65) lat (ms,95%): 1.67 err/s: 0.00 reconn/s: 0.00
[ 193s ] thds: 16 tps: 10840.50 qps: 173440.97 (r/w/o: 151760.97/0.00/21680.00) lat (ms,95%): 1.73 err/s: 0.00 reconn/s: 0.00
[ 194s ] thds: 16 tps: 10890.47 qps: 174274.55 (r/w/o: 152493.60/0.00/21780.94) lat (ms,95%): 1.64 err/s: 0.00 reconn/s: 0.00
[ 195s ] thds: 16 tps: 10821.57 qps: 173098.09 (r/w/o: 151455.96/0.00/21642.14) lat (ms,95%): 1.70 err/s: 0.00 reconn/s: 0.00
[ 196s ] thds: 16 tps: 10923.39 qps: 174806.30 (r/w/o: 152957.52/0.00/21848.79) lat (ms,95%): 1.61 err/s: 0.00 reconn/s: 0.00
[ 197s ] thds: 16 tps: 10777.47 qps: 172430.55 (r/w/o: 150876.61/0.00/21553.94) lat (ms,95%): 1.76 err/s: 0.00 reconn/s: 0.00
[ 198s ] thds: 16 tps: 10848.29 qps: 173570.60 (r/w/o: 151875.03/0.00/21695.58) lat (ms,95%): 1.67 err/s: 0.00 reconn/s: 0.00
[ 199s ] thds: 16 tps: 10676.30 qps: 170825.87 (r/w/o: 149472.26/0.00/21353.61) lat (ms,95%): 1.79 err/s: 0.00 reconn/s: 0.00
[ 200s ] thds: 16 tps: 10959.95 qps: 175350.21 (r/w/o: 153429.31/0.00/21920.90) lat (ms,95%): 1.58 err/s: 0.00 reconn/s: 0.00
[ 201s ] thds: 16 tps: 10793.49 qps: 172707.82 (r/w/o: 151120.85/0.00/21586.98) lat (ms,95%): 1.73 err/s: 0.00 reconn/s: 0.00
[ 202s ] thds: 16 tps: 10946.62 qps: 175072.98 (r/w/o: 153180.73/0.00/21892.25) lat (ms,95%): 1.61 err/s: 0.00 reconn/s: 0.00
[ 203s ] thds: 16 tps: 10841.00 qps: 173518.93 (r/w/o: 151835.94/0.00/21682.99) lat (ms,95%): 1.70 err/s: 0.00 reconn/s: 0.00
[ 204s ] thds: 16 tps: 10906.96 qps: 174514.43 (r/w/o: 152701.50/0.00/21812.93) lat (ms,95%): 1.67 err/s: 0.00 reconn/s: 0.00
[ 205s ] thds: 16 tps: 10845.07 qps: 173533.19 (r/w/o: 151842.04/0.00/21691.15) lat (ms,95%): 1.70 err/s: 0.00 reconn/s: 0.00
[ 206s ] thds: 16 tps: 10859.96 qps: 173746.42 (r/w/o: 152027.49/0.00/21718.93) lat (ms,95%): 1.70 err/s: 0.00 reconn/s: 0.00
[ 207s ] thds: 16 tps: 10907.91 qps: 174527.49 (r/w/o: 152712.68/0.00/21814.81) lat (ms,95%): 1.67 err/s: 0.00 reconn/s: 0.00
[ 208s ] thds: 16 tps: 10777.29 qps: 172476.65 (r/w/o: 150920.07/0.00/21556.58) lat (ms,95%): 1.76 err/s: 0.00 reconn/s: 0.00
[ 209s ] thds: 16 tps: 10747.85 qps: 171938.60 (r/w/o: 150442.90/0.00/21495.70) lat (ms,95%): 1.76 err/s: 0.00 reconn/s: 0.00
[ 210s ] thds: 16 tps: 10847.79 qps: 173568.57 (r/w/o: 151873.00/0.00/21695.57) lat (ms,95%): 1.73 err/s: 0.00 reconn/s: 0.00
[ 211s ] thds: 16 tps: 10871.72 qps: 173926.55 (r/w/o: 152183.10/0.00/21743.44) lat (ms,95%): 1.70 err/s: 0.00 reconn/s: 0.00
[ 212s ] thds: 16 tps: 10849.37 qps: 173560.98 (r/w/o: 151863.23/0.00/21697.75) lat (ms,95%): 1.70 err/s: 0.00 reconn/s: 0.00
[ 213s ] thds: 16 tps: 10765.35 qps: 172278.55 (r/w/o: 150746.86/0.00/21531.69) lat (ms,95%): 1.76 err/s: 0.00 reconn/s: 0.00
[ 214s ] thds: 16 tps: 10596.17 qps: 169562.73 (r/w/o: 148371.38/0.00/21191.34) lat (ms,95%): 1.82 err/s: 0.00 reconn/s: 0.00
[ 215s ] thds: 16 tps: 10875.66 qps: 174002.63 (r/w/o: 152250.30/0.00/21752.33) lat (ms,95%): 1.67 err/s: 0.00 reconn/s: 0.00
[ 216s ] thds: 16 tps: 10846.84 qps: 173557.49 (r/w/o: 151863.80/0.00/21693.69) lat (ms,95%): 1.73 err/s: 0.00 reconn/s: 0.00
[ 217s ] thds: 16 tps: 10879.36 qps: 174056.71 (r/w/o: 152298.99/0.00/21757.71) lat (ms,95%): 1.73 err/s: 0.00 reconn/s: 0.00
[ 218s ] thds: 16 tps: 10434.92 qps: 166958.75 (r/w/o: 146088.91/0.00/20869.84) lat (ms,95%): 1.82 err/s: 0.00 reconn/s: 0.00
[ 219s ] thds: 16 tps: 10823.25 qps: 173150.92 (r/w/o: 151503.43/0.00/21647.49) lat (ms,95%): 1.73 err/s: 0.00 reconn/s: 0.00
[ 220s ] thds: 16 tps: 10836.48 qps: 173375.68 (r/w/o: 151702.72/0.00/21672.96) lat (ms,95%): 1.70 err/s: 0.00 reconn/s: 0.00
[ 221s ] thds: 16 tps: 10922.03 qps: 174745.45 (r/w/o: 152902.39/0.00/21843.06) lat (ms,95%): 1.70 err/s: 0.00 reconn/s: 0.00
[ 222s ] thds: 16 tps: 10862.12 qps: 173805.93 (r/w/o: 152081.69/0.00/21724.24) lat (ms,95%): 1.67 err/s: 0.00 reconn/s: 0.00
[ 223s ] thds: 16 tps: 10644.98 qps: 170327.60 (r/w/o: 149038.65/0.00/21288.95) lat (ms,95%): 1.79 err/s: 0.00 reconn/s: 0.00
[ 224s ] thds: 16 tps: 10976.21 qps: 175608.37 (r/w/o: 153653.95/0.00/21954.42) lat (ms,95%): 1.61 err/s: 0.00 reconn/s: 0.00
[ 225s ] thds: 16 tps: 10855.67 qps: 173652.77 (r/w/o: 151942.42/0.00/21710.35) lat (ms,95%): 1.70 err/s: 0.00 reconn/s: 0.00
[ 226s ] thds: 16 tps: 10860.08 qps: 173851.31 (r/w/o: 152129.15/0.00/21722.16) lat (ms,95%): 1.70 err/s: 0.00 reconn/s: 0.00
[ 227s ] thds: 16 tps: 10942.88 qps: 175081.13 (r/w/o: 153196.37/0.00/21884.77) lat (ms,95%): 1.58 err/s: 0.00 reconn/s: 0.00
[ 228s ] thds: 16 tps: 10796.71 qps: 172721.32 (r/w/o: 151127.90/0.00/21593.41) lat (ms,95%): 1.73 err/s: 0.00 reconn/s: 0.00
[ 229s ] thds: 16 tps: 10812.19 qps: 172990.12 (r/w/o: 151365.73/0.00/21624.39) lat (ms,95%): 1.73 err/s: 0.00 reconn/s: 0.00
[ 230s ] thds: 16 tps: 10815.26 qps: 173016.20 (r/w/o: 151385.68/0.00/21630.53) lat (ms,95%): 1.76 err/s: 0.00 reconn/s: 0.00
[ 231s ] thds: 16 tps: 10825.88 qps: 173240.03 (r/w/o: 151589.27/0.00/21650.75) lat (ms,95%): 1.76 err/s: 0.00 reconn/s: 0.00
[ 232s ] thds: 16 tps: 10896.31 qps: 174367.01 (r/w/o: 152574.39/0.00/21792.63) lat (ms,95%): 1.67 err/s: 0.00 reconn/s: 0.00
[ 233s ] thds: 16 tps: 10949.01 qps: 175163.13 (r/w/o: 153264.12/0.00/21899.02) lat (ms,95%): 1.67 err/s: 0.00 reconn/s: 0.00
[ 234s ] thds: 16 tps: 10794.92 qps: 172741.69 (r/w/o: 151152.85/0.00/21588.84) lat (ms,95%): 1.76 err/s: 0.00 reconn/s: 0.00
[ 235s ] thds: 16 tps: 10881.33 qps: 174114.26 (r/w/o: 152350.61/0.00/21763.66) lat (ms,95%): 1.70 err/s: 0.00 reconn/s: 0.00
[ 236s ] thds: 16 tps: 10935.44 qps: 174916.01 (r/w/o: 153046.13/0.00/21869.88) lat (ms,95%): 1.64 err/s: 0.00 reconn/s: 0.00
[ 237s ] thds: 16 tps: 10900.99 qps: 174436.83 (r/w/o: 152635.85/0.00/21800.98) lat (ms,95%): 1.67 err/s: 0.00 reconn/s: 0.00
[ 238s ] thds: 16 tps: 10818.19 qps: 173089.99 (r/w/o: 151451.62/0.00/21638.37) lat (ms,95%): 1.70 err/s: 0.00 reconn/s: 0.00
[ 239s ] thds: 16 tps: 10807.85 qps: 172931.58 (r/w/o: 151315.88/0.00/21615.70) lat (ms,95%): 1.73 err/s: 0.00 reconn/s: 0.00
[ 240s ] thds: 16 tps: 10943.02 qps: 175064.36 (r/w/o: 153179.32/0.00/21885.05) lat (ms,95%): 1.64 err/s: 0.00 reconn/s: 0.00
[ 241s ] thds: 16 tps: 10687.85 qps: 170970.62 (r/w/o: 149595.92/0.00/21374.70) lat (ms,95%): 1.79 err/s: 0.00 reconn/s: 0.00
[ 242s ] thds: 16 tps: 10885.09 qps: 174217.37 (r/w/o: 152445.20/0.00/21772.17) lat (ms,95%): 1.67 err/s: 0.00 reconn/s: 0.00
[ 243s ] thds: 16 tps: 10901.02 qps: 174433.35 (r/w/o: 152630.31/0.00/21803.04) lat (ms,95%): 1.64 err/s: 0.00 reconn/s: 0.00
[ 244s ] thds: 16 tps: 10941.84 qps: 175000.39 (r/w/o: 153117.72/0.00/21882.67) lat (ms,95%): 1.64 err/s: 0.00 reconn/s: 0.00
[ 245s ] thds: 16 tps: 10793.89 qps: 172755.28 (r/w/o: 151168.50/0.00/21586.79) lat (ms,95%): 1.76 err/s: 0.00 reconn/s: 0.00
[ 246s ] thds: 16 tps: 10750.32 qps: 171977.07 (r/w/o: 150475.44/0.00/21501.63) lat (ms,95%): 1.79 err/s: 0.00 reconn/s: 0.00
[ 247s ] thds: 16 tps: 10880.04 qps: 174094.58 (r/w/o: 152335.51/0.00/21759.07) lat (ms,95%): 1.67 err/s: 0.00 reconn/s: 0.00
[ 248s ] thds: 16 tps: 10740.32 qps: 171840.11 (r/w/o: 150359.47/0.00/21480.64) lat (ms,95%): 1.73 err/s: 0.00 reconn/s: 0.00
[ 249s ] thds: 16 tps: 10921.28 qps: 174756.53 (r/w/o: 152912.97/0.00/21843.57) lat (ms,95%): 1.67 err/s: 0.00 reconn/s: 0.00
[ 250s ] thds: 16 tps: 10888.31 qps: 174193.94 (r/w/o: 152417.32/0.00/21776.62) lat (ms,95%): 1.67 err/s: 0.00 reconn/s: 0.00
[ 251s ] thds: 16 tps: 10760.19 qps: 172167.97 (r/w/o: 150648.60/0.00/21519.37) lat (ms,95%): 1.73 err/s: 0.00 reconn/s: 0.00
[ 252s ] thds: 16 tps: 10964.25 qps: 175449.04 (r/w/o: 153520.53/0.00/21928.50) lat (ms,95%): 1.61 err/s: 0.00 reconn/s: 0.00
[ 253s ] thds: 16 tps: 10829.71 qps: 173271.41 (r/w/o: 151610.98/0.00/21660.43) lat (ms,95%): 1.73 err/s: 0.00 reconn/s: 0.00
[ 254s ] thds: 16 tps: 10841.19 qps: 173469.11 (r/w/o: 151786.72/0.00/21682.39) lat (ms,95%): 1.70 err/s: 0.00 reconn/s: 0.00
[ 255s ] thds: 16 tps: 10857.82 qps: 173698.10 (r/w/o: 151982.46/0.00/21715.64) lat (ms,95%): 1.70 err/s: 0.00 reconn/s: 0.00
[ 256s ] thds: 16 tps: 10793.75 qps: 172673.97 (r/w/o: 151086.48/0.00/21587.50) lat (ms,95%): 1.76 err/s: 0.00 reconn/s: 0.00
[ 257s ] thds: 16 tps: 10919.88 qps: 174748.11 (r/w/o: 152908.35/0.00/21839.76) lat (ms,95%): 1.70 err/s: 0.00 reconn/s: 0.00
[ 258s ] thds: 16 tps: 10922.63 qps: 174779.13 (r/w/o: 152933.86/0.00/21845.27) lat (ms,95%): 1.64 err/s: 0.00 reconn/s: 0.00
[ 259s ] thds: 16 tps: 10917.63 qps: 174681.15 (r/w/o: 152845.88/0.00/21835.27) lat (ms,95%): 1.67 err/s: 0.00 reconn/s: 0.00
[ 260s ] thds: 16 tps: 10881.27 qps: 174102.38 (r/w/o: 152339.83/0.00/21762.55) lat (ms,95%): 1.70 err/s: 0.00 reconn/s: 0.00
[ 261s ] thds: 16 tps: 10839.71 qps: 173448.41 (r/w/o: 151768.99/0.00/21679.43) lat (ms,95%): 1.76 err/s: 0.00 reconn/s: 0.00
[ 262s ] thds: 16 tps: 10819.01 qps: 173061.20 (r/w/o: 151424.18/0.00/21637.02) lat (ms,95%): 1.73 err/s: 0.00 reconn/s: 0.00
[ 263s ] thds: 16 tps: 10943.81 qps: 175109.89 (r/w/o: 153222.28/0.00/21887.61) lat (ms,95%): 1.64 err/s: 0.00 reconn/s: 0.00
[ 264s ] thds: 16 tps: 10853.37 qps: 173656.96 (r/w/o: 151949.21/0.00/21707.74) lat (ms,95%): 1.67 err/s: 0.00 reconn/s: 0.00
[ 265s ] thds: 16 tps: 10725.87 qps: 171616.87 (r/w/o: 150166.14/0.00/21450.73) lat (ms,95%): 1.79 err/s: 0.00 reconn/s: 0.00
[ 266s ] thds: 16 tps: 10900.16 qps: 174414.55 (r/w/o: 152614.24/0.00/21800.32) lat (ms,95%): 1.67 err/s: 0.00 reconn/s: 0.00
[ 267s ] thds: 16 tps: 10744.75 qps: 171909.92 (r/w/o: 150420.43/0.00/21489.49) lat (ms,95%): 1.76 err/s: 0.00 reconn/s: 0.00
[ 268s ] thds: 16 tps: 10933.95 qps: 174917.14 (r/w/o: 153048.25/0.00/21868.89) lat (ms,95%): 1.64 err/s: 0.00 reconn/s: 0.00
[ 269s ] thds: 16 tps: 10893.11 qps: 174304.80 (r/w/o: 152518.57/0.00/21786.22) lat (ms,95%): 1.67 err/s: 0.00 reconn/s: 0.00
[ 270s ] thds: 16 tps: 10874.96 qps: 174004.34 (r/w/o: 152254.42/0.00/21749.92) lat (ms,95%): 1.70 err/s: 0.00 reconn/s: 0.00
[ 271s ] thds: 16 tps: 10953.69 qps: 175302.06 (r/w/o: 153394.68/0.00/21907.38) lat (ms,95%): 1.61 err/s: 0.00 reconn/s: 0.00
[ 272s ] thds: 16 tps: 10930.57 qps: 174820.03 (r/w/o: 152958.90/0.00/21861.13) lat (ms,95%): 1.64 err/s: 0.00 reconn/s: 0.00
[ 273s ] thds: 16 tps: 10878.79 qps: 174072.67 (r/w/o: 152315.09/0.00/21757.58) lat (ms,95%): 1.70 err/s: 0.00 reconn/s: 0.00
[ 274s ] thds: 16 tps: 10759.23 qps: 172142.69 (r/w/o: 150624.23/0.00/21518.46) lat (ms,95%): 1.76 err/s: 0.00 reconn/s: 0.00
[ 275s ] thds: 16 tps: 10959.14 qps: 175342.31 (r/w/o: 153425.02/0.00/21917.29) lat (ms,95%): 1.61 err/s: 0.00 reconn/s: 0.00
[ 276s ] thds: 16 tps: 10980.88 qps: 175725.15 (r/w/o: 153762.38/0.00/21962.77) lat (ms,95%): 1.58 err/s: 0.00 reconn/s: 0.00
[ 277s ] thds: 16 tps: 10825.99 qps: 173210.81 (r/w/o: 151558.84/0.00/21651.98) lat (ms,95%): 1.73 err/s: 0.00 reconn/s: 0.00
[ 278s ] thds: 16 tps: 10882.89 qps: 174124.31 (r/w/o: 152358.52/0.00/21765.79) lat (ms,95%): 1.67 err/s: 0.00 reconn/s: 0.00
[ 279s ] thds: 16 tps: 10941.88 qps: 175053.04 (r/w/o: 153171.28/0.00/21881.75) lat (ms,95%): 1.61 err/s: 0.00 reconn/s: 0.00
[ 280s ] thds: 16 tps: 10896.48 qps: 174356.68 (r/w/o: 152561.72/0.00/21794.96) lat (ms,95%): 1.67 err/s: 0.00 reconn/s: 0.00
[ 281s ] thds: 16 tps: 10994.00 qps: 175913.07 (r/w/o: 153925.06/0.00/21988.01) lat (ms,95%): 1.64 err/s: 0.00 reconn/s: 0.00
[ 282s ] thds: 16 tps: 10925.88 qps: 174813.08 (r/w/o: 152961.32/0.00/21851.76) lat (ms,95%): 1.64 err/s: 0.00 reconn/s: 0.00
[ 283s ] thds: 16 tps: 10697.64 qps: 171147.28 (r/w/o: 149753.00/0.00/21394.29) lat (ms,95%): 1.79 err/s: 0.00 reconn/s: 0.00
[ 284s ] thds: 16 tps: 10948.21 qps: 175159.43 (r/w/o: 153262.00/0.00/21897.43) lat (ms,95%): 1.61 err/s: 0.00 reconn/s: 0.00
[ 285s ] thds: 16 tps: 10645.24 qps: 170344.85 (r/w/o: 149054.37/0.00/21290.48) lat (ms,95%): 1.79 err/s: 0.00 reconn/s: 0.00
[ 286s ] thds: 16 tps: 10784.63 qps: 172577.02 (r/w/o: 151008.76/0.00/21568.25) lat (ms,95%): 1.76 err/s: 0.00 reconn/s: 0.00
[ 287s ] thds: 16 tps: 10849.05 qps: 173532.80 (r/w/o: 151833.69/0.00/21699.10) lat (ms,95%): 1.70 err/s: 0.00 reconn/s: 0.00
[ 288s ] thds: 16 tps: 10918.94 qps: 174726.06 (r/w/o: 152890.18/0.00/21835.88) lat (ms,95%): 1.67 err/s: 0.00 reconn/s: 0.00
[ 289s ] thds: 16 tps: 11039.26 qps: 176654.18 (r/w/o: 154573.66/0.00/22080.52) lat (ms,95%): 1.58 err/s: 0.00 reconn/s: 0.00
[ 290s ] thds: 16 tps: 10283.21 qps: 164514.31 (r/w/o: 143947.90/0.00/20566.41) lat (ms,95%): 1.86 err/s: 0.00 reconn/s: 0.00
[ 291s ] thds: 16 tps: 10899.66 qps: 174382.62 (r/w/o: 152584.29/0.00/21798.33) lat (ms,95%): 1.70 err/s: 0.00 reconn/s: 0.00
[ 292s ] thds: 16 tps: 10952.46 qps: 175258.30 (r/w/o: 153352.39/0.00/21905.91) lat (ms,95%): 1.61 err/s: 0.00 reconn/s: 0.00
[ 293s ] thds: 16 tps: 11013.76 qps: 176235.13 (r/w/o: 154207.62/0.00/22027.52) lat (ms,95%): 1.58 err/s: 0.00 reconn/s: 0.00
[ 294s ] thds: 16 tps: 10846.26 qps: 173444.14 (r/w/o: 151756.62/0.00/21687.52) lat (ms,95%): 1.76 err/s: 0.00 reconn/s: 0.00
[ 295s ] thds: 16 tps: 10857.51 qps: 173813.14 (r/w/o: 152093.13/0.00/21720.02) lat (ms,95%): 1.70 err/s: 0.00 reconn/s: 0.00
[ 296s ] thds: 16 tps: 10880.69 qps: 174068.09 (r/w/o: 152306.70/0.00/21761.39) lat (ms,95%): 1.70 err/s: 0.00 reconn/s: 0.00
[ 297s ] thds: 16 tps: 10967.22 qps: 175501.51 (r/w/o: 153567.07/0.00/21934.44) lat (ms,95%): 1.64 err/s: 0.00 reconn/s: 0.00
[ 298s ] thds: 16 tps: 10798.88 qps: 172754.06 (r/w/o: 151156.30/0.00/21597.76) lat (ms,95%): 1.76 err/s: 0.00 reconn/s: 0.00
[ 299s ] thds: 16 tps: 10493.14 qps: 167875.30 (r/w/o: 146890.01/0.00/20985.29) lat (ms,95%): 1.82 err/s: 0.00 reconn/s: 0.00
[ 300s ] thds: 16 tps: 10929.08 qps: 174903.34 (r/w/o: 153044.17/0.00/21859.17) lat (ms,95%): 1.64 err/s: 0.00 reconn/s: 0.00
[ 301s ] thds: 16 tps: 10923.85 qps: 174754.62 (r/w/o: 152906.91/0.00/21847.70) lat (ms,95%): 1.67 err/s: 0.00 reconn/s: 0.00
[ 302s ] thds: 16 tps: 10807.01 qps: 172938.15 (r/w/o: 151324.13/0.00/21614.02) lat (ms,95%): 1.73 err/s: 0.00 reconn/s: 0.00
[ 303s ] thds: 16 tps: 10992.12 qps: 175833.90 (r/w/o: 153850.66/0.00/21983.24) lat (ms,95%): 1.58 err/s: 0.00 reconn/s: 0.00
[ 304s ] thds: 16 tps: 10789.91 qps: 172644.54 (r/w/o: 151063.72/0.00/21580.82) lat (ms,95%): 1.76 err/s: 0.00 reconn/s: 0.00
[ 305s ] thds: 16 tps: 10925.93 qps: 174847.92 (r/w/o: 152996.06/0.00/21851.87) lat (ms,95%): 1.67 err/s: 0.00 reconn/s: 0.00
[ 306s ] thds: 16 tps: 10834.27 qps: 173302.39 (r/w/o: 151634.84/0.00/21667.55) lat (ms,95%): 1.73 err/s: 0.00 reconn/s: 0.00
[ 307s ] thds: 16 tps: 10776.00 qps: 172461.07 (r/w/o: 150908.06/0.00/21553.01) lat (ms,95%): 1.76 err/s: 0.00 reconn/s: 0.00
[ 308s ] thds: 16 tps: 10831.06 qps: 173279.01 (r/w/o: 151616.88/0.00/21662.13) lat (ms,95%): 1.70 err/s: 0.00 reconn/s: 0.00
[ 309s ] thds: 16 tps: 11024.68 qps: 176415.90 (r/w/o: 154366.54/0.00/22049.36) lat (ms,95%): 1.58 err/s: 0.00 reconn/s: 0.00
[ 310s ] thds: 16 tps: 10906.07 qps: 174478.11 (r/w/o: 152665.97/0.00/21812.14) lat (ms,95%): 1.67 err/s: 0.00 reconn/s: 0.00
[ 311s ] thds: 16 tps: 10966.79 qps: 175486.69 (r/w/o: 153553.11/0.00/21933.59) lat (ms,95%): 1.61 err/s: 0.00 reconn/s: 0.00
[ 312s ] thds: 16 tps: 10885.89 qps: 174157.32 (r/w/o: 152387.53/0.00/21769.79) lat (ms,95%): 1.70 err/s: 0.00 reconn/s: 0.00
[ 313s ] thds: 16 tps: 10738.44 qps: 171835.03 (r/w/o: 150356.15/0.00/21478.88) lat (ms,95%): 1.79 err/s: 0.00 reconn/s: 0.00
[ 314s ] thds: 16 tps: 10775.96 qps: 172408.34 (r/w/o: 150856.42/0.00/21551.92) lat (ms,95%): 1.76 err/s: 0.00 reconn/s: 0.00
[ 315s ] thds: 16 tps: 10932.99 qps: 174888.79 (r/w/o: 153023.82/0.00/21864.97) lat (ms,95%): 1.64 err/s: 0.00 reconn/s: 0.00
[ 316s ] thds: 16 tps: 10850.13 qps: 173610.16 (r/w/o: 151909.89/0.00/21700.27) lat (ms,95%): 1.76 err/s: 0.00 reconn/s: 0.00
[ 317s ] thds: 16 tps: 10877.41 qps: 174040.50 (r/w/o: 152284.69/0.00/21755.81) lat (ms,95%): 1.73 err/s: 0.00 reconn/s: 0.00
[ 318s ] thds: 16 tps: 10878.38 qps: 174051.06 (r/w/o: 152294.30/0.00/21756.76) lat (ms,95%): 1.70 err/s: 0.00 reconn/s: 0.00
[ 319s ] thds: 16 tps: 10974.27 qps: 175607.31 (r/w/o: 153658.77/0.00/21948.54) lat (ms,95%): 1.61 err/s: 0.00 reconn/s: 0.00
[ 320s ] thds: 16 tps: 10960.01 qps: 175349.22 (r/w/o: 153430.19/0.00/21919.03) lat (ms,95%): 1.61 err/s: 0.00 reconn/s: 0.00
[ 321s ] thds: 16 tps: 10870.84 qps: 173937.46 (r/w/o: 152194.78/0.00/21742.68) lat (ms,95%): 1.73 err/s: 0.00 reconn/s: 0.00
[ 322s ] thds: 16 tps: 10801.01 qps: 172800.23 (r/w/o: 151199.20/0.00/21601.03) lat (ms,95%): 1.76 err/s: 0.00 reconn/s: 0.00
[ 323s ] thds: 16 tps: 10926.98 qps: 174877.63 (r/w/o: 153022.68/0.00/21854.95) lat (ms,95%): 1.64 err/s: 0.00 reconn/s: 0.00
[ 324s ] thds: 16 tps: 10983.95 qps: 175729.23 (r/w/o: 153762.33/0.00/21966.90) lat (ms,95%): 1.58 err/s: 0.00 reconn/s: 0.00
[ 325s ] thds: 16 tps: 10913.32 qps: 174606.13 (r/w/o: 152778.49/0.00/21827.64) lat (ms,95%): 1.70 err/s: 0.00 reconn/s: 0.00
[ 326s ] thds: 16 tps: 10856.78 qps: 173717.53 (r/w/o: 152003.96/0.00/21713.57) lat (ms,95%): 1.70 err/s: 0.00 reconn/s: 0.00
[ 327s ] thds: 16 tps: 10843.92 qps: 173482.69 (r/w/o: 151793.85/0.00/21688.84) lat (ms,95%): 1.70 err/s: 0.00 reconn/s: 0.00
[ 328s ] thds: 16 tps: 10833.99 qps: 173380.80 (r/w/o: 151713.83/0.00/21666.98) lat (ms,95%): 1.73 err/s: 0.00 reconn/s: 0.00
[ 329s ] thds: 16 tps: 10841.08 qps: 173412.28 (r/w/o: 151730.12/0.00/21682.16) lat (ms,95%): 1.73 err/s: 0.00 reconn/s: 0.00
[ 330s ] thds: 16 tps: 10875.74 qps: 174012.84 (r/w/o: 152261.36/0.00/21751.48) lat (ms,95%): 1.70 err/s: 0.00 reconn/s: 0.00
[ 331s ] thds: 16 tps: 10784.83 qps: 172571.34 (r/w/o: 151002.67/0.00/21568.67) lat (ms,95%): 1.76 err/s: 0.00 reconn/s: 0.00
[ 332s ] thds: 16 tps: 10970.32 qps: 175533.11 (r/w/o: 153591.48/0.00/21941.64) lat (ms,95%): 1.61 err/s: 0.00 reconn/s: 0.00
[ 333s ] thds: 16 tps: 10887.15 qps: 174198.40 (r/w/o: 152424.10/0.00/21774.30) lat (ms,95%): 1.70 err/s: 0.00 reconn/s: 0.00
[ 334s ] thds: 16 tps: 10867.01 qps: 173879.13 (r/w/o: 152145.11/0.00/21734.02) lat (ms,95%): 1.70 err/s: 0.00 reconn/s: 0.00
[ 335s ] thds: 16 tps: 10902.91 qps: 174445.52 (r/w/o: 152640.70/0.00/21804.81) lat (ms,95%): 1.70 err/s: 0.00 reconn/s: 0.00
[ 336s ] thds: 16 tps: 10856.16 qps: 173634.59 (r/w/o: 151923.27/0.00/21711.32) lat (ms,95%): 1.70 err/s: 0.00 reconn/s: 0.00
[ 337s ] thds: 16 tps: 10864.78 qps: 173909.50 (r/w/o: 152178.94/0.00/21730.56) lat (ms,95%): 1.73 err/s: 0.00 reconn/s: 0.00
[ 338s ] thds: 16 tps: 10818.43 qps: 173055.91 (r/w/o: 151418.04/0.00/21637.86) lat (ms,95%): 1.73 err/s: 0.00 reconn/s: 0.00
[ 339s ] thds: 16 tps: 10974.93 qps: 175593.94 (r/w/o: 153646.07/0.00/21947.87) lat (ms,95%): 1.58 err/s: 0.00 reconn/s: 0.00
[ 340s ] thds: 16 tps: 10879.73 qps: 174098.71 (r/w/o: 152338.25/0.00/21760.46) lat (ms,95%): 1.70 err/s: 0.00 reconn/s: 0.00
[ 341s ] thds: 16 tps: 10931.71 qps: 174884.39 (r/w/o: 153019.97/0.00/21864.42) lat (ms,95%): 1.67 err/s: 0.00 reconn/s: 0.00
[ 342s ] thds: 16 tps: 10866.56 qps: 173883.98 (r/w/o: 152151.85/0.00/21732.12) lat (ms,95%): 1.70 err/s: 0.00 reconn/s: 0.00
[ 343s ] thds: 16 tps: 10911.94 qps: 174589.97 (r/w/o: 152765.10/0.00/21824.87) lat (ms,95%): 1.67 err/s: 0.00 reconn/s: 0.00
[ 344s ] thds: 16 tps: 10778.87 qps: 172497.99 (r/w/o: 150940.24/0.00/21557.75) lat (ms,95%): 1.76 err/s: 0.00 reconn/s: 0.00
[ 345s ] thds: 16 tps: 10912.93 qps: 174569.93 (r/w/o: 152744.07/0.00/21825.87) lat (ms,95%): 1.73 err/s: 0.00 reconn/s: 0.00
[ 346s ] thds: 16 tps: 10805.01 qps: 172849.09 (r/w/o: 151239.08/0.00/21610.01) lat (ms,95%): 1.76 err/s: 0.00 reconn/s: 0.00
[ 347s ] thds: 16 tps: 10841.70 qps: 173502.24 (r/w/o: 151818.84/0.00/21683.41) lat (ms,95%): 1.73 err/s: 0.00 reconn/s: 0.00
[ 348s ] thds: 16 tps: 10930.16 qps: 174894.60 (r/w/o: 153034.27/0.00/21860.32) lat (ms,95%): 1.64 err/s: 0.00 reconn/s: 0.00
[ 349s ] thds: 16 tps: 10768.10 qps: 172261.60 (r/w/o: 150726.40/0.00/21535.20) lat (ms,95%): 1.76 err/s: 0.00 reconn/s: 0.00
[ 350s ] thds: 16 tps: 10779.94 qps: 172489.08 (r/w/o: 150928.19/0.00/21560.88) lat (ms,95%): 1.73 err/s: 0.00 reconn/s: 0.00
[ 351s ] thds: 16 tps: 10928.24 qps: 174876.86 (r/w/o: 153020.38/0.00/21856.48) lat (ms,95%): 1.67 err/s: 0.00 reconn/s: 0.00
[ 352s ] thds: 16 tps: 10891.67 qps: 174244.71 (r/w/o: 152462.37/0.00/21782.34) lat (ms,95%): 1.67 err/s: 0.00 reconn/s: 0.00
[ 353s ] thds: 16 tps: 10835.25 qps: 173360.96 (r/w/o: 151689.46/0.00/21671.49) lat (ms,95%): 1.73 err/s: 0.00 reconn/s: 0.00
[ 354s ] thds: 16 tps: 10865.01 qps: 173843.24 (r/w/o: 152113.21/0.00/21730.03) lat (ms,95%): 1.70 err/s: 0.00 reconn/s: 0.00
[ 355s ] thds: 16 tps: 10956.81 qps: 175305.92 (r/w/o: 153392.30/0.00/21913.61) lat (ms,95%): 1.64 err/s: 0.00 reconn/s: 0.00
[ 356s ] thds: 16 tps: 10914.20 qps: 174617.27 (r/w/o: 152789.86/0.00/21827.41) lat (ms,95%): 1.67 err/s: 0.00 reconn/s: 0.00
[ 357s ] thds: 16 tps: 10749.85 qps: 172016.55 (r/w/o: 150516.86/0.00/21499.69) lat (ms,95%): 1.79 err/s: 0.00 reconn/s: 0.00
[ 358s ] thds: 16 tps: 10949.87 qps: 175194.89 (r/w/o: 153294.15/0.00/21900.74) lat (ms,95%): 1.61 err/s: 0.00 reconn/s: 0.00
[ 359s ] thds: 16 tps: 10808.11 qps: 172944.73 (r/w/o: 151328.52/0.00/21616.22) lat (ms,95%): 1.79 err/s: 0.00 reconn/s: 0.00
[ 360s ] thds: 16 tps: 10976.06 qps: 175574.02 (r/w/o: 153622.89/0.00/21951.13) lat (ms,95%): 1.61 err/s: 0.00 reconn/s: 0.00
[ 361s ] thds: 16 tps: 10971.04 qps: 175563.70 (r/w/o: 153621.61/0.00/21942.09) lat (ms,95%): 1.64 err/s: 0.00 reconn/s: 0.00
[ 362s ] thds: 16 tps: 10844.06 qps: 173502.02 (r/w/o: 151812.89/0.00/21689.13) lat (ms,95%): 1.70 err/s: 0.00 reconn/s: 0.00
[ 363s ] thds: 16 tps: 10941.59 qps: 175106.43 (r/w/o: 153222.25/0.00/21884.18) lat (ms,95%): 1.64 err/s: 0.00 reconn/s: 0.00
[ 364s ] thds: 16 tps: 11014.30 qps: 176189.80 (r/w/o: 154163.20/0.00/22026.60) lat (ms,95%): 1.55 err/s: 0.00 reconn/s: 0.00
[ 365s ] thds: 16 tps: 10643.06 qps: 170278.04 (r/w/o: 148990.91/0.00/21287.13) lat (ms,95%): 1.82 err/s: 0.00 reconn/s: 0.00
[ 366s ] thds: 16 tps: 10808.11 qps: 172953.84 (r/w/o: 151338.61/0.00/21615.23) lat (ms,95%): 1.79 err/s: 0.00 reconn/s: 0.00
[ 367s ] thds: 16 tps: 10922.05 qps: 174751.86 (r/w/o: 152905.75/0.00/21846.11) lat (ms,95%): 1.67 err/s: 0.00 reconn/s: 0.00
[ 368s ] thds: 16 tps: 10958.30 qps: 175333.79 (r/w/o: 153418.19/0.00/21915.60) lat (ms,95%): 1.61 err/s: 0.00 reconn/s: 0.00
[ 369s ] thds: 16 tps: 10988.44 qps: 175783.11 (r/w/o: 153807.22/0.00/21975.89) lat (ms,95%): 1.61 err/s: 0.00 reconn/s: 0.00
[ 370s ] thds: 16 tps: 10847.83 qps: 173584.30 (r/w/o: 151888.63/0.00/21695.66) lat (ms,95%): 1.76 err/s: 0.00 reconn/s: 0.00
[ 371s ] thds: 16 tps: 10957.11 qps: 175274.73 (r/w/o: 153360.52/0.00/21914.22) lat (ms,95%): 1.64 err/s: 0.00 reconn/s: 0.00
[ 372s ] thds: 16 tps: 10995.79 qps: 175944.72 (r/w/o: 153952.13/0.00/21992.59) lat (ms,95%): 1.58 err/s: 0.00 reconn/s: 0.00
[ 373s ] thds: 16 tps: 10456.37 qps: 167363.89 (r/w/o: 146451.16/0.00/20912.74) lat (ms,95%): 1.82 err/s: 0.00 reconn/s: 0.00
[ 374s ] thds: 16 tps: 10857.93 qps: 173661.88 (r/w/o: 151947.02/0.00/21714.86) lat (ms,95%): 1.70 err/s: 0.00 reconn/s: 0.00
[ 375s ] thds: 16 tps: 10712.96 qps: 171456.31 (r/w/o: 150029.40/0.00/21426.91) lat (ms,95%): 1.79 err/s: 0.00 reconn/s: 0.00
[ 376s ] thds: 16 tps: 10897.17 qps: 174322.74 (r/w/o: 152528.40/0.00/21794.34) lat (ms,95%): 1.70 err/s: 0.00 reconn/s: 0.00
[ 377s ] thds: 16 tps: 10861.90 qps: 173772.46 (r/w/o: 152050.65/0.00/21721.81) lat (ms,95%): 1.73 err/s: 0.00 reconn/s: 0.00
[ 378s ] thds: 16 tps: 10875.74 qps: 174033.82 (r/w/o: 152282.35/0.00/21751.48) lat (ms,95%): 1.73 err/s: 0.00 reconn/s: 0.00
[ 379s ] thds: 16 tps: 10952.98 qps: 175267.63 (r/w/o: 153360.68/0.00/21906.95) lat (ms,95%): 1.61 err/s: 0.00 reconn/s: 0.00
[ 380s ] thds: 16 tps: 10980.13 qps: 175668.12 (r/w/o: 153706.86/0.00/21961.27) lat (ms,95%): 1.58 err/s: 0.00 reconn/s: 0.00
[ 381s ] thds: 16 tps: 10948.16 qps: 175177.64 (r/w/o: 153282.31/0.00/21895.33) lat (ms,95%): 1.64 err/s: 0.00 reconn/s: 0.00
[ 382s ] thds: 16 tps: 10827.93 qps: 173241.87 (r/w/o: 151586.01/0.00/21655.86) lat (ms,95%): 1.70 err/s: 0.00 reconn/s: 0.00
[ 383s ] thds: 16 tps: 10888.20 qps: 174166.16 (r/w/o: 152389.77/0.00/21776.40) lat (ms,95%): 1.70 err/s: 0.00 reconn/s: 0.00
[ 384s ] thds: 16 tps: 10847.03 qps: 173589.48 (r/w/o: 151895.42/0.00/21694.06) lat (ms,95%): 1.73 err/s: 0.00 reconn/s: 0.00
[ 385s ] thds: 16 tps: 10868.05 qps: 173907.82 (r/w/o: 152170.72/0.00/21737.10) lat (ms,95%): 1.73 err/s: 0.00 reconn/s: 0.00
[ 386s ] thds: 16 tps: 10898.70 qps: 174383.19 (r/w/o: 152585.79/0.00/21797.40) lat (ms,95%): 1.70 err/s: 0.00 reconn/s: 0.00
[ 387s ] thds: 16 tps: 10954.94 qps: 175263.12 (r/w/o: 153354.23/0.00/21908.89) lat (ms,95%): 1.61 err/s: 0.00 reconn/s: 0.00
[ 388s ] thds: 16 tps: 10821.91 qps: 173147.57 (r/w/o: 151502.75/0.00/21644.82) lat (ms,95%): 1.76 err/s: 0.00 reconn/s: 0.00
[ 389s ] thds: 16 tps: 10917.25 qps: 174658.95 (r/w/o: 152825.46/0.00/21833.49) lat (ms,95%): 1.70 err/s: 0.00 reconn/s: 0.00
[ 390s ] thds: 16 tps: 10670.08 qps: 170741.30 (r/w/o: 149400.14/0.00/21341.16) lat (ms,95%): 1.79 err/s: 0.00 reconn/s: 0.00
[ 391s ] thds: 16 tps: 10845.99 qps: 173517.80 (r/w/o: 151826.83/0.00/21690.98) lat (ms,95%): 1.70 err/s: 0.00 reconn/s: 0.00
[ 392s ] thds: 16 tps: 10904.94 qps: 174509.96 (r/w/o: 152699.09/0.00/21810.87) lat (ms,95%): 1.70 err/s: 0.00 reconn/s: 0.00
[ 393s ] thds: 16 tps: 10928.95 qps: 174860.14 (r/w/o: 153002.24/0.00/21857.89) lat (ms,95%): 1.70 err/s: 0.00 reconn/s: 0.00
[ 394s ] thds: 16 tps: 10874.62 qps: 173985.89 (r/w/o: 152237.66/0.00/21748.24) lat (ms,95%): 1.70 err/s: 0.00 reconn/s: 0.00
[ 395s ] thds: 16 tps: 10853.35 qps: 173641.61 (r/w/o: 151933.91/0.00/21707.70) lat (ms,95%): 1.73 err/s: 0.00 reconn/s: 0.00
[ 396s ] thds: 16 tps: 10926.95 qps: 174833.27 (r/w/o: 152980.36/0.00/21852.91) lat (ms,95%): 1.61 err/s: 0.00 reconn/s: 0.00
[ 397s ] thds: 16 tps: 10909.10 qps: 174555.56 (r/w/o: 152736.36/0.00/21819.19) lat (ms,95%): 1.70 err/s: 0.00 reconn/s: 0.00
[ 398s ] thds: 16 tps: 10857.03 qps: 173733.45 (r/w/o: 152019.39/0.00/21714.06) lat (ms,95%): 1.73 err/s: 0.00 reconn/s: 0.00
[ 399s ] thds: 16 tps: 10782.80 qps: 172476.85 (r/w/o: 150912.24/0.00/21564.61) lat (ms,95%): 1.79 err/s: 0.00 reconn/s: 0.00
[ 400s ] thds: 16 tps: 10930.02 qps: 174935.32 (r/w/o: 153074.28/0.00/21861.04) lat (ms,95%): 1.64 err/s: 0.00 reconn/s: 0.00
[ 401s ] thds: 16 tps: 10973.95 qps: 175544.18 (r/w/o: 153596.28/0.00/21947.90) lat (ms,95%): 1.67 err/s: 0.00 reconn/s: 0.00
[ 402s ] thds: 16 tps: 10878.25 qps: 174082.96 (r/w/o: 152326.46/0.00/21756.49) lat (ms,95%): 1.70 err/s: 0.00 reconn/s: 0.00
[ 403s ] thds: 16 tps: 10965.25 qps: 175438.99 (r/w/o: 153508.50/0.00/21930.50) lat (ms,95%): 1.61 err/s: 0.00 reconn/s: 0.00
[ 404s ] thds: 16 tps: 10930.77 qps: 174878.27 (r/w/o: 153016.73/0.00/21861.53) lat (ms,95%): 1.64 err/s: 0.00 reconn/s: 0.00
[ 405s ] thds: 16 tps: 10949.83 qps: 175174.34 (r/w/o: 153275.67/0.00/21898.67) lat (ms,95%): 1.67 err/s: 0.00 reconn/s: 0.00
[ 406s ] thds: 16 tps: 10940.04 qps: 175058.62 (r/w/o: 153177.54/0.00/21881.08) lat (ms,95%): 1.67 err/s: 0.00 reconn/s: 0.00
[ 407s ] thds: 16 tps: 10931.01 qps: 174896.19 (r/w/o: 153034.16/0.00/21862.02) lat (ms,95%): 1.61 err/s: 0.00 reconn/s: 0.00
[ 408s ] thds: 16 tps: 10775.93 qps: 172437.89 (r/w/o: 150886.03/0.00/21551.86) lat (ms,95%): 1.76 err/s: 0.00 reconn/s: 0.00
[ 409s ] thds: 16 tps: 10787.60 qps: 172603.62 (r/w/o: 151028.42/0.00/21575.20) lat (ms,95%): 1.76 err/s: 0.00 reconn/s: 0.00
[ 410s ] thds: 16 tps: 10870.21 qps: 173876.43 (r/w/o: 152136.01/0.00/21740.43) lat (ms,95%): 1.70 err/s: 0.00 reconn/s: 0.00
[ 411s ] thds: 16 tps: 10774.03 qps: 172414.55 (r/w/o: 150866.48/0.00/21548.07) lat (ms,95%): 1.76 err/s: 0.00 reconn/s: 0.00
[ 412s ] thds: 16 tps: 10919.17 qps: 174671.67 (r/w/o: 152835.34/0.00/21836.33) lat (ms,95%): 1.67 err/s: 0.00 reconn/s: 0.00
[ 413s ] thds: 16 tps: 10927.23 qps: 174835.72 (r/w/o: 152981.26/0.00/21854.47) lat (ms,95%): 1.67 err/s: 0.00 reconn/s: 0.00
[ 414s ] thds: 16 tps: 10643.60 qps: 170332.54 (r/w/o: 149043.35/0.00/21289.19) lat (ms,95%): 1.79 err/s: 0.00 reconn/s: 0.00
[ 415s ] thds: 16 tps: 10862.00 qps: 173799.94 (r/w/o: 152075.94/0.00/21723.99) lat (ms,95%): 1.70 err/s: 0.00 reconn/s: 0.00
[ 416s ] thds: 16 tps: 10852.77 qps: 173653.30 (r/w/o: 151947.76/0.00/21705.54) lat (ms,95%): 1.73 err/s: 0.00 reconn/s: 0.00
[ 417s ] thds: 16 tps: 10970.45 qps: 175510.18 (r/w/o: 153569.28/0.00/21940.90) lat (ms,95%): 1.64 err/s: 0.00 reconn/s: 0.00
[ 418s ] thds: 16 tps: 10851.02 qps: 173623.32 (r/w/o: 151921.28/0.00/21702.04) lat (ms,95%): 1.73 err/s: 0.00 reconn/s: 0.00
[ 419s ] thds: 16 tps: 10758.84 qps: 172129.49 (r/w/o: 150611.80/0.00/21517.69) lat (ms,95%): 1.76 err/s: 0.00 reconn/s: 0.00
[ 420s ] thds: 16 tps: 10779.25 qps: 172480.04 (r/w/o: 150921.53/0.00/21558.50) lat (ms,95%): 1.73 err/s: 0.00 reconn/s: 0.00
[ 421s ] thds: 16 tps: 10884.88 qps: 174149.11 (r/w/o: 152379.34/0.00/21769.76) lat (ms,95%): 1.73 err/s: 0.00 reconn/s: 0.00
[ 422s ] thds: 16 tps: 10673.02 qps: 170744.36 (r/w/o: 149399.32/0.00/21345.04) lat (ms,95%): 1.79 err/s: 0.00 reconn/s: 0.00
[ 423s ] thds: 16 tps: 10909.92 qps: 174573.66 (r/w/o: 152752.83/0.00/21820.83) lat (ms,95%): 1.64 err/s: 0.00 reconn/s: 0.00
[ 424s ] thds: 16 tps: 10942.31 qps: 175049.99 (r/w/o: 153165.36/0.00/21884.62) lat (ms,95%): 1.67 err/s: 0.00 reconn/s: 0.00
[ 425s ] thds: 16 tps: 10826.21 qps: 173250.34 (r/w/o: 151597.92/0.00/21652.42) lat (ms,95%): 1.73 err/s: 0.00 reconn/s: 0.00
[ 426s ] thds: 16 tps: 10761.79 qps: 172169.70 (r/w/o: 150646.11/0.00/21523.59) lat (ms,95%): 1.79 err/s: 0.00 reconn/s: 0.00
[ 427s ] thds: 16 tps: 10964.74 qps: 175479.90 (r/w/o: 153550.42/0.00/21929.49) lat (ms,95%): 1.61 err/s: 0.00 reconn/s: 0.00
[ 428s ] thds: 16 tps: 10941.97 qps: 175088.50 (r/w/o: 153204.56/0.00/21883.94) lat (ms,95%): 1.67 err/s: 0.00 reconn/s: 0.00
[ 429s ] thds: 16 tps: 10979.78 qps: 175632.49 (r/w/o: 153672.93/0.00/21959.56) lat (ms,95%): 1.67 err/s: 0.00 reconn/s: 0.00
[ 430s ] thds: 16 tps: 10375.32 qps: 166036.15 (r/w/o: 145285.50/0.00/20750.64) lat (ms,95%): 1.82 err/s: 0.00 reconn/s: 0.00
[ 431s ] thds: 16 tps: 10943.78 qps: 175105.46 (r/w/o: 153216.90/0.00/21888.56) lat (ms,95%): 1.64 err/s: 0.00 reconn/s: 0.00
[ 432s ] thds: 16 tps: 10879.87 qps: 174058.89 (r/w/o: 152300.15/0.00/21758.74) lat (ms,95%): 1.70 err/s: 0.00 reconn/s: 0.00
[ 433s ] thds: 16 tps: 10868.36 qps: 173872.78 (r/w/o: 152136.06/0.00/21736.72) lat (ms,95%): 1.73 err/s: 0.00 reconn/s: 0.00
[ 434s ] thds: 16 tps: 10780.65 qps: 172506.33 (r/w/o: 150945.03/0.00/21561.29) lat (ms,95%): 1.76 err/s: 0.00 reconn/s: 0.00
[ 435s ] thds: 16 tps: 10872.87 qps: 173964.93 (r/w/o: 152219.19/0.00/21745.74) lat (ms,95%): 1.73 err/s: 0.00 reconn/s: 0.00
[ 436s ] thds: 16 tps: 10936.76 qps: 175005.17 (r/w/o: 153132.65/0.00/21872.52) lat (ms,95%): 1.64 err/s: 0.00 reconn/s: 0.00
[ 437s ] thds: 16 tps: 10885.79 qps: 174135.57 (r/w/o: 152366.00/0.00/21769.57) lat (ms,95%): 1.70 err/s: 0.00 reconn/s: 0.00
[ 438s ] thds: 16 tps: 10873.38 qps: 173940.05 (r/w/o: 152191.29/0.00/21748.76) lat (ms,95%): 1.70 err/s: 0.00 reconn/s: 0.00
[ 439s ] thds: 16 tps: 10867.45 qps: 173936.15 (r/w/o: 152200.25/0.00/21735.89) lat (ms,95%): 1.70 err/s: 0.00 reconn/s: 0.00
[ 440s ] thds: 16 tps: 11031.02 qps: 176493.37 (r/w/o: 154431.32/0.00/22062.05) lat (ms,95%): 1.55 err/s: 0.00 reconn/s: 0.00
[ 441s ] thds: 16 tps: 10967.33 qps: 175415.21 (r/w/o: 153480.56/0.00/21934.65) lat (ms,95%): 1.67 err/s: 0.00 reconn/s: 0.00
[ 442s ] thds: 16 tps: 10752.66 qps: 172112.53 (r/w/o: 150608.21/0.00/21504.32) lat (ms,95%): 1.76 err/s: 0.00 reconn/s: 0.00
[ 443s ] thds: 16 tps: 10886.87 qps: 174165.92 (r/w/o: 152393.18/0.00/21772.74) lat (ms,95%): 1.73 err/s: 0.00 reconn/s: 0.00
[ 444s ] thds: 16 tps: 11025.44 qps: 176427.05 (r/w/o: 154374.17/0.00/22052.88) lat (ms,95%): 1.55 err/s: 0.00 reconn/s: 0.00
[ 445s ] thds: 16 tps: 10785.62 qps: 172552.86 (r/w/o: 150981.63/0.00/21571.23) lat (ms,95%): 1.76 err/s: 0.00 reconn/s: 0.00
[ 446s ] thds: 16 tps: 10924.85 qps: 174807.53 (r/w/o: 152958.84/0.00/21848.69) lat (ms,95%): 1.64 err/s: 0.00 reconn/s: 0.00
[ 447s ] thds: 16 tps: 10907.64 qps: 174502.19 (r/w/o: 152686.92/0.00/21815.27) lat (ms,95%): 1.67 err/s: 0.00 reconn/s: 0.00
[ 448s ] thds: 16 tps: 10880.69 qps: 174112.97 (r/w/o: 152349.60/0.00/21763.37) lat (ms,95%): 1.70 err/s: 0.00 reconn/s: 0.00
[ 449s ] thds: 16 tps: 10918.08 qps: 174675.28 (r/w/o: 152840.12/0.00/21835.16) lat (ms,95%): 1.70 err/s: 0.00 reconn/s: 0.00
[ 450s ] thds: 16 tps: 10803.94 qps: 172904.09 (r/w/o: 151296.20/0.00/21607.89) lat (ms,95%): 1.76 err/s: 0.00 reconn/s: 0.00
[ 451s ] thds: 16 tps: 10805.01 qps: 172885.21 (r/w/o: 151275.18/0.00/21610.03) lat (ms,95%): 1.76 err/s: 0.00 reconn/s: 0.00
[ 452s ] thds: 16 tps: 10939.06 qps: 175003.94 (r/w/o: 153125.82/0.00/21878.12) lat (ms,95%): 1.64 err/s: 0.00 reconn/s: 0.00
[ 453s ] thds: 16 tps: 10819.60 qps: 173113.57 (r/w/o: 151474.37/0.00/21639.20) lat (ms,95%): 1.76 err/s: 0.00 reconn/s: 0.00
[ 454s ] thds: 16 tps: 10758.64 qps: 172120.20 (r/w/o: 150603.92/0.00/21516.27) lat (ms,95%): 1.76 err/s: 0.00 reconn/s: 0.00
[ 455s ] thds: 16 tps: 10934.57 qps: 174975.08 (r/w/o: 153104.94/0.00/21870.13) lat (ms,95%): 1.67 err/s: 0.00 reconn/s: 0.00
[ 456s ] thds: 16 tps: 10818.08 qps: 173033.26 (r/w/o: 151399.10/0.00/21634.16) lat (ms,95%): 1.76 err/s: 0.00 reconn/s: 0.00
[ 457s ] thds: 16 tps: 10904.31 qps: 174530.03 (r/w/o: 152720.40/0.00/21809.63) lat (ms,95%): 1.70 err/s: 0.00 reconn/s: 0.00
[ 458s ] thds: 16 tps: 10586.73 qps: 169333.71 (r/w/o: 148160.25/0.00/21173.46) lat (ms,95%): 1.82 err/s: 0.00 reconn/s: 0.00
[ 459s ] thds: 16 tps: 10868.97 qps: 173928.60 (r/w/o: 152189.65/0.00/21738.95) lat (ms,95%): 1.70 err/s: 0.00 reconn/s: 0.00
[ 460s ] thds: 16 tps: 10860.81 qps: 173782.95 (r/w/o: 152062.33/0.00/21720.62) lat (ms,95%): 1.70 err/s: 0.00 reconn/s: 0.00
[ 461s ] thds: 16 tps: 10886.19 qps: 174167.99 (r/w/o: 152394.62/0.00/21773.37) lat (ms,95%): 1.70 err/s: 0.00 reconn/s: 0.00
[ 462s ] thds: 16 tps: 10809.97 qps: 172961.47 (r/w/o: 151341.53/0.00/21619.93) lat (ms,95%): 1.73 err/s: 0.00 reconn/s: 0.00
[ 463s ] thds: 16 tps: 10861.59 qps: 173764.42 (r/w/o: 152042.24/0.00/21722.18) lat (ms,95%): 1.73 err/s: 0.00 reconn/s: 0.00
[ 464s ] thds: 16 tps: 10969.56 qps: 175521.94 (r/w/o: 153581.82/0.00/21940.12) lat (ms,95%): 1.61 err/s: 0.00 reconn/s: 0.00
[ 465s ] thds: 16 tps: 10883.79 qps: 174149.70 (r/w/o: 152382.11/0.00/21767.59) lat (ms,95%): 1.73 err/s: 0.00 reconn/s: 0.00
[ 466s ] thds: 16 tps: 10995.08 qps: 175927.26 (r/w/o: 153937.10/0.00/21990.16) lat (ms,95%): 1.61 err/s: 0.00 reconn/s: 0.00
[ 467s ] thds: 16 tps: 10778.95 qps: 172504.19 (r/w/o: 150946.29/0.00/21557.90) lat (ms,95%): 1.79 err/s: 0.00 reconn/s: 0.00
[ 468s ] thds: 16 tps: 10940.30 qps: 175009.87 (r/w/o: 153130.27/0.00/21879.61) lat (ms,95%): 1.61 err/s: 0.00 reconn/s: 0.00
[ 469s ] thds: 16 tps: 11010.64 qps: 176132.18 (r/w/o: 154110.91/0.00/22021.27) lat (ms,95%): 1.61 err/s: 0.00 reconn/s: 0.00
[ 470s ] thds: 16 tps: 10830.36 qps: 173326.72 (r/w/o: 151665.01/0.00/21661.72) lat (ms,95%): 1.67 err/s: 0.00 reconn/s: 0.00
[ 471s ] thds: 16 tps: 10818.66 qps: 173098.61 (r/w/o: 151461.28/0.00/21637.33) lat (ms,95%): 1.79 err/s: 0.00 reconn/s: 0.00
[ 472s ] thds: 16 tps: 10929.12 qps: 174855.95 (r/w/o: 152997.71/0.00/21858.24) lat (ms,95%): 1.67 err/s: 0.00 reconn/s: 0.00
[ 473s ] thds: 16 tps: 10870.41 qps: 173913.63 (r/w/o: 152172.80/0.00/21740.83) lat (ms,95%): 1.73 err/s: 0.00 reconn/s: 0.00
[ 474s ] thds: 16 tps: 10880.11 qps: 174083.69 (r/w/o: 152325.48/0.00/21758.21) lat (ms,95%): 1.70 err/s: 0.00 reconn/s: 0.00
[ 475s ] thds: 16 tps: 10857.44 qps: 173720.99 (r/w/o: 152004.12/0.00/21716.87) lat (ms,95%): 1.70 err/s: 0.00 reconn/s: 0.00
[ 476s ] thds: 16 tps: 10797.78 qps: 172806.55 (r/w/o: 151210.99/0.00/21595.57) lat (ms,95%): 1.73 err/s: 0.00 reconn/s: 0.00
[ 477s ] thds: 16 tps: 10911.19 qps: 174526.04 (r/w/o: 152704.66/0.00/21821.38) lat (ms,95%): 1.73 err/s: 0.00 reconn/s: 0.00
[ 478s ] thds: 16 tps: 10734.99 qps: 171769.77 (r/w/o: 150299.80/0.00/21469.97) lat (ms,95%): 1.79 err/s: 0.00 reconn/s: 0.00
[ 479s ] thds: 16 tps: 10843.08 qps: 173487.29 (r/w/o: 151801.13/0.00/21686.16) lat (ms,95%): 1.70 err/s: 0.00 reconn/s: 0.00
[ 480s ] thds: 16 tps: 11005.59 qps: 176136.47 (r/w/o: 154123.28/0.00/22013.18) lat (ms,95%): 1.58 err/s: 0.00 reconn/s: 0.00
[ 481s ] thds: 16 tps: 10765.34 qps: 172215.36 (r/w/o: 150686.69/0.00/21528.67) lat (ms,95%): 1.79 err/s: 0.00 reconn/s: 0.00
[ 482s ] thds: 16 tps: 10800.26 qps: 172799.22 (r/w/o: 151198.69/0.00/21600.53) lat (ms,95%): 1.76 err/s: 0.00 reconn/s: 0.00
[ 483s ] thds: 16 tps: 10912.79 qps: 174582.58 (r/w/o: 152757.01/0.00/21825.57) lat (ms,95%): 1.70 err/s: 0.00 reconn/s: 0.00
[ 484s ] thds: 16 tps: 10762.13 qps: 172211.02 (r/w/o: 150687.77/0.00/21523.25) lat (ms,95%): 1.76 err/s: 0.00 reconn/s: 0.00
[ 485s ] thds: 16 tps: 10814.01 qps: 173011.14 (r/w/o: 151381.12/0.00/21630.02) lat (ms,95%): 1.76 err/s: 0.00 reconn/s: 0.00
[ 486s ] thds: 16 tps: 10681.18 qps: 170921.94 (r/w/o: 149560.57/0.00/21361.37) lat (ms,95%): 1.79 err/s: 0.00 reconn/s: 0.00
[ 487s ] thds: 16 tps: 10941.62 qps: 175082.89 (r/w/o: 153198.65/0.00/21884.24) lat (ms,95%): 1.67 err/s: 0.00 reconn/s: 0.00
[ 488s ] thds: 16 tps: 10854.11 qps: 173628.74 (r/w/o: 151919.52/0.00/21709.22) lat (ms,95%): 1.70 err/s: 0.00 reconn/s: 0.00
[ 489s ] thds: 16 tps: 10996.90 qps: 175987.42 (r/w/o: 153994.62/0.00/21992.80) lat (ms,95%): 1.61 err/s: 0.00 reconn/s: 0.00
[ 490s ] thds: 16 tps: 10904.18 qps: 174424.84 (r/w/o: 152618.49/0.00/21806.36) lat (ms,95%): 1.67 err/s: 0.00 reconn/s: 0.00
[ 491s ] thds: 16 tps: 10885.82 qps: 174177.17 (r/w/o: 152403.52/0.00/21773.65) lat (ms,95%): 1.70 err/s: 0.00 reconn/s: 0.00
[ 492s ] thds: 16 tps: 10924.32 qps: 174799.11 (r/w/o: 152950.47/0.00/21848.64) lat (ms,95%): 1.67 err/s: 0.00 reconn/s: 0.00
[ 493s ] thds: 16 tps: 10989.70 qps: 175848.24 (r/w/o: 153868.84/0.00/21979.41) lat (ms,95%): 1.64 err/s: 0.00 reconn/s: 0.00
[ 494s ] thds: 16 tps: 10793.38 qps: 172702.08 (r/w/o: 151116.32/0.00/21585.76) lat (ms,95%): 1.73 err/s: 0.00 reconn/s: 0.00
[ 495s ] thds: 16 tps: 10757.71 qps: 172065.36 (r/w/o: 150549.94/0.00/21515.42) lat (ms,95%): 1.79 err/s: 0.00 reconn/s: 0.00
[ 496s ] thds: 16 tps: 10832.87 qps: 173356.90 (r/w/o: 151691.16/0.00/21665.74) lat (ms,95%): 1.73 err/s: 0.00 reconn/s: 0.00
[ 497s ] thds: 16 tps: 10816.41 qps: 173081.53 (r/w/o: 151448.71/0.00/21632.82) lat (ms,95%): 1.79 err/s: 0.00 reconn/s: 0.00
[ 498s ] thds: 16 tps: 10845.83 qps: 173502.36 (r/w/o: 151809.69/0.00/21692.67) lat (ms,95%): 1.73 err/s: 0.00 reconn/s: 0.00
[ 499s ] thds: 16 tps: 10906.39 qps: 174540.25 (r/w/o: 152727.47/0.00/21812.78) lat (ms,95%): 1.67 err/s: 0.00 reconn/s: 0.00
[ 500s ] thds: 16 tps: 10968.36 qps: 175498.79 (r/w/o: 153562.07/0.00/21936.72) lat (ms,95%): 1.61 err/s: 0.00 reconn/s: 0.00
[ 501s ] thds: 16 tps: 10928.54 qps: 174863.68 (r/w/o: 153007.60/0.00/21856.08) lat (ms,95%): 1.70 err/s: 0.00 reconn/s: 0.00
[ 502s ] thds: 16 tps: 10911.68 qps: 174549.83 (r/w/o: 152725.48/0.00/21824.35) lat (ms,95%): 1.67 err/s: 0.00 reconn/s: 0.00
[ 503s ] thds: 16 tps: 10774.60 qps: 172354.59 (r/w/o: 150805.39/0.00/21549.20) lat (ms,95%): 1.79 err/s: 0.00 reconn/s: 0.00
[ 504s ] thds: 16 tps: 10804.27 qps: 172918.30 (r/w/o: 151309.76/0.00/21608.54) lat (ms,95%): 1.76 err/s: 0.00 reconn/s: 0.00
[ 505s ] thds: 16 tps: 10732.83 qps: 171748.32 (r/w/o: 150282.66/0.00/21465.67) lat (ms,95%): 1.79 err/s: 0.00 reconn/s: 0.00
[ 506s ] thds: 16 tps: 10734.26 qps: 171712.22 (r/w/o: 150244.69/0.00/21467.53) lat (ms,95%): 1.79 err/s: 0.00 reconn/s: 0.00
[ 507s ] thds: 16 tps: 10472.01 qps: 167566.23 (r/w/o: 146621.20/0.00/20945.03) lat (ms,95%): 1.82 err/s: 0.00 reconn/s: 0.00
[ 508s ] thds: 16 tps: 10965.93 qps: 175453.91 (r/w/o: 153523.05/0.00/21930.86) lat (ms,95%): 1.61 err/s: 0.00 reconn/s: 0.00
[ 509s ] thds: 16 tps: 10941.88 qps: 175069.10 (r/w/o: 153186.34/0.00/21882.76) lat (ms,95%): 1.67 err/s: 0.00 reconn/s: 0.00
[ 510s ] thds: 16 tps: 10818.25 qps: 173108.05 (r/w/o: 151470.54/0.00/21637.51) lat (ms,95%): 1.76 err/s: 0.00 reconn/s: 0.00
[ 511s ] thds: 16 tps: 10954.56 qps: 175267.96 (r/w/o: 153357.84/0.00/21910.12) lat (ms,95%): 1.64 err/s: 0.00 reconn/s: 0.00
[ 512s ] thds: 16 tps: 10842.76 qps: 173485.16 (r/w/o: 151799.64/0.00/21685.52) lat (ms,95%): 1.73 err/s: 0.00 reconn/s: 0.00
[ 513s ] thds: 16 tps: 10835.65 qps: 173335.45 (r/w/o: 151664.14/0.00/21671.31) lat (ms,95%): 1.73 err/s: 0.00 reconn/s: 0.00
[ 514s ] thds: 16 tps: 10856.08 qps: 173708.34 (r/w/o: 151996.17/0.00/21712.17) lat (ms,95%): 1.73 err/s: 0.00 reconn/s: 0.00
[ 515s ] thds: 16 tps: 10856.75 qps: 173723.00 (r/w/o: 152009.50/0.00/21713.50) lat (ms,95%): 1.70 err/s: 0.00 reconn/s: 0.00
[ 516s ] thds: 16 tps: 10968.95 qps: 175510.28 (r/w/o: 153572.37/0.00/21937.91) lat (ms,95%): 1.58 err/s: 0.00 reconn/s: 0.00
[ 517s ] thds: 16 tps: 10883.06 qps: 174105.90 (r/w/o: 152340.79/0.00/21765.11) lat (ms,95%): 1.70 err/s: 0.00 reconn/s: 0.00
[ 518s ] thds: 16 tps: 10597.75 qps: 169586.98 (r/w/o: 148391.48/0.00/21195.50) lat (ms,95%): 1.79 err/s: 0.00 reconn/s: 0.00
[ 519s ] thds: 16 tps: 10915.05 qps: 174634.88 (r/w/o: 152804.77/0.00/21830.11) lat (ms,95%): 1.67 err/s: 0.00 reconn/s: 0.00
[ 520s ] thds: 16 tps: 10930.24 qps: 174854.79 (r/w/o: 152993.31/0.00/21861.47) lat (ms,95%): 1.70 err/s: 0.00 reconn/s: 0.00
[ 521s ] thds: 16 tps: 10864.27 qps: 173841.37 (r/w/o: 152112.83/0.00/21728.55) lat (ms,95%): 1.73 err/s: 0.00 reconn/s: 0.00
[ 522s ] thds: 16 tps: 10448.11 qps: 167158.75 (r/w/o: 146263.53/0.00/20895.22) lat (ms,95%): 1.82 err/s: 0.00 reconn/s: 0.00
[ 523s ] thds: 16 tps: 10887.24 qps: 174237.77 (r/w/o: 152462.29/0.00/21775.47) lat (ms,95%): 1.67 err/s: 0.00 reconn/s: 0.00
[ 524s ] thds: 16 tps: 10919.32 qps: 174691.08 (r/w/o: 152852.45/0.00/21838.64) lat (ms,95%): 1.70 err/s: 0.00 reconn/s: 0.00
[ 525s ] thds: 16 tps: 10685.85 qps: 170986.59 (r/w/o: 149614.89/0.00/21371.70) lat (ms,95%): 1.79 err/s: 0.00 reconn/s: 0.00
[ 526s ] thds: 16 tps: 10845.09 qps: 173473.48 (r/w/o: 151784.30/0.00/21689.19) lat (ms,95%): 1.70 err/s: 0.00 reconn/s: 0.00
[ 527s ] thds: 16 tps: 10820.51 qps: 173185.21 (r/w/o: 151543.18/0.00/21642.03) lat (ms,95%): 1.76 err/s: 0.00 reconn/s: 0.00
[ 528s ] thds: 16 tps: 10958.25 qps: 175302.95 (r/w/o: 153388.46/0.00/21914.49) lat (ms,95%): 1.67 err/s: 0.00 reconn/s: 0.00
[ 529s ] thds: 16 tps: 10880.19 qps: 174090.11 (r/w/o: 152327.72/0.00/21762.39) lat (ms,95%): 1.70 err/s: 0.00 reconn/s: 0.00
[ 530s ] thds: 16 tps: 10777.22 qps: 172458.49 (r/w/o: 150904.05/0.00/21554.44) lat (ms,95%): 1.73 err/s: 0.00 reconn/s: 0.00
[ 531s ] thds: 16 tps: 10704.88 qps: 171231.02 (r/w/o: 149822.27/0.00/21408.75) lat (ms,95%): 1.82 err/s: 0.00 reconn/s: 0.00
[ 532s ] thds: 16 tps: 10944.20 qps: 175140.15 (r/w/o: 153250.75/0.00/21889.39) lat (ms,95%): 1.67 err/s: 0.00 reconn/s: 0.00
[ 533s ] thds: 16 tps: 10971.70 qps: 175543.19 (r/w/o: 153599.79/0.00/21943.40) lat (ms,95%): 1.61 err/s: 0.00 reconn/s: 0.00
[ 534s ] thds: 16 tps: 10846.13 qps: 173532.12 (r/w/o: 151839.86/0.00/21692.27) lat (ms,95%): 1.73 err/s: 0.00 reconn/s: 0.00
[ 535s ] thds: 16 tps: 10930.00 qps: 174870.04 (r/w/o: 153010.03/0.00/21860.00) lat (ms,95%): 1.67 err/s: 0.00 reconn/s: 0.00
[ 536s ] thds: 16 tps: 10984.09 qps: 175757.44 (r/w/o: 153789.26/0.00/21968.18) lat (ms,95%): 1.61 err/s: 0.00 reconn/s: 0.00
[ 537s ] thds: 16 tps: 10956.15 qps: 175318.41 (r/w/o: 153406.11/0.00/21912.30) lat (ms,95%): 1.67 err/s: 0.00 reconn/s: 0.00
[ 538s ] thds: 16 tps: 10896.81 qps: 174339.91 (r/w/o: 152546.30/0.00/21793.61) lat (ms,95%): 1.67 err/s: 0.00 reconn/s: 0.00
[ 539s ] thds: 16 tps: 10886.01 qps: 174156.09 (r/w/o: 152385.08/0.00/21771.01) lat (ms,95%): 1.70 err/s: 0.00 reconn/s: 0.00
[ 540s ] thds: 16 tps: 10752.90 qps: 172051.42 (r/w/o: 150544.62/0.00/21506.80) lat (ms,95%): 1.76 err/s: 0.00 reconn/s: 0.00
[ 541s ] thds: 16 tps: 11035.01 qps: 176557.09 (r/w/o: 154487.08/0.00/22070.01) lat (ms,95%): 1.55 err/s: 0.00 reconn/s: 0.00
[ 542s ] thds: 16 tps: 10746.04 qps: 171919.64 (r/w/o: 150428.56/0.00/21491.08) lat (ms,95%): 1.79 err/s: 0.00 reconn/s: 0.00
[ 543s ] thds: 16 tps: 10814.29 qps: 172986.67 (r/w/o: 151359.09/0.00/21627.58) lat (ms,95%): 1.76 err/s: 0.00 reconn/s: 0.00
[ 544s ] thds: 16 tps: 10914.85 qps: 174723.66 (r/w/o: 152891.95/0.00/21831.71) lat (ms,95%): 1.67 err/s: 0.00 reconn/s: 0.00
[ 545s ] thds: 16 tps: 10884.02 qps: 174112.35 (r/w/o: 152344.31/0.00/21768.04) lat (ms,95%): 1.73 err/s: 0.00 reconn/s: 0.00
[ 546s ] thds: 16 tps: 10462.03 qps: 167389.51 (r/w/o: 146466.44/0.00/20923.06) lat (ms,95%): 1.82 err/s: 0.00 reconn/s: 0.00
[ 547s ] thds: 16 tps: 10800.64 qps: 172844.18 (r/w/o: 151241.90/0.00/21602.27) lat (ms,95%): 1.73 err/s: 0.00 reconn/s: 0.00
[ 548s ] thds: 16 tps: 10959.59 qps: 175319.52 (r/w/o: 153400.33/0.00/21919.19) lat (ms,95%): 1.64 err/s: 0.00 reconn/s: 0.00
[ 549s ] thds: 16 tps: 10846.74 qps: 173540.81 (r/w/o: 151848.33/0.00/21692.48) lat (ms,95%): 1.73 err/s: 0.00 reconn/s: 0.00
[ 550s ] thds: 16 tps: 10856.30 qps: 173726.77 (r/w/o: 152014.17/0.00/21712.60) lat (ms,95%): 1.70 err/s: 0.00 reconn/s: 0.00
[ 551s ] thds: 16 tps: 11003.52 qps: 176086.32 (r/w/o: 154078.28/0.00/22008.04) lat (ms,95%): 1.58 err/s: 0.00 reconn/s: 0.00
[ 552s ] thds: 16 tps: 10872.00 qps: 173909.03 (r/w/o: 152165.03/0.00/21744.00) lat (ms,95%): 1.73 err/s: 0.00 reconn/s: 0.00
[ 553s ] thds: 16 tps: 10969.08 qps: 175487.30 (r/w/o: 153549.14/0.00/21938.16) lat (ms,95%): 1.64 err/s: 0.00 reconn/s: 0.00
[ 554s ] thds: 16 tps: 10885.99 qps: 174207.77 (r/w/o: 152435.80/0.00/21771.97) lat (ms,95%): 1.67 err/s: 0.00 reconn/s: 0.00
[ 555s ] thds: 16 tps: 10688.01 qps: 171017.17 (r/w/o: 149641.15/0.00/21376.02) lat (ms,95%): 1.79 err/s: 0.00 reconn/s: 0.00
[ 556s ] thds: 16 tps: 10886.93 qps: 174184.83 (r/w/o: 152410.98/0.00/21773.85) lat (ms,95%): 1.70 err/s: 0.00 reconn/s: 0.00
[ 557s ] thds: 16 tps: 10782.95 qps: 172473.17 (r/w/o: 150907.27/0.00/21565.90) lat (ms,95%): 1.76 err/s: 0.00 reconn/s: 0.00
[ 558s ] thds: 16 tps: 10819.03 qps: 173158.47 (r/w/o: 151520.41/0.00/21638.06) lat (ms,95%): 1.76 err/s: 0.00 reconn/s: 0.00
[ 559s ] thds: 16 tps: 11011.01 qps: 176162.13 (r/w/o: 154141.11/0.00/22021.02) lat (ms,95%): 1.58 err/s: 0.00 reconn/s: 0.00
[ 560s ] thds: 16 tps: 10790.31 qps: 172619.99 (r/w/o: 151039.36/0.00/21580.62) lat (ms,95%): 1.76 err/s: 0.00 reconn/s: 0.00
[ 561s ] thds: 16 tps: 10753.63 qps: 172095.08 (r/w/o: 150586.82/0.00/21508.26) lat (ms,95%): 1.79 err/s: 0.00 reconn/s: 0.00
[ 562s ] thds: 16 tps: 10764.20 qps: 172218.20 (r/w/o: 150690.80/0.00/21527.40) lat (ms,95%): 1.79 err/s: 0.00 reconn/s: 0.00
[ 563s ] thds: 16 tps: 10549.06 qps: 168796.88 (r/w/o: 147697.77/0.00/21099.11) lat (ms,95%): 1.82 err/s: 0.00 reconn/s: 0.00
[ 564s ] thds: 16 tps: 10936.82 qps: 174985.08 (r/w/o: 153112.45/0.00/21872.64) lat (ms,95%): 1.67 err/s: 0.00 reconn/s: 0.00
[ 565s ] thds: 16 tps: 10774.08 qps: 172388.28 (r/w/o: 150840.12/0.00/21548.16) lat (ms,95%): 1.79 err/s: 0.00 reconn/s: 0.00
[ 566s ] thds: 16 tps: 10847.03 qps: 173530.41 (r/w/o: 151835.36/0.00/21695.05) lat (ms,95%): 1.70 err/s: 0.00 reconn/s: 0.00
[ 567s ] thds: 16 tps: 10930.03 qps: 174893.41 (r/w/o: 153034.36/0.00/21859.05) lat (ms,95%): 1.64 err/s: 0.00 reconn/s: 0.00
[ 568s ] thds: 16 tps: 10893.78 qps: 174271.41 (r/w/o: 152483.86/0.00/21787.55) lat (ms,95%): 1.70 err/s: 0.00 reconn/s: 0.00
[ 569s ] thds: 16 tps: 10938.31 qps: 175047.91 (r/w/o: 153170.30/0.00/21877.61) lat (ms,95%): 1.67 err/s: 0.00 reconn/s: 0.00
[ 570s ] thds: 16 tps: 10932.61 qps: 174928.78 (r/w/o: 153063.56/0.00/21865.22) lat (ms,95%): 1.64 err/s: 0.00 reconn/s: 0.00
[ 571s ] thds: 16 tps: 10876.06 qps: 174021.88 (r/w/o: 152269.77/0.00/21752.11) lat (ms,95%): 1.73 err/s: 0.00 reconn/s: 0.00
[ 572s ] thds: 16 tps: 10964.07 qps: 175424.08 (r/w/o: 153495.95/0.00/21928.14) lat (ms,95%): 1.61 err/s: 0.00 reconn/s: 0.00
[ 573s ] thds: 16 tps: 10890.87 qps: 174217.95 (r/w/o: 152436.21/0.00/21781.74) lat (ms,95%): 1.73 err/s: 0.00 reconn/s: 0.00
[ 574s ] thds: 16 tps: 10838.99 qps: 173459.84 (r/w/o: 151782.86/0.00/21676.98) lat (ms,95%): 1.73 err/s: 0.00 reconn/s: 0.00
[ 575s ] thds: 16 tps: 10911.16 qps: 174561.50 (r/w/o: 152738.19/0.00/21823.31) lat (ms,95%): 1.73 err/s: 0.00 reconn/s: 0.00
[ 576s ] thds: 16 tps: 10997.86 qps: 175986.79 (r/w/o: 153992.07/0.00/21994.72) lat (ms,95%): 1.58 err/s: 0.00 reconn/s: 0.00
[ 577s ] thds: 16 tps: 10906.15 qps: 174476.46 (r/w/o: 152665.15/0.00/21811.31) lat (ms,95%): 1.70 err/s: 0.00 reconn/s: 0.00
[ 578s ] thds: 16 tps: 10920.38 qps: 174769.09 (r/w/o: 152926.33/0.00/21842.76) lat (ms,95%): 1.67 err/s: 0.00 reconn/s: 0.00
[ 579s ] thds: 16 tps: 10915.92 qps: 174649.67 (r/w/o: 152817.84/0.00/21831.83) lat (ms,95%): 1.67 err/s: 0.00 reconn/s: 0.00
[ 580s ] thds: 16 tps: 10923.13 qps: 174717.10 (r/w/o: 152870.84/0.00/21846.26) lat (ms,95%): 1.67 err/s: 0.00 reconn/s: 0.00
[ 581s ] thds: 16 tps: 10958.58 qps: 175337.21 (r/w/o: 153420.06/0.00/21917.15) lat (ms,95%): 1.67 err/s: 0.00 reconn/s: 0.00
[ 582s ] thds: 16 tps: 10891.97 qps: 174287.48 (r/w/o: 152504.55/0.00/21782.93) lat (ms,95%): 1.67 err/s: 0.00 reconn/s: 0.00
[ 583s ] thds: 16 tps: 10939.03 qps: 175018.49 (r/w/o: 153139.43/0.00/21879.06) lat (ms,95%): 1.67 err/s: 0.00 reconn/s: 0.00
[ 584s ] thds: 16 tps: 10942.97 qps: 175109.49 (r/w/o: 153224.55/0.00/21884.94) lat (ms,95%): 1.61 err/s: 0.00 reconn/s: 0.00
[ 585s ] thds: 16 tps: 10950.10 qps: 175198.56 (r/w/o: 153297.37/0.00/21901.20) lat (ms,95%): 1.70 err/s: 0.00 reconn/s: 0.00
[ 586s ] thds: 16 tps: 10864.12 qps: 173811.97 (r/w/o: 152083.72/0.00/21728.25) lat (ms,95%): 1.73 err/s: 0.00 reconn/s: 0.00
[ 587s ] thds: 16 tps: 10959.87 qps: 175360.94 (r/w/o: 153441.20/0.00/21919.74) lat (ms,95%): 1.64 err/s: 0.00 reconn/s: 0.00
[ 588s ] thds: 16 tps: 10876.22 qps: 173985.50 (r/w/o: 152235.06/0.00/21750.44) lat (ms,95%): 1.70 err/s: 0.00 reconn/s: 0.00
[ 589s ] thds: 16 tps: 10981.07 qps: 175714.14 (r/w/o: 153750.99/0.00/21963.14) lat (ms,95%): 1.64 err/s: 0.00 reconn/s: 0.00
[ 590s ] thds: 16 tps: 10879.79 qps: 174090.69 (r/w/o: 152330.10/0.00/21760.59) lat (ms,95%): 1.70 err/s: 0.00 reconn/s: 0.00
[ 591s ] thds: 16 tps: 10958.40 qps: 175335.42 (r/w/o: 153418.62/0.00/21916.80) lat (ms,95%): 1.64 err/s: 0.00 reconn/s: 0.00
[ 592s ] thds: 16 tps: 11016.46 qps: 176249.41 (r/w/o: 154217.48/0.00/22031.93) lat (ms,95%): 1.55 err/s: 0.00 reconn/s: 0.00
[ 593s ] thds: 16 tps: 10899.09 qps: 174355.43 (r/w/o: 152557.25/0.00/21798.18) lat (ms,95%): 1.73 err/s: 0.00 reconn/s: 0.00
[ 594s ] thds: 16 tps: 10748.91 qps: 172040.49 (r/w/o: 150541.68/0.00/21498.81) lat (ms,95%): 1.76 err/s: 0.00 reconn/s: 0.00
[ 595s ] thds: 16 tps: 10916.25 qps: 174646.94 (r/w/o: 152816.45/0.00/21830.49) lat (ms,95%): 1.67 err/s: 0.00 reconn/s: 0.00
[ 596s ] thds: 16 tps: 10917.78 qps: 174672.42 (r/w/o: 152834.86/0.00/21837.55) lat (ms,95%): 1.67 err/s: 0.00 reconn/s: 0.00
[ 597s ] thds: 16 tps: 10673.55 qps: 170800.73 (r/w/o: 149453.64/0.00/21347.09) lat (ms,95%): 1.79 err/s: 0.00 reconn/s: 0.00
[ 598s ] thds: 16 tps: 10788.59 qps: 172611.50 (r/w/o: 151036.31/0.00/21575.19) lat (ms,95%): 1.76 err/s: 0.00 reconn/s: 0.00
[ 599s ] thds: 16 tps: 10746.74 qps: 171956.91 (r/w/o: 150461.42/0.00/21495.49) lat (ms,95%): 1.79 err/s: 0.00 reconn/s: 0.00
[ 600s ] thds: 16 tps: 10897.32 qps: 174319.08 (r/w/o: 152526.45/0.00/21792.64) lat (ms,95%): 1.67 err/s: 0.00 reconn/s: 0.00
SQL statistics:
    queries performed:
        read:                            90885592
        write:                           0
        other:                           12983656
        total:                           103869248
    transactions:                        6491828 (10819.65 per sec.)
    queries:                             103869248 (173114.36 per sec.)
    ignored errors:                      0      (0.00 per sec.)
    reconnects:                          0      (0.00 per sec.)

General statistics:
    total time:                          600.0022s
    total number of events:              6491828

Latency (ms):
         min:                                    1.18
         avg:                                    1.48
         max:                                    3.86
         95th percentile:                        1.73
         sum:                              9589751.50

Threads fairness:
    events (avg/stddev):           405739.2500/617.82
    execution time (avg/stddev):   599.3595/0.01

