sysbench 1.0.20 (using bundled LuaJIT 2.1.0-beta2)

Running the test with following options:
Number of threads: 1536
Report intermediate results every 1 second(s)
Initializing random number generator from current time


Initializing worker threads...

Threads started!

[ 1s ] thds: 1536 tps: 235669.43 qps: 235669.43 (r/w/o: 235669.43/0.00/0.00) lat (ms,95%): 1.18 err/s: 0.00 reconn/s: 0.00
[ 2s ] thds: 1536 tps: 419708.51 qps: 419708.51 (r/w/o: 419708.51/0.00/0.00) lat (ms,95%): 5.57 err/s: 0.00 reconn/s: 0.00
[ 3s ] thds: 1536 tps: 324794.41 qps: 324792.41 (r/w/o: 324792.41/0.00/0.00) lat (ms,95%): 5.57 err/s: 0.00 reconn/s: 0.00
[ 4s ] thds: 1536 tps: 324952.18 qps: 324954.18 (r/w/o: 324954.18/0.00/0.00) lat (ms,95%): 5.67 err/s: 0.00 reconn/s: 0.00
[ 5s ] thds: 1536 tps: 323890.13 qps: 323888.13 (r/w/o: 323888.13/0.00/0.00) lat (ms,95%): 5.67 err/s: 0.00 reconn/s: 0.00
[ 6s ] thds: 1536 tps: 324970.81 qps: 324968.81 (r/w/o: 324968.81/0.00/0.00) lat (ms,95%): 5.67 err/s: 0.00 reconn/s: 0.00
[ 7s ] thds: 1536 tps: 324905.84 qps: 324909.84 (r/w/o: 324909.84/0.00/0.00) lat (ms,95%): 5.67 err/s: 0.00 reconn/s: 0.00
[ 8s ] thds: 1536 tps: 325020.94 qps: 325016.94 (r/w/o: 325016.94/0.00/0.00) lat (ms,95%): 5.57 err/s: 0.00 reconn/s: 0.00
[ 9s ] thds: 1536 tps: 325006.18 qps: 325010.18 (r/w/o: 325010.18/0.00/0.00) lat (ms,95%): 5.57 err/s: 0.00 reconn/s: 0.00
[ 10s ] thds: 1536 tps: 325105.14 qps: 325103.14 (r/w/o: 325103.14/0.00/0.00) lat (ms,95%): 5.67 err/s: 0.00 reconn/s: 0.00
[ 11s ] thds: 1536 tps: 324932.17 qps: 324934.17 (r/w/o: 324934.17/0.00/0.00) lat (ms,95%): 5.67 err/s: 0.00 reconn/s: 0.00
[ 12s ] thds: 1536 tps: 325277.49 qps: 325272.49 (r/w/o: 325272.49/0.00/0.00) lat (ms,95%): 5.57 err/s: 0.00 reconn/s: 0.00
[ 13s ] thds: 1536 tps: 354902.43 qps: 354904.43 (r/w/o: 354904.43/0.00/0.00) lat (ms,95%): 5.47 err/s: 0.00 reconn/s: 0.00
[ 14s ] thds: 1536 tps: 326265.87 qps: 326266.87 (r/w/o: 326266.87/0.00/0.00) lat (ms,95%): 5.57 err/s: 0.00 reconn/s: 0.00
[ 15s ] thds: 1536 tps: 325223.84 qps: 325222.84 (r/w/o: 325222.84/0.00/0.00) lat (ms,95%): 5.57 err/s: 0.00 reconn/s: 0.00
[ 16s ] thds: 1536 tps: 325271.90 qps: 325273.90 (r/w/o: 325273.90/0.00/0.00) lat (ms,95%): 5.67 err/s: 0.00 reconn/s: 0.00
[ 17s ] thds: 1536 tps: 331358.92 qps: 331356.92 (r/w/o: 331356.92/0.00/0.00) lat (ms,95%): 5.67 err/s: 0.00 reconn/s: 0.00
[ 18s ] thds: 1536 tps: 333735.67 qps: 333738.67 (r/w/o: 333738.67/0.00/0.00) lat (ms,95%): 5.57 err/s: 0.00 reconn/s: 0.00
[ 19s ] thds: 1536 tps: 325190.00 qps: 325189.00 (r/w/o: 325189.00/0.00/0.00) lat (ms,95%): 5.67 err/s: 0.00 reconn/s: 0.00
[ 20s ] thds: 1536 tps: 325354.22 qps: 325355.22 (r/w/o: 325355.22/0.00/0.00) lat (ms,95%): 5.67 err/s: 0.00 reconn/s: 0.00
[ 21s ] thds: 1536 tps: 325336.76 qps: 325331.76 (r/w/o: 325331.76/0.00/0.00) lat (ms,95%): 5.67 err/s: 0.00 reconn/s: 0.00
[ 22s ] thds: 1536 tps: 325275.23 qps: 325276.23 (r/w/o: 325276.23/0.00/0.00) lat (ms,95%): 5.67 err/s: 0.00 reconn/s: 0.00
[ 23s ] thds: 1536 tps: 325227.38 qps: 325229.38 (r/w/o: 325229.38/0.00/0.00) lat (ms,95%): 5.57 err/s: 0.00 reconn/s: 0.00
[ 24s ] thds: 1536 tps: 325204.55 qps: 325206.55 (r/w/o: 325206.55/0.00/0.00) lat (ms,95%): 5.57 err/s: 0.00 reconn/s: 0.00
[ 25s ] thds: 1536 tps: 325282.10 qps: 325280.10 (r/w/o: 325280.10/0.00/0.00) lat (ms,95%): 5.57 err/s: 0.00 reconn/s: 0.00
[ 26s ] thds: 1536 tps: 325202.47 qps: 325204.47 (r/w/o: 325204.47/0.00/0.00) lat (ms,95%): 5.57 err/s: 0.00 reconn/s: 0.00
[ 27s ] thds: 1536 tps: 325165.18 qps: 325164.18 (r/w/o: 325164.18/0.00/0.00) lat (ms,95%): 5.57 err/s: 0.00 reconn/s: 0.00
[ 28s ] thds: 1536 tps: 325350.00 qps: 325347.00 (r/w/o: 325347.00/0.00/0.00) lat (ms,95%): 5.57 err/s: 0.00 reconn/s: 0.00
[ 29s ] thds: 1536 tps: 325293.58 qps: 325296.58 (r/w/o: 325296.58/0.00/0.00) lat (ms,95%): 5.57 err/s: 0.00 reconn/s: 0.00
[ 30s ] thds: 1536 tps: 325215.52 qps: 325214.52 (r/w/o: 325214.52/0.00/0.00) lat (ms,95%): 5.57 err/s: 0.00 reconn/s: 0.00
[ 31s ] thds: 1536 tps: 325320.52 qps: 325318.52 (r/w/o: 325318.52/0.00/0.00) lat (ms,95%): 5.57 err/s: 0.00 reconn/s: 0.00
[ 32s ] thds: 1536 tps: 325289.80 qps: 325288.80 (r/w/o: 325288.80/0.00/0.00) lat (ms,95%): 5.67 err/s: 0.00 reconn/s: 0.00
[ 33s ] thds: 1536 tps: 372004.24 qps: 372006.24 (r/w/o: 372006.24/0.00/0.00) lat (ms,95%): 5.37 err/s: 0.00 reconn/s: 0.00
[ 34s ] thds: 1536 tps: 330310.70 qps: 330309.70 (r/w/o: 330309.70/0.00/0.00) lat (ms,95%): 5.67 err/s: 0.00 reconn/s: 0.00
[ 35s ] thds: 1536 tps: 325320.00 qps: 325322.00 (r/w/o: 325322.00/0.00/0.00) lat (ms,95%): 5.67 err/s: 0.00 reconn/s: 0.00
[ 36s ] thds: 1536 tps: 325385.03 qps: 325387.03 (r/w/o: 325387.03/0.00/0.00) lat (ms,95%): 5.67 err/s: 0.00 reconn/s: 0.00
[ 37s ] thds: 1536 tps: 325340.30 qps: 325340.30 (r/w/o: 325340.30/0.00/0.00) lat (ms,95%): 5.67 err/s: 0.00 reconn/s: 0.00
[ 38s ] thds: 1536 tps: 325351.34 qps: 325351.34 (r/w/o: 325351.34/0.00/0.00) lat (ms,95%): 5.67 err/s: 0.00 reconn/s: 0.00
[ 39s ] thds: 1536 tps: 325357.48 qps: 325355.48 (r/w/o: 325355.48/0.00/0.00) lat (ms,95%): 5.57 err/s: 0.00 reconn/s: 0.00
[ 40s ] thds: 1536 tps: 325418.69 qps: 325417.69 (r/w/o: 325417.69/0.00/0.00) lat (ms,95%): 5.57 err/s: 0.00 reconn/s: 0.00
[ 41s ] thds: 1536 tps: 325394.22 qps: 325393.22 (r/w/o: 325393.22/0.00/0.00) lat (ms,95%): 5.57 err/s: 0.00 reconn/s: 0.00
[ 42s ] thds: 1536 tps: 325364.95 qps: 325368.95 (r/w/o: 325368.95/0.00/0.00) lat (ms,95%): 5.57 err/s: 0.00 reconn/s: 0.00
[ 43s ] thds: 1536 tps: 325341.43 qps: 325341.43 (r/w/o: 325341.43/0.00/0.00) lat (ms,95%): 5.57 err/s: 0.00 reconn/s: 0.00
[ 44s ] thds: 1536 tps: 325384.47 qps: 325381.47 (r/w/o: 325381.47/0.00/0.00) lat (ms,95%): 5.67 err/s: 0.00 reconn/s: 0.00
[ 45s ] thds: 1536 tps: 326401.53 qps: 326401.53 (r/w/o: 326401.53/0.00/0.00) lat (ms,95%): 5.28 err/s: 0.00 reconn/s: 0.00
[ 46s ] thds: 1536 tps: 327492.98 qps: 327493.98 (r/w/o: 327493.98/0.00/0.00) lat (ms,95%): 5.57 err/s: 0.00 reconn/s: 0.00
[ 47s ] thds: 1536 tps: 325335.33 qps: 325334.33 (r/w/o: 325334.33/0.00/0.00) lat (ms,95%): 5.57 err/s: 0.00 reconn/s: 0.00
[ 48s ] thds: 1536 tps: 325335.62 qps: 325336.62 (r/w/o: 325336.62/0.00/0.00) lat (ms,95%): 5.57 err/s: 0.00 reconn/s: 0.00
[ 49s ] thds: 1536 tps: 325367.95 qps: 325366.95 (r/w/o: 325366.95/0.00/0.00) lat (ms,95%): 5.57 err/s: 0.00 reconn/s: 0.00
[ 50s ] thds: 1536 tps: 325391.76 qps: 325389.76 (r/w/o: 325389.76/0.00/0.00) lat (ms,95%): 5.57 err/s: 0.00 reconn/s: 0.00
[ 51s ] thds: 1536 tps: 325375.18 qps: 325379.18 (r/w/o: 325379.18/0.00/0.00) lat (ms,95%): 5.67 err/s: 0.00 reconn/s: 0.00
[ 52s ] thds: 1536 tps: 325468.88 qps: 325467.88 (r/w/o: 325467.88/0.00/0.00) lat (ms,95%): 5.67 err/s: 0.00 reconn/s: 0.00
[ 53s ] thds: 1536 tps: 325374.30 qps: 325374.30 (r/w/o: 325374.30/0.00/0.00) lat (ms,95%): 5.67 err/s: 0.00 reconn/s: 0.00
[ 54s ] thds: 1536 tps: 325375.47 qps: 325377.47 (r/w/o: 325377.47/0.00/0.00) lat (ms,95%): 5.67 err/s: 0.00 reconn/s: 0.00
[ 55s ] thds: 1536 tps: 325293.98 qps: 325289.98 (r/w/o: 325289.98/0.00/0.00) lat (ms,95%): 5.67 err/s: 0.00 reconn/s: 0.00
[ 56s ] thds: 1536 tps: 325377.66 qps: 325378.66 (r/w/o: 325378.66/0.00/0.00) lat (ms,95%): 5.67 err/s: 0.00 reconn/s: 0.00
[ 57s ] thds: 1536 tps: 325407.86 qps: 325407.86 (r/w/o: 325407.86/0.00/0.00) lat (ms,95%): 5.67 err/s: 0.00 reconn/s: 0.00
[ 58s ] thds: 1536 tps: 325431.09 qps: 325432.09 (r/w/o: 325432.09/0.00/0.00) lat (ms,95%): 5.67 err/s: 0.00 reconn/s: 0.00
[ 59s ] thds: 1536 tps: 325380.31 qps: 325382.31 (r/w/o: 325382.31/0.00/0.00) lat (ms,95%): 5.67 err/s: 0.00 reconn/s: 0.00
[ 60s ] thds: 1536 tps: 325430.47 qps: 325427.47 (r/w/o: 325427.47/0.00/0.00) lat (ms,95%): 5.67 err/s: 0.00 reconn/s: 0.00
[ 61s ] thds: 1536 tps: 325438.05 qps: 325441.05 (r/w/o: 325441.05/0.00/0.00) lat (ms,95%): 5.57 err/s: 0.00 reconn/s: 0.00
[ 62s ] thds: 1536 tps: 325366.80 qps: 325364.80 (r/w/o: 325364.80/0.00/0.00) lat (ms,95%): 5.57 err/s: 0.00 reconn/s: 0.00
[ 63s ] thds: 1536 tps: 325395.30 qps: 325393.30 (r/w/o: 325393.30/0.00/0.00) lat (ms,95%): 5.57 err/s: 0.00 reconn/s: 0.00
[ 64s ] thds: 1536 tps: 325339.14 qps: 325343.14 (r/w/o: 325343.14/0.00/0.00) lat (ms,95%): 5.67 err/s: 0.00 reconn/s: 0.00
[ 65s ] thds: 1536 tps: 325361.32 qps: 325361.32 (r/w/o: 325361.32/0.00/0.00) lat (ms,95%): 5.67 err/s: 0.00 reconn/s: 0.00
[ 66s ] thds: 1536 tps: 325350.31 qps: 325349.31 (r/w/o: 325349.31/0.00/0.00) lat (ms,95%): 5.67 err/s: 0.00 reconn/s: 0.00
[ 67s ] thds: 1536 tps: 325262.53 qps: 325259.53 (r/w/o: 325259.53/0.00/0.00) lat (ms,95%): 5.57 err/s: 0.00 reconn/s: 0.00
[ 68s ] thds: 1536 tps: 325382.68 qps: 325384.68 (r/w/o: 325384.68/0.00/0.00) lat (ms,95%): 5.57 err/s: 0.00 reconn/s: 0.00
[ 69s ] thds: 1536 tps: 325257.32 qps: 325257.32 (r/w/o: 325257.32/0.00/0.00) lat (ms,95%): 5.57 err/s: 0.00 reconn/s: 0.00
[ 70s ] thds: 1536 tps: 325340.97 qps: 325342.97 (r/w/o: 325342.97/0.00/0.00) lat (ms,95%): 5.57 err/s: 0.00 reconn/s: 0.00
[ 71s ] thds: 1536 tps: 325400.69 qps: 325394.69 (r/w/o: 325394.69/0.00/0.00) lat (ms,95%): 5.67 err/s: 0.00 reconn/s: 0.00
[ 72s ] thds: 1536 tps: 325337.11 qps: 325338.11 (r/w/o: 325338.11/0.00/0.00) lat (ms,95%): 5.67 err/s: 0.00 reconn/s: 0.00
[ 73s ] thds: 1536 tps: 336678.71 qps: 336683.71 (r/w/o: 336683.71/0.00/0.00) lat (ms,95%): 5.47 err/s: 0.00 reconn/s: 0.00
[ 74s ] thds: 1536 tps: 327671.56 qps: 327668.56 (r/w/o: 327668.56/0.00/0.00) lat (ms,95%): 5.57 err/s: 0.00 reconn/s: 0.00
[ 75s ] thds: 1536 tps: 325301.93 qps: 325302.93 (r/w/o: 325302.93/0.00/0.00) lat (ms,95%): 5.57 err/s: 0.00 reconn/s: 0.00
[ 76s ] thds: 1536 tps: 325397.62 qps: 325397.62 (r/w/o: 325397.62/0.00/0.00) lat (ms,95%): 5.57 err/s: 0.00 reconn/s: 0.00
[ 77s ] thds: 1536 tps: 325332.44 qps: 325332.44 (r/w/o: 325332.44/0.00/0.00) lat (ms,95%): 5.67 err/s: 0.00 reconn/s: 0.00
[ 78s ] thds: 1536 tps: 325310.64 qps: 325312.64 (r/w/o: 325312.64/0.00/0.00) lat (ms,95%): 5.67 err/s: 0.00 reconn/s: 0.00
[ 79s ] thds: 1536 tps: 325407.87 qps: 325405.87 (r/w/o: 325405.87/0.00/0.00) lat (ms,95%): 5.67 err/s: 0.00 reconn/s: 0.00
[ 80s ] thds: 1536 tps: 325466.19 qps: 325468.19 (r/w/o: 325468.19/0.00/0.00) lat (ms,95%): 5.67 err/s: 0.00 reconn/s: 0.00
[ 81s ] thds: 1536 tps: 326620.02 qps: 326618.02 (r/w/o: 326618.02/0.00/0.00) lat (ms,95%): 5.57 err/s: 0.00 reconn/s: 0.00
[ 82s ] thds: 1536 tps: 325335.41 qps: 325332.41 (r/w/o: 325332.41/0.00/0.00) lat (ms,95%): 5.67 err/s: 0.00 reconn/s: 0.00
[ 83s ] thds: 1536 tps: 325313.08 qps: 325318.08 (r/w/o: 325318.08/0.00/0.00) lat (ms,95%): 5.67 err/s: 0.00 reconn/s: 0.00
[ 84s ] thds: 1536 tps: 325377.92 qps: 325377.92 (r/w/o: 325377.92/0.00/0.00) lat (ms,95%): 5.67 err/s: 0.00 reconn/s: 0.00
[ 85s ] thds: 1536 tps: 325363.25 qps: 325358.25 (r/w/o: 325358.25/0.00/0.00) lat (ms,95%): 5.67 err/s: 0.00 reconn/s: 0.00
[ 86s ] thds: 1536 tps: 325309.12 qps: 325308.12 (r/w/o: 325308.12/0.00/0.00) lat (ms,95%): 5.77 err/s: 0.00 reconn/s: 0.00
[ 87s ] thds: 1536 tps: 325336.28 qps: 325341.28 (r/w/o: 325341.28/0.00/0.00) lat (ms,95%): 5.77 err/s: 0.00 reconn/s: 0.00
[ 88s ] thds: 1536 tps: 325350.64 qps: 325347.64 (r/w/o: 325347.64/0.00/0.00) lat (ms,95%): 5.67 err/s: 0.00 reconn/s: 0.00
[ 89s ] thds: 1536 tps: 335914.11 qps: 335914.11 (r/w/o: 335914.11/0.00/0.00) lat (ms,95%): 5.57 err/s: 0.00 reconn/s: 0.00
[ 90s ] thds: 1536 tps: 336022.87 qps: 336024.87 (r/w/o: 336024.87/0.00/0.00) lat (ms,95%): 5.57 err/s: 0.00 reconn/s: 0.00
[ 91s ] thds: 1536 tps: 325309.65 qps: 325309.65 (r/w/o: 325309.65/0.00/0.00) lat (ms,95%): 5.57 err/s: 0.00 reconn/s: 0.00
[ 92s ] thds: 1536 tps: 325487.26 qps: 325488.26 (r/w/o: 325488.26/0.00/0.00) lat (ms,95%): 5.57 err/s: 0.00 reconn/s: 0.00
[ 93s ] thds: 1536 tps: 325422.56 qps: 325421.56 (r/w/o: 325421.56/0.00/0.00) lat (ms,95%): 5.57 err/s: 0.00 reconn/s: 0.00
[ 94s ] thds: 1536 tps: 325351.84 qps: 325352.84 (r/w/o: 325352.84/0.00/0.00) lat (ms,95%): 5.57 err/s: 0.00 reconn/s: 0.00
[ 95s ] thds: 1536 tps: 325321.44 qps: 325321.44 (r/w/o: 325321.44/0.00/0.00) lat (ms,95%): 5.57 err/s: 0.00 reconn/s: 0.00
[ 96s ] thds: 1536 tps: 325414.75 qps: 325415.75 (r/w/o: 325415.75/0.00/0.00) lat (ms,95%): 5.57 err/s: 0.00 reconn/s: 0.00
[ 97s ] thds: 1536 tps: 325395.69 qps: 325394.69 (r/w/o: 325394.69/0.00/0.00) lat (ms,95%): 5.57 err/s: 0.00 reconn/s: 0.00
[ 98s ] thds: 1536 tps: 325378.81 qps: 325379.81 (r/w/o: 325379.81/0.00/0.00) lat (ms,95%): 5.67 err/s: 0.00 reconn/s: 0.00
[ 99s ] thds: 1536 tps: 332012.95 qps: 332010.95 (r/w/o: 332010.95/0.00/0.00) lat (ms,95%): 5.67 err/s: 0.00 reconn/s: 0.00
[ 100s ] thds: 1536 tps: 329256.12 qps: 329256.12 (r/w/o: 329256.12/0.00/0.00) lat (ms,95%): 5.67 err/s: 0.00 reconn/s: 0.00
[ 101s ] thds: 1536 tps: 325381.57 qps: 325381.57 (r/w/o: 325381.57/0.00/0.00) lat (ms,95%): 5.67 err/s: 0.00 reconn/s: 0.00
[ 102s ] thds: 1536 tps: 325366.87 qps: 325364.87 (r/w/o: 325364.87/0.00/0.00) lat (ms,95%): 5.67 err/s: 0.00 reconn/s: 0.00
[ 103s ] thds: 1536 tps: 325406.33 qps: 325407.33 (r/w/o: 325407.33/0.00/0.00) lat (ms,95%): 5.67 err/s: 0.00 reconn/s: 0.00
[ 104s ] thds: 1536 tps: 325366.30 qps: 325363.30 (r/w/o: 325363.30/0.00/0.00) lat (ms,95%): 5.57 err/s: 0.00 reconn/s: 0.00
[ 105s ] thds: 1536 tps: 357120.64 qps: 357124.64 (r/w/o: 357124.64/0.00/0.00) lat (ms,95%): 5.47 err/s: 0.00 reconn/s: 0.00
[ 106s ] thds: 1536 tps: 325438.21 qps: 325437.21 (r/w/o: 325437.21/0.00/0.00) lat (ms,95%): 5.67 err/s: 0.00 reconn/s: 0.00
[ 107s ] thds: 1536 tps: 325460.33 qps: 325463.33 (r/w/o: 325463.33/0.00/0.00) lat (ms,95%): 5.67 err/s: 0.00 reconn/s: 0.00
[ 108s ] thds: 1536 tps: 325565.77 qps: 325564.77 (r/w/o: 325564.77/0.00/0.00) lat (ms,95%): 5.77 err/s: 0.00 reconn/s: 0.00
[ 109s ] thds: 1536 tps: 335908.78 qps: 335902.78 (r/w/o: 335902.78/0.00/0.00) lat (ms,95%): 5.67 err/s: 0.00 reconn/s: 0.00
[ 110s ] thds: 1536 tps: 334451.48 qps: 334458.48 (r/w/o: 334458.48/0.00/0.00) lat (ms,95%): 5.67 err/s: 0.00 reconn/s: 0.00
[ 111s ] thds: 1536 tps: 332280.96 qps: 332277.96 (r/w/o: 332277.96/0.00/0.00) lat (ms,95%): 5.57 err/s: 0.00 reconn/s: 0.00
[ 112s ] thds: 1536 tps: 325433.07 qps: 325435.07 (r/w/o: 325435.07/0.00/0.00) lat (ms,95%): 5.67 err/s: 0.00 reconn/s: 0.00
[ 113s ] thds: 1536 tps: 325386.65 qps: 325385.65 (r/w/o: 325385.65/0.00/0.00) lat (ms,95%): 5.67 err/s: 0.00 reconn/s: 0.00
[ 114s ] thds: 1536 tps: 325516.75 qps: 325514.75 (r/w/o: 325514.75/0.00/0.00) lat (ms,95%): 5.67 err/s: 0.00 reconn/s: 0.00
[ 115s ] thds: 1536 tps: 325418.12 qps: 325422.12 (r/w/o: 325422.12/0.00/0.00) lat (ms,95%): 5.67 err/s: 0.00 reconn/s: 0.00
[ 116s ] thds: 1536 tps: 325510.22 qps: 325509.22 (r/w/o: 325509.22/0.00/0.00) lat (ms,95%): 5.77 err/s: 0.00 reconn/s: 0.00
[ 117s ] thds: 1536 tps: 325514.16 qps: 325509.16 (r/w/o: 325509.16/0.00/0.00) lat (ms,95%): 5.77 err/s: 0.00 reconn/s: 0.00
[ 118s ] thds: 1536 tps: 325470.99 qps: 325475.99 (r/w/o: 325475.99/0.00/0.00) lat (ms,95%): 5.77 err/s: 0.00 reconn/s: 0.00
[ 119s ] thds: 1536 tps: 325456.22 qps: 325457.22 (r/w/o: 325457.22/0.00/0.00) lat (ms,95%): 5.77 err/s: 0.00 reconn/s: 0.00
[ 120s ] thds: 1536 tps: 325430.02 qps: 325428.02 (r/w/o: 325428.02/0.00/0.00) lat (ms,95%): 5.77 err/s: 0.00 reconn/s: 0.00
[ 121s ] thds: 1536 tps: 341398.38 qps: 341399.38 (r/w/o: 341399.38/0.00/0.00) lat (ms,95%): 5.67 err/s: 0.00 reconn/s: 0.00
[ 122s ] thds: 1536 tps: 337084.01 qps: 337081.01 (r/w/o: 337081.01/0.00/0.00) lat (ms,95%): 5.67 err/s: 0.00 reconn/s: 0.00
[ 123s ] thds: 1536 tps: 325422.69 qps: 325424.69 (r/w/o: 325424.69/0.00/0.00) lat (ms,95%): 5.67 err/s: 0.00 reconn/s: 0.00
[ 124s ] thds: 1536 tps: 325448.81 qps: 325446.81 (r/w/o: 325446.81/0.00/0.00) lat (ms,95%): 5.67 err/s: 0.00 reconn/s: 0.00
[ 125s ] thds: 1536 tps: 325411.22 qps: 325408.22 (r/w/o: 325408.22/0.00/0.00) lat (ms,95%): 5.67 err/s: 0.00 reconn/s: 0.00
[ 126s ] thds: 1536 tps: 325463.20 qps: 325468.20 (r/w/o: 325468.20/0.00/0.00) lat (ms,95%): 5.67 err/s: 0.00 reconn/s: 0.00
[ 127s ] thds: 1536 tps: 325550.65 qps: 325550.65 (r/w/o: 325550.65/0.00/0.00) lat (ms,95%): 5.67 err/s: 0.00 reconn/s: 0.00
[ 128s ] thds: 1536 tps: 325544.22 qps: 325545.22 (r/w/o: 325545.22/0.00/0.00) lat (ms,95%): 5.57 err/s: 0.00 reconn/s: 0.00
[ 129s ] thds: 1536 tps: 325448.63 qps: 325447.63 (r/w/o: 325447.63/0.00/0.00) lat (ms,95%): 5.57 err/s: 0.00 reconn/s: 0.00
[ 130s ] thds: 1536 tps: 325439.58 qps: 325439.58 (r/w/o: 325439.58/0.00/0.00) lat (ms,95%): 5.57 err/s: 0.00 reconn/s: 0.00
[ 131s ] thds: 1536 tps: 325404.62 qps: 325404.62 (r/w/o: 325404.62/0.00/0.00) lat (ms,95%): 5.57 err/s: 0.00 reconn/s: 0.00
[ 132s ] thds: 1536 tps: 325529.45 qps: 325529.45 (r/w/o: 325529.45/0.00/0.00) lat (ms,95%): 5.57 err/s: 0.00 reconn/s: 0.00
[ 133s ] thds: 1536 tps: 325558.72 qps: 325558.72 (r/w/o: 325558.72/0.00/0.00) lat (ms,95%): 5.57 err/s: 0.00 reconn/s: 0.00
[ 134s ] thds: 1536 tps: 325534.13 qps: 325536.13 (r/w/o: 325536.13/0.00/0.00) lat (ms,95%): 5.57 err/s: 0.00 reconn/s: 0.00
[ 135s ] thds: 1536 tps: 325484.73 qps: 325483.73 (r/w/o: 325483.73/0.00/0.00) lat (ms,95%): 5.57 err/s: 0.00 reconn/s: 0.00
[ 136s ] thds: 1536 tps: 325434.82 qps: 325433.82 (r/w/o: 325433.82/0.00/0.00) lat (ms,95%): 5.57 err/s: 0.00 reconn/s: 0.00
[ 137s ] thds: 1536 tps: 325514.71 qps: 325514.71 (r/w/o: 325514.71/0.00/0.00) lat (ms,95%): 5.67 err/s: 0.00 reconn/s: 0.00
[ 138s ] thds: 1536 tps: 325057.87 qps: 325057.87 (r/w/o: 325057.87/0.00/0.00) lat (ms,95%): 5.67 err/s: 0.00 reconn/s: 0.00
[ 139s ] thds: 1536 tps: 325312.02 qps: 325312.02 (r/w/o: 325312.02/0.00/0.00) lat (ms,95%): 5.67 err/s: 0.00 reconn/s: 0.00
[ 140s ] thds: 1536 tps: 325255.46 qps: 325255.46 (r/w/o: 325255.46/0.00/0.00) lat (ms,95%): 5.67 err/s: 0.00 reconn/s: 0.00
[ 141s ] thds: 1536 tps: 326023.86 qps: 326024.86 (r/w/o: 326024.86/0.00/0.00) lat (ms,95%): 5.67 err/s: 0.00 reconn/s: 0.00
[ 142s ] thds: 1536 tps: 325331.67 qps: 325329.67 (r/w/o: 325329.67/0.00/0.00) lat (ms,95%): 5.67 err/s: 0.00 reconn/s: 0.00
[ 143s ] thds: 1536 tps: 325415.90 qps: 325416.90 (r/w/o: 325416.90/0.00/0.00) lat (ms,95%): 5.67 err/s: 0.00 reconn/s: 0.00
[ 144s ] thds: 1536 tps: 325440.81 qps: 325442.81 (r/w/o: 325442.81/0.00/0.00) lat (ms,95%): 5.67 err/s: 0.00 reconn/s: 0.00
[ 145s ] thds: 1536 tps: 325374.17 qps: 325372.17 (r/w/o: 325372.17/0.00/0.00) lat (ms,95%): 5.77 err/s: 0.00 reconn/s: 0.00
[ 146s ] thds: 1536 tps: 325381.15 qps: 325380.15 (r/w/o: 325380.15/0.00/0.00) lat (ms,95%): 5.77 err/s: 0.00 reconn/s: 0.00
[ 147s ] thds: 1536 tps: 325340.67 qps: 325343.67 (r/w/o: 325343.67/0.00/0.00) lat (ms,95%): 5.77 err/s: 0.00 reconn/s: 0.00
[ 148s ] thds: 1536 tps: 325381.11 qps: 325379.11 (r/w/o: 325379.11/0.00/0.00) lat (ms,95%): 5.77 err/s: 0.00 reconn/s: 0.00
[ 149s ] thds: 1536 tps: 325453.67 qps: 325452.67 (r/w/o: 325452.67/0.00/0.00) lat (ms,95%): 5.67 err/s: 0.00 reconn/s: 0.00
[ 150s ] thds: 1536 tps: 325507.25 qps: 325504.25 (r/w/o: 325504.25/0.00/0.00) lat (ms,95%): 5.67 err/s: 0.00 reconn/s: 0.00
[ 151s ] thds: 1536 tps: 325396.02 qps: 325398.02 (r/w/o: 325398.02/0.00/0.00) lat (ms,95%): 5.67 err/s: 0.00 reconn/s: 0.00
[ 152s ] thds: 1536 tps: 325409.88 qps: 325411.88 (r/w/o: 325411.88/0.00/0.00) lat (ms,95%): 5.67 err/s: 0.00 reconn/s: 0.00
[ 153s ] thds: 1536 tps: 325330.44 qps: 325330.44 (r/w/o: 325330.44/0.00/0.00) lat (ms,95%): 5.67 err/s: 0.00 reconn/s: 0.00
[ 154s ] thds: 1536 tps: 325407.45 qps: 325405.45 (r/w/o: 325405.45/0.00/0.00) lat (ms,95%): 5.57 err/s: 0.00 reconn/s: 0.00
[ 155s ] thds: 1536 tps: 325306.69 qps: 325309.69 (r/w/o: 325309.69/0.00/0.00) lat (ms,95%): 5.57 err/s: 0.00 reconn/s: 0.00
[ 156s ] thds: 1536 tps: 325374.27 qps: 325375.27 (r/w/o: 325375.27/0.00/0.00) lat (ms,95%): 5.57 err/s: 0.00 reconn/s: 0.00
[ 157s ] thds: 1536 tps: 325360.03 qps: 325360.03 (r/w/o: 325360.03/0.00/0.00) lat (ms,95%): 5.57 err/s: 0.00 reconn/s: 0.00
[ 158s ] thds: 1536 tps: 325371.52 qps: 325369.52 (r/w/o: 325369.52/0.00/0.00) lat (ms,95%): 5.57 err/s: 0.00 reconn/s: 0.00
[ 159s ] thds: 1536 tps: 325391.22 qps: 325391.22 (r/w/o: 325391.22/0.00/0.00) lat (ms,95%): 5.57 err/s: 0.00 reconn/s: 0.00
[ 160s ] thds: 1536 tps: 325348.30 qps: 325350.30 (r/w/o: 325350.30/0.00/0.00) lat (ms,95%): 5.67 err/s: 0.00 reconn/s: 0.00
[ 161s ] thds: 1536 tps: 325335.60 qps: 325333.60 (r/w/o: 325333.60/0.00/0.00) lat (ms,95%): 5.57 err/s: 0.00 reconn/s: 0.00
[ 162s ] thds: 1536 tps: 325348.09 qps: 325348.09 (r/w/o: 325348.09/0.00/0.00) lat (ms,95%): 5.57 err/s: 0.00 reconn/s: 0.00
[ 163s ] thds: 1536 tps: 325309.27 qps: 325311.27 (r/w/o: 325311.27/0.00/0.00) lat (ms,95%): 5.57 err/s: 0.00 reconn/s: 0.00
[ 164s ] thds: 1536 tps: 325382.22 qps: 325382.22 (r/w/o: 325382.22/0.00/0.00) lat (ms,95%): 5.57 err/s: 0.00 reconn/s: 0.00
[ 165s ] thds: 1536 tps: 325364.50 qps: 325360.50 (r/w/o: 325360.50/0.00/0.00) lat (ms,95%): 5.57 err/s: 0.00 reconn/s: 0.00
[ 166s ] thds: 1536 tps: 325353.27 qps: 325357.27 (r/w/o: 325357.27/0.00/0.00) lat (ms,95%): 5.57 err/s: 0.00 reconn/s: 0.00
[ 167s ] thds: 1536 tps: 332917.40 qps: 332915.40 (r/w/o: 332915.40/0.00/0.00) lat (ms,95%): 5.57 err/s: 0.00 reconn/s: 0.00
[ 168s ] thds: 1536 tps: 335084.34 qps: 335081.35 (r/w/o: 335081.35/0.00/0.00) lat (ms,95%): 5.57 err/s: 0.00 reconn/s: 0.00
[ 169s ] thds: 1536 tps: 325369.16 qps: 325372.16 (r/w/o: 325372.16/0.00/0.00) lat (ms,95%): 5.57 err/s: 0.00 reconn/s: 0.00
[ 170s ] thds: 1536 tps: 325330.83 qps: 325331.83 (r/w/o: 325331.83/0.00/0.00) lat (ms,95%): 5.57 err/s: 0.00 reconn/s: 0.00
[ 171s ] thds: 1536 tps: 325445.30 qps: 325446.30 (r/w/o: 325446.30/0.00/0.00) lat (ms,95%): 5.67 err/s: 0.00 reconn/s: 0.00
[ 172s ] thds: 1536 tps: 325521.94 qps: 325518.94 (r/w/o: 325518.94/0.00/0.00) lat (ms,95%): 5.67 err/s: 0.00 reconn/s: 0.00
[ 173s ] thds: 1536 tps: 325408.21 qps: 325407.21 (r/w/o: 325407.21/0.00/0.00) lat (ms,95%): 5.67 err/s: 0.00 reconn/s: 0.00
[ 174s ] thds: 1536 tps: 325387.21 qps: 325387.21 (r/w/o: 325387.21/0.00/0.00) lat (ms,95%): 5.57 err/s: 0.00 reconn/s: 0.00
[ 175s ] thds: 1536 tps: 325371.66 qps: 325375.66 (r/w/o: 325375.66/0.00/0.00) lat (ms,95%): 5.67 err/s: 0.00 reconn/s: 0.00
[ 176s ] thds: 1536 tps: 325420.47 qps: 325418.47 (r/w/o: 325418.47/0.00/0.00) lat (ms,95%): 5.57 err/s: 0.00 reconn/s: 0.00
[ 177s ] thds: 1536 tps: 348856.71 qps: 348857.71 (r/w/o: 348857.71/0.00/0.00) lat (ms,95%): 5.47 err/s: 0.00 reconn/s: 0.00
[ 178s ] thds: 1536 tps: 329816.79 qps: 329816.79 (r/w/o: 329816.79/0.00/0.00) lat (ms,95%): 5.67 err/s: 0.00 reconn/s: 0.00
[ 179s ] thds: 1536 tps: 325421.21 qps: 325420.21 (r/w/o: 325420.21/0.00/0.00) lat (ms,95%): 5.67 err/s: 0.00 reconn/s: 0.00
[ 180s ] thds: 1536 tps: 325530.04 qps: 325529.04 (r/w/o: 325529.04/0.00/0.00) lat (ms,95%): 5.77 err/s: 0.00 reconn/s: 0.00
[ 181s ] thds: 1536 tps: 325734.10 qps: 325737.10 (r/w/o: 325737.10/0.00/0.00) lat (ms,95%): 5.67 err/s: 0.00 reconn/s: 0.00
[ 182s ] thds: 1536 tps: 325508.84 qps: 325506.84 (r/w/o: 325506.84/0.00/0.00) lat (ms,95%): 5.67 err/s: 0.00 reconn/s: 0.00
[ 183s ] thds: 1536 tps: 325540.30 qps: 325542.30 (r/w/o: 325542.30/0.00/0.00) lat (ms,95%): 5.67 err/s: 0.00 reconn/s: 0.00
[ 184s ] thds: 1536 tps: 325562.15 qps: 325560.15 (r/w/o: 325560.15/0.00/0.00) lat (ms,95%): 5.67 err/s: 0.00 reconn/s: 0.00
[ 185s ] thds: 1536 tps: 325435.88 qps: 325437.88 (r/w/o: 325437.88/0.00/0.00) lat (ms,95%): 5.67 err/s: 0.00 reconn/s: 0.00
[ 186s ] thds: 1536 tps: 325547.47 qps: 325546.47 (r/w/o: 325546.47/0.00/0.00) lat (ms,95%): 5.57 err/s: 0.00 reconn/s: 0.00
[ 187s ] thds: 1536 tps: 325369.05 qps: 325368.05 (r/w/o: 325368.05/0.00/0.00) lat (ms,95%): 5.57 err/s: 0.00 reconn/s: 0.00
[ 188s ] thds: 1536 tps: 325401.96 qps: 325399.96 (r/w/o: 325399.96/0.00/0.00) lat (ms,95%): 5.67 err/s: 0.00 reconn/s: 0.00
[ 189s ] thds: 1536 tps: 325331.28 qps: 325333.28 (r/w/o: 325333.28/0.00/0.00) lat (ms,95%): 5.67 err/s: 0.00 reconn/s: 0.00
[ 190s ] thds: 1536 tps: 325309.84 qps: 325310.84 (r/w/o: 325310.84/0.00/0.00) lat (ms,95%): 5.57 err/s: 0.00 reconn/s: 0.00
[ 191s ] thds: 1536 tps: 325401.99 qps: 325400.99 (r/w/o: 325400.99/0.00/0.00) lat (ms,95%): 5.57 err/s: 0.00 reconn/s: 0.00
[ 192s ] thds: 1536 tps: 325494.42 qps: 325493.42 (r/w/o: 325493.42/0.00/0.00) lat (ms,95%): 5.57 err/s: 0.00 reconn/s: 0.00
[ 193s ] thds: 1536 tps: 331067.89 qps: 331069.89 (r/w/o: 331069.89/0.00/0.00) lat (ms,95%): 5.57 err/s: 0.00 reconn/s: 0.00
[ 194s ] thds: 1536 tps: 337471.47 qps: 337472.47 (r/w/o: 337472.47/0.00/0.00) lat (ms,95%): 5.57 err/s: 0.00 reconn/s: 0.00
[ 195s ] thds: 1536 tps: 325417.16 qps: 325412.16 (r/w/o: 325412.16/0.00/0.00) lat (ms,95%): 5.67 err/s: 0.00 reconn/s: 0.00
[ 196s ] thds: 1536 tps: 325507.98 qps: 325510.98 (r/w/o: 325510.98/0.00/0.00) lat (ms,95%): 5.67 err/s: 0.00 reconn/s: 0.00
[ 197s ] thds: 1536 tps: 340584.69 qps: 340585.69 (r/w/o: 340585.69/0.00/0.00) lat (ms,95%): 5.57 err/s: 0.00 reconn/s: 0.00
[ 198s ] thds: 1536 tps: 350404.54 qps: 350403.54 (r/w/o: 350403.54/0.00/0.00) lat (ms,95%): 5.57 err/s: 0.00 reconn/s: 0.00
[ 199s ] thds: 1536 tps: 326166.59 qps: 326161.59 (r/w/o: 326161.59/0.00/0.00) lat (ms,95%): 5.67 err/s: 0.00 reconn/s: 0.00
[ 200s ] thds: 1536 tps: 325465.27 qps: 325471.27 (r/w/o: 325471.27/0.00/0.00) lat (ms,95%): 5.57 err/s: 0.00 reconn/s: 0.00
[ 201s ] thds: 1536 tps: 325618.27 qps: 325618.27 (r/w/o: 325618.27/0.00/0.00) lat (ms,95%): 5.47 err/s: 0.00 reconn/s: 0.00
[ 202s ] thds: 1536 tps: 327696.24 qps: 327696.24 (r/w/o: 327696.24/0.00/0.00) lat (ms,95%): 5.57 err/s: 0.00 reconn/s: 0.00
[ 203s ] thds: 1536 tps: 325225.42 qps: 325223.42 (r/w/o: 325223.42/0.00/0.00) lat (ms,95%): 5.57 err/s: 0.00 reconn/s: 0.00
[ 204s ] thds: 1536 tps: 325403.90 qps: 325404.90 (r/w/o: 325404.90/0.00/0.00) lat (ms,95%): 5.67 err/s: 0.00 reconn/s: 0.00
[ 205s ] thds: 1536 tps: 325470.66 qps: 325472.66 (r/w/o: 325472.66/0.00/0.00) lat (ms,95%): 5.67 err/s: 0.00 reconn/s: 0.00
[ 206s ] thds: 1536 tps: 325425.00 qps: 325425.00 (r/w/o: 325425.00/0.00/0.00) lat (ms,95%): 5.77 err/s: 0.00 reconn/s: 0.00
[ 207s ] thds: 1536 tps: 325381.07 qps: 325376.07 (r/w/o: 325376.07/0.00/0.00) lat (ms,95%): 5.77 err/s: 0.00 reconn/s: 0.00
[ 208s ] thds: 1536 tps: 325427.82 qps: 325428.82 (r/w/o: 325428.82/0.00/0.00) lat (ms,95%): 5.77 err/s: 0.00 reconn/s: 0.00
[ 209s ] thds: 1536 tps: 325388.94 qps: 325389.94 (r/w/o: 325389.94/0.00/0.00) lat (ms,95%): 5.67 err/s: 0.00 reconn/s: 0.00
[ 210s ] thds: 1536 tps: 325442.43 qps: 325443.43 (r/w/o: 325443.43/0.00/0.00) lat (ms,95%): 5.67 err/s: 0.00 reconn/s: 0.00
[ 211s ] thds: 1536 tps: 325440.00 qps: 325441.00 (r/w/o: 325441.00/0.00/0.00) lat (ms,95%): 5.67 err/s: 0.00 reconn/s: 0.00
[ 212s ] thds: 1536 tps: 325570.75 qps: 325571.75 (r/w/o: 325571.75/0.00/0.00) lat (ms,95%): 5.67 err/s: 0.00 reconn/s: 0.00
[ 213s ] thds: 1536 tps: 350892.20 qps: 350891.20 (r/w/o: 350891.20/0.00/0.00) lat (ms,95%): 5.47 err/s: 0.00 reconn/s: 0.00
[ 214s ] thds: 1536 tps: 327475.94 qps: 327472.94 (r/w/o: 327472.94/0.00/0.00) lat (ms,95%): 5.67 err/s: 0.00 reconn/s: 0.00
[ 215s ] thds: 1536 tps: 325503.15 qps: 325507.15 (r/w/o: 325507.15/0.00/0.00) lat (ms,95%): 5.57 err/s: 0.00 reconn/s: 0.00
[ 216s ] thds: 1536 tps: 325455.76 qps: 325455.76 (r/w/o: 325455.76/0.00/0.00) lat (ms,95%): 5.57 err/s: 0.00 reconn/s: 0.00
[ 217s ] thds: 1536 tps: 357421.54 qps: 357415.54 (r/w/o: 357415.54/0.00/0.00) lat (ms,95%): 5.18 err/s: 0.00 reconn/s: 0.00
[ 218s ] thds: 1536 tps: 327765.13 qps: 327769.13 (r/w/o: 327769.13/0.00/0.00) lat (ms,95%): 5.67 err/s: 0.00 reconn/s: 0.00
[ 219s ] thds: 1536 tps: 325490.77 qps: 325491.77 (r/w/o: 325491.77/0.00/0.00) lat (ms,95%): 5.67 err/s: 0.00 reconn/s: 0.00
[ 220s ] thds: 1536 tps: 325499.17 qps: 325499.17 (r/w/o: 325499.17/0.00/0.00) lat (ms,95%): 5.67 err/s: 0.00 reconn/s: 0.00
[ 221s ] thds: 1536 tps: 339761.05 qps: 339758.05 (r/w/o: 339758.05/0.00/0.00) lat (ms,95%): 5.67 err/s: 0.00 reconn/s: 0.00
[ 222s ] thds: 1536 tps: 325785.25 qps: 325787.25 (r/w/o: 325787.25/0.00/0.00) lat (ms,95%): 5.67 err/s: 0.00 reconn/s: 0.00
[ 223s ] thds: 1536 tps: 325462.21 qps: 325460.21 (r/w/o: 325460.21/0.00/0.00) lat (ms,95%): 5.67 err/s: 0.00 reconn/s: 0.00
[ 224s ] thds: 1536 tps: 325442.30 qps: 325442.30 (r/w/o: 325442.30/0.00/0.00) lat (ms,95%): 5.57 err/s: 0.00 reconn/s: 0.00
[ 225s ] thds: 1536 tps: 325457.63 qps: 325455.63 (r/w/o: 325455.63/0.00/0.00) lat (ms,95%): 5.67 err/s: 0.00 reconn/s: 0.00
[ 226s ] thds: 1536 tps: 325381.72 qps: 325384.72 (r/w/o: 325384.72/0.00/0.00) lat (ms,95%): 5.57 err/s: 0.00 reconn/s: 0.00
[ 227s ] thds: 1536 tps: 349592.34 qps: 349593.34 (r/w/o: 349593.34/0.00/0.00) lat (ms,95%): 5.47 err/s: 0.00 reconn/s: 0.00
[ 228s ] thds: 1536 tps: 325541.58 qps: 325542.58 (r/w/o: 325542.58/0.00/0.00) lat (ms,95%): 5.67 err/s: 0.00 reconn/s: 0.00
[ 229s ] thds: 1536 tps: 339769.81 qps: 339769.81 (r/w/o: 339769.81/0.00/0.00) lat (ms,95%): 5.47 err/s: 0.00 reconn/s: 0.00
[ 230s ] thds: 1536 tps: 344433.54 qps: 344432.54 (r/w/o: 344432.54/0.00/0.00) lat (ms,95%): 5.57 err/s: 0.00 reconn/s: 0.00
[ 231s ] thds: 1536 tps: 326987.03 qps: 326984.03 (r/w/o: 326984.03/0.00/0.00) lat (ms,95%): 5.57 err/s: 0.00 reconn/s: 0.00
[ 232s ] thds: 1536 tps: 325583.71 qps: 325584.71 (r/w/o: 325584.71/0.00/0.00) lat (ms,95%): 5.57 err/s: 0.00 reconn/s: 0.00
[ 233s ] thds: 1536 tps: 325461.40 qps: 325460.40 (r/w/o: 325460.40/0.00/0.00) lat (ms,95%): 5.67 err/s: 0.00 reconn/s: 0.00
[ 234s ] thds: 1536 tps: 325561.89 qps: 325564.89 (r/w/o: 325564.89/0.00/0.00) lat (ms,95%): 5.67 err/s: 0.00 reconn/s: 0.00
[ 235s ] thds: 1536 tps: 325524.04 qps: 325520.04 (r/w/o: 325520.04/0.00/0.00) lat (ms,95%): 5.67 err/s: 0.00 reconn/s: 0.00
[ 236s ] thds: 1536 tps: 325610.06 qps: 325615.06 (r/w/o: 325615.06/0.00/0.00) lat (ms,95%): 5.67 err/s: 0.00 reconn/s: 0.00
[ 237s ] thds: 1536 tps: 325556.54 qps: 325555.54 (r/w/o: 325555.54/0.00/0.00) lat (ms,95%): 5.67 err/s: 0.00 reconn/s: 0.00
[ 238s ] thds: 1536 tps: 325743.09 qps: 325745.09 (r/w/o: 325745.09/0.00/0.00) lat (ms,95%): 5.67 err/s: 0.00 reconn/s: 0.00
[ 239s ] thds: 1536 tps: 325452.48 qps: 325451.48 (r/w/o: 325451.48/0.00/0.00) lat (ms,95%): 5.67 err/s: 0.00 reconn/s: 0.00
[ 240s ] thds: 1536 tps: 325432.38 qps: 325431.38 (r/w/o: 325431.38/0.00/0.00) lat (ms,95%): 5.67 err/s: 0.00 reconn/s: 0.00
[ 241s ] thds: 1536 tps: 325419.82 qps: 325421.82 (r/w/o: 325421.82/0.00/0.00) lat (ms,95%): 5.67 err/s: 0.00 reconn/s: 0.00
[ 242s ] thds: 1536 tps: 325434.74 qps: 325433.74 (r/w/o: 325433.74/0.00/0.00) lat (ms,95%): 5.67 err/s: 0.00 reconn/s: 0.00
[ 243s ] thds: 1536 tps: 325410.92 qps: 325409.92 (r/w/o: 325409.92/0.00/0.00) lat (ms,95%): 5.67 err/s: 0.00 reconn/s: 0.00
[ 244s ] thds: 1536 tps: 325432.16 qps: 325434.16 (r/w/o: 325434.16/0.00/0.00) lat (ms,95%): 5.67 err/s: 0.00 reconn/s: 0.00
[ 245s ] thds: 1536 tps: 325441.49 qps: 325441.49 (r/w/o: 325441.49/0.00/0.00) lat (ms,95%): 5.57 err/s: 0.00 reconn/s: 0.00
[ 246s ] thds: 1536 tps: 325462.16 qps: 325462.16 (r/w/o: 325462.16/0.00/0.00) lat (ms,95%): 5.57 err/s: 0.00 reconn/s: 0.00
[ 247s ] thds: 1536 tps: 325529.83 qps: 325529.83 (r/w/o: 325529.83/0.00/0.00) lat (ms,95%): 5.67 err/s: 0.00 reconn/s: 0.00
[ 248s ] thds: 1536 tps: 325569.13 qps: 325568.13 (r/w/o: 325568.13/0.00/0.00) lat (ms,95%): 5.67 err/s: 0.00 reconn/s: 0.00
[ 249s ] thds: 1536 tps: 325543.09 qps: 325541.09 (r/w/o: 325541.09/0.00/0.00) lat (ms,95%): 5.67 err/s: 0.00 reconn/s: 0.00
[ 250s ] thds: 1536 tps: 325538.70 qps: 325538.70 (r/w/o: 325538.70/0.00/0.00) lat (ms,95%): 5.67 err/s: 0.00 reconn/s: 0.00
[ 251s ] thds: 1536 tps: 325452.45 qps: 325455.45 (r/w/o: 325455.45/0.00/0.00) lat (ms,95%): 5.67 err/s: 0.00 reconn/s: 0.00
[ 252s ] thds: 1536 tps: 325436.70 qps: 325436.70 (r/w/o: 325436.70/0.00/0.00) lat (ms,95%): 5.67 err/s: 0.00 reconn/s: 0.00
[ 253s ] thds: 1536 tps: 326108.69 qps: 326106.69 (r/w/o: 326106.69/0.00/0.00) lat (ms,95%): 5.57 err/s: 0.00 reconn/s: 0.00
[ 254s ] thds: 1536 tps: 325453.63 qps: 325449.63 (r/w/o: 325449.63/0.00/0.00) lat (ms,95%): 5.57 err/s: 0.00 reconn/s: 0.00
[ 255s ] thds: 1536 tps: 325377.68 qps: 325379.68 (r/w/o: 325379.68/0.00/0.00) lat (ms,95%): 5.57 err/s: 0.00 reconn/s: 0.00
[ 256s ] thds: 1536 tps: 325426.64 qps: 325428.64 (r/w/o: 325428.64/0.00/0.00) lat (ms,95%): 5.57 err/s: 0.00 reconn/s: 0.00
[ 257s ] thds: 1536 tps: 325449.55 qps: 325449.55 (r/w/o: 325449.55/0.00/0.00) lat (ms,95%): 5.57 err/s: 0.00 reconn/s: 0.00
[ 258s ] thds: 1536 tps: 325460.97 qps: 325458.97 (r/w/o: 325458.97/0.00/0.00) lat (ms,95%): 5.57 err/s: 0.00 reconn/s: 0.00
[ 259s ] thds: 1536 tps: 325464.14 qps: 325461.14 (r/w/o: 325461.14/0.00/0.00) lat (ms,95%): 5.57 err/s: 0.00 reconn/s: 0.00
[ 260s ] thds: 1536 tps: 325412.03 qps: 325418.03 (r/w/o: 325418.03/0.00/0.00) lat (ms,95%): 5.57 err/s: 0.00 reconn/s: 0.00
[ 261s ] thds: 1536 tps: 335862.85 qps: 335863.85 (r/w/o: 335863.85/0.00/0.00) lat (ms,95%): 5.57 err/s: 0.00 reconn/s: 0.00
[ 262s ] thds: 1536 tps: 329323.99 qps: 329321.99 (r/w/o: 329321.99/0.00/0.00) lat (ms,95%): 5.57 err/s: 0.00 reconn/s: 0.00
[ 263s ] thds: 1536 tps: 325491.22 qps: 325489.22 (r/w/o: 325489.22/0.00/0.00) lat (ms,95%): 5.57 err/s: 0.00 reconn/s: 0.00
[ 264s ] thds: 1536 tps: 325449.66 qps: 325453.66 (r/w/o: 325453.66/0.00/0.00) lat (ms,95%): 5.57 err/s: 0.00 reconn/s: 0.00
[ 265s ] thds: 1536 tps: 342594.02 qps: 342591.02 (r/w/o: 342591.02/0.00/0.00) lat (ms,95%): 5.47 err/s: 0.00 reconn/s: 0.00
[ 266s ] thds: 1536 tps: 328860.31 qps: 328859.31 (r/w/o: 328859.31/0.00/0.00) lat (ms,95%): 5.57 err/s: 0.00 reconn/s: 0.00
[ 267s ] thds: 1536 tps: 325359.45 qps: 325359.45 (r/w/o: 325359.45/0.00/0.00) lat (ms,95%): 5.57 err/s: 0.00 reconn/s: 0.00
[ 268s ] thds: 1536 tps: 325520.08 qps: 325522.08 (r/w/o: 325522.08/0.00/0.00) lat (ms,95%): 5.57 err/s: 0.00 reconn/s: 0.00
[ 269s ] thds: 1536 tps: 344967.56 qps: 344967.56 (r/w/o: 344967.56/0.00/0.00) lat (ms,95%): 5.47 err/s: 0.00 reconn/s: 0.00
[ 270s ] thds: 1536 tps: 333825.18 qps: 333826.18 (r/w/o: 333826.18/0.00/0.00) lat (ms,95%): 5.57 err/s: 0.00 reconn/s: 0.00
[ 271s ] thds: 1536 tps: 325461.24 qps: 325462.24 (r/w/o: 325462.24/0.00/0.00) lat (ms,95%): 5.57 err/s: 0.00 reconn/s: 0.00
[ 272s ] thds: 1536 tps: 325473.96 qps: 325471.96 (r/w/o: 325471.96/0.00/0.00) lat (ms,95%): 5.57 err/s: 0.00 reconn/s: 0.00
[ 273s ] thds: 1536 tps: 334106.46 qps: 334103.46 (r/w/o: 334103.46/0.00/0.00) lat (ms,95%): 5.57 err/s: 0.00 reconn/s: 0.00
[ 274s ] thds: 1536 tps: 330633.14 qps: 330634.14 (r/w/o: 330634.14/0.00/0.00) lat (ms,95%): 5.67 err/s: 0.00 reconn/s: 0.00
[ 275s ] thds: 1536 tps: 342867.51 qps: 342870.51 (r/w/o: 342870.51/0.00/0.00) lat (ms,95%): 5.57 err/s: 0.00 reconn/s: 0.00
[ 276s ] thds: 1536 tps: 345640.15 qps: 345641.15 (r/w/o: 345641.15/0.00/0.00) lat (ms,95%): 5.57 err/s: 0.00 reconn/s: 0.00
[ 277s ] thds: 1536 tps: 325511.29 qps: 325508.29 (r/w/o: 325508.29/0.00/0.00) lat (ms,95%): 5.67 err/s: 0.00 reconn/s: 0.00
[ 278s ] thds: 1536 tps: 325528.63 qps: 325531.63 (r/w/o: 325531.63/0.00/0.00) lat (ms,95%): 5.67 err/s: 0.00 reconn/s: 0.00
[ 279s ] thds: 1536 tps: 325571.24 qps: 325571.24 (r/w/o: 325571.24/0.00/0.00) lat (ms,95%): 5.67 err/s: 0.00 reconn/s: 0.00
[ 280s ] thds: 1536 tps: 325523.61 qps: 325520.61 (r/w/o: 325520.61/0.00/0.00) lat (ms,95%): 5.67 err/s: 0.00 reconn/s: 0.00
[ 281s ] thds: 1536 tps: 325532.28 qps: 325528.28 (r/w/o: 325528.28/0.00/0.00) lat (ms,95%): 5.57 err/s: 0.00 reconn/s: 0.00
[ 282s ] thds: 1536 tps: 325515.96 qps: 325520.96 (r/w/o: 325520.96/0.00/0.00) lat (ms,95%): 5.57 err/s: 0.00 reconn/s: 0.00
[ 283s ] thds: 1536 tps: 325545.80 qps: 325547.80 (r/w/o: 325547.80/0.00/0.00) lat (ms,95%): 5.57 err/s: 0.00 reconn/s: 0.00
[ 284s ] thds: 1536 tps: 325588.65 qps: 325588.65 (r/w/o: 325588.65/0.00/0.00) lat (ms,95%): 5.57 err/s: 0.00 reconn/s: 0.00
[ 285s ] thds: 1536 tps: 337976.76 qps: 337975.76 (r/w/o: 337975.76/0.00/0.00) lat (ms,95%): 5.57 err/s: 0.00 reconn/s: 0.00
[ 286s ] thds: 1536 tps: 327330.36 qps: 327329.36 (r/w/o: 327329.36/0.00/0.00) lat (ms,95%): 5.57 err/s: 0.00 reconn/s: 0.00
[ 287s ] thds: 1536 tps: 325528.24 qps: 325528.24 (r/w/o: 325528.24/0.00/0.00) lat (ms,95%): 5.57 err/s: 0.00 reconn/s: 0.00
[ 288s ] thds: 1536 tps: 325454.50 qps: 325455.50 (r/w/o: 325455.50/0.00/0.00) lat (ms,95%): 5.57 err/s: 0.00 reconn/s: 0.00
[ 289s ] thds: 1536 tps: 348580.96 qps: 348578.96 (r/w/o: 348578.96/0.00/0.00) lat (ms,95%): 5.47 err/s: 0.00 reconn/s: 0.00
[ 290s ] thds: 1536 tps: 327610.93 qps: 327612.93 (r/w/o: 327612.93/0.00/0.00) lat (ms,95%): 5.67 err/s: 0.00 reconn/s: 0.00
[ 291s ] thds: 1536 tps: 325486.71 qps: 325487.71 (r/w/o: 325487.71/0.00/0.00) lat (ms,95%): 5.57 err/s: 0.00 reconn/s: 0.00
[ 292s ] thds: 1536 tps: 325558.77 qps: 325558.77 (r/w/o: 325558.77/0.00/0.00) lat (ms,95%): 5.57 err/s: 0.00 reconn/s: 0.00
[ 293s ] thds: 1536 tps: 329613.42 qps: 329611.42 (r/w/o: 329611.42/0.00/0.00) lat (ms,95%): 5.37 err/s: 0.00 reconn/s: 0.00
[ 294s ] thds: 1536 tps: 325445.20 qps: 325445.20 (r/w/o: 325445.20/0.00/0.00) lat (ms,95%): 5.57 err/s: 0.00 reconn/s: 0.00
[ 295s ] thds: 1536 tps: 325457.89 qps: 325458.89 (r/w/o: 325458.89/0.00/0.00) lat (ms,95%): 5.57 err/s: 0.00 reconn/s: 0.00
[ 296s ] thds: 1536 tps: 325430.85 qps: 325429.85 (r/w/o: 325429.85/0.00/0.00) lat (ms,95%): 5.57 err/s: 0.00 reconn/s: 0.00
[ 297s ] thds: 1536 tps: 325337.05 qps: 325336.05 (r/w/o: 325336.05/0.00/0.00) lat (ms,95%): 5.57 err/s: 0.00 reconn/s: 0.00
[ 298s ] thds: 1536 tps: 325383.81 qps: 325384.81 (r/w/o: 325384.81/0.00/0.00) lat (ms,95%): 5.57 err/s: 0.00 reconn/s: 0.00
[ 299s ] thds: 1536 tps: 325287.96 qps: 325289.96 (r/w/o: 325289.96/0.00/0.00) lat (ms,95%): 5.57 err/s: 0.00 reconn/s: 0.00
[ 300s ] thds: 1536 tps: 314565.83 qps: 314565.83 (r/w/o: 314565.83/0.00/0.00) lat (ms,95%): 5.57 err/s: 0.00 reconn/s: 0.00
SQL statistics:
    queries performed:
        read:                            98219490
        write:                           0
        other:                           0
        total:                           98219490
    transactions:                        98219490 (327053.19 per sec.)
    queries:                             98219490 (327053.19 per sec.)
    ignored errors:                      0      (0.00 per sec.)
    reconnects:                          0      (0.00 per sec.)

General statistics:
    total time:                          300.3151s
    total number of events:              98219490

Latency (ms):
         min:                                    0.05
         avg:                                    4.69
         max:                                 1895.71
         95th percentile:                        5.67
         sum:                            460425651.13

Threads fairness:
    events (avg/stddev):           63944.9805/1732.33
    execution time (avg/stddev):   299.7563/0.09

