sysbench 1.0.20 (using bundled LuaJIT 2.1.0-beta2)

Running the test with following options:
Number of threads: 1536
Report intermediate results every 1 second(s)
Initializing random number generator from current time


Initializing worker threads...

Threads started!

[ 1s ] thds: 1536 tps: 212774.73 qps: 212773.25 (r/w/o: 212773.25/0.00/0.00) lat (ms,95%): 0.99 err/s: 0.00 reconn/s: 0.00
[ 2s ] thds: 1536 tps: 525061.51 qps: 525058.54 (r/w/o: 525058.54/0.00/0.00) lat (ms,95%): 5.37 err/s: 0.00 reconn/s: 0.00
[ 3s ] thds: 1536 tps: 329566.74 qps: 329568.74 (r/w/o: 329568.74/0.00/0.00) lat (ms,95%): 5.57 err/s: 0.00 reconn/s: 0.00
[ 4s ] thds: 1536 tps: 329929.43 qps: 329924.43 (r/w/o: 329924.43/0.00/0.00) lat (ms,95%): 5.57 err/s: 0.00 reconn/s: 0.00
[ 5s ] thds: 1536 tps: 329779.51 qps: 329785.51 (r/w/o: 329785.51/0.00/0.00) lat (ms,95%): 5.57 err/s: 0.00 reconn/s: 0.00
[ 6s ] thds: 1536 tps: 330041.98 qps: 330042.98 (r/w/o: 330042.98/0.00/0.00) lat (ms,95%): 5.67 err/s: 0.00 reconn/s: 0.00
[ 7s ] thds: 1536 tps: 332771.30 qps: 332769.30 (r/w/o: 332769.30/0.00/0.00) lat (ms,95%): 5.57 err/s: 0.00 reconn/s: 0.00
[ 8s ] thds: 1536 tps: 342257.14 qps: 342254.14 (r/w/o: 342254.14/0.00/0.00) lat (ms,95%): 5.57 err/s: 0.00 reconn/s: 0.00
[ 9s ] thds: 1536 tps: 330165.01 qps: 330170.01 (r/w/o: 330170.01/0.00/0.00) lat (ms,95%): 5.67 err/s: 0.00 reconn/s: 0.00
[ 10s ] thds: 1536 tps: 330251.20 qps: 330251.20 (r/w/o: 330251.20/0.00/0.00) lat (ms,95%): 5.57 err/s: 0.00 reconn/s: 0.00
[ 11s ] thds: 1536 tps: 331601.31 qps: 331600.31 (r/w/o: 331600.31/0.00/0.00) lat (ms,95%): 5.57 err/s: 0.00 reconn/s: 0.00
[ 12s ] thds: 1536 tps: 346851.92 qps: 346850.92 (r/w/o: 346850.92/0.00/0.00) lat (ms,95%): 5.37 err/s: 0.00 reconn/s: 0.00
[ 13s ] thds: 1536 tps: 330325.39 qps: 330323.39 (r/w/o: 330323.39/0.00/0.00) lat (ms,95%): 5.47 err/s: 0.00 reconn/s: 0.00
[ 14s ] thds: 1536 tps: 330346.80 qps: 330346.80 (r/w/o: 330346.80/0.00/0.00) lat (ms,95%): 5.47 err/s: 0.00 reconn/s: 0.00
[ 15s ] thds: 1536 tps: 335020.07 qps: 335024.07 (r/w/o: 335024.07/0.00/0.00) lat (ms,95%): 5.47 err/s: 0.00 reconn/s: 0.00
[ 16s ] thds: 1536 tps: 346573.39 qps: 346573.39 (r/w/o: 346573.39/0.00/0.00) lat (ms,95%): 5.47 err/s: 0.00 reconn/s: 0.00
[ 17s ] thds: 1536 tps: 330336.65 qps: 330334.65 (r/w/o: 330334.65/0.00/0.00) lat (ms,95%): 5.47 err/s: 0.00 reconn/s: 0.00
[ 18s ] thds: 1536 tps: 330417.75 qps: 330414.75 (r/w/o: 330414.75/0.00/0.00) lat (ms,95%): 5.57 err/s: 0.00 reconn/s: 0.00
[ 19s ] thds: 1536 tps: 335573.02 qps: 335575.02 (r/w/o: 335575.02/0.00/0.00) lat (ms,95%): 5.47 err/s: 0.00 reconn/s: 0.00
[ 20s ] thds: 1536 tps: 353438.51 qps: 353438.51 (r/w/o: 353438.51/0.00/0.00) lat (ms,95%): 5.47 err/s: 0.00 reconn/s: 0.00
[ 21s ] thds: 1536 tps: 330401.31 qps: 330402.31 (r/w/o: 330402.31/0.00/0.00) lat (ms,95%): 5.47 err/s: 0.00 reconn/s: 0.00
[ 22s ] thds: 1536 tps: 330530.72 qps: 330526.72 (r/w/o: 330526.72/0.00/0.00) lat (ms,95%): 5.47 err/s: 0.00 reconn/s: 0.00
[ 23s ] thds: 1536 tps: 332543.28 qps: 332547.28 (r/w/o: 332547.28/0.00/0.00) lat (ms,95%): 5.47 err/s: 0.00 reconn/s: 0.00
[ 24s ] thds: 1536 tps: 334990.18 qps: 334990.18 (r/w/o: 334990.18/0.00/0.00) lat (ms,95%): 5.47 err/s: 0.00 reconn/s: 0.00
[ 25s ] thds: 1536 tps: 330327.39 qps: 330328.39 (r/w/o: 330328.39/0.00/0.00) lat (ms,95%): 5.47 err/s: 0.00 reconn/s: 0.00
[ 26s ] thds: 1536 tps: 330434.28 qps: 330435.28 (r/w/o: 330435.28/0.00/0.00) lat (ms,95%): 5.47 err/s: 0.00 reconn/s: 0.00
[ 27s ] thds: 1536 tps: 330427.37 qps: 330427.37 (r/w/o: 330427.37/0.00/0.00) lat (ms,95%): 5.47 err/s: 0.00 reconn/s: 0.00
[ 28s ] thds: 1536 tps: 330409.11 qps: 330405.11 (r/w/o: 330405.11/0.00/0.00) lat (ms,95%): 5.47 err/s: 0.00 reconn/s: 0.00
[ 29s ] thds: 1536 tps: 330438.83 qps: 330434.83 (r/w/o: 330434.83/0.00/0.00) lat (ms,95%): 5.47 err/s: 0.00 reconn/s: 0.00
[ 30s ] thds: 1536 tps: 330362.75 qps: 330366.75 (r/w/o: 330366.75/0.00/0.00) lat (ms,95%): 5.47 err/s: 0.00 reconn/s: 0.00
[ 31s ] thds: 1536 tps: 331616.33 qps: 331619.33 (r/w/o: 331619.33/0.00/0.00) lat (ms,95%): 5.47 err/s: 0.00 reconn/s: 0.00
[ 32s ] thds: 1536 tps: 354021.28 qps: 354016.28 (r/w/o: 354016.28/0.00/0.00) lat (ms,95%): 5.37 err/s: 0.00 reconn/s: 0.00
[ 33s ] thds: 1536 tps: 330413.57 qps: 330419.57 (r/w/o: 330419.57/0.00/0.00) lat (ms,95%): 5.47 err/s: 0.00 reconn/s: 0.00
[ 34s ] thds: 1536 tps: 330558.71 qps: 330558.71 (r/w/o: 330558.71/0.00/0.00) lat (ms,95%): 5.47 err/s: 0.00 reconn/s: 0.00
[ 35s ] thds: 1536 tps: 330444.53 qps: 330444.53 (r/w/o: 330444.53/0.00/0.00) lat (ms,95%): 5.47 err/s: 0.00 reconn/s: 0.00
[ 36s ] thds: 1536 tps: 369139.70 qps: 369136.70 (r/w/o: 369136.70/0.00/0.00) lat (ms,95%): 5.28 err/s: 0.00 reconn/s: 0.00
[ 37s ] thds: 1536 tps: 330480.67 qps: 330481.67 (r/w/o: 330481.67/0.00/0.00) lat (ms,95%): 5.47 err/s: 0.00 reconn/s: 0.00
[ 38s ] thds: 1536 tps: 330469.93 qps: 330471.93 (r/w/o: 330471.93/0.00/0.00) lat (ms,95%): 5.57 err/s: 0.00 reconn/s: 0.00
[ 39s ] thds: 1536 tps: 331206.63 qps: 331205.63 (r/w/o: 331205.63/0.00/0.00) lat (ms,95%): 5.57 err/s: 0.00 reconn/s: 0.00
[ 40s ] thds: 1536 tps: 336527.91 qps: 336526.91 (r/w/o: 336526.91/0.00/0.00) lat (ms,95%): 5.47 err/s: 0.00 reconn/s: 0.00
[ 41s ] thds: 1536 tps: 330342.44 qps: 330343.44 (r/w/o: 330343.44/0.00/0.00) lat (ms,95%): 5.57 err/s: 0.00 reconn/s: 0.00
[ 42s ] thds: 1536 tps: 330463.62 qps: 330464.62 (r/w/o: 330464.62/0.00/0.00) lat (ms,95%): 5.47 err/s: 0.00 reconn/s: 0.00
[ 43s ] thds: 1536 tps: 330734.34 qps: 330733.34 (r/w/o: 330733.34/0.00/0.00) lat (ms,95%): 5.47 err/s: 0.00 reconn/s: 0.00
[ 44s ] thds: 1536 tps: 332915.56 qps: 332915.56 (r/w/o: 332915.56/0.00/0.00) lat (ms,95%): 5.37 err/s: 0.00 reconn/s: 0.00
[ 45s ] thds: 1536 tps: 330327.29 qps: 330325.29 (r/w/o: 330325.29/0.00/0.00) lat (ms,95%): 5.47 err/s: 0.00 reconn/s: 0.00
[ 46s ] thds: 1536 tps: 330358.61 qps: 330358.61 (r/w/o: 330358.61/0.00/0.00) lat (ms,95%): 5.47 err/s: 0.00 reconn/s: 0.00
[ 47s ] thds: 1536 tps: 330446.14 qps: 330447.14 (r/w/o: 330447.14/0.00/0.00) lat (ms,95%): 5.47 err/s: 0.00 reconn/s: 0.00
[ 48s ] thds: 1536 tps: 330380.61 qps: 330380.61 (r/w/o: 330380.61/0.00/0.00) lat (ms,95%): 5.47 err/s: 0.00 reconn/s: 0.00
[ 49s ] thds: 1536 tps: 330287.69 qps: 330286.69 (r/w/o: 330286.69/0.00/0.00) lat (ms,95%): 5.47 err/s: 0.00 reconn/s: 0.00
[ 50s ] thds: 1536 tps: 330352.77 qps: 330353.77 (r/w/o: 330353.77/0.00/0.00) lat (ms,95%): 5.47 err/s: 0.00 reconn/s: 0.00
[ 51s ] thds: 1536 tps: 330447.99 qps: 330445.99 (r/w/o: 330445.99/0.00/0.00) lat (ms,95%): 5.57 err/s: 0.00 reconn/s: 0.00
[ 52s ] thds: 1536 tps: 330424.26 qps: 330423.26 (r/w/o: 330423.26/0.00/0.00) lat (ms,95%): 5.57 err/s: 0.00 reconn/s: 0.00
[ 53s ] thds: 1536 tps: 330394.67 qps: 330397.67 (r/w/o: 330397.67/0.00/0.00) lat (ms,95%): 5.57 err/s: 0.00 reconn/s: 0.00
[ 54s ] thds: 1536 tps: 330433.25 qps: 330435.25 (r/w/o: 330435.25/0.00/0.00) lat (ms,95%): 5.57 err/s: 0.00 reconn/s: 0.00
[ 55s ] thds: 1536 tps: 330414.49 qps: 330414.49 (r/w/o: 330414.49/0.00/0.00) lat (ms,95%): 5.47 err/s: 0.00 reconn/s: 0.00
[ 56s ] thds: 1536 tps: 330448.05 qps: 330448.05 (r/w/o: 330448.05/0.00/0.00) lat (ms,95%): 5.47 err/s: 0.00 reconn/s: 0.00
[ 57s ] thds: 1536 tps: 330363.44 qps: 330363.44 (r/w/o: 330363.44/0.00/0.00) lat (ms,95%): 5.47 err/s: 0.00 reconn/s: 0.00
[ 58s ] thds: 1536 tps: 330391.28 qps: 330387.28 (r/w/o: 330387.28/0.00/0.00) lat (ms,95%): 5.47 err/s: 0.00 reconn/s: 0.00
[ 59s ] thds: 1536 tps: 330408.57 qps: 330409.57 (r/w/o: 330409.57/0.00/0.00) lat (ms,95%): 5.47 err/s: 0.00 reconn/s: 0.00
[ 60s ] thds: 1536 tps: 330473.02 qps: 330476.02 (r/w/o: 330476.02/0.00/0.00) lat (ms,95%): 5.47 err/s: 0.00 reconn/s: 0.00
[ 61s ] thds: 1536 tps: 330393.20 qps: 330392.20 (r/w/o: 330392.20/0.00/0.00) lat (ms,95%): 5.47 err/s: 0.00 reconn/s: 0.00
[ 62s ] thds: 1536 tps: 330421.28 qps: 330416.28 (r/w/o: 330416.28/0.00/0.00) lat (ms,95%): 5.47 err/s: 0.00 reconn/s: 0.00
[ 63s ] thds: 1536 tps: 330468.92 qps: 330472.92 (r/w/o: 330472.92/0.00/0.00) lat (ms,95%): 5.47 err/s: 0.00 reconn/s: 0.00
[ 64s ] thds: 1536 tps: 330443.38 qps: 330443.38 (r/w/o: 330443.38/0.00/0.00) lat (ms,95%): 5.47 err/s: 0.00 reconn/s: 0.00
[ 65s ] thds: 1536 tps: 330394.31 qps: 330395.31 (r/w/o: 330395.31/0.00/0.00) lat (ms,95%): 5.57 err/s: 0.00 reconn/s: 0.00
[ 66s ] thds: 1536 tps: 330434.80 qps: 330435.80 (r/w/o: 330435.80/0.00/0.00) lat (ms,95%): 5.57 err/s: 0.00 reconn/s: 0.00
[ 67s ] thds: 1536 tps: 330714.52 qps: 330706.52 (r/w/o: 330706.52/0.00/0.00) lat (ms,95%): 5.57 err/s: 0.00 reconn/s: 0.00
[ 68s ] thds: 1536 tps: 330424.18 qps: 330430.18 (r/w/o: 330430.18/0.00/0.00) lat (ms,95%): 5.47 err/s: 0.00 reconn/s: 0.00
[ 69s ] thds: 1536 tps: 330460.64 qps: 330460.64 (r/w/o: 330460.64/0.00/0.00) lat (ms,95%): 5.47 err/s: 0.00 reconn/s: 0.00
[ 70s ] thds: 1536 tps: 330422.82 qps: 330419.82 (r/w/o: 330419.82/0.00/0.00) lat (ms,95%): 5.57 err/s: 0.00 reconn/s: 0.00
[ 71s ] thds: 1536 tps: 330480.68 qps: 330485.68 (r/w/o: 330485.68/0.00/0.00) lat (ms,95%): 5.57 err/s: 0.00 reconn/s: 0.00
[ 72s ] thds: 1536 tps: 330348.74 qps: 330347.74 (r/w/o: 330347.74/0.00/0.00) lat (ms,95%): 5.47 err/s: 0.00 reconn/s: 0.00
[ 73s ] thds: 1536 tps: 330347.86 qps: 330344.86 (r/w/o: 330344.86/0.00/0.00) lat (ms,95%): 5.47 err/s: 0.00 reconn/s: 0.00
[ 74s ] thds: 1536 tps: 330424.96 qps: 330428.96 (r/w/o: 330428.96/0.00/0.00) lat (ms,95%): 5.47 err/s: 0.00 reconn/s: 0.00
[ 75s ] thds: 1536 tps: 330403.08 qps: 330401.08 (r/w/o: 330401.08/0.00/0.00) lat (ms,95%): 5.47 err/s: 0.00 reconn/s: 0.00
[ 76s ] thds: 1536 tps: 330442.42 qps: 330444.42 (r/w/o: 330444.42/0.00/0.00) lat (ms,95%): 5.47 err/s: 0.00 reconn/s: 0.00
[ 77s ] thds: 1536 tps: 330455.42 qps: 330451.42 (r/w/o: 330451.42/0.00/0.00) lat (ms,95%): 5.47 err/s: 0.00 reconn/s: 0.00
[ 78s ] thds: 1536 tps: 330409.76 qps: 330411.76 (r/w/o: 330411.76/0.00/0.00) lat (ms,95%): 5.57 err/s: 0.00 reconn/s: 0.00
[ 79s ] thds: 1536 tps: 330473.05 qps: 330475.05 (r/w/o: 330475.05/0.00/0.00) lat (ms,95%): 5.57 err/s: 0.00 reconn/s: 0.00
[ 80s ] thds: 1536 tps: 330390.99 qps: 330386.99 (r/w/o: 330386.99/0.00/0.00) lat (ms,95%): 5.47 err/s: 0.00 reconn/s: 0.00
[ 81s ] thds: 1536 tps: 330397.13 qps: 330396.13 (r/w/o: 330396.13/0.00/0.00) lat (ms,95%): 5.47 err/s: 0.00 reconn/s: 0.00
[ 82s ] thds: 1536 tps: 330421.30 qps: 330425.30 (r/w/o: 330425.30/0.00/0.00) lat (ms,95%): 5.47 err/s: 0.00 reconn/s: 0.00
[ 83s ] thds: 1536 tps: 330632.04 qps: 330632.04 (r/w/o: 330632.04/0.00/0.00) lat (ms,95%): 5.47 err/s: 0.00 reconn/s: 0.00
[ 84s ] thds: 1536 tps: 330459.70 qps: 330456.70 (r/w/o: 330456.70/0.00/0.00) lat (ms,95%): 5.57 err/s: 0.00 reconn/s: 0.00
[ 85s ] thds: 1536 tps: 330395.25 qps: 330399.25 (r/w/o: 330399.25/0.00/0.00) lat (ms,95%): 5.57 err/s: 0.00 reconn/s: 0.00
[ 86s ] thds: 1536 tps: 330461.24 qps: 330459.24 (r/w/o: 330459.24/0.00/0.00) lat (ms,95%): 5.67 err/s: 0.00 reconn/s: 0.00
[ 87s ] thds: 1536 tps: 330446.15 qps: 330446.15 (r/w/o: 330446.15/0.00/0.00) lat (ms,95%): 5.67 err/s: 0.00 reconn/s: 0.00
[ 88s ] thds: 1536 tps: 330398.78 qps: 330400.78 (r/w/o: 330400.78/0.00/0.00) lat (ms,95%): 5.67 err/s: 0.00 reconn/s: 0.00
[ 89s ] thds: 1536 tps: 330417.42 qps: 330415.42 (r/w/o: 330415.42/0.00/0.00) lat (ms,95%): 5.67 err/s: 0.00 reconn/s: 0.00
[ 90s ] thds: 1536 tps: 330500.68 qps: 330502.68 (r/w/o: 330502.68/0.00/0.00) lat (ms,95%): 5.67 err/s: 0.00 reconn/s: 0.00
[ 91s ] thds: 1536 tps: 330457.81 qps: 330454.81 (r/w/o: 330454.81/0.00/0.00) lat (ms,95%): 5.67 err/s: 0.00 reconn/s: 0.00
[ 92s ] thds: 1536 tps: 330459.64 qps: 330458.64 (r/w/o: 330458.64/0.00/0.00) lat (ms,95%): 5.47 err/s: 0.00 reconn/s: 0.00
[ 93s ] thds: 1536 tps: 330479.89 qps: 330482.89 (r/w/o: 330482.89/0.00/0.00) lat (ms,95%): 5.57 err/s: 0.00 reconn/s: 0.00
[ 94s ] thds: 1536 tps: 330437.00 qps: 330432.00 (r/w/o: 330432.00/0.00/0.00) lat (ms,95%): 5.47 err/s: 0.00 reconn/s: 0.00
[ 95s ] thds: 1536 tps: 330429.53 qps: 330431.53 (r/w/o: 330431.53/0.00/0.00) lat (ms,95%): 5.47 err/s: 0.00 reconn/s: 0.00
[ 96s ] thds: 1536 tps: 330468.26 qps: 330470.26 (r/w/o: 330470.26/0.00/0.00) lat (ms,95%): 5.57 err/s: 0.00 reconn/s: 0.00
[ 97s ] thds: 1536 tps: 330561.94 qps: 330559.94 (r/w/o: 330559.94/0.00/0.00) lat (ms,95%): 5.57 err/s: 0.00 reconn/s: 0.00
[ 98s ] thds: 1536 tps: 330490.99 qps: 330494.99 (r/w/o: 330494.99/0.00/0.00) lat (ms,95%): 5.57 err/s: 0.00 reconn/s: 0.00
[ 99s ] thds: 1536 tps: 330581.40 qps: 330579.40 (r/w/o: 330579.40/0.00/0.00) lat (ms,95%): 5.57 err/s: 0.00 reconn/s: 0.00
[ 100s ] thds: 1536 tps: 330508.73 qps: 330502.73 (r/w/o: 330502.73/0.00/0.00) lat (ms,95%): 5.57 err/s: 0.00 reconn/s: 0.00
[ 101s ] thds: 1536 tps: 330504.06 qps: 330511.06 (r/w/o: 330511.06/0.00/0.00) lat (ms,95%): 5.57 err/s: 0.00 reconn/s: 0.00
[ 102s ] thds: 1536 tps: 330528.74 qps: 330529.74 (r/w/o: 330529.74/0.00/0.00) lat (ms,95%): 5.67 err/s: 0.00 reconn/s: 0.00
[ 103s ] thds: 1536 tps: 330561.33 qps: 330557.33 (r/w/o: 330557.33/0.00/0.00) lat (ms,95%): 5.67 err/s: 0.00 reconn/s: 0.00
[ 104s ] thds: 1536 tps: 330389.53 qps: 330391.53 (r/w/o: 330391.53/0.00/0.00) lat (ms,95%): 5.57 err/s: 0.00 reconn/s: 0.00
[ 105s ] thds: 1536 tps: 330378.69 qps: 330377.69 (r/w/o: 330377.69/0.00/0.00) lat (ms,95%): 5.57 err/s: 0.00 reconn/s: 0.00
[ 106s ] thds: 1536 tps: 330410.87 qps: 330411.87 (r/w/o: 330411.87/0.00/0.00) lat (ms,95%): 5.57 err/s: 0.00 reconn/s: 0.00
[ 107s ] thds: 1536 tps: 331224.90 qps: 331224.90 (r/w/o: 331224.90/0.00/0.00) lat (ms,95%): 5.57 err/s: 0.00 reconn/s: 0.00
[ 108s ] thds: 1536 tps: 361683.42 qps: 361685.42 (r/w/o: 361685.42/0.00/0.00) lat (ms,95%): 5.37 err/s: 0.00 reconn/s: 0.00
[ 109s ] thds: 1536 tps: 330516.17 qps: 330516.17 (r/w/o: 330516.17/0.00/0.00) lat (ms,95%): 5.57 err/s: 0.00 reconn/s: 0.00
[ 110s ] thds: 1536 tps: 330537.52 qps: 330533.52 (r/w/o: 330533.52/0.00/0.00) lat (ms,95%): 5.47 err/s: 0.00 reconn/s: 0.00
[ 111s ] thds: 1536 tps: 334800.09 qps: 334803.09 (r/w/o: 334803.09/0.00/0.00) lat (ms,95%): 5.47 err/s: 0.00 reconn/s: 0.00
[ 112s ] thds: 1536 tps: 340358.15 qps: 340357.15 (r/w/o: 340357.15/0.00/0.00) lat (ms,95%): 5.47 err/s: 0.00 reconn/s: 0.00
[ 113s ] thds: 1536 tps: 330464.55 qps: 330463.55 (r/w/o: 330463.55/0.00/0.00) lat (ms,95%): 5.47 err/s: 0.00 reconn/s: 0.00
[ 114s ] thds: 1536 tps: 330567.04 qps: 330569.04 (r/w/o: 330569.04/0.00/0.00) lat (ms,95%): 5.57 err/s: 0.00 reconn/s: 0.00
[ 115s ] thds: 1536 tps: 330533.29 qps: 330528.29 (r/w/o: 330528.29/0.00/0.00) lat (ms,95%): 5.57 err/s: 0.00 reconn/s: 0.00
[ 116s ] thds: 1536 tps: 330538.01 qps: 330544.01 (r/w/o: 330544.01/0.00/0.00) lat (ms,95%): 5.67 err/s: 0.00 reconn/s: 0.00
[ 117s ] thds: 1536 tps: 330600.99 qps: 330600.99 (r/w/o: 330600.99/0.00/0.00) lat (ms,95%): 5.67 err/s: 0.00 reconn/s: 0.00
[ 118s ] thds: 1536 tps: 330513.59 qps: 330509.59 (r/w/o: 330509.59/0.00/0.00) lat (ms,95%): 5.67 err/s: 0.00 reconn/s: 0.00
[ 119s ] thds: 1536 tps: 330479.31 qps: 330478.31 (r/w/o: 330478.31/0.00/0.00) lat (ms,95%): 5.67 err/s: 0.00 reconn/s: 0.00
[ 120s ] thds: 1536 tps: 330526.53 qps: 330531.53 (r/w/o: 330531.53/0.00/0.00) lat (ms,95%): 5.67 err/s: 0.00 reconn/s: 0.00
[ 121s ] thds: 1536 tps: 330525.76 qps: 330523.76 (r/w/o: 330523.76/0.00/0.00) lat (ms,95%): 5.57 err/s: 0.00 reconn/s: 0.00
[ 122s ] thds: 1536 tps: 330492.85 qps: 330492.85 (r/w/o: 330492.85/0.00/0.00) lat (ms,95%): 5.57 err/s: 0.00 reconn/s: 0.00
[ 123s ] thds: 1536 tps: 330505.70 qps: 330505.70 (r/w/o: 330505.70/0.00/0.00) lat (ms,95%): 5.57 err/s: 0.00 reconn/s: 0.00
[ 124s ] thds: 1536 tps: 330509.39 qps: 330511.39 (r/w/o: 330511.39/0.00/0.00) lat (ms,95%): 5.57 err/s: 0.00 reconn/s: 0.00
[ 125s ] thds: 1536 tps: 330490.19 qps: 330490.19 (r/w/o: 330490.19/0.00/0.00) lat (ms,95%): 5.57 err/s: 0.00 reconn/s: 0.00
[ 126s ] thds: 1536 tps: 330517.74 qps: 330516.74 (r/w/o: 330516.74/0.00/0.00) lat (ms,95%): 5.57 err/s: 0.00 reconn/s: 0.00
[ 127s ] thds: 1536 tps: 330561.91 qps: 330559.91 (r/w/o: 330559.91/0.00/0.00) lat (ms,95%): 5.57 err/s: 0.00 reconn/s: 0.00
[ 128s ] thds: 1536 tps: 330520.34 qps: 330520.34 (r/w/o: 330520.34/0.00/0.00) lat (ms,95%): 5.57 err/s: 0.00 reconn/s: 0.00
[ 129s ] thds: 1536 tps: 330510.32 qps: 330513.32 (r/w/o: 330513.32/0.00/0.00) lat (ms,95%): 5.57 err/s: 0.00 reconn/s: 0.00
[ 130s ] thds: 1536 tps: 330462.93 qps: 330461.93 (r/w/o: 330461.93/0.00/0.00) lat (ms,95%): 5.47 err/s: 0.00 reconn/s: 0.00
[ 131s ] thds: 1536 tps: 330470.16 qps: 330469.16 (r/w/o: 330469.16/0.00/0.00) lat (ms,95%): 5.47 err/s: 0.00 reconn/s: 0.00
[ 132s ] thds: 1536 tps: 330505.63 qps: 330507.63 (r/w/o: 330507.63/0.00/0.00) lat (ms,95%): 5.47 err/s: 0.00 reconn/s: 0.00
[ 133s ] thds: 1536 tps: 330556.31 qps: 330554.31 (r/w/o: 330554.31/0.00/0.00) lat (ms,95%): 5.47 err/s: 0.00 reconn/s: 0.00
[ 134s ] thds: 1536 tps: 330549.99 qps: 330550.99 (r/w/o: 330550.99/0.00/0.00) lat (ms,95%): 5.47 err/s: 0.00 reconn/s: 0.00
[ 135s ] thds: 1536 tps: 330499.63 qps: 330498.63 (r/w/o: 330498.63/0.00/0.00) lat (ms,95%): 5.57 err/s: 0.00 reconn/s: 0.00
[ 136s ] thds: 1536 tps: 345271.63 qps: 345267.63 (r/w/o: 345267.63/0.00/0.00) lat (ms,95%): 5.57 err/s: 0.00 reconn/s: 0.00
[ 137s ] thds: 1536 tps: 330493.24 qps: 330499.24 (r/w/o: 330499.24/0.00/0.00) lat (ms,95%): 5.67 err/s: 0.00 reconn/s: 0.00
[ 138s ] thds: 1536 tps: 330525.01 qps: 330521.01 (r/w/o: 330521.01/0.00/0.00) lat (ms,95%): 5.67 err/s: 0.00 reconn/s: 0.00
[ 139s ] thds: 1536 tps: 330507.81 qps: 330509.81 (r/w/o: 330509.81/0.00/0.00) lat (ms,95%): 5.57 err/s: 0.00 reconn/s: 0.00
[ 140s ] thds: 1536 tps: 330471.70 qps: 330472.70 (r/w/o: 330472.70/0.00/0.00) lat (ms,95%): 5.57 err/s: 0.00 reconn/s: 0.00
[ 141s ] thds: 1536 tps: 330526.76 qps: 330526.76 (r/w/o: 330526.76/0.00/0.00) lat (ms,95%): 5.57 err/s: 0.00 reconn/s: 0.00
[ 142s ] thds: 1536 tps: 330621.57 qps: 330618.57 (r/w/o: 330618.57/0.00/0.00) lat (ms,95%): 5.57 err/s: 0.00 reconn/s: 0.00
[ 143s ] thds: 1536 tps: 330605.08 qps: 330607.08 (r/w/o: 330607.08/0.00/0.00) lat (ms,95%): 5.57 err/s: 0.00 reconn/s: 0.00
[ 144s ] thds: 1536 tps: 330523.30 qps: 330524.30 (r/w/o: 330524.30/0.00/0.00) lat (ms,95%): 5.57 err/s: 0.00 reconn/s: 0.00
[ 145s ] thds: 1536 tps: 330465.67 qps: 330462.67 (r/w/o: 330462.67/0.00/0.00) lat (ms,95%): 5.57 err/s: 0.00 reconn/s: 0.00
[ 146s ] thds: 1536 tps: 330552.26 qps: 330556.26 (r/w/o: 330556.26/0.00/0.00) lat (ms,95%): 5.57 err/s: 0.00 reconn/s: 0.00
[ 147s ] thds: 1536 tps: 341458.10 qps: 341452.10 (r/w/o: 341452.10/0.00/0.00) lat (ms,95%): 5.47 err/s: 0.00 reconn/s: 0.00
[ 148s ] thds: 1536 tps: 339088.87 qps: 339093.87 (r/w/o: 339093.87/0.00/0.00) lat (ms,95%): 5.47 err/s: 0.00 reconn/s: 0.00
[ 149s ] thds: 1536 tps: 330566.64 qps: 330565.64 (r/w/o: 330565.64/0.00/0.00) lat (ms,95%): 5.57 err/s: 0.00 reconn/s: 0.00
[ 150s ] thds: 1536 tps: 330544.47 qps: 330546.48 (r/w/o: 330546.48/0.00/0.00) lat (ms,95%): 5.57 err/s: 0.00 reconn/s: 0.00
[ 151s ] thds: 1536 tps: 334404.60 qps: 334399.60 (r/w/o: 334399.60/0.00/0.00) lat (ms,95%): 5.57 err/s: 0.00 reconn/s: 0.00
[ 152s ] thds: 1536 tps: 347161.13 qps: 347166.13 (r/w/o: 347166.13/0.00/0.00) lat (ms,95%): 5.47 err/s: 0.00 reconn/s: 0.00
[ 153s ] thds: 1536 tps: 330442.86 qps: 330440.86 (r/w/o: 330440.86/0.00/0.00) lat (ms,95%): 5.47 err/s: 0.00 reconn/s: 0.00
[ 154s ] thds: 1536 tps: 330424.98 qps: 330426.98 (r/w/o: 330426.98/0.00/0.00) lat (ms,95%): 5.47 err/s: 0.00 reconn/s: 0.00
[ 155s ] thds: 1536 tps: 338264.57 qps: 338262.57 (r/w/o: 338262.57/0.00/0.00) lat (ms,95%): 5.47 err/s: 0.00 reconn/s: 0.00
[ 156s ] thds: 1536 tps: 347156.85 qps: 347158.85 (r/w/o: 347158.85/0.00/0.00) lat (ms,95%): 5.47 err/s: 0.00 reconn/s: 0.00
[ 157s ] thds: 1536 tps: 330645.60 qps: 330643.60 (r/w/o: 330643.60/0.00/0.00) lat (ms,95%): 5.57 err/s: 0.00 reconn/s: 0.00
[ 158s ] thds: 1536 tps: 330590.30 qps: 330590.30 (r/w/o: 330590.30/0.00/0.00) lat (ms,95%): 5.57 err/s: 0.00 reconn/s: 0.00
[ 159s ] thds: 1536 tps: 330659.38 qps: 330658.38 (r/w/o: 330658.38/0.00/0.00) lat (ms,95%): 5.57 err/s: 0.00 reconn/s: 0.00
[ 160s ] thds: 1536 tps: 330641.91 qps: 330642.91 (r/w/o: 330642.91/0.00/0.00) lat (ms,95%): 5.57 err/s: 0.00 reconn/s: 0.00
[ 161s ] thds: 1536 tps: 330000.08 qps: 330002.08 (r/w/o: 330002.08/0.00/0.00) lat (ms,95%): 5.57 err/s: 0.00 reconn/s: 0.00
[ 162s ] thds: 1536 tps: 330525.12 qps: 330521.12 (r/w/o: 330521.12/0.00/0.00) lat (ms,95%): 5.47 err/s: 0.00 reconn/s: 0.00
[ 163s ] thds: 1536 tps: 330245.88 qps: 330248.88 (r/w/o: 330248.88/0.00/0.00) lat (ms,95%): 5.47 err/s: 0.00 reconn/s: 0.00
[ 164s ] thds: 1536 tps: 330816.92 qps: 330811.92 (r/w/o: 330811.92/0.00/0.00) lat (ms,95%): 5.57 err/s: 0.00 reconn/s: 0.00
[ 165s ] thds: 1536 tps: 330563.99 qps: 330569.99 (r/w/o: 330569.99/0.00/0.00) lat (ms,95%): 5.57 err/s: 0.00 reconn/s: 0.00
[ 166s ] thds: 1536 tps: 330581.52 qps: 330576.52 (r/w/o: 330576.52/0.00/0.00) lat (ms,95%): 5.57 err/s: 0.00 reconn/s: 0.00
[ 167s ] thds: 1536 tps: 330490.55 qps: 330493.55 (r/w/o: 330493.55/0.00/0.00) lat (ms,95%): 5.57 err/s: 0.00 reconn/s: 0.00
[ 168s ] thds: 1536 tps: 330733.41 qps: 330731.41 (r/w/o: 330731.41/0.00/0.00) lat (ms,95%): 5.57 err/s: 0.00 reconn/s: 0.00
[ 169s ] thds: 1536 tps: 330416.82 qps: 330418.82 (r/w/o: 330418.82/0.00/0.00) lat (ms,95%): 5.57 err/s: 0.00 reconn/s: 0.00
[ 170s ] thds: 1536 tps: 330458.53 qps: 330454.53 (r/w/o: 330454.53/0.00/0.00) lat (ms,95%): 5.47 err/s: 0.00 reconn/s: 0.00
[ 171s ] thds: 1536 tps: 330644.36 qps: 330649.36 (r/w/o: 330649.36/0.00/0.00) lat (ms,95%): 5.57 err/s: 0.00 reconn/s: 0.00
[ 172s ] thds: 1536 tps: 365125.53 qps: 365121.53 (r/w/o: 365121.53/0.00/0.00) lat (ms,95%): 5.37 err/s: 0.00 reconn/s: 0.00
[ 173s ] thds: 1536 tps: 330514.40 qps: 330518.40 (r/w/o: 330518.40/0.00/0.00) lat (ms,95%): 5.57 err/s: 0.00 reconn/s: 0.00
[ 174s ] thds: 1536 tps: 330634.57 qps: 330630.57 (r/w/o: 330630.57/0.00/0.00) lat (ms,95%): 5.57 err/s: 0.00 reconn/s: 0.00
[ 175s ] thds: 1536 tps: 330540.06 qps: 330541.06 (r/w/o: 330541.06/0.00/0.00) lat (ms,95%): 5.57 err/s: 0.00 reconn/s: 0.00
[ 176s ] thds: 1536 tps: 330460.83 qps: 330464.83 (r/w/o: 330464.83/0.00/0.00) lat (ms,95%): 5.57 err/s: 0.00 reconn/s: 0.00
[ 177s ] thds: 1536 tps: 330511.89 qps: 330509.89 (r/w/o: 330509.89/0.00/0.00) lat (ms,95%): 5.57 err/s: 0.00 reconn/s: 0.00
[ 178s ] thds: 1536 tps: 330559.62 qps: 330559.62 (r/w/o: 330559.62/0.00/0.00) lat (ms,95%): 5.57 err/s: 0.00 reconn/s: 0.00
[ 179s ] thds: 1536 tps: 330523.84 qps: 330524.84 (r/w/o: 330524.84/0.00/0.00) lat (ms,95%): 5.57 err/s: 0.00 reconn/s: 0.00
[ 180s ] thds: 1536 tps: 330535.68 qps: 330534.68 (r/w/o: 330534.68/0.00/0.00) lat (ms,95%): 5.67 err/s: 0.00 reconn/s: 0.00
[ 181s ] thds: 1536 tps: 330580.19 qps: 330580.19 (r/w/o: 330580.19/0.00/0.00) lat (ms,95%): 5.67 err/s: 0.00 reconn/s: 0.00
[ 182s ] thds: 1536 tps: 330531.90 qps: 330532.90 (r/w/o: 330532.90/0.00/0.00) lat (ms,95%): 5.67 err/s: 0.00 reconn/s: 0.00
[ 183s ] thds: 1536 tps: 330511.56 qps: 330512.56 (r/w/o: 330512.56/0.00/0.00) lat (ms,95%): 5.57 err/s: 0.00 reconn/s: 0.00
[ 184s ] thds: 1536 tps: 330612.42 qps: 330604.42 (r/w/o: 330604.42/0.00/0.00) lat (ms,95%): 5.57 err/s: 0.00 reconn/s: 0.00
[ 185s ] thds: 1536 tps: 330650.34 qps: 330657.34 (r/w/o: 330657.34/0.00/0.00) lat (ms,95%): 5.57 err/s: 0.00 reconn/s: 0.00
[ 186s ] thds: 1536 tps: 330690.06 qps: 330691.06 (r/w/o: 330691.06/0.00/0.00) lat (ms,95%): 5.57 err/s: 0.00 reconn/s: 0.00
[ 187s ] thds: 1536 tps: 331115.00 qps: 331112.00 (r/w/o: 331112.00/0.00/0.00) lat (ms,95%): 5.57 err/s: 0.00 reconn/s: 0.00
[ 188s ] thds: 1536 tps: 202559.62 qps: 202562.62 (r/w/o: 202562.62/0.00/0.00) lat (ms,95%): 28.67 err/s: 0.00 reconn/s: 0.00
[ 189s ] thds: 1536 tps: 103485.61 qps: 103485.61 (r/w/o: 103485.61/0.00/0.00) lat (ms,95%): 39.65 err/s: 0.00 reconn/s: 0.00
[ 190s ] thds: 1536 tps: 102249.54 qps: 102248.54 (r/w/o: 102248.54/0.00/0.00) lat (ms,95%): 39.65 err/s: 0.00 reconn/s: 0.00
[ 191s ] thds: 1536 tps: 103108.02 qps: 103108.02 (r/w/o: 103108.02/0.00/0.00) lat (ms,95%): 39.65 err/s: 0.00 reconn/s: 0.00
[ 192s ] thds: 1536 tps: 103989.16 qps: 103989.16 (r/w/o: 103989.16/0.00/0.00) lat (ms,95%): 39.65 err/s: 0.00 reconn/s: 0.00
[ 193s ] thds: 1536 tps: 102729.30 qps: 102730.30 (r/w/o: 102730.30/0.00/0.00) lat (ms,95%): 39.65 err/s: 0.00 reconn/s: 0.00
[ 194s ] thds: 1536 tps: 102563.96 qps: 102562.96 (r/w/o: 102562.96/0.00/0.00) lat (ms,95%): 39.65 err/s: 0.00 reconn/s: 0.00
[ 195s ] thds: 1536 tps: 103154.67 qps: 103155.67 (r/w/o: 103155.67/0.00/0.00) lat (ms,95%): 39.65 err/s: 0.00 reconn/s: 0.00
[ 196s ] thds: 1536 tps: 103424.56 qps: 103424.56 (r/w/o: 103424.56/0.00/0.00) lat (ms,95%): 39.65 err/s: 0.00 reconn/s: 0.00
[ 197s ] thds: 1536 tps: 103380.60 qps: 103378.60 (r/w/o: 103378.60/0.00/0.00) lat (ms,95%): 39.65 err/s: 0.00 reconn/s: 0.00
[ 198s ] thds: 1536 tps: 103546.79 qps: 103547.79 (r/w/o: 103547.79/0.00/0.00) lat (ms,95%): 39.65 err/s: 0.00 reconn/s: 0.00
[ 199s ] thds: 1536 tps: 104481.27 qps: 104481.27 (r/w/o: 104481.27/0.00/0.00) lat (ms,95%): 38.94 err/s: 0.00 reconn/s: 0.00
[ 200s ] thds: 1536 tps: 103281.87 qps: 103282.87 (r/w/o: 103282.87/0.00/0.00) lat (ms,95%): 39.65 err/s: 0.00 reconn/s: 0.00
[ 201s ] thds: 1536 tps: 103960.50 qps: 103960.50 (r/w/o: 103960.50/0.00/0.00) lat (ms,95%): 39.65 err/s: 0.00 reconn/s: 0.00
[ 202s ] thds: 1536 tps: 104767.03 qps: 104766.03 (r/w/o: 104766.03/0.00/0.00) lat (ms,95%): 39.65 err/s: 0.00 reconn/s: 0.00
[ 203s ] thds: 1536 tps: 103185.85 qps: 103186.85 (r/w/o: 103186.85/0.00/0.00) lat (ms,95%): 39.65 err/s: 0.00 reconn/s: 0.00
[ 204s ] thds: 1536 tps: 102765.02 qps: 102765.02 (r/w/o: 102765.02/0.00/0.00) lat (ms,95%): 39.65 err/s: 0.00 reconn/s: 0.00
[ 205s ] thds: 1536 tps: 102812.20 qps: 102812.20 (r/w/o: 102812.20/0.00/0.00) lat (ms,95%): 39.65 err/s: 0.00 reconn/s: 0.00
[ 206s ] thds: 1536 tps: 102641.85 qps: 102639.85 (r/w/o: 102639.85/0.00/0.00) lat (ms,95%): 39.65 err/s: 0.00 reconn/s: 0.00
[ 207s ] thds: 1536 tps: 103064.59 qps: 103066.59 (r/w/o: 103066.59/0.00/0.00) lat (ms,95%): 39.65 err/s: 0.00 reconn/s: 0.00
[ 208s ] thds: 1536 tps: 103939.15 qps: 103939.15 (r/w/o: 103939.15/0.00/0.00) lat (ms,95%): 39.65 err/s: 0.00 reconn/s: 0.00
[ 209s ] thds: 1536 tps: 103684.97 qps: 103684.97 (r/w/o: 103684.97/0.00/0.00) lat (ms,95%): 39.65 err/s: 0.00 reconn/s: 0.00
[ 210s ] thds: 1536 tps: 104020.12 qps: 104020.12 (r/w/o: 104020.12/0.00/0.00) lat (ms,95%): 39.65 err/s: 0.00 reconn/s: 0.00
[ 211s ] thds: 1536 tps: 103630.91 qps: 103630.91 (r/w/o: 103630.91/0.00/0.00) lat (ms,95%): 39.65 err/s: 0.00 reconn/s: 0.00
[ 212s ] thds: 1536 tps: 104988.37 qps: 104988.37 (r/w/o: 104988.37/0.00/0.00) lat (ms,95%): 38.94 err/s: 0.00 reconn/s: 0.00
[ 213s ] thds: 1536 tps: 103019.19 qps: 103016.19 (r/w/o: 103016.19/0.00/0.00) lat (ms,95%): 39.65 err/s: 0.00 reconn/s: 0.00
[ 214s ] thds: 1536 tps: 103927.81 qps: 103929.80 (r/w/o: 103929.80/0.00/0.00) lat (ms,95%): 39.65 err/s: 0.00 reconn/s: 0.00
[ 215s ] thds: 1536 tps: 104376.23 qps: 104377.23 (r/w/o: 104377.23/0.00/0.00) lat (ms,95%): 39.65 err/s: 0.00 reconn/s: 0.00
[ 216s ] thds: 1536 tps: 104116.32 qps: 104115.32 (r/w/o: 104115.32/0.00/0.00) lat (ms,95%): 39.65 err/s: 0.00 reconn/s: 0.00
[ 217s ] thds: 1536 tps: 104836.44 qps: 104837.44 (r/w/o: 104837.44/0.00/0.00) lat (ms,95%): 38.94 err/s: 0.00 reconn/s: 0.00
[ 218s ] thds: 1536 tps: 104203.05 qps: 104203.05 (r/w/o: 104203.05/0.00/0.00) lat (ms,95%): 39.65 err/s: 0.00 reconn/s: 0.00
[ 219s ] thds: 1536 tps: 103952.50 qps: 103952.50 (r/w/o: 103952.50/0.00/0.00) lat (ms,95%): 39.65 err/s: 0.00 reconn/s: 0.00
[ 220s ] thds: 1536 tps: 103186.52 qps: 103186.52 (r/w/o: 103186.52/0.00/0.00) lat (ms,95%): 39.65 err/s: 0.00 reconn/s: 0.00
[ 221s ] thds: 1536 tps: 102371.28 qps: 102371.28 (r/w/o: 102371.28/0.00/0.00) lat (ms,95%): 39.65 err/s: 0.00 reconn/s: 0.00
[ 222s ] thds: 1536 tps: 103388.28 qps: 103387.28 (r/w/o: 103387.28/0.00/0.00) lat (ms,95%): 39.65 err/s: 0.00 reconn/s: 0.00
[ 223s ] thds: 1536 tps: 104738.14 qps: 104739.14 (r/w/o: 104739.14/0.00/0.00) lat (ms,95%): 39.65 err/s: 0.00 reconn/s: 0.00
[ 224s ] thds: 1536 tps: 104578.71 qps: 104578.71 (r/w/o: 104578.71/0.00/0.00) lat (ms,95%): 39.65 err/s: 0.00 reconn/s: 0.00
[ 225s ] thds: 1536 tps: 106022.86 qps: 106022.86 (r/w/o: 106022.86/0.00/0.00) lat (ms,95%): 39.65 err/s: 0.00 reconn/s: 0.00
[ 226s ] thds: 1536 tps: 104253.11 qps: 104251.11 (r/w/o: 104251.11/0.00/0.00) lat (ms,95%): 39.65 err/s: 0.00 reconn/s: 0.00
[ 227s ] thds: 1536 tps: 104210.85 qps: 104212.85 (r/w/o: 104212.85/0.00/0.00) lat (ms,95%): 39.65 err/s: 0.00 reconn/s: 0.00
[ 228s ] thds: 1536 tps: 105425.56 qps: 105423.56 (r/w/o: 105423.56/0.00/0.00) lat (ms,95%): 39.65 err/s: 0.00 reconn/s: 0.00
[ 229s ] thds: 1536 tps: 103175.14 qps: 103177.14 (r/w/o: 103177.14/0.00/0.00) lat (ms,95%): 39.65 err/s: 0.00 reconn/s: 0.00
[ 230s ] thds: 1536 tps: 103318.58 qps: 103318.58 (r/w/o: 103318.58/0.00/0.00) lat (ms,95%): 39.65 err/s: 0.00 reconn/s: 0.00
[ 231s ] thds: 1536 tps: 104337.52 qps: 104337.52 (r/w/o: 104337.52/0.00/0.00) lat (ms,95%): 39.65 err/s: 0.00 reconn/s: 0.00
[ 232s ] thds: 1536 tps: 104110.23 qps: 104110.23 (r/w/o: 104110.23/0.00/0.00) lat (ms,95%): 39.65 err/s: 0.00 reconn/s: 0.00
[ 233s ] thds: 1536 tps: 104055.23 qps: 104053.23 (r/w/o: 104053.23/0.00/0.00) lat (ms,95%): 39.65 err/s: 0.00 reconn/s: 0.00
[ 234s ] thds: 1536 tps: 105015.41 qps: 105017.41 (r/w/o: 105017.41/0.00/0.00) lat (ms,95%): 39.65 err/s: 0.00 reconn/s: 0.00
[ 235s ] thds: 1536 tps: 104703.43 qps: 104703.43 (r/w/o: 104703.43/0.00/0.00) lat (ms,95%): 39.65 err/s: 0.00 reconn/s: 0.00
[ 236s ] thds: 1536 tps: 104054.77 qps: 104053.77 (r/w/o: 104053.77/0.00/0.00) lat (ms,95%): 39.65 err/s: 0.00 reconn/s: 0.00
[ 237s ] thds: 1536 tps: 103569.93 qps: 103569.93 (r/w/o: 103569.93/0.00/0.00) lat (ms,95%): 38.94 err/s: 0.00 reconn/s: 0.00
[ 238s ] thds: 1536 tps: 104789.63 qps: 104786.63 (r/w/o: 104786.63/0.00/0.00) lat (ms,95%): 38.94 err/s: 0.00 reconn/s: 0.00
[ 239s ] thds: 1536 tps: 105202.89 qps: 105205.89 (r/w/o: 105205.89/0.00/0.00) lat (ms,95%): 39.65 err/s: 0.00 reconn/s: 0.00
[ 240s ] thds: 1536 tps: 104502.46 qps: 104503.46 (r/w/o: 104503.46/0.00/0.00) lat (ms,95%): 39.65 err/s: 0.00 reconn/s: 0.00
[ 241s ] thds: 1536 tps: 104814.01 qps: 104814.01 (r/w/o: 104814.01/0.00/0.00) lat (ms,95%): 39.65 err/s: 0.00 reconn/s: 0.00
[ 242s ] thds: 1536 tps: 102929.20 qps: 102928.20 (r/w/o: 102928.20/0.00/0.00) lat (ms,95%): 39.65 err/s: 0.00 reconn/s: 0.00
[ 243s ] thds: 1536 tps: 104032.26 qps: 104032.26 (r/w/o: 104032.26/0.00/0.00) lat (ms,95%): 39.65 err/s: 0.00 reconn/s: 0.00
[ 244s ] thds: 1536 tps: 104313.73 qps: 104314.73 (r/w/o: 104314.73/0.00/0.00) lat (ms,95%): 39.65 err/s: 0.00 reconn/s: 0.00
[ 245s ] thds: 1536 tps: 103587.91 qps: 103587.91 (r/w/o: 103587.91/0.00/0.00) lat (ms,95%): 39.65 err/s: 0.00 reconn/s: 0.00
[ 246s ] thds: 1536 tps: 103762.46 qps: 103761.46 (r/w/o: 103761.46/0.00/0.00) lat (ms,95%): 39.65 err/s: 0.00 reconn/s: 0.00
[ 247s ] thds: 1536 tps: 104067.33 qps: 104068.33 (r/w/o: 104068.33/0.00/0.00) lat (ms,95%): 39.65 err/s: 0.00 reconn/s: 0.00
[ 248s ] thds: 1536 tps: 104859.50 qps: 104859.50 (r/w/o: 104859.50/0.00/0.00) lat (ms,95%): 39.65 err/s: 0.00 reconn/s: 0.00
[ 249s ] thds: 1536 tps: 103942.86 qps: 103942.86 (r/w/o: 103942.86/0.00/0.00) lat (ms,95%): 39.65 err/s: 0.00 reconn/s: 0.00
[ 250s ] thds: 1536 tps: 102645.78 qps: 102645.78 (r/w/o: 102645.78/0.00/0.00) lat (ms,95%): 39.65 err/s: 0.00 reconn/s: 0.00
[ 251s ] thds: 1536 tps: 103808.18 qps: 103808.18 (r/w/o: 103808.18/0.00/0.00) lat (ms,95%): 39.65 err/s: 0.00 reconn/s: 0.00
[ 252s ] thds: 1536 tps: 103375.19 qps: 103372.19 (r/w/o: 103372.19/0.00/0.00) lat (ms,95%): 39.65 err/s: 0.00 reconn/s: 0.00
[ 253s ] thds: 1536 tps: 103665.13 qps: 103668.13 (r/w/o: 103668.13/0.00/0.00) lat (ms,95%): 39.65 err/s: 0.00 reconn/s: 0.00
[ 254s ] thds: 1536 tps: 103394.08 qps: 103393.08 (r/w/o: 103393.08/0.00/0.00) lat (ms,95%): 39.65 err/s: 0.00 reconn/s: 0.00
[ 255s ] thds: 1536 tps: 104299.17 qps: 104300.17 (r/w/o: 104300.17/0.00/0.00) lat (ms,95%): 39.65 err/s: 0.00 reconn/s: 0.00
[ 256s ] thds: 1536 tps: 104895.04 qps: 104893.04 (r/w/o: 104893.04/0.00/0.00) lat (ms,95%): 39.65 err/s: 0.00 reconn/s: 0.00
[ 257s ] thds: 1536 tps: 105459.53 qps: 105460.53 (r/w/o: 105460.53/0.00/0.00) lat (ms,95%): 39.65 err/s: 0.00 reconn/s: 0.00
[ 258s ] thds: 1536 tps: 104328.83 qps: 104329.83 (r/w/o: 104329.83/0.00/0.00) lat (ms,95%): 38.94 err/s: 0.00 reconn/s: 0.00
[ 259s ] thds: 1536 tps: 103875.66 qps: 103875.66 (r/w/o: 103875.66/0.00/0.00) lat (ms,95%): 39.65 err/s: 0.00 reconn/s: 0.00
[ 260s ] thds: 1536 tps: 103628.43 qps: 103628.43 (r/w/o: 103628.43/0.00/0.00) lat (ms,95%): 39.65 err/s: 0.00 reconn/s: 0.00
[ 261s ] thds: 1536 tps: 103514.71 qps: 103512.71 (r/w/o: 103512.71/0.00/0.00) lat (ms,95%): 39.65 err/s: 0.00 reconn/s: 0.00
[ 262s ] thds: 1536 tps: 103283.07 qps: 103284.07 (r/w/o: 103284.07/0.00/0.00) lat (ms,95%): 39.65 err/s: 0.00 reconn/s: 0.00
[ 263s ] thds: 1536 tps: 102916.72 qps: 102913.72 (r/w/o: 102913.72/0.00/0.00) lat (ms,95%): 39.65 err/s: 0.00 reconn/s: 0.00
[ 264s ] thds: 1536 tps: 105042.82 qps: 105046.82 (r/w/o: 105046.82/0.00/0.00) lat (ms,95%): 39.65 err/s: 0.00 reconn/s: 0.00
[ 265s ] thds: 1536 tps: 104789.37 qps: 104789.37 (r/w/o: 104789.37/0.00/0.00) lat (ms,95%): 39.65 err/s: 0.00 reconn/s: 0.00
[ 266s ] thds: 1536 tps: 105194.94 qps: 105194.94 (r/w/o: 105194.94/0.00/0.00) lat (ms,95%): 39.65 err/s: 0.00 reconn/s: 0.00
[ 267s ] thds: 1536 tps: 104169.10 qps: 104169.10 (r/w/o: 104169.10/0.00/0.00) lat (ms,95%): 39.65 err/s: 0.00 reconn/s: 0.00
[ 268s ] thds: 1536 tps: 104269.32 qps: 104269.32 (r/w/o: 104269.32/0.00/0.00) lat (ms,95%): 39.65 err/s: 0.00 reconn/s: 0.00
[ 269s ] thds: 1536 tps: 105242.49 qps: 105241.49 (r/w/o: 105241.49/0.00/0.00) lat (ms,95%): 39.65 err/s: 0.00 reconn/s: 0.00
[ 270s ] thds: 1536 tps: 104624.76 qps: 104625.76 (r/w/o: 104625.76/0.00/0.00) lat (ms,95%): 39.65 err/s: 0.00 reconn/s: 0.00
[ 271s ] thds: 1536 tps: 104155.28 qps: 104155.28 (r/w/o: 104155.28/0.00/0.00) lat (ms,95%): 39.65 err/s: 0.00 reconn/s: 0.00
[ 272s ] thds: 1536 tps: 104572.74 qps: 104570.74 (r/w/o: 104570.74/0.00/0.00) lat (ms,95%): 39.65 err/s: 0.00 reconn/s: 0.00
[ 273s ] thds: 1536 tps: 105720.24 qps: 105722.24 (r/w/o: 105722.24/0.00/0.00) lat (ms,95%): 39.65 err/s: 0.00 reconn/s: 0.00
[ 274s ] thds: 1536 tps: 103811.33 qps: 103810.33 (r/w/o: 103810.33/0.00/0.00) lat (ms,95%): 39.65 err/s: 0.00 reconn/s: 0.00
[ 275s ] thds: 1536 tps: 104907.59 qps: 104907.59 (r/w/o: 104907.59/0.00/0.00) lat (ms,95%): 39.65 err/s: 0.00 reconn/s: 0.00
[ 276s ] thds: 1536 tps: 104691.09 qps: 104692.09 (r/w/o: 104692.09/0.00/0.00) lat (ms,95%): 39.65 err/s: 0.00 reconn/s: 0.00
[ 277s ] thds: 1536 tps: 104275.10 qps: 104274.10 (r/w/o: 104274.10/0.00/0.00) lat (ms,95%): 39.65 err/s: 0.00 reconn/s: 0.00
[ 278s ] thds: 1536 tps: 104100.33 qps: 104100.33 (r/w/o: 104100.33/0.00/0.00) lat (ms,95%): 39.65 err/s: 0.00 reconn/s: 0.00
[ 279s ] thds: 1536 tps: 103884.90 qps: 103885.90 (r/w/o: 103885.90/0.00/0.00) lat (ms,95%): 39.65 err/s: 0.00 reconn/s: 0.00
[ 280s ] thds: 1536 tps: 104281.36 qps: 104280.36 (r/w/o: 104280.36/0.00/0.00) lat (ms,95%): 39.65 err/s: 0.00 reconn/s: 0.00
[ 281s ] thds: 1536 tps: 104472.25 qps: 104471.25 (r/w/o: 104471.25/0.00/0.00) lat (ms,95%): 38.94 err/s: 0.00 reconn/s: 0.00
[ 282s ] thds: 1536 tps: 103143.97 qps: 103145.97 (r/w/o: 103145.97/0.00/0.00) lat (ms,95%): 39.65 err/s: 0.00 reconn/s: 0.00
[ 283s ] thds: 1536 tps: 104508.20 qps: 104508.20 (r/w/o: 104508.20/0.00/0.00) lat (ms,95%): 39.65 err/s: 0.00 reconn/s: 0.00
[ 284s ] thds: 1536 tps: 103771.89 qps: 103769.89 (r/w/o: 103769.89/0.00/0.00) lat (ms,95%): 39.65 err/s: 0.00 reconn/s: 0.00
[ 285s ] thds: 1536 tps: 105527.46 qps: 105529.46 (r/w/o: 105529.46/0.00/0.00) lat (ms,95%): 39.65 err/s: 0.00 reconn/s: 0.00
[ 286s ] thds: 1536 tps: 104099.77 qps: 104099.77 (r/w/o: 104099.77/0.00/0.00) lat (ms,95%): 39.65 err/s: 0.00 reconn/s: 0.00
[ 287s ] thds: 1536 tps: 104709.47 qps: 104708.47 (r/w/o: 104708.47/0.00/0.00) lat (ms,95%): 39.65 err/s: 0.00 reconn/s: 0.00
[ 288s ] thds: 1536 tps: 104224.11 qps: 104225.11 (r/w/o: 104225.11/0.00/0.00) lat (ms,95%): 39.65 err/s: 0.00 reconn/s: 0.00
[ 289s ] thds: 1536 tps: 103289.09 qps: 103289.09 (r/w/o: 103289.09/0.00/0.00) lat (ms,95%): 39.65 err/s: 0.00 reconn/s: 0.00
[ 290s ] thds: 1536 tps: 104282.77 qps: 104281.77 (r/w/o: 104281.77/0.00/0.00) lat (ms,95%): 38.94 err/s: 0.00 reconn/s: 0.00
[ 291s ] thds: 1536 tps: 103664.97 qps: 103665.97 (r/w/o: 103665.97/0.00/0.00) lat (ms,95%): 39.65 err/s: 0.00 reconn/s: 0.00
[ 292s ] thds: 1536 tps: 104051.32 qps: 104051.32 (r/w/o: 104051.32/0.00/0.00) lat (ms,95%): 39.65 err/s: 0.00 reconn/s: 0.00
[ 293s ] thds: 1536 tps: 105102.24 qps: 105102.24 (r/w/o: 105102.24/0.00/0.00) lat (ms,95%): 39.65 err/s: 0.00 reconn/s: 0.00
[ 294s ] thds: 1536 tps: 103745.91 qps: 103744.91 (r/w/o: 103744.91/0.00/0.00) lat (ms,95%): 39.65 err/s: 0.00 reconn/s: 0.00
[ 295s ] thds: 1536 tps: 104952.46 qps: 104953.46 (r/w/o: 104953.46/0.00/0.00) lat (ms,95%): 39.65 err/s: 0.00 reconn/s: 0.00
[ 296s ] thds: 1536 tps: 104185.92 qps: 104183.92 (r/w/o: 104183.92/0.00/0.00) lat (ms,95%): 39.65 err/s: 0.00 reconn/s: 0.00
[ 297s ] thds: 1536 tps: 103466.87 qps: 103468.87 (r/w/o: 103468.87/0.00/0.00) lat (ms,95%): 39.65 err/s: 0.00 reconn/s: 0.00
[ 298s ] thds: 1536 tps: 104714.84 qps: 104714.84 (r/w/o: 104714.84/0.00/0.00) lat (ms,95%): 39.65 err/s: 0.00 reconn/s: 0.00
[ 299s ] thds: 1536 tps: 103359.61 qps: 103359.61 (r/w/o: 103359.61/0.00/0.00) lat (ms,95%): 39.65 err/s: 0.00 reconn/s: 0.00
[ 300s ] thds: 1536 tps: 100136.58 qps: 100136.58 (r/w/o: 100136.58/0.00/0.00) lat (ms,95%): 39.65 err/s: 0.00 reconn/s: 0.00
SQL statistics:
    queries performed:
        read:                            73949046
        write:                           0
        other:                           0
        total:                           73949046
    transactions:                        73949046 (246259.85 per sec.)
    queries:                             73949046 (246259.85 per sec.)
    ignored errors:                      0      (0.00 per sec.)
    reconnects:                          0      (0.00 per sec.)

General statistics:
    total time:                          300.2872s
    total number of events:              73949046

Latency (ms):
         min:                                    0.05
         avg:                                    6.22
         max:                                 1450.80
         95th percentile:                       19.29
         sum:                            460329000.96

Threads fairness:
    events (avg/stddev):           48143.9102/1276.56
    execution time (avg/stddev):   299.6934/0.08

