sysbench 1.0.20 (using bundled LuaJIT 2.1.0-beta2)

Running the test with following options:
Number of threads: 16
Report intermediate results every 1 second(s)
Initializing random number generator from current time


Initializing worker threads...

Threads started!

1,16,10136.21,162348.08,142060.69,0.00,20287.40,1.89,0.00,0.00
2,16,10742.38,171846.99,150361.24,0.00,21485.75,1.67,0.00,0.00
3,16,10744.23,171877.71,150389.25,0.00,21488.46,1.70,0.00,0.00
4,16,10803.60,172905.66,151298.45,0.00,21607.21,1.61,0.00,0.00
5,16,10837.30,173398.85,151725.25,0.00,21673.61,1.61,0.00,0.00
6,16,10808.76,172932.15,151313.63,0.00,21618.52,1.64,0.00,0.00
7,16,10730.87,171717.85,150257.12,0.00,21460.73,1.70,0.00,0.00
8,16,10767.31,172262.94,150727.32,0.00,21535.62,1.70,0.00,0.00
9,16,10733.30,171680.77,150214.18,0.00,21466.60,1.73,0.00,0.00
10,16,10622.57,170021.05,148775.92,0.00,21245.13,1.82,0.00,0.00
11,16,10806.04,172900.58,151289.50,0.00,21611.07,1.64,0.00,0.00
12,16,10813.77,172991.32,151362.78,0.00,21628.54,1.64,0.00,0.00
13,16,10810.00,172967.01,151347.01,0.00,21620.00,1.67,0.00,0.00
14,16,10835.43,173352.91,151682.05,0.00,21670.86,1.61,0.00,0.00
15,16,10538.76,168646.19,147568.66,0.00,21077.52,1.82,0.00,0.00
16,16,10823.11,173139.82,151493.59,0.00,21646.23,1.64,0.00,0.00
17,16,10704.86,171293.71,149887.00,0.00,21406.71,1.73,0.00,0.00
18,16,10822.19,173150.10,151503.71,0.00,21646.39,1.61,0.00,0.00
19,16,10461.09,167403.36,146480.19,0.00,20923.17,1.82,0.00,0.00
20,16,10728.87,171616.84,150159.11,0.00,21457.73,1.70,0.00,0.00
21,16,10768.96,172324.38,150786.46,0.00,21537.92,1.64,0.00,0.00
22,16,10556.19,168911.10,147798.71,0.00,21112.39,1.79,0.00,0.00
23,16,10740.80,171834.81,150354.21,0.00,21480.60,1.70,0.00,0.00
24,16,10755.03,172088.44,150577.39,0.00,21511.06,1.67,0.00,0.00
25,16,10668.96,170717.36,149378.44,0.00,21338.92,1.76,0.00,0.00
26,16,10654.26,170445.09,149137.58,0.00,21307.51,1.76,0.00,0.00
27,16,10365.03,165835.42,145106.36,0.00,20729.05,1.86,0.00,0.00
28,16,10685.74,170991.82,149620.34,0.00,21371.48,1.70,0.00,0.00
29,16,10672.00,170755.08,149410.07,0.00,21345.01,1.73,0.00,0.00
30,16,10577.46,169224.29,148069.37,0.00,21154.91,1.82,0.00,0.00
31,16,10541.60,168670.56,147588.37,0.00,21082.20,1.79,0.00,0.00
32,16,10631.98,170073.66,148809.70,0.00,21263.96,1.76,0.00,0.00
33,16,10653.15,170496.34,149190.05,0.00,21306.29,1.70,0.00,0.00
34,16,10616.94,169888.02,148653.14,0.00,21234.88,1.76,0.00,0.00
35,16,10493.96,167885.38,146897.46,0.00,20987.92,1.82,0.00,0.00
36,16,10641.96,170288.42,149004.49,0.00,21283.93,1.70,0.00,0.00
37,16,10693.00,171055.03,149670.03,0.00,21385.00,1.67,0.00,0.00
38,16,10621.11,169958.69,148715.48,0.00,21243.21,1.76,0.00,0.00
39,16,10660.80,170566.84,149245.23,0.00,21321.60,1.73,0.00,0.00
40,16,10774.31,172419.95,150871.33,0.00,21548.62,1.61,0.00,0.00
41,16,10603.79,169618.60,148411.02,0.00,21207.57,1.79,0.00,0.00
42,16,10757.95,172152.22,150637.31,0.00,21514.90,1.61,0.00,0.00
43,16,10714.00,171429.02,150000.02,0.00,21429.00,1.64,0.00,0.00
44,16,10690.14,170989.16,149608.89,0.00,21380.27,1.64,0.00,0.00
45,16,10499.89,168026.17,147026.40,0.00,20999.77,1.82,0.00,0.00
46,16,10440.28,167031.54,146150.97,0.00,20880.57,1.82,0.00,0.00
47,16,10459.26,167370.13,146451.61,0.00,20918.52,1.82,0.00,0.00
48,16,10679.43,170849.85,149490.99,0.00,21358.86,1.73,0.00,0.00
49,16,10694.05,171113.84,149726.74,0.00,21387.11,1.73,0.00,0.00
50,16,10627.34,170026.47,148771.79,0.00,21254.68,1.76,0.00,0.00
51,16,10665.60,170692.60,149360.40,0.00,21332.20,1.73,0.00,0.00
52,16,10817.05,173042.82,151408.72,0.00,21634.10,1.58,0.00,0.00
53,16,10677.78,170871.52,149515.95,0.00,21355.56,1.70,0.00,0.00
54,16,10616.34,169827.49,148594.81,0.00,21232.69,1.76,0.00,0.00
55,16,10556.89,168940.27,147825.49,0.00,21114.78,1.82,0.00,0.00
56,16,10675.43,170785.83,149435.98,0.00,21349.85,1.73,0.00,0.00
57,16,10709.62,171371.96,149952.71,0.00,21419.24,1.70,0.00,0.00
58,16,10608.76,169737.23,148520.70,0.00,21216.53,1.79,0.00,0.00
59,16,10698.17,171137.74,149741.40,0.00,21396.34,1.67,0.00,0.00
60,16,10704.23,171275.71,149866.24,0.00,21409.46,1.67,0.00,0.00
61,16,10544.79,168728.64,147640.06,0.00,21088.58,1.79,0.00,0.00
62,16,10620.17,169942.72,148701.38,0.00,21241.34,1.79,0.00,0.00
63,16,10336.81,165413.93,144740.32,0.00,20673.62,1.86,0.00,0.00
64,16,10645.47,170284.59,148993.64,0.00,21290.95,1.76,0.00,0.00
65,16,10684.02,170958.25,149590.22,0.00,21368.03,1.73,0.00,0.00
66,16,10704.47,171239.45,149830.52,0.00,21408.93,1.70,0.00,0.00
67,16,10503.35,168010.54,147004.85,0.00,21005.69,1.82,0.00,0.00
68,16,10702.09,171297.51,149894.32,0.00,21403.19,1.70,0.00,0.00
69,16,10631.74,170090.84,148825.36,0.00,21265.48,1.76,0.00,0.00
70,16,10770.05,172310.81,150771.71,0.00,21539.10,1.64,0.00,0.00
71,16,10472.35,167561.66,146615.95,0.00,20945.71,1.82,0.00,0.00
72,16,10733.88,171730.09,150263.33,0.00,21466.76,1.67,0.00,0.00
73,16,10725.53,171640.50,150187.43,0.00,21453.06,1.70,0.00,0.00
74,16,10571.13,169117.15,147977.88,0.00,21139.27,1.82,0.00,0.00
75,16,10236.97,163806.49,143331.56,0.00,20474.94,1.86,0.00,0.00
76,16,10713.66,171464.50,150036.18,0.00,21428.31,1.70,0.00,0.00
77,16,10770.55,172281.81,150740.71,0.00,21541.10,1.67,0.00,0.00
78,16,10708.73,171322.68,149905.22,0.00,21417.46,1.73,0.00,0.00
79,16,10703.75,171269.98,149862.49,0.00,21407.50,1.73,0.00,0.00
80,16,10744.14,171933.21,150444.93,0.00,21488.28,1.70,0.00,0.00
81,16,10778.95,172431.17,150875.27,0.00,21555.90,1.67,0.00,0.00
82,16,10723.59,171596.48,150147.29,0.00,21449.18,1.73,0.00,0.00
83,16,10609.44,169738.06,148519.18,0.00,21218.88,1.79,0.00,0.00
84,16,10751.21,172024.28,150521.87,0.00,21502.41,1.70,0.00,0.00
85,16,10782.75,172514.03,150949.53,0.00,21564.50,1.70,0.00,0.00
86,16,10754.51,172077.08,150567.07,0.00,21510.01,1.70,0.00,0.00
87,16,10696.82,171153.05,149760.41,0.00,21392.63,1.76,0.00,0.00
88,16,10701.39,171251.22,149847.44,0.00,21403.78,1.73,0.00,0.00
89,16,10877.09,174002.48,152248.29,0.00,21754.18,1.58,0.00,0.00
90,16,10781.85,172493.58,150930.89,0.00,21562.70,1.67,0.00,0.00
91,16,10615.04,169869.65,148638.57,0.00,21231.08,1.79,0.00,0.00
92,16,10761.56,172211.98,150688.85,0.00,21523.12,1.70,0.00,0.00
93,16,10527.06,168424.97,147370.85,0.00,21054.12,1.82,0.00,0.00
94,16,10671.06,170725.93,149384.82,0.00,21341.12,1.79,0.00,0.00
95,16,10597.61,169560.84,148364.61,0.00,21196.23,1.79,0.00,0.00
96,16,10810.33,172946.26,151325.61,0.00,21620.66,1.64,0.00,0.00
97,16,10581.84,169289.39,148125.71,0.00,21163.67,1.79,0.00,0.00
98,16,10662.95,170616.26,149290.35,0.00,21325.91,1.79,0.00,0.00
99,16,10832.20,173339.22,151674.81,0.00,21664.40,1.61,0.00,0.00
100,16,10628.83,170055.34,148798.68,0.00,21256.67,1.79,0.00,0.00
101,16,10769.11,172299.81,150761.58,0.00,21538.23,1.70,0.00,0.00
102,16,10786.20,172603.25,151029.84,0.00,21573.41,1.70,0.00,0.00
103,16,10587.94,169396.10,148220.21,0.00,21175.89,1.82,0.00,0.00
104,16,10685.20,170961.24,149590.84,0.00,21370.41,1.73,0.00,0.00
105,16,10775.93,172419.88,150869.02,0.00,21550.86,1.70,0.00,0.00
106,16,10761.68,172165.84,150641.49,0.00,21524.36,1.73,0.00,0.00
107,16,10729.04,171671.68,150213.59,0.00,21458.08,1.73,0.00,0.00
108,16,10801.42,172824.67,151221.84,0.00,21602.83,1.70,0.00,0.00
109,16,10824.33,173158.30,151510.64,0.00,21647.66,1.67,0.00,0.00
110,16,10833.40,173355.46,151688.65,0.00,21666.81,1.67,0.00,0.00
111,16,10765.18,172276.95,150745.58,0.00,21531.37,1.73,0.00,0.00
112,16,10783.61,172535.76,150969.54,0.00,21566.22,1.70,0.00,0.00
113,16,10757.81,172093.02,150576.39,0.00,21516.63,1.73,0.00,0.00
114,16,10773.18,172390.89,150844.53,0.00,21546.36,1.70,0.00,0.00
115,16,10729.96,171695.33,150235.42,0.00,21459.92,1.76,0.00,0.00
116,16,10688.19,170969.97,149594.60,0.00,21375.37,1.76,0.00,0.00
117,16,10727.02,171639.25,150185.21,0.00,21454.03,1.76,0.00,0.00
118,16,10575.91,169208.58,148056.75,0.00,21151.82,1.82,0.00,0.00
119,16,10613.66,169834.51,148607.20,0.00,21227.31,1.79,0.00,0.00
120,16,10836.61,173387.78,151713.56,0.00,21674.22,1.67,0.00,0.00
121,16,10776.51,172435.14,150882.12,0.00,21553.02,1.76,0.00,0.00
122,16,10836.12,173387.96,151715.71,0.00,21672.24,1.70,0.00,0.00
123,16,10796.95,172730.16,151136.26,0.00,21593.89,1.73,0.00,0.00
124,16,10551.69,168820.03,147717.65,0.00,21102.38,1.82,0.00,0.00
125,16,10899.40,174440.41,152640.61,0.00,21799.80,1.61,0.00,0.00
126,16,10738.80,171772.72,150295.13,0.00,21477.59,1.79,0.00,0.00
127,16,10627.35,170051.65,148797.94,0.00,21253.71,1.79,0.00,0.00
128,16,10893.17,174252.69,152465.36,0.00,21787.34,1.61,0.00,0.00
129,16,10936.74,174989.78,153117.31,0.00,21872.47,1.58,0.00,0.00
130,16,10801.04,172807.60,151204.52,0.00,21603.07,1.73,0.00,0.00
131,16,10805.35,172908.63,151297.92,0.00,21610.70,1.70,0.00,0.00
132,16,10859.61,173740.69,152021.48,0.00,21719.21,1.70,0.00,0.00
133,16,10870.05,173918.79,152179.69,0.00,21739.10,1.64,0.00,0.00
134,16,10777.99,172451.83,150896.85,0.00,21554.98,1.73,0.00,0.00
135,16,10844.81,173545.89,151854.28,0.00,21691.61,1.67,0.00,0.00
136,16,10944.08,175133.36,153245.19,0.00,21888.17,1.58,0.00,0.00
137,16,10878.87,174012.91,152255.17,0.00,21757.74,1.67,0.00,0.00
138,16,10732.98,171755.73,150289.76,0.00,21465.97,1.76,0.00,0.00
139,16,10724.44,171574.05,150125.17,0.00,21448.88,1.76,0.00,0.00
140,16,10831.73,173292.71,151629.25,0.00,21663.46,1.67,0.00,0.00
141,16,10737.25,171795.07,150319.56,0.00,21475.51,1.76,0.00,0.00
142,16,10809.77,172940.33,151324.79,0.00,21615.54,1.73,0.00,0.00
143,16,10788.00,172648.01,151069.01,0.00,21579.00,1.73,0.00,0.00
144,16,10789.92,172632.69,151052.85,0.00,21579.84,1.70,0.00,0.00
145,16,10711.99,171392.77,149969.80,0.00,21422.97,1.79,0.00,0.00
146,16,10876.08,174022.29,152269.13,0.00,21753.16,1.67,0.00,0.00
147,16,10801.04,172790.62,151188.54,0.00,21602.08,1.70,0.00,0.00
148,16,10834.99,173384.92,151714.93,0.00,21669.99,1.67,0.00,0.00
149,16,10827.27,173224.38,151570.83,0.00,21653.55,1.73,0.00,0.00
150,16,10683.11,170933.78,149566.56,0.00,21367.22,1.79,0.00,0.00
151,16,10807.76,172950.21,151335.68,0.00,21614.53,1.73,0.00,0.00
152,16,10849.19,173581.01,151881.63,0.00,21699.38,1.67,0.00,0.00
153,16,10890.63,174247.09,152468.83,0.00,21778.26,1.61,0.00,0.00
154,16,10843.27,173496.29,151806.75,0.00,21689.54,1.70,0.00,0.00
155,16,10803.09,172859.43,151253.25,0.00,21606.18,1.73,0.00,0.00
156,16,10837.67,173368.69,151694.36,0.00,21674.34,1.70,0.00,0.00
157,16,10909.52,174561.34,152741.30,0.00,21820.04,1.61,0.00,0.00
158,16,10800.79,172811.68,151210.09,0.00,21601.58,1.73,0.00,0.00
159,16,10797.94,172777.11,151181.22,0.00,21595.89,1.73,0.00,0.00
160,16,10829.70,173247.21,151587.81,0.00,21659.40,1.70,0.00,0.00
161,16,10776.05,172441.77,150889.68,0.00,21552.10,1.76,0.00,0.00
162,16,10794.10,172666.53,151079.33,0.00,21587.19,1.73,0.00,0.00
163,16,10942.89,175105.28,153219.50,0.00,21885.79,1.61,0.00,0.00
164,16,10890.13,174248.14,152466.88,0.00,21781.27,1.67,0.00,0.00
165,16,10772.83,172358.35,150813.69,0.00,21544.67,1.76,0.00,0.00
166,16,10625.90,170029.39,148777.59,0.00,21251.80,1.79,0.00,0.00
167,16,10822.13,173162.16,151516.89,0.00,21645.27,1.73,0.00,0.00
168,16,10947.76,175165.09,153269.58,0.00,21895.51,1.58,0.00,0.00
169,16,10953.05,175247.86,153342.75,0.00,21905.11,1.61,0.00,0.00
170,16,10861.21,173741.41,152018.98,0.00,21722.43,1.70,0.00,0.00
171,16,10885.10,174180.58,152411.38,0.00,21769.20,1.67,0.00,0.00
172,16,10942.41,175079.63,153192.80,0.00,21886.83,1.61,0.00,0.00
173,16,10864.43,173836.85,152108.00,0.00,21728.86,1.70,0.00,0.00
174,16,10910.05,174590.80,152771.70,0.00,21819.10,1.67,0.00,0.00
175,16,10887.58,174179.25,152403.10,0.00,21776.16,1.67,0.00,0.00
176,16,10951.23,175205.67,153303.21,0.00,21902.46,1.58,0.00,0.00
177,16,10945.15,175137.47,153247.16,0.00,21890.31,1.61,0.00,0.00
178,16,10877.78,174048.42,152292.87,0.00,21755.55,1.70,0.00,0.00
179,16,10575.53,169197.53,148046.46,0.00,21151.07,1.82,0.00,0.00
180,16,10886.57,174176.20,152405.05,0.00,21771.15,1.64,0.00,0.00
181,16,10782.19,172498.10,150931.71,0.00,21566.39,1.73,0.00,0.00
182,16,10889.98,174296.67,152516.71,0.00,21779.96,1.67,0.00,0.00
183,16,10733.06,171688.95,150222.83,0.00,21466.12,1.73,0.00,0.00
184,16,10913.85,174654.53,152826.84,0.00,21827.69,1.58,0.00,0.00
185,16,10866.96,173865.33,152131.41,0.00,21733.92,1.67,0.00,0.00
186,16,10910.47,174585.57,152764.62,0.00,21820.95,1.67,0.00,0.00
187,16,10923.54,174761.66,152914.57,0.00,21847.08,1.61,0.00,0.00
188,16,10910.15,174537.48,152718.17,0.00,21819.31,1.64,0.00,0.00
189,16,10918.32,174678.10,152841.46,0.00,21836.64,1.64,0.00,0.00
190,16,10701.88,171277.08,149872.32,0.00,21404.76,1.79,0.00,0.00
191,16,10685.60,170935.62,149564.42,0.00,21371.20,1.79,0.00,0.00
192,16,10830.90,173302.36,151641.57,0.00,21660.80,1.70,0.00,0.00
193,16,10899.18,174396.94,152597.58,0.00,21799.37,1.67,0.00,0.00
194,16,10845.03,173504.43,151814.38,0.00,21690.05,1.70,0.00,0.00
195,16,10870.94,173915.09,152174.21,0.00,21740.89,1.70,0.00,0.00
196,16,10862.10,173808.63,152084.43,0.00,21724.20,1.70,0.00,0.00
197,16,10797.87,172796.93,151200.19,0.00,21596.74,1.73,0.00,0.00
198,16,10876.02,173962.31,152212.27,0.00,21750.04,1.70,0.00,0.00
199,16,10833.10,173340.56,151672.37,0.00,21668.20,1.73,0.00,0.00
200,16,10870.86,173954.72,152214.01,0.00,21740.72,1.67,0.00,0.00
201,16,10934.55,174935.75,153065.66,0.00,21870.09,1.61,0.00,0.00
202,16,10899.86,174405.79,152606.06,0.00,21799.72,1.67,0.00,0.00
203,16,10805.14,172856.23,151245.95,0.00,21610.28,1.73,0.00,0.00
204,16,10886.56,174256.01,152483.88,0.00,21772.13,1.64,0.00,0.00
205,16,10904.93,174442.93,152632.07,0.00,21810.87,1.67,0.00,0.00
206,16,10849.43,173579.80,151880.95,0.00,21698.85,1.76,0.00,0.00
207,16,10880.62,174124.94,152363.70,0.00,21761.24,1.67,0.00,0.00
208,16,10945.42,175096.71,153205.87,0.00,21890.84,1.61,0.00,0.00
209,16,10903.40,174496.45,152689.65,0.00,21806.81,1.64,0.00,0.00
210,16,10858.19,173695.98,151980.61,0.00,21715.37,1.70,0.00,0.00
211,16,10874.15,174014.48,152266.17,0.00,21748.31,1.67,0.00,0.00
212,16,10986.78,175760.49,153786.93,0.00,21973.56,1.58,0.00,0.00
213,16,10946.90,175182.34,153287.55,0.00,21894.79,1.61,0.00,0.00
214,16,10627.19,170009.02,148754.64,0.00,21254.38,1.82,0.00,0.00
215,16,10859.89,173757.18,152037.41,0.00,21719.77,1.70,0.00,0.00
216,16,10990.20,175827.19,153848.79,0.00,21978.40,1.58,0.00,0.00
217,16,10938.90,175056.45,153176.65,0.00,21879.81,1.64,0.00,0.00
218,16,10873.07,173942.12,152195.98,0.00,21746.14,1.70,0.00,0.00
219,16,10705.15,171287.38,149878.09,0.00,21409.30,1.79,0.00,0.00
220,16,10833.80,173346.75,151678.16,0.00,21668.59,1.70,0.00,0.00
221,16,10962.20,175401.12,153476.73,0.00,21924.39,1.58,0.00,0.00
222,16,10758.96,172117.42,150600.50,0.00,21516.93,1.76,0.00,0.00
223,16,10824.82,173189.18,151539.53,0.00,21649.65,1.70,0.00,0.00
224,16,10811.60,172983.59,151359.39,0.00,21624.20,1.73,0.00,0.00
225,16,10915.66,174680.50,152849.19,0.00,21831.31,1.67,0.00,0.00
226,16,10694.89,171114.18,149724.41,0.00,21389.77,1.79,0.00,0.00
227,16,10874.81,174024.01,152274.39,0.00,21749.63,1.70,0.00,0.00
228,16,10888.13,174189.12,152413.86,0.00,21775.26,1.64,0.00,0.00
229,16,10856.19,173716.97,152003.60,0.00,21713.37,1.70,0.00,0.00
230,16,10912.65,174554.36,152729.07,0.00,21825.30,1.64,0.00,0.00
231,16,10879.70,174108.25,152348.84,0.00,21759.41,1.67,0.00,0.00
232,16,10827.32,173228.10,151573.46,0.00,21654.64,1.73,0.00,0.00
233,16,10802.06,172808.95,151204.83,0.00,21604.12,1.73,0.00,0.00
234,16,10726.19,171613.00,150161.63,0.00,21451.38,1.79,0.00,0.00
235,16,10889.93,174282.80,152501.95,0.00,21780.85,1.67,0.00,0.00
236,16,10769.20,172314.14,150775.75,0.00,21538.39,1.73,0.00,0.00
237,16,10799.99,172771.92,151171.93,0.00,21599.99,1.73,0.00,0.00
238,16,10582.74,169320.88,148155.39,0.00,21165.48,1.82,0.00,0.00
239,16,10311.70,164999.25,144376.84,0.00,20622.41,1.86,0.00,0.00
240,16,10928.15,174822.38,152966.08,0.00,21856.30,1.64,0.00,0.00
241,16,10951.00,175235.08,153332.07,0.00,21903.01,1.61,0.00,0.00
242,16,10863.80,173794.78,152066.18,0.00,21728.60,1.70,0.00,0.00
243,16,10662.74,170623.92,149299.43,0.00,21324.49,1.79,0.00,0.00
244,16,10939.12,175056.90,153178.66,0.00,21878.24,1.61,0.00,0.00
245,16,10917.48,174666.66,152831.70,0.00,21834.96,1.67,0.00,0.00
246,16,10773.57,172402.09,150854.96,0.00,21547.14,1.79,0.00,0.00
247,16,10593.31,169454.04,148267.41,0.00,21186.63,1.82,0.00,0.00
248,16,11001.07,175975.18,153973.03,0.00,22002.15,1.58,0.00,0.00
249,16,10965.05,175510.79,153580.69,0.00,21930.10,1.64,0.00,0.00
250,16,10812.00,172974.02,151351.02,0.00,21623.00,1.73,0.00,0.00
251,16,10838.48,173408.63,151730.68,0.00,21677.95,1.73,0.00,0.00
252,16,10856.22,173719.56,152008.12,0.00,21711.45,1.70,0.00,0.00
253,16,10798.38,172748.13,151151.36,0.00,21596.77,1.76,0.00,0.00
254,16,10827.65,173225.40,151570.10,0.00,21655.30,1.76,0.00,0.00
255,16,10839.32,173451.07,151771.44,0.00,21679.63,1.70,0.00,0.00
256,16,10975.76,175626.21,153675.69,0.00,21950.53,1.58,0.00,0.00
257,16,10951.99,175238.81,153333.84,0.00,21904.98,1.67,0.00,0.00
258,16,10928.30,174838.82,152982.22,0.00,21856.60,1.67,0.00,0.00
259,16,10839.44,173450.12,151771.23,0.00,21678.89,1.70,0.00,0.00
260,16,11000.20,175976.19,153977.79,0.00,21998.40,1.55,0.00,0.00
261,16,10865.14,173811.24,152078.96,0.00,21732.28,1.76,0.00,0.00
262,16,10934.15,174988.43,153120.12,0.00,21868.30,1.64,0.00,0.00
263,16,10833.87,173291.88,151625.15,0.00,21666.73,1.76,0.00,0.00
264,16,10899.95,174455.25,152654.35,0.00,21800.91,1.67,0.00,0.00
265,16,10933.97,174950.53,153083.59,0.00,21866.94,1.64,0.00,0.00
266,16,10857.00,173695.05,151981.04,0.00,21714.01,1.73,0.00,0.00
267,16,10930.54,174883.66,153021.58,0.00,21862.08,1.67,0.00,0.00
268,16,10901.35,174417.55,152615.85,0.00,21801.69,1.67,0.00,0.00
269,16,10953.72,175303.60,153396.15,0.00,21907.45,1.64,0.00,0.00
270,16,10855.36,173663.75,151952.03,0.00,21711.72,1.73,0.00,0.00
271,16,10645.91,170318.58,149027.76,0.00,21290.82,1.79,0.00,0.00
272,16,10734.29,171703.61,150234.03,0.00,21469.58,1.79,0.00,0.00
273,16,10836.89,173441.20,151767.42,0.00,21673.77,1.70,0.00,0.00
274,16,10811.70,172968.20,151345.80,0.00,21622.40,1.73,0.00,0.00
275,16,10755.25,172096.07,150585.56,0.00,21510.51,1.76,0.00,0.00
276,16,10962.05,175410.83,153485.73,0.00,21925.10,1.58,0.00,0.00
277,16,10866.19,173837.97,152105.60,0.00,21732.37,1.73,0.00,0.00
278,16,10839.76,173468.08,151788.57,0.00,21679.51,1.73,0.00,0.00
279,16,10853.03,173588.52,151884.46,0.00,21704.07,1.70,0.00,0.00
280,16,10928.97,174888.47,153030.53,0.00,21857.93,1.67,0.00,0.00
281,16,10934.95,174975.21,153104.31,0.00,21870.90,1.64,0.00,0.00
282,16,10993.08,175903.22,153916.07,0.00,21987.15,1.58,0.00,0.00
283,16,10892.07,174236.20,152453.05,0.00,21783.15,1.67,0.00,0.00
284,16,10998.30,175988.75,153991.16,0.00,21997.59,1.58,0.00,0.00
285,16,10948.29,175157.57,153261.00,0.00,21896.57,1.61,0.00,0.00
286,16,10862.25,173801.05,152077.54,0.00,21723.51,1.70,0.00,0.00
287,16,10833.11,173349.78,151682.56,0.00,21667.22,1.70,0.00,0.00
288,16,10908.97,174545.59,152727.64,0.00,21817.95,1.67,0.00,0.00
289,16,10948.99,175191.78,153294.81,0.00,21896.97,1.64,0.00,0.00
290,16,10893.06,174258.01,152470.89,0.00,21787.13,1.67,0.00,0.00
291,16,10793.07,172709.04,151122.91,0.00,21586.13,1.76,0.00,0.00
292,16,10982.93,175710.88,153746.02,0.00,21964.86,1.58,0.00,0.00
293,16,10881.95,174128.16,152364.27,0.00,21763.90,1.70,0.00,0.00
294,16,10774.82,172383.14,150833.50,0.00,21549.64,1.76,0.00,0.00
295,16,10900.05,174388.83,152588.72,0.00,21800.10,1.67,0.00,0.00
296,16,10918.96,174742.41,152903.48,0.00,21838.93,1.67,0.00,0.00
297,16,10943.35,175071.66,153185.95,0.00,21885.71,1.64,0.00,0.00
298,16,10881.66,174122.60,152358.28,0.00,21764.33,1.67,0.00,0.00
299,16,10965.15,175431.45,153501.15,0.00,21930.31,1.64,0.00,0.00
300,16,10966.04,175454.67,153522.59,0.00,21932.08,1.61,0.00,0.00
301,16,10896.83,174359.35,152565.68,0.00,21793.67,1.70,0.00,0.00
302,16,10900.18,174390.84,152590.48,0.00,21800.35,1.70,0.00,0.00
303,16,10984.91,175733.63,153764.80,0.00,21968.83,1.58,0.00,0.00
304,16,10918.11,174701.81,152864.58,0.00,21837.23,1.67,0.00,0.00
305,16,10941.88,175096.15,153212.38,0.00,21883.77,1.64,0.00,0.00
306,16,10891.04,174251.64,152469.56,0.00,21782.08,1.70,0.00,0.00
307,16,10832.92,173346.76,151680.91,0.00,21665.84,1.76,0.00,0.00
308,16,10957.63,175281.06,153365.80,0.00,21915.26,1.61,0.00,0.00
309,16,10955.47,175302.50,153391.56,0.00,21910.94,1.64,0.00,0.00
310,16,10903.03,174441.56,152635.49,0.00,21806.07,1.70,0.00,0.00
311,16,10906.11,174474.71,152662.50,0.00,21812.21,1.70,0.00,0.00
312,16,10882.84,174146.41,152381.73,0.00,21764.68,1.70,0.00,0.00
313,16,10889.10,174233.60,152454.40,0.00,21779.20,1.70,0.00,0.00
314,16,10883.45,174134.12,152367.23,0.00,21766.89,1.70,0.00,0.00
315,16,10906.89,174515.24,152701.46,0.00,21813.78,1.61,0.00,0.00
316,16,10975.88,175614.08,153662.32,0.00,21951.76,1.58,0.00,0.00
317,16,10925.69,174780.03,152929.65,0.00,21850.38,1.67,0.00,0.00
318,16,10698.95,171203.20,149806.30,0.00,21396.90,1.79,0.00,0.00
319,16,10809.09,172978.47,151358.28,0.00,21620.18,1.73,0.00,0.00
320,16,10829.94,173280.07,151620.19,0.00,21659.88,1.76,0.00,0.00
321,16,10886.08,174133.31,152362.15,0.00,21771.16,1.70,0.00,0.00
322,16,10712.27,171428.39,150002.84,0.00,21425.55,1.79,0.00,0.00
323,16,10843.91,173498.56,151811.74,0.00,21686.82,1.70,0.00,0.00
324,16,10877.99,173982.77,152226.80,0.00,21755.97,1.67,0.00,0.00
325,16,10918.02,174741.38,152905.33,0.00,21836.05,1.67,0.00,0.00
326,16,10845.51,173534.16,151842.14,0.00,21692.02,1.73,0.00,0.00
327,16,10891.78,174246.43,152462.88,0.00,21783.55,1.67,0.00,0.00
328,16,10906.50,174529.00,152716.00,0.00,21813.00,1.64,0.00,0.00
329,16,10945.40,175145.42,153254.62,0.00,21890.80,1.61,0.00,0.00
330,16,10917.64,174614.30,152781.01,0.00,21833.29,1.67,0.00,0.00
331,16,10782.82,172546.07,150978.44,0.00,21567.63,1.73,0.00,0.00
332,16,10880.08,174096.29,152336.12,0.00,21760.16,1.70,0.00,0.00
333,16,10831.77,173309.33,151645.79,0.00,21663.54,1.73,0.00,0.00
334,16,10900.48,174408.62,152607.67,0.00,21800.95,1.70,0.00,0.00
335,16,10924.65,174793.42,152945.12,0.00,21848.30,1.64,0.00,0.00
336,16,10927.78,174839.50,152982.94,0.00,21856.56,1.64,0.00,0.00
337,16,10975.64,175592.19,153641.91,0.00,21950.27,1.64,0.00,0.00
338,16,10838.36,173448.76,151772.04,0.00,21676.72,1.70,0.00,0.00
339,16,10866.52,173852.36,152118.31,0.00,21734.05,1.67,0.00,0.00
340,16,10838.73,173419.61,151743.16,0.00,21676.45,1.76,0.00,0.00
341,16,10901.20,174427.18,152623.78,0.00,21803.40,1.70,0.00,0.00
342,16,10831.81,173321.90,151657.29,0.00,21664.61,1.73,0.00,0.00
343,16,10789.19,172644.96,151067.59,0.00,21577.37,1.76,0.00,0.00
344,16,10938.16,174975.56,153099.24,0.00,21876.32,1.67,0.00,0.00
345,16,10899.03,174376.49,152578.43,0.00,21798.06,1.70,0.00,0.00
346,16,10831.16,173294.56,151632.24,0.00,21662.32,1.76,0.00,0.00
347,16,10820.79,173118.61,151477.04,0.00,21641.58,1.73,0.00,0.00
348,16,10943.70,175105.22,153217.81,0.00,21887.40,1.64,0.00,0.00
349,16,10655.23,170521.66,149211.20,0.00,21310.46,1.79,0.00,0.00
350,16,10722.89,171562.19,150116.42,0.00,21445.77,1.79,0.00,0.00
351,16,10873.20,173963.23,152216.83,0.00,21746.40,1.67,0.00,0.00
352,16,10941.02,175078.29,153196.25,0.00,21882.04,1.61,0.00,0.00
353,16,10880.43,174071.86,152311.00,0.00,21760.86,1.70,0.00,0.00
354,16,10827.81,173268.03,151612.40,0.00,21655.63,1.73,0.00,0.00
355,16,10484.60,167691.62,146722.42,0.00,20969.20,1.82,0.00,0.00
356,16,10915.98,174691.63,152859.67,0.00,21831.95,1.67,0.00,0.00
357,16,10991.91,175838.49,153854.68,0.00,21983.81,1.61,0.00,0.00
358,16,10888.00,174226.98,152450.98,0.00,21776.00,1.70,0.00,0.00
359,16,10779.59,172505.51,150946.32,0.00,21559.19,1.76,0.00,0.00
360,16,10886.25,174139.95,152368.46,0.00,21771.49,1.70,0.00,0.00
361,16,10968.33,175499.28,153561.62,0.00,21937.66,1.64,0.00,0.00
362,16,10898.89,174383.24,152585.46,0.00,21797.78,1.67,0.00,0.00
363,16,10860.54,173753.64,152033.56,0.00,21720.08,1.73,0.00,0.00
364,16,10964.06,175441.01,153511.88,0.00,21929.13,1.58,0.00,0.00
365,16,10906.57,174498.14,152686.00,0.00,21812.14,1.70,0.00,0.00
366,16,10885.17,174170.72,152399.38,0.00,21771.34,1.70,0.00,0.00
367,16,10827.32,173216.13,151561.49,0.00,21654.64,1.73,0.00,0.00
368,16,10944.48,175118.66,153229.71,0.00,21888.96,1.67,0.00,0.00
369,16,10902.60,174434.59,152629.39,0.00,21805.20,1.67,0.00,0.00
370,16,10915.34,174666.38,152835.71,0.00,21830.67,1.67,0.00,0.00
371,16,10725.02,171601.34,150152.30,0.00,21449.04,1.79,0.00,0.00
372,16,10991.06,175887.90,153904.78,0.00,21983.11,1.61,0.00,0.00
373,16,10998.84,175963.42,153965.75,0.00,21997.68,1.61,0.00,0.00
374,16,10899.05,174380.87,152582.76,0.00,21798.11,1.70,0.00,0.00
375,16,10880.65,174108.38,152347.08,0.00,21761.30,1.70,0.00,0.00
376,16,10979.57,175616.20,153657.05,0.00,21959.15,1.61,0.00,0.00
377,16,10919.65,174726.47,152888.16,0.00,21838.31,1.67,0.00,0.00
378,16,11007.61,176142.70,154126.49,0.00,22016.21,1.61,0.00,0.00
379,16,10944.31,175117.95,153229.33,0.00,21888.62,1.61,0.00,0.00
380,16,10941.96,175047.43,153164.50,0.00,21882.93,1.61,0.00,0.00
381,16,10849.99,173637.83,151936.85,0.00,21700.98,1.73,0.00,0.00
382,16,10629.10,170044.61,148786.41,0.00,21258.20,1.82,0.00,0.00
383,16,10432.88,166884.10,146020.33,0.00,20863.76,1.82,0.00,0.00
384,16,10947.40,175204.42,153307.61,0.00,21896.80,1.64,0.00,0.00
385,16,10853.94,173662.04,151955.16,0.00,21706.88,1.73,0.00,0.00
386,16,10852.64,173669.30,151963.01,0.00,21706.29,1.73,0.00,0.00
387,16,10774.90,172347.46,150798.65,0.00,21548.81,1.76,0.00,0.00
388,16,10864.32,173820.13,152090.49,0.00,21729.64,1.76,0.00,0.00
389,16,10921.93,174776.84,152933.99,0.00,21842.86,1.67,0.00,0.00
390,16,10840.26,173423.17,151742.65,0.00,21680.52,1.76,0.00,0.00
391,16,10759.65,172169.43,150649.13,0.00,21520.30,1.76,0.00,0.00
392,16,10937.01,175004.21,153130.19,0.00,21874.03,1.67,0.00,0.00
393,16,10987.19,175819.07,153845.69,0.00,21973.38,1.61,0.00,0.00
394,16,10715.86,171436.68,150003.97,0.00,21432.71,1.79,0.00,0.00
395,16,10961.08,175378.21,153456.06,0.00,21922.15,1.64,0.00,0.00
396,16,10992.87,175886.91,153901.17,0.00,21985.74,1.58,0.00,0.00
397,16,10911.94,174556.02,152732.15,0.00,21823.88,1.70,0.00,0.00
398,16,10977.09,175667.42,153713.24,0.00,21954.18,1.58,0.00,0.00
399,16,10819.42,173069.74,151432.90,0.00,21636.84,1.76,0.00,0.00
400,16,10980.61,175756.76,153793.54,0.00,21963.22,1.61,0.00,0.00
401,16,10956.96,175286.41,153373.49,0.00,21912.93,1.64,0.00,0.00
402,16,10920.33,174730.27,152889.61,0.00,21840.66,1.67,0.00,0.00
403,16,10906.76,174492.19,152678.66,0.00,21813.52,1.70,0.00,0.00
404,16,10942.89,175113.23,153226.45,0.00,21886.78,1.64,0.00,0.00
405,16,10976.28,175607.55,153654.98,0.00,21952.57,1.61,0.00,0.00
406,16,10693.82,171094.05,149706.42,0.00,21387.63,1.79,0.00,0.00
407,16,10726.04,171609.60,150157.52,0.00,21452.07,1.82,0.00,0.00
408,16,10940.00,175046.06,153166.05,0.00,21880.01,1.67,0.00,0.00
409,16,10892.98,174326.65,152540.69,0.00,21785.96,1.70,0.00,0.00
410,16,11008.68,176083.95,154066.58,0.00,22017.37,1.58,0.00,0.00
411,16,10890.71,174262.34,152480.92,0.00,21781.42,1.67,0.00,0.00
412,16,10908.55,174522.83,152706.73,0.00,21816.10,1.67,0.00,0.00
413,16,10952.36,175233.80,153328.07,0.00,21905.72,1.64,0.00,0.00
414,16,10712.86,171436.79,150011.07,0.00,21425.72,1.79,0.00,0.00
415,16,10765.91,172211.61,150681.78,0.00,21529.83,1.79,0.00,0.00
416,16,10983.90,175739.39,153770.59,0.00,21968.80,1.58,0.00,0.00
417,16,10726.18,171644.84,150191.49,0.00,21453.35,1.76,0.00,0.00
418,16,10818.99,173114.90,151476.91,0.00,21637.99,1.73,0.00,0.00
419,16,10845.04,173518.68,151828.59,0.00,21690.08,1.76,0.00,0.00
420,16,10923.90,174769.36,152921.57,0.00,21847.80,1.67,0.00,0.00
421,16,10845.00,173522.05,151833.04,0.00,21689.01,1.73,0.00,0.00
422,16,10951.02,175216.26,153313.23,0.00,21903.03,1.67,0.00,0.00
423,16,10748.87,171981.98,150484.23,0.00,21497.75,1.79,0.00,0.00
424,16,11015.08,176291.34,154261.17,0.00,22030.17,1.55,0.00,0.00
425,16,11035.21,176526.35,154455.93,0.00,22070.42,1.55,0.00,0.00
426,16,10750.94,171987.96,150487.09,0.00,21500.87,1.79,0.00,0.00
427,16,10863.76,173867.16,152138.64,0.00,21728.52,1.70,0.00,0.00
428,16,11020.34,176291.44,154250.76,0.00,22040.68,1.58,0.00,0.00
429,16,10975.84,175630.51,153678.82,0.00,21951.69,1.64,0.00,0.00
430,16,10872.21,173949.40,152204.98,0.00,21744.43,1.70,0.00,0.00
431,16,10659.45,170548.15,149229.26,0.00,21318.89,1.82,0.00,0.00
432,16,10867.88,173912.10,152176.34,0.00,21735.76,1.73,0.00,0.00
433,16,10906.36,174476.84,152664.11,0.00,21812.73,1.70,0.00,0.00
434,16,10969.27,175498.27,153560.74,0.00,21937.53,1.64,0.00,0.00
435,16,10787.62,172640.96,151064.72,0.00,21576.25,1.76,0.00,0.00
436,16,11014.12,176176.86,154148.63,0.00,22028.23,1.58,0.00,0.00
437,16,10921.16,174743.64,152901.31,0.00,21842.33,1.67,0.00,0.00
438,16,10894.99,174301.91,152511.93,0.00,21789.99,1.73,0.00,0.00
439,16,10546.70,168769.21,147676.81,0.00,21092.40,1.82,0.00,0.00
440,16,10929.21,174905.29,153045.87,0.00,21859.41,1.67,0.00,0.00
441,16,10891.81,174264.94,152481.32,0.00,21783.62,1.73,0.00,0.00
442,16,10812.39,172932.24,151308.46,0.00,21623.78,1.76,0.00,0.00
443,16,10832.88,173344.12,151677.36,0.00,21666.76,1.70,0.00,0.00
444,16,10963.88,175429.09,153502.33,0.00,21926.76,1.64,0.00,0.00
445,16,10966.81,175492.93,153558.32,0.00,21934.62,1.61,0.00,0.00
446,16,10672.42,170766.71,149421.87,0.00,21344.84,1.79,0.00,0.00
447,16,10857.95,173707.18,151991.28,0.00,21715.90,1.67,0.00,0.00
448,16,10956.84,175296.51,153383.82,0.00,21912.69,1.64,0.00,0.00
449,16,10848.66,173624.60,151926.28,0.00,21698.32,1.73,0.00,0.00
450,16,10955.42,175243.66,153332.83,0.00,21910.83,1.67,0.00,0.00
451,16,10844.07,173498.08,151811.94,0.00,21686.13,1.73,0.00,0.00
452,16,10970.75,175576.03,153632.53,0.00,21943.50,1.61,0.00,0.00
453,16,10928.90,174831.37,152973.58,0.00,21857.80,1.67,0.00,0.00
454,16,10923.26,174760.18,152913.65,0.00,21846.52,1.67,0.00,0.00
455,16,10805.79,172913.63,151302.05,0.00,21611.58,1.76,0.00,0.00
456,16,10824.37,173163.96,151515.22,0.00,21648.75,1.76,0.00,0.00
457,16,10882.64,174118.16,152354.89,0.00,21763.27,1.73,0.00,0.00
458,16,10997.18,175971.91,153977.55,0.00,21994.36,1.61,0.00,0.00
459,16,10834.95,173373.14,151701.25,0.00,21671.89,1.76,0.00,0.00
460,16,10979.97,175662.48,153703.55,0.00,21958.94,1.58,0.00,0.00
461,16,10990.09,175876.38,153896.21,0.00,21980.17,1.61,0.00,0.00
462,16,10804.01,172879.12,151271.11,0.00,21608.01,1.76,0.00,0.00
463,16,10690.11,171003.79,149624.57,0.00,21379.22,1.79,0.00,0.00
464,16,10948.78,175162.41,153263.86,0.00,21898.55,1.67,0.00,0.00
465,16,10981.06,175714.91,153751.79,0.00,21963.11,1.61,0.00,0.00
466,16,10928.80,174840.85,152983.24,0.00,21857.61,1.67,0.00,0.00
467,16,10788.22,172632.51,151056.07,0.00,21576.44,1.76,0.00,0.00
468,16,10907.91,174534.49,152718.68,0.00,21815.81,1.70,0.00,0.00
469,16,10989.99,175860.89,153880.90,0.00,21979.99,1.64,0.00,0.00
470,16,10758.03,172072.42,150556.37,0.00,21516.05,1.76,0.00,0.00
471,16,10841.39,173484.27,151801.49,0.00,21682.78,1.70,0.00,0.00
472,16,11019.69,176308.10,154268.71,0.00,22039.39,1.55,0.00,0.00
473,16,11021.90,176376.47,154332.66,0.00,22043.81,1.58,0.00,0.00
474,16,10928.17,174834.78,152979.43,0.00,21855.35,1.70,0.00,0.00
475,16,10802.90,172816.45,151211.65,0.00,21604.81,1.76,0.00,0.00
476,16,10943.98,175154.61,153264.66,0.00,21889.95,1.67,0.00,0.00
477,16,11013.01,176185.23,154159.20,0.00,22026.03,1.58,0.00,0.00
478,16,10893.92,174322.68,152534.85,0.00,21787.84,1.70,0.00,0.00
479,16,10954.96,175270.42,153360.49,0.00,21909.93,1.64,0.00,0.00
480,16,10903.04,174467.62,152661.54,0.00,21806.08,1.67,0.00,0.00
481,16,10920.20,174735.18,152893.79,0.00,21841.40,1.67,0.00,0.00
482,16,10952.40,175200.35,153297.55,0.00,21902.79,1.67,0.00,0.00
483,16,10954.41,175253.63,153343.80,0.00,21909.83,1.61,0.00,0.00
484,16,10957.18,175320.95,153407.58,0.00,21913.37,1.64,0.00,0.00
485,16,10865.44,173884.10,152152.21,0.00,21731.89,1.76,0.00,0.00
486,16,10996.27,175924.31,153931.77,0.00,21992.54,1.64,0.00,0.00
487,16,10638.27,170208.38,148931.83,0.00,21276.55,1.79,0.00,0.00
488,16,10969.44,175495.08,153556.19,0.00,21938.88,1.58,0.00,0.00
489,16,10912.74,174613.87,152789.39,0.00,21824.48,1.67,0.00,0.00
490,16,10985.77,175784.34,153811.80,0.00,21972.54,1.58,0.00,0.00
491,16,10934.04,174946.71,153078.62,0.00,21868.09,1.67,0.00,0.00
492,16,10907.89,174522.18,152707.41,0.00,21814.77,1.67,0.00,0.00
493,16,10960.09,175362.44,153441.26,0.00,21921.18,1.67,0.00,0.00
494,16,10905.14,174459.20,152650.92,0.00,21808.27,1.67,0.00,0.00
495,16,10872.96,173950.29,152204.38,0.00,21745.91,1.70,0.00,0.00
496,16,10985.04,175793.67,153821.59,0.00,21972.08,1.58,0.00,0.00
497,16,10947.85,175161.55,153265.86,0.00,21895.69,1.67,0.00,0.00
498,16,10819.16,173099.53,151461.21,0.00,21638.32,1.76,0.00,0.00
499,16,10855.78,173669.43,151957.87,0.00,21711.55,1.73,0.00,0.00
500,16,10909.27,174599.31,152780.77,0.00,21818.54,1.67,0.00,0.00
501,16,10735.51,171758.23,150287.20,0.00,21471.03,1.79,0.00,0.00
502,16,10909.36,174560.79,152743.07,0.00,21817.72,1.70,0.00,0.00
503,16,10884.56,174147.96,152377.84,0.00,21770.12,1.70,0.00,0.00
504,16,10933.29,174922.66,153056.08,0.00,21866.58,1.70,0.00,0.00
505,16,10960.21,175337.33,153416.91,0.00,21920.42,1.64,0.00,0.00
506,16,10722.54,171606.63,150161.56,0.00,21445.08,1.82,0.00,0.00
507,16,10854.51,173639.08,151930.07,0.00,21709.01,1.70,0.00,0.00
508,16,10953.54,175232.62,153327.55,0.00,21905.08,1.64,0.00,0.00
509,16,10797.18,172784.94,151190.57,0.00,21594.37,1.76,0.00,0.00
510,16,10883.91,174148.49,152380.68,0.00,21767.81,1.70,0.00,0.00
511,16,10753.16,172041.51,150534.19,0.00,21507.31,1.79,0.00,0.00
512,16,10964.99,175414.89,153484.90,0.00,21929.99,1.61,0.00,0.00
513,16,10973.02,175596.33,153650.29,0.00,21946.04,1.64,0.00,0.00
514,16,10924.00,174737.03,152889.03,0.00,21848.00,1.67,0.00,0.00
515,16,10885.88,174204.05,152432.30,0.00,21771.76,1.70,0.00,0.00
516,16,10908.01,174535.19,152719.16,0.00,21816.02,1.70,0.00,0.00
517,16,10976.02,175630.32,153677.28,0.00,21953.04,1.64,0.00,0.00
518,16,10858.77,173754.39,152036.84,0.00,21717.55,1.76,0.00,0.00
519,16,10783.57,172526.06,150958.92,0.00,21567.13,1.76,0.00,0.00
520,16,10644.62,170316.90,149027.66,0.00,21289.24,1.82,0.00,0.00
521,16,10919.53,174680.44,152841.38,0.00,21839.05,1.67,0.00,0.00
522,16,10939.62,175029.85,153151.62,0.00,21878.23,1.64,0.00,0.00
523,16,10860.99,173798.77,152076.79,0.00,21721.97,1.73,0.00,0.00
524,16,10873.05,173990.75,152243.66,0.00,21747.09,1.70,0.00,0.00
525,16,10970.79,175531.57,153590.00,0.00,21941.57,1.61,0.00,0.00
526,16,10910.03,174558.43,152738.38,0.00,21820.05,1.67,0.00,0.00
527,16,10758.05,172110.84,150594.74,0.00,21516.11,1.79,0.00,0.00
528,16,10938.88,175004.10,153128.33,0.00,21875.76,1.67,0.00,0.00
529,16,10956.11,175325.83,153411.60,0.00,21914.23,1.64,0.00,0.00
530,16,10622.00,169950.06,148707.06,0.00,21243.01,1.79,0.00,0.00
531,16,10637.46,170210.41,148934.49,0.00,21275.93,1.82,0.00,0.00
532,16,10746.51,171926.19,150433.17,0.00,21493.02,1.79,0.00,0.00
533,16,10800.03,172811.49,151211.43,0.00,21600.06,1.76,0.00,0.00
534,16,10843.31,173477.95,151791.33,0.00,21686.62,1.73,0.00,0.00
535,16,10846.45,173563.25,151870.34,0.00,21692.91,1.76,0.00,0.00
536,16,10987.56,175768.98,153793.86,0.00,21975.12,1.61,0.00,0.00
537,16,10938.14,175029.31,153153.02,0.00,21876.29,1.64,0.00,0.00
538,16,10980.36,175694.78,153734.06,0.00,21960.72,1.61,0.00,0.00
539,16,10849.19,173594.03,151895.65,0.00,21698.38,1.73,0.00,0.00
540,16,10947.88,175170.09,153274.33,0.00,21895.76,1.67,0.00,0.00
541,16,11020.16,176298.60,154258.28,0.00,22040.33,1.58,0.00,0.00
542,16,10965.90,175457.42,153526.62,0.00,21930.80,1.64,0.00,0.00
543,16,10902.93,174416.87,152611.01,0.00,21805.86,1.67,0.00,0.00
544,16,10890.05,174252.75,152471.65,0.00,21781.09,1.70,0.00,0.00
545,16,10920.10,174714.67,152874.46,0.00,21840.21,1.67,0.00,0.00
546,16,10918.87,174744.95,152907.21,0.00,21837.74,1.67,0.00,0.00
547,16,10989.05,175794.81,153816.71,0.00,21978.10,1.58,0.00,0.00
548,16,11012.02,176196.35,154172.31,0.00,22024.04,1.55,0.00,0.00
549,16,10898.29,174378.60,152583.03,0.00,21795.58,1.70,0.00,0.00
550,16,10703.93,171241.90,149832.04,0.00,21409.86,1.79,0.00,0.00
551,16,10746.65,172005.46,150513.15,0.00,21492.31,1.79,0.00,0.00
552,16,10771.11,172331.82,150789.59,0.00,21542.23,1.79,0.00,0.00
553,16,10851.26,173574.14,151871.63,0.00,21702.52,1.76,0.00,0.00
554,16,10828.79,173285.60,151628.02,0.00,21657.57,1.76,0.00,0.00
555,16,10914.91,174609.60,152779.78,0.00,21829.83,1.67,0.00,0.00
556,16,10968.90,175510.40,153574.60,0.00,21935.80,1.58,0.00,0.00
557,16,10909.46,174558.42,152737.49,0.00,21820.93,1.67,0.00,0.00
558,16,10900.88,174380.15,152578.38,0.00,21801.77,1.70,0.00,0.00
559,16,10761.66,172242.47,150719.16,0.00,21523.31,1.76,0.00,0.00
560,16,10827.24,173188.81,151534.33,0.00,21654.48,1.73,0.00,0.00
561,16,10840.98,173490.72,151809.75,0.00,21680.96,1.73,0.00,0.00
562,16,10700.78,171217.41,149814.86,0.00,21402.55,1.79,0.00,0.00
563,16,10830.14,173265.27,151605.99,0.00,21659.28,1.73,0.00,0.00
564,16,10990.02,175872.25,153891.22,0.00,21981.03,1.58,0.00,0.00
565,16,10986.90,175739.46,153765.65,0.00,21973.81,1.64,0.00,0.00
566,16,10801.08,172838.27,151237.11,0.00,21601.16,1.76,0.00,0.00
567,16,10883.29,174115.57,152348.00,0.00,21767.57,1.70,0.00,0.00
568,16,10984.77,175782.31,153813.77,0.00,21968.54,1.58,0.00,0.00
569,16,10901.77,174435.27,152630.74,0.00,21804.53,1.73,0.00,0.00
570,16,10767.01,172278.15,150744.14,0.00,21534.02,1.79,0.00,0.00
571,16,10912.21,174560.36,152736.94,0.00,21823.42,1.67,0.00,0.00
572,16,10978.92,175659.74,153700.89,0.00,21958.84,1.64,0.00,0.00
573,16,11004.14,176045.27,154036.98,0.00,22008.28,1.58,0.00,0.00
574,16,10776.20,172406.16,150854.77,0.00,21551.40,1.76,0.00,0.00
575,16,10847.05,173589.83,151895.72,0.00,21694.10,1.73,0.00,0.00
576,16,10896.01,174322.12,152529.10,0.00,21793.01,1.70,0.00,0.00
577,16,10880.49,174080.85,152319.87,0.00,21760.98,1.73,0.00,0.00
578,16,10887.14,174208.23,152434.95,0.00,21773.28,1.73,0.00,0.00
579,16,10747.10,171990.65,150495.45,0.00,21495.21,1.79,0.00,0.00
580,16,10934.86,174975.72,153106.01,0.00,21869.72,1.64,0.00,0.00
581,16,10882.03,174056.48,152293.42,0.00,21763.06,1.70,0.00,0.00
582,16,10801.31,172795.97,151193.34,0.00,21602.62,1.76,0.00,0.00
583,16,10667.13,170696.16,149360.89,0.00,21335.27,1.79,0.00,0.00
584,16,10964.22,175429.51,153501.07,0.00,21928.44,1.64,0.00,0.00
585,16,10903.80,174482.88,152675.27,0.00,21807.61,1.70,0.00,0.00
586,16,10884.44,174177.97,152409.10,0.00,21768.87,1.73,0.00,0.00
587,16,10988.26,175782.09,153806.58,0.00,21975.51,1.61,0.00,0.00
588,16,10893.16,174280.57,152493.25,0.00,21787.32,1.67,0.00,0.00
589,16,10993.64,175921.29,153934.00,0.00,21987.29,1.61,0.00,0.00
590,16,10895.13,174320.12,152530.86,0.00,21789.27,1.70,0.00,0.00
591,16,10725.95,171636.25,150183.34,0.00,21452.91,1.79,0.00,0.00
592,16,10975.01,175599.22,153650.19,0.00,21949.03,1.64,0.00,0.00
593,16,10937.11,174985.76,153109.54,0.00,21876.22,1.61,0.00,0.00
594,16,10936.87,174969.95,153097.21,0.00,21872.74,1.70,0.00,0.00
595,16,10843.00,173497.02,151811.02,0.00,21686.00,1.73,0.00,0.00
596,16,10947.03,175132.42,153240.37,0.00,21892.05,1.67,0.00,0.00
597,16,10900.14,174430.21,152627.94,0.00,21802.28,1.67,0.00,0.00
598,16,10988.81,175815.91,153838.30,0.00,21977.61,1.61,0.00,0.00
599,16,10966.96,175490.34,153556.42,0.00,21933.92,1.58,0.00,0.00
600,16,11005.01,176073.20,154064.18,0.00,22009.03,1.58,0.00,0.00
SQL statistics:
    queries performed:
        read:                            90983900
        write:                           0
        other:                           12997700
        total:                           103981600
    transactions:                        6498850 (10831.36 per sec.)
    queries:                             103981600 (173301.70 per sec.)
    ignored errors:                      0      (0.00 per sec.)
    reconnects:                          0      (0.00 per sec.)

General statistics:
    total time:                          600.0020s
    total number of events:              6498850

Latency (ms):
         min:                                    1.18
         avg:                                    1.48
         max:                                    3.71
         95th percentile:                        1.70
         sum:                              9589469.42

Threads fairness:
    events (avg/stddev):           406178.1250/683.99
    execution time (avg/stddev):   599.3418/0.01

