[2021-03-08T09:37:24+0000]: Warming up the instance after restart
[2021-03-08T09:37:24+0000]: Running select avg(id) from sbtest1 FORCE KEY (PRIMARY)
mysql: [Warning] Using a password on the command line interface can be insecure.
avg(id)
25000000.5000
[2021-03-08T09:37:34+0000]: Running select avg(id) from sbtest2 FORCE KEY (PRIMARY)
mysql: [Warning] Using a password on the command line interface can be insecure.
avg(id)
25000000.5000
[2021-03-08T09:37:45+0000]: Running select avg(id) from sbtest3 FORCE KEY (PRIMARY)
mysql: [Warning] Using a password on the command line interface can be insecure.
avg(id)
25000000.5000
[2021-03-08T09:37:55+0000]: Running select avg(id) from sbtest4 FORCE KEY (PRIMARY)
mysql: [Warning] Using a password on the command line interface can be insecure.
avg(id)
25000000.5000
[2021-03-08T09:38:05+0000]: Running OLTP_RO for 600 seconds
[2021-03-08T09:38:05+0000]: Running sysbench test with following arguments
[2021-03-08T09:38:05+0000]: test: oltp_read_only; threads: 16; duration: 600; label: warmup
[2021-03-08T09:38:05+0000]: logfile: /opt/performance/glibc.warmup.oltp_read_only.16.2021-03-08_093805.log
[2021-03-08T09:48:05+0000]: ============================================================
[2021-03-08T09:48:05+0000]:  Starting test run: oltp_read_only at 1536 threads
[2021-03-08T09:48:05+0000]: ============================================================
[2021-03-08T09:48:05+0000]: Running sysbench test with following arguments
[2021-03-08T09:48:05+0000]: test: oltp_read_only; threads: 1536; duration: 300; label: run
[2021-03-08T09:48:05+0000]: logfile: /opt/performance/glibc.run.oltp_read_only.1536.2021-03-08_094805.log
[2021-03-08T09:53:07+0000]: ============================================================
[2021-03-08T09:53:07+0000]:  Starting test run: oltp_point_select at 1536 threads
[2021-03-08T09:53:07+0000]: ============================================================
[2021-03-08T09:53:07+0000]: Running sysbench test with following arguments
[2021-03-08T09:53:07+0000]: test: oltp_point_select; threads: 1536; duration: 300; label: run
[2021-03-08T09:53:07+0000]: logfile: /opt/performance/glibc.run.oltp_point_select.1536.2021-03-08_095307.log
