sysbench 1.0.20 (using bundled LuaJIT 2.1.0-beta2)

Running the test with following options:
Number of threads: 16
Report intermediate results every 1 second(s)
Initializing random number generator from current time


Initializing worker threads...

Threads started!

[ 1s ] thds: 16 tps: 10721.31 qps: 171699.64 (r/w/o: 150241.06/0.00/21458.59) lat (ms,95%): 1.79 err/s: 0.00 reconn/s: 0.00
[ 2s ] thds: 16 tps: 10920.42 qps: 174707.71 (r/w/o: 152866.87/0.00/21840.84) lat (ms,95%): 1.67 err/s: 0.00 reconn/s: 0.00
[ 3s ] thds: 16 tps: 10997.00 qps: 175951.95 (r/w/o: 153957.96/0.00/21993.99) lat (ms,95%): 1.58 err/s: 0.00 reconn/s: 0.00
[ 4s ] thds: 16 tps: 10668.49 qps: 170711.84 (r/w/o: 149374.86/0.00/21336.98) lat (ms,95%): 1.82 err/s: 0.00 reconn/s: 0.00
[ 5s ] thds: 16 tps: 10998.52 qps: 175954.36 (r/w/o: 153958.31/0.00/21996.04) lat (ms,95%): 1.58 err/s: 0.00 reconn/s: 0.00
[ 6s ] thds: 16 tps: 10900.01 qps: 174405.21 (r/w/o: 152604.19/0.00/21801.03) lat (ms,95%): 1.70 err/s: 0.00 reconn/s: 0.00
[ 7s ] thds: 16 tps: 10939.70 qps: 175037.26 (r/w/o: 153158.85/0.00/21878.41) lat (ms,95%): 1.67 err/s: 0.00 reconn/s: 0.00
[ 8s ] thds: 16 tps: 10863.50 qps: 173846.93 (r/w/o: 152118.94/0.00/21727.99) lat (ms,95%): 1.73 err/s: 0.00 reconn/s: 0.00
[ 9s ] thds: 16 tps: 10872.98 qps: 173935.60 (r/w/o: 152189.65/0.00/21745.95) lat (ms,95%): 1.70 err/s: 0.00 reconn/s: 0.00
[ 10s ] thds: 16 tps: 10752.88 qps: 172054.05 (r/w/o: 150549.29/0.00/21504.76) lat (ms,95%): 1.79 err/s: 0.00 reconn/s: 0.00
[ 11s ] thds: 16 tps: 11009.94 qps: 176163.97 (r/w/o: 154143.10/0.00/22020.87) lat (ms,95%): 1.58 err/s: 0.00 reconn/s: 0.00
[ 12s ] thds: 16 tps: 10928.93 qps: 174849.82 (r/w/o: 152993.97/0.00/21855.85) lat (ms,95%): 1.67 err/s: 0.00 reconn/s: 0.00
[ 13s ] thds: 16 tps: 10898.04 qps: 174367.60 (r/w/o: 152570.53/0.00/21797.08) lat (ms,95%): 1.70 err/s: 0.00 reconn/s: 0.00
[ 14s ] thds: 16 tps: 10917.97 qps: 174720.44 (r/w/o: 152883.51/0.00/21836.93) lat (ms,95%): 1.64 err/s: 0.00 reconn/s: 0.00
[ 15s ] thds: 16 tps: 10927.90 qps: 174820.41 (r/w/o: 152964.61/0.00/21855.80) lat (ms,95%): 1.67 err/s: 0.00 reconn/s: 0.00
[ 16s ] thds: 16 tps: 10859.17 qps: 173730.67 (r/w/o: 152012.33/0.00/21718.33) lat (ms,95%): 1.73 err/s: 0.00 reconn/s: 0.00
[ 17s ] thds: 16 tps: 10902.98 qps: 174457.71 (r/w/o: 152652.74/0.00/21804.96) lat (ms,95%): 1.70 err/s: 0.00 reconn/s: 0.00
[ 18s ] thds: 16 tps: 10752.58 qps: 172035.34 (r/w/o: 150529.17/0.00/21506.17) lat (ms,95%): 1.79 err/s: 0.00 reconn/s: 0.00
[ 19s ] thds: 16 tps: 10951.43 qps: 175225.93 (r/w/o: 153323.07/0.00/21902.87) lat (ms,95%): 1.61 err/s: 0.00 reconn/s: 0.00
[ 20s ] thds: 16 tps: 10929.86 qps: 174888.73 (r/w/o: 153029.01/0.00/21859.72) lat (ms,95%): 1.70 err/s: 0.00 reconn/s: 0.00
[ 21s ] thds: 16 tps: 10718.07 qps: 171499.17 (r/w/o: 150063.03/0.00/21436.15) lat (ms,95%): 1.79 err/s: 0.00 reconn/s: 0.00
[ 22s ] thds: 16 tps: 10745.33 qps: 171911.29 (r/w/o: 150420.63/0.00/21490.66) lat (ms,95%): 1.79 err/s: 0.00 reconn/s: 0.00
[ 23s ] thds: 16 tps: 10968.83 qps: 175510.20 (r/w/o: 153573.55/0.00/21936.65) lat (ms,95%): 1.61 err/s: 0.00 reconn/s: 0.00
[ 24s ] thds: 16 tps: 11010.87 qps: 176188.92 (r/w/o: 154166.18/0.00/22022.74) lat (ms,95%): 1.58 err/s: 0.00 reconn/s: 0.00
[ 25s ] thds: 16 tps: 10771.07 qps: 172318.16 (r/w/o: 150777.01/0.00/21541.14) lat (ms,95%): 1.76 err/s: 0.00 reconn/s: 0.00
[ 26s ] thds: 16 tps: 10903.05 qps: 174467.87 (r/w/o: 152660.76/0.00/21807.11) lat (ms,95%): 1.70 err/s: 0.00 reconn/s: 0.00
[ 27s ] thds: 16 tps: 10992.75 qps: 175898.04 (r/w/o: 153912.53/0.00/21985.50) lat (ms,95%): 1.61 err/s: 0.00 reconn/s: 0.00
[ 28s ] thds: 16 tps: 11038.05 qps: 176589.77 (r/w/o: 154514.67/0.00/22075.10) lat (ms,95%): 1.55 err/s: 0.00 reconn/s: 0.00
[ 29s ] thds: 16 tps: 10779.70 qps: 172498.24 (r/w/o: 150937.83/0.00/21560.40) lat (ms,95%): 1.76 err/s: 0.00 reconn/s: 0.00
[ 30s ] thds: 16 tps: 10660.23 qps: 170538.73 (r/w/o: 149219.26/0.00/21319.47) lat (ms,95%): 1.79 err/s: 0.00 reconn/s: 0.00
[ 31s ] thds: 16 tps: 11021.31 qps: 176340.96 (r/w/o: 154297.34/0.00/22043.62) lat (ms,95%): 1.61 err/s: 0.00 reconn/s: 0.00
[ 32s ] thds: 16 tps: 10943.90 qps: 175100.32 (r/w/o: 153213.53/0.00/21886.79) lat (ms,95%): 1.67 err/s: 0.00 reconn/s: 0.00
[ 33s ] thds: 16 tps: 10873.31 qps: 173945.96 (r/w/o: 152199.34/0.00/21746.62) lat (ms,95%): 1.73 err/s: 0.00 reconn/s: 0.00
[ 34s ] thds: 16 tps: 10979.81 qps: 175654.93 (r/w/o: 153695.31/0.00/21959.62) lat (ms,95%): 1.58 err/s: 0.00 reconn/s: 0.00
[ 35s ] thds: 16 tps: 10998.89 qps: 176038.16 (r/w/o: 154039.39/0.00/21998.77) lat (ms,95%): 1.58 err/s: 0.00 reconn/s: 0.00
[ 36s ] thds: 16 tps: 10987.89 qps: 175792.17 (r/w/o: 153816.40/0.00/21975.77) lat (ms,95%): 1.61 err/s: 0.00 reconn/s: 0.00
[ 37s ] thds: 16 tps: 11042.07 qps: 176664.18 (r/w/o: 154580.03/0.00/22084.15) lat (ms,95%): 1.55 err/s: 0.00 reconn/s: 0.00
[ 38s ] thds: 16 tps: 10928.94 qps: 174879.00 (r/w/o: 153021.12/0.00/21857.87) lat (ms,95%): 1.67 err/s: 0.00 reconn/s: 0.00
[ 39s ] thds: 16 tps: 11007.01 qps: 176103.15 (r/w/o: 154090.13/0.00/22013.02) lat (ms,95%): 1.61 err/s: 0.00 reconn/s: 0.00
[ 40s ] thds: 16 tps: 10912.65 qps: 174589.34 (r/w/o: 152763.05/0.00/21826.29) lat (ms,95%): 1.73 err/s: 0.00 reconn/s: 0.00
[ 41s ] thds: 16 tps: 10998.48 qps: 175987.74 (r/w/o: 153990.77/0.00/21996.97) lat (ms,95%): 1.58 err/s: 0.00 reconn/s: 0.00
[ 42s ] thds: 16 tps: 10933.40 qps: 174955.37 (r/w/o: 153088.57/0.00/21866.80) lat (ms,95%): 1.67 err/s: 0.00 reconn/s: 0.00
[ 43s ] thds: 16 tps: 11032.47 qps: 176468.53 (r/w/o: 154404.59/0.00/22063.94) lat (ms,95%): 1.58 err/s: 0.00 reconn/s: 0.00
[ 44s ] thds: 16 tps: 10921.22 qps: 174775.52 (r/w/o: 152933.08/0.00/21842.44) lat (ms,95%): 1.67 err/s: 0.00 reconn/s: 0.00
[ 45s ] thds: 16 tps: 10932.85 qps: 174877.57 (r/w/o: 153014.88/0.00/21862.70) lat (ms,95%): 1.67 err/s: 0.00 reconn/s: 0.00
[ 46s ] thds: 16 tps: 10895.90 qps: 174367.33 (r/w/o: 152571.54/0.00/21795.79) lat (ms,95%): 1.70 err/s: 0.00 reconn/s: 0.00
[ 47s ] thds: 16 tps: 10961.43 qps: 175380.81 (r/w/o: 153457.95/0.00/21922.85) lat (ms,95%): 1.67 err/s: 0.00 reconn/s: 0.00
[ 48s ] thds: 16 tps: 11028.69 qps: 176485.09 (r/w/o: 154427.70/0.00/22057.39) lat (ms,95%): 1.58 err/s: 0.00 reconn/s: 0.00
[ 49s ] thds: 16 tps: 10875.18 qps: 174017.82 (r/w/o: 152267.47/0.00/21750.35) lat (ms,95%): 1.73 err/s: 0.00 reconn/s: 0.00
[ 50s ] thds: 16 tps: 10570.86 qps: 169085.77 (r/w/o: 147945.05/0.00/21140.72) lat (ms,95%): 1.79 err/s: 0.00 reconn/s: 0.00
[ 51s ] thds: 16 tps: 10882.12 qps: 174154.98 (r/w/o: 152389.73/0.00/21765.25) lat (ms,95%): 1.73 err/s: 0.00 reconn/s: 0.00
[ 52s ] thds: 16 tps: 11044.94 qps: 176661.07 (r/w/o: 154573.19/0.00/22087.88) lat (ms,95%): 1.58 err/s: 0.00 reconn/s: 0.00
[ 53s ] thds: 16 tps: 10600.48 qps: 169658.75 (r/w/o: 148455.78/0.00/21202.97) lat (ms,95%): 1.79 err/s: 0.00 reconn/s: 0.00
[ 54s ] thds: 16 tps: 10733.55 qps: 171722.74 (r/w/o: 150255.64/0.00/21467.09) lat (ms,95%): 1.79 err/s: 0.00 reconn/s: 0.00
[ 55s ] thds: 16 tps: 10988.92 qps: 175827.69 (r/w/o: 153848.85/0.00/21978.84) lat (ms,95%): 1.58 err/s: 0.00 reconn/s: 0.00
[ 56s ] thds: 16 tps: 10905.00 qps: 174450.02 (r/w/o: 152642.02/0.00/21808.00) lat (ms,95%): 1.76 err/s: 0.00 reconn/s: 0.00
[ 57s ] thds: 16 tps: 10911.95 qps: 174610.20 (r/w/o: 152785.30/0.00/21824.90) lat (ms,95%): 1.70 err/s: 0.00 reconn/s: 0.00
[ 58s ] thds: 16 tps: 11014.00 qps: 176251.92 (r/w/o: 154223.93/0.00/22027.99) lat (ms,95%): 1.58 err/s: 0.00 reconn/s: 0.00
[ 59s ] thds: 16 tps: 10927.87 qps: 174771.87 (r/w/o: 152917.14/0.00/21854.73) lat (ms,95%): 1.67 err/s: 0.00 reconn/s: 0.00
[ 60s ] thds: 16 tps: 10895.11 qps: 174352.77 (r/w/o: 152562.55/0.00/21790.22) lat (ms,95%): 1.73 err/s: 0.00 reconn/s: 0.00
[ 61s ] thds: 16 tps: 10731.09 qps: 171698.38 (r/w/o: 150235.20/0.00/21463.17) lat (ms,95%): 1.79 err/s: 0.00 reconn/s: 0.00
[ 62s ] thds: 16 tps: 10618.16 qps: 169908.60 (r/w/o: 148672.27/0.00/21236.32) lat (ms,95%): 1.82 err/s: 0.00 reconn/s: 0.00
[ 63s ] thds: 16 tps: 10856.88 qps: 173736.09 (r/w/o: 152022.33/0.00/21713.76) lat (ms,95%): 1.76 err/s: 0.00 reconn/s: 0.00
[ 64s ] thds: 16 tps: 11050.86 qps: 176781.82 (r/w/o: 154681.09/0.00/22100.73) lat (ms,95%): 1.58 err/s: 0.00 reconn/s: 0.00
[ 65s ] thds: 16 tps: 10679.47 qps: 170905.54 (r/w/o: 149545.60/0.00/21359.94) lat (ms,95%): 1.79 err/s: 0.00 reconn/s: 0.00
[ 66s ] thds: 16 tps: 10866.80 qps: 173781.84 (r/w/o: 152050.24/0.00/21731.61) lat (ms,95%): 1.73 err/s: 0.00 reconn/s: 0.00
[ 67s ] thds: 16 tps: 10982.40 qps: 175782.35 (r/w/o: 153815.56/0.00/21966.79) lat (ms,95%): 1.61 err/s: 0.00 reconn/s: 0.00
[ 68s ] thds: 16 tps: 10992.31 qps: 175865.96 (r/w/o: 153880.34/0.00/21985.62) lat (ms,95%): 1.64 err/s: 0.00 reconn/s: 0.00
[ 69s ] thds: 16 tps: 10983.88 qps: 175757.08 (r/w/o: 153790.32/0.00/21966.76) lat (ms,95%): 1.64 err/s: 0.00 reconn/s: 0.00
[ 70s ] thds: 16 tps: 10966.67 qps: 175472.71 (r/w/o: 153540.37/0.00/21932.34) lat (ms,95%): 1.67 err/s: 0.00 reconn/s: 0.00
[ 71s ] thds: 16 tps: 10953.69 qps: 175271.04 (r/w/o: 153362.66/0.00/21908.38) lat (ms,95%): 1.67 err/s: 0.00 reconn/s: 0.00
[ 72s ] thds: 16 tps: 10866.15 qps: 173871.48 (r/w/o: 152139.17/0.00/21732.31) lat (ms,95%): 1.76 err/s: 0.00 reconn/s: 0.00
[ 73s ] thds: 16 tps: 10941.48 qps: 175020.69 (r/w/o: 153137.73/0.00/21882.96) lat (ms,95%): 1.67 err/s: 0.00 reconn/s: 0.00
[ 74s ] thds: 16 tps: 10863.13 qps: 173836.04 (r/w/o: 152110.78/0.00/21725.26) lat (ms,95%): 1.70 err/s: 0.00 reconn/s: 0.00
[ 75s ] thds: 16 tps: 11044.68 qps: 176690.81 (r/w/o: 154601.46/0.00/22089.35) lat (ms,95%): 1.58 err/s: 0.00 reconn/s: 0.00
[ 76s ] thds: 16 tps: 10968.30 qps: 175490.78 (r/w/o: 153554.18/0.00/21936.60) lat (ms,95%): 1.67 err/s: 0.00 reconn/s: 0.00
[ 77s ] thds: 16 tps: 10943.08 qps: 175139.33 (r/w/o: 153252.16/0.00/21887.17) lat (ms,95%): 1.67 err/s: 0.00 reconn/s: 0.00
[ 78s ] thds: 16 tps: 10907.99 qps: 174476.78 (r/w/o: 152661.81/0.00/21814.97) lat (ms,95%): 1.67 err/s: 0.00 reconn/s: 0.00
[ 79s ] thds: 16 tps: 11000.77 qps: 176008.39 (r/w/o: 154005.84/0.00/22002.55) lat (ms,95%): 1.58 err/s: 0.00 reconn/s: 0.00
[ 80s ] thds: 16 tps: 10827.86 qps: 173297.81 (r/w/o: 151642.08/0.00/21655.73) lat (ms,95%): 1.73 err/s: 0.00 reconn/s: 0.00
[ 81s ] thds: 16 tps: 10953.79 qps: 175199.64 (r/w/o: 153293.06/0.00/21906.58) lat (ms,95%): 1.67 err/s: 0.00 reconn/s: 0.00
[ 82s ] thds: 16 tps: 10687.48 qps: 171016.66 (r/w/o: 149640.70/0.00/21375.96) lat (ms,95%): 1.79 err/s: 0.00 reconn/s: 0.00
[ 83s ] thds: 16 tps: 10940.08 qps: 175038.32 (r/w/o: 153160.16/0.00/21878.17) lat (ms,95%): 1.67 err/s: 0.00 reconn/s: 0.00
[ 84s ] thds: 16 tps: 10981.93 qps: 175698.96 (r/w/o: 153734.09/0.00/21964.87) lat (ms,95%): 1.67 err/s: 0.00 reconn/s: 0.00
[ 85s ] thds: 16 tps: 11000.10 qps: 176003.67 (r/w/o: 154002.46/0.00/22001.21) lat (ms,95%): 1.61 err/s: 0.00 reconn/s: 0.00
[ 86s ] thds: 16 tps: 10888.00 qps: 174210.97 (r/w/o: 152435.97/0.00/21775.00) lat (ms,95%): 1.70 err/s: 0.00 reconn/s: 0.00
[ 87s ] thds: 16 tps: 10999.00 qps: 175968.97 (r/w/o: 153969.98/0.00/21999.00) lat (ms,95%): 1.67 err/s: 0.00 reconn/s: 0.00
[ 88s ] thds: 16 tps: 10963.86 qps: 175423.83 (r/w/o: 153497.10/0.00/21926.73) lat (ms,95%): 1.70 err/s: 0.00 reconn/s: 0.00
[ 89s ] thds: 16 tps: 10876.06 qps: 174067.97 (r/w/o: 152314.85/0.00/21753.12) lat (ms,95%): 1.70 err/s: 0.00 reconn/s: 0.00
[ 90s ] thds: 16 tps: 10952.83 qps: 175191.28 (r/w/o: 153287.62/0.00/21903.66) lat (ms,95%): 1.67 err/s: 0.00 reconn/s: 0.00
[ 91s ] thds: 16 tps: 11006.40 qps: 176138.39 (r/w/o: 154123.59/0.00/22014.80) lat (ms,95%): 1.64 err/s: 0.00 reconn/s: 0.00
[ 92s ] thds: 16 tps: 10996.43 qps: 175938.89 (r/w/o: 153946.02/0.00/21992.86) lat (ms,95%): 1.64 err/s: 0.00 reconn/s: 0.00
[ 93s ] thds: 16 tps: 10940.46 qps: 175059.40 (r/w/o: 153177.47/0.00/21881.92) lat (ms,95%): 1.70 err/s: 0.00 reconn/s: 0.00
[ 94s ] thds: 16 tps: 10737.05 qps: 171810.82 (r/w/o: 150337.72/0.00/21473.10) lat (ms,95%): 1.79 err/s: 0.00 reconn/s: 0.00
[ 95s ] thds: 16 tps: 10954.17 qps: 175220.70 (r/w/o: 153312.36/0.00/21908.34) lat (ms,95%): 1.67 err/s: 0.00 reconn/s: 0.00
[ 96s ] thds: 16 tps: 10753.47 qps: 172097.60 (r/w/o: 150590.65/0.00/21506.95) lat (ms,95%): 1.79 err/s: 0.00 reconn/s: 0.00
[ 97s ] thds: 16 tps: 10399.22 qps: 166359.56 (r/w/o: 145561.11/0.00/20798.44) lat (ms,95%): 1.82 err/s: 0.00 reconn/s: 0.00
[ 98s ] thds: 16 tps: 10728.04 qps: 171658.58 (r/w/o: 150203.51/0.00/21455.07) lat (ms,95%): 1.79 err/s: 0.00 reconn/s: 0.00
[ 99s ] thds: 16 tps: 10919.01 qps: 174685.09 (r/w/o: 152846.08/0.00/21839.01) lat (ms,95%): 1.70 err/s: 0.00 reconn/s: 0.00
[ 100s ] thds: 16 tps: 10974.98 qps: 175624.62 (r/w/o: 153674.67/0.00/21949.95) lat (ms,95%): 1.67 err/s: 0.00 reconn/s: 0.00
[ 101s ] thds: 16 tps: 10889.32 qps: 174216.08 (r/w/o: 152437.45/0.00/21778.64) lat (ms,95%): 1.67 err/s: 0.00 reconn/s: 0.00
[ 102s ] thds: 16 tps: 10925.98 qps: 174809.71 (r/w/o: 152958.75/0.00/21850.96) lat (ms,95%): 1.70 err/s: 0.00 reconn/s: 0.00
[ 103s ] thds: 16 tps: 11035.75 qps: 176558.97 (r/w/o: 154486.48/0.00/22072.50) lat (ms,95%): 1.55 err/s: 0.00 reconn/s: 0.00
[ 104s ] thds: 16 tps: 11042.84 qps: 176739.36 (r/w/o: 154653.69/0.00/22085.67) lat (ms,95%): 1.58 err/s: 0.00 reconn/s: 0.00
[ 105s ] thds: 16 tps: 10935.75 qps: 174900.01 (r/w/o: 153029.51/0.00/21870.50) lat (ms,95%): 1.67 err/s: 0.00 reconn/s: 0.00
[ 106s ] thds: 16 tps: 10733.64 qps: 171742.19 (r/w/o: 150273.92/0.00/21468.27) lat (ms,95%): 1.79 err/s: 0.00 reconn/s: 0.00
[ 107s ] thds: 16 tps: 10827.64 qps: 173248.24 (r/w/o: 151592.96/0.00/21655.28) lat (ms,95%): 1.76 err/s: 0.00 reconn/s: 0.00
[ 108s ] thds: 16 tps: 11052.82 qps: 176887.06 (r/w/o: 154781.43/0.00/22105.63) lat (ms,95%): 1.58 err/s: 0.00 reconn/s: 0.00
[ 109s ] thds: 16 tps: 10654.55 qps: 170462.80 (r/w/o: 149153.70/0.00/21309.10) lat (ms,95%): 1.82 err/s: 0.00 reconn/s: 0.00
[ 110s ] thds: 16 tps: 10727.68 qps: 171650.84 (r/w/o: 150194.49/0.00/21456.36) lat (ms,95%): 1.79 err/s: 0.00 reconn/s: 0.00
[ 111s ] thds: 16 tps: 11020.71 qps: 176337.35 (r/w/o: 154296.93/0.00/22040.42) lat (ms,95%): 1.58 err/s: 0.00 reconn/s: 0.00
[ 112s ] thds: 16 tps: 10959.35 qps: 175313.63 (r/w/o: 153394.92/0.00/21918.70) lat (ms,95%): 1.67 err/s: 0.00 reconn/s: 0.00
[ 113s ] thds: 16 tps: 10805.84 qps: 172909.45 (r/w/o: 151297.77/0.00/21611.68) lat (ms,95%): 1.76 err/s: 0.00 reconn/s: 0.00
[ 114s ] thds: 16 tps: 10591.99 qps: 169495.91 (r/w/o: 148311.92/0.00/21183.99) lat (ms,95%): 1.82 err/s: 0.00 reconn/s: 0.00
[ 115s ] thds: 16 tps: 11055.17 qps: 176869.68 (r/w/o: 154759.34/0.00/22110.33) lat (ms,95%): 1.55 err/s: 0.00 reconn/s: 0.00
[ 116s ] thds: 16 tps: 10976.97 qps: 175619.51 (r/w/o: 153667.57/0.00/21951.94) lat (ms,95%): 1.67 err/s: 0.00 reconn/s: 0.00
[ 117s ] thds: 16 tps: 10812.11 qps: 172975.79 (r/w/o: 151349.57/0.00/21626.22) lat (ms,95%): 1.76 err/s: 0.00 reconn/s: 0.00
[ 118s ] thds: 16 tps: 10456.79 qps: 167316.71 (r/w/o: 146403.12/0.00/20913.59) lat (ms,95%): 1.82 err/s: 0.00 reconn/s: 0.00
[ 119s ] thds: 16 tps: 10880.24 qps: 174068.85 (r/w/o: 152308.37/0.00/21760.48) lat (ms,95%): 1.76 err/s: 0.00 reconn/s: 0.00
[ 120s ] thds: 16 tps: 10876.15 qps: 174035.39 (r/w/o: 152285.09/0.00/21750.30) lat (ms,95%): 1.73 err/s: 0.00 reconn/s: 0.00
[ 121s ] thds: 16 tps: 10814.76 qps: 173034.11 (r/w/o: 151403.59/0.00/21630.51) lat (ms,95%): 1.76 err/s: 0.00 reconn/s: 0.00
[ 122s ] thds: 16 tps: 10993.84 qps: 175906.51 (r/w/o: 153917.82/0.00/21988.69) lat (ms,95%): 1.61 err/s: 0.00 reconn/s: 0.00
[ 123s ] thds: 16 tps: 10997.27 qps: 175979.30 (r/w/o: 153985.77/0.00/21993.54) lat (ms,95%): 1.61 err/s: 0.00 reconn/s: 0.00
[ 124s ] thds: 16 tps: 10669.22 qps: 170702.48 (r/w/o: 149363.05/0.00/21339.44) lat (ms,95%): 1.79 err/s: 0.00 reconn/s: 0.00
[ 125s ] thds: 16 tps: 10588.80 qps: 169401.73 (r/w/o: 148224.14/0.00/21177.59) lat (ms,95%): 1.79 err/s: 0.00 reconn/s: 0.00
[ 126s ] thds: 16 tps: 10772.00 qps: 172354.94 (r/w/o: 150810.95/0.00/21543.99) lat (ms,95%): 1.76 err/s: 0.00 reconn/s: 0.00
[ 127s ] thds: 16 tps: 10971.00 qps: 175554.97 (r/w/o: 153612.98/0.00/21942.00) lat (ms,95%): 1.64 err/s: 0.00 reconn/s: 0.00
[ 128s ] thds: 16 tps: 10885.82 qps: 174169.10 (r/w/o: 152397.47/0.00/21771.64) lat (ms,95%): 1.73 err/s: 0.00 reconn/s: 0.00
[ 129s ] thds: 16 tps: 10663.12 qps: 170577.90 (r/w/o: 149251.66/0.00/21326.24) lat (ms,95%): 1.79 err/s: 0.00 reconn/s: 0.00
[ 130s ] thds: 16 tps: 10707.17 qps: 171340.68 (r/w/o: 149926.35/0.00/21414.34) lat (ms,95%): 1.79 err/s: 0.00 reconn/s: 0.00
[ 131s ] thds: 16 tps: 10933.82 qps: 174948.09 (r/w/o: 153080.45/0.00/21867.64) lat (ms,95%): 1.67 err/s: 0.00 reconn/s: 0.00
[ 132s ] thds: 16 tps: 10944.09 qps: 175098.52 (r/w/o: 153210.33/0.00/21888.19) lat (ms,95%): 1.73 err/s: 0.00 reconn/s: 0.00
[ 133s ] thds: 16 tps: 11012.50 qps: 176206.01 (r/w/o: 154182.01/0.00/22024.00) lat (ms,95%): 1.58 err/s: 0.00 reconn/s: 0.00
[ 134s ] thds: 16 tps: 10916.38 qps: 174647.08 (r/w/o: 152814.32/0.00/21832.76) lat (ms,95%): 1.73 err/s: 0.00 reconn/s: 0.00
[ 135s ] thds: 16 tps: 11014.01 qps: 176238.09 (r/w/o: 154209.08/0.00/22029.01) lat (ms,95%): 1.58 err/s: 0.00 reconn/s: 0.00
[ 136s ] thds: 16 tps: 11067.06 qps: 177064.04 (r/w/o: 154929.91/0.00/22134.13) lat (ms,95%): 1.55 err/s: 0.00 reconn/s: 0.00
[ 137s ] thds: 16 tps: 10809.18 qps: 172901.80 (r/w/o: 151283.45/0.00/21618.35) lat (ms,95%): 1.76 err/s: 0.00 reconn/s: 0.00
[ 138s ] thds: 16 tps: 10685.92 qps: 171008.69 (r/w/o: 149637.86/0.00/21370.84) lat (ms,95%): 1.79 err/s: 0.00 reconn/s: 0.00
[ 139s ] thds: 16 tps: 10818.73 qps: 173115.63 (r/w/o: 151477.18/0.00/21638.45) lat (ms,95%): 1.76 err/s: 0.00 reconn/s: 0.00
[ 140s ] thds: 16 tps: 10923.95 qps: 174765.17 (r/w/o: 152918.28/0.00/21846.90) lat (ms,95%): 1.73 err/s: 0.00 reconn/s: 0.00
[ 141s ] thds: 16 tps: 10853.24 qps: 173657.87 (r/w/o: 151950.38/0.00/21707.48) lat (ms,95%): 1.76 err/s: 0.00 reconn/s: 0.00
[ 142s ] thds: 16 tps: 10811.90 qps: 172998.41 (r/w/o: 151374.61/0.00/21623.80) lat (ms,95%): 1.76 err/s: 0.00 reconn/s: 0.00
[ 143s ] thds: 16 tps: 11052.28 qps: 176814.53 (r/w/o: 154710.96/0.00/22103.57) lat (ms,95%): 1.58 err/s: 0.00 reconn/s: 0.00
[ 144s ] thds: 16 tps: 10971.73 qps: 175563.65 (r/w/o: 153619.20/0.00/21944.46) lat (ms,95%): 1.67 err/s: 0.00 reconn/s: 0.00
[ 145s ] thds: 16 tps: 10949.32 qps: 175190.10 (r/w/o: 153292.46/0.00/21897.64) lat (ms,95%): 1.70 err/s: 0.00 reconn/s: 0.00
[ 146s ] thds: 16 tps: 10924.46 qps: 174758.32 (r/w/o: 152909.41/0.00/21848.91) lat (ms,95%): 1.67 err/s: 0.00 reconn/s: 0.00
[ 147s ] thds: 16 tps: 10989.99 qps: 175841.79 (r/w/o: 153860.82/0.00/21980.97) lat (ms,95%): 1.64 err/s: 0.00 reconn/s: 0.00
[ 148s ] thds: 16 tps: 10950.29 qps: 175255.71 (r/w/o: 153355.12/0.00/21900.59) lat (ms,95%): 1.67 err/s: 0.00 reconn/s: 0.00
[ 149s ] thds: 16 tps: 10950.96 qps: 175220.32 (r/w/o: 153319.41/0.00/21900.92) lat (ms,95%): 1.67 err/s: 0.00 reconn/s: 0.00
[ 150s ] thds: 16 tps: 10822.05 qps: 173108.87 (r/w/o: 151465.76/0.00/21643.11) lat (ms,95%): 1.76 err/s: 0.00 reconn/s: 0.00
[ 151s ] thds: 16 tps: 10763.99 qps: 172266.83 (r/w/o: 150736.86/0.00/21529.98) lat (ms,95%): 1.79 err/s: 0.00 reconn/s: 0.00
[ 152s ] thds: 16 tps: 11024.99 qps: 176391.80 (r/w/o: 154341.82/0.00/22049.97) lat (ms,95%): 1.58 err/s: 0.00 reconn/s: 0.00
[ 153s ] thds: 16 tps: 10687.23 qps: 171005.75 (r/w/o: 149631.28/0.00/21374.47) lat (ms,95%): 1.82 err/s: 0.00 reconn/s: 0.00
[ 154s ] thds: 16 tps: 10911.84 qps: 174576.47 (r/w/o: 152753.79/0.00/21822.68) lat (ms,95%): 1.70 err/s: 0.00 reconn/s: 0.00
[ 155s ] thds: 16 tps: 10958.01 qps: 175275.24 (r/w/o: 153358.21/0.00/21917.03) lat (ms,95%): 1.67 err/s: 0.00 reconn/s: 0.00
[ 156s ] thds: 16 tps: 11032.70 qps: 176573.14 (r/w/o: 154507.74/0.00/22065.39) lat (ms,95%): 1.58 err/s: 0.00 reconn/s: 0.00
[ 157s ] thds: 16 tps: 10882.26 qps: 174134.15 (r/w/o: 152369.63/0.00/21764.52) lat (ms,95%): 1.73 err/s: 0.00 reconn/s: 0.00
[ 158s ] thds: 16 tps: 10979.00 qps: 175618.03 (r/w/o: 153661.03/0.00/21957.00) lat (ms,95%): 1.64 err/s: 0.00 reconn/s: 0.00
[ 159s ] thds: 16 tps: 10955.93 qps: 175336.91 (r/w/o: 153424.05/0.00/21912.86) lat (ms,95%): 1.67 err/s: 0.00 reconn/s: 0.00
[ 160s ] thds: 16 tps: 11083.02 qps: 177270.38 (r/w/o: 155104.33/0.00/22166.05) lat (ms,95%): 1.55 err/s: 0.00 reconn/s: 0.00
[ 161s ] thds: 16 tps: 10927.38 qps: 174886.14 (r/w/o: 153031.37/0.00/21854.77) lat (ms,95%): 1.70 err/s: 0.00 reconn/s: 0.00
[ 162s ] thds: 16 tps: 10927.61 qps: 174817.75 (r/w/o: 152962.54/0.00/21855.22) lat (ms,95%): 1.70 err/s: 0.00 reconn/s: 0.00
[ 163s ] thds: 16 tps: 10991.99 qps: 175866.91 (r/w/o: 153882.92/0.00/21983.99) lat (ms,95%): 1.64 err/s: 0.00 reconn/s: 0.00
[ 164s ] thds: 16 tps: 10931.01 qps: 174888.19 (r/w/o: 153026.17/0.00/21862.02) lat (ms,95%): 1.70 err/s: 0.00 reconn/s: 0.00
[ 165s ] thds: 16 tps: 10700.76 qps: 171254.13 (r/w/o: 149852.62/0.00/21401.52) lat (ms,95%): 1.79 err/s: 0.00 reconn/s: 0.00
[ 166s ] thds: 16 tps: 10947.81 qps: 175154.96 (r/w/o: 153259.34/0.00/21895.62) lat (ms,95%): 1.67 err/s: 0.00 reconn/s: 0.00
[ 167s ] thds: 16 tps: 10865.43 qps: 173811.90 (r/w/o: 152082.04/0.00/21729.86) lat (ms,95%): 1.76 err/s: 0.00 reconn/s: 0.00
[ 168s ] thds: 16 tps: 10981.06 qps: 175709.99 (r/w/o: 153746.87/0.00/21963.12) lat (ms,95%): 1.67 err/s: 0.00 reconn/s: 0.00
[ 169s ] thds: 16 tps: 10656.72 qps: 170532.47 (r/w/o: 149219.04/0.00/21313.43) lat (ms,95%): 1.82 err/s: 0.00 reconn/s: 0.00
[ 170s ] thds: 16 tps: 10911.33 qps: 174580.30 (r/w/o: 152756.64/0.00/21823.66) lat (ms,95%): 1.73 err/s: 0.00 reconn/s: 0.00
[ 171s ] thds: 16 tps: 10989.90 qps: 175863.37 (r/w/o: 153884.57/0.00/21978.80) lat (ms,95%): 1.58 err/s: 0.00 reconn/s: 0.00
[ 172s ] thds: 16 tps: 10935.89 qps: 174959.32 (r/w/o: 153087.53/0.00/21871.79) lat (ms,95%): 1.70 err/s: 0.00 reconn/s: 0.00
[ 173s ] thds: 16 tps: 10893.14 qps: 174282.17 (r/w/o: 152496.90/0.00/21785.27) lat (ms,95%): 1.70 err/s: 0.00 reconn/s: 0.00
[ 174s ] thds: 16 tps: 10871.00 qps: 173938.98 (r/w/o: 152195.98/0.00/21743.00) lat (ms,95%): 1.76 err/s: 0.00 reconn/s: 0.00
[ 175s ] thds: 16 tps: 10956.93 qps: 175294.94 (r/w/o: 153381.08/0.00/21913.87) lat (ms,95%): 1.67 err/s: 0.00 reconn/s: 0.00
[ 176s ] thds: 16 tps: 11055.86 qps: 176880.79 (r/w/o: 154769.07/0.00/22111.72) lat (ms,95%): 1.58 err/s: 0.00 reconn/s: 0.00
[ 177s ] thds: 16 tps: 10820.22 qps: 173167.51 (r/w/o: 151527.07/0.00/21640.44) lat (ms,95%): 1.73 err/s: 0.00 reconn/s: 0.00
[ 178s ] thds: 16 tps: 10783.94 qps: 172551.09 (r/w/o: 150983.21/0.00/21567.89) lat (ms,95%): 1.79 err/s: 0.00 reconn/s: 0.00
[ 179s ] thds: 16 tps: 10897.10 qps: 174291.58 (r/w/o: 152498.38/0.00/21793.20) lat (ms,95%): 1.73 err/s: 0.00 reconn/s: 0.00
[ 180s ] thds: 16 tps: 10573.76 qps: 169156.22 (r/w/o: 148008.69/0.00/21147.53) lat (ms,95%): 1.82 err/s: 0.00 reconn/s: 0.00
[ 181s ] thds: 16 tps: 10923.16 qps: 174815.60 (r/w/o: 152968.28/0.00/21847.33) lat (ms,95%): 1.70 err/s: 0.00 reconn/s: 0.00
[ 182s ] thds: 16 tps: 10642.00 qps: 170288.98 (r/w/o: 149005.98/0.00/21283.00) lat (ms,95%): 1.79 err/s: 0.00 reconn/s: 0.00
[ 183s ] thds: 16 tps: 11010.33 qps: 176190.34 (r/w/o: 154168.67/0.00/22021.67) lat (ms,95%): 1.58 err/s: 0.00 reconn/s: 0.00
[ 184s ] thds: 16 tps: 10993.70 qps: 175850.19 (r/w/o: 153862.80/0.00/21987.40) lat (ms,95%): 1.67 err/s: 0.00 reconn/s: 0.00
[ 185s ] thds: 16 tps: 10936.99 qps: 175014.86 (r/w/o: 153140.88/0.00/21873.98) lat (ms,95%): 1.70 err/s: 0.00 reconn/s: 0.00
[ 186s ] thds: 16 tps: 10988.73 qps: 175804.71 (r/w/o: 153827.24/0.00/21977.46) lat (ms,95%): 1.64 err/s: 0.00 reconn/s: 0.00
[ 187s ] thds: 16 tps: 10907.34 qps: 174507.48 (r/w/o: 152692.80/0.00/21814.69) lat (ms,95%): 1.70 err/s: 0.00 reconn/s: 0.00
[ 188s ] thds: 16 tps: 10717.88 qps: 171494.06 (r/w/o: 150058.31/0.00/21435.76) lat (ms,95%): 1.79 err/s: 0.00 reconn/s: 0.00
[ 189s ] thds: 16 tps: 10916.24 qps: 174678.88 (r/w/o: 152846.39/0.00/21832.48) lat (ms,95%): 1.70 err/s: 0.00 reconn/s: 0.00
[ 190s ] thds: 16 tps: 10702.63 qps: 171240.14 (r/w/o: 149834.87/0.00/21405.27) lat (ms,95%): 1.79 err/s: 0.00 reconn/s: 0.00
[ 191s ] thds: 16 tps: 10947.30 qps: 175145.73 (r/w/o: 153251.14/0.00/21894.59) lat (ms,95%): 1.67 err/s: 0.00 reconn/s: 0.00
[ 192s ] thds: 16 tps: 10889.05 qps: 174245.74 (r/w/o: 152467.65/0.00/21778.09) lat (ms,95%): 1.73 err/s: 0.00 reconn/s: 0.00
[ 193s ] thds: 16 tps: 10684.16 qps: 170886.57 (r/w/o: 149521.25/0.00/21365.32) lat (ms,95%): 1.79 err/s: 0.00 reconn/s: 0.00
[ 194s ] thds: 16 tps: 10821.93 qps: 173182.93 (r/w/o: 151537.07/0.00/21645.87) lat (ms,95%): 1.76 err/s: 0.00 reconn/s: 0.00
[ 195s ] thds: 16 tps: 10940.75 qps: 175091.92 (r/w/o: 153209.43/0.00/21882.49) lat (ms,95%): 1.67 err/s: 0.00 reconn/s: 0.00
[ 196s ] thds: 16 tps: 10891.00 qps: 174240.92 (r/w/o: 152458.93/0.00/21781.99) lat (ms,95%): 1.73 err/s: 0.00 reconn/s: 0.00
[ 197s ] thds: 16 tps: 10683.98 qps: 170935.65 (r/w/o: 149567.69/0.00/21367.96) lat (ms,95%): 1.79 err/s: 0.00 reconn/s: 0.00
[ 198s ] thds: 16 tps: 10461.01 qps: 167358.16 (r/w/o: 146437.14/0.00/20921.02) lat (ms,95%): 1.82 err/s: 0.00 reconn/s: 0.00
[ 199s ] thds: 16 tps: 11067.90 qps: 177082.34 (r/w/o: 154945.55/0.00/22136.79) lat (ms,95%): 1.55 err/s: 0.00 reconn/s: 0.00
[ 200s ] thds: 16 tps: 10940.25 qps: 175065.05 (r/w/o: 153184.54/0.00/21880.51) lat (ms,95%): 1.70 err/s: 0.00 reconn/s: 0.00
[ 201s ] thds: 16 tps: 10908.99 qps: 174531.79 (r/w/o: 152713.81/0.00/21817.97) lat (ms,95%): 1.67 err/s: 0.00 reconn/s: 0.00
[ 202s ] thds: 16 tps: 10614.98 qps: 169810.71 (r/w/o: 148580.74/0.00/21229.96) lat (ms,95%): 1.79 err/s: 0.00 reconn/s: 0.00
[ 203s ] thds: 16 tps: 10942.86 qps: 175114.68 (r/w/o: 153228.97/0.00/21885.71) lat (ms,95%): 1.64 err/s: 0.00 reconn/s: 0.00
[ 204s ] thds: 16 tps: 10983.97 qps: 175760.52 (r/w/o: 153793.58/0.00/21966.94) lat (ms,95%): 1.61 err/s: 0.00 reconn/s: 0.00
[ 205s ] thds: 16 tps: 10943.10 qps: 175073.66 (r/w/o: 153187.46/0.00/21886.21) lat (ms,95%): 1.70 err/s: 0.00 reconn/s: 0.00
[ 206s ] thds: 16 tps: 10891.33 qps: 174259.32 (r/w/o: 152476.65/0.00/21782.66) lat (ms,95%): 1.73 err/s: 0.00 reconn/s: 0.00
[ 207s ] thds: 16 tps: 10979.44 qps: 175663.96 (r/w/o: 153705.09/0.00/21958.87) lat (ms,95%): 1.67 err/s: 0.00 reconn/s: 0.00
[ 208s ] thds: 16 tps: 10965.49 qps: 175444.76 (r/w/o: 153512.79/0.00/21931.97) lat (ms,95%): 1.67 err/s: 0.00 reconn/s: 0.00
[ 209s ] thds: 16 tps: 10830.85 qps: 173319.55 (r/w/o: 151657.85/0.00/21661.69) lat (ms,95%): 1.79 err/s: 0.00 reconn/s: 0.00
[ 210s ] thds: 16 tps: 10628.98 qps: 170022.65 (r/w/o: 148765.70/0.00/21256.96) lat (ms,95%): 1.82 err/s: 0.00 reconn/s: 0.00
[ 211s ] thds: 16 tps: 10980.85 qps: 175708.57 (r/w/o: 153745.87/0.00/21962.70) lat (ms,95%): 1.64 err/s: 0.00 reconn/s: 0.00
[ 212s ] thds: 16 tps: 10861.39 qps: 173774.28 (r/w/o: 152052.50/0.00/21721.79) lat (ms,95%): 1.76 err/s: 0.00 reconn/s: 0.00
[ 213s ] thds: 16 tps: 10824.47 qps: 173209.46 (r/w/o: 151559.53/0.00/21649.93) lat (ms,95%): 1.76 err/s: 0.00 reconn/s: 0.00
[ 214s ] thds: 16 tps: 10873.26 qps: 173954.15 (r/w/o: 152206.63/0.00/21747.52) lat (ms,95%): 1.73 err/s: 0.00 reconn/s: 0.00
[ 215s ] thds: 16 tps: 10970.95 qps: 175566.25 (r/w/o: 153626.34/0.00/21939.91) lat (ms,95%): 1.61 err/s: 0.00 reconn/s: 0.00
[ 216s ] thds: 16 tps: 10922.08 qps: 174710.26 (r/w/o: 152865.10/0.00/21845.16) lat (ms,95%): 1.70 err/s: 0.00 reconn/s: 0.00
[ 217s ] thds: 16 tps: 11035.89 qps: 176624.31 (r/w/o: 154552.52/0.00/22071.79) lat (ms,95%): 1.58 err/s: 0.00 reconn/s: 0.00
[ 218s ] thds: 16 tps: 10843.29 qps: 173468.59 (r/w/o: 151782.02/0.00/21686.57) lat (ms,95%): 1.76 err/s: 0.00 reconn/s: 0.00
[ 219s ] thds: 16 tps: 11006.79 qps: 176110.68 (r/w/o: 154098.10/0.00/22012.59) lat (ms,95%): 1.58 err/s: 0.00 reconn/s: 0.00
[ 220s ] thds: 16 tps: 10847.32 qps: 173580.06 (r/w/o: 151885.43/0.00/21694.63) lat (ms,95%): 1.76 err/s: 0.00 reconn/s: 0.00
[ 221s ] thds: 16 tps: 10896.48 qps: 174312.63 (r/w/o: 152518.67/0.00/21793.95) lat (ms,95%): 1.76 err/s: 0.00 reconn/s: 0.00
[ 222s ] thds: 16 tps: 10927.36 qps: 174818.81 (r/w/o: 152964.08/0.00/21854.73) lat (ms,95%): 1.67 err/s: 0.00 reconn/s: 0.00
[ 223s ] thds: 16 tps: 10935.81 qps: 175024.89 (r/w/o: 153153.28/0.00/21871.61) lat (ms,95%): 1.67 err/s: 0.00 reconn/s: 0.00
[ 224s ] thds: 16 tps: 11001.03 qps: 175977.56 (r/w/o: 153976.49/0.00/22001.07) lat (ms,95%): 1.64 err/s: 0.00 reconn/s: 0.00
[ 225s ] thds: 16 tps: 10937.93 qps: 175001.84 (r/w/o: 153124.99/0.00/21876.86) lat (ms,95%): 1.73 err/s: 0.00 reconn/s: 0.00
[ 226s ] thds: 16 tps: 10973.01 qps: 175579.12 (r/w/o: 153633.10/0.00/21946.01) lat (ms,95%): 1.64 err/s: 0.00 reconn/s: 0.00
[ 227s ] thds: 16 tps: 10914.78 qps: 174635.49 (r/w/o: 152805.93/0.00/21829.56) lat (ms,95%): 1.70 err/s: 0.00 reconn/s: 0.00
[ 228s ] thds: 16 tps: 11006.96 qps: 176110.34 (r/w/o: 154097.42/0.00/22012.92) lat (ms,95%): 1.61 err/s: 0.00 reconn/s: 0.00
[ 229s ] thds: 16 tps: 10955.65 qps: 175295.33 (r/w/o: 153384.04/0.00/21911.29) lat (ms,95%): 1.67 err/s: 0.00 reconn/s: 0.00
[ 230s ] thds: 16 tps: 10863.68 qps: 173811.87 (r/w/o: 152083.51/0.00/21728.36) lat (ms,95%): 1.76 err/s: 0.00 reconn/s: 0.00
[ 231s ] thds: 16 tps: 11007.98 qps: 176153.63 (r/w/o: 154137.68/0.00/22015.95) lat (ms,95%): 1.61 err/s: 0.00 reconn/s: 0.00
[ 232s ] thds: 16 tps: 11052.14 qps: 176825.21 (r/w/o: 154720.93/0.00/22104.28) lat (ms,95%): 1.58 err/s: 0.00 reconn/s: 0.00
[ 233s ] thds: 16 tps: 10797.85 qps: 172800.67 (r/w/o: 151204.96/0.00/21595.71) lat (ms,95%): 1.76 err/s: 0.00 reconn/s: 0.00
[ 234s ] thds: 16 tps: 10926.18 qps: 174780.84 (r/w/o: 152928.48/0.00/21852.35) lat (ms,95%): 1.70 err/s: 0.00 reconn/s: 0.00
[ 235s ] thds: 16 tps: 11032.80 qps: 176541.80 (r/w/o: 154477.20/0.00/22064.60) lat (ms,95%): 1.55 err/s: 0.00 reconn/s: 0.00
[ 236s ] thds: 16 tps: 10940.13 qps: 175050.12 (r/w/o: 153168.86/0.00/21881.27) lat (ms,95%): 1.70 err/s: 0.00 reconn/s: 0.00
[ 237s ] thds: 16 tps: 11031.87 qps: 176482.95 (r/w/o: 154420.21/0.00/22062.74) lat (ms,95%): 1.61 err/s: 0.00 reconn/s: 0.00
[ 238s ] thds: 16 tps: 10822.95 qps: 173174.22 (r/w/o: 151528.32/0.00/21645.90) lat (ms,95%): 1.76 err/s: 0.00 reconn/s: 0.00
[ 239s ] thds: 16 tps: 11045.20 qps: 176698.20 (r/w/o: 154608.80/0.00/22089.40) lat (ms,95%): 1.58 err/s: 0.00 reconn/s: 0.00
[ 240s ] thds: 16 tps: 11070.32 qps: 177137.08 (r/w/o: 154994.44/0.00/22142.63) lat (ms,95%): 1.58 err/s: 0.00 reconn/s: 0.00
[ 241s ] thds: 16 tps: 10716.82 qps: 171487.09 (r/w/o: 150054.45/0.00/21432.64) lat (ms,95%): 1.79 err/s: 0.00 reconn/s: 0.00
[ 242s ] thds: 16 tps: 10752.62 qps: 172035.86 (r/w/o: 150529.62/0.00/21506.23) lat (ms,95%): 1.79 err/s: 0.00 reconn/s: 0.00
[ 243s ] thds: 16 tps: 10958.78 qps: 175348.48 (r/w/o: 153430.92/0.00/21917.56) lat (ms,95%): 1.67 err/s: 0.00 reconn/s: 0.00
[ 244s ] thds: 16 tps: 11028.51 qps: 176455.21 (r/w/o: 154398.19/0.00/22057.03) lat (ms,95%): 1.58 err/s: 0.00 reconn/s: 0.00
[ 245s ] thds: 16 tps: 10904.73 qps: 174472.66 (r/w/o: 152663.21/0.00/21809.46) lat (ms,95%): 1.67 err/s: 0.00 reconn/s: 0.00
[ 246s ] thds: 16 tps: 10966.09 qps: 175469.46 (r/w/o: 153537.28/0.00/21932.18) lat (ms,95%): 1.64 err/s: 0.00 reconn/s: 0.00
[ 247s ] thds: 16 tps: 10956.12 qps: 175284.96 (r/w/o: 153372.71/0.00/21912.24) lat (ms,95%): 1.67 err/s: 0.00 reconn/s: 0.00
[ 248s ] thds: 16 tps: 10951.95 qps: 175252.25 (r/w/o: 153348.35/0.00/21903.91) lat (ms,95%): 1.64 err/s: 0.00 reconn/s: 0.00
[ 249s ] thds: 16 tps: 10989.31 qps: 175801.99 (r/w/o: 153824.37/0.00/21977.62) lat (ms,95%): 1.67 err/s: 0.00 reconn/s: 0.00
[ 250s ] thds: 16 tps: 10901.71 qps: 174388.34 (r/w/o: 152583.92/0.00/21804.42) lat (ms,95%): 1.73 err/s: 0.00 reconn/s: 0.00
[ 251s ] thds: 16 tps: 11023.84 qps: 176436.46 (r/w/o: 154388.78/0.00/22047.68) lat (ms,95%): 1.58 err/s: 0.00 reconn/s: 0.00
[ 252s ] thds: 16 tps: 10888.23 qps: 174155.75 (r/w/o: 152379.28/0.00/21776.47) lat (ms,95%): 1.73 err/s: 0.00 reconn/s: 0.00
[ 253s ] thds: 16 tps: 10864.80 qps: 173867.74 (r/w/o: 152139.15/0.00/21728.59) lat (ms,95%): 1.73 err/s: 0.00 reconn/s: 0.00
[ 254s ] thds: 16 tps: 10914.10 qps: 174644.68 (r/w/o: 152815.47/0.00/21829.21) lat (ms,95%): 1.70 err/s: 0.00 reconn/s: 0.00
[ 255s ] thds: 16 tps: 10962.80 qps: 175407.77 (r/w/o: 153482.17/0.00/21925.60) lat (ms,95%): 1.67 err/s: 0.00 reconn/s: 0.00
[ 256s ] thds: 16 tps: 10920.31 qps: 174728.99 (r/w/o: 152888.36/0.00/21840.62) lat (ms,95%): 1.73 err/s: 0.00 reconn/s: 0.00
[ 257s ] thds: 16 tps: 10799.65 qps: 172771.40 (r/w/o: 151173.10/0.00/21598.30) lat (ms,95%): 1.76 err/s: 0.00 reconn/s: 0.00
[ 258s ] thds: 16 tps: 10822.40 qps: 173163.41 (r/w/o: 151518.61/0.00/21644.80) lat (ms,95%): 1.73 err/s: 0.00 reconn/s: 0.00
[ 259s ] thds: 16 tps: 11006.63 qps: 176116.01 (r/w/o: 154102.76/0.00/22013.25) lat (ms,95%): 1.61 err/s: 0.00 reconn/s: 0.00
[ 260s ] thds: 16 tps: 10806.02 qps: 172873.39 (r/w/o: 151261.34/0.00/21612.05) lat (ms,95%): 1.79 err/s: 0.00 reconn/s: 0.00
[ 261s ] thds: 16 tps: 10917.07 qps: 174697.12 (r/w/o: 152862.98/0.00/21834.14) lat (ms,95%): 1.73 err/s: 0.00 reconn/s: 0.00
[ 262s ] thds: 16 tps: 10816.96 qps: 173065.33 (r/w/o: 151430.42/0.00/21634.92) lat (ms,95%): 1.76 err/s: 0.00 reconn/s: 0.00
[ 263s ] thds: 16 tps: 10971.36 qps: 175559.70 (r/w/o: 153616.99/0.00/21942.71) lat (ms,95%): 1.67 err/s: 0.00 reconn/s: 0.00
[ 264s ] thds: 16 tps: 11028.92 qps: 176454.72 (r/w/o: 154396.88/0.00/22057.84) lat (ms,95%): 1.61 err/s: 0.00 reconn/s: 0.00
[ 265s ] thds: 16 tps: 10758.69 qps: 172133.11 (r/w/o: 150615.73/0.00/21517.39) lat (ms,95%): 1.76 err/s: 0.00 reconn/s: 0.00
[ 266s ] thds: 16 tps: 10881.19 qps: 174086.08 (r/w/o: 152323.69/0.00/21762.38) lat (ms,95%): 1.76 err/s: 0.00 reconn/s: 0.00
[ 267s ] thds: 16 tps: 10942.42 qps: 175073.73 (r/w/o: 153189.89/0.00/21883.84) lat (ms,95%): 1.67 err/s: 0.00 reconn/s: 0.00
[ 268s ] thds: 16 tps: 10997.13 qps: 175973.07 (r/w/o: 153977.81/0.00/21995.26) lat (ms,95%): 1.64 err/s: 0.00 reconn/s: 0.00
[ 269s ] thds: 16 tps: 10998.87 qps: 175943.88 (r/w/o: 153949.15/0.00/21994.74) lat (ms,95%): 1.64 err/s: 0.00 reconn/s: 0.00
[ 270s ] thds: 16 tps: 10914.52 qps: 174658.32 (r/w/o: 152826.28/0.00/21832.04) lat (ms,95%): 1.67 err/s: 0.00 reconn/s: 0.00
[ 271s ] thds: 16 tps: 10954.07 qps: 175255.07 (r/w/o: 153346.93/0.00/21908.13) lat (ms,95%): 1.67 err/s: 0.00 reconn/s: 0.00
[ 272s ] thds: 16 tps: 10918.99 qps: 174690.78 (r/w/o: 152853.80/0.00/21836.97) lat (ms,95%): 1.70 err/s: 0.00 reconn/s: 0.00
[ 273s ] thds: 16 tps: 10695.92 qps: 171165.79 (r/w/o: 149772.94/0.00/21392.85) lat (ms,95%): 1.79 err/s: 0.00 reconn/s: 0.00
[ 274s ] thds: 16 tps: 10955.01 qps: 175287.15 (r/w/o: 153378.13/0.00/21909.02) lat (ms,95%): 1.67 err/s: 0.00 reconn/s: 0.00
[ 275s ] thds: 16 tps: 10992.02 qps: 175881.28 (r/w/o: 153896.25/0.00/21985.04) lat (ms,95%): 1.61 err/s: 0.00 reconn/s: 0.00
[ 276s ] thds: 16 tps: 10944.16 qps: 175073.52 (r/w/o: 153186.20/0.00/21887.32) lat (ms,95%): 1.70 err/s: 0.00 reconn/s: 0.00
[ 277s ] thds: 16 tps: 10920.08 qps: 174742.34 (r/w/o: 152902.17/0.00/21840.17) lat (ms,95%): 1.70 err/s: 0.00 reconn/s: 0.00
[ 278s ] thds: 16 tps: 10905.66 qps: 174470.58 (r/w/o: 152659.26/0.00/21811.32) lat (ms,95%): 1.64 err/s: 0.00 reconn/s: 0.00
[ 279s ] thds: 16 tps: 10930.31 qps: 174882.96 (r/w/o: 153021.34/0.00/21861.62) lat (ms,95%): 1.70 err/s: 0.00 reconn/s: 0.00
[ 280s ] thds: 16 tps: 10941.20 qps: 175078.12 (r/w/o: 153196.73/0.00/21881.39) lat (ms,95%): 1.67 err/s: 0.00 reconn/s: 0.00
[ 281s ] thds: 16 tps: 10691.57 qps: 171073.10 (r/w/o: 149688.96/0.00/21384.14) lat (ms,95%): 1.79 err/s: 0.00 reconn/s: 0.00
[ 282s ] thds: 16 tps: 10471.97 qps: 167536.48 (r/w/o: 146592.55/0.00/20943.94) lat (ms,95%): 1.82 err/s: 0.00 reconn/s: 0.00
[ 283s ] thds: 16 tps: 10897.18 qps: 174372.88 (r/w/o: 152578.52/0.00/21794.36) lat (ms,95%): 1.73 err/s: 0.00 reconn/s: 0.00
[ 284s ] thds: 16 tps: 10746.96 qps: 171931.34 (r/w/o: 150437.43/0.00/21493.92) lat (ms,95%): 1.79 err/s: 0.00 reconn/s: 0.00
[ 285s ] thds: 16 tps: 11008.95 qps: 176116.15 (r/w/o: 154099.25/0.00/22016.89) lat (ms,95%): 1.67 err/s: 0.00 reconn/s: 0.00
[ 286s ] thds: 16 tps: 10898.85 qps: 174417.58 (r/w/o: 152619.88/0.00/21797.70) lat (ms,95%): 1.67 err/s: 0.00 reconn/s: 0.00
[ 287s ] thds: 16 tps: 11024.17 qps: 176385.69 (r/w/o: 154336.35/0.00/22049.34) lat (ms,95%): 1.61 err/s: 0.00 reconn/s: 0.00
[ 288s ] thds: 16 tps: 10979.64 qps: 175684.28 (r/w/o: 153724.99/0.00/21959.28) lat (ms,95%): 1.64 err/s: 0.00 reconn/s: 0.00
[ 289s ] thds: 16 tps: 10949.44 qps: 175194.01 (r/w/o: 153295.14/0.00/21898.88) lat (ms,95%): 1.67 err/s: 0.00 reconn/s: 0.00
[ 290s ] thds: 16 tps: 10453.01 qps: 167225.09 (r/w/o: 146319.08/0.00/20906.01) lat (ms,95%): 1.82 err/s: 0.00 reconn/s: 0.00
[ 291s ] thds: 16 tps: 11039.06 qps: 176647.97 (r/w/o: 154569.85/0.00/22078.12) lat (ms,95%): 1.55 err/s: 0.00 reconn/s: 0.00
[ 292s ] thds: 16 tps: 11015.82 qps: 176229.18 (r/w/o: 154199.54/0.00/22029.65) lat (ms,95%): 1.64 err/s: 0.00 reconn/s: 0.00
[ 293s ] thds: 16 tps: 10940.98 qps: 175069.73 (r/w/o: 153186.76/0.00/21882.97) lat (ms,95%): 1.70 err/s: 0.00 reconn/s: 0.00
[ 294s ] thds: 16 tps: 10899.04 qps: 174377.66 (r/w/o: 152578.58/0.00/21799.08) lat (ms,95%): 1.70 err/s: 0.00 reconn/s: 0.00
[ 295s ] thds: 16 tps: 10902.87 qps: 174421.90 (r/w/o: 152616.16/0.00/21805.74) lat (ms,95%): 1.73 err/s: 0.00 reconn/s: 0.00
[ 296s ] thds: 16 tps: 11020.94 qps: 176375.02 (r/w/o: 154333.15/0.00/22041.88) lat (ms,95%): 1.58 err/s: 0.00 reconn/s: 0.00
[ 297s ] thds: 16 tps: 10823.44 qps: 173160.98 (r/w/o: 151514.11/0.00/21646.87) lat (ms,95%): 1.76 err/s: 0.00 reconn/s: 0.00
[ 298s ] thds: 16 tps: 10897.84 qps: 174349.44 (r/w/o: 152553.76/0.00/21795.68) lat (ms,95%): 1.67 err/s: 0.00 reconn/s: 0.00
[ 299s ] thds: 16 tps: 10985.78 qps: 175798.54 (r/w/o: 153826.97/0.00/21971.57) lat (ms,95%): 1.67 err/s: 0.00 reconn/s: 0.00
[ 300s ] thds: 16 tps: 10986.14 qps: 175740.20 (r/w/o: 153767.92/0.00/21972.27) lat (ms,95%): 1.67 err/s: 0.00 reconn/s: 0.00
[ 301s ] thds: 16 tps: 10862.88 qps: 173848.10 (r/w/o: 152123.34/0.00/21724.76) lat (ms,95%): 1.76 err/s: 0.00 reconn/s: 0.00
[ 302s ] thds: 16 tps: 10927.10 qps: 174811.65 (r/w/o: 152957.45/0.00/21854.21) lat (ms,95%): 1.70 err/s: 0.00 reconn/s: 0.00
[ 303s ] thds: 16 tps: 10997.03 qps: 175953.42 (r/w/o: 153958.37/0.00/21995.05) lat (ms,95%): 1.61 err/s: 0.00 reconn/s: 0.00
[ 304s ] thds: 16 tps: 10892.86 qps: 174276.77 (r/w/o: 152492.05/0.00/21784.72) lat (ms,95%): 1.73 err/s: 0.00 reconn/s: 0.00
[ 305s ] thds: 16 tps: 10401.27 qps: 166457.38 (r/w/o: 145653.84/0.00/20803.55) lat (ms,95%): 1.82 err/s: 0.00 reconn/s: 0.00
[ 306s ] thds: 16 tps: 10491.90 qps: 167814.37 (r/w/o: 146832.58/0.00/20981.80) lat (ms,95%): 1.82 err/s: 0.00 reconn/s: 0.00
[ 307s ] thds: 16 tps: 11021.18 qps: 176346.82 (r/w/o: 154302.46/0.00/22044.35) lat (ms,95%): 1.58 err/s: 0.00 reconn/s: 0.00
[ 308s ] thds: 16 tps: 11041.73 qps: 176687.61 (r/w/o: 154604.16/0.00/22083.45) lat (ms,95%): 1.58 err/s: 0.00 reconn/s: 0.00
[ 309s ] thds: 16 tps: 10897.00 qps: 174357.06 (r/w/o: 152564.06/0.00/21793.01) lat (ms,95%): 1.73 err/s: 0.00 reconn/s: 0.00
[ 310s ] thds: 16 tps: 10967.77 qps: 175436.29 (r/w/o: 153499.75/0.00/21936.54) lat (ms,95%): 1.67 err/s: 0.00 reconn/s: 0.00
[ 311s ] thds: 16 tps: 11017.17 qps: 176342.73 (r/w/o: 154308.39/0.00/22034.34) lat (ms,95%): 1.58 err/s: 0.00 reconn/s: 0.00
[ 312s ] thds: 16 tps: 11067.71 qps: 177035.37 (r/w/o: 154900.95/0.00/22134.42) lat (ms,95%): 1.55 err/s: 0.00 reconn/s: 0.00
[ 313s ] thds: 16 tps: 10901.46 qps: 174416.43 (r/w/o: 152612.50/0.00/21803.93) lat (ms,95%): 1.73 err/s: 0.00 reconn/s: 0.00
[ 314s ] thds: 16 tps: 10418.05 qps: 166737.87 (r/w/o: 145901.76/0.00/20836.11) lat (ms,95%): 1.82 err/s: 0.00 reconn/s: 0.00
[ 315s ] thds: 16 tps: 10927.06 qps: 174809.99 (r/w/o: 152955.87/0.00/21854.12) lat (ms,95%): 1.70 err/s: 0.00 reconn/s: 0.00
[ 316s ] thds: 16 tps: 11039.55 qps: 176653.79 (r/w/o: 154574.69/0.00/22079.10) lat (ms,95%): 1.58 err/s: 0.00 reconn/s: 0.00
[ 317s ] thds: 16 tps: 10904.67 qps: 174445.72 (r/w/o: 152638.38/0.00/21807.34) lat (ms,95%): 1.73 err/s: 0.00 reconn/s: 0.00
[ 318s ] thds: 16 tps: 10882.63 qps: 174108.02 (r/w/o: 152340.77/0.00/21767.25) lat (ms,95%): 1.70 err/s: 0.00 reconn/s: 0.00
[ 319s ] thds: 16 tps: 10971.92 qps: 175569.68 (r/w/o: 153625.84/0.00/21943.83) lat (ms,95%): 1.64 err/s: 0.00 reconn/s: 0.00
[ 320s ] thds: 16 tps: 11008.42 qps: 176136.75 (r/w/o: 154119.91/0.00/22016.84) lat (ms,95%): 1.61 err/s: 0.00 reconn/s: 0.00
[ 321s ] thds: 16 tps: 10884.69 qps: 174143.04 (r/w/o: 152374.66/0.00/21768.38) lat (ms,95%): 1.73 err/s: 0.00 reconn/s: 0.00
[ 322s ] thds: 16 tps: 10809.04 qps: 172951.56 (r/w/o: 151332.49/0.00/21619.07) lat (ms,95%): 1.76 err/s: 0.00 reconn/s: 0.00
[ 323s ] thds: 16 tps: 11050.35 qps: 176823.67 (r/w/o: 154723.96/0.00/22099.71) lat (ms,95%): 1.55 err/s: 0.00 reconn/s: 0.00
[ 324s ] thds: 16 tps: 10995.62 qps: 175901.97 (r/w/o: 153909.72/0.00/21992.25) lat (ms,95%): 1.64 err/s: 0.00 reconn/s: 0.00
[ 325s ] thds: 16 tps: 11000.88 qps: 176013.05 (r/w/o: 154012.29/0.00/22000.76) lat (ms,95%): 1.58 err/s: 0.00 reconn/s: 0.00
[ 326s ] thds: 16 tps: 10945.14 qps: 175117.28 (r/w/o: 153226.99/0.00/21890.28) lat (ms,95%): 1.67 err/s: 0.00 reconn/s: 0.00
[ 327s ] thds: 16 tps: 10815.12 qps: 173084.90 (r/w/o: 151453.66/0.00/21631.24) lat (ms,95%): 1.79 err/s: 0.00 reconn/s: 0.00
[ 328s ] thds: 16 tps: 10967.97 qps: 175484.51 (r/w/o: 153548.57/0.00/21935.94) lat (ms,95%): 1.64 err/s: 0.00 reconn/s: 0.00
[ 329s ] thds: 16 tps: 10854.81 qps: 173668.04 (r/w/o: 151958.41/0.00/21709.63) lat (ms,95%): 1.70 err/s: 0.00 reconn/s: 0.00
[ 330s ] thds: 16 tps: 10897.03 qps: 174353.53 (r/w/o: 152559.46/0.00/21794.07) lat (ms,95%): 1.70 err/s: 0.00 reconn/s: 0.00
[ 331s ] thds: 16 tps: 10992.59 qps: 175891.47 (r/w/o: 153906.28/0.00/21985.18) lat (ms,95%): 1.61 err/s: 0.00 reconn/s: 0.00
[ 332s ] thds: 16 tps: 10954.56 qps: 175280.04 (r/w/o: 153370.91/0.00/21909.13) lat (ms,95%): 1.70 err/s: 0.00 reconn/s: 0.00
[ 333s ] thds: 16 tps: 11018.75 qps: 176267.97 (r/w/o: 154231.48/0.00/22036.50) lat (ms,95%): 1.61 err/s: 0.00 reconn/s: 0.00
[ 334s ] thds: 16 tps: 10960.96 qps: 175402.30 (r/w/o: 153479.39/0.00/21922.91) lat (ms,95%): 1.64 err/s: 0.00 reconn/s: 0.00
[ 335s ] thds: 16 tps: 10985.56 qps: 175766.93 (r/w/o: 153796.81/0.00/21970.12) lat (ms,95%): 1.64 err/s: 0.00 reconn/s: 0.00
[ 336s ] thds: 16 tps: 10960.97 qps: 175337.46 (r/w/o: 153415.52/0.00/21921.93) lat (ms,95%): 1.67 err/s: 0.00 reconn/s: 0.00
[ 337s ] thds: 16 tps: 10945.43 qps: 175123.94 (r/w/o: 153233.07/0.00/21890.87) lat (ms,95%): 1.70 err/s: 0.00 reconn/s: 0.00
[ 338s ] thds: 16 tps: 10838.17 qps: 173435.71 (r/w/o: 151758.37/0.00/21677.34) lat (ms,95%): 1.73 err/s: 0.00 reconn/s: 0.00
[ 339s ] thds: 16 tps: 10882.01 qps: 174147.09 (r/w/o: 152383.08/0.00/21764.01) lat (ms,95%): 1.70 err/s: 0.00 reconn/s: 0.00
[ 340s ] thds: 16 tps: 10988.16 qps: 175785.49 (r/w/o: 153810.18/0.00/21975.31) lat (ms,95%): 1.64 err/s: 0.00 reconn/s: 0.00
[ 341s ] thds: 16 tps: 10646.00 qps: 170307.94 (r/w/o: 149014.95/0.00/21292.99) lat (ms,95%): 1.79 err/s: 0.00 reconn/s: 0.00
[ 342s ] thds: 16 tps: 10838.22 qps: 173416.53 (r/w/o: 151742.09/0.00/21674.44) lat (ms,95%): 1.76 err/s: 0.00 reconn/s: 0.00
[ 343s ] thds: 16 tps: 10942.73 qps: 175079.64 (r/w/o: 153192.18/0.00/21887.45) lat (ms,95%): 1.67 err/s: 0.00 reconn/s: 0.00
[ 344s ] thds: 16 tps: 10842.81 qps: 173519.94 (r/w/o: 151834.32/0.00/21685.62) lat (ms,95%): 1.76 err/s: 0.00 reconn/s: 0.00
[ 345s ] thds: 16 tps: 10590.19 qps: 169432.97 (r/w/o: 148252.60/0.00/21180.37) lat (ms,95%): 1.82 err/s: 0.00 reconn/s: 0.00
[ 346s ] thds: 16 tps: 10460.57 qps: 167393.04 (r/w/o: 146471.91/0.00/20921.13) lat (ms,95%): 1.82 err/s: 0.00 reconn/s: 0.00
[ 347s ] thds: 16 tps: 10913.75 qps: 174593.99 (r/w/o: 152766.49/0.00/21827.50) lat (ms,95%): 1.70 err/s: 0.00 reconn/s: 0.00
[ 348s ] thds: 16 tps: 10998.49 qps: 175941.89 (r/w/o: 153945.90/0.00/21995.99) lat (ms,95%): 1.67 err/s: 0.00 reconn/s: 0.00
[ 349s ] thds: 16 tps: 10963.10 qps: 175421.57 (r/w/o: 153494.37/0.00/21927.20) lat (ms,95%): 1.67 err/s: 0.00 reconn/s: 0.00
[ 350s ] thds: 16 tps: 10732.38 qps: 171753.09 (r/w/o: 150288.33/0.00/21464.76) lat (ms,95%): 1.76 err/s: 0.00 reconn/s: 0.00
[ 351s ] thds: 16 tps: 11026.70 qps: 176390.26 (r/w/o: 154336.86/0.00/22053.41) lat (ms,95%): 1.58 err/s: 0.00 reconn/s: 0.00
[ 352s ] thds: 16 tps: 11061.54 qps: 177021.60 (r/w/o: 154898.52/0.00/22123.08) lat (ms,95%): 1.55 err/s: 0.00 reconn/s: 0.00
[ 353s ] thds: 16 tps: 11006.37 qps: 176090.90 (r/w/o: 154078.16/0.00/22012.74) lat (ms,95%): 1.64 err/s: 0.00 reconn/s: 0.00
[ 354s ] thds: 16 tps: 10884.26 qps: 174148.15 (r/w/o: 152380.63/0.00/21767.52) lat (ms,95%): 1.70 err/s: 0.00 reconn/s: 0.00
[ 355s ] thds: 16 tps: 10867.05 qps: 173869.85 (r/w/o: 152134.75/0.00/21735.11) lat (ms,95%): 1.73 err/s: 0.00 reconn/s: 0.00
[ 356s ] thds: 16 tps: 11051.64 qps: 176819.22 (r/w/o: 154715.94/0.00/22103.28) lat (ms,95%): 1.58 err/s: 0.00 reconn/s: 0.00
[ 357s ] thds: 16 tps: 10911.18 qps: 174594.94 (r/w/o: 152772.57/0.00/21822.37) lat (ms,95%): 1.67 err/s: 0.00 reconn/s: 0.00
[ 358s ] thds: 16 tps: 10952.94 qps: 175229.05 (r/w/o: 153324.17/0.00/21904.88) lat (ms,95%): 1.67 err/s: 0.00 reconn/s: 0.00
[ 359s ] thds: 16 tps: 10997.39 qps: 175957.25 (r/w/o: 153962.47/0.00/21994.78) lat (ms,95%): 1.61 err/s: 0.00 reconn/s: 0.00
[ 360s ] thds: 16 tps: 10929.86 qps: 174894.79 (r/w/o: 153034.07/0.00/21860.72) lat (ms,95%): 1.73 err/s: 0.00 reconn/s: 0.00
[ 361s ] thds: 16 tps: 10856.49 qps: 173684.80 (r/w/o: 151971.83/0.00/21712.97) lat (ms,95%): 1.76 err/s: 0.00 reconn/s: 0.00
[ 362s ] thds: 16 tps: 10827.29 qps: 173221.69 (r/w/o: 151569.11/0.00/21652.59) lat (ms,95%): 1.76 err/s: 0.00 reconn/s: 0.00
[ 363s ] thds: 16 tps: 10979.74 qps: 175696.79 (r/w/o: 153735.32/0.00/21961.47) lat (ms,95%): 1.67 err/s: 0.00 reconn/s: 0.00
[ 364s ] thds: 16 tps: 10932.38 qps: 174939.09 (r/w/o: 153074.33/0.00/21864.76) lat (ms,95%): 1.67 err/s: 0.00 reconn/s: 0.00
[ 365s ] thds: 16 tps: 10896.69 qps: 174313.12 (r/w/o: 152519.73/0.00/21793.39) lat (ms,95%): 1.73 err/s: 0.00 reconn/s: 0.00
[ 366s ] thds: 16 tps: 11005.57 qps: 176090.05 (r/w/o: 154078.92/0.00/22011.13) lat (ms,95%): 1.58 err/s: 0.00 reconn/s: 0.00
[ 367s ] thds: 16 tps: 11077.54 qps: 177229.68 (r/w/o: 155076.59/0.00/22153.08) lat (ms,95%): 1.55 err/s: 0.00 reconn/s: 0.00
[ 368s ] thds: 16 tps: 10844.78 qps: 173556.47 (r/w/o: 151864.91/0.00/21691.56) lat (ms,95%): 1.73 err/s: 0.00 reconn/s: 0.00
[ 369s ] thds: 16 tps: 10885.62 qps: 174136.90 (r/w/o: 152365.66/0.00/21771.24) lat (ms,95%): 1.76 err/s: 0.00 reconn/s: 0.00
[ 370s ] thds: 16 tps: 10858.45 qps: 173712.18 (r/w/o: 151996.28/0.00/21715.90) lat (ms,95%): 1.73 err/s: 0.00 reconn/s: 0.00
[ 371s ] thds: 16 tps: 10999.17 qps: 175978.80 (r/w/o: 153980.45/0.00/21998.35) lat (ms,95%): 1.64 err/s: 0.00 reconn/s: 0.00
[ 372s ] thds: 16 tps: 10971.40 qps: 175582.38 (r/w/o: 153638.58/0.00/21943.80) lat (ms,95%): 1.64 err/s: 0.00 reconn/s: 0.00
[ 373s ] thds: 16 tps: 10924.22 qps: 174831.44 (r/w/o: 152983.01/0.00/21848.43) lat (ms,95%): 1.70 err/s: 0.00 reconn/s: 0.00
[ 374s ] thds: 16 tps: 10776.33 qps: 172381.34 (r/w/o: 150828.67/0.00/21552.67) lat (ms,95%): 1.79 err/s: 0.00 reconn/s: 0.00
[ 375s ] thds: 16 tps: 11002.05 qps: 176025.84 (r/w/o: 154022.74/0.00/22003.11) lat (ms,95%): 1.64 err/s: 0.00 reconn/s: 0.00
[ 376s ] thds: 16 tps: 10990.96 qps: 175864.31 (r/w/o: 153883.40/0.00/21980.91) lat (ms,95%): 1.64 err/s: 0.00 reconn/s: 0.00
[ 377s ] thds: 16 tps: 10790.85 qps: 172658.61 (r/w/o: 151075.91/0.00/21582.70) lat (ms,95%): 1.76 err/s: 0.00 reconn/s: 0.00
[ 378s ] thds: 16 tps: 10880.84 qps: 174093.40 (r/w/o: 152330.72/0.00/21762.67) lat (ms,95%): 1.73 err/s: 0.00 reconn/s: 0.00
[ 379s ] thds: 16 tps: 10823.57 qps: 173157.12 (r/w/o: 151509.98/0.00/21647.14) lat (ms,95%): 1.76 err/s: 0.00 reconn/s: 0.00
[ 380s ] thds: 16 tps: 10877.04 qps: 174037.60 (r/w/o: 152283.53/0.00/21754.08) lat (ms,95%): 1.73 err/s: 0.00 reconn/s: 0.00
[ 381s ] thds: 16 tps: 10850.77 qps: 173645.25 (r/w/o: 151944.72/0.00/21700.53) lat (ms,95%): 1.76 err/s: 0.00 reconn/s: 0.00
[ 382s ] thds: 16 tps: 10926.97 qps: 174805.44 (r/w/o: 152950.51/0.00/21854.93) lat (ms,95%): 1.70 err/s: 0.00 reconn/s: 0.00
[ 383s ] thds: 16 tps: 10988.36 qps: 175815.75 (r/w/o: 153839.03/0.00/21976.72) lat (ms,95%): 1.64 err/s: 0.00 reconn/s: 0.00
[ 384s ] thds: 16 tps: 11009.84 qps: 176164.43 (r/w/o: 154144.75/0.00/22019.68) lat (ms,95%): 1.61 err/s: 0.00 reconn/s: 0.00
[ 385s ] thds: 16 tps: 10724.62 qps: 171599.92 (r/w/o: 150150.68/0.00/21449.24) lat (ms,95%): 1.79 err/s: 0.00 reconn/s: 0.00
[ 386s ] thds: 16 tps: 10695.57 qps: 171126.10 (r/w/o: 149735.96/0.00/21390.14) lat (ms,95%): 1.79 err/s: 0.00 reconn/s: 0.00
[ 387s ] thds: 16 tps: 11026.60 qps: 176432.57 (r/w/o: 154378.37/0.00/22054.20) lat (ms,95%): 1.64 err/s: 0.00 reconn/s: 0.00
[ 388s ] thds: 16 tps: 10765.47 qps: 172218.57 (r/w/o: 150687.62/0.00/21530.95) lat (ms,95%): 1.76 err/s: 0.00 reconn/s: 0.00
[ 389s ] thds: 16 tps: 10935.82 qps: 174998.17 (r/w/o: 153126.53/0.00/21871.65) lat (ms,95%): 1.67 err/s: 0.00 reconn/s: 0.00
[ 390s ] thds: 16 tps: 10711.85 qps: 171407.56 (r/w/o: 149983.87/0.00/21423.70) lat (ms,95%): 1.79 err/s: 0.00 reconn/s: 0.00
[ 391s ] thds: 16 tps: 10970.95 qps: 175516.25 (r/w/o: 153574.34/0.00/21941.91) lat (ms,95%): 1.67 err/s: 0.00 reconn/s: 0.00
[ 392s ] thds: 16 tps: 10875.08 qps: 173969.34 (r/w/o: 152219.17/0.00/21750.17) lat (ms,95%): 1.76 err/s: 0.00 reconn/s: 0.00
[ 393s ] thds: 16 tps: 10925.06 qps: 174837.02 (r/w/o: 152986.89/0.00/21850.13) lat (ms,95%): 1.70 err/s: 0.00 reconn/s: 0.00
[ 394s ] thds: 16 tps: 10828.39 qps: 173232.26 (r/w/o: 151575.48/0.00/21656.78) lat (ms,95%): 1.73 err/s: 0.00 reconn/s: 0.00
[ 395s ] thds: 16 tps: 11015.42 qps: 176229.66 (r/w/o: 154198.83/0.00/22030.83) lat (ms,95%): 1.58 err/s: 0.00 reconn/s: 0.00
[ 396s ] thds: 16 tps: 10896.09 qps: 174399.46 (r/w/o: 152607.28/0.00/21792.18) lat (ms,95%): 1.76 err/s: 0.00 reconn/s: 0.00
[ 397s ] thds: 16 tps: 11013.88 qps: 176190.01 (r/w/o: 154162.26/0.00/22027.75) lat (ms,95%): 1.61 err/s: 0.00 reconn/s: 0.00
[ 398s ] thds: 16 tps: 10867.02 qps: 173896.38 (r/w/o: 152161.33/0.00/21735.05) lat (ms,95%): 1.73 err/s: 0.00 reconn/s: 0.00
[ 399s ] thds: 16 tps: 11030.65 qps: 176444.34 (r/w/o: 154385.04/0.00/22059.29) lat (ms,95%): 1.58 err/s: 0.00 reconn/s: 0.00
[ 400s ] thds: 16 tps: 11063.19 qps: 176983.04 (r/w/o: 154855.66/0.00/22127.38) lat (ms,95%): 1.58 err/s: 0.00 reconn/s: 0.00
[ 401s ] thds: 16 tps: 10968.14 qps: 175529.21 (r/w/o: 153594.93/0.00/21934.28) lat (ms,95%): 1.64 err/s: 0.00 reconn/s: 0.00
[ 402s ] thds: 16 tps: 10967.91 qps: 175510.49 (r/w/o: 153572.68/0.00/21937.81) lat (ms,95%): 1.64 err/s: 0.00 reconn/s: 0.00
[ 403s ] thds: 16 tps: 11012.89 qps: 176199.27 (r/w/o: 154173.49/0.00/22025.78) lat (ms,95%): 1.61 err/s: 0.00 reconn/s: 0.00
[ 404s ] thds: 16 tps: 11005.25 qps: 176057.94 (r/w/o: 154048.45/0.00/22009.49) lat (ms,95%): 1.64 err/s: 0.00 reconn/s: 0.00
[ 405s ] thds: 16 tps: 10945.14 qps: 175155.18 (r/w/o: 153263.91/0.00/21891.27) lat (ms,95%): 1.67 err/s: 0.00 reconn/s: 0.00
[ 406s ] thds: 16 tps: 10885.29 qps: 174133.64 (r/w/o: 152363.06/0.00/21770.58) lat (ms,95%): 1.73 err/s: 0.00 reconn/s: 0.00
[ 407s ] thds: 16 tps: 10863.77 qps: 173877.32 (r/w/o: 152150.78/0.00/21726.54) lat (ms,95%): 1.73 err/s: 0.00 reconn/s: 0.00
[ 408s ] thds: 16 tps: 10908.67 qps: 174479.68 (r/w/o: 152661.34/0.00/21818.33) lat (ms,95%): 1.73 err/s: 0.00 reconn/s: 0.00
[ 409s ] thds: 16 tps: 10933.22 qps: 174957.51 (r/w/o: 153091.07/0.00/21866.44) lat (ms,95%): 1.67 err/s: 0.00 reconn/s: 0.00
[ 410s ] thds: 16 tps: 10990.87 qps: 175831.99 (r/w/o: 153851.24/0.00/21980.75) lat (ms,95%): 1.64 err/s: 0.00 reconn/s: 0.00
[ 411s ] thds: 16 tps: 10914.91 qps: 174618.62 (r/w/o: 152789.79/0.00/21828.83) lat (ms,95%): 1.73 err/s: 0.00 reconn/s: 0.00
[ 412s ] thds: 16 tps: 10855.16 qps: 173715.63 (r/w/o: 152004.30/0.00/21711.33) lat (ms,95%): 1.76 err/s: 0.00 reconn/s: 0.00
[ 413s ] thds: 16 tps: 10943.05 qps: 175104.84 (r/w/o: 153217.73/0.00/21887.10) lat (ms,95%): 1.67 err/s: 0.00 reconn/s: 0.00
[ 414s ] thds: 16 tps: 10904.18 qps: 174431.81 (r/w/o: 152624.46/0.00/21807.35) lat (ms,95%): 1.70 err/s: 0.00 reconn/s: 0.00
[ 415s ] thds: 16 tps: 10858.47 qps: 173751.57 (r/w/o: 152033.62/0.00/21717.95) lat (ms,95%): 1.79 err/s: 0.00 reconn/s: 0.00
[ 416s ] thds: 16 tps: 10892.54 qps: 174260.57 (r/w/o: 152475.49/0.00/21785.07) lat (ms,95%): 1.73 err/s: 0.00 reconn/s: 0.00
[ 417s ] thds: 16 tps: 10797.61 qps: 172783.78 (r/w/o: 151188.56/0.00/21595.22) lat (ms,95%): 1.76 err/s: 0.00 reconn/s: 0.00
[ 418s ] thds: 16 tps: 10959.83 qps: 175366.34 (r/w/o: 153447.67/0.00/21918.67) lat (ms,95%): 1.67 err/s: 0.00 reconn/s: 0.00
[ 419s ] thds: 16 tps: 11020.12 qps: 176296.94 (r/w/o: 154255.70/0.00/22041.24) lat (ms,95%): 1.61 err/s: 0.00 reconn/s: 0.00
[ 420s ] thds: 16 tps: 10945.98 qps: 175149.61 (r/w/o: 153257.66/0.00/21891.95) lat (ms,95%): 1.70 err/s: 0.00 reconn/s: 0.00
[ 421s ] thds: 16 tps: 10755.28 qps: 172105.50 (r/w/o: 150594.94/0.00/21510.56) lat (ms,95%): 1.79 err/s: 0.00 reconn/s: 0.00
[ 422s ] thds: 16 tps: 10657.96 qps: 170524.40 (r/w/o: 149208.47/0.00/21315.92) lat (ms,95%): 1.79 err/s: 0.00 reconn/s: 0.00
[ 423s ] thds: 16 tps: 11023.67 qps: 176344.65 (r/w/o: 154297.32/0.00/22047.33) lat (ms,95%): 1.61 err/s: 0.00 reconn/s: 0.00
[ 424s ] thds: 16 tps: 10946.18 qps: 175145.86 (r/w/o: 153253.51/0.00/21892.36) lat (ms,95%): 1.70 err/s: 0.00 reconn/s: 0.00
[ 425s ] thds: 16 tps: 10849.25 qps: 173609.00 (r/w/o: 151910.50/0.00/21698.50) lat (ms,95%): 1.73 err/s: 0.00 reconn/s: 0.00
[ 426s ] thds: 16 tps: 10729.83 qps: 171683.34 (r/w/o: 150224.67/0.00/21458.67) lat (ms,95%): 1.79 err/s: 0.00 reconn/s: 0.00
[ 427s ] thds: 16 tps: 10898.08 qps: 174373.22 (r/w/o: 152578.07/0.00/21795.15) lat (ms,95%): 1.70 err/s: 0.00 reconn/s: 0.00
[ 428s ] thds: 16 tps: 10851.20 qps: 173617.20 (r/w/o: 151912.80/0.00/21704.40) lat (ms,95%): 1.79 err/s: 0.00 reconn/s: 0.00
[ 429s ] thds: 16 tps: 10871.65 qps: 173945.35 (r/w/o: 152202.06/0.00/21743.29) lat (ms,95%): 1.73 err/s: 0.00 reconn/s: 0.00
[ 430s ] thds: 16 tps: 10980.21 qps: 175694.29 (r/w/o: 153733.88/0.00/21960.41) lat (ms,95%): 1.64 err/s: 0.00 reconn/s: 0.00
[ 431s ] thds: 16 tps: 11068.85 qps: 177067.63 (r/w/o: 154930.93/0.00/22136.70) lat (ms,95%): 1.58 err/s: 0.00 reconn/s: 0.00
[ 432s ] thds: 16 tps: 10997.00 qps: 175966.97 (r/w/o: 153971.97/0.00/21995.00) lat (ms,95%): 1.67 err/s: 0.00 reconn/s: 0.00
[ 433s ] thds: 16 tps: 11043.00 qps: 176696.00 (r/w/o: 154610.00/0.00/22086.00) lat (ms,95%): 1.58 err/s: 0.00 reconn/s: 0.00
[ 434s ] thds: 16 tps: 10719.90 qps: 171518.39 (r/w/o: 150078.59/0.00/21439.80) lat (ms,95%): 1.79 err/s: 0.00 reconn/s: 0.00
[ 435s ] thds: 16 tps: 10938.93 qps: 175032.86 (r/w/o: 153155.00/0.00/21877.86) lat (ms,95%): 1.70 err/s: 0.00 reconn/s: 0.00
[ 436s ] thds: 16 tps: 10803.27 qps: 172857.36 (r/w/o: 151250.81/0.00/21606.54) lat (ms,95%): 1.76 err/s: 0.00 reconn/s: 0.00
[ 437s ] thds: 16 tps: 11010.86 qps: 176176.75 (r/w/o: 154156.03/0.00/22020.72) lat (ms,95%): 1.61 err/s: 0.00 reconn/s: 0.00
[ 438s ] thds: 16 tps: 10844.09 qps: 173482.44 (r/w/o: 151793.26/0.00/21689.18) lat (ms,95%): 1.76 err/s: 0.00 reconn/s: 0.00
[ 439s ] thds: 16 tps: 11043.88 qps: 176708.04 (r/w/o: 154620.28/0.00/22087.75) lat (ms,95%): 1.58 err/s: 0.00 reconn/s: 0.00
[ 440s ] thds: 16 tps: 10913.38 qps: 174598.06 (r/w/o: 152772.30/0.00/21825.76) lat (ms,95%): 1.70 err/s: 0.00 reconn/s: 0.00
[ 441s ] thds: 16 tps: 10932.01 qps: 174908.10 (r/w/o: 153044.09/0.00/21864.01) lat (ms,95%): 1.70 err/s: 0.00 reconn/s: 0.00
[ 442s ] thds: 16 tps: 10765.71 qps: 172230.30 (r/w/o: 150697.88/0.00/21532.41) lat (ms,95%): 1.76 err/s: 0.00 reconn/s: 0.00
[ 443s ] thds: 16 tps: 10990.62 qps: 175904.89 (r/w/o: 153924.65/0.00/21980.24) lat (ms,95%): 1.61 err/s: 0.00 reconn/s: 0.00
[ 444s ] thds: 16 tps: 11011.69 qps: 176180.10 (r/w/o: 154155.71/0.00/22024.39) lat (ms,95%): 1.64 err/s: 0.00 reconn/s: 0.00
[ 445s ] thds: 16 tps: 10905.80 qps: 174448.76 (r/w/o: 152637.16/0.00/21811.59) lat (ms,95%): 1.70 err/s: 0.00 reconn/s: 0.00
[ 446s ] thds: 16 tps: 10849.73 qps: 173633.61 (r/w/o: 151935.16/0.00/21698.45) lat (ms,95%): 1.73 err/s: 0.00 reconn/s: 0.00
[ 447s ] thds: 16 tps: 11046.47 qps: 176715.55 (r/w/o: 154621.61/0.00/22093.94) lat (ms,95%): 1.58 err/s: 0.00 reconn/s: 0.00
[ 448s ] thds: 16 tps: 10909.76 qps: 174566.08 (r/w/o: 152746.57/0.00/21819.51) lat (ms,95%): 1.73 err/s: 0.00 reconn/s: 0.00
[ 449s ] thds: 16 tps: 10936.89 qps: 174975.23 (r/w/o: 153103.45/0.00/21871.78) lat (ms,95%): 1.70 err/s: 0.00 reconn/s: 0.00
[ 450s ] thds: 16 tps: 10858.08 qps: 173746.34 (r/w/o: 152029.17/0.00/21717.17) lat (ms,95%): 1.76 err/s: 0.00 reconn/s: 0.00
[ 451s ] thds: 16 tps: 11005.87 qps: 176116.85 (r/w/o: 154104.12/0.00/22012.73) lat (ms,95%): 1.58 err/s: 0.00 reconn/s: 0.00
[ 452s ] thds: 16 tps: 10957.17 qps: 175295.65 (r/w/o: 153381.32/0.00/21914.33) lat (ms,95%): 1.70 err/s: 0.00 reconn/s: 0.00
[ 453s ] thds: 16 tps: 10929.09 qps: 174879.38 (r/w/o: 153021.21/0.00/21858.17) lat (ms,95%): 1.70 err/s: 0.00 reconn/s: 0.00
[ 454s ] thds: 16 tps: 10697.47 qps: 171154.58 (r/w/o: 149759.63/0.00/21394.95) lat (ms,95%): 1.79 err/s: 0.00 reconn/s: 0.00
[ 455s ] thds: 16 tps: 10982.43 qps: 175689.93 (r/w/o: 153727.07/0.00/21962.87) lat (ms,95%): 1.64 err/s: 0.00 reconn/s: 0.00
[ 456s ] thds: 16 tps: 11035.43 qps: 176599.81 (r/w/o: 154526.96/0.00/22072.85) lat (ms,95%): 1.58 err/s: 0.00 reconn/s: 0.00
[ 457s ] thds: 16 tps: 10911.62 qps: 174519.89 (r/w/o: 152697.66/0.00/21822.24) lat (ms,95%): 1.73 err/s: 0.00 reconn/s: 0.00
[ 458s ] thds: 16 tps: 10928.82 qps: 174928.08 (r/w/o: 153069.45/0.00/21858.64) lat (ms,95%): 1.70 err/s: 0.00 reconn/s: 0.00
[ 459s ] thds: 16 tps: 10945.13 qps: 175116.05 (r/w/o: 153224.79/0.00/21891.26) lat (ms,95%): 1.70 err/s: 0.00 reconn/s: 0.00
[ 460s ] thds: 16 tps: 11051.96 qps: 176816.40 (r/w/o: 154713.48/0.00/22102.93) lat (ms,95%): 1.55 err/s: 0.00 reconn/s: 0.00
[ 461s ] thds: 16 tps: 10964.97 qps: 175443.51 (r/w/o: 153513.58/0.00/21929.94) lat (ms,95%): 1.67 err/s: 0.00 reconn/s: 0.00
[ 462s ] thds: 16 tps: 10979.03 qps: 175667.42 (r/w/o: 153709.37/0.00/21958.05) lat (ms,95%): 1.64 err/s: 0.00 reconn/s: 0.00
[ 463s ] thds: 16 tps: 10975.40 qps: 175604.32 (r/w/o: 153653.53/0.00/21950.79) lat (ms,95%): 1.67 err/s: 0.00 reconn/s: 0.00
[ 464s ] thds: 16 tps: 10892.84 qps: 174278.39 (r/w/o: 152494.72/0.00/21783.67) lat (ms,95%): 1.73 err/s: 0.00 reconn/s: 0.00
[ 465s ] thds: 16 tps: 10760.19 qps: 172164.09 (r/w/o: 150641.71/0.00/21522.39) lat (ms,95%): 1.79 err/s: 0.00 reconn/s: 0.00
[ 466s ] thds: 16 tps: 10844.70 qps: 173496.18 (r/w/o: 151807.78/0.00/21688.40) lat (ms,95%): 1.73 err/s: 0.00 reconn/s: 0.00
[ 467s ] thds: 16 tps: 10929.09 qps: 174902.40 (r/w/o: 153045.22/0.00/21857.17) lat (ms,95%): 1.67 err/s: 0.00 reconn/s: 0.00
[ 468s ] thds: 16 tps: 10898.90 qps: 174376.32 (r/w/o: 152576.53/0.00/21799.79) lat (ms,95%): 1.73 err/s: 0.00 reconn/s: 0.00
[ 469s ] thds: 16 tps: 10954.15 qps: 175247.34 (r/w/o: 153339.05/0.00/21908.29) lat (ms,95%): 1.67 err/s: 0.00 reconn/s: 0.00
[ 470s ] thds: 16 tps: 10755.16 qps: 172046.64 (r/w/o: 150538.31/0.00/21508.33) lat (ms,95%): 1.79 err/s: 0.00 reconn/s: 0.00
[ 471s ] thds: 16 tps: 11042.64 qps: 176723.31 (r/w/o: 154636.02/0.00/22087.29) lat (ms,95%): 1.55 err/s: 0.00 reconn/s: 0.00
[ 472s ] thds: 16 tps: 11041.15 qps: 176678.38 (r/w/o: 154597.09/0.00/22081.30) lat (ms,95%): 1.58 err/s: 0.00 reconn/s: 0.00
[ 473s ] thds: 16 tps: 10906.89 qps: 174488.25 (r/w/o: 152673.47/0.00/21814.78) lat (ms,95%): 1.76 err/s: 0.00 reconn/s: 0.00
[ 474s ] thds: 16 tps: 10845.96 qps: 173535.30 (r/w/o: 151843.38/0.00/21691.91) lat (ms,95%): 1.73 err/s: 0.00 reconn/s: 0.00
[ 475s ] thds: 16 tps: 10863.90 qps: 173839.36 (r/w/o: 152111.56/0.00/21727.80) lat (ms,95%): 1.73 err/s: 0.00 reconn/s: 0.00
[ 476s ] thds: 16 tps: 10837.05 qps: 173377.87 (r/w/o: 151705.76/0.00/21672.11) lat (ms,95%): 1.76 err/s: 0.00 reconn/s: 0.00
[ 477s ] thds: 16 tps: 10935.01 qps: 174965.13 (r/w/o: 153094.11/0.00/21871.02) lat (ms,95%): 1.67 err/s: 0.00 reconn/s: 0.00
[ 478s ] thds: 16 tps: 10896.07 qps: 174321.17 (r/w/o: 152529.03/0.00/21792.15) lat (ms,95%): 1.70 err/s: 0.00 reconn/s: 0.00
[ 479s ] thds: 16 tps: 10978.47 qps: 175680.51 (r/w/o: 153722.57/0.00/21957.94) lat (ms,95%): 1.67 err/s: 0.00 reconn/s: 0.00
[ 480s ] thds: 16 tps: 10984.62 qps: 175772.00 (r/w/o: 153802.75/0.00/21969.25) lat (ms,95%): 1.64 err/s: 0.00 reconn/s: 0.00
[ 481s ] thds: 16 tps: 10803.12 qps: 172818.98 (r/w/o: 151214.73/0.00/21604.25) lat (ms,95%): 1.76 err/s: 0.00 reconn/s: 0.00
[ 482s ] thds: 16 tps: 10680.97 qps: 170896.52 (r/w/o: 149533.58/0.00/21362.94) lat (ms,95%): 1.79 err/s: 0.00 reconn/s: 0.00
[ 483s ] thds: 16 tps: 10912.71 qps: 174607.29 (r/w/o: 152780.88/0.00/21826.41) lat (ms,95%): 1.70 err/s: 0.00 reconn/s: 0.00
[ 484s ] thds: 16 tps: 10943.04 qps: 175107.66 (r/w/o: 153221.58/0.00/21886.08) lat (ms,95%): 1.70 err/s: 0.00 reconn/s: 0.00
[ 485s ] thds: 16 tps: 10889.86 qps: 174239.72 (r/w/o: 152460.01/0.00/21779.72) lat (ms,95%): 1.73 err/s: 0.00 reconn/s: 0.00
[ 486s ] thds: 16 tps: 10964.21 qps: 175435.33 (r/w/o: 153506.91/0.00/21928.42) lat (ms,95%): 1.64 err/s: 0.00 reconn/s: 0.00
[ 487s ] thds: 16 tps: 11041.77 qps: 176633.39 (r/w/o: 154549.85/0.00/22083.55) lat (ms,95%): 1.55 err/s: 0.00 reconn/s: 0.00
[ 488s ] thds: 16 tps: 10908.58 qps: 174530.31 (r/w/o: 152713.15/0.00/21817.16) lat (ms,95%): 1.70 err/s: 0.00 reconn/s: 0.00
[ 489s ] thds: 16 tps: 10840.02 qps: 173483.32 (r/w/o: 151803.28/0.00/21680.04) lat (ms,95%): 1.73 err/s: 0.00 reconn/s: 0.00
[ 490s ] thds: 16 tps: 10960.55 qps: 175347.87 (r/w/o: 153426.76/0.00/21921.11) lat (ms,95%): 1.67 err/s: 0.00 reconn/s: 0.00
[ 491s ] thds: 16 tps: 10986.30 qps: 175772.88 (r/w/o: 153800.27/0.00/21972.61) lat (ms,95%): 1.64 err/s: 0.00 reconn/s: 0.00
[ 492s ] thds: 16 tps: 10977.66 qps: 175646.58 (r/w/o: 153691.26/0.00/21955.32) lat (ms,95%): 1.67 err/s: 0.00 reconn/s: 0.00
[ 493s ] thds: 16 tps: 10613.13 qps: 169822.10 (r/w/o: 148596.84/0.00/21225.26) lat (ms,95%): 1.82 err/s: 0.00 reconn/s: 0.00
[ 494s ] thds: 16 tps: 10944.09 qps: 175081.39 (r/w/o: 153193.22/0.00/21888.17) lat (ms,95%): 1.70 err/s: 0.00 reconn/s: 0.00
[ 495s ] thds: 16 tps: 11001.97 qps: 176011.45 (r/w/o: 154006.52/0.00/22004.93) lat (ms,95%): 1.61 err/s: 0.00 reconn/s: 0.00
[ 496s ] thds: 16 tps: 10973.29 qps: 175610.60 (r/w/o: 153665.03/0.00/21945.58) lat (ms,95%): 1.67 err/s: 0.00 reconn/s: 0.00
[ 497s ] thds: 16 tps: 10891.79 qps: 174271.57 (r/w/o: 152487.00/0.00/21784.57) lat (ms,95%): 1.73 err/s: 0.00 reconn/s: 0.00
[ 498s ] thds: 16 tps: 10998.89 qps: 175935.27 (r/w/o: 153938.49/0.00/21996.78) lat (ms,95%): 1.64 err/s: 0.00 reconn/s: 0.00
[ 499s ] thds: 16 tps: 11001.20 qps: 176064.15 (r/w/o: 154061.75/0.00/22002.39) lat (ms,95%): 1.58 err/s: 0.00 reconn/s: 0.00
[ 500s ] thds: 16 tps: 10986.84 qps: 175761.50 (r/w/o: 153787.81/0.00/21973.69) lat (ms,95%): 1.67 err/s: 0.00 reconn/s: 0.00
[ 501s ] thds: 16 tps: 11050.84 qps: 176803.39 (r/w/o: 154702.72/0.00/22100.67) lat (ms,95%): 1.58 err/s: 0.00 reconn/s: 0.00
[ 502s ] thds: 16 tps: 10869.24 qps: 173895.77 (r/w/o: 152155.30/0.00/21740.47) lat (ms,95%): 1.70 err/s: 0.00 reconn/s: 0.00
[ 503s ] thds: 16 tps: 10984.78 qps: 175817.53 (r/w/o: 153847.97/0.00/21969.57) lat (ms,95%): 1.67 err/s: 0.00 reconn/s: 0.00
[ 504s ] thds: 16 tps: 11049.97 qps: 176797.54 (r/w/o: 154698.60/0.00/22098.94) lat (ms,95%): 1.58 err/s: 0.00 reconn/s: 0.00
[ 505s ] thds: 16 tps: 10904.86 qps: 174446.82 (r/w/o: 152637.09/0.00/21809.73) lat (ms,95%): 1.70 err/s: 0.00 reconn/s: 0.00
[ 506s ] thds: 16 tps: 10902.32 qps: 174461.06 (r/w/o: 152655.43/0.00/21805.63) lat (ms,95%): 1.70 err/s: 0.00 reconn/s: 0.00
[ 507s ] thds: 16 tps: 10942.97 qps: 175056.52 (r/w/o: 153170.58/0.00/21885.94) lat (ms,95%): 1.67 err/s: 0.00 reconn/s: 0.00
[ 508s ] thds: 16 tps: 11079.90 qps: 177295.42 (r/w/o: 155136.62/0.00/22158.80) lat (ms,95%): 1.55 err/s: 0.00 reconn/s: 0.00
[ 509s ] thds: 16 tps: 10877.03 qps: 174022.51 (r/w/o: 152267.44/0.00/21755.06) lat (ms,95%): 1.73 err/s: 0.00 reconn/s: 0.00
[ 510s ] thds: 16 tps: 10828.02 qps: 173242.28 (r/w/o: 151587.24/0.00/21655.03) lat (ms,95%): 1.76 err/s: 0.00 reconn/s: 0.00
[ 511s ] thds: 16 tps: 10995.08 qps: 175950.32 (r/w/o: 153959.15/0.00/21991.16) lat (ms,95%): 1.64 err/s: 0.00 reconn/s: 0.00
[ 512s ] thds: 16 tps: 11024.80 qps: 176388.84 (r/w/o: 154339.24/0.00/22049.61) lat (ms,95%): 1.61 err/s: 0.00 reconn/s: 0.00
[ 513s ] thds: 16 tps: 10791.84 qps: 172679.47 (r/w/o: 151094.79/0.00/21584.68) lat (ms,95%): 1.76 err/s: 0.00 reconn/s: 0.00
[ 514s ] thds: 16 tps: 10938.24 qps: 175006.83 (r/w/o: 153132.35/0.00/21874.48) lat (ms,95%): 1.67 err/s: 0.00 reconn/s: 0.00
[ 515s ] thds: 16 tps: 10953.84 qps: 175244.50 (r/w/o: 153336.82/0.00/21907.69) lat (ms,95%): 1.70 err/s: 0.00 reconn/s: 0.00
[ 516s ] thds: 16 tps: 11023.18 qps: 176404.81 (r/w/o: 154357.46/0.00/22047.35) lat (ms,95%): 1.64 err/s: 0.00 reconn/s: 0.00
[ 517s ] thds: 16 tps: 10973.96 qps: 175559.40 (r/w/o: 153612.47/0.00/21946.93) lat (ms,95%): 1.70 err/s: 0.00 reconn/s: 0.00
[ 518s ] thds: 16 tps: 10571.09 qps: 169129.44 (r/w/o: 147986.26/0.00/21143.18) lat (ms,95%): 1.79 err/s: 0.00 reconn/s: 0.00
[ 519s ] thds: 16 tps: 10933.89 qps: 174951.30 (r/w/o: 153083.51/0.00/21867.79) lat (ms,95%): 1.70 err/s: 0.00 reconn/s: 0.00
[ 520s ] thds: 16 tps: 10962.19 qps: 175423.07 (r/w/o: 153498.69/0.00/21924.38) lat (ms,95%): 1.67 err/s: 0.00 reconn/s: 0.00
[ 521s ] thds: 16 tps: 10766.95 qps: 172238.15 (r/w/o: 150705.25/0.00/21532.89) lat (ms,95%): 1.76 err/s: 0.00 reconn/s: 0.00
[ 522s ] thds: 16 tps: 10836.26 qps: 173343.23 (r/w/o: 151671.71/0.00/21671.53) lat (ms,95%): 1.76 err/s: 0.00 reconn/s: 0.00
[ 523s ] thds: 16 tps: 10972.45 qps: 175591.26 (r/w/o: 153645.36/0.00/21945.91) lat (ms,95%): 1.64 err/s: 0.00 reconn/s: 0.00
[ 524s ] thds: 16 tps: 10988.02 qps: 175818.35 (r/w/o: 153841.30/0.00/21977.04) lat (ms,95%): 1.67 err/s: 0.00 reconn/s: 0.00
[ 525s ] thds: 16 tps: 10950.27 qps: 175220.28 (r/w/o: 153319.74/0.00/21900.54) lat (ms,95%): 1.67 err/s: 0.00 reconn/s: 0.00
[ 526s ] thds: 16 tps: 10727.95 qps: 171599.27 (r/w/o: 150143.36/0.00/21455.91) lat (ms,95%): 1.79 err/s: 0.00 reconn/s: 0.00
[ 527s ] thds: 16 tps: 10990.80 qps: 175870.81 (r/w/o: 153889.21/0.00/21981.60) lat (ms,95%): 1.64 err/s: 0.00 reconn/s: 0.00
[ 528s ] thds: 16 tps: 11015.29 qps: 176269.57 (r/w/o: 154240.00/0.00/22029.57) lat (ms,95%): 1.61 err/s: 0.00 reconn/s: 0.00
[ 529s ] thds: 16 tps: 10746.70 qps: 171942.12 (r/w/o: 150447.73/0.00/21494.39) lat (ms,95%): 1.79 err/s: 0.00 reconn/s: 0.00
[ 530s ] thds: 16 tps: 10893.33 qps: 174277.22 (r/w/o: 152491.57/0.00/21785.65) lat (ms,95%): 1.73 err/s: 0.00 reconn/s: 0.00
[ 531s ] thds: 16 tps: 10871.96 qps: 173920.37 (r/w/o: 152177.45/0.00/21742.92) lat (ms,95%): 1.73 err/s: 0.00 reconn/s: 0.00
[ 532s ] thds: 16 tps: 11008.94 qps: 176170.11 (r/w/o: 154152.22/0.00/22017.89) lat (ms,95%): 1.61 err/s: 0.00 reconn/s: 0.00
[ 533s ] thds: 16 tps: 10935.99 qps: 174992.89 (r/w/o: 153118.90/0.00/21873.99) lat (ms,95%): 1.70 err/s: 0.00 reconn/s: 0.00
[ 534s ] thds: 16 tps: 10900.89 qps: 174382.20 (r/w/o: 152582.42/0.00/21799.78) lat (ms,95%): 1.70 err/s: 0.00 reconn/s: 0.00
[ 535s ] thds: 16 tps: 10993.94 qps: 175881.10 (r/w/o: 153892.21/0.00/21988.89) lat (ms,95%): 1.64 err/s: 0.00 reconn/s: 0.00
[ 536s ] thds: 16 tps: 11056.13 qps: 176955.09 (r/w/o: 154841.83/0.00/22113.26) lat (ms,95%): 1.58 err/s: 0.00 reconn/s: 0.00
[ 537s ] thds: 16 tps: 10900.93 qps: 174383.80 (r/w/o: 152582.95/0.00/21800.85) lat (ms,95%): 1.73 err/s: 0.00 reconn/s: 0.00
[ 538s ] thds: 16 tps: 10850.51 qps: 173660.11 (r/w/o: 151959.10/0.00/21701.01) lat (ms,95%): 1.73 err/s: 0.00 reconn/s: 0.00
[ 539s ] thds: 16 tps: 10978.08 qps: 175596.30 (r/w/o: 153640.14/0.00/21956.16) lat (ms,95%): 1.67 err/s: 0.00 reconn/s: 0.00
[ 540s ] thds: 16 tps: 11043.73 qps: 176705.75 (r/w/o: 154618.28/0.00/22087.47) lat (ms,95%): 1.58 err/s: 0.00 reconn/s: 0.00
[ 541s ] thds: 16 tps: 10965.66 qps: 175500.49 (r/w/o: 153568.18/0.00/21932.31) lat (ms,95%): 1.67 err/s: 0.00 reconn/s: 0.00
[ 542s ] thds: 16 tps: 10904.54 qps: 174457.64 (r/w/o: 152648.56/0.00/21809.08) lat (ms,95%): 1.73 err/s: 0.00 reconn/s: 0.00
[ 543s ] thds: 16 tps: 10860.53 qps: 173777.43 (r/w/o: 152056.37/0.00/21721.05) lat (ms,95%): 1.73 err/s: 0.00 reconn/s: 0.00
[ 544s ] thds: 16 tps: 10758.20 qps: 172112.27 (r/w/o: 150596.86/0.00/21515.41) lat (ms,95%): 1.79 err/s: 0.00 reconn/s: 0.00
[ 545s ] thds: 16 tps: 10840.82 qps: 173438.18 (r/w/o: 151755.53/0.00/21682.65) lat (ms,95%): 1.70 err/s: 0.00 reconn/s: 0.00
[ 546s ] thds: 16 tps: 10875.01 qps: 174023.22 (r/w/o: 152274.19/0.00/21749.03) lat (ms,95%): 1.70 err/s: 0.00 reconn/s: 0.00
[ 547s ] thds: 16 tps: 10987.18 qps: 175767.91 (r/w/o: 153791.55/0.00/21976.36) lat (ms,95%): 1.61 err/s: 0.00 reconn/s: 0.00
[ 548s ] thds: 16 tps: 10952.54 qps: 175248.58 (r/w/o: 153345.50/0.00/21903.07) lat (ms,95%): 1.70 err/s: 0.00 reconn/s: 0.00
[ 549s ] thds: 16 tps: 10825.12 qps: 173204.92 (r/w/o: 151554.68/0.00/21650.24) lat (ms,95%): 1.76 err/s: 0.00 reconn/s: 0.00
[ 550s ] thds: 16 tps: 10848.00 qps: 173595.99 (r/w/o: 151898.99/0.00/21697.00) lat (ms,95%): 1.73 err/s: 0.00 reconn/s: 0.00
[ 551s ] thds: 16 tps: 11053.03 qps: 176818.53 (r/w/o: 154712.46/0.00/22106.07) lat (ms,95%): 1.55 err/s: 0.00 reconn/s: 0.00
[ 552s ] thds: 16 tps: 10973.96 qps: 175582.39 (r/w/o: 153634.47/0.00/21947.92) lat (ms,95%): 1.67 err/s: 0.00 reconn/s: 0.00
[ 553s ] thds: 16 tps: 10969.15 qps: 175566.45 (r/w/o: 153628.14/0.00/21938.31) lat (ms,95%): 1.67 err/s: 0.00 reconn/s: 0.00
[ 554s ] thds: 16 tps: 10640.29 qps: 170177.59 (r/w/o: 148897.01/0.00/21280.57) lat (ms,95%): 1.79 err/s: 0.00 reconn/s: 0.00
[ 555s ] thds: 16 tps: 10930.70 qps: 174884.16 (r/w/o: 153023.77/0.00/21860.40) lat (ms,95%): 1.67 err/s: 0.00 reconn/s: 0.00
[ 556s ] thds: 16 tps: 10981.22 qps: 175695.54 (r/w/o: 153733.09/0.00/21962.44) lat (ms,95%): 1.64 err/s: 0.00 reconn/s: 0.00
[ 557s ] thds: 16 tps: 10873.86 qps: 173992.75 (r/w/o: 152245.03/0.00/21747.72) lat (ms,95%): 1.70 err/s: 0.00 reconn/s: 0.00
[ 558s ] thds: 16 tps: 10936.96 qps: 174977.37 (r/w/o: 153102.45/0.00/21874.92) lat (ms,95%): 1.67 err/s: 0.00 reconn/s: 0.00
[ 559s ] thds: 16 tps: 11064.73 qps: 177065.72 (r/w/o: 154936.25/0.00/22129.46) lat (ms,95%): 1.55 err/s: 0.00 reconn/s: 0.00
[ 560s ] thds: 16 tps: 11024.82 qps: 176367.08 (r/w/o: 154318.45/0.00/22048.64) lat (ms,95%): 1.61 err/s: 0.00 reconn/s: 0.00
[ 561s ] thds: 16 tps: 10781.70 qps: 172508.17 (r/w/o: 150943.78/0.00/21564.40) lat (ms,95%): 1.79 err/s: 0.00 reconn/s: 0.00
[ 562s ] thds: 16 tps: 10937.70 qps: 175020.20 (r/w/o: 153144.80/0.00/21875.40) lat (ms,95%): 1.67 err/s: 0.00 reconn/s: 0.00
[ 563s ] thds: 16 tps: 11061.95 qps: 176984.25 (r/w/o: 154860.34/0.00/22123.91) lat (ms,95%): 1.55 err/s: 0.00 reconn/s: 0.00
[ 564s ] thds: 16 tps: 10959.10 qps: 175371.54 (r/w/o: 153453.35/0.00/21918.19) lat (ms,95%): 1.67 err/s: 0.00 reconn/s: 0.00
[ 565s ] thds: 16 tps: 10891.01 qps: 174229.11 (r/w/o: 152447.09/0.00/21782.01) lat (ms,95%): 1.73 err/s: 0.00 reconn/s: 0.00
[ 566s ] thds: 16 tps: 10777.93 qps: 172485.87 (r/w/o: 150931.01/0.00/21554.86) lat (ms,95%): 1.76 err/s: 0.00 reconn/s: 0.00
[ 567s ] thds: 16 tps: 10928.06 qps: 174830.89 (r/w/o: 152973.78/0.00/21857.11) lat (ms,95%): 1.70 err/s: 0.00 reconn/s: 0.00
[ 568s ] thds: 16 tps: 11038.43 qps: 176597.94 (r/w/o: 154521.07/0.00/22076.87) lat (ms,95%): 1.55 err/s: 0.00 reconn/s: 0.00
[ 569s ] thds: 16 tps: 10941.71 qps: 175080.39 (r/w/o: 153196.97/0.00/21883.42) lat (ms,95%): 1.67 err/s: 0.00 reconn/s: 0.00
[ 570s ] thds: 16 tps: 11012.85 qps: 176186.67 (r/w/o: 154162.96/0.00/22023.71) lat (ms,95%): 1.61 err/s: 0.00 reconn/s: 0.00
[ 571s ] thds: 16 tps: 10962.38 qps: 175396.14 (r/w/o: 153469.37/0.00/21926.77) lat (ms,95%): 1.64 err/s: 0.00 reconn/s: 0.00
[ 572s ] thds: 16 tps: 10855.68 qps: 173712.85 (r/w/o: 152001.49/0.00/21711.36) lat (ms,95%): 1.73 err/s: 0.00 reconn/s: 0.00
[ 573s ] thds: 16 tps: 10921.24 qps: 174734.88 (r/w/o: 152892.40/0.00/21842.49) lat (ms,95%): 1.70 err/s: 0.00 reconn/s: 0.00
[ 574s ] thds: 16 tps: 10592.05 qps: 169480.80 (r/w/o: 148296.70/0.00/21184.10) lat (ms,95%): 1.79 err/s: 0.00 reconn/s: 0.00
[ 575s ] thds: 16 tps: 10962.96 qps: 175406.37 (r/w/o: 153481.45/0.00/21924.92) lat (ms,95%): 1.67 err/s: 0.00 reconn/s: 0.00
[ 576s ] thds: 16 tps: 10889.69 qps: 174240.04 (r/w/o: 152460.66/0.00/21779.38) lat (ms,95%): 1.70 err/s: 0.00 reconn/s: 0.00
[ 577s ] thds: 16 tps: 10922.08 qps: 174723.33 (r/w/o: 152878.17/0.00/21845.17) lat (ms,95%): 1.70 err/s: 0.00 reconn/s: 0.00
[ 578s ] thds: 16 tps: 10935.98 qps: 174993.75 (r/w/o: 153121.78/0.00/21871.97) lat (ms,95%): 1.67 err/s: 0.00 reconn/s: 0.00
[ 579s ] thds: 16 tps: 10996.94 qps: 175912.07 (r/w/o: 153920.19/0.00/21991.88) lat (ms,95%): 1.58 err/s: 0.00 reconn/s: 0.00
[ 580s ] thds: 16 tps: 10952.94 qps: 175319.09 (r/w/o: 153411.20/0.00/21907.89) lat (ms,95%): 1.70 err/s: 0.00 reconn/s: 0.00
[ 581s ] thds: 16 tps: 11015.37 qps: 176214.98 (r/w/o: 154184.23/0.00/22030.75) lat (ms,95%): 1.64 err/s: 0.00 reconn/s: 0.00
[ 582s ] thds: 16 tps: 10942.57 qps: 175040.06 (r/w/o: 153156.93/0.00/21883.13) lat (ms,95%): 1.70 err/s: 0.00 reconn/s: 0.00
[ 583s ] thds: 16 tps: 11019.06 qps: 176334.92 (r/w/o: 154295.80/0.00/22039.11) lat (ms,95%): 1.58 err/s: 0.00 reconn/s: 0.00
[ 584s ] thds: 16 tps: 11091.11 qps: 177444.69 (r/w/o: 155261.48/0.00/22183.21) lat (ms,95%): 1.55 err/s: 0.00 reconn/s: 0.00
[ 585s ] thds: 16 tps: 10913.12 qps: 174634.98 (r/w/o: 152809.73/0.00/21825.25) lat (ms,95%): 1.70 err/s: 0.00 reconn/s: 0.00
[ 586s ] thds: 16 tps: 10815.85 qps: 173018.53 (r/w/o: 151386.84/0.00/21631.69) lat (ms,95%): 1.76 err/s: 0.00 reconn/s: 0.00
[ 587s ] thds: 16 tps: 10926.09 qps: 174824.42 (r/w/o: 152972.24/0.00/21852.18) lat (ms,95%): 1.70 err/s: 0.00 reconn/s: 0.00
[ 588s ] thds: 16 tps: 10953.73 qps: 175302.71 (r/w/o: 153394.24/0.00/21908.46) lat (ms,95%): 1.70 err/s: 0.00 reconn/s: 0.00
[ 589s ] thds: 16 tps: 10976.15 qps: 175576.46 (r/w/o: 153625.15/0.00/21951.31) lat (ms,95%): 1.67 err/s: 0.00 reconn/s: 0.00
[ 590s ] thds: 16 tps: 10911.57 qps: 174630.20 (r/w/o: 152805.05/0.00/21825.15) lat (ms,95%): 1.70 err/s: 0.00 reconn/s: 0.00
[ 591s ] thds: 16 tps: 11043.39 qps: 176666.21 (r/w/o: 154580.43/0.00/22085.78) lat (ms,95%): 1.58 err/s: 0.00 reconn/s: 0.00
[ 592s ] thds: 16 tps: 10975.23 qps: 175600.68 (r/w/o: 153650.22/0.00/21950.46) lat (ms,95%): 1.67 err/s: 0.00 reconn/s: 0.00
[ 593s ] thds: 16 tps: 10958.79 qps: 175323.66 (r/w/o: 153408.08/0.00/21915.58) lat (ms,95%): 1.67 err/s: 0.00 reconn/s: 0.00
[ 594s ] thds: 16 tps: 10844.50 qps: 173539.94 (r/w/o: 151849.95/0.00/21689.99) lat (ms,95%): 1.76 err/s: 0.00 reconn/s: 0.00
[ 595s ] thds: 16 tps: 11008.52 qps: 176172.27 (r/w/o: 154154.24/0.00/22018.03) lat (ms,95%): 1.61 err/s: 0.00 reconn/s: 0.00
[ 596s ] thds: 16 tps: 10935.14 qps: 174892.17 (r/w/o: 153022.90/0.00/21869.27) lat (ms,95%): 1.70 err/s: 0.00 reconn/s: 0.00
[ 597s ] thds: 16 tps: 10669.94 qps: 170735.01 (r/w/o: 149395.13/0.00/21339.88) lat (ms,95%): 1.79 err/s: 0.00 reconn/s: 0.00
[ 598s ] thds: 16 tps: 10796.94 qps: 172768.98 (r/w/o: 151174.11/0.00/21594.87) lat (ms,95%): 1.79 err/s: 0.00 reconn/s: 0.00
[ 599s ] thds: 16 tps: 10943.80 qps: 175096.80 (r/w/o: 153209.20/0.00/21887.60) lat (ms,95%): 1.64 err/s: 0.00 reconn/s: 0.00
[ 600s ] thds: 16 tps: 11034.25 qps: 176567.07 (r/w/o: 154499.56/0.00/22067.51) lat (ms,95%): 1.58 err/s: 0.00 reconn/s: 0.00
SQL statistics:
    queries performed:
        read:                            91604478
        write:                           0
        other:                           13086354
        total:                           104690832
    transactions:                        6543177 (10905.23 per sec.)
    queries:                             104690832 (174483.73 per sec.)
    ignored errors:                      0      (0.00 per sec.)
    reconnects:                          0      (0.00 per sec.)

General statistics:
    total time:                          600.0020s
    total number of events:              6543177

Latency (ms):
         min:                                    1.17
         avg:                                    1.47
         max:                                    3.19
         95th percentile:                        1.70
         sum:                              9588999.15

Threads fairness:
    events (avg/stddev):           408948.5625/524.94
    execution time (avg/stddev):   599.3124/0.01

