sysbench 1.0.20 (using bundled LuaJIT 2.1.0-beta2)

Running the test with following options:
Number of threads: 1536
Report intermediate results every 1 second(s)
Initializing random number generator from current time


Initializing worker threads...

Threads started!

[ 1s ] thds: 1536 tps: 238298.95 qps: 238298.95 (r/w/o: 238298.95/0.00/0.00) lat (ms,95%): 1.23 err/s: 0.00 reconn/s: 0.00
[ 2s ] thds: 1536 tps: 435239.60 qps: 435238.34 (r/w/o: 435238.34/0.00/0.00) lat (ms,95%): 5.37 err/s: 0.00 reconn/s: 0.00
[ 3s ] thds: 1536 tps: 334287.39 qps: 334286.39 (r/w/o: 334286.39/0.00/0.00) lat (ms,95%): 5.47 err/s: 0.00 reconn/s: 0.00
[ 4s ] thds: 1536 tps: 334212.03 qps: 334213.03 (r/w/o: 334213.03/0.00/0.00) lat (ms,95%): 5.47 err/s: 0.00 reconn/s: 0.00
[ 5s ] thds: 1536 tps: 334289.42 qps: 334286.42 (r/w/o: 334286.42/0.00/0.00) lat (ms,95%): 5.47 err/s: 0.00 reconn/s: 0.00
[ 6s ] thds: 1536 tps: 334276.96 qps: 334278.96 (r/w/o: 334278.96/0.00/0.00) lat (ms,95%): 5.47 err/s: 0.00 reconn/s: 0.00
[ 7s ] thds: 1536 tps: 364895.61 qps: 364893.61 (r/w/o: 364893.61/0.00/0.00) lat (ms,95%): 5.28 err/s: 0.00 reconn/s: 0.00
[ 8s ] thds: 1536 tps: 334397.82 qps: 334401.82 (r/w/o: 334401.82/0.00/0.00) lat (ms,95%): 5.47 err/s: 0.00 reconn/s: 0.00
[ 9s ] thds: 1536 tps: 334481.96 qps: 334477.96 (r/w/o: 334477.96/0.00/0.00) lat (ms,95%): 5.47 err/s: 0.00 reconn/s: 0.00
[ 10s ] thds: 1536 tps: 334491.16 qps: 334493.16 (r/w/o: 334493.16/0.00/0.00) lat (ms,95%): 5.47 err/s: 0.00 reconn/s: 0.00
[ 11s ] thds: 1536 tps: 358115.42 qps: 358116.42 (r/w/o: 358116.42/0.00/0.00) lat (ms,95%): 5.28 err/s: 0.00 reconn/s: 0.00
[ 12s ] thds: 1536 tps: 334591.72 qps: 334592.72 (r/w/o: 334592.72/0.00/0.00) lat (ms,95%): 5.47 err/s: 0.00 reconn/s: 0.00
[ 13s ] thds: 1536 tps: 334586.84 qps: 334584.84 (r/w/o: 334584.84/0.00/0.00) lat (ms,95%): 5.47 err/s: 0.00 reconn/s: 0.00
[ 14s ] thds: 1536 tps: 334595.51 qps: 334597.51 (r/w/o: 334597.51/0.00/0.00) lat (ms,95%): 5.37 err/s: 0.00 reconn/s: 0.00
[ 15s ] thds: 1536 tps: 334570.08 qps: 334567.08 (r/w/o: 334567.08/0.00/0.00) lat (ms,95%): 5.47 err/s: 0.00 reconn/s: 0.00
[ 16s ] thds: 1536 tps: 334551.41 qps: 334552.41 (r/w/o: 334552.41/0.00/0.00) lat (ms,95%): 5.47 err/s: 0.00 reconn/s: 0.00
[ 17s ] thds: 1536 tps: 334577.94 qps: 334575.94 (r/w/o: 334575.94/0.00/0.00) lat (ms,95%): 5.47 err/s: 0.00 reconn/s: 0.00
[ 18s ] thds: 1536 tps: 334642.32 qps: 334646.32 (r/w/o: 334646.32/0.00/0.00) lat (ms,95%): 5.47 err/s: 0.00 reconn/s: 0.00
[ 19s ] thds: 1536 tps: 334640.53 qps: 334638.53 (r/w/o: 334638.53/0.00/0.00) lat (ms,95%): 5.47 err/s: 0.00 reconn/s: 0.00
[ 20s ] thds: 1536 tps: 334657.14 qps: 334655.14 (r/w/o: 334655.14/0.00/0.00) lat (ms,95%): 5.47 err/s: 0.00 reconn/s: 0.00
[ 21s ] thds: 1536 tps: 334588.99 qps: 334588.99 (r/w/o: 334588.99/0.00/0.00) lat (ms,95%): 5.47 err/s: 0.00 reconn/s: 0.00
[ 22s ] thds: 1536 tps: 334600.72 qps: 334601.72 (r/w/o: 334601.72/0.00/0.00) lat (ms,95%): 5.47 err/s: 0.00 reconn/s: 0.00
[ 23s ] thds: 1536 tps: 334622.56 qps: 334625.56 (r/w/o: 334625.56/0.00/0.00) lat (ms,95%): 5.57 err/s: 0.00 reconn/s: 0.00
[ 24s ] thds: 1536 tps: 334608.81 qps: 334604.81 (r/w/o: 334604.81/0.00/0.00) lat (ms,95%): 5.57 err/s: 0.00 reconn/s: 0.00
[ 25s ] thds: 1536 tps: 334622.89 qps: 334626.89 (r/w/o: 334626.89/0.00/0.00) lat (ms,95%): 5.57 err/s: 0.00 reconn/s: 0.00
[ 26s ] thds: 1536 tps: 334605.75 qps: 334602.75 (r/w/o: 334602.75/0.00/0.00) lat (ms,95%): 5.47 err/s: 0.00 reconn/s: 0.00
[ 27s ] thds: 1536 tps: 334660.91 qps: 334663.91 (r/w/o: 334663.91/0.00/0.00) lat (ms,95%): 5.47 err/s: 0.00 reconn/s: 0.00
[ 28s ] thds: 1536 tps: 334725.78 qps: 334724.78 (r/w/o: 334724.78/0.00/0.00) lat (ms,95%): 5.47 err/s: 0.00 reconn/s: 0.00
[ 29s ] thds: 1536 tps: 334604.66 qps: 334603.66 (r/w/o: 334603.66/0.00/0.00) lat (ms,95%): 5.47 err/s: 0.00 reconn/s: 0.00
[ 30s ] thds: 1536 tps: 334675.77 qps: 334675.77 (r/w/o: 334675.77/0.00/0.00) lat (ms,95%): 5.47 err/s: 0.00 reconn/s: 0.00
[ 31s ] thds: 1536 tps: 334642.96 qps: 334641.96 (r/w/o: 334641.96/0.00/0.00) lat (ms,95%): 5.47 err/s: 0.00 reconn/s: 0.00
[ 32s ] thds: 1536 tps: 334614.31 qps: 334617.31 (r/w/o: 334617.31/0.00/0.00) lat (ms,95%): 5.47 err/s: 0.00 reconn/s: 0.00
[ 33s ] thds: 1536 tps: 334614.93 qps: 334614.93 (r/w/o: 334614.93/0.00/0.00) lat (ms,95%): 5.47 err/s: 0.00 reconn/s: 0.00
[ 34s ] thds: 1536 tps: 334620.46 qps: 334618.46 (r/w/o: 334618.46/0.00/0.00) lat (ms,95%): 5.47 err/s: 0.00 reconn/s: 0.00
[ 35s ] thds: 1536 tps: 334621.83 qps: 334619.83 (r/w/o: 334619.83/0.00/0.00) lat (ms,95%): 5.47 err/s: 0.00 reconn/s: 0.00
[ 36s ] thds: 1536 tps: 334641.23 qps: 334643.23 (r/w/o: 334643.23/0.00/0.00) lat (ms,95%): 5.47 err/s: 0.00 reconn/s: 0.00
[ 37s ] thds: 1536 tps: 334688.63 qps: 334688.63 (r/w/o: 334688.63/0.00/0.00) lat (ms,95%): 5.57 err/s: 0.00 reconn/s: 0.00
[ 38s ] thds: 1536 tps: 334618.89 qps: 334620.89 (r/w/o: 334620.89/0.00/0.00) lat (ms,95%): 5.57 err/s: 0.00 reconn/s: 0.00
[ 39s ] thds: 1536 tps: 334707.57 qps: 334707.57 (r/w/o: 334707.57/0.00/0.00) lat (ms,95%): 5.47 err/s: 0.00 reconn/s: 0.00
[ 40s ] thds: 1536 tps: 334683.27 qps: 334679.27 (r/w/o: 334679.27/0.00/0.00) lat (ms,95%): 5.47 err/s: 0.00 reconn/s: 0.00
[ 41s ] thds: 1536 tps: 334731.01 qps: 334735.00 (r/w/o: 334735.00/0.00/0.00) lat (ms,95%): 5.47 err/s: 0.00 reconn/s: 0.00
[ 42s ] thds: 1536 tps: 334680.37 qps: 334675.37 (r/w/o: 334675.37/0.00/0.00) lat (ms,95%): 5.47 err/s: 0.00 reconn/s: 0.00
[ 43s ] thds: 1536 tps: 334730.48 qps: 334734.48 (r/w/o: 334734.48/0.00/0.00) lat (ms,95%): 5.47 err/s: 0.00 reconn/s: 0.00
[ 44s ] thds: 1536 tps: 334776.64 qps: 334772.64 (r/w/o: 334772.64/0.00/0.00) lat (ms,95%): 5.47 err/s: 0.00 reconn/s: 0.00
[ 45s ] thds: 1536 tps: 334662.10 qps: 334665.10 (r/w/o: 334665.10/0.00/0.00) lat (ms,95%): 5.47 err/s: 0.00 reconn/s: 0.00
[ 46s ] thds: 1536 tps: 334648.62 qps: 334646.62 (r/w/o: 334646.62/0.00/0.00) lat (ms,95%): 5.47 err/s: 0.00 reconn/s: 0.00
[ 47s ] thds: 1536 tps: 334607.83 qps: 334609.83 (r/w/o: 334609.83/0.00/0.00) lat (ms,95%): 5.47 err/s: 0.00 reconn/s: 0.00
[ 48s ] thds: 1536 tps: 334634.86 qps: 334634.86 (r/w/o: 334634.86/0.00/0.00) lat (ms,95%): 5.57 err/s: 0.00 reconn/s: 0.00
[ 49s ] thds: 1536 tps: 334666.02 qps: 334668.02 (r/w/o: 334668.02/0.00/0.00) lat (ms,95%): 5.47 err/s: 0.00 reconn/s: 0.00
[ 50s ] thds: 1536 tps: 334673.03 qps: 334669.03 (r/w/o: 334669.03/0.00/0.00) lat (ms,95%): 5.47 err/s: 0.00 reconn/s: 0.00
[ 51s ] thds: 1536 tps: 347669.85 qps: 347670.85 (r/w/o: 347670.85/0.00/0.00) lat (ms,95%): 5.47 err/s: 0.00 reconn/s: 0.00
[ 52s ] thds: 1536 tps: 338437.28 qps: 338440.28 (r/w/o: 338440.28/0.00/0.00) lat (ms,95%): 5.47 err/s: 0.00 reconn/s: 0.00
[ 53s ] thds: 1536 tps: 334671.43 qps: 334670.43 (r/w/o: 334670.43/0.00/0.00) lat (ms,95%): 5.47 err/s: 0.00 reconn/s: 0.00
[ 54s ] thds: 1536 tps: 334777.85 qps: 334775.85 (r/w/o: 334775.85/0.00/0.00) lat (ms,95%): 5.47 err/s: 0.00 reconn/s: 0.00
[ 55s ] thds: 1536 tps: 334719.15 qps: 334722.15 (r/w/o: 334722.15/0.00/0.00) lat (ms,95%): 5.47 err/s: 0.00 reconn/s: 0.00
[ 56s ] thds: 1536 tps: 334608.22 qps: 334606.22 (r/w/o: 334606.22/0.00/0.00) lat (ms,95%): 5.47 err/s: 0.00 reconn/s: 0.00
[ 57s ] thds: 1536 tps: 334734.25 qps: 334735.25 (r/w/o: 334735.25/0.00/0.00) lat (ms,95%): 5.47 err/s: 0.00 reconn/s: 0.00
[ 58s ] thds: 1536 tps: 334736.68 qps: 334728.68 (r/w/o: 334728.68/0.00/0.00) lat (ms,95%): 5.47 err/s: 0.00 reconn/s: 0.00
[ 59s ] thds: 1536 tps: 354447.91 qps: 354456.91 (r/w/o: 354456.91/0.00/0.00) lat (ms,95%): 5.37 err/s: 0.00 reconn/s: 0.00
[ 60s ] thds: 1536 tps: 338121.45 qps: 338121.45 (r/w/o: 338121.45/0.00/0.00) lat (ms,95%): 5.37 err/s: 0.00 reconn/s: 0.00
[ 61s ] thds: 1536 tps: 334743.42 qps: 334741.42 (r/w/o: 334741.42/0.00/0.00) lat (ms,95%): 5.37 err/s: 0.00 reconn/s: 0.00
[ 62s ] thds: 1536 tps: 334725.36 qps: 334724.36 (r/w/o: 334724.36/0.00/0.00) lat (ms,95%): 5.37 err/s: 0.00 reconn/s: 0.00
[ 63s ] thds: 1536 tps: 338688.99 qps: 338686.99 (r/w/o: 338686.99/0.00/0.00) lat (ms,95%): 5.37 err/s: 0.00 reconn/s: 0.00
[ 64s ] thds: 1536 tps: 337862.76 qps: 337865.76 (r/w/o: 337865.76/0.00/0.00) lat (ms,95%): 5.47 err/s: 0.00 reconn/s: 0.00
[ 65s ] thds: 1536 tps: 334755.96 qps: 334754.96 (r/w/o: 334754.96/0.00/0.00) lat (ms,95%): 5.47 err/s: 0.00 reconn/s: 0.00
[ 66s ] thds: 1536 tps: 334816.00 qps: 334814.00 (r/w/o: 334814.00/0.00/0.00) lat (ms,95%): 5.57 err/s: 0.00 reconn/s: 0.00
[ 67s ] thds: 1536 tps: 334828.83 qps: 334831.83 (r/w/o: 334831.83/0.00/0.00) lat (ms,95%): 5.57 err/s: 0.00 reconn/s: 0.00
[ 68s ] thds: 1536 tps: 334739.69 qps: 334733.69 (r/w/o: 334733.69/0.00/0.00) lat (ms,95%): 5.47 err/s: 0.00 reconn/s: 0.00
[ 69s ] thds: 1536 tps: 334728.16 qps: 334733.16 (r/w/o: 334733.16/0.00/0.00) lat (ms,95%): 5.47 err/s: 0.00 reconn/s: 0.00
[ 70s ] thds: 1536 tps: 334798.13 qps: 334798.13 (r/w/o: 334798.13/0.00/0.00) lat (ms,95%): 5.57 err/s: 0.00 reconn/s: 0.00
[ 71s ] thds: 1536 tps: 339745.28 qps: 339748.28 (r/w/o: 339748.28/0.00/0.00) lat (ms,95%): 5.47 err/s: 0.00 reconn/s: 0.00
[ 72s ] thds: 1536 tps: 336690.01 qps: 336690.01 (r/w/o: 336690.01/0.00/0.00) lat (ms,95%): 5.57 err/s: 0.00 reconn/s: 0.00
[ 73s ] thds: 1536 tps: 334775.06 qps: 334773.06 (r/w/o: 334773.06/0.00/0.00) lat (ms,95%): 5.57 err/s: 0.00 reconn/s: 0.00
[ 74s ] thds: 1536 tps: 334754.09 qps: 334755.09 (r/w/o: 334755.09/0.00/0.00) lat (ms,95%): 5.57 err/s: 0.00 reconn/s: 0.00
[ 75s ] thds: 1536 tps: 334796.97 qps: 334795.97 (r/w/o: 334795.97/0.00/0.00) lat (ms,95%): 5.47 err/s: 0.00 reconn/s: 0.00
[ 76s ] thds: 1536 tps: 334759.87 qps: 334759.87 (r/w/o: 334759.87/0.00/0.00) lat (ms,95%): 5.47 err/s: 0.00 reconn/s: 0.00
[ 77s ] thds: 1536 tps: 334739.36 qps: 334739.36 (r/w/o: 334739.36/0.00/0.00) lat (ms,95%): 5.57 err/s: 0.00 reconn/s: 0.00
[ 78s ] thds: 1536 tps: 334756.64 qps: 334757.64 (r/w/o: 334757.64/0.00/0.00) lat (ms,95%): 5.47 err/s: 0.00 reconn/s: 0.00
[ 79s ] thds: 1536 tps: 334746.86 qps: 334745.86 (r/w/o: 334745.86/0.00/0.00) lat (ms,95%): 5.47 err/s: 0.00 reconn/s: 0.00
[ 80s ] thds: 1536 tps: 334639.63 qps: 334640.63 (r/w/o: 334640.63/0.00/0.00) lat (ms,95%): 5.47 err/s: 0.00 reconn/s: 0.00
[ 81s ] thds: 1536 tps: 334648.33 qps: 334643.33 (r/w/o: 334643.33/0.00/0.00) lat (ms,95%): 5.47 err/s: 0.00 reconn/s: 0.00
[ 82s ] thds: 1536 tps: 334733.37 qps: 334737.37 (r/w/o: 334737.37/0.00/0.00) lat (ms,95%): 5.47 err/s: 0.00 reconn/s: 0.00
[ 83s ] thds: 1536 tps: 334713.30 qps: 334713.30 (r/w/o: 334713.30/0.00/0.00) lat (ms,95%): 5.47 err/s: 0.00 reconn/s: 0.00
[ 84s ] thds: 1536 tps: 334717.24 qps: 334715.24 (r/w/o: 334715.24/0.00/0.00) lat (ms,95%): 5.47 err/s: 0.00 reconn/s: 0.00
[ 85s ] thds: 1536 tps: 334622.82 qps: 334624.82 (r/w/o: 334624.82/0.00/0.00) lat (ms,95%): 5.57 err/s: 0.00 reconn/s: 0.00
[ 86s ] thds: 1536 tps: 334653.78 qps: 334652.78 (r/w/o: 334652.78/0.00/0.00) lat (ms,95%): 5.57 err/s: 0.00 reconn/s: 0.00
[ 87s ] thds: 1536 tps: 334628.45 qps: 334629.44 (r/w/o: 334629.44/0.00/0.00) lat (ms,95%): 5.47 err/s: 0.00 reconn/s: 0.00
[ 88s ] thds: 1536 tps: 334629.04 qps: 334629.04 (r/w/o: 334629.04/0.00/0.00) lat (ms,95%): 5.47 err/s: 0.00 reconn/s: 0.00
[ 89s ] thds: 1536 tps: 334639.65 qps: 334637.65 (r/w/o: 334637.65/0.00/0.00) lat (ms,95%): 5.47 err/s: 0.00 reconn/s: 0.00
[ 90s ] thds: 1536 tps: 334665.57 qps: 334666.57 (r/w/o: 334666.57/0.00/0.00) lat (ms,95%): 5.47 err/s: 0.00 reconn/s: 0.00
[ 91s ] thds: 1536 tps: 334732.91 qps: 334730.91 (r/w/o: 334730.91/0.00/0.00) lat (ms,95%): 5.47 err/s: 0.00 reconn/s: 0.00
[ 92s ] thds: 1536 tps: 334693.45 qps: 334696.45 (r/w/o: 334696.45/0.00/0.00) lat (ms,95%): 5.47 err/s: 0.00 reconn/s: 0.00
[ 93s ] thds: 1536 tps: 334719.54 qps: 334717.54 (r/w/o: 334717.54/0.00/0.00) lat (ms,95%): 5.47 err/s: 0.00 reconn/s: 0.00
[ 94s ] thds: 1536 tps: 334654.30 qps: 334657.30 (r/w/o: 334657.30/0.00/0.00) lat (ms,95%): 5.47 err/s: 0.00 reconn/s: 0.00
[ 95s ] thds: 1536 tps: 334656.62 qps: 334653.62 (r/w/o: 334653.62/0.00/0.00) lat (ms,95%): 5.47 err/s: 0.00 reconn/s: 0.00
[ 96s ] thds: 1536 tps: 334629.80 qps: 334631.80 (r/w/o: 334631.80/0.00/0.00) lat (ms,95%): 5.47 err/s: 0.00 reconn/s: 0.00
[ 97s ] thds: 1536 tps: 334750.28 qps: 334751.28 (r/w/o: 334751.28/0.00/0.00) lat (ms,95%): 5.47 err/s: 0.00 reconn/s: 0.00
[ 98s ] thds: 1536 tps: 334676.60 qps: 334677.60 (r/w/o: 334677.60/0.00/0.00) lat (ms,95%): 5.57 err/s: 0.00 reconn/s: 0.00
[ 99s ] thds: 1536 tps: 334646.88 qps: 334646.88 (r/w/o: 334646.88/0.00/0.00) lat (ms,95%): 5.57 err/s: 0.00 reconn/s: 0.00
[ 100s ] thds: 1536 tps: 334681.46 qps: 334681.46 (r/w/o: 334681.46/0.00/0.00) lat (ms,95%): 5.57 err/s: 0.00 reconn/s: 0.00
[ 101s ] thds: 1536 tps: 334677.91 qps: 334674.91 (r/w/o: 334674.91/0.00/0.00) lat (ms,95%): 5.47 err/s: 0.00 reconn/s: 0.00
[ 102s ] thds: 1536 tps: 334709.63 qps: 334710.63 (r/w/o: 334710.63/0.00/0.00) lat (ms,95%): 5.47 err/s: 0.00 reconn/s: 0.00
[ 103s ] thds: 1536 tps: 334637.43 qps: 334637.43 (r/w/o: 334637.43/0.00/0.00) lat (ms,95%): 5.47 err/s: 0.00 reconn/s: 0.00
[ 104s ] thds: 1536 tps: 334583.95 qps: 334584.95 (r/w/o: 334584.95/0.00/0.00) lat (ms,95%): 5.47 err/s: 0.00 reconn/s: 0.00
[ 105s ] thds: 1536 tps: 334705.41 qps: 334704.41 (r/w/o: 334704.41/0.00/0.00) lat (ms,95%): 5.47 err/s: 0.00 reconn/s: 0.00
[ 106s ] thds: 1536 tps: 334691.25 qps: 334692.25 (r/w/o: 334692.25/0.00/0.00) lat (ms,95%): 5.47 err/s: 0.00 reconn/s: 0.00
[ 107s ] thds: 1536 tps: 344647.92 qps: 344646.92 (r/w/o: 344646.92/0.00/0.00) lat (ms,95%): 5.37 err/s: 0.00 reconn/s: 0.00
[ 108s ] thds: 1536 tps: 334765.26 qps: 334763.26 (r/w/o: 334763.26/0.00/0.00) lat (ms,95%): 5.57 err/s: 0.00 reconn/s: 0.00
[ 109s ] thds: 1536 tps: 334735.60 qps: 334739.60 (r/w/o: 334739.60/0.00/0.00) lat (ms,95%): 5.57 err/s: 0.00 reconn/s: 0.00
[ 110s ] thds: 1536 tps: 334728.03 qps: 334726.03 (r/w/o: 334726.03/0.00/0.00) lat (ms,95%): 5.47 err/s: 0.00 reconn/s: 0.00
[ 111s ] thds: 1536 tps: 334700.20 qps: 334700.20 (r/w/o: 334700.20/0.00/0.00) lat (ms,95%): 5.47 err/s: 0.00 reconn/s: 0.00
[ 112s ] thds: 1536 tps: 334690.45 qps: 334687.45 (r/w/o: 334687.45/0.00/0.00) lat (ms,95%): 5.47 err/s: 0.00 reconn/s: 0.00
[ 113s ] thds: 1536 tps: 334681.17 qps: 334686.17 (r/w/o: 334686.17/0.00/0.00) lat (ms,95%): 5.47 err/s: 0.00 reconn/s: 0.00
[ 114s ] thds: 1536 tps: 334699.67 qps: 334696.67 (r/w/o: 334696.67/0.00/0.00) lat (ms,95%): 5.47 err/s: 0.00 reconn/s: 0.00
[ 115s ] thds: 1536 tps: 336640.52 qps: 336639.52 (r/w/o: 336639.52/0.00/0.00) lat (ms,95%): 5.47 err/s: 0.00 reconn/s: 0.00
[ 116s ] thds: 1536 tps: 334752.64 qps: 334756.64 (r/w/o: 334756.64/0.00/0.00) lat (ms,95%): 5.57 err/s: 0.00 reconn/s: 0.00
[ 117s ] thds: 1536 tps: 334637.00 qps: 334636.00 (r/w/o: 334636.00/0.00/0.00) lat (ms,95%): 5.57 err/s: 0.00 reconn/s: 0.00
[ 118s ] thds: 1536 tps: 334631.63 qps: 334628.63 (r/w/o: 334628.63/0.00/0.00) lat (ms,95%): 5.57 err/s: 0.00 reconn/s: 0.00
[ 119s ] thds: 1536 tps: 334812.40 qps: 334812.40 (r/w/o: 334812.40/0.00/0.00) lat (ms,95%): 5.47 err/s: 0.00 reconn/s: 0.00
[ 120s ] thds: 1536 tps: 334634.85 qps: 334635.85 (r/w/o: 334635.85/0.00/0.00) lat (ms,95%): 5.47 err/s: 0.00 reconn/s: 0.00
[ 121s ] thds: 1536 tps: 334616.08 qps: 334619.08 (r/w/o: 334619.08/0.00/0.00) lat (ms,95%): 5.37 err/s: 0.00 reconn/s: 0.00
[ 122s ] thds: 1536 tps: 334564.86 qps: 334564.86 (r/w/o: 334564.86/0.00/0.00) lat (ms,95%): 5.37 err/s: 0.00 reconn/s: 0.00
[ 123s ] thds: 1536 tps: 334584.62 qps: 334577.62 (r/w/o: 334577.62/0.00/0.00) lat (ms,95%): 5.37 err/s: 0.00 reconn/s: 0.00
[ 124s ] thds: 1536 tps: 334572.93 qps: 334579.93 (r/w/o: 334579.93/0.00/0.00) lat (ms,95%): 5.37 err/s: 0.00 reconn/s: 0.00
[ 125s ] thds: 1536 tps: 334682.83 qps: 334682.83 (r/w/o: 334682.83/0.00/0.00) lat (ms,95%): 5.37 err/s: 0.00 reconn/s: 0.00
[ 126s ] thds: 1536 tps: 334642.93 qps: 334640.93 (r/w/o: 334640.93/0.00/0.00) lat (ms,95%): 5.37 err/s: 0.00 reconn/s: 0.00
[ 127s ] thds: 1536 tps: 334657.39 qps: 334657.39 (r/w/o: 334657.39/0.00/0.00) lat (ms,95%): 5.37 err/s: 0.00 reconn/s: 0.00
[ 128s ] thds: 1536 tps: 334521.56 qps: 334521.56 (r/w/o: 334521.56/0.00/0.00) lat (ms,95%): 5.47 err/s: 0.00 reconn/s: 0.00
[ 129s ] thds: 1536 tps: 334702.02 qps: 334697.02 (r/w/o: 334697.02/0.00/0.00) lat (ms,95%): 5.37 err/s: 0.00 reconn/s: 0.00
[ 130s ] thds: 1536 tps: 334741.38 qps: 334748.38 (r/w/o: 334748.38/0.00/0.00) lat (ms,95%): 5.37 err/s: 0.00 reconn/s: 0.00
[ 131s ] thds: 1536 tps: 334640.21 qps: 334640.21 (r/w/o: 334640.21/0.00/0.00) lat (ms,95%): 5.47 err/s: 0.00 reconn/s: 0.00
[ 132s ] thds: 1536 tps: 334720.49 qps: 334718.49 (r/w/o: 334718.49/0.00/0.00) lat (ms,95%): 5.47 err/s: 0.00 reconn/s: 0.00
[ 133s ] thds: 1536 tps: 334648.23 qps: 334648.23 (r/w/o: 334648.23/0.00/0.00) lat (ms,95%): 5.47 err/s: 0.00 reconn/s: 0.00
[ 134s ] thds: 1536 tps: 334682.46 qps: 334684.46 (r/w/o: 334684.46/0.00/0.00) lat (ms,95%): 5.47 err/s: 0.00 reconn/s: 0.00
[ 135s ] thds: 1536 tps: 334689.77 qps: 334688.77 (r/w/o: 334688.77/0.00/0.00) lat (ms,95%): 5.57 err/s: 0.00 reconn/s: 0.00
[ 136s ] thds: 1536 tps: 334611.44 qps: 334610.44 (r/w/o: 334610.44/0.00/0.00) lat (ms,95%): 5.57 err/s: 0.00 reconn/s: 0.00
[ 137s ] thds: 1536 tps: 334655.37 qps: 334653.37 (r/w/o: 334653.37/0.00/0.00) lat (ms,95%): 5.57 err/s: 0.00 reconn/s: 0.00
[ 138s ] thds: 1536 tps: 334683.60 qps: 334685.60 (r/w/o: 334685.60/0.00/0.00) lat (ms,95%): 5.47 err/s: 0.00 reconn/s: 0.00
[ 139s ] thds: 1536 tps: 334672.26 qps: 334671.26 (r/w/o: 334671.26/0.00/0.00) lat (ms,95%): 5.47 err/s: 0.00 reconn/s: 0.00
[ 140s ] thds: 1536 tps: 334630.75 qps: 334630.75 (r/w/o: 334630.75/0.00/0.00) lat (ms,95%): 5.57 err/s: 0.00 reconn/s: 0.00
[ 141s ] thds: 1536 tps: 334629.51 qps: 334630.51 (r/w/o: 334630.51/0.00/0.00) lat (ms,95%): 5.47 err/s: 0.00 reconn/s: 0.00
[ 142s ] thds: 1536 tps: 331811.61 qps: 331812.61 (r/w/o: 331812.61/0.00/0.00) lat (ms,95%): 5.47 err/s: 0.00 reconn/s: 0.00
[ 143s ] thds: 1536 tps: 392326.98 qps: 392324.98 (r/w/o: 392324.98/0.00/0.00) lat (ms,95%): 5.57 err/s: 0.00 reconn/s: 0.00
[ 144s ] thds: 1536 tps: 337653.02 qps: 337654.02 (r/w/o: 337654.02/0.00/0.00) lat (ms,95%): 5.47 err/s: 0.00 reconn/s: 0.00
[ 145s ] thds: 1536 tps: 334786.73 qps: 334783.73 (r/w/o: 334783.73/0.00/0.00) lat (ms,95%): 5.47 err/s: 0.00 reconn/s: 0.00
[ 146s ] thds: 1536 tps: 335271.65 qps: 335273.65 (r/w/o: 335273.65/0.00/0.00) lat (ms,95%): 5.37 err/s: 0.00 reconn/s: 0.00
[ 147s ] thds: 1536 tps: 334895.43 qps: 334894.43 (r/w/o: 334894.43/0.00/0.00) lat (ms,95%): 5.37 err/s: 0.00 reconn/s: 0.00
[ 148s ] thds: 1536 tps: 334783.65 qps: 334787.65 (r/w/o: 334787.65/0.00/0.00) lat (ms,95%): 5.37 err/s: 0.00 reconn/s: 0.00
[ 149s ] thds: 1536 tps: 334855.75 qps: 334845.75 (r/w/o: 334845.75/0.00/0.00) lat (ms,95%): 5.37 err/s: 0.00 reconn/s: 0.00
[ 150s ] thds: 1536 tps: 334810.53 qps: 334818.52 (r/w/o: 334818.52/0.00/0.00) lat (ms,95%): 5.47 err/s: 0.00 reconn/s: 0.00
[ 151s ] thds: 1536 tps: 334822.75 qps: 334822.75 (r/w/o: 334822.75/0.00/0.00) lat (ms,95%): 5.47 err/s: 0.00 reconn/s: 0.00
[ 152s ] thds: 1536 tps: 334690.73 qps: 334692.73 (r/w/o: 334692.73/0.00/0.00) lat (ms,95%): 5.47 err/s: 0.00 reconn/s: 0.00
[ 153s ] thds: 1536 tps: 337202.76 qps: 337196.76 (r/w/o: 337196.76/0.00/0.00) lat (ms,95%): 5.28 err/s: 0.00 reconn/s: 0.00
[ 154s ] thds: 1536 tps: 334739.16 qps: 334740.16 (r/w/o: 334740.16/0.00/0.00) lat (ms,95%): 5.47 err/s: 0.00 reconn/s: 0.00
[ 155s ] thds: 1536 tps: 353992.42 qps: 353994.42 (r/w/o: 353994.42/0.00/0.00) lat (ms,95%): 5.37 err/s: 0.00 reconn/s: 0.00
[ 156s ] thds: 1536 tps: 335308.34 qps: 335310.34 (r/w/o: 335310.34/0.00/0.00) lat (ms,95%): 5.47 err/s: 0.00 reconn/s: 0.00
[ 157s ] thds: 1536 tps: 334847.46 qps: 334844.46 (r/w/o: 334844.46/0.00/0.00) lat (ms,95%): 5.47 err/s: 0.00 reconn/s: 0.00
[ 158s ] thds: 1536 tps: 334869.36 qps: 334870.36 (r/w/o: 334870.36/0.00/0.00) lat (ms,95%): 5.47 err/s: 0.00 reconn/s: 0.00
[ 159s ] thds: 1536 tps: 340889.50 qps: 340889.50 (r/w/o: 340889.50/0.00/0.00) lat (ms,95%): 5.37 err/s: 0.00 reconn/s: 0.00
[ 160s ] thds: 1536 tps: 345242.84 qps: 345240.84 (r/w/o: 345240.84/0.00/0.00) lat (ms,95%): 5.37 err/s: 0.00 reconn/s: 0.00
[ 161s ] thds: 1536 tps: 334875.68 qps: 334871.68 (r/w/o: 334871.68/0.00/0.00) lat (ms,95%): 5.47 err/s: 0.00 reconn/s: 0.00
[ 162s ] thds: 1536 tps: 334901.32 qps: 334910.32 (r/w/o: 334910.32/0.00/0.00) lat (ms,95%): 5.47 err/s: 0.00 reconn/s: 0.00
[ 163s ] thds: 1536 tps: 334851.16 qps: 334848.16 (r/w/o: 334848.16/0.00/0.00) lat (ms,95%): 5.47 err/s: 0.00 reconn/s: 0.00
[ 164s ] thds: 1536 tps: 334853.28 qps: 334853.28 (r/w/o: 334853.28/0.00/0.00) lat (ms,95%): 5.47 err/s: 0.00 reconn/s: 0.00
[ 165s ] thds: 1536 tps: 334892.41 qps: 334895.41 (r/w/o: 334895.41/0.00/0.00) lat (ms,95%): 5.47 err/s: 0.00 reconn/s: 0.00
[ 166s ] thds: 1536 tps: 334867.90 qps: 334865.90 (r/w/o: 334865.90/0.00/0.00) lat (ms,95%): 5.57 err/s: 0.00 reconn/s: 0.00
[ 167s ] thds: 1536 tps: 350881.23 qps: 350882.23 (r/w/o: 350882.23/0.00/0.00) lat (ms,95%): 5.47 err/s: 0.00 reconn/s: 0.00
[ 168s ] thds: 1536 tps: 338811.72 qps: 338809.72 (r/w/o: 338809.72/0.00/0.00) lat (ms,95%): 5.47 err/s: 0.00 reconn/s: 0.00
[ 169s ] thds: 1536 tps: 334893.28 qps: 334896.28 (r/w/o: 334896.28/0.00/0.00) lat (ms,95%): 5.47 err/s: 0.00 reconn/s: 0.00
[ 170s ] thds: 1536 tps: 334855.50 qps: 334849.50 (r/w/o: 334849.50/0.00/0.00) lat (ms,95%): 5.47 err/s: 0.00 reconn/s: 0.00
[ 171s ] thds: 1536 tps: 334785.76 qps: 334786.76 (r/w/o: 334786.76/0.00/0.00) lat (ms,95%): 5.47 err/s: 0.00 reconn/s: 0.00
[ 172s ] thds: 1536 tps: 334836.52 qps: 334838.52 (r/w/o: 334838.52/0.00/0.00) lat (ms,95%): 5.47 err/s: 0.00 reconn/s: 0.00
[ 173s ] thds: 1536 tps: 334826.81 qps: 334827.81 (r/w/o: 334827.81/0.00/0.00) lat (ms,95%): 5.47 err/s: 0.00 reconn/s: 0.00
[ 174s ] thds: 1536 tps: 334850.81 qps: 334851.81 (r/w/o: 334851.81/0.00/0.00) lat (ms,95%): 5.47 err/s: 0.00 reconn/s: 0.00
[ 175s ] thds: 1536 tps: 334810.39 qps: 334809.39 (r/w/o: 334809.39/0.00/0.00) lat (ms,95%): 5.47 err/s: 0.00 reconn/s: 0.00
[ 176s ] thds: 1536 tps: 334759.17 qps: 334757.17 (r/w/o: 334757.17/0.00/0.00) lat (ms,95%): 5.47 err/s: 0.00 reconn/s: 0.00
[ 177s ] thds: 1536 tps: 334856.28 qps: 334856.28 (r/w/o: 334856.28/0.00/0.00) lat (ms,95%): 5.57 err/s: 0.00 reconn/s: 0.00
[ 178s ] thds: 1536 tps: 334906.44 qps: 334909.44 (r/w/o: 334909.44/0.00/0.00) lat (ms,95%): 5.57 err/s: 0.00 reconn/s: 0.00
[ 179s ] thds: 1536 tps: 334914.52 qps: 334913.52 (r/w/o: 334913.52/0.00/0.00) lat (ms,95%): 5.47 err/s: 0.00 reconn/s: 0.00
[ 180s ] thds: 1536 tps: 344753.30 qps: 344748.30 (r/w/o: 344748.30/0.00/0.00) lat (ms,95%): 5.47 err/s: 0.00 reconn/s: 0.00
[ 181s ] thds: 1536 tps: 354445.02 qps: 354447.02 (r/w/o: 354447.02/0.00/0.00) lat (ms,95%): 5.47 err/s: 0.00 reconn/s: 0.00
[ 182s ] thds: 1536 tps: 334875.84 qps: 334880.84 (r/w/o: 334880.84/0.00/0.00) lat (ms,95%): 5.47 err/s: 0.00 reconn/s: 0.00
[ 183s ] thds: 1536 tps: 334852.94 qps: 334851.94 (r/w/o: 334851.94/0.00/0.00) lat (ms,95%): 5.47 err/s: 0.00 reconn/s: 0.00
[ 184s ] thds: 1536 tps: 334698.38 qps: 334695.38 (r/w/o: 334695.38/0.00/0.00) lat (ms,95%): 5.47 err/s: 0.00 reconn/s: 0.00
[ 185s ] thds: 1536 tps: 334845.57 qps: 334849.57 (r/w/o: 334849.57/0.00/0.00) lat (ms,95%): 5.57 err/s: 0.00 reconn/s: 0.00
[ 186s ] thds: 1536 tps: 334813.82 qps: 334809.82 (r/w/o: 334809.82/0.00/0.00) lat (ms,95%): 5.57 err/s: 0.00 reconn/s: 0.00
[ 187s ] thds: 1536 tps: 334907.61 qps: 334911.61 (r/w/o: 334911.61/0.00/0.00) lat (ms,95%): 5.57 err/s: 0.00 reconn/s: 0.00
[ 188s ] thds: 1536 tps: 334894.54 qps: 334892.54 (r/w/o: 334892.54/0.00/0.00) lat (ms,95%): 5.57 err/s: 0.00 reconn/s: 0.00
[ 189s ] thds: 1536 tps: 334860.25 qps: 334858.25 (r/w/o: 334858.25/0.00/0.00) lat (ms,95%): 5.47 err/s: 0.00 reconn/s: 0.00
[ 190s ] thds: 1536 tps: 334813.88 qps: 334817.88 (r/w/o: 334817.88/0.00/0.00) lat (ms,95%): 5.47 err/s: 0.00 reconn/s: 0.00
[ 191s ] thds: 1536 tps: 353205.85 qps: 353201.85 (r/w/o: 353201.85/0.00/0.00) lat (ms,95%): 5.37 err/s: 0.00 reconn/s: 0.00
[ 192s ] thds: 1536 tps: 339844.36 qps: 339844.36 (r/w/o: 339844.36/0.00/0.00) lat (ms,95%): 5.47 err/s: 0.00 reconn/s: 0.00
[ 193s ] thds: 1536 tps: 334830.68 qps: 334834.68 (r/w/o: 334834.68/0.00/0.00) lat (ms,95%): 5.47 err/s: 0.00 reconn/s: 0.00
[ 194s ] thds: 1536 tps: 334840.33 qps: 334840.33 (r/w/o: 334840.33/0.00/0.00) lat (ms,95%): 5.47 err/s: 0.00 reconn/s: 0.00
[ 195s ] thds: 1536 tps: 334846.55 qps: 334843.55 (r/w/o: 334843.55/0.00/0.00) lat (ms,95%): 5.47 err/s: 0.00 reconn/s: 0.00
[ 196s ] thds: 1536 tps: 334768.35 qps: 334771.35 (r/w/o: 334771.35/0.00/0.00) lat (ms,95%): 5.47 err/s: 0.00 reconn/s: 0.00
[ 197s ] thds: 1536 tps: 334811.18 qps: 334804.18 (r/w/o: 334804.18/0.00/0.00) lat (ms,95%): 5.47 err/s: 0.00 reconn/s: 0.00
[ 198s ] thds: 1536 tps: 334778.84 qps: 334782.84 (r/w/o: 334782.84/0.00/0.00) lat (ms,95%): 5.47 err/s: 0.00 reconn/s: 0.00
[ 199s ] thds: 1536 tps: 334805.22 qps: 334800.22 (r/w/o: 334800.22/0.00/0.00) lat (ms,95%): 5.47 err/s: 0.00 reconn/s: 0.00
[ 200s ] thds: 1536 tps: 334794.76 qps: 334800.76 (r/w/o: 334800.76/0.00/0.00) lat (ms,95%): 5.47 err/s: 0.00 reconn/s: 0.00
[ 201s ] thds: 1536 tps: 334817.47 qps: 334813.47 (r/w/o: 334813.47/0.00/0.00) lat (ms,95%): 5.47 err/s: 0.00 reconn/s: 0.00
[ 202s ] thds: 1536 tps: 334481.53 qps: 334485.53 (r/w/o: 334485.53/0.00/0.00) lat (ms,95%): 5.47 err/s: 0.00 reconn/s: 0.00
[ 203s ] thds: 1536 tps: 392272.79 qps: 392272.79 (r/w/o: 392272.79/0.00/0.00) lat (ms,95%): 5.09 err/s: 0.00 reconn/s: 0.00
[ 204s ] thds: 1536 tps: 381519.43 qps: 381519.43 (r/w/o: 381519.43/0.00/0.00) lat (ms,95%): 5.18 err/s: 0.00 reconn/s: 0.00
[ 205s ] thds: 1536 tps: 339311.57 qps: 339311.57 (r/w/o: 339311.57/0.00/0.00) lat (ms,95%): 5.37 err/s: 0.00 reconn/s: 0.00
[ 206s ] thds: 1536 tps: 334826.79 qps: 334824.79 (r/w/o: 334824.79/0.00/0.00) lat (ms,95%): 5.47 err/s: 0.00 reconn/s: 0.00
[ 207s ] thds: 1536 tps: 335280.11 qps: 335280.11 (r/w/o: 335280.11/0.00/0.00) lat (ms,95%): 5.47 err/s: 0.00 reconn/s: 0.00
[ 208s ] thds: 1536 tps: 334693.01 qps: 334695.01 (r/w/o: 334695.01/0.00/0.00) lat (ms,95%): 5.47 err/s: 0.00 reconn/s: 0.00
[ 209s ] thds: 1536 tps: 334788.27 qps: 334782.27 (r/w/o: 334782.27/0.00/0.00) lat (ms,95%): 5.47 err/s: 0.00 reconn/s: 0.00
[ 210s ] thds: 1536 tps: 334740.76 qps: 334744.76 (r/w/o: 334744.76/0.00/0.00) lat (ms,95%): 5.47 err/s: 0.00 reconn/s: 0.00
[ 211s ] thds: 1536 tps: 354041.97 qps: 354040.97 (r/w/o: 354040.97/0.00/0.00) lat (ms,95%): 5.37 err/s: 0.00 reconn/s: 0.00
[ 212s ] thds: 1536 tps: 335414.80 qps: 335417.80 (r/w/o: 335417.80/0.00/0.00) lat (ms,95%): 5.47 err/s: 0.00 reconn/s: 0.00
[ 213s ] thds: 1536 tps: 334720.29 qps: 334716.29 (r/w/o: 334716.29/0.00/0.00) lat (ms,95%): 5.47 err/s: 0.00 reconn/s: 0.00
[ 214s ] thds: 1536 tps: 334756.58 qps: 334762.58 (r/w/o: 334762.58/0.00/0.00) lat (ms,95%): 5.47 err/s: 0.00 reconn/s: 0.00
[ 215s ] thds: 1536 tps: 334820.29 qps: 334815.29 (r/w/o: 334815.29/0.00/0.00) lat (ms,95%): 5.47 err/s: 0.00 reconn/s: 0.00
[ 216s ] thds: 1536 tps: 334688.45 qps: 334691.45 (r/w/o: 334691.45/0.00/0.00) lat (ms,95%): 5.47 err/s: 0.00 reconn/s: 0.00
[ 217s ] thds: 1536 tps: 334795.87 qps: 334796.87 (r/w/o: 334796.87/0.00/0.00) lat (ms,95%): 5.47 err/s: 0.00 reconn/s: 0.00
[ 218s ] thds: 1536 tps: 334997.25 qps: 334998.25 (r/w/o: 334998.25/0.00/0.00) lat (ms,95%): 5.47 err/s: 0.00 reconn/s: 0.00
[ 219s ] thds: 1536 tps: 334873.57 qps: 334873.57 (r/w/o: 334873.57/0.00/0.00) lat (ms,95%): 5.57 err/s: 0.00 reconn/s: 0.00
[ 220s ] thds: 1536 tps: 334844.33 qps: 334842.33 (r/w/o: 334842.33/0.00/0.00) lat (ms,95%): 5.57 err/s: 0.00 reconn/s: 0.00
[ 221s ] thds: 1536 tps: 334828.32 qps: 334827.32 (r/w/o: 334827.32/0.00/0.00) lat (ms,95%): 5.57 err/s: 0.00 reconn/s: 0.00
[ 222s ] thds: 1536 tps: 334722.27 qps: 334721.27 (r/w/o: 334721.27/0.00/0.00) lat (ms,95%): 5.57 err/s: 0.00 reconn/s: 0.00
[ 223s ] thds: 1536 tps: 334649.42 qps: 334651.42 (r/w/o: 334651.42/0.00/0.00) lat (ms,95%): 5.57 err/s: 0.00 reconn/s: 0.00
[ 224s ] thds: 1536 tps: 334721.12 qps: 334720.12 (r/w/o: 334720.12/0.00/0.00) lat (ms,95%): 5.57 err/s: 0.00 reconn/s: 0.00
[ 225s ] thds: 1536 tps: 334769.44 qps: 334771.44 (r/w/o: 334771.44/0.00/0.00) lat (ms,95%): 5.47 err/s: 0.00 reconn/s: 0.00
[ 226s ] thds: 1536 tps: 334712.97 qps: 334708.97 (r/w/o: 334708.97/0.00/0.00) lat (ms,95%): 5.47 err/s: 0.00 reconn/s: 0.00
[ 227s ] thds: 1536 tps: 334806.23 qps: 334808.23 (r/w/o: 334808.23/0.00/0.00) lat (ms,95%): 5.47 err/s: 0.00 reconn/s: 0.00
[ 228s ] thds: 1536 tps: 334720.14 qps: 334722.14 (r/w/o: 334722.14/0.00/0.00) lat (ms,95%): 5.57 err/s: 0.00 reconn/s: 0.00
[ 229s ] thds: 1536 tps: 334722.12 qps: 334721.12 (r/w/o: 334721.12/0.00/0.00) lat (ms,95%): 5.57 err/s: 0.00 reconn/s: 0.00
[ 230s ] thds: 1536 tps: 334704.04 qps: 334704.04 (r/w/o: 334704.04/0.00/0.00) lat (ms,95%): 5.57 err/s: 0.00 reconn/s: 0.00
[ 231s ] thds: 1536 tps: 334699.66 qps: 334701.66 (r/w/o: 334701.66/0.00/0.00) lat (ms,95%): 5.47 err/s: 0.00 reconn/s: 0.00
[ 232s ] thds: 1536 tps: 334725.50 qps: 334725.50 (r/w/o: 334725.50/0.00/0.00) lat (ms,95%): 5.47 err/s: 0.00 reconn/s: 0.00
[ 233s ] thds: 1536 tps: 335300.74 qps: 335298.74 (r/w/o: 335298.74/0.00/0.00) lat (ms,95%): 5.37 err/s: 0.00 reconn/s: 0.00
[ 234s ] thds: 1536 tps: 334699.53 qps: 334695.53 (r/w/o: 334695.53/0.00/0.00) lat (ms,95%): 5.47 err/s: 0.00 reconn/s: 0.00
[ 235s ] thds: 1536 tps: 334695.92 qps: 334694.92 (r/w/o: 334694.92/0.00/0.00) lat (ms,95%): 5.47 err/s: 0.00 reconn/s: 0.00
[ 236s ] thds: 1536 tps: 334673.04 qps: 334676.04 (r/w/o: 334676.04/0.00/0.00) lat (ms,95%): 5.47 err/s: 0.00 reconn/s: 0.00
[ 237s ] thds: 1536 tps: 334703.24 qps: 334705.24 (r/w/o: 334705.24/0.00/0.00) lat (ms,95%): 5.47 err/s: 0.00 reconn/s: 0.00
[ 238s ] thds: 1536 tps: 334649.46 qps: 334650.46 (r/w/o: 334650.46/0.00/0.00) lat (ms,95%): 5.47 err/s: 0.00 reconn/s: 0.00
[ 239s ] thds: 1536 tps: 334648.30 qps: 334647.30 (r/w/o: 334647.30/0.00/0.00) lat (ms,95%): 5.47 err/s: 0.00 reconn/s: 0.00
[ 240s ] thds: 1536 tps: 334634.62 qps: 334632.62 (r/w/o: 334632.62/0.00/0.00) lat (ms,95%): 5.57 err/s: 0.00 reconn/s: 0.00
[ 241s ] thds: 1536 tps: 334732.02 qps: 334733.02 (r/w/o: 334733.02/0.00/0.00) lat (ms,95%): 5.57 err/s: 0.00 reconn/s: 0.00
[ 242s ] thds: 1536 tps: 334670.64 qps: 334668.64 (r/w/o: 334668.64/0.00/0.00) lat (ms,95%): 5.57 err/s: 0.00 reconn/s: 0.00
[ 243s ] thds: 1536 tps: 334614.34 qps: 334617.34 (r/w/o: 334617.34/0.00/0.00) lat (ms,95%): 5.47 err/s: 0.00 reconn/s: 0.00
[ 244s ] thds: 1536 tps: 334615.64 qps: 334613.64 (r/w/o: 334613.64/0.00/0.00) lat (ms,95%): 5.47 err/s: 0.00 reconn/s: 0.00
[ 245s ] thds: 1536 tps: 334645.11 qps: 334649.11 (r/w/o: 334649.11/0.00/0.00) lat (ms,95%): 5.57 err/s: 0.00 reconn/s: 0.00
[ 246s ] thds: 1536 tps: 334640.21 qps: 334640.21 (r/w/o: 334640.21/0.00/0.00) lat (ms,95%): 5.57 err/s: 0.00 reconn/s: 0.00
[ 247s ] thds: 1536 tps: 334608.95 qps: 334606.95 (r/w/o: 334606.95/0.00/0.00) lat (ms,95%): 5.47 err/s: 0.00 reconn/s: 0.00
[ 248s ] thds: 1536 tps: 334646.80 qps: 334644.80 (r/w/o: 334644.80/0.00/0.00) lat (ms,95%): 5.47 err/s: 0.00 reconn/s: 0.00
[ 249s ] thds: 1536 tps: 334722.14 qps: 334722.14 (r/w/o: 334722.14/0.00/0.00) lat (ms,95%): 5.57 err/s: 0.00 reconn/s: 0.00
[ 250s ] thds: 1536 tps: 334727.41 qps: 334730.41 (r/w/o: 334730.41/0.00/0.00) lat (ms,95%): 5.57 err/s: 0.00 reconn/s: 0.00
[ 251s ] thds: 1536 tps: 334753.54 qps: 334749.54 (r/w/o: 334749.54/0.00/0.00) lat (ms,95%): 5.57 err/s: 0.00 reconn/s: 0.00
[ 252s ] thds: 1536 tps: 334752.98 qps: 334752.98 (r/w/o: 334752.98/0.00/0.00) lat (ms,95%): 5.57 err/s: 0.00 reconn/s: 0.00
[ 253s ] thds: 1536 tps: 334738.81 qps: 334741.81 (r/w/o: 334741.81/0.00/0.00) lat (ms,95%): 5.57 err/s: 0.00 reconn/s: 0.00
[ 254s ] thds: 1536 tps: 334693.90 qps: 334692.90 (r/w/o: 334692.90/0.00/0.00) lat (ms,95%): 5.57 err/s: 0.00 reconn/s: 0.00
[ 255s ] thds: 1536 tps: 334640.02 qps: 334643.02 (r/w/o: 334643.02/0.00/0.00) lat (ms,95%): 5.57 err/s: 0.00 reconn/s: 0.00
[ 256s ] thds: 1536 tps: 334611.78 qps: 334609.78 (r/w/o: 334609.78/0.00/0.00) lat (ms,95%): 5.57 err/s: 0.00 reconn/s: 0.00
[ 257s ] thds: 1536 tps: 334724.08 qps: 334725.08 (r/w/o: 334725.08/0.00/0.00) lat (ms,95%): 5.57 err/s: 0.00 reconn/s: 0.00
[ 258s ] thds: 1536 tps: 334709.50 qps: 334709.50 (r/w/o: 334709.50/0.00/0.00) lat (ms,95%): 5.47 err/s: 0.00 reconn/s: 0.00
[ 259s ] thds: 1536 tps: 334689.77 qps: 334686.77 (r/w/o: 334686.77/0.00/0.00) lat (ms,95%): 5.57 err/s: 0.00 reconn/s: 0.00
[ 260s ] thds: 1536 tps: 334640.02 qps: 334637.02 (r/w/o: 334637.02/0.00/0.00) lat (ms,95%): 5.57 err/s: 0.00 reconn/s: 0.00
[ 261s ] thds: 1536 tps: 334652.46 qps: 334659.46 (r/w/o: 334659.46/0.00/0.00) lat (ms,95%): 5.57 err/s: 0.00 reconn/s: 0.00
[ 262s ] thds: 1536 tps: 334631.87 qps: 334625.87 (r/w/o: 334625.87/0.00/0.00) lat (ms,95%): 5.47 err/s: 0.00 reconn/s: 0.00
[ 263s ] thds: 1536 tps: 346054.26 qps: 346055.26 (r/w/o: 346055.26/0.00/0.00) lat (ms,95%): 5.57 err/s: 0.00 reconn/s: 0.00
[ 264s ] thds: 1536 tps: 336306.76 qps: 336308.76 (r/w/o: 336308.76/0.00/0.00) lat (ms,95%): 5.47 err/s: 0.00 reconn/s: 0.00
[ 265s ] thds: 1536 tps: 334726.77 qps: 334724.77 (r/w/o: 334724.77/0.00/0.00) lat (ms,95%): 5.47 err/s: 0.00 reconn/s: 0.00
[ 266s ] thds: 1536 tps: 334721.70 qps: 334726.70 (r/w/o: 334726.70/0.00/0.00) lat (ms,95%): 5.47 err/s: 0.00 reconn/s: 0.00
[ 267s ] thds: 1536 tps: 334712.99 qps: 334712.99 (r/w/o: 334712.99/0.00/0.00) lat (ms,95%): 5.57 err/s: 0.00 reconn/s: 0.00
[ 268s ] thds: 1536 tps: 334811.09 qps: 334809.09 (r/w/o: 334809.09/0.00/0.00) lat (ms,95%): 5.47 err/s: 0.00 reconn/s: 0.00
[ 269s ] thds: 1536 tps: 335042.34 qps: 335038.34 (r/w/o: 335038.34/0.00/0.00) lat (ms,95%): 5.37 err/s: 0.00 reconn/s: 0.00
[ 270s ] thds: 1536 tps: 334723.62 qps: 334727.62 (r/w/o: 334727.62/0.00/0.00) lat (ms,95%): 5.37 err/s: 0.00 reconn/s: 0.00
[ 271s ] thds: 1536 tps: 354718.17 qps: 354719.17 (r/w/o: 354719.17/0.00/0.00) lat (ms,95%): 5.57 err/s: 0.00 reconn/s: 0.00
[ 272s ] thds: 1536 tps: 354271.49 qps: 354272.49 (r/w/o: 354272.49/0.00/0.00) lat (ms,95%): 5.47 err/s: 0.00 reconn/s: 0.00
[ 273s ] thds: 1536 tps: 334705.78 qps: 334703.78 (r/w/o: 334703.78/0.00/0.00) lat (ms,95%): 5.47 err/s: 0.00 reconn/s: 0.00
[ 274s ] thds: 1536 tps: 334755.37 qps: 334752.37 (r/w/o: 334752.37/0.00/0.00) lat (ms,95%): 5.47 err/s: 0.00 reconn/s: 0.00
[ 275s ] thds: 1536 tps: 334615.68 qps: 334616.68 (r/w/o: 334616.68/0.00/0.00) lat (ms,95%): 5.47 err/s: 0.00 reconn/s: 0.00
[ 276s ] thds: 1536 tps: 334689.79 qps: 334693.79 (r/w/o: 334693.79/0.00/0.00) lat (ms,95%): 5.57 err/s: 0.00 reconn/s: 0.00
[ 277s ] thds: 1536 tps: 334663.90 qps: 334659.90 (r/w/o: 334659.90/0.00/0.00) lat (ms,95%): 5.57 err/s: 0.00 reconn/s: 0.00
[ 278s ] thds: 1536 tps: 334695.84 qps: 334697.84 (r/w/o: 334697.84/0.00/0.00) lat (ms,95%): 5.47 err/s: 0.00 reconn/s: 0.00
[ 279s ] thds: 1536 tps: 365572.46 qps: 365572.46 (r/w/o: 365572.46/0.00/0.00) lat (ms,95%): 5.28 err/s: 0.00 reconn/s: 0.00
[ 280s ] thds: 1536 tps: 336294.16 qps: 336292.16 (r/w/o: 336292.16/0.00/0.00) lat (ms,95%): 5.47 err/s: 0.00 reconn/s: 0.00
[ 281s ] thds: 1536 tps: 334727.76 qps: 334728.76 (r/w/o: 334728.76/0.00/0.00) lat (ms,95%): 5.47 err/s: 0.00 reconn/s: 0.00
[ 282s ] thds: 1536 tps: 334731.59 qps: 334734.59 (r/w/o: 334734.59/0.00/0.00) lat (ms,95%): 5.47 err/s: 0.00 reconn/s: 0.00
[ 283s ] thds: 1536 tps: 334724.70 qps: 334721.70 (r/w/o: 334721.70/0.00/0.00) lat (ms,95%): 5.47 err/s: 0.00 reconn/s: 0.00
[ 284s ] thds: 1536 tps: 334829.12 qps: 334830.12 (r/w/o: 334830.12/0.00/0.00) lat (ms,95%): 5.47 err/s: 0.00 reconn/s: 0.00
[ 285s ] thds: 1536 tps: 334750.28 qps: 334747.28 (r/w/o: 334747.28/0.00/0.00) lat (ms,95%): 5.37 err/s: 0.00 reconn/s: 0.00
[ 286s ] thds: 1536 tps: 334671.58 qps: 334673.58 (r/w/o: 334673.58/0.00/0.00) lat (ms,95%): 5.37 err/s: 0.00 reconn/s: 0.00
[ 287s ] thds: 1536 tps: 355043.91 qps: 355046.91 (r/w/o: 355046.91/0.00/0.00) lat (ms,95%): 5.37 err/s: 0.00 reconn/s: 0.00
[ 288s ] thds: 1536 tps: 334728.02 qps: 334726.02 (r/w/o: 334726.02/0.00/0.00) lat (ms,95%): 5.47 err/s: 0.00 reconn/s: 0.00
[ 289s ] thds: 1536 tps: 334769.71 qps: 334770.71 (r/w/o: 334770.71/0.00/0.00) lat (ms,95%): 5.47 err/s: 0.00 reconn/s: 0.00
[ 290s ] thds: 1536 tps: 334722.91 qps: 334719.91 (r/w/o: 334719.91/0.00/0.00) lat (ms,95%): 5.47 err/s: 0.00 reconn/s: 0.00
[ 291s ] thds: 1536 tps: 334672.08 qps: 334674.08 (r/w/o: 334674.08/0.00/0.00) lat (ms,95%): 5.47 err/s: 0.00 reconn/s: 0.00
[ 292s ] thds: 1536 tps: 334734.80 qps: 334734.80 (r/w/o: 334734.80/0.00/0.00) lat (ms,95%): 5.47 err/s: 0.00 reconn/s: 0.00
[ 293s ] thds: 1536 tps: 334770.04 qps: 334771.04 (r/w/o: 334771.04/0.00/0.00) lat (ms,95%): 5.37 err/s: 0.00 reconn/s: 0.00
[ 294s ] thds: 1536 tps: 334706.73 qps: 334707.73 (r/w/o: 334707.73/0.00/0.00) lat (ms,95%): 5.37 err/s: 0.00 reconn/s: 0.00
[ 295s ] thds: 1536 tps: 334738.29 qps: 334733.29 (r/w/o: 334733.29/0.00/0.00) lat (ms,95%): 5.47 err/s: 0.00 reconn/s: 0.00
[ 296s ] thds: 1536 tps: 334662.37 qps: 334667.37 (r/w/o: 334667.37/0.00/0.00) lat (ms,95%): 5.47 err/s: 0.00 reconn/s: 0.00
[ 297s ] thds: 1536 tps: 334736.07 qps: 334734.07 (r/w/o: 334734.07/0.00/0.00) lat (ms,95%): 5.47 err/s: 0.00 reconn/s: 0.00
[ 298s ] thds: 1536 tps: 334809.78 qps: 334807.78 (r/w/o: 334807.78/0.00/0.00) lat (ms,95%): 5.37 err/s: 0.00 reconn/s: 0.00
[ 299s ] thds: 1536 tps: 335535.40 qps: 335538.40 (r/w/o: 335538.40/0.00/0.00) lat (ms,95%): 5.37 err/s: 0.00 reconn/s: 0.00
[ 300s ] thds: 1536 tps: 325842.61 qps: 325843.61 (r/w/o: 325843.61/0.00/0.00) lat (ms,95%): 5.47 err/s: 0.00 reconn/s: 0.00
SQL statistics:
    queries performed:
        read:                            100902123
        write:                           0
        other:                           0
        total:                           100902123
    transactions:                        100902123 (336016.53 per sec.)
    queries:                             100902123 (336016.53 per sec.)
    ignored errors:                      0      (0.00 per sec.)
    reconnects:                          0      (0.00 per sec.)

General statistics:
    total time:                          300.2877s
    total number of events:              100902123

Latency (ms):
         min:                                    0.05
         avg:                                    4.56
         max:                                 1816.10
         95th percentile:                        5.47
         sum:                            460430211.64

Threads fairness:
    events (avg/stddev):           65691.4863/1404.39
    execution time (avg/stddev):   299.7593/0.09

