sysbench 1.0.20 (using bundled LuaJIT 2.1.0-beta2)

Running the test with following options:
Number of threads: 16
Report intermediate results every 1 second(s)
Initializing random number generator from current time


Initializing worker threads...

Threads started!

[ 1s ] thds: 16 tps: 8724.03 qps: 139757.17 (r/w/o: 122293.14/0.00/17464.03) lat (ms,95%): 2.18 err/s: 0.00 reconn/s: 0.00
[ 2s ] thds: 16 tps: 9423.58 qps: 150766.27 (r/w/o: 131920.11/0.00/18846.16) lat (ms,95%): 1.96 err/s: 0.00 reconn/s: 0.00
[ 3s ] thds: 16 tps: 9377.16 qps: 150029.63 (r/w/o: 131274.30/0.00/18755.33) lat (ms,95%): 2.03 err/s: 0.00 reconn/s: 0.00
[ 4s ] thds: 16 tps: 9365.07 qps: 149842.13 (r/w/o: 131111.99/0.00/18730.14) lat (ms,95%): 2.03 err/s: 0.00 reconn/s: 0.00
[ 5s ] thds: 16 tps: 9555.92 qps: 152872.66 (r/w/o: 133761.83/0.00/19110.83) lat (ms,95%): 1.82 err/s: 0.00 reconn/s: 0.00
[ 6s ] thds: 16 tps: 9490.16 qps: 151844.54 (r/w/o: 132864.22/0.00/18980.32) lat (ms,95%): 1.96 err/s: 0.00 reconn/s: 0.00
[ 7s ] thds: 16 tps: 9465.24 qps: 151465.79 (r/w/o: 132534.31/0.00/18931.47) lat (ms,95%): 1.93 err/s: 0.00 reconn/s: 0.00
[ 8s ] thds: 16 tps: 9397.87 qps: 150368.84 (r/w/o: 131573.11/0.00/18795.73) lat (ms,95%): 2.07 err/s: 0.00 reconn/s: 0.00
[ 9s ] thds: 16 tps: 9514.02 qps: 152220.28 (r/w/o: 133192.25/0.00/19028.04) lat (ms,95%): 1.86 err/s: 0.00 reconn/s: 0.00
[ 10s ] thds: 16 tps: 9346.62 qps: 149535.89 (r/w/o: 130843.66/0.00/18692.24) lat (ms,95%): 2.03 err/s: 0.00 reconn/s: 0.00
[ 11s ] thds: 16 tps: 9411.24 qps: 150609.79 (r/w/o: 131786.32/0.00/18823.47) lat (ms,95%): 2.00 err/s: 0.00 reconn/s: 0.00
[ 12s ] thds: 16 tps: 9445.14 qps: 151095.17 (r/w/o: 132204.90/0.00/18890.27) lat (ms,95%): 2.00 err/s: 0.00 reconn/s: 0.00
[ 13s ] thds: 16 tps: 9557.67 qps: 152947.77 (r/w/o: 133832.42/0.00/19115.35) lat (ms,95%): 1.86 err/s: 0.00 reconn/s: 0.00
[ 14s ] thds: 16 tps: 9422.89 qps: 150749.31 (r/w/o: 131903.52/0.00/18845.79) lat (ms,95%): 2.00 err/s: 0.00 reconn/s: 0.00
[ 15s ] thds: 16 tps: 9436.27 qps: 151002.33 (r/w/o: 132129.79/0.00/18872.54) lat (ms,95%): 1.96 err/s: 0.00 reconn/s: 0.00
[ 16s ] thds: 16 tps: 9418.10 qps: 150667.60 (r/w/o: 131831.40/0.00/18836.20) lat (ms,95%): 1.96 err/s: 0.00 reconn/s: 0.00
[ 17s ] thds: 16 tps: 9482.68 qps: 151741.94 (r/w/o: 132776.57/0.00/18965.37) lat (ms,95%): 1.93 err/s: 0.00 reconn/s: 0.00
[ 18s ] thds: 16 tps: 9492.91 qps: 151862.51 (r/w/o: 132877.70/0.00/18984.81) lat (ms,95%): 1.96 err/s: 0.00 reconn/s: 0.00
[ 19s ] thds: 16 tps: 9386.54 qps: 150160.67 (r/w/o: 131387.59/0.00/18773.08) lat (ms,95%): 2.00 err/s: 0.00 reconn/s: 0.00
[ 20s ] thds: 16 tps: 9428.00 qps: 150874.96 (r/w/o: 132018.96/0.00/18855.99) lat (ms,95%): 2.00 err/s: 0.00 reconn/s: 0.00
[ 21s ] thds: 16 tps: 9492.12 qps: 151854.85 (r/w/o: 132870.62/0.00/18984.23) lat (ms,95%): 1.93 err/s: 0.00 reconn/s: 0.00
[ 22s ] thds: 16 tps: 9439.80 qps: 151061.87 (r/w/o: 132182.26/0.00/18879.61) lat (ms,95%): 1.96 err/s: 0.00 reconn/s: 0.00
[ 23s ] thds: 16 tps: 9548.63 qps: 152752.13 (r/w/o: 133653.87/0.00/19098.27) lat (ms,95%): 1.79 err/s: 0.00 reconn/s: 0.00
[ 24s ] thds: 16 tps: 9376.06 qps: 150000.94 (r/w/o: 131249.82/0.00/18751.12) lat (ms,95%): 2.00 err/s: 0.00 reconn/s: 0.00
[ 25s ] thds: 16 tps: 9484.00 qps: 151789.97 (r/w/o: 132820.97/0.00/18969.00) lat (ms,95%): 1.89 err/s: 0.00 reconn/s: 0.00
[ 26s ] thds: 16 tps: 9445.51 qps: 151120.09 (r/w/o: 132229.08/0.00/18891.01) lat (ms,95%): 2.00 err/s: 0.00 reconn/s: 0.00
[ 27s ] thds: 16 tps: 9502.36 qps: 152039.69 (r/w/o: 133035.98/0.00/19003.71) lat (ms,95%): 1.93 err/s: 0.00 reconn/s: 0.00
[ 28s ] thds: 16 tps: 9475.09 qps: 151573.37 (r/w/o: 132622.20/0.00/18951.17) lat (ms,95%): 1.93 err/s: 0.00 reconn/s: 0.00
[ 29s ] thds: 16 tps: 9525.05 qps: 152414.84 (r/w/o: 133364.74/0.00/19050.11) lat (ms,95%): 1.86 err/s: 0.00 reconn/s: 0.00
[ 30s ] thds: 16 tps: 9485.28 qps: 151769.54 (r/w/o: 132798.98/0.00/18970.57) lat (ms,95%): 1.96 err/s: 0.00 reconn/s: 0.00
[ 31s ] thds: 16 tps: 9461.66 qps: 151367.59 (r/w/o: 132445.27/0.00/18922.32) lat (ms,95%): 1.93 err/s: 0.00 reconn/s: 0.00
[ 32s ] thds: 16 tps: 9450.33 qps: 151245.24 (r/w/o: 132343.58/0.00/18901.65) lat (ms,95%): 1.96 err/s: 0.00 reconn/s: 0.00
[ 33s ] thds: 16 tps: 9533.38 qps: 152508.03 (r/w/o: 133441.28/0.00/19066.75) lat (ms,95%): 1.82 err/s: 0.00 reconn/s: 0.00
[ 34s ] thds: 16 tps: 9471.12 qps: 151531.89 (r/w/o: 132589.66/0.00/18942.24) lat (ms,95%): 1.93 err/s: 0.00 reconn/s: 0.00
[ 35s ] thds: 16 tps: 9424.54 qps: 150813.66 (r/w/o: 131965.58/0.00/18848.08) lat (ms,95%): 1.96 err/s: 0.00 reconn/s: 0.00
[ 36s ] thds: 16 tps: 9404.19 qps: 150454.05 (r/w/o: 131644.67/0.00/18809.38) lat (ms,95%): 1.96 err/s: 0.00 reconn/s: 0.00
[ 37s ] thds: 16 tps: 9471.42 qps: 151560.70 (r/w/o: 132617.86/0.00/18942.84) lat (ms,95%): 1.82 err/s: 0.00 reconn/s: 0.00
[ 38s ] thds: 16 tps: 9471.90 qps: 151539.34 (r/w/o: 132595.54/0.00/18943.79) lat (ms,95%): 1.86 err/s: 0.00 reconn/s: 0.00
[ 39s ] thds: 16 tps: 9428.08 qps: 150842.25 (r/w/o: 131986.09/0.00/18856.16) lat (ms,95%): 1.93 err/s: 0.00 reconn/s: 0.00
[ 40s ] thds: 16 tps: 9271.98 qps: 148362.70 (r/w/o: 129818.74/0.00/18543.96) lat (ms,95%): 2.03 err/s: 0.00 reconn/s: 0.00
[ 41s ] thds: 16 tps: 9478.04 qps: 151624.60 (r/w/o: 132669.52/0.00/18955.07) lat (ms,95%): 1.89 err/s: 0.00 reconn/s: 0.00
[ 42s ] thds: 16 tps: 9458.53 qps: 151351.50 (r/w/o: 132433.44/0.00/18918.06) lat (ms,95%): 1.89 err/s: 0.00 reconn/s: 0.00
[ 43s ] thds: 16 tps: 9398.78 qps: 150386.44 (r/w/o: 131588.89/0.00/18797.56) lat (ms,95%): 1.96 err/s: 0.00 reconn/s: 0.00
[ 44s ] thds: 16 tps: 9406.60 qps: 150510.59 (r/w/o: 131697.39/0.00/18813.20) lat (ms,95%): 1.96 err/s: 0.00 reconn/s: 0.00
[ 45s ] thds: 16 tps: 9483.33 qps: 151749.35 (r/w/o: 132783.68/0.00/18965.67) lat (ms,95%): 1.86 err/s: 0.00 reconn/s: 0.00
[ 46s ] thds: 16 tps: 9433.92 qps: 150894.74 (r/w/o: 132027.90/0.00/18866.84) lat (ms,95%): 1.93 err/s: 0.00 reconn/s: 0.00
[ 47s ] thds: 16 tps: 9295.79 qps: 148779.62 (r/w/o: 130186.04/0.00/18593.58) lat (ms,95%): 2.03 err/s: 0.00 reconn/s: 0.00
[ 48s ] thds: 16 tps: 9446.29 qps: 151100.61 (r/w/o: 132209.03/0.00/18891.58) lat (ms,95%): 1.96 err/s: 0.00 reconn/s: 0.00
[ 49s ] thds: 16 tps: 9319.12 qps: 149113.89 (r/w/o: 130475.65/0.00/18638.24) lat (ms,95%): 2.03 err/s: 0.00 reconn/s: 0.00
[ 50s ] thds: 16 tps: 9447.32 qps: 151196.18 (r/w/o: 132301.53/0.00/18894.65) lat (ms,95%): 1.89 err/s: 0.00 reconn/s: 0.00
[ 51s ] thds: 16 tps: 9386.31 qps: 150153.03 (r/w/o: 131381.40/0.00/18771.63) lat (ms,95%): 2.00 err/s: 0.00 reconn/s: 0.00
[ 52s ] thds: 16 tps: 9432.10 qps: 150912.57 (r/w/o: 132047.37/0.00/18865.20) lat (ms,95%): 1.96 err/s: 0.00 reconn/s: 0.00
[ 53s ] thds: 16 tps: 9463.92 qps: 151417.67 (r/w/o: 132489.83/0.00/18927.83) lat (ms,95%): 1.89 err/s: 0.00 reconn/s: 0.00
[ 54s ] thds: 16 tps: 9441.24 qps: 151056.90 (r/w/o: 132174.42/0.00/18882.49) lat (ms,95%): 1.93 err/s: 0.00 reconn/s: 0.00
[ 55s ] thds: 16 tps: 9413.05 qps: 150634.81 (r/w/o: 131808.71/0.00/18826.10) lat (ms,95%): 1.96 err/s: 0.00 reconn/s: 0.00
[ 56s ] thds: 16 tps: 9449.56 qps: 151180.99 (r/w/o: 132280.87/0.00/18900.12) lat (ms,95%): 1.93 err/s: 0.00 reconn/s: 0.00
[ 57s ] thds: 16 tps: 9440.27 qps: 151034.32 (r/w/o: 132154.78/0.00/18879.54) lat (ms,95%): 1.96 err/s: 0.00 reconn/s: 0.00
[ 58s ] thds: 16 tps: 9546.69 qps: 152753.08 (r/w/o: 133658.69/0.00/19094.38) lat (ms,95%): 1.82 err/s: 0.00 reconn/s: 0.00
[ 59s ] thds: 16 tps: 9423.84 qps: 150778.47 (r/w/o: 131930.79/0.00/18847.68) lat (ms,95%): 2.00 err/s: 0.00 reconn/s: 0.00
[ 60s ] thds: 16 tps: 9367.23 qps: 149884.63 (r/w/o: 131150.18/0.00/18734.45) lat (ms,95%): 2.07 err/s: 0.00 reconn/s: 0.00
[ 61s ] thds: 16 tps: 9462.86 qps: 151386.75 (r/w/o: 132462.03/0.00/18924.72) lat (ms,95%): 1.93 err/s: 0.00 reconn/s: 0.00
[ 62s ] thds: 16 tps: 9435.19 qps: 150961.97 (r/w/o: 132090.60/0.00/18871.37) lat (ms,95%): 1.93 err/s: 0.00 reconn/s: 0.00
[ 63s ] thds: 16 tps: 9462.01 qps: 151422.22 (r/w/o: 132498.19/0.00/18924.03) lat (ms,95%): 1.93 err/s: 0.00 reconn/s: 0.00
[ 64s ] thds: 16 tps: 9169.20 qps: 146721.23 (r/w/o: 128382.82/0.00/18338.40) lat (ms,95%): 2.07 err/s: 0.00 reconn/s: 0.00
[ 65s ] thds: 16 tps: 9373.38 qps: 149923.16 (r/w/o: 131177.39/0.00/18745.77) lat (ms,95%): 2.00 err/s: 0.00 reconn/s: 0.00
[ 66s ] thds: 16 tps: 9472.70 qps: 151563.14 (r/w/o: 132616.75/0.00/18946.39) lat (ms,95%): 1.93 err/s: 0.00 reconn/s: 0.00
[ 67s ] thds: 16 tps: 9407.81 qps: 150551.03 (r/w/o: 131735.40/0.00/18815.63) lat (ms,95%): 2.00 err/s: 0.00 reconn/s: 0.00
[ 68s ] thds: 16 tps: 9332.06 qps: 149315.95 (r/w/o: 130651.83/0.00/18664.12) lat (ms,95%): 2.03 err/s: 0.00 reconn/s: 0.00
[ 69s ] thds: 16 tps: 9517.20 qps: 152255.15 (r/w/o: 133220.75/0.00/19034.39) lat (ms,95%): 1.82 err/s: 0.00 reconn/s: 0.00
[ 70s ] thds: 16 tps: 9451.71 qps: 151231.42 (r/w/o: 132327.99/0.00/18903.43) lat (ms,95%): 1.96 err/s: 0.00 reconn/s: 0.00
[ 71s ] thds: 16 tps: 9400.34 qps: 150432.40 (r/w/o: 131631.73/0.00/18800.67) lat (ms,95%): 2.00 err/s: 0.00 reconn/s: 0.00
[ 72s ] thds: 16 tps: 9374.77 qps: 149958.35 (r/w/o: 131208.81/0.00/18749.54) lat (ms,95%): 2.00 err/s: 0.00 reconn/s: 0.00
[ 73s ] thds: 16 tps: 9497.91 qps: 151977.50 (r/w/o: 132981.69/0.00/18995.81) lat (ms,95%): 1.86 err/s: 0.00 reconn/s: 0.00
[ 74s ] thds: 16 tps: 9519.10 qps: 152315.58 (r/w/o: 133277.38/0.00/19038.20) lat (ms,95%): 1.86 err/s: 0.00 reconn/s: 0.00
[ 75s ] thds: 16 tps: 9433.82 qps: 150903.09 (r/w/o: 132035.45/0.00/18867.64) lat (ms,95%): 1.96 err/s: 0.00 reconn/s: 0.00
[ 76s ] thds: 16 tps: 9413.59 qps: 150654.44 (r/w/o: 131828.26/0.00/18826.18) lat (ms,95%): 1.96 err/s: 0.00 reconn/s: 0.00
[ 77s ] thds: 16 tps: 9455.51 qps: 151275.22 (r/w/o: 132363.19/0.00/18912.03) lat (ms,95%): 1.96 err/s: 0.00 reconn/s: 0.00
[ 78s ] thds: 16 tps: 9475.28 qps: 151605.45 (r/w/o: 132654.89/0.00/18950.56) lat (ms,95%): 1.93 err/s: 0.00 reconn/s: 0.00
[ 79s ] thds: 16 tps: 9390.30 qps: 150267.83 (r/w/o: 131487.23/0.00/18780.60) lat (ms,95%): 2.00 err/s: 0.00 reconn/s: 0.00
[ 80s ] thds: 16 tps: 9413.69 qps: 150576.09 (r/w/o: 131749.71/0.00/18826.39) lat (ms,95%): 1.96 err/s: 0.00 reconn/s: 0.00
[ 81s ] thds: 16 tps: 9487.76 qps: 151840.12 (r/w/o: 132863.60/0.00/18976.52) lat (ms,95%): 1.86 err/s: 0.00 reconn/s: 0.00
[ 82s ] thds: 16 tps: 9331.06 qps: 149284.95 (r/w/o: 130622.83/0.00/18662.12) lat (ms,95%): 2.03 err/s: 0.00 reconn/s: 0.00
[ 83s ] thds: 16 tps: 9432.90 qps: 150956.34 (r/w/o: 132090.55/0.00/18865.79) lat (ms,95%): 1.96 err/s: 0.00 reconn/s: 0.00
[ 84s ] thds: 16 tps: 9352.17 qps: 149582.64 (r/w/o: 130881.31/0.00/18701.33) lat (ms,95%): 2.03 err/s: 0.00 reconn/s: 0.00
[ 85s ] thds: 16 tps: 9527.82 qps: 152461.07 (r/w/o: 133402.44/0.00/19058.63) lat (ms,95%): 1.82 err/s: 0.00 reconn/s: 0.00
[ 86s ] thds: 16 tps: 9555.98 qps: 152915.73 (r/w/o: 133803.76/0.00/19111.97) lat (ms,95%): 1.82 err/s: 0.00 reconn/s: 0.00
[ 87s ] thds: 16 tps: 9491.34 qps: 151863.41 (r/w/o: 132880.73/0.00/18982.68) lat (ms,95%): 1.89 err/s: 0.00 reconn/s: 0.00
[ 88s ] thds: 16 tps: 9511.31 qps: 152155.01 (r/w/o: 133133.39/0.00/19021.63) lat (ms,95%): 1.86 err/s: 0.00 reconn/s: 0.00
[ 89s ] thds: 16 tps: 9548.08 qps: 152793.36 (r/w/o: 133696.19/0.00/19097.17) lat (ms,95%): 1.82 err/s: 0.00 reconn/s: 0.00
[ 90s ] thds: 16 tps: 9511.08 qps: 152162.30 (r/w/o: 133140.14/0.00/19022.16) lat (ms,95%): 1.89 err/s: 0.00 reconn/s: 0.00
[ 91s ] thds: 16 tps: 9378.55 qps: 150051.74 (r/w/o: 131295.65/0.00/18756.09) lat (ms,95%): 2.03 err/s: 0.00 reconn/s: 0.00
[ 92s ] thds: 16 tps: 9347.33 qps: 149561.24 (r/w/o: 130865.59/0.00/18695.66) lat (ms,95%): 2.03 err/s: 0.00 reconn/s: 0.00
[ 93s ] thds: 16 tps: 9435.28 qps: 150950.52 (r/w/o: 132079.95/0.00/18870.56) lat (ms,95%): 2.00 err/s: 0.00 reconn/s: 0.00
[ 94s ] thds: 16 tps: 9502.35 qps: 152036.61 (r/w/o: 133031.91/0.00/19004.70) lat (ms,95%): 1.93 err/s: 0.00 reconn/s: 0.00
[ 95s ] thds: 16 tps: 9423.54 qps: 150801.68 (r/w/o: 131954.60/0.00/18847.09) lat (ms,95%): 2.03 err/s: 0.00 reconn/s: 0.00
[ 96s ] thds: 16 tps: 9336.38 qps: 149361.12 (r/w/o: 130691.36/0.00/18669.77) lat (ms,95%): 2.03 err/s: 0.00 reconn/s: 0.00
[ 97s ] thds: 16 tps: 9469.94 qps: 151520.12 (r/w/o: 132578.23/0.00/18941.89) lat (ms,95%): 1.93 err/s: 0.00 reconn/s: 0.00
[ 98s ] thds: 16 tps: 9456.93 qps: 151314.82 (r/w/o: 132400.96/0.00/18913.85) lat (ms,95%): 2.00 err/s: 0.00 reconn/s: 0.00
[ 99s ] thds: 16 tps: 9398.92 qps: 150398.72 (r/w/o: 131601.88/0.00/18796.84) lat (ms,95%): 2.03 err/s: 0.00 reconn/s: 0.00
[ 100s ] thds: 16 tps: 9440.33 qps: 151017.31 (r/w/o: 132134.65/0.00/18882.66) lat (ms,95%): 2.00 err/s: 0.00 reconn/s: 0.00
[ 101s ] thds: 16 tps: 9557.63 qps: 152968.13 (r/w/o: 133852.87/0.00/19115.27) lat (ms,95%): 1.86 err/s: 0.00 reconn/s: 0.00
[ 102s ] thds: 16 tps: 9512.45 qps: 152169.22 (r/w/o: 133145.31/0.00/19023.90) lat (ms,95%): 1.89 err/s: 0.00 reconn/s: 0.00
[ 103s ] thds: 16 tps: 9280.73 qps: 148460.71 (r/w/o: 129898.24/0.00/18562.46) lat (ms,95%): 2.07 err/s: 0.00 reconn/s: 0.00
[ 104s ] thds: 16 tps: 9565.86 qps: 153084.74 (r/w/o: 133953.02/0.00/19131.72) lat (ms,95%): 1.86 err/s: 0.00 reconn/s: 0.00
[ 105s ] thds: 16 tps: 9579.44 qps: 153299.06 (r/w/o: 134140.18/0.00/19158.88) lat (ms,95%): 1.82 err/s: 0.00 reconn/s: 0.00
[ 106s ] thds: 16 tps: 9440.50 qps: 151039.94 (r/w/o: 132158.95/0.00/18880.99) lat (ms,95%): 1.96 err/s: 0.00 reconn/s: 0.00
[ 107s ] thds: 16 tps: 9434.14 qps: 150947.19 (r/w/o: 132078.92/0.00/18868.27) lat (ms,95%): 2.00 err/s: 0.00 reconn/s: 0.00
[ 108s ] thds: 16 tps: 9469.34 qps: 151493.47 (r/w/o: 132553.79/0.00/18939.68) lat (ms,95%): 1.96 err/s: 0.00 reconn/s: 0.00
[ 109s ] thds: 16 tps: 9547.70 qps: 152778.19 (r/w/o: 133683.79/0.00/19094.40) lat (ms,95%): 1.89 err/s: 0.00 reconn/s: 0.00
[ 110s ] thds: 16 tps: 9500.86 qps: 152000.73 (r/w/o: 132999.01/0.00/19001.72) lat (ms,95%): 1.96 err/s: 0.00 reconn/s: 0.00
[ 111s ] thds: 16 tps: 9386.43 qps: 150195.92 (r/w/o: 131423.05/0.00/18772.86) lat (ms,95%): 2.00 err/s: 0.00 reconn/s: 0.00
[ 112s ] thds: 16 tps: 9405.71 qps: 150469.42 (r/w/o: 131658.99/0.00/18810.43) lat (ms,95%): 2.03 err/s: 0.00 reconn/s: 0.00
[ 113s ] thds: 16 tps: 9565.98 qps: 153093.60 (r/w/o: 133960.65/0.00/19132.95) lat (ms,95%): 1.82 err/s: 0.00 reconn/s: 0.00
[ 114s ] thds: 16 tps: 9479.66 qps: 151640.60 (r/w/o: 132682.27/0.00/18958.33) lat (ms,95%): 1.96 err/s: 0.00 reconn/s: 0.00
[ 115s ] thds: 16 tps: 9494.15 qps: 151911.46 (r/w/o: 132922.15/0.00/18989.31) lat (ms,95%): 1.93 err/s: 0.00 reconn/s: 0.00
[ 116s ] thds: 16 tps: 9612.01 qps: 153798.22 (r/w/o: 134574.19/0.00/19224.03) lat (ms,95%): 1.79 err/s: 0.00 reconn/s: 0.00
[ 117s ] thds: 16 tps: 9606.43 qps: 153685.80 (r/w/o: 134473.95/0.00/19211.85) lat (ms,95%): 1.82 err/s: 0.00 reconn/s: 0.00
[ 118s ] thds: 16 tps: 9547.84 qps: 152783.41 (r/w/o: 133687.74/0.00/19095.68) lat (ms,95%): 1.89 err/s: 0.00 reconn/s: 0.00
[ 119s ] thds: 16 tps: 9553.89 qps: 152864.31 (r/w/o: 133755.52/0.00/19108.79) lat (ms,95%): 1.89 err/s: 0.00 reconn/s: 0.00
[ 120s ] thds: 16 tps: 9429.39 qps: 150864.25 (r/w/o: 132006.47/0.00/18857.78) lat (ms,95%): 2.00 err/s: 0.00 reconn/s: 0.00
[ 121s ] thds: 16 tps: 9491.49 qps: 151864.77 (r/w/o: 132880.80/0.00/18983.97) lat (ms,95%): 1.93 err/s: 0.00 reconn/s: 0.00
[ 122s ] thds: 16 tps: 9418.21 qps: 150704.30 (r/w/o: 131867.88/0.00/18836.41) lat (ms,95%): 2.03 err/s: 0.00 reconn/s: 0.00
[ 123s ] thds: 16 tps: 9430.24 qps: 150873.88 (r/w/o: 132013.40/0.00/18860.49) lat (ms,95%): 2.00 err/s: 0.00 reconn/s: 0.00
[ 124s ] thds: 16 tps: 9434.92 qps: 150976.67 (r/w/o: 132106.84/0.00/18869.83) lat (ms,95%): 2.00 err/s: 0.00 reconn/s: 0.00
[ 125s ] thds: 16 tps: 9541.73 qps: 152661.70 (r/w/o: 133578.24/0.00/19083.46) lat (ms,95%): 1.89 err/s: 0.00 reconn/s: 0.00
[ 126s ] thds: 16 tps: 9513.93 qps: 152190.91 (r/w/o: 133163.05/0.00/19027.86) lat (ms,95%): 1.96 err/s: 0.00 reconn/s: 0.00
[ 127s ] thds: 16 tps: 9558.11 qps: 152930.77 (r/w/o: 133814.54/0.00/19116.22) lat (ms,95%): 1.89 err/s: 0.00 reconn/s: 0.00
[ 128s ] thds: 16 tps: 9486.38 qps: 151769.12 (r/w/o: 132796.35/0.00/18972.76) lat (ms,95%): 1.96 err/s: 0.00 reconn/s: 0.00
[ 129s ] thds: 16 tps: 9450.69 qps: 151246.03 (r/w/o: 132344.65/0.00/18901.38) lat (ms,95%): 1.96 err/s: 0.00 reconn/s: 0.00
[ 130s ] thds: 16 tps: 9611.97 qps: 153745.44 (r/w/o: 134522.51/0.00/19222.93) lat (ms,95%): 1.82 err/s: 0.00 reconn/s: 0.00
[ 131s ] thds: 16 tps: 9545.77 qps: 152739.25 (r/w/o: 133647.72/0.00/19091.53) lat (ms,95%): 1.93 err/s: 0.00 reconn/s: 0.00
[ 132s ] thds: 16 tps: 9469.70 qps: 151552.16 (r/w/o: 132611.76/0.00/18940.39) lat (ms,95%): 1.96 err/s: 0.00 reconn/s: 0.00
[ 133s ] thds: 16 tps: 9535.83 qps: 152533.26 (r/w/o: 133461.61/0.00/19071.66) lat (ms,95%): 1.93 err/s: 0.00 reconn/s: 0.00
[ 134s ] thds: 16 tps: 9604.52 qps: 153692.37 (r/w/o: 134483.33/0.00/19209.05) lat (ms,95%): 1.82 err/s: 0.00 reconn/s: 0.00
[ 135s ] thds: 16 tps: 9610.06 qps: 153755.92 (r/w/o: 134537.81/0.00/19218.12) lat (ms,95%): 1.86 err/s: 0.00 reconn/s: 0.00
[ 136s ] thds: 16 tps: 9382.15 qps: 150129.33 (r/w/o: 131363.04/0.00/18766.29) lat (ms,95%): 2.03 err/s: 0.00 reconn/s: 0.00
[ 137s ] thds: 16 tps: 9603.48 qps: 153621.64 (r/w/o: 134415.69/0.00/19205.95) lat (ms,95%): 1.82 err/s: 0.00 reconn/s: 0.00
[ 138s ] thds: 16 tps: 9476.44 qps: 151662.97 (r/w/o: 132710.10/0.00/18952.87) lat (ms,95%): 2.00 err/s: 0.00 reconn/s: 0.00
[ 139s ] thds: 16 tps: 9448.86 qps: 151172.68 (r/w/o: 132273.97/0.00/18898.71) lat (ms,95%): 2.00 err/s: 0.00 reconn/s: 0.00
[ 140s ] thds: 16 tps: 9486.20 qps: 151752.25 (r/w/o: 132780.85/0.00/18971.41) lat (ms,95%): 2.00 err/s: 0.00 reconn/s: 0.00
[ 141s ] thds: 16 tps: 9606.91 qps: 153716.51 (r/w/o: 134502.70/0.00/19213.81) lat (ms,95%): 1.86 err/s: 0.00 reconn/s: 0.00
[ 142s ] thds: 16 tps: 9474.95 qps: 151604.27 (r/w/o: 132653.36/0.00/18950.91) lat (ms,95%): 2.00 err/s: 0.00 reconn/s: 0.00
[ 143s ] thds: 16 tps: 9618.05 qps: 153920.86 (r/w/o: 134684.75/0.00/19236.11) lat (ms,95%): 1.82 err/s: 0.00 reconn/s: 0.00
[ 144s ] thds: 16 tps: 9567.38 qps: 153048.07 (r/w/o: 133915.31/0.00/19132.76) lat (ms,95%): 1.89 err/s: 0.00 reconn/s: 0.00
[ 145s ] thds: 16 tps: 9490.56 qps: 151852.97 (r/w/o: 132869.85/0.00/18983.12) lat (ms,95%): 1.96 err/s: 0.00 reconn/s: 0.00
[ 146s ] thds: 16 tps: 9654.01 qps: 154495.15 (r/w/o: 135187.13/0.00/19308.02) lat (ms,95%): 1.79 err/s: 0.00 reconn/s: 0.00
[ 147s ] thds: 16 tps: 9471.21 qps: 151512.42 (r/w/o: 132571.99/0.00/18940.43) lat (ms,95%): 1.96 err/s: 0.00 reconn/s: 0.00
[ 148s ] thds: 16 tps: 9609.74 qps: 153759.88 (r/w/o: 134538.39/0.00/19221.48) lat (ms,95%): 1.82 err/s: 0.00 reconn/s: 0.00
[ 149s ] thds: 16 tps: 9656.80 qps: 154471.79 (r/w/o: 135159.19/0.00/19312.60) lat (ms,95%): 1.82 err/s: 0.00 reconn/s: 0.00
[ 150s ] thds: 16 tps: 9426.64 qps: 150865.18 (r/w/o: 132010.91/0.00/18854.27) lat (ms,95%): 2.00 err/s: 0.00 reconn/s: 0.00
[ 151s ] thds: 16 tps: 9561.55 qps: 153005.75 (r/w/o: 133882.65/0.00/19123.09) lat (ms,95%): 1.93 err/s: 0.00 reconn/s: 0.00
[ 152s ] thds: 16 tps: 9587.29 qps: 153362.62 (r/w/o: 134188.04/0.00/19174.58) lat (ms,95%): 1.79 err/s: 0.00 reconn/s: 0.00
[ 153s ] thds: 16 tps: 9533.61 qps: 152572.81 (r/w/o: 133505.58/0.00/19067.23) lat (ms,95%): 1.93 err/s: 0.00 reconn/s: 0.00
[ 154s ] thds: 16 tps: 9591.30 qps: 153444.79 (r/w/o: 134262.19/0.00/19182.60) lat (ms,95%): 1.89 err/s: 0.00 reconn/s: 0.00
[ 155s ] thds: 16 tps: 9474.91 qps: 151604.55 (r/w/o: 132654.73/0.00/18949.82) lat (ms,95%): 1.96 err/s: 0.00 reconn/s: 0.00
[ 156s ] thds: 16 tps: 9518.85 qps: 152273.60 (r/w/o: 133235.90/0.00/19037.70) lat (ms,95%): 1.96 err/s: 0.00 reconn/s: 0.00
[ 157s ] thds: 16 tps: 9652.39 qps: 154463.20 (r/w/o: 135159.43/0.00/19303.78) lat (ms,95%): 1.79 err/s: 0.00 reconn/s: 0.00
[ 158s ] thds: 16 tps: 9567.66 qps: 153073.53 (r/w/o: 133937.22/0.00/19136.32) lat (ms,95%): 1.96 err/s: 0.00 reconn/s: 0.00
[ 159s ] thds: 16 tps: 9595.80 qps: 153532.82 (r/w/o: 134342.22/0.00/19190.60) lat (ms,95%): 1.89 err/s: 0.00 reconn/s: 0.00
[ 160s ] thds: 16 tps: 9536.25 qps: 152596.04 (r/w/o: 133522.54/0.00/19073.51) lat (ms,95%): 1.96 err/s: 0.00 reconn/s: 0.00
[ 161s ] thds: 16 tps: 9631.99 qps: 154101.91 (r/w/o: 134837.92/0.00/19263.99) lat (ms,95%): 1.82 err/s: 0.00 reconn/s: 0.00
[ 162s ] thds: 16 tps: 9625.83 qps: 154039.29 (r/w/o: 134788.63/0.00/19250.66) lat (ms,95%): 1.79 err/s: 0.00 reconn/s: 0.00
[ 163s ] thds: 16 tps: 9502.28 qps: 152006.47 (r/w/o: 133000.91/0.00/19005.56) lat (ms,95%): 1.96 err/s: 0.00 reconn/s: 0.00
[ 164s ] thds: 16 tps: 9281.87 qps: 148531.97 (r/w/o: 129968.22/0.00/18563.75) lat (ms,95%): 2.07 err/s: 0.00 reconn/s: 0.00
[ 165s ] thds: 16 tps: 9544.60 qps: 152688.52 (r/w/o: 133598.33/0.00/19090.19) lat (ms,95%): 1.96 err/s: 0.00 reconn/s: 0.00
[ 166s ] thds: 16 tps: 9628.06 qps: 154049.02 (r/w/o: 134793.89/0.00/19255.13) lat (ms,95%): 1.82 err/s: 0.00 reconn/s: 0.00
[ 167s ] thds: 16 tps: 9512.31 qps: 152216.00 (r/w/o: 133191.37/0.00/19024.63) lat (ms,95%): 1.96 err/s: 0.00 reconn/s: 0.00
[ 168s ] thds: 16 tps: 9604.77 qps: 153661.29 (r/w/o: 134452.75/0.00/19208.54) lat (ms,95%): 1.82 err/s: 0.00 reconn/s: 0.00
[ 169s ] thds: 16 tps: 9576.25 qps: 153208.07 (r/w/o: 134054.56/0.00/19153.51) lat (ms,95%): 1.93 err/s: 0.00 reconn/s: 0.00
[ 170s ] thds: 16 tps: 9644.07 qps: 154337.12 (r/w/o: 135048.98/0.00/19288.14) lat (ms,95%): 1.79 err/s: 0.00 reconn/s: 0.00
[ 171s ] thds: 16 tps: 9609.46 qps: 153726.38 (r/w/o: 134508.46/0.00/19217.92) lat (ms,95%): 1.89 err/s: 0.00 reconn/s: 0.00
[ 172s ] thds: 16 tps: 9562.39 qps: 152999.30 (r/w/o: 133874.51/0.00/19124.79) lat (ms,95%): 1.93 err/s: 0.00 reconn/s: 0.00
[ 173s ] thds: 16 tps: 9504.24 qps: 152075.81 (r/w/o: 133066.33/0.00/19009.48) lat (ms,95%): 1.96 err/s: 0.00 reconn/s: 0.00
[ 174s ] thds: 16 tps: 9614.16 qps: 153855.48 (r/w/o: 134627.17/0.00/19228.31) lat (ms,95%): 1.82 err/s: 0.00 reconn/s: 0.00
[ 175s ] thds: 16 tps: 9561.75 qps: 152947.96 (r/w/o: 133824.46/0.00/19123.49) lat (ms,95%): 1.93 err/s: 0.00 reconn/s: 0.00
[ 176s ] thds: 16 tps: 9440.10 qps: 151053.54 (r/w/o: 132173.35/0.00/18880.19) lat (ms,95%): 2.03 err/s: 0.00 reconn/s: 0.00
[ 177s ] thds: 16 tps: 9613.53 qps: 153806.53 (r/w/o: 134580.46/0.00/19226.07) lat (ms,95%): 1.86 err/s: 0.00 reconn/s: 0.00
[ 178s ] thds: 16 tps: 9619.58 qps: 153924.32 (r/w/o: 134685.15/0.00/19239.16) lat (ms,95%): 1.82 err/s: 0.00 reconn/s: 0.00
[ 179s ] thds: 16 tps: 9423.26 qps: 150764.17 (r/w/o: 131917.65/0.00/18846.52) lat (ms,95%): 2.00 err/s: 0.00 reconn/s: 0.00
[ 180s ] thds: 16 tps: 9590.28 qps: 153436.47 (r/w/o: 134255.91/0.00/19180.56) lat (ms,95%): 1.89 err/s: 0.00 reconn/s: 0.00
[ 181s ] thds: 16 tps: 9543.54 qps: 152700.68 (r/w/o: 133612.59/0.00/19088.08) lat (ms,95%): 1.96 err/s: 0.00 reconn/s: 0.00
[ 182s ] thds: 16 tps: 9507.93 qps: 152140.94 (r/w/o: 133124.07/0.00/19016.87) lat (ms,95%): 2.00 err/s: 0.00 reconn/s: 0.00
[ 183s ] thds: 16 tps: 9565.58 qps: 153057.27 (r/w/o: 133927.11/0.00/19130.16) lat (ms,95%): 1.93 err/s: 0.00 reconn/s: 0.00
[ 184s ] thds: 16 tps: 9597.77 qps: 153557.31 (r/w/o: 134361.77/0.00/19195.54) lat (ms,95%): 1.93 err/s: 0.00 reconn/s: 0.00
[ 185s ] thds: 16 tps: 9550.49 qps: 152786.83 (r/w/o: 133685.85/0.00/19100.98) lat (ms,95%): 1.96 err/s: 0.00 reconn/s: 0.00
[ 186s ] thds: 16 tps: 9564.84 qps: 153054.47 (r/w/o: 133925.78/0.00/19128.68) lat (ms,95%): 1.93 err/s: 0.00 reconn/s: 0.00
[ 187s ] thds: 16 tps: 9611.99 qps: 153764.85 (r/w/o: 134541.87/0.00/19222.98) lat (ms,95%): 1.89 err/s: 0.00 reconn/s: 0.00
[ 188s ] thds: 16 tps: 9540.35 qps: 152655.58 (r/w/o: 133573.89/0.00/19081.70) lat (ms,95%): 1.96 err/s: 0.00 reconn/s: 0.00
[ 189s ] thds: 16 tps: 9618.60 qps: 153909.59 (r/w/o: 134671.39/0.00/19238.20) lat (ms,95%): 1.89 err/s: 0.00 reconn/s: 0.00
[ 190s ] thds: 16 tps: 9721.11 qps: 155551.74 (r/w/o: 136109.52/0.00/19442.22) lat (ms,95%): 1.79 err/s: 0.00 reconn/s: 0.00
[ 191s ] thds: 16 tps: 9471.03 qps: 151517.46 (r/w/o: 132575.40/0.00/18942.06) lat (ms,95%): 1.96 err/s: 0.00 reconn/s: 0.00
[ 192s ] thds: 16 tps: 9465.21 qps: 151462.40 (r/w/o: 132531.97/0.00/18930.42) lat (ms,95%): 1.96 err/s: 0.00 reconn/s: 0.00
[ 193s ] thds: 16 tps: 9600.92 qps: 153603.72 (r/w/o: 134402.88/0.00/19200.84) lat (ms,95%): 1.86 err/s: 0.00 reconn/s: 0.00
[ 194s ] thds: 16 tps: 9643.93 qps: 154304.95 (r/w/o: 135017.08/0.00/19287.87) lat (ms,95%): 1.86 err/s: 0.00 reconn/s: 0.00
[ 195s ] thds: 16 tps: 9570.06 qps: 153110.90 (r/w/o: 133969.79/0.00/19141.11) lat (ms,95%): 1.93 err/s: 0.00 reconn/s: 0.00
[ 196s ] thds: 16 tps: 9636.92 qps: 154195.75 (r/w/o: 134921.91/0.00/19273.84) lat (ms,95%): 1.82 err/s: 0.00 reconn/s: 0.00
[ 197s ] thds: 16 tps: 9577.87 qps: 153250.95 (r/w/o: 134097.20/0.00/19153.74) lat (ms,95%): 1.93 err/s: 0.00 reconn/s: 0.00
[ 198s ] thds: 16 tps: 9607.44 qps: 153716.09 (r/w/o: 134499.20/0.00/19216.89) lat (ms,95%): 1.89 err/s: 0.00 reconn/s: 0.00
[ 199s ] thds: 16 tps: 9574.63 qps: 153201.05 (r/w/o: 134051.79/0.00/19149.26) lat (ms,95%): 1.93 err/s: 0.00 reconn/s: 0.00
[ 200s ] thds: 16 tps: 9529.97 qps: 152450.55 (r/w/o: 133391.61/0.00/19058.94) lat (ms,95%): 1.93 err/s: 0.00 reconn/s: 0.00
[ 201s ] thds: 16 tps: 9676.19 qps: 154848.01 (r/w/o: 135494.63/0.00/19353.38) lat (ms,95%): 1.79 err/s: 0.00 reconn/s: 0.00
[ 202s ] thds: 16 tps: 9579.20 qps: 153264.17 (r/w/o: 134106.77/0.00/19157.40) lat (ms,95%): 1.93 err/s: 0.00 reconn/s: 0.00
[ 203s ] thds: 16 tps: 9559.49 qps: 152963.86 (r/w/o: 133843.87/0.00/19119.98) lat (ms,95%): 1.93 err/s: 0.00 reconn/s: 0.00
[ 204s ] thds: 16 tps: 9564.42 qps: 153022.74 (r/w/o: 133893.90/0.00/19128.84) lat (ms,95%): 1.93 err/s: 0.00 reconn/s: 0.00
[ 205s ] thds: 16 tps: 9512.05 qps: 152170.80 (r/w/o: 133147.70/0.00/19023.10) lat (ms,95%): 1.96 err/s: 0.00 reconn/s: 0.00
[ 206s ] thds: 16 tps: 9583.58 qps: 153333.32 (r/w/o: 134166.15/0.00/19167.16) lat (ms,95%): 1.89 err/s: 0.00 reconn/s: 0.00
[ 207s ] thds: 16 tps: 9659.04 qps: 154571.59 (r/w/o: 135252.52/0.00/19319.07) lat (ms,95%): 1.82 err/s: 0.00 reconn/s: 0.00
[ 208s ] thds: 16 tps: 9619.94 qps: 153925.01 (r/w/o: 134685.13/0.00/19239.88) lat (ms,95%): 1.86 err/s: 0.00 reconn/s: 0.00
[ 209s ] thds: 16 tps: 9618.29 qps: 153866.59 (r/w/o: 134630.02/0.00/19236.57) lat (ms,95%): 1.86 err/s: 0.00 reconn/s: 0.00
[ 210s ] thds: 16 tps: 9620.81 qps: 153958.00 (r/w/o: 134717.37/0.00/19240.62) lat (ms,95%): 1.93 err/s: 0.00 reconn/s: 0.00
[ 211s ] thds: 16 tps: 9545.77 qps: 152741.28 (r/w/o: 133648.75/0.00/19092.54) lat (ms,95%): 1.96 err/s: 0.00 reconn/s: 0.00
[ 212s ] thds: 16 tps: 9477.16 qps: 151614.51 (r/w/o: 132660.20/0.00/18954.31) lat (ms,95%): 2.03 err/s: 0.00 reconn/s: 0.00
[ 213s ] thds: 16 tps: 9655.27 qps: 154511.32 (r/w/o: 135200.78/0.00/19310.54) lat (ms,95%): 1.82 err/s: 0.00 reconn/s: 0.00
[ 214s ] thds: 16 tps: 9612.04 qps: 153775.70 (r/w/o: 134551.61/0.00/19224.09) lat (ms,95%): 1.89 err/s: 0.00 reconn/s: 0.00
[ 215s ] thds: 16 tps: 9600.96 qps: 153599.43 (r/w/o: 134397.50/0.00/19201.93) lat (ms,95%): 1.89 err/s: 0.00 reconn/s: 0.00
[ 216s ] thds: 16 tps: 9491.98 qps: 151876.76 (r/w/o: 132892.79/0.00/18983.97) lat (ms,95%): 2.00 err/s: 0.00 reconn/s: 0.00
[ 217s ] thds: 16 tps: 9618.00 qps: 153867.98 (r/w/o: 134631.98/0.00/19236.00) lat (ms,95%): 1.86 err/s: 0.00 reconn/s: 0.00
[ 218s ] thds: 16 tps: 9607.73 qps: 153750.67 (r/w/o: 134535.21/0.00/19215.46) lat (ms,95%): 1.89 err/s: 0.00 reconn/s: 0.00
[ 219s ] thds: 16 tps: 9640.22 qps: 154219.59 (r/w/o: 134939.14/0.00/19280.45) lat (ms,95%): 1.82 err/s: 0.00 reconn/s: 0.00
[ 220s ] thds: 16 tps: 9631.04 qps: 154109.58 (r/w/o: 134847.51/0.00/19262.07) lat (ms,95%): 1.82 err/s: 0.00 reconn/s: 0.00
[ 221s ] thds: 16 tps: 9506.97 qps: 152106.58 (r/w/o: 133092.63/0.00/19013.95) lat (ms,95%): 1.96 err/s: 0.00 reconn/s: 0.00
[ 222s ] thds: 16 tps: 9602.52 qps: 153652.37 (r/w/o: 134448.33/0.00/19204.05) lat (ms,95%): 1.93 err/s: 0.00 reconn/s: 0.00
[ 223s ] thds: 16 tps: 9507.42 qps: 152135.79 (r/w/o: 133119.94/0.00/19015.85) lat (ms,95%): 1.96 err/s: 0.00 reconn/s: 0.00
[ 224s ] thds: 16 tps: 9552.15 qps: 152811.35 (r/w/o: 133707.06/0.00/19104.29) lat (ms,95%): 1.93 err/s: 0.00 reconn/s: 0.00
[ 225s ] thds: 16 tps: 9623.41 qps: 153977.54 (r/w/o: 134730.73/0.00/19246.82) lat (ms,95%): 1.86 err/s: 0.00 reconn/s: 0.00
[ 226s ] thds: 16 tps: 9676.30 qps: 154831.80 (r/w/o: 135480.20/0.00/19351.60) lat (ms,95%): 1.79 err/s: 0.00 reconn/s: 0.00
[ 227s ] thds: 16 tps: 9660.95 qps: 154582.13 (r/w/o: 135260.24/0.00/19321.89) lat (ms,95%): 1.86 err/s: 0.00 reconn/s: 0.00
[ 228s ] thds: 16 tps: 9581.50 qps: 153279.92 (r/w/o: 134116.93/0.00/19162.99) lat (ms,95%): 1.93 err/s: 0.00 reconn/s: 0.00
[ 229s ] thds: 16 tps: 9529.79 qps: 152448.65 (r/w/o: 133390.07/0.00/19058.58) lat (ms,95%): 2.00 err/s: 0.00 reconn/s: 0.00
[ 230s ] thds: 16 tps: 9634.23 qps: 154160.73 (r/w/o: 134890.27/0.00/19270.47) lat (ms,95%): 1.86 err/s: 0.00 reconn/s: 0.00
[ 231s ] thds: 16 tps: 9486.82 qps: 151806.07 (r/w/o: 132832.44/0.00/18973.63) lat (ms,95%): 2.00 err/s: 0.00 reconn/s: 0.00
[ 232s ] thds: 16 tps: 9600.01 qps: 153583.16 (r/w/o: 134383.14/0.00/19200.02) lat (ms,95%): 1.93 err/s: 0.00 reconn/s: 0.00
[ 233s ] thds: 16 tps: 9643.75 qps: 154314.06 (r/w/o: 135027.55/0.00/19286.51) lat (ms,95%): 1.86 err/s: 0.00 reconn/s: 0.00
[ 234s ] thds: 16 tps: 9663.86 qps: 154640.81 (r/w/o: 135313.08/0.00/19327.73) lat (ms,95%): 1.82 err/s: 0.00 reconn/s: 0.00
[ 235s ] thds: 16 tps: 9640.80 qps: 154225.82 (r/w/o: 134943.22/0.00/19282.60) lat (ms,95%): 1.86 err/s: 0.00 reconn/s: 0.00
[ 236s ] thds: 16 tps: 9561.50 qps: 152971.99 (r/w/o: 133849.99/0.00/19122.00) lat (ms,95%): 1.96 err/s: 0.00 reconn/s: 0.00
[ 237s ] thds: 16 tps: 9594.70 qps: 153559.14 (r/w/o: 134369.75/0.00/19189.39) lat (ms,95%): 1.93 err/s: 0.00 reconn/s: 0.00
[ 238s ] thds: 16 tps: 9554.32 qps: 152854.20 (r/w/o: 133745.55/0.00/19108.65) lat (ms,95%): 2.00 err/s: 0.00 reconn/s: 0.00
[ 239s ] thds: 16 tps: 9455.66 qps: 151284.55 (r/w/o: 132373.23/0.00/18911.32) lat (ms,95%): 2.00 err/s: 0.00 reconn/s: 0.00
[ 240s ] thds: 16 tps: 9346.01 qps: 149500.11 (r/w/o: 130809.09/0.00/18691.01) lat (ms,95%): 2.07 err/s: 0.00 reconn/s: 0.00
[ 241s ] thds: 16 tps: 9655.50 qps: 154510.96 (r/w/o: 135197.96/0.00/19312.99) lat (ms,95%): 1.82 err/s: 0.00 reconn/s: 0.00
[ 242s ] thds: 16 tps: 9611.87 qps: 153823.92 (r/w/o: 134600.18/0.00/19223.74) lat (ms,95%): 1.93 err/s: 0.00 reconn/s: 0.00
[ 243s ] thds: 16 tps: 9562.26 qps: 152974.18 (r/w/o: 133849.65/0.00/19124.52) lat (ms,95%): 2.00 err/s: 0.00 reconn/s: 0.00
[ 244s ] thds: 16 tps: 9583.71 qps: 153336.29 (r/w/o: 134168.88/0.00/19167.41) lat (ms,95%): 1.89 err/s: 0.00 reconn/s: 0.00
[ 245s ] thds: 16 tps: 9647.93 qps: 154323.88 (r/w/o: 135030.02/0.00/19293.86) lat (ms,95%): 1.82 err/s: 0.00 reconn/s: 0.00
[ 246s ] thds: 16 tps: 9695.36 qps: 155155.76 (r/w/o: 135764.04/0.00/19391.72) lat (ms,95%): 1.82 err/s: 0.00 reconn/s: 0.00
[ 247s ] thds: 16 tps: 9568.54 qps: 153137.67 (r/w/o: 133999.59/0.00/19138.08) lat (ms,95%): 1.93 err/s: 0.00 reconn/s: 0.00
[ 248s ] thds: 16 tps: 9603.13 qps: 153643.14 (r/w/o: 134436.87/0.00/19206.27) lat (ms,95%): 1.89 err/s: 0.00 reconn/s: 0.00
[ 249s ] thds: 16 tps: 9624.28 qps: 153965.50 (r/w/o: 134717.94/0.00/19247.56) lat (ms,95%): 1.93 err/s: 0.00 reconn/s: 0.00
[ 250s ] thds: 16 tps: 9592.45 qps: 153505.12 (r/w/o: 134319.23/0.00/19185.89) lat (ms,95%): 1.96 err/s: 0.00 reconn/s: 0.00
[ 251s ] thds: 16 tps: 9635.54 qps: 154135.68 (r/w/o: 134865.59/0.00/19270.08) lat (ms,95%): 1.89 err/s: 0.00 reconn/s: 0.00
[ 252s ] thds: 16 tps: 9495.52 qps: 151947.26 (r/w/o: 132955.23/0.00/18992.03) lat (ms,95%): 2.00 err/s: 0.00 reconn/s: 0.00
[ 253s ] thds: 16 tps: 9602.21 qps: 153617.41 (r/w/o: 134412.98/0.00/19204.43) lat (ms,95%): 1.93 err/s: 0.00 reconn/s: 0.00
[ 254s ] thds: 16 tps: 9587.96 qps: 153412.35 (r/w/o: 134239.44/0.00/19172.92) lat (ms,95%): 1.96 err/s: 0.00 reconn/s: 0.00
[ 255s ] thds: 16 tps: 9556.08 qps: 152916.27 (r/w/o: 133801.11/0.00/19115.16) lat (ms,95%): 1.93 err/s: 0.00 reconn/s: 0.00
[ 256s ] thds: 16 tps: 9505.09 qps: 152046.44 (r/w/o: 133037.26/0.00/19009.18) lat (ms,95%): 2.00 err/s: 0.00 reconn/s: 0.00
[ 257s ] thds: 16 tps: 9506.72 qps: 152130.54 (r/w/o: 133117.10/0.00/19013.44) lat (ms,95%): 1.96 err/s: 0.00 reconn/s: 0.00
[ 258s ] thds: 16 tps: 9486.21 qps: 151776.31 (r/w/o: 132802.89/0.00/18973.41) lat (ms,95%): 1.96 err/s: 0.00 reconn/s: 0.00
[ 259s ] thds: 16 tps: 9539.78 qps: 152662.53 (r/w/o: 133582.96/0.00/19079.57) lat (ms,95%): 1.96 err/s: 0.00 reconn/s: 0.00
[ 260s ] thds: 16 tps: 9617.76 qps: 153882.21 (r/w/o: 134646.68/0.00/19235.53) lat (ms,95%): 1.89 err/s: 0.00 reconn/s: 0.00
[ 261s ] thds: 16 tps: 9585.26 qps: 153347.08 (r/w/o: 134178.57/0.00/19168.51) lat (ms,95%): 1.93 err/s: 0.00 reconn/s: 0.00
[ 262s ] thds: 16 tps: 9618.07 qps: 153918.14 (r/w/o: 134679.00/0.00/19239.14) lat (ms,95%): 1.89 err/s: 0.00 reconn/s: 0.00
[ 263s ] thds: 16 tps: 9498.90 qps: 151932.41 (r/w/o: 132935.61/0.00/18996.80) lat (ms,95%): 2.03 err/s: 0.00 reconn/s: 0.00
[ 264s ] thds: 16 tps: 9470.32 qps: 151534.06 (r/w/o: 132594.43/0.00/18939.63) lat (ms,95%): 2.03 err/s: 0.00 reconn/s: 0.00
[ 265s ] thds: 16 tps: 9649.63 qps: 154398.10 (r/w/o: 135098.84/0.00/19299.26) lat (ms,95%): 1.82 err/s: 0.00 reconn/s: 0.00
[ 266s ] thds: 16 tps: 9634.16 qps: 154126.54 (r/w/o: 134858.23/0.00/19268.32) lat (ms,95%): 1.86 err/s: 0.00 reconn/s: 0.00
[ 267s ] thds: 16 tps: 9616.03 qps: 153874.48 (r/w/o: 134641.42/0.00/19233.06) lat (ms,95%): 1.89 err/s: 0.00 reconn/s: 0.00
[ 268s ] thds: 16 tps: 9465.97 qps: 151484.58 (r/w/o: 132552.63/0.00/18931.95) lat (ms,95%): 2.00 err/s: 0.00 reconn/s: 0.00
[ 269s ] thds: 16 tps: 9679.19 qps: 154851.03 (r/w/o: 135492.65/0.00/19358.38) lat (ms,95%): 1.79 err/s: 0.00 reconn/s: 0.00
[ 270s ] thds: 16 tps: 9686.75 qps: 154994.92 (r/w/o: 135621.43/0.00/19373.49) lat (ms,95%): 1.79 err/s: 0.00 reconn/s: 0.00
[ 271s ] thds: 16 tps: 9596.97 qps: 153526.46 (r/w/o: 134332.53/0.00/19193.93) lat (ms,95%): 1.93 err/s: 0.00 reconn/s: 0.00
[ 272s ] thds: 16 tps: 9448.43 qps: 151174.84 (r/w/o: 132277.99/0.00/18896.86) lat (ms,95%): 2.03 err/s: 0.00 reconn/s: 0.00
[ 273s ] thds: 16 tps: 9633.45 qps: 154159.20 (r/w/o: 134892.30/0.00/19266.90) lat (ms,95%): 1.89 err/s: 0.00 reconn/s: 0.00
[ 274s ] thds: 16 tps: 9603.44 qps: 153660.01 (r/w/o: 134453.14/0.00/19206.88) lat (ms,95%): 1.89 err/s: 0.00 reconn/s: 0.00
[ 275s ] thds: 16 tps: 9277.11 qps: 148391.70 (r/w/o: 129838.49/0.00/18553.21) lat (ms,95%): 2.07 err/s: 0.00 reconn/s: 0.00
[ 276s ] thds: 16 tps: 9598.69 qps: 153611.01 (r/w/o: 134412.63/0.00/19198.38) lat (ms,95%): 1.93 err/s: 0.00 reconn/s: 0.00
[ 277s ] thds: 16 tps: 9705.52 qps: 155265.32 (r/w/o: 135854.28/0.00/19411.04) lat (ms,95%): 1.79 err/s: 0.00 reconn/s: 0.00
[ 278s ] thds: 16 tps: 9611.55 qps: 153812.87 (r/w/o: 134589.76/0.00/19223.11) lat (ms,95%): 1.93 err/s: 0.00 reconn/s: 0.00
[ 279s ] thds: 16 tps: 9610.91 qps: 153736.51 (r/w/o: 134514.69/0.00/19221.81) lat (ms,95%): 1.89 err/s: 0.00 reconn/s: 0.00
[ 280s ] thds: 16 tps: 9561.23 qps: 153019.63 (r/w/o: 133896.18/0.00/19123.45) lat (ms,95%): 1.96 err/s: 0.00 reconn/s: 0.00
[ 281s ] thds: 16 tps: 9697.92 qps: 155174.70 (r/w/o: 135779.87/0.00/19394.84) lat (ms,95%): 1.79 err/s: 0.00 reconn/s: 0.00
[ 282s ] thds: 16 tps: 9612.71 qps: 153804.37 (r/w/o: 134578.95/0.00/19225.42) lat (ms,95%): 1.93 err/s: 0.00 reconn/s: 0.00
[ 283s ] thds: 16 tps: 9684.09 qps: 154908.48 (r/w/o: 135540.29/0.00/19368.18) lat (ms,95%): 1.82 err/s: 0.00 reconn/s: 0.00
[ 284s ] thds: 16 tps: 9636.67 qps: 154233.67 (r/w/o: 134960.33/0.00/19273.33) lat (ms,95%): 1.86 err/s: 0.00 reconn/s: 0.00
[ 285s ] thds: 16 tps: 9665.76 qps: 154634.14 (r/w/o: 135302.62/0.00/19331.52) lat (ms,95%): 1.86 err/s: 0.00 reconn/s: 0.00
[ 286s ] thds: 16 tps: 9658.87 qps: 154529.89 (r/w/o: 135212.15/0.00/19317.74) lat (ms,95%): 1.89 err/s: 0.00 reconn/s: 0.00
[ 287s ] thds: 16 tps: 9624.56 qps: 153995.90 (r/w/o: 134747.79/0.00/19248.11) lat (ms,95%): 1.86 err/s: 0.00 reconn/s: 0.00
[ 288s ] thds: 16 tps: 9541.25 qps: 152683.02 (r/w/o: 133599.51/0.00/19083.50) lat (ms,95%): 1.96 err/s: 0.00 reconn/s: 0.00
[ 289s ] thds: 16 tps: 9645.06 qps: 154320.89 (r/w/o: 135030.78/0.00/19290.11) lat (ms,95%): 1.86 err/s: 0.00 reconn/s: 0.00
[ 290s ] thds: 16 tps: 9605.93 qps: 153689.91 (r/w/o: 134479.05/0.00/19210.86) lat (ms,95%): 1.93 err/s: 0.00 reconn/s: 0.00
[ 291s ] thds: 16 tps: 9607.03 qps: 153674.49 (r/w/o: 134459.43/0.00/19215.06) lat (ms,95%): 1.96 err/s: 0.00 reconn/s: 0.00
[ 292s ] thds: 16 tps: 9663.15 qps: 154597.32 (r/w/o: 135271.03/0.00/19326.29) lat (ms,95%): 1.82 err/s: 0.00 reconn/s: 0.00
[ 293s ] thds: 16 tps: 9718.75 qps: 155517.06 (r/w/o: 136080.56/0.00/19436.51) lat (ms,95%): 1.82 err/s: 0.00 reconn/s: 0.00
[ 294s ] thds: 16 tps: 9591.99 qps: 153502.89 (r/w/o: 134317.91/0.00/19184.99) lat (ms,95%): 1.96 err/s: 0.00 reconn/s: 0.00
[ 295s ] thds: 16 tps: 9554.10 qps: 152869.56 (r/w/o: 133761.36/0.00/19108.19) lat (ms,95%): 1.96 err/s: 0.00 reconn/s: 0.00
[ 296s ] thds: 16 tps: 9114.98 qps: 145836.69 (r/w/o: 127606.73/0.00/18229.96) lat (ms,95%): 2.07 err/s: 0.00 reconn/s: 0.00
[ 297s ] thds: 16 tps: 9663.78 qps: 154600.49 (r/w/o: 135272.93/0.00/19327.56) lat (ms,95%): 1.82 err/s: 0.00 reconn/s: 0.00
[ 298s ] thds: 16 tps: 9591.05 qps: 153475.80 (r/w/o: 134294.70/0.00/19181.10) lat (ms,95%): 1.96 err/s: 0.00 reconn/s: 0.00
[ 299s ] thds: 16 tps: 9221.05 qps: 147488.74 (r/w/o: 129047.65/0.00/18441.09) lat (ms,95%): 2.03 err/s: 0.00 reconn/s: 0.00
[ 300s ] thds: 16 tps: 9646.92 qps: 154392.79 (r/w/o: 135097.94/0.00/19294.85) lat (ms,95%): 1.89 err/s: 0.00 reconn/s: 0.00
[ 301s ] thds: 16 tps: 9722.12 qps: 155527.87 (r/w/o: 136082.63/0.00/19445.23) lat (ms,95%): 1.79 err/s: 0.00 reconn/s: 0.00
[ 302s ] thds: 16 tps: 9667.61 qps: 154707.69 (r/w/o: 135373.48/0.00/19334.21) lat (ms,95%): 1.86 err/s: 0.00 reconn/s: 0.00
[ 303s ] thds: 16 tps: 9641.23 qps: 154250.71 (r/w/o: 134968.25/0.00/19282.46) lat (ms,95%): 1.89 err/s: 0.00 reconn/s: 0.00
[ 304s ] thds: 16 tps: 9636.55 qps: 154169.79 (r/w/o: 134895.69/0.00/19274.10) lat (ms,95%): 1.89 err/s: 0.00 reconn/s: 0.00
[ 305s ] thds: 16 tps: 9639.74 qps: 154246.83 (r/w/o: 134967.35/0.00/19279.48) lat (ms,95%): 1.86 err/s: 0.00 reconn/s: 0.00
[ 306s ] thds: 16 tps: 9632.98 qps: 154135.63 (r/w/o: 134869.67/0.00/19265.95) lat (ms,95%): 1.93 err/s: 0.00 reconn/s: 0.00
[ 307s ] thds: 16 tps: 9609.89 qps: 153757.29 (r/w/o: 134537.51/0.00/19219.79) lat (ms,95%): 1.96 err/s: 0.00 reconn/s: 0.00
[ 308s ] thds: 16 tps: 9480.94 qps: 151674.00 (r/w/o: 132712.12/0.00/18961.87) lat (ms,95%): 2.03 err/s: 0.00 reconn/s: 0.00
[ 309s ] thds: 16 tps: 9621.01 qps: 153964.24 (r/w/o: 134722.21/0.00/19242.03) lat (ms,95%): 1.89 err/s: 0.00 reconn/s: 0.00
[ 310s ] thds: 16 tps: 9599.47 qps: 153555.45 (r/w/o: 134356.52/0.00/19198.93) lat (ms,95%): 1.96 err/s: 0.00 reconn/s: 0.00
[ 311s ] thds: 16 tps: 9574.50 qps: 153218.97 (r/w/o: 134069.97/0.00/19149.00) lat (ms,95%): 1.96 err/s: 0.00 reconn/s: 0.00
[ 312s ] thds: 16 tps: 9635.09 qps: 154151.36 (r/w/o: 134881.19/0.00/19270.17) lat (ms,95%): 1.86 err/s: 0.00 reconn/s: 0.00
[ 313s ] thds: 16 tps: 9658.38 qps: 154497.15 (r/w/o: 135181.38/0.00/19315.77) lat (ms,95%): 1.86 err/s: 0.00 reconn/s: 0.00
[ 314s ] thds: 16 tps: 9675.80 qps: 154856.75 (r/w/o: 135504.16/0.00/19352.59) lat (ms,95%): 1.79 err/s: 0.00 reconn/s: 0.00
[ 315s ] thds: 16 tps: 9504.80 qps: 152073.73 (r/w/o: 133064.14/0.00/19009.59) lat (ms,95%): 1.96 err/s: 0.00 reconn/s: 0.00
[ 316s ] thds: 16 tps: 9575.33 qps: 153167.30 (r/w/o: 134017.64/0.00/19149.66) lat (ms,95%): 1.93 err/s: 0.00 reconn/s: 0.00
[ 317s ] thds: 16 tps: 9688.88 qps: 155075.15 (r/w/o: 135696.38/0.00/19378.77) lat (ms,95%): 1.79 err/s: 0.00 reconn/s: 0.00
[ 318s ] thds: 16 tps: 9590.17 qps: 153394.72 (r/w/o: 134216.38/0.00/19178.34) lat (ms,95%): 1.96 err/s: 0.00 reconn/s: 0.00
[ 319s ] thds: 16 tps: 9511.56 qps: 152216.99 (r/w/o: 133191.86/0.00/19025.12) lat (ms,95%): 1.96 err/s: 0.00 reconn/s: 0.00
[ 320s ] thds: 16 tps: 9586.04 qps: 153403.58 (r/w/o: 134232.51/0.00/19171.07) lat (ms,95%): 1.96 err/s: 0.00 reconn/s: 0.00
[ 321s ] thds: 16 tps: 9650.85 qps: 154403.56 (r/w/o: 135100.87/0.00/19302.70) lat (ms,95%): 1.86 err/s: 0.00 reconn/s: 0.00
[ 322s ] thds: 16 tps: 9592.48 qps: 153445.69 (r/w/o: 134260.73/0.00/19184.96) lat (ms,95%): 1.93 err/s: 0.00 reconn/s: 0.00
[ 323s ] thds: 16 tps: 9685.12 qps: 154995.85 (r/w/o: 135626.62/0.00/19369.23) lat (ms,95%): 1.82 err/s: 0.00 reconn/s: 0.00
[ 324s ] thds: 16 tps: 9599.99 qps: 153567.89 (r/w/o: 134368.91/0.00/19198.99) lat (ms,95%): 1.89 err/s: 0.00 reconn/s: 0.00
[ 325s ] thds: 16 tps: 9683.62 qps: 154988.88 (r/w/o: 135619.65/0.00/19369.24) lat (ms,95%): 1.82 err/s: 0.00 reconn/s: 0.00
[ 326s ] thds: 16 tps: 9664.27 qps: 154586.30 (r/w/o: 135258.76/0.00/19327.54) lat (ms,95%): 1.79 err/s: 0.00 reconn/s: 0.00
[ 327s ] thds: 16 tps: 9616.99 qps: 153880.78 (r/w/o: 134645.81/0.00/19234.97) lat (ms,95%): 1.89 err/s: 0.00 reconn/s: 0.00
[ 328s ] thds: 16 tps: 9481.58 qps: 151700.35 (r/w/o: 132737.19/0.00/18963.17) lat (ms,95%): 2.00 err/s: 0.00 reconn/s: 0.00
[ 329s ] thds: 16 tps: 9699.12 qps: 155223.93 (r/w/o: 135825.69/0.00/19398.24) lat (ms,95%): 1.79 err/s: 0.00 reconn/s: 0.00
[ 330s ] thds: 16 tps: 9650.01 qps: 154372.20 (r/w/o: 135072.18/0.00/19300.03) lat (ms,95%): 1.89 err/s: 0.00 reconn/s: 0.00
[ 331s ] thds: 16 tps: 9634.11 qps: 154138.71 (r/w/o: 134870.49/0.00/19268.21) lat (ms,95%): 1.89 err/s: 0.00 reconn/s: 0.00
[ 332s ] thds: 16 tps: 9602.09 qps: 153632.49 (r/w/o: 134429.31/0.00/19203.19) lat (ms,95%): 1.93 err/s: 0.00 reconn/s: 0.00
[ 333s ] thds: 16 tps: 9627.05 qps: 154027.76 (r/w/o: 134772.67/0.00/19255.10) lat (ms,95%): 1.89 err/s: 0.00 reconn/s: 0.00
[ 334s ] thds: 16 tps: 9630.24 qps: 154081.81 (r/w/o: 134822.33/0.00/19259.48) lat (ms,95%): 1.89 err/s: 0.00 reconn/s: 0.00
[ 335s ] thds: 16 tps: 9629.46 qps: 154092.31 (r/w/o: 134832.40/0.00/19259.91) lat (ms,95%): 1.89 err/s: 0.00 reconn/s: 0.00
[ 336s ] thds: 16 tps: 9566.73 qps: 153075.67 (r/w/o: 133943.21/0.00/19132.46) lat (ms,95%): 1.93 err/s: 0.00 reconn/s: 0.00
[ 337s ] thds: 16 tps: 9702.34 qps: 155196.50 (r/w/o: 135790.81/0.00/19405.69) lat (ms,95%): 1.79 err/s: 0.00 reconn/s: 0.00
[ 338s ] thds: 16 tps: 9649.09 qps: 154412.52 (r/w/o: 135115.33/0.00/19297.19) lat (ms,95%): 1.86 err/s: 0.00 reconn/s: 0.00
[ 339s ] thds: 16 tps: 9629.02 qps: 154079.36 (r/w/o: 134820.31/0.00/19259.04) lat (ms,95%): 1.82 err/s: 0.00 reconn/s: 0.00
[ 340s ] thds: 16 tps: 9517.92 qps: 152280.72 (r/w/o: 133246.88/0.00/19033.84) lat (ms,95%): 2.00 err/s: 0.00 reconn/s: 0.00
[ 341s ] thds: 16 tps: 9691.41 qps: 155072.54 (r/w/o: 135687.72/0.00/19384.82) lat (ms,95%): 1.79 err/s: 0.00 reconn/s: 0.00
[ 342s ] thds: 16 tps: 9615.53 qps: 153844.49 (r/w/o: 134613.42/0.00/19231.06) lat (ms,95%): 1.93 err/s: 0.00 reconn/s: 0.00
[ 343s ] thds: 16 tps: 9514.42 qps: 152207.76 (r/w/o: 133178.91/0.00/19028.85) lat (ms,95%): 2.00 err/s: 0.00 reconn/s: 0.00
[ 344s ] thds: 16 tps: 9601.52 qps: 153601.36 (r/w/o: 134398.32/0.00/19203.04) lat (ms,95%): 1.93 err/s: 0.00 reconn/s: 0.00
[ 345s ] thds: 16 tps: 9669.24 qps: 154717.84 (r/w/o: 135379.36/0.00/19338.48) lat (ms,95%): 1.82 err/s: 0.00 reconn/s: 0.00
[ 346s ] thds: 16 tps: 9690.05 qps: 155025.79 (r/w/o: 135647.69/0.00/19378.10) lat (ms,95%): 1.82 err/s: 0.00 reconn/s: 0.00
[ 347s ] thds: 16 tps: 9525.80 qps: 152448.84 (r/w/o: 133395.23/0.00/19053.61) lat (ms,95%): 1.93 err/s: 0.00 reconn/s: 0.00
[ 348s ] thds: 16 tps: 9563.93 qps: 153023.92 (r/w/o: 133897.06/0.00/19126.87) lat (ms,95%): 1.96 err/s: 0.00 reconn/s: 0.00
[ 349s ] thds: 16 tps: 9611.17 qps: 153779.73 (r/w/o: 134556.39/0.00/19223.34) lat (ms,95%): 1.93 err/s: 0.00 reconn/s: 0.00
[ 350s ] thds: 16 tps: 9657.28 qps: 154501.51 (r/w/o: 135187.95/0.00/19313.56) lat (ms,95%): 1.89 err/s: 0.00 reconn/s: 0.00
[ 351s ] thds: 16 tps: 9664.58 qps: 154621.23 (r/w/o: 135291.08/0.00/19330.15) lat (ms,95%): 1.86 err/s: 0.00 reconn/s: 0.00
[ 352s ] thds: 16 tps: 9597.00 qps: 153557.99 (r/w/o: 134363.99/0.00/19194.00) lat (ms,95%): 1.96 err/s: 0.00 reconn/s: 0.00
[ 353s ] thds: 16 tps: 9638.20 qps: 154227.19 (r/w/o: 134950.79/0.00/19276.40) lat (ms,95%): 1.86 err/s: 0.00 reconn/s: 0.00
[ 354s ] thds: 16 tps: 9611.79 qps: 153821.59 (r/w/o: 134597.01/0.00/19224.57) lat (ms,95%): 1.93 err/s: 0.00 reconn/s: 0.00
[ 355s ] thds: 16 tps: 9528.15 qps: 152414.39 (r/w/o: 133359.09/0.00/19055.30) lat (ms,95%): 2.00 err/s: 0.00 reconn/s: 0.00
[ 356s ] thds: 16 tps: 9598.92 qps: 153569.73 (r/w/o: 134371.89/0.00/19197.84) lat (ms,95%): 1.89 err/s: 0.00 reconn/s: 0.00
[ 357s ] thds: 16 tps: 9481.05 qps: 151714.75 (r/w/o: 132752.66/0.00/18962.09) lat (ms,95%): 2.00 err/s: 0.00 reconn/s: 0.00
[ 358s ] thds: 16 tps: 9462.93 qps: 151416.87 (r/w/o: 132491.01/0.00/18925.86) lat (ms,95%): 2.00 err/s: 0.00 reconn/s: 0.00
[ 359s ] thds: 16 tps: 9543.99 qps: 152699.77 (r/w/o: 133612.80/0.00/19086.97) lat (ms,95%): 1.96 err/s: 0.00 reconn/s: 0.00
[ 360s ] thds: 16 tps: 9381.09 qps: 150091.46 (r/w/o: 131329.27/0.00/18762.18) lat (ms,95%): 2.03 err/s: 0.00 reconn/s: 0.00
[ 361s ] thds: 16 tps: 9612.85 qps: 153789.57 (r/w/o: 134562.87/0.00/19226.70) lat (ms,95%): 1.93 err/s: 0.00 reconn/s: 0.00
[ 362s ] thds: 16 tps: 9604.45 qps: 153656.25 (r/w/o: 134448.34/0.00/19207.91) lat (ms,95%): 1.93 err/s: 0.00 reconn/s: 0.00
[ 363s ] thds: 16 tps: 9656.46 qps: 154508.41 (r/w/o: 135195.49/0.00/19312.93) lat (ms,95%): 1.89 err/s: 0.00 reconn/s: 0.00
[ 364s ] thds: 16 tps: 9452.22 qps: 151258.56 (r/w/o: 132354.12/0.00/18904.44) lat (ms,95%): 1.96 err/s: 0.00 reconn/s: 0.00
[ 365s ] thds: 16 tps: 9660.84 qps: 154596.44 (r/w/o: 135273.76/0.00/19322.68) lat (ms,95%): 1.82 err/s: 0.00 reconn/s: 0.00
[ 366s ] thds: 16 tps: 9546.60 qps: 152721.63 (r/w/o: 133630.43/0.00/19091.20) lat (ms,95%): 1.96 err/s: 0.00 reconn/s: 0.00
[ 367s ] thds: 16 tps: 9555.99 qps: 152900.78 (r/w/o: 133788.81/0.00/19111.97) lat (ms,95%): 2.00 err/s: 0.00 reconn/s: 0.00
[ 368s ] thds: 16 tps: 9491.51 qps: 151872.12 (r/w/o: 132887.11/0.00/18985.02) lat (ms,95%): 2.00 err/s: 0.00 reconn/s: 0.00
[ 369s ] thds: 16 tps: 9701.16 qps: 155198.57 (r/w/o: 135797.25/0.00/19401.32) lat (ms,95%): 1.79 err/s: 0.00 reconn/s: 0.00
[ 370s ] thds: 16 tps: 9529.90 qps: 152513.49 (r/w/o: 133452.68/0.00/19060.81) lat (ms,95%): 2.00 err/s: 0.00 reconn/s: 0.00
[ 371s ] thds: 16 tps: 9564.97 qps: 153021.58 (r/w/o: 133891.63/0.00/19129.95) lat (ms,95%): 2.00 err/s: 0.00 reconn/s: 0.00
[ 372s ] thds: 16 tps: 9453.87 qps: 151232.86 (r/w/o: 132326.13/0.00/18906.73) lat (ms,95%): 2.03 err/s: 0.00 reconn/s: 0.00
[ 373s ] thds: 16 tps: 9633.96 qps: 154162.30 (r/w/o: 134893.39/0.00/19268.91) lat (ms,95%): 1.93 err/s: 0.00 reconn/s: 0.00
[ 374s ] thds: 16 tps: 9613.84 qps: 153821.51 (r/w/o: 134593.82/0.00/19227.69) lat (ms,95%): 1.89 err/s: 0.00 reconn/s: 0.00
[ 375s ] thds: 16 tps: 9592.06 qps: 153444.97 (r/w/o: 134260.85/0.00/19184.12) lat (ms,95%): 1.93 err/s: 0.00 reconn/s: 0.00
[ 376s ] thds: 16 tps: 9596.41 qps: 153543.50 (r/w/o: 134353.69/0.00/19189.81) lat (ms,95%): 1.89 err/s: 0.00 reconn/s: 0.00
[ 377s ] thds: 16 tps: 9625.65 qps: 154021.39 (r/w/o: 134767.09/0.00/19254.30) lat (ms,95%): 1.89 err/s: 0.00 reconn/s: 0.00
[ 378s ] thds: 16 tps: 9620.24 qps: 153960.80 (r/w/o: 134720.33/0.00/19240.48) lat (ms,95%): 1.89 err/s: 0.00 reconn/s: 0.00
[ 379s ] thds: 16 tps: 9522.02 qps: 152343.32 (r/w/o: 133299.28/0.00/19044.04) lat (ms,95%): 2.00 err/s: 0.00 reconn/s: 0.00
[ 380s ] thds: 16 tps: 9587.14 qps: 153404.27 (r/w/o: 134229.99/0.00/19174.28) lat (ms,95%): 1.93 err/s: 0.00 reconn/s: 0.00
[ 381s ] thds: 16 tps: 9642.95 qps: 154302.24 (r/w/o: 135016.33/0.00/19285.90) lat (ms,95%): 1.89 err/s: 0.00 reconn/s: 0.00
[ 382s ] thds: 16 tps: 9647.61 qps: 154327.73 (r/w/o: 135032.52/0.00/19295.22) lat (ms,95%): 1.82 err/s: 0.00 reconn/s: 0.00
[ 383s ] thds: 16 tps: 9636.96 qps: 154187.36 (r/w/o: 134915.44/0.00/19271.92) lat (ms,95%): 1.89 err/s: 0.00 reconn/s: 0.00
[ 384s ] thds: 16 tps: 9625.18 qps: 153990.93 (r/w/o: 134738.56/0.00/19252.37) lat (ms,95%): 1.89 err/s: 0.00 reconn/s: 0.00
[ 385s ] thds: 16 tps: 9690.90 qps: 155039.39 (r/w/o: 135657.59/0.00/19381.80) lat (ms,95%): 1.79 err/s: 0.00 reconn/s: 0.00
[ 386s ] thds: 16 tps: 9713.10 qps: 155430.66 (r/w/o: 136004.46/0.00/19426.21) lat (ms,95%): 1.79 err/s: 0.00 reconn/s: 0.00
[ 387s ] thds: 16 tps: 9703.22 qps: 155219.55 (r/w/o: 135814.11/0.00/19405.44) lat (ms,95%): 1.82 err/s: 0.00 reconn/s: 0.00
[ 388s ] thds: 16 tps: 9607.92 qps: 153753.72 (r/w/o: 134536.88/0.00/19216.84) lat (ms,95%): 1.89 err/s: 0.00 reconn/s: 0.00
[ 389s ] thds: 16 tps: 9628.72 qps: 154044.48 (r/w/o: 134787.04/0.00/19257.43) lat (ms,95%): 1.86 err/s: 0.00 reconn/s: 0.00
[ 390s ] thds: 16 tps: 9701.36 qps: 155232.79 (r/w/o: 135831.07/0.00/19401.72) lat (ms,95%): 1.79 err/s: 0.00 reconn/s: 0.00
[ 391s ] thds: 16 tps: 9563.86 qps: 153029.83 (r/w/o: 133902.10/0.00/19127.73) lat (ms,95%): 2.00 err/s: 0.00 reconn/s: 0.00
[ 392s ] thds: 16 tps: 9467.10 qps: 151442.63 (r/w/o: 132509.43/0.00/18933.20) lat (ms,95%): 2.03 err/s: 0.00 reconn/s: 0.00
[ 393s ] thds: 16 tps: 9634.22 qps: 154167.56 (r/w/o: 134898.11/0.00/19269.44) lat (ms,95%): 1.89 err/s: 0.00 reconn/s: 0.00
[ 394s ] thds: 16 tps: 9619.50 qps: 153920.92 (r/w/o: 134682.93/0.00/19237.99) lat (ms,95%): 1.93 err/s: 0.00 reconn/s: 0.00
[ 395s ] thds: 16 tps: 9605.51 qps: 153694.13 (r/w/o: 134481.12/0.00/19213.02) lat (ms,95%): 1.93 err/s: 0.00 reconn/s: 0.00
[ 396s ] thds: 16 tps: 9702.88 qps: 155242.12 (r/w/o: 135839.36/0.00/19402.77) lat (ms,95%): 1.79 err/s: 0.00 reconn/s: 0.00
[ 397s ] thds: 16 tps: 9548.79 qps: 152820.67 (r/w/o: 133720.08/0.00/19100.58) lat (ms,95%): 1.96 err/s: 0.00 reconn/s: 0.00
[ 398s ] thds: 16 tps: 9687.59 qps: 154995.42 (r/w/o: 135620.24/0.00/19375.18) lat (ms,95%): 1.82 err/s: 0.00 reconn/s: 0.00
[ 399s ] thds: 16 tps: 9525.53 qps: 152396.54 (r/w/o: 133345.48/0.00/19051.07) lat (ms,95%): 2.00 err/s: 0.00 reconn/s: 0.00
[ 400s ] thds: 16 tps: 9536.97 qps: 152543.55 (r/w/o: 133471.60/0.00/19071.94) lat (ms,95%): 1.96 err/s: 0.00 reconn/s: 0.00
[ 401s ] thds: 16 tps: 9676.94 qps: 154891.06 (r/w/o: 135535.18/0.00/19355.88) lat (ms,95%): 1.79 err/s: 0.00 reconn/s: 0.00
[ 402s ] thds: 16 tps: 9645.98 qps: 154324.69 (r/w/o: 135033.73/0.00/19290.96) lat (ms,95%): 1.89 err/s: 0.00 reconn/s: 0.00
[ 403s ] thds: 16 tps: 9553.66 qps: 152819.52 (r/w/o: 133713.20/0.00/19106.31) lat (ms,95%): 2.00 err/s: 0.00 reconn/s: 0.00
[ 404s ] thds: 16 tps: 9598.28 qps: 153557.44 (r/w/o: 134360.88/0.00/19196.55) lat (ms,95%): 1.93 err/s: 0.00 reconn/s: 0.00
[ 405s ] thds: 16 tps: 9598.94 qps: 153617.04 (r/w/o: 134417.16/0.00/19199.88) lat (ms,95%): 1.93 err/s: 0.00 reconn/s: 0.00
[ 406s ] thds: 16 tps: 9545.19 qps: 152756.07 (r/w/o: 133665.69/0.00/19090.38) lat (ms,95%): 1.96 err/s: 0.00 reconn/s: 0.00
[ 407s ] thds: 16 tps: 9525.46 qps: 152356.31 (r/w/o: 133305.40/0.00/19050.91) lat (ms,95%): 2.00 err/s: 0.00 reconn/s: 0.00
[ 408s ] thds: 16 tps: 9626.30 qps: 154049.83 (r/w/o: 134797.22/0.00/19252.60) lat (ms,95%): 1.89 err/s: 0.00 reconn/s: 0.00
[ 409s ] thds: 16 tps: 9613.44 qps: 153804.09 (r/w/o: 134578.20/0.00/19225.89) lat (ms,95%): 1.93 err/s: 0.00 reconn/s: 0.00
[ 410s ] thds: 16 tps: 9713.60 qps: 155422.58 (r/w/o: 135995.38/0.00/19427.20) lat (ms,95%): 1.79 err/s: 0.00 reconn/s: 0.00
[ 411s ] thds: 16 tps: 9691.46 qps: 155049.42 (r/w/o: 135666.50/0.00/19382.93) lat (ms,95%): 1.82 err/s: 0.00 reconn/s: 0.00
[ 412s ] thds: 16 tps: 9615.48 qps: 153869.74 (r/w/o: 134637.77/0.00/19231.97) lat (ms,95%): 1.93 err/s: 0.00 reconn/s: 0.00
[ 413s ] thds: 16 tps: 9614.59 qps: 153828.37 (r/w/o: 134599.20/0.00/19229.17) lat (ms,95%): 1.93 err/s: 0.00 reconn/s: 0.00
[ 414s ] thds: 16 tps: 9616.23 qps: 153876.65 (r/w/o: 134644.20/0.00/19232.46) lat (ms,95%): 1.93 err/s: 0.00 reconn/s: 0.00
[ 415s ] thds: 16 tps: 9661.35 qps: 154559.57 (r/w/o: 135238.88/0.00/19320.70) lat (ms,95%): 1.82 err/s: 0.00 reconn/s: 0.00
[ 416s ] thds: 16 tps: 9528.27 qps: 152474.25 (r/w/o: 133415.72/0.00/19058.53) lat (ms,95%): 2.00 err/s: 0.00 reconn/s: 0.00
[ 417s ] thds: 16 tps: 9676.15 qps: 154788.34 (r/w/o: 135436.05/0.00/19352.29) lat (ms,95%): 1.82 err/s: 0.00 reconn/s: 0.00
[ 418s ] thds: 16 tps: 9634.57 qps: 154128.05 (r/w/o: 134861.92/0.00/19266.13) lat (ms,95%): 1.89 err/s: 0.00 reconn/s: 0.00
[ 419s ] thds: 16 tps: 9577.84 qps: 153264.37 (r/w/o: 134105.70/0.00/19158.67) lat (ms,95%): 1.96 err/s: 0.00 reconn/s: 0.00
[ 420s ] thds: 16 tps: 9609.19 qps: 153770.97 (r/w/o: 134553.60/0.00/19217.37) lat (ms,95%): 1.93 err/s: 0.00 reconn/s: 0.00
[ 421s ] thds: 16 tps: 9674.92 qps: 154810.74 (r/w/o: 135459.90/0.00/19350.84) lat (ms,95%): 1.82 err/s: 0.00 reconn/s: 0.00
[ 422s ] thds: 16 tps: 9561.27 qps: 152981.32 (r/w/o: 133858.78/0.00/19122.54) lat (ms,95%): 1.96 err/s: 0.00 reconn/s: 0.00
[ 423s ] thds: 16 tps: 9665.87 qps: 154621.99 (r/w/o: 135291.24/0.00/19330.75) lat (ms,95%): 1.82 err/s: 0.00 reconn/s: 0.00
[ 424s ] thds: 16 tps: 9553.64 qps: 152892.30 (r/w/o: 133783.02/0.00/19109.29) lat (ms,95%): 1.96 err/s: 0.00 reconn/s: 0.00
[ 425s ] thds: 16 tps: 9665.45 qps: 154625.15 (r/w/o: 135295.25/0.00/19329.89) lat (ms,95%): 1.86 err/s: 0.00 reconn/s: 0.00
[ 426s ] thds: 16 tps: 9707.75 qps: 155330.94 (r/w/o: 135916.45/0.00/19414.49) lat (ms,95%): 1.82 err/s: 0.00 reconn/s: 0.00
[ 427s ] thds: 16 tps: 9597.93 qps: 153579.82 (r/w/o: 134382.96/0.00/19196.85) lat (ms,95%): 1.93 err/s: 0.00 reconn/s: 0.00
[ 428s ] thds: 16 tps: 9508.47 qps: 152073.48 (r/w/o: 133057.54/0.00/19015.93) lat (ms,95%): 2.03 err/s: 0.00 reconn/s: 0.00
[ 429s ] thds: 16 tps: 9722.19 qps: 155583.03 (r/w/o: 136137.65/0.00/19445.38) lat (ms,95%): 1.79 err/s: 0.00 reconn/s: 0.00
[ 430s ] thds: 16 tps: 9639.11 qps: 154210.71 (r/w/o: 134932.50/0.00/19278.21) lat (ms,95%): 1.93 err/s: 0.00 reconn/s: 0.00
[ 431s ] thds: 16 tps: 9635.54 qps: 154192.66 (r/w/o: 134921.57/0.00/19271.08) lat (ms,95%): 1.89 err/s: 0.00 reconn/s: 0.00
[ 432s ] thds: 16 tps: 9605.06 qps: 153655.96 (r/w/o: 134445.84/0.00/19210.12) lat (ms,95%): 1.89 err/s: 0.00 reconn/s: 0.00
[ 433s ] thds: 16 tps: 9691.60 qps: 155097.56 (r/w/o: 135714.36/0.00/19383.20) lat (ms,95%): 1.79 err/s: 0.00 reconn/s: 0.00
[ 434s ] thds: 16 tps: 9683.27 qps: 154927.35 (r/w/o: 135560.80/0.00/19366.54) lat (ms,95%): 1.82 err/s: 0.00 reconn/s: 0.00
[ 435s ] thds: 16 tps: 9639.03 qps: 154197.56 (r/w/o: 134920.49/0.00/19277.07) lat (ms,95%): 1.89 err/s: 0.00 reconn/s: 0.00
[ 436s ] thds: 16 tps: 9667.54 qps: 154663.59 (r/w/o: 135331.52/0.00/19332.07) lat (ms,95%): 1.79 err/s: 0.00 reconn/s: 0.00
[ 437s ] thds: 16 tps: 9725.46 qps: 155631.37 (r/w/o: 136176.45/0.00/19454.92) lat (ms,95%): 1.76 err/s: 0.00 reconn/s: 0.00
[ 438s ] thds: 16 tps: 9703.15 qps: 155212.37 (r/w/o: 135809.08/0.00/19403.30) lat (ms,95%): 1.82 err/s: 0.00 reconn/s: 0.00
[ 439s ] thds: 16 tps: 9453.97 qps: 151333.56 (r/w/o: 132422.61/0.00/18910.94) lat (ms,95%): 2.00 err/s: 0.00 reconn/s: 0.00
[ 440s ] thds: 16 tps: 9529.73 qps: 152466.64 (r/w/o: 133407.19/0.00/19059.45) lat (ms,95%): 2.00 err/s: 0.00 reconn/s: 0.00
[ 441s ] thds: 16 tps: 9629.81 qps: 154024.93 (r/w/o: 134765.32/0.00/19259.62) lat (ms,95%): 1.89 err/s: 0.00 reconn/s: 0.00
[ 442s ] thds: 16 tps: 9615.92 qps: 153913.78 (r/w/o: 134681.93/0.00/19231.85) lat (ms,95%): 1.93 err/s: 0.00 reconn/s: 0.00
[ 443s ] thds: 16 tps: 9528.26 qps: 152455.23 (r/w/o: 133398.70/0.00/19056.53) lat (ms,95%): 2.00 err/s: 0.00 reconn/s: 0.00
[ 444s ] thds: 16 tps: 9536.60 qps: 152573.52 (r/w/o: 133500.33/0.00/19073.19) lat (ms,95%): 1.96 err/s: 0.00 reconn/s: 0.00
[ 445s ] thds: 16 tps: 9611.35 qps: 153806.57 (r/w/o: 134583.87/0.00/19222.70) lat (ms,95%): 1.93 err/s: 0.00 reconn/s: 0.00
[ 446s ] thds: 16 tps: 9649.98 qps: 154392.61 (r/w/o: 135092.66/0.00/19299.95) lat (ms,95%): 1.89 err/s: 0.00 reconn/s: 0.00
[ 447s ] thds: 16 tps: 9710.11 qps: 155349.82 (r/w/o: 135929.59/0.00/19420.23) lat (ms,95%): 1.79 err/s: 0.00 reconn/s: 0.00
[ 448s ] thds: 16 tps: 9686.94 qps: 155000.09 (r/w/o: 135626.20/0.00/19373.89) lat (ms,95%): 1.79 err/s: 0.00 reconn/s: 0.00
[ 449s ] thds: 16 tps: 9508.10 qps: 152111.57 (r/w/o: 133096.37/0.00/19015.20) lat (ms,95%): 1.96 err/s: 0.00 reconn/s: 0.00
[ 450s ] thds: 16 tps: 9662.70 qps: 154573.14 (r/w/o: 135247.75/0.00/19325.39) lat (ms,95%): 1.89 err/s: 0.00 reconn/s: 0.00
[ 451s ] thds: 16 tps: 9518.53 qps: 152301.42 (r/w/o: 133266.37/0.00/19035.05) lat (ms,95%): 2.00 err/s: 0.00 reconn/s: 0.00
[ 452s ] thds: 16 tps: 9369.06 qps: 149930.99 (r/w/o: 131191.87/0.00/18739.12) lat (ms,95%): 2.03 err/s: 0.00 reconn/s: 0.00
[ 453s ] thds: 16 tps: 9638.53 qps: 154202.44 (r/w/o: 134923.39/0.00/19279.06) lat (ms,95%): 1.89 err/s: 0.00 reconn/s: 0.00
[ 454s ] thds: 16 tps: 9666.28 qps: 154696.45 (r/w/o: 135363.89/0.00/19332.56) lat (ms,95%): 1.86 err/s: 0.00 reconn/s: 0.00
[ 455s ] thds: 16 tps: 9630.92 qps: 154051.72 (r/w/o: 134791.88/0.00/19259.84) lat (ms,95%): 1.89 err/s: 0.00 reconn/s: 0.00
[ 456s ] thds: 16 tps: 9511.95 qps: 152240.16 (r/w/o: 133215.27/0.00/19024.90) lat (ms,95%): 1.96 err/s: 0.00 reconn/s: 0.00
[ 457s ] thds: 16 tps: 9719.00 qps: 155491.93 (r/w/o: 136052.94/0.00/19438.99) lat (ms,95%): 1.79 err/s: 0.00 reconn/s: 0.00
[ 458s ] thds: 16 tps: 9657.92 qps: 154482.65 (r/w/o: 135166.82/0.00/19315.83) lat (ms,95%): 1.89 err/s: 0.00 reconn/s: 0.00
[ 459s ] thds: 16 tps: 9571.15 qps: 153164.43 (r/w/o: 134022.13/0.00/19142.30) lat (ms,95%): 2.00 err/s: 0.00 reconn/s: 0.00
[ 460s ] thds: 16 tps: 9640.89 qps: 154238.21 (r/w/o: 134957.44/0.00/19280.78) lat (ms,95%): 1.86 err/s: 0.00 reconn/s: 0.00
[ 461s ] thds: 16 tps: 9682.68 qps: 154953.88 (r/w/o: 135587.52/0.00/19366.36) lat (ms,95%): 1.79 err/s: 0.00 reconn/s: 0.00
[ 462s ] thds: 16 tps: 9524.65 qps: 152358.40 (r/w/o: 133309.10/0.00/19049.30) lat (ms,95%): 2.00 err/s: 0.00 reconn/s: 0.00
[ 463s ] thds: 16 tps: 9517.77 qps: 152344.40 (r/w/o: 133308.85/0.00/19035.55) lat (ms,95%): 2.00 err/s: 0.00 reconn/s: 0.00
[ 464s ] thds: 16 tps: 9605.92 qps: 153663.67 (r/w/o: 134451.83/0.00/19211.83) lat (ms,95%): 1.93 err/s: 0.00 reconn/s: 0.00
[ 465s ] thds: 16 tps: 9578.20 qps: 153235.20 (r/w/o: 134078.80/0.00/19156.40) lat (ms,95%): 1.96 err/s: 0.00 reconn/s: 0.00
[ 466s ] thds: 16 tps: 9643.22 qps: 154327.55 (r/w/o: 135041.11/0.00/19286.44) lat (ms,95%): 1.89 err/s: 0.00 reconn/s: 0.00
[ 467s ] thds: 16 tps: 9670.61 qps: 154700.75 (r/w/o: 135360.53/0.00/19340.22) lat (ms,95%): 1.89 err/s: 0.00 reconn/s: 0.00
[ 468s ] thds: 16 tps: 9556.17 qps: 152913.76 (r/w/o: 133800.42/0.00/19113.35) lat (ms,95%): 1.96 err/s: 0.00 reconn/s: 0.00
[ 469s ] thds: 16 tps: 9653.52 qps: 154421.40 (r/w/o: 135114.35/0.00/19307.05) lat (ms,95%): 1.86 err/s: 0.00 reconn/s: 0.00
[ 470s ] thds: 16 tps: 9454.40 qps: 151281.35 (r/w/o: 132372.56/0.00/18908.79) lat (ms,95%): 2.00 err/s: 0.00 reconn/s: 0.00
[ 471s ] thds: 16 tps: 9633.73 qps: 154145.74 (r/w/o: 134878.27/0.00/19267.47) lat (ms,95%): 1.93 err/s: 0.00 reconn/s: 0.00
[ 472s ] thds: 16 tps: 9479.21 qps: 151654.44 (r/w/o: 132696.01/0.00/18958.43) lat (ms,95%): 2.00 err/s: 0.00 reconn/s: 0.00
[ 473s ] thds: 16 tps: 9647.83 qps: 154391.26 (r/w/o: 135095.60/0.00/19295.66) lat (ms,95%): 1.89 err/s: 0.00 reconn/s: 0.00
[ 474s ] thds: 16 tps: 9617.00 qps: 153878.03 (r/w/o: 134644.02/0.00/19234.00) lat (ms,95%): 1.93 err/s: 0.00 reconn/s: 0.00
[ 475s ] thds: 16 tps: 9479.97 qps: 151654.57 (r/w/o: 132694.62/0.00/18959.95) lat (ms,95%): 2.03 err/s: 0.00 reconn/s: 0.00
[ 476s ] thds: 16 tps: 9633.90 qps: 154117.44 (r/w/o: 134851.63/0.00/19265.80) lat (ms,95%): 1.89 err/s: 0.00 reconn/s: 0.00
[ 477s ] thds: 16 tps: 9699.29 qps: 155216.62 (r/w/o: 135817.04/0.00/19399.58) lat (ms,95%): 1.79 err/s: 0.00 reconn/s: 0.00
[ 478s ] thds: 16 tps: 9704.06 qps: 155290.93 (r/w/o: 135881.81/0.00/19409.12) lat (ms,95%): 1.76 err/s: 0.00 reconn/s: 0.00
[ 479s ] thds: 16 tps: 9605.83 qps: 153657.34 (r/w/o: 134446.67/0.00/19210.67) lat (ms,95%): 1.93 err/s: 0.00 reconn/s: 0.00
[ 480s ] thds: 16 tps: 9568.38 qps: 153079.09 (r/w/o: 133941.33/0.00/19137.76) lat (ms,95%): 1.96 err/s: 0.00 reconn/s: 0.00
[ 481s ] thds: 16 tps: 9725.60 qps: 155644.65 (r/w/o: 136192.45/0.00/19452.21) lat (ms,95%): 1.79 err/s: 0.00 reconn/s: 0.00
[ 482s ] thds: 16 tps: 9656.06 qps: 154471.98 (r/w/o: 135162.86/0.00/19309.12) lat (ms,95%): 1.89 err/s: 0.00 reconn/s: 0.00
[ 483s ] thds: 16 tps: 9629.97 qps: 154079.44 (r/w/o: 134818.51/0.00/19260.93) lat (ms,95%): 1.93 err/s: 0.00 reconn/s: 0.00
[ 484s ] thds: 16 tps: 9545.99 qps: 152771.86 (r/w/o: 133678.88/0.00/19092.98) lat (ms,95%): 2.00 err/s: 0.00 reconn/s: 0.00
[ 485s ] thds: 16 tps: 9664.83 qps: 154656.25 (r/w/o: 135326.59/0.00/19329.66) lat (ms,95%): 1.82 err/s: 0.00 reconn/s: 0.00
[ 486s ] thds: 16 tps: 9540.89 qps: 152631.20 (r/w/o: 133550.42/0.00/19080.77) lat (ms,95%): 2.00 err/s: 0.00 reconn/s: 0.00
[ 487s ] thds: 16 tps: 9583.63 qps: 153298.02 (r/w/o: 134130.77/0.00/19167.25) lat (ms,95%): 1.96 err/s: 0.00 reconn/s: 0.00
[ 488s ] thds: 16 tps: 9359.61 qps: 149817.73 (r/w/o: 131097.52/0.00/18720.22) lat (ms,95%): 2.03 err/s: 0.00 reconn/s: 0.00
[ 489s ] thds: 16 tps: 9631.66 qps: 154041.55 (r/w/o: 134779.23/0.00/19262.32) lat (ms,95%): 1.89 err/s: 0.00 reconn/s: 0.00
[ 490s ] thds: 16 tps: 9683.75 qps: 154965.00 (r/w/o: 135597.50/0.00/19367.50) lat (ms,95%): 1.82 err/s: 0.00 reconn/s: 0.00
[ 491s ] thds: 16 tps: 9677.56 qps: 154838.93 (r/w/o: 135483.81/0.00/19355.12) lat (ms,95%): 1.86 err/s: 0.00 reconn/s: 0.00
[ 492s ] thds: 16 tps: 9598.78 qps: 153610.55 (r/w/o: 134411.98/0.00/19198.57) lat (ms,95%): 1.93 err/s: 0.00 reconn/s: 0.00
[ 493s ] thds: 16 tps: 9680.67 qps: 154870.71 (r/w/o: 135509.37/0.00/19361.34) lat (ms,95%): 1.86 err/s: 0.00 reconn/s: 0.00
[ 494s ] thds: 16 tps: 9672.92 qps: 154755.75 (r/w/o: 135410.91/0.00/19344.84) lat (ms,95%): 1.89 err/s: 0.00 reconn/s: 0.00
[ 495s ] thds: 16 tps: 9635.61 qps: 154149.80 (r/w/o: 134878.58/0.00/19271.22) lat (ms,95%): 1.86 err/s: 0.00 reconn/s: 0.00
[ 496s ] thds: 16 tps: 9663.95 qps: 154628.21 (r/w/o: 135300.31/0.00/19327.90) lat (ms,95%): 1.89 err/s: 0.00 reconn/s: 0.00
[ 497s ] thds: 16 tps: 9711.21 qps: 155419.35 (r/w/o: 135995.93/0.00/19423.42) lat (ms,95%): 1.76 err/s: 0.00 reconn/s: 0.00
[ 498s ] thds: 16 tps: 9657.84 qps: 154516.48 (r/w/o: 135200.79/0.00/19315.68) lat (ms,95%): 1.89 err/s: 0.00 reconn/s: 0.00
[ 499s ] thds: 16 tps: 9509.03 qps: 152160.55 (r/w/o: 133143.49/0.00/19017.07) lat (ms,95%): 2.03 err/s: 0.00 reconn/s: 0.00
[ 500s ] thds: 16 tps: 9580.33 qps: 153258.33 (r/w/o: 134097.66/0.00/19160.67) lat (ms,95%): 1.93 err/s: 0.00 reconn/s: 0.00
[ 501s ] thds: 16 tps: 9649.95 qps: 154373.25 (r/w/o: 135074.34/0.00/19298.91) lat (ms,95%): 1.86 err/s: 0.00 reconn/s: 0.00
[ 502s ] thds: 16 tps: 9553.86 qps: 152928.81 (r/w/o: 133819.09/0.00/19109.73) lat (ms,95%): 1.96 err/s: 0.00 reconn/s: 0.00
[ 503s ] thds: 16 tps: 9524.80 qps: 152366.77 (r/w/o: 133317.17/0.00/19049.60) lat (ms,95%): 1.96 err/s: 0.00 reconn/s: 0.00
[ 504s ] thds: 16 tps: 9613.99 qps: 153786.86 (r/w/o: 134558.88/0.00/19227.98) lat (ms,95%): 1.93 err/s: 0.00 reconn/s: 0.00
[ 505s ] thds: 16 tps: 9562.34 qps: 152982.46 (r/w/o: 133861.78/0.00/19120.68) lat (ms,95%): 1.93 err/s: 0.00 reconn/s: 0.00
[ 506s ] thds: 16 tps: 9632.69 qps: 154152.11 (r/w/o: 134882.72/0.00/19269.39) lat (ms,95%): 1.89 err/s: 0.00 reconn/s: 0.00
[ 507s ] thds: 16 tps: 9279.91 qps: 148474.50 (r/w/o: 129914.69/0.00/18559.81) lat (ms,95%): 2.03 err/s: 0.00 reconn/s: 0.00
[ 508s ] thds: 16 tps: 9596.79 qps: 153569.61 (r/w/o: 134378.04/0.00/19191.58) lat (ms,95%): 1.93 err/s: 0.00 reconn/s: 0.00
[ 509s ] thds: 16 tps: 9628.75 qps: 154049.97 (r/w/o: 134790.47/0.00/19259.50) lat (ms,95%): 1.89 err/s: 0.00 reconn/s: 0.00
[ 510s ] thds: 16 tps: 9567.57 qps: 153107.15 (r/w/o: 133974.00/0.00/19133.14) lat (ms,95%): 1.96 err/s: 0.00 reconn/s: 0.00
[ 511s ] thds: 16 tps: 9574.11 qps: 153185.71 (r/w/o: 134035.49/0.00/19150.21) lat (ms,95%): 1.96 err/s: 0.00 reconn/s: 0.00
[ 512s ] thds: 16 tps: 9664.21 qps: 154628.44 (r/w/o: 135302.01/0.00/19326.43) lat (ms,95%): 1.82 err/s: 0.00 reconn/s: 0.00
[ 513s ] thds: 16 tps: 9625.00 qps: 154026.99 (r/w/o: 134773.99/0.00/19253.00) lat (ms,95%): 1.86 err/s: 0.00 reconn/s: 0.00
[ 514s ] thds: 16 tps: 9686.50 qps: 154915.97 (r/w/o: 135543.98/0.00/19372.00) lat (ms,95%): 1.82 err/s: 0.00 reconn/s: 0.00
[ 515s ] thds: 16 tps: 9549.26 qps: 152790.10 (r/w/o: 133691.59/0.00/19098.51) lat (ms,95%): 2.00 err/s: 0.00 reconn/s: 0.00
[ 516s ] thds: 16 tps: 9514.13 qps: 152255.01 (r/w/o: 133226.75/0.00/19028.25) lat (ms,95%): 1.96 err/s: 0.00 reconn/s: 0.00
[ 517s ] thds: 16 tps: 9618.75 qps: 153880.02 (r/w/o: 134644.52/0.00/19235.50) lat (ms,95%): 1.93 err/s: 0.00 reconn/s: 0.00
[ 518s ] thds: 16 tps: 9679.42 qps: 154878.71 (r/w/o: 135517.87/0.00/19360.84) lat (ms,95%): 1.86 err/s: 0.00 reconn/s: 0.00
[ 519s ] thds: 16 tps: 9588.66 qps: 153412.63 (r/w/o: 134235.30/0.00/19177.33) lat (ms,95%): 1.96 err/s: 0.00 reconn/s: 0.00
[ 520s ] thds: 16 tps: 9594.15 qps: 153485.34 (r/w/o: 134297.04/0.00/19188.29) lat (ms,95%): 1.96 err/s: 0.00 reconn/s: 0.00
[ 521s ] thds: 16 tps: 9578.72 qps: 153303.52 (r/w/o: 134146.08/0.00/19157.44) lat (ms,95%): 1.96 err/s: 0.00 reconn/s: 0.00
[ 522s ] thds: 16 tps: 9675.55 qps: 154802.83 (r/w/o: 135451.72/0.00/19351.10) lat (ms,95%): 1.89 err/s: 0.00 reconn/s: 0.00
[ 523s ] thds: 16 tps: 9507.50 qps: 152108.07 (r/w/o: 133093.06/0.00/19015.01) lat (ms,95%): 2.00 err/s: 0.00 reconn/s: 0.00
[ 524s ] thds: 16 tps: 9654.98 qps: 154484.68 (r/w/o: 135174.72/0.00/19309.96) lat (ms,95%): 1.89 err/s: 0.00 reconn/s: 0.00
[ 525s ] thds: 16 tps: 9645.03 qps: 154329.46 (r/w/o: 135039.40/0.00/19290.06) lat (ms,95%): 1.89 err/s: 0.00 reconn/s: 0.00
[ 526s ] thds: 16 tps: 9658.20 qps: 154516.25 (r/w/o: 135200.84/0.00/19315.41) lat (ms,95%): 1.86 err/s: 0.00 reconn/s: 0.00
[ 527s ] thds: 16 tps: 9629.91 qps: 154090.59 (r/w/o: 134829.77/0.00/19260.82) lat (ms,95%): 1.93 err/s: 0.00 reconn/s: 0.00
[ 528s ] thds: 16 tps: 9659.96 qps: 154544.38 (r/w/o: 135224.46/0.00/19319.92) lat (ms,95%): 1.86 err/s: 0.00 reconn/s: 0.00
[ 529s ] thds: 16 tps: 9693.98 qps: 155116.70 (r/w/o: 135728.74/0.00/19387.96) lat (ms,95%): 1.82 err/s: 0.00 reconn/s: 0.00
[ 530s ] thds: 16 tps: 9703.86 qps: 155265.72 (r/w/o: 135857.00/0.00/19408.71) lat (ms,95%): 1.82 err/s: 0.00 reconn/s: 0.00
[ 531s ] thds: 16 tps: 9572.98 qps: 153146.72 (r/w/o: 134001.75/0.00/19144.96) lat (ms,95%): 2.00 err/s: 0.00 reconn/s: 0.00
[ 532s ] thds: 16 tps: 9455.30 qps: 151326.84 (r/w/o: 132416.23/0.00/18910.60) lat (ms,95%): 2.00 err/s: 0.00 reconn/s: 0.00
[ 533s ] thds: 16 tps: 9552.30 qps: 152810.82 (r/w/o: 133706.22/0.00/19104.60) lat (ms,95%): 1.96 err/s: 0.00 reconn/s: 0.00
[ 534s ] thds: 16 tps: 9583.65 qps: 153353.39 (r/w/o: 134186.09/0.00/19167.30) lat (ms,95%): 1.93 err/s: 0.00 reconn/s: 0.00
[ 535s ] thds: 16 tps: 9573.84 qps: 153150.46 (r/w/o: 134004.78/0.00/19145.68) lat (ms,95%): 1.96 err/s: 0.00 reconn/s: 0.00
[ 536s ] thds: 16 tps: 9657.40 qps: 154549.39 (r/w/o: 135233.59/0.00/19315.80) lat (ms,95%): 1.89 err/s: 0.00 reconn/s: 0.00
[ 537s ] thds: 16 tps: 9659.53 qps: 154556.44 (r/w/o: 135236.39/0.00/19320.06) lat (ms,95%): 1.93 err/s: 0.00 reconn/s: 0.00
[ 538s ] thds: 16 tps: 9647.43 qps: 154381.89 (r/w/o: 135087.03/0.00/19294.86) lat (ms,95%): 1.93 err/s: 0.00 reconn/s: 0.00
[ 539s ] thds: 16 tps: 9557.60 qps: 152892.53 (r/w/o: 133778.34/0.00/19114.19) lat (ms,95%): 2.00 err/s: 0.00 reconn/s: 0.00
[ 540s ] thds: 16 tps: 9523.24 qps: 152370.85 (r/w/o: 133323.37/0.00/19047.48) lat (ms,95%): 2.00 err/s: 0.00 reconn/s: 0.00
[ 541s ] thds: 16 tps: 9638.91 qps: 154220.49 (r/w/o: 134942.68/0.00/19277.81) lat (ms,95%): 1.89 err/s: 0.00 reconn/s: 0.00
[ 542s ] thds: 16 tps: 9644.78 qps: 154290.49 (r/w/o: 135002.93/0.00/19287.56) lat (ms,95%): 1.89 err/s: 0.00 reconn/s: 0.00
[ 543s ] thds: 16 tps: 9606.32 qps: 153759.13 (r/w/o: 134544.49/0.00/19214.64) lat (ms,95%): 1.93 err/s: 0.00 reconn/s: 0.00
[ 544s ] thds: 16 tps: 9568.75 qps: 153072.07 (r/w/o: 133934.56/0.00/19137.51) lat (ms,95%): 2.00 err/s: 0.00 reconn/s: 0.00
[ 545s ] thds: 16 tps: 9642.15 qps: 154286.37 (r/w/o: 135002.07/0.00/19284.30) lat (ms,95%): 1.93 err/s: 0.00 reconn/s: 0.00
[ 546s ] thds: 16 tps: 9675.60 qps: 154781.56 (r/w/o: 135430.36/0.00/19351.19) lat (ms,95%): 1.89 err/s: 0.00 reconn/s: 0.00
[ 547s ] thds: 16 tps: 9533.50 qps: 152564.95 (r/w/o: 133496.95/0.00/19067.99) lat (ms,95%): 1.96 err/s: 0.00 reconn/s: 0.00
[ 548s ] thds: 16 tps: 9646.94 qps: 154329.98 (r/w/o: 135037.11/0.00/19292.87) lat (ms,95%): 1.89 err/s: 0.00 reconn/s: 0.00
[ 549s ] thds: 16 tps: 9605.06 qps: 153702.88 (r/w/o: 134492.77/0.00/19210.11) lat (ms,95%): 1.89 err/s: 0.00 reconn/s: 0.00
[ 550s ] thds: 16 tps: 9688.14 qps: 154960.27 (r/w/o: 135585.99/0.00/19374.28) lat (ms,95%): 1.89 err/s: 0.00 reconn/s: 0.00
[ 551s ] thds: 16 tps: 9561.82 qps: 153018.17 (r/w/o: 133892.52/0.00/19125.65) lat (ms,95%): 1.96 err/s: 0.00 reconn/s: 0.00
[ 552s ] thds: 16 tps: 9640.23 qps: 154209.72 (r/w/o: 134930.25/0.00/19279.46) lat (ms,95%): 1.86 err/s: 0.00 reconn/s: 0.00
[ 553s ] thds: 16 tps: 9663.79 qps: 154670.67 (r/w/o: 135342.09/0.00/19328.58) lat (ms,95%): 1.89 err/s: 0.00 reconn/s: 0.00
[ 554s ] thds: 16 tps: 9673.57 qps: 154772.05 (r/w/o: 135424.92/0.00/19347.13) lat (ms,95%): 1.86 err/s: 0.00 reconn/s: 0.00
[ 555s ] thds: 16 tps: 9461.17 qps: 151337.80 (r/w/o: 132416.45/0.00/18921.35) lat (ms,95%): 2.03 err/s: 0.00 reconn/s: 0.00
[ 556s ] thds: 16 tps: 9631.29 qps: 154114.71 (r/w/o: 134851.12/0.00/19263.59) lat (ms,95%): 1.89 err/s: 0.00 reconn/s: 0.00
[ 557s ] thds: 16 tps: 9711.03 qps: 155403.48 (r/w/o: 135981.42/0.00/19422.06) lat (ms,95%): 1.79 err/s: 0.00 reconn/s: 0.00
[ 558s ] thds: 16 tps: 9690.87 qps: 155023.86 (r/w/o: 135643.12/0.00/19380.73) lat (ms,95%): 1.86 err/s: 0.00 reconn/s: 0.00
[ 559s ] thds: 16 tps: 9647.19 qps: 154366.99 (r/w/o: 135071.61/0.00/19295.37) lat (ms,95%): 1.89 err/s: 0.00 reconn/s: 0.00
[ 560s ] thds: 16 tps: 9624.91 qps: 153992.49 (r/w/o: 134742.68/0.00/19249.81) lat (ms,95%): 1.89 err/s: 0.00 reconn/s: 0.00
[ 561s ] thds: 16 tps: 9629.78 qps: 154079.44 (r/w/o: 134819.88/0.00/19259.55) lat (ms,95%): 1.86 err/s: 0.00 reconn/s: 0.00
[ 562s ] thds: 16 tps: 9647.19 qps: 154348.99 (r/w/o: 135054.62/0.00/19294.37) lat (ms,95%): 1.93 err/s: 0.00 reconn/s: 0.00
[ 563s ] thds: 16 tps: 9660.17 qps: 154537.77 (r/w/o: 135218.43/0.00/19319.35) lat (ms,95%): 1.86 err/s: 0.00 reconn/s: 0.00
[ 564s ] thds: 16 tps: 9633.65 qps: 154150.42 (r/w/o: 134882.12/0.00/19268.30) lat (ms,95%): 1.96 err/s: 0.00 reconn/s: 0.00
[ 565s ] thds: 16 tps: 9525.86 qps: 152463.69 (r/w/o: 133411.98/0.00/19051.71) lat (ms,95%): 2.00 err/s: 0.00 reconn/s: 0.00
[ 566s ] thds: 16 tps: 9572.72 qps: 153138.54 (r/w/o: 133993.10/0.00/19145.44) lat (ms,95%): 1.93 err/s: 0.00 reconn/s: 0.00
[ 567s ] thds: 16 tps: 9635.40 qps: 154189.47 (r/w/o: 134918.66/0.00/19270.81) lat (ms,95%): 1.93 err/s: 0.00 reconn/s: 0.00
[ 568s ] thds: 16 tps: 9561.05 qps: 152958.80 (r/w/o: 133836.70/0.00/19122.10) lat (ms,95%): 2.00 err/s: 0.00 reconn/s: 0.00
[ 569s ] thds: 16 tps: 9704.98 qps: 155295.66 (r/w/o: 135885.70/0.00/19409.96) lat (ms,95%): 1.79 err/s: 0.00 reconn/s: 0.00
[ 570s ] thds: 16 tps: 9625.17 qps: 153983.78 (r/w/o: 134733.43/0.00/19250.35) lat (ms,95%): 1.93 err/s: 0.00 reconn/s: 0.00
[ 571s ] thds: 16 tps: 9588.75 qps: 153418.00 (r/w/o: 134240.50/0.00/19177.50) lat (ms,95%): 1.93 err/s: 0.00 reconn/s: 0.00
[ 572s ] thds: 16 tps: 9689.57 qps: 154977.12 (r/w/o: 135598.98/0.00/19378.14) lat (ms,95%): 1.82 err/s: 0.00 reconn/s: 0.00
[ 573s ] thds: 16 tps: 9726.80 qps: 155658.76 (r/w/o: 136205.16/0.00/19453.60) lat (ms,95%): 1.79 err/s: 0.00 reconn/s: 0.00
[ 574s ] thds: 16 tps: 9657.74 qps: 154542.83 (r/w/o: 135226.35/0.00/19316.48) lat (ms,95%): 1.82 err/s: 0.00 reconn/s: 0.00
[ 575s ] thds: 16 tps: 9565.46 qps: 153070.35 (r/w/o: 133940.44/0.00/19129.92) lat (ms,95%): 1.93 err/s: 0.00 reconn/s: 0.00
[ 576s ] thds: 16 tps: 9626.60 qps: 153991.58 (r/w/o: 134737.38/0.00/19254.20) lat (ms,95%): 1.89 err/s: 0.00 reconn/s: 0.00
[ 577s ] thds: 16 tps: 9680.61 qps: 154920.71 (r/w/o: 135559.49/0.00/19361.21) lat (ms,95%): 1.82 err/s: 0.00 reconn/s: 0.00
[ 578s ] thds: 16 tps: 9673.46 qps: 154751.38 (r/w/o: 135405.46/0.00/19345.92) lat (ms,95%): 1.89 err/s: 0.00 reconn/s: 0.00
[ 579s ] thds: 16 tps: 9603.49 qps: 153632.82 (r/w/o: 134425.85/0.00/19206.98) lat (ms,95%): 1.93 err/s: 0.00 reconn/s: 0.00
[ 580s ] thds: 16 tps: 9661.55 qps: 154632.87 (r/w/o: 135308.77/0.00/19324.11) lat (ms,95%): 1.82 err/s: 0.00 reconn/s: 0.00
[ 581s ] thds: 16 tps: 9697.90 qps: 155133.46 (r/w/o: 135738.66/0.00/19394.81) lat (ms,95%): 1.79 err/s: 0.00 reconn/s: 0.00
[ 582s ] thds: 16 tps: 9574.41 qps: 153222.55 (r/w/o: 134072.73/0.00/19149.82) lat (ms,95%): 1.93 err/s: 0.00 reconn/s: 0.00
[ 583s ] thds: 16 tps: 9390.94 qps: 150248.97 (r/w/o: 131467.10/0.00/18781.87) lat (ms,95%): 2.07 err/s: 0.00 reconn/s: 0.00
[ 584s ] thds: 16 tps: 9498.54 qps: 151982.57 (r/w/o: 132985.50/0.00/18997.07) lat (ms,95%): 2.00 err/s: 0.00 reconn/s: 0.00
[ 585s ] thds: 16 tps: 9699.05 qps: 155141.81 (r/w/o: 135743.71/0.00/19398.10) lat (ms,95%): 1.79 err/s: 0.00 reconn/s: 0.00
[ 586s ] thds: 16 tps: 9672.13 qps: 154800.09 (r/w/o: 135455.83/0.00/19344.26) lat (ms,95%): 1.86 err/s: 0.00 reconn/s: 0.00
[ 587s ] thds: 16 tps: 9608.15 qps: 153723.42 (r/w/o: 134508.11/0.00/19215.30) lat (ms,95%): 1.93 err/s: 0.00 reconn/s: 0.00
[ 588s ] thds: 16 tps: 9518.27 qps: 152283.33 (r/w/o: 133247.79/0.00/19035.54) lat (ms,95%): 2.00 err/s: 0.00 reconn/s: 0.00
[ 589s ] thds: 16 tps: 9663.39 qps: 154620.28 (r/w/o: 135291.49/0.00/19328.78) lat (ms,95%): 1.86 err/s: 0.00 reconn/s: 0.00
[ 590s ] thds: 16 tps: 9695.10 qps: 155112.63 (r/w/o: 135723.43/0.00/19389.20) lat (ms,95%): 1.82 err/s: 0.00 reconn/s: 0.00
[ 591s ] thds: 16 tps: 9603.87 qps: 153656.85 (r/w/o: 134448.12/0.00/19208.73) lat (ms,95%): 1.96 err/s: 0.00 reconn/s: 0.00
[ 592s ] thds: 16 tps: 9603.43 qps: 153671.89 (r/w/o: 134465.03/0.00/19206.86) lat (ms,95%): 1.96 err/s: 0.00 reconn/s: 0.00
[ 593s ] thds: 16 tps: 9706.55 qps: 155284.82 (r/w/o: 135873.72/0.00/19411.10) lat (ms,95%): 1.79 err/s: 0.00 reconn/s: 0.00
[ 594s ] thds: 16 tps: 9710.17 qps: 155357.67 (r/w/o: 135935.34/0.00/19422.33) lat (ms,95%): 1.79 err/s: 0.00 reconn/s: 0.00
[ 595s ] thds: 16 tps: 9632.94 qps: 154164.09 (r/w/o: 134898.21/0.00/19265.89) lat (ms,95%): 1.96 err/s: 0.00 reconn/s: 0.00
[ 596s ] thds: 16 tps: 9347.80 qps: 149557.79 (r/w/o: 130862.19/0.00/18695.60) lat (ms,95%): 2.03 err/s: 0.00 reconn/s: 0.00
[ 597s ] thds: 16 tps: 9696.55 qps: 155104.86 (r/w/o: 135710.75/0.00/19394.11) lat (ms,95%): 1.82 err/s: 0.00 reconn/s: 0.00
[ 598s ] thds: 16 tps: 9719.89 qps: 155531.27 (r/w/o: 136093.49/0.00/19437.78) lat (ms,95%): 1.79 err/s: 0.00 reconn/s: 0.00
[ 599s ] thds: 16 tps: 9593.87 qps: 153504.89 (r/w/o: 134316.16/0.00/19188.74) lat (ms,95%): 1.93 err/s: 0.00 reconn/s: 0.00
[ 600s ] thds: 16 tps: 9559.77 qps: 152942.40 (r/w/o: 133822.85/0.00/19119.55) lat (ms,95%): 2.00 err/s: 0.00 reconn/s: 0.00
SQL statistics:
    queries performed:
        read:                            80340610
        write:                           0
        other:                           11477230
        total:                           91817840
    transactions:                        5738615 (9564.29 per sec.)
    queries:                             91817840 (153028.70 per sec.)
    ignored errors:                      0      (0.00 per sec.)
    reconnects:                          0      (0.00 per sec.)

General statistics:
    total time:                          600.0027s
    total number of events:              5738615

Latency (ms):
         min:                                    1.24
         avg:                                    1.67
         max:                                    4.13
         95th percentile:                        1.93
         sum:                              9589799.61

Threads fairness:
    events (avg/stddev):           358663.4375/9460.84
    execution time (avg/stddev):   599.3625/0.01

