sysbench 1.0.20 (using bundled LuaJIT 2.1.0-beta2)

Running the test with following options:
Number of threads: 16
Report intermediate results every 1 second(s)
Initializing random number generator from current time


Initializing worker threads...

Threads started!

[ 1s ] thds: 16 tps: 10033.01 qps: 160672.84 (r/w/o: 140591.85/0.00/20080.99) lat (ms,95%): 1.93 err/s: 0.00 reconn/s: 0.00
[ 2s ] thds: 16 tps: 10610.16 qps: 169776.53 (r/w/o: 148555.22/0.00/21221.32) lat (ms,95%): 1.64 err/s: 0.00 reconn/s: 0.00
[ 3s ] thds: 16 tps: 10613.60 qps: 169812.54 (r/w/o: 148586.35/0.00/21226.19) lat (ms,95%): 1.70 err/s: 0.00 reconn/s: 0.00
[ 4s ] thds: 16 tps: 10631.11 qps: 170087.78 (r/w/o: 148824.56/0.00/21263.22) lat (ms,95%): 1.70 err/s: 0.00 reconn/s: 0.00
[ 5s ] thds: 16 tps: 10585.84 qps: 169343.39 (r/w/o: 148171.71/0.00/21171.67) lat (ms,95%): 1.73 err/s: 0.00 reconn/s: 0.00
[ 6s ] thds: 16 tps: 10586.46 qps: 169430.38 (r/w/o: 148257.46/0.00/21172.92) lat (ms,95%): 1.73 err/s: 0.00 reconn/s: 0.00
[ 7s ] thds: 16 tps: 10514.97 qps: 168246.54 (r/w/o: 147216.60/0.00/21029.94) lat (ms,95%): 1.79 err/s: 0.00 reconn/s: 0.00
[ 8s ] thds: 16 tps: 10584.68 qps: 169349.96 (r/w/o: 148180.59/0.00/21169.37) lat (ms,95%): 1.76 err/s: 0.00 reconn/s: 0.00
[ 9s ] thds: 16 tps: 10674.99 qps: 170787.89 (r/w/o: 149438.90/0.00/21348.99) lat (ms,95%): 1.67 err/s: 0.00 reconn/s: 0.00
[ 10s ] thds: 16 tps: 10515.01 qps: 168247.10 (r/w/o: 147216.09/0.00/21031.01) lat (ms,95%): 1.79 err/s: 0.00 reconn/s: 0.00
[ 11s ] thds: 16 tps: 10554.82 qps: 168850.10 (r/w/o: 147741.46/0.00/21108.64) lat (ms,95%): 1.73 err/s: 0.00 reconn/s: 0.00
[ 12s ] thds: 16 tps: 10664.12 qps: 170637.90 (r/w/o: 149309.66/0.00/21328.24) lat (ms,95%): 1.64 err/s: 0.00 reconn/s: 0.00
[ 13s ] thds: 16 tps: 10554.50 qps: 168880.02 (r/w/o: 147770.01/0.00/21110.00) lat (ms,95%): 1.76 err/s: 0.00 reconn/s: 0.00
[ 14s ] thds: 16 tps: 10561.88 qps: 168989.08 (r/w/o: 147865.32/0.00/21123.76) lat (ms,95%): 1.76 err/s: 0.00 reconn/s: 0.00
[ 15s ] thds: 16 tps: 10484.67 qps: 167745.69 (r/w/o: 146776.36/0.00/20969.34) lat (ms,95%): 1.79 err/s: 0.00 reconn/s: 0.00
[ 16s ] thds: 16 tps: 10574.07 qps: 169204.15 (r/w/o: 148057.01/0.00/21147.14) lat (ms,95%): 1.70 err/s: 0.00 reconn/s: 0.00
[ 17s ] thds: 16 tps: 10532.73 qps: 168518.69 (r/w/o: 147452.23/0.00/21066.46) lat (ms,95%): 1.76 err/s: 0.00 reconn/s: 0.00
[ 18s ] thds: 16 tps: 10465.37 qps: 167466.96 (r/w/o: 146536.22/0.00/20930.75) lat (ms,95%): 1.82 err/s: 0.00 reconn/s: 0.00
[ 19s ] thds: 16 tps: 10542.71 qps: 168662.41 (r/w/o: 147576.99/0.00/21085.43) lat (ms,95%): 1.76 err/s: 0.00 reconn/s: 0.00
[ 20s ] thds: 16 tps: 10567.14 qps: 169053.24 (r/w/o: 147920.96/0.00/21132.28) lat (ms,95%): 1.70 err/s: 0.00 reconn/s: 0.00
[ 21s ] thds: 16 tps: 10596.06 qps: 169584.91 (r/w/o: 148390.80/0.00/21194.11) lat (ms,95%): 1.70 err/s: 0.00 reconn/s: 0.00
[ 22s ] thds: 16 tps: 10541.31 qps: 168680.98 (r/w/o: 147598.36/0.00/21082.62) lat (ms,95%): 1.76 err/s: 0.00 reconn/s: 0.00
[ 23s ] thds: 16 tps: 10470.65 qps: 167479.41 (r/w/o: 146538.11/0.00/20941.30) lat (ms,95%): 1.79 err/s: 0.00 reconn/s: 0.00
[ 24s ] thds: 16 tps: 10610.83 qps: 169762.31 (r/w/o: 148540.65/0.00/21221.66) lat (ms,95%): 1.67 err/s: 0.00 reconn/s: 0.00
[ 25s ] thds: 16 tps: 10608.33 qps: 169721.32 (r/w/o: 148504.65/0.00/21216.66) lat (ms,95%): 1.67 err/s: 0.00 reconn/s: 0.00
[ 26s ] thds: 16 tps: 10476.70 qps: 167660.18 (r/w/o: 146708.78/0.00/20951.40) lat (ms,95%): 1.76 err/s: 0.00 reconn/s: 0.00
[ 27s ] thds: 16 tps: 10398.09 qps: 166388.42 (r/w/o: 145589.25/0.00/20799.18) lat (ms,95%): 1.82 err/s: 0.00 reconn/s: 0.00
[ 28s ] thds: 16 tps: 10544.97 qps: 168698.59 (r/w/o: 147610.64/0.00/21087.95) lat (ms,95%): 1.70 err/s: 0.00 reconn/s: 0.00
[ 29s ] thds: 16 tps: 10556.47 qps: 168898.60 (r/w/o: 147784.65/0.00/21113.95) lat (ms,95%): 1.73 err/s: 0.00 reconn/s: 0.00
[ 30s ] thds: 16 tps: 10482.58 qps: 167722.22 (r/w/o: 146757.07/0.00/20965.15) lat (ms,95%): 1.76 err/s: 0.00 reconn/s: 0.00
[ 31s ] thds: 16 tps: 10481.90 qps: 167717.39 (r/w/o: 146754.59/0.00/20962.80) lat (ms,95%): 1.79 err/s: 0.00 reconn/s: 0.00
[ 32s ] thds: 16 tps: 10531.14 qps: 168505.29 (r/w/o: 147441.00/0.00/21064.29) lat (ms,95%): 1.64 err/s: 0.00 reconn/s: 0.00
[ 33s ] thds: 16 tps: 10246.25 qps: 163924.96 (r/w/o: 143433.47/0.00/20491.50) lat (ms,95%): 1.89 err/s: 0.00 reconn/s: 0.00
[ 34s ] thds: 16 tps: 10368.76 qps: 165910.08 (r/w/o: 145172.57/0.00/20737.51) lat (ms,95%): 1.82 err/s: 0.00 reconn/s: 0.00
[ 35s ] thds: 16 tps: 10495.96 qps: 167940.29 (r/w/o: 146948.38/0.00/20991.91) lat (ms,95%): 1.70 err/s: 0.00 reconn/s: 0.00
[ 36s ] thds: 16 tps: 10578.97 qps: 169254.58 (r/w/o: 148096.63/0.00/21157.95) lat (ms,95%): 1.64 err/s: 0.00 reconn/s: 0.00
[ 37s ] thds: 16 tps: 10524.42 qps: 168364.73 (r/w/o: 147315.89/0.00/21048.84) lat (ms,95%): 1.73 err/s: 0.00 reconn/s: 0.00
[ 38s ] thds: 16 tps: 10511.60 qps: 168198.57 (r/w/o: 147175.38/0.00/21023.20) lat (ms,95%): 1.73 err/s: 0.00 reconn/s: 0.00
[ 39s ] thds: 16 tps: 10431.10 qps: 166894.54 (r/w/o: 146032.35/0.00/20862.19) lat (ms,95%): 1.79 err/s: 0.00 reconn/s: 0.00
[ 40s ] thds: 16 tps: 10595.16 qps: 169540.53 (r/w/o: 148351.21/0.00/21189.32) lat (ms,95%): 1.64 err/s: 0.00 reconn/s: 0.00
[ 41s ] thds: 16 tps: 10601.98 qps: 169647.73 (r/w/o: 148442.76/0.00/21204.97) lat (ms,95%): 1.64 err/s: 0.00 reconn/s: 0.00
[ 42s ] thds: 16 tps: 10441.86 qps: 167066.79 (r/w/o: 146184.07/0.00/20882.72) lat (ms,95%): 1.82 err/s: 0.00 reconn/s: 0.00
[ 43s ] thds: 16 tps: 10430.13 qps: 166836.01 (r/w/o: 145975.76/0.00/20860.25) lat (ms,95%): 1.79 err/s: 0.00 reconn/s: 0.00
[ 44s ] thds: 16 tps: 10629.81 qps: 170128.96 (r/w/o: 148868.34/0.00/21260.62) lat (ms,95%): 1.64 err/s: 0.00 reconn/s: 0.00
[ 45s ] thds: 16 tps: 10587.05 qps: 169331.84 (r/w/o: 148158.73/0.00/21173.11) lat (ms,95%): 1.67 err/s: 0.00 reconn/s: 0.00
[ 46s ] thds: 16 tps: 10509.02 qps: 168199.27 (r/w/o: 147180.24/0.00/21019.03) lat (ms,95%): 1.76 err/s: 0.00 reconn/s: 0.00
[ 47s ] thds: 16 tps: 10566.89 qps: 169048.20 (r/w/o: 147915.43/0.00/21132.78) lat (ms,95%): 1.67 err/s: 0.00 reconn/s: 0.00
[ 48s ] thds: 16 tps: 10531.20 qps: 168510.20 (r/w/o: 147447.80/0.00/21062.40) lat (ms,95%): 1.73 err/s: 0.00 reconn/s: 0.00
[ 49s ] thds: 16 tps: 10514.95 qps: 168238.20 (r/w/o: 147207.30/0.00/21030.90) lat (ms,95%): 1.73 err/s: 0.00 reconn/s: 0.00
[ 50s ] thds: 16 tps: 10566.84 qps: 169061.44 (r/w/o: 147928.76/0.00/21132.68) lat (ms,95%): 1.67 err/s: 0.00 reconn/s: 0.00
[ 51s ] thds: 16 tps: 10518.98 qps: 168271.67 (r/w/o: 147233.71/0.00/21037.96) lat (ms,95%): 1.70 err/s: 0.00 reconn/s: 0.00
[ 52s ] thds: 16 tps: 10571.07 qps: 169139.20 (r/w/o: 147997.05/0.00/21142.15) lat (ms,95%): 1.67 err/s: 0.00 reconn/s: 0.00
[ 53s ] thds: 16 tps: 10412.92 qps: 166638.74 (r/w/o: 145812.89/0.00/20825.84) lat (ms,95%): 1.82 err/s: 0.00 reconn/s: 0.00
[ 54s ] thds: 16 tps: 10583.96 qps: 169336.32 (r/w/o: 148168.41/0.00/21167.92) lat (ms,95%): 1.70 err/s: 0.00 reconn/s: 0.00
[ 55s ] thds: 16 tps: 10499.08 qps: 167993.28 (r/w/o: 146995.12/0.00/20998.16) lat (ms,95%): 1.73 err/s: 0.00 reconn/s: 0.00
[ 56s ] thds: 16 tps: 10527.92 qps: 168456.75 (r/w/o: 147400.91/0.00/21055.84) lat (ms,95%): 1.73 err/s: 0.00 reconn/s: 0.00
[ 57s ] thds: 16 tps: 10583.84 qps: 169318.44 (r/w/o: 148151.76/0.00/21166.68) lat (ms,95%): 1.70 err/s: 0.00 reconn/s: 0.00
[ 58s ] thds: 16 tps: 10480.18 qps: 167701.88 (r/w/o: 146738.52/0.00/20963.36) lat (ms,95%): 1.76 err/s: 0.00 reconn/s: 0.00
[ 59s ] thds: 16 tps: 10506.05 qps: 168103.83 (r/w/o: 147092.73/0.00/21011.10) lat (ms,95%): 1.73 err/s: 0.00 reconn/s: 0.00
[ 60s ] thds: 16 tps: 10553.82 qps: 168827.14 (r/w/o: 147719.49/0.00/21107.64) lat (ms,95%): 1.70 err/s: 0.00 reconn/s: 0.00
[ 61s ] thds: 16 tps: 10532.20 qps: 168491.16 (r/w/o: 147426.77/0.00/21064.40) lat (ms,95%): 1.73 err/s: 0.00 reconn/s: 0.00
[ 62s ] thds: 16 tps: 10537.27 qps: 168611.33 (r/w/o: 147537.79/0.00/21073.54) lat (ms,95%): 1.73 err/s: 0.00 reconn/s: 0.00
[ 63s ] thds: 16 tps: 10457.46 qps: 167331.41 (r/w/o: 146415.48/0.00/20915.93) lat (ms,95%): 1.76 err/s: 0.00 reconn/s: 0.00
[ 64s ] thds: 16 tps: 10536.87 qps: 168622.96 (r/w/o: 147549.22/0.00/21073.75) lat (ms,95%): 1.73 err/s: 0.00 reconn/s: 0.00
[ 65s ] thds: 16 tps: 10634.40 qps: 170135.33 (r/w/o: 148866.54/0.00/21268.79) lat (ms,95%): 1.64 err/s: 0.00 reconn/s: 0.00
[ 66s ] thds: 16 tps: 10462.99 qps: 167396.79 (r/w/o: 146470.82/0.00/20925.97) lat (ms,95%): 1.79 err/s: 0.00 reconn/s: 0.00
[ 67s ] thds: 16 tps: 10409.75 qps: 166534.97 (r/w/o: 145715.47/0.00/20819.50) lat (ms,95%): 1.82 err/s: 0.00 reconn/s: 0.00
[ 68s ] thds: 16 tps: 10595.21 qps: 169562.36 (r/w/o: 148371.94/0.00/21190.42) lat (ms,95%): 1.64 err/s: 0.00 reconn/s: 0.00
[ 69s ] thds: 16 tps: 10545.00 qps: 168698.95 (r/w/o: 147608.96/0.00/21089.99) lat (ms,95%): 1.73 err/s: 0.00 reconn/s: 0.00
[ 70s ] thds: 16 tps: 10481.41 qps: 167720.57 (r/w/o: 146757.75/0.00/20962.82) lat (ms,95%): 1.79 err/s: 0.00 reconn/s: 0.00
[ 71s ] thds: 16 tps: 10443.68 qps: 167083.86 (r/w/o: 146197.50/0.00/20886.36) lat (ms,95%): 1.79 err/s: 0.00 reconn/s: 0.00
[ 72s ] thds: 16 tps: 10575.67 qps: 169194.73 (r/w/o: 148042.39/0.00/21152.34) lat (ms,95%): 1.64 err/s: 0.00 reconn/s: 0.00
[ 73s ] thds: 16 tps: 10478.55 qps: 167687.78 (r/w/o: 146730.68/0.00/20957.10) lat (ms,95%): 1.76 err/s: 0.00 reconn/s: 0.00
[ 74s ] thds: 16 tps: 10542.75 qps: 168661.02 (r/w/o: 147575.52/0.00/21085.50) lat (ms,95%): 1.73 err/s: 0.00 reconn/s: 0.00
[ 75s ] thds: 16 tps: 10531.04 qps: 168495.64 (r/w/o: 147433.56/0.00/21062.08) lat (ms,95%): 1.70 err/s: 0.00 reconn/s: 0.00
[ 76s ] thds: 16 tps: 10613.01 qps: 169807.22 (r/w/o: 148583.19/0.00/21224.03) lat (ms,95%): 1.67 err/s: 0.00 reconn/s: 0.00
[ 77s ] thds: 16 tps: 10622.67 qps: 169951.70 (r/w/o: 148706.36/0.00/21245.34) lat (ms,95%): 1.64 err/s: 0.00 reconn/s: 0.00
[ 78s ] thds: 16 tps: 10466.28 qps: 167527.46 (r/w/o: 146592.90/0.00/20934.56) lat (ms,95%): 1.76 err/s: 0.00 reconn/s: 0.00
[ 79s ] thds: 16 tps: 10516.08 qps: 168225.25 (r/w/o: 147192.09/0.00/21033.16) lat (ms,95%): 1.76 err/s: 0.00 reconn/s: 0.00
[ 80s ] thds: 16 tps: 10624.18 qps: 169967.93 (r/w/o: 148721.57/0.00/21246.37) lat (ms,95%): 1.67 err/s: 0.00 reconn/s: 0.00
[ 81s ] thds: 16 tps: 10579.82 qps: 169276.19 (r/w/o: 148115.54/0.00/21160.65) lat (ms,95%): 1.73 err/s: 0.00 reconn/s: 0.00
[ 82s ] thds: 16 tps: 10453.98 qps: 167296.71 (r/w/o: 146388.74/0.00/20907.96) lat (ms,95%): 1.79 err/s: 0.00 reconn/s: 0.00
[ 83s ] thds: 16 tps: 10370.15 qps: 165894.35 (r/w/o: 145154.06/0.00/20740.29) lat (ms,95%): 1.86 err/s: 0.00 reconn/s: 0.00
[ 84s ] thds: 16 tps: 10583.76 qps: 169374.13 (r/w/o: 148206.61/0.00/21167.52) lat (ms,95%): 1.70 err/s: 0.00 reconn/s: 0.00
[ 85s ] thds: 16 tps: 10556.28 qps: 168871.47 (r/w/o: 147758.91/0.00/21112.56) lat (ms,95%): 1.79 err/s: 0.00 reconn/s: 0.00
[ 86s ] thds: 16 tps: 10628.98 qps: 170055.75 (r/w/o: 148797.78/0.00/21257.97) lat (ms,95%): 1.67 err/s: 0.00 reconn/s: 0.00
[ 87s ] thds: 16 tps: 10619.51 qps: 169948.10 (r/w/o: 148709.09/0.00/21239.01) lat (ms,95%): 1.67 err/s: 0.00 reconn/s: 0.00
[ 88s ] thds: 16 tps: 10653.30 qps: 170425.85 (r/w/o: 149119.24/0.00/21306.61) lat (ms,95%): 1.64 err/s: 0.00 reconn/s: 0.00
[ 89s ] thds: 16 tps: 10589.14 qps: 169438.31 (r/w/o: 148260.03/0.00/21178.29) lat (ms,95%): 1.73 err/s: 0.00 reconn/s: 0.00
[ 90s ] thds: 16 tps: 10479.01 qps: 167644.17 (r/w/o: 146687.15/0.00/20957.02) lat (ms,95%): 1.79 err/s: 0.00 reconn/s: 0.00
[ 91s ] thds: 16 tps: 10403.95 qps: 166480.16 (r/w/o: 145671.27/0.00/20808.90) lat (ms,95%): 1.82 err/s: 0.00 reconn/s: 0.00
[ 92s ] thds: 16 tps: 10570.87 qps: 169133.88 (r/w/o: 147993.15/0.00/21140.74) lat (ms,95%): 1.76 err/s: 0.00 reconn/s: 0.00
[ 93s ] thds: 16 tps: 10603.99 qps: 169649.88 (r/w/o: 148440.90/0.00/21208.99) lat (ms,95%): 1.73 err/s: 0.00 reconn/s: 0.00
[ 94s ] thds: 16 tps: 10576.54 qps: 169249.67 (r/w/o: 148096.59/0.00/21153.08) lat (ms,95%): 1.73 err/s: 0.00 reconn/s: 0.00
[ 95s ] thds: 16 tps: 10601.48 qps: 169613.74 (r/w/o: 148410.77/0.00/21202.97) lat (ms,95%): 1.70 err/s: 0.00 reconn/s: 0.00
[ 96s ] thds: 16 tps: 10542.99 qps: 168686.87 (r/w/o: 147600.89/0.00/21085.98) lat (ms,95%): 1.76 err/s: 0.00 reconn/s: 0.00
[ 97s ] thds: 16 tps: 10587.00 qps: 169409.02 (r/w/o: 148235.01/0.00/21174.00) lat (ms,95%): 1.73 err/s: 0.00 reconn/s: 0.00
[ 98s ] thds: 16 tps: 10650.78 qps: 170371.45 (r/w/o: 149071.90/0.00/21299.56) lat (ms,95%): 1.67 err/s: 0.00 reconn/s: 0.00
[ 99s ] thds: 16 tps: 10587.56 qps: 169405.95 (r/w/o: 148228.83/0.00/21177.12) lat (ms,95%): 1.73 err/s: 0.00 reconn/s: 0.00
[ 100s ] thds: 16 tps: 10560.64 qps: 169016.16 (r/w/o: 147894.89/0.00/21121.27) lat (ms,95%): 1.76 err/s: 0.00 reconn/s: 0.00
[ 101s ] thds: 16 tps: 10616.05 qps: 169830.76 (r/w/o: 148598.66/0.00/21232.09) lat (ms,95%): 1.73 err/s: 0.00 reconn/s: 0.00
[ 102s ] thds: 16 tps: 10614.35 qps: 169812.58 (r/w/o: 148583.88/0.00/21228.70) lat (ms,95%): 1.73 err/s: 0.00 reconn/s: 0.00
[ 103s ] thds: 16 tps: 10599.74 qps: 169617.89 (r/w/o: 148418.41/0.00/21199.49) lat (ms,95%): 1.70 err/s: 0.00 reconn/s: 0.00
[ 104s ] thds: 16 tps: 10680.83 qps: 170865.33 (r/w/o: 149503.66/0.00/21361.67) lat (ms,95%): 1.64 err/s: 0.00 reconn/s: 0.00
[ 105s ] thds: 16 tps: 10437.08 qps: 167026.26 (r/w/o: 146153.10/0.00/20873.16) lat (ms,95%): 1.82 err/s: 0.00 reconn/s: 0.00
[ 106s ] thds: 16 tps: 10642.94 qps: 170279.07 (r/w/o: 148992.18/0.00/21286.88) lat (ms,95%): 1.67 err/s: 0.00 reconn/s: 0.00
[ 107s ] thds: 16 tps: 10315.93 qps: 165040.85 (r/w/o: 144408.99/0.00/20631.86) lat (ms,95%): 1.86 err/s: 0.00 reconn/s: 0.00
[ 108s ] thds: 16 tps: 10629.10 qps: 170073.68 (r/w/o: 148815.47/0.00/21258.21) lat (ms,95%): 1.70 err/s: 0.00 reconn/s: 0.00
[ 109s ] thds: 16 tps: 10506.99 qps: 168084.81 (r/w/o: 147070.83/0.00/21013.98) lat (ms,95%): 1.79 err/s: 0.00 reconn/s: 0.00
[ 110s ] thds: 16 tps: 10463.27 qps: 167438.30 (r/w/o: 146511.76/0.00/20926.54) lat (ms,95%): 1.82 err/s: 0.00 reconn/s: 0.00
[ 111s ] thds: 16 tps: 10606.69 qps: 169717.99 (r/w/o: 148504.62/0.00/21213.37) lat (ms,95%): 1.70 err/s: 0.00 reconn/s: 0.00
[ 112s ] thds: 16 tps: 10672.06 qps: 170707.03 (r/w/o: 149362.90/0.00/21344.13) lat (ms,95%): 1.64 err/s: 0.00 reconn/s: 0.00
[ 113s ] thds: 16 tps: 10598.94 qps: 169610.06 (r/w/o: 148412.18/0.00/21197.88) lat (ms,95%): 1.73 err/s: 0.00 reconn/s: 0.00
[ 114s ] thds: 16 tps: 10451.99 qps: 167255.88 (r/w/o: 146352.89/0.00/20902.98) lat (ms,95%): 1.82 err/s: 0.00 reconn/s: 0.00
[ 115s ] thds: 16 tps: 10513.33 qps: 168210.31 (r/w/o: 147182.65/0.00/21027.66) lat (ms,95%): 1.79 err/s: 0.00 reconn/s: 0.00
[ 116s ] thds: 16 tps: 10713.37 qps: 171424.87 (r/w/o: 149997.14/0.00/21427.73) lat (ms,95%): 1.61 err/s: 0.00 reconn/s: 0.00
[ 117s ] thds: 16 tps: 10702.32 qps: 171214.14 (r/w/o: 149810.50/0.00/21403.64) lat (ms,95%): 1.67 err/s: 0.00 reconn/s: 0.00
[ 118s ] thds: 16 tps: 10477.93 qps: 167644.86 (r/w/o: 146689.00/0.00/20955.86) lat (ms,95%): 1.82 err/s: 0.00 reconn/s: 0.00
[ 119s ] thds: 16 tps: 10572.04 qps: 169162.61 (r/w/o: 148018.53/0.00/21144.08) lat (ms,95%): 1.76 err/s: 0.00 reconn/s: 0.00
[ 120s ] thds: 16 tps: 10729.39 qps: 171659.18 (r/w/o: 150201.41/0.00/21457.77) lat (ms,95%): 1.61 err/s: 0.00 reconn/s: 0.00
[ 121s ] thds: 16 tps: 10686.64 qps: 170985.18 (r/w/o: 149611.90/0.00/21373.27) lat (ms,95%): 1.67 err/s: 0.00 reconn/s: 0.00
[ 122s ] thds: 16 tps: 10461.08 qps: 167346.29 (r/w/o: 146423.13/0.00/20923.16) lat (ms,95%): 1.79 err/s: 0.00 reconn/s: 0.00
[ 123s ] thds: 16 tps: 10685.71 qps: 170992.28 (r/w/o: 149620.87/0.00/21371.41) lat (ms,95%): 1.67 err/s: 0.00 reconn/s: 0.00
[ 124s ] thds: 16 tps: 10649.48 qps: 170407.60 (r/w/o: 149108.65/0.00/21298.95) lat (ms,95%): 1.70 err/s: 0.00 reconn/s: 0.00
[ 125s ] thds: 16 tps: 10738.56 qps: 171816.95 (r/w/o: 150339.83/0.00/21477.12) lat (ms,95%): 1.64 err/s: 0.00 reconn/s: 0.00
[ 126s ] thds: 16 tps: 10706.59 qps: 171291.50 (r/w/o: 149879.31/0.00/21412.19) lat (ms,95%): 1.64 err/s: 0.00 reconn/s: 0.00
[ 127s ] thds: 16 tps: 10584.69 qps: 169389.07 (r/w/o: 148219.68/0.00/21169.38) lat (ms,95%): 1.76 err/s: 0.00 reconn/s: 0.00
[ 128s ] thds: 16 tps: 10666.30 qps: 170648.73 (r/w/o: 149315.14/0.00/21333.59) lat (ms,95%): 1.73 err/s: 0.00 reconn/s: 0.00
[ 129s ] thds: 16 tps: 10628.64 qps: 170040.18 (r/w/o: 148782.90/0.00/21257.27) lat (ms,95%): 1.76 err/s: 0.00 reconn/s: 0.00
[ 130s ] thds: 16 tps: 10702.04 qps: 171229.62 (r/w/o: 149826.54/0.00/21403.08) lat (ms,95%): 1.67 err/s: 0.00 reconn/s: 0.00
[ 131s ] thds: 16 tps: 10733.00 qps: 171737.93 (r/w/o: 150270.94/0.00/21466.99) lat (ms,95%): 1.61 err/s: 0.00 reconn/s: 0.00
[ 132s ] thds: 16 tps: 10631.91 qps: 170106.62 (r/w/o: 148842.79/0.00/21263.83) lat (ms,95%): 1.73 err/s: 0.00 reconn/s: 0.00
[ 133s ] thds: 16 tps: 10670.07 qps: 170731.19 (r/w/o: 149391.04/0.00/21340.15) lat (ms,95%): 1.70 err/s: 0.00 reconn/s: 0.00
[ 134s ] thds: 16 tps: 10595.75 qps: 169518.01 (r/w/o: 148326.51/0.00/21191.50) lat (ms,95%): 1.79 err/s: 0.00 reconn/s: 0.00
[ 135s ] thds: 16 tps: 10524.23 qps: 168383.67 (r/w/o: 147335.21/0.00/21048.46) lat (ms,95%): 1.82 err/s: 0.00 reconn/s: 0.00
[ 136s ] thds: 16 tps: 10736.05 qps: 171818.86 (r/w/o: 150346.75/0.00/21472.11) lat (ms,95%): 1.61 err/s: 0.00 reconn/s: 0.00
[ 137s ] thds: 16 tps: 10708.02 qps: 171276.27 (r/w/o: 149861.23/0.00/21415.03) lat (ms,95%): 1.67 err/s: 0.00 reconn/s: 0.00
[ 138s ] thds: 16 tps: 10643.82 qps: 170307.09 (r/w/o: 149018.45/0.00/21288.64) lat (ms,95%): 1.73 err/s: 0.00 reconn/s: 0.00
[ 139s ] thds: 16 tps: 10604.30 qps: 169698.77 (r/w/o: 148490.18/0.00/21208.60) lat (ms,95%): 1.76 err/s: 0.00 reconn/s: 0.00
[ 140s ] thds: 16 tps: 10726.87 qps: 171610.91 (r/w/o: 150157.17/0.00/21453.74) lat (ms,95%): 1.64 err/s: 0.00 reconn/s: 0.00
[ 141s ] thds: 16 tps: 10705.15 qps: 171258.39 (r/w/o: 149848.09/0.00/21410.30) lat (ms,95%): 1.67 err/s: 0.00 reconn/s: 0.00
[ 142s ] thds: 16 tps: 10558.87 qps: 168961.85 (r/w/o: 147845.12/0.00/21116.73) lat (ms,95%): 1.79 err/s: 0.00 reconn/s: 0.00
[ 143s ] thds: 16 tps: 10448.12 qps: 167179.98 (r/w/o: 146283.73/0.00/20896.25) lat (ms,95%): 1.86 err/s: 0.00 reconn/s: 0.00
[ 144s ] thds: 16 tps: 10702.01 qps: 171198.23 (r/w/o: 149794.20/0.00/21404.03) lat (ms,95%): 1.67 err/s: 0.00 reconn/s: 0.00
[ 145s ] thds: 16 tps: 10718.60 qps: 171537.53 (r/w/o: 150099.34/0.00/21438.19) lat (ms,95%): 1.67 err/s: 0.00 reconn/s: 0.00
[ 146s ] thds: 16 tps: 10470.60 qps: 167538.63 (r/w/o: 146597.43/0.00/20941.20) lat (ms,95%): 1.82 err/s: 0.00 reconn/s: 0.00
[ 147s ] thds: 16 tps: 10588.50 qps: 169388.93 (r/w/o: 148210.94/0.00/21177.99) lat (ms,95%): 1.76 err/s: 0.00 reconn/s: 0.00
[ 148s ] thds: 16 tps: 10701.51 qps: 171238.15 (r/w/o: 149835.13/0.00/21403.02) lat (ms,95%): 1.67 err/s: 0.00 reconn/s: 0.00
[ 149s ] thds: 16 tps: 10629.76 qps: 170076.10 (r/w/o: 148817.59/0.00/21258.51) lat (ms,95%): 1.73 err/s: 0.00 reconn/s: 0.00
[ 150s ] thds: 16 tps: 10664.51 qps: 170623.21 (r/w/o: 149294.18/0.00/21329.03) lat (ms,95%): 1.73 err/s: 0.00 reconn/s: 0.00
[ 151s ] thds: 16 tps: 10542.31 qps: 168646.89 (r/w/o: 147564.28/0.00/21082.61) lat (ms,95%): 1.79 err/s: 0.00 reconn/s: 0.00
[ 152s ] thds: 16 tps: 10749.04 qps: 172017.61 (r/w/o: 150517.54/0.00/21500.08) lat (ms,95%): 1.61 err/s: 0.00 reconn/s: 0.00
[ 153s ] thds: 16 tps: 10755.08 qps: 172106.25 (r/w/o: 150596.09/0.00/21510.16) lat (ms,95%): 1.64 err/s: 0.00 reconn/s: 0.00
[ 154s ] thds: 16 tps: 10687.11 qps: 170940.83 (r/w/o: 149566.60/0.00/21374.23) lat (ms,95%): 1.70 err/s: 0.00 reconn/s: 0.00
[ 155s ] thds: 16 tps: 10699.54 qps: 171204.71 (r/w/o: 149805.62/0.00/21399.09) lat (ms,95%): 1.64 err/s: 0.00 reconn/s: 0.00
[ 156s ] thds: 16 tps: 10654.53 qps: 170494.55 (r/w/o: 149186.49/0.00/21308.07) lat (ms,95%): 1.73 err/s: 0.00 reconn/s: 0.00
[ 157s ] thds: 16 tps: 10732.93 qps: 171695.83 (r/w/o: 150229.98/0.00/21465.85) lat (ms,95%): 1.67 err/s: 0.00 reconn/s: 0.00
[ 158s ] thds: 16 tps: 10605.81 qps: 169734.93 (r/w/o: 148522.31/0.00/21212.62) lat (ms,95%): 1.76 err/s: 0.00 reconn/s: 0.00
[ 159s ] thds: 16 tps: 10644.55 qps: 170319.76 (r/w/o: 149030.67/0.00/21289.10) lat (ms,95%): 1.73 err/s: 0.00 reconn/s: 0.00
[ 160s ] thds: 16 tps: 10751.65 qps: 171954.45 (r/w/o: 150451.14/0.00/21503.31) lat (ms,95%): 1.64 err/s: 0.00 reconn/s: 0.00
[ 161s ] thds: 16 tps: 10684.84 qps: 171023.52 (r/w/o: 149653.83/0.00/21369.69) lat (ms,95%): 1.70 err/s: 0.00 reconn/s: 0.00
[ 162s ] thds: 16 tps: 10585.95 qps: 169332.13 (r/w/o: 148160.24/0.00/21171.89) lat (ms,95%): 1.76 err/s: 0.00 reconn/s: 0.00
[ 163s ] thds: 16 tps: 10666.08 qps: 170700.26 (r/w/o: 149368.10/0.00/21332.16) lat (ms,95%): 1.73 err/s: 0.00 reconn/s: 0.00
[ 164s ] thds: 16 tps: 10794.50 qps: 172673.97 (r/w/o: 151085.98/0.00/21588.00) lat (ms,95%): 1.61 err/s: 0.00 reconn/s: 0.00
[ 165s ] thds: 16 tps: 10638.53 qps: 170268.40 (r/w/o: 148990.35/0.00/21278.05) lat (ms,95%): 1.73 err/s: 0.00 reconn/s: 0.00
[ 166s ] thds: 16 tps: 10676.97 qps: 170798.56 (r/w/o: 149444.61/0.00/21353.94) lat (ms,95%): 1.73 err/s: 0.00 reconn/s: 0.00
[ 167s ] thds: 16 tps: 10703.15 qps: 171223.36 (r/w/o: 149818.06/0.00/21405.29) lat (ms,95%): 1.67 err/s: 0.00 reconn/s: 0.00
[ 168s ] thds: 16 tps: 10720.08 qps: 171542.25 (r/w/o: 150101.09/0.00/21441.16) lat (ms,95%): 1.67 err/s: 0.00 reconn/s: 0.00
[ 169s ] thds: 16 tps: 10671.62 qps: 170759.97 (r/w/o: 149417.72/0.00/21342.25) lat (ms,95%): 1.73 err/s: 0.00 reconn/s: 0.00
[ 170s ] thds: 16 tps: 10420.80 qps: 166753.77 (r/w/o: 145911.17/0.00/20842.60) lat (ms,95%): 1.82 err/s: 0.00 reconn/s: 0.00
[ 171s ] thds: 16 tps: 10675.37 qps: 170752.89 (r/w/o: 149403.15/0.00/21349.74) lat (ms,95%): 1.70 err/s: 0.00 reconn/s: 0.00
[ 172s ] thds: 16 tps: 10749.94 qps: 171993.07 (r/w/o: 150494.18/0.00/21498.88) lat (ms,95%): 1.64 err/s: 0.00 reconn/s: 0.00
[ 173s ] thds: 16 tps: 10691.93 qps: 171135.82 (r/w/o: 149749.97/0.00/21385.85) lat (ms,95%): 1.73 err/s: 0.00 reconn/s: 0.00
[ 174s ] thds: 16 tps: 10759.80 qps: 172112.86 (r/w/o: 150594.25/0.00/21518.61) lat (ms,95%): 1.64 err/s: 0.00 reconn/s: 0.00
[ 175s ] thds: 16 tps: 10740.01 qps: 171858.14 (r/w/o: 150377.12/0.00/21481.02) lat (ms,95%): 1.64 err/s: 0.00 reconn/s: 0.00
[ 176s ] thds: 16 tps: 10702.02 qps: 171197.26 (r/w/o: 149794.23/0.00/21403.03) lat (ms,95%): 1.70 err/s: 0.00 reconn/s: 0.00
[ 177s ] thds: 16 tps: 10461.32 qps: 167395.10 (r/w/o: 146473.46/0.00/20921.64) lat (ms,95%): 1.82 err/s: 0.00 reconn/s: 0.00
[ 178s ] thds: 16 tps: 10552.91 qps: 168867.60 (r/w/o: 147759.78/0.00/21107.83) lat (ms,95%): 1.79 err/s: 0.00 reconn/s: 0.00
[ 179s ] thds: 16 tps: 10616.94 qps: 169868.97 (r/w/o: 148635.10/0.00/21233.87) lat (ms,95%): 1.79 err/s: 0.00 reconn/s: 0.00
[ 180s ] thds: 16 tps: 10759.43 qps: 172191.93 (r/w/o: 150672.07/0.00/21519.87) lat (ms,95%): 1.61 err/s: 0.00 reconn/s: 0.00
[ 181s ] thds: 16 tps: 10656.62 qps: 170433.86 (r/w/o: 149123.63/0.00/21310.23) lat (ms,95%): 1.79 err/s: 0.00 reconn/s: 0.00
[ 182s ] thds: 16 tps: 10747.02 qps: 171963.26 (r/w/o: 150469.23/0.00/21494.03) lat (ms,95%): 1.67 err/s: 0.00 reconn/s: 0.00
[ 183s ] thds: 16 tps: 10658.97 qps: 170558.57 (r/w/o: 149238.62/0.00/21319.95) lat (ms,95%): 1.73 err/s: 0.00 reconn/s: 0.00
[ 184s ] thds: 16 tps: 10754.99 qps: 172081.84 (r/w/o: 150572.86/0.00/21508.98) lat (ms,95%): 1.64 err/s: 0.00 reconn/s: 0.00
[ 185s ] thds: 16 tps: 10711.95 qps: 171426.26 (r/w/o: 150001.35/0.00/21424.91) lat (ms,95%): 1.70 err/s: 0.00 reconn/s: 0.00
[ 186s ] thds: 16 tps: 10449.41 qps: 167140.52 (r/w/o: 146241.70/0.00/20898.82) lat (ms,95%): 1.86 err/s: 0.00 reconn/s: 0.00
[ 187s ] thds: 16 tps: 10490.52 qps: 167822.26 (r/w/o: 146841.23/0.00/20981.03) lat (ms,95%): 1.82 err/s: 0.00 reconn/s: 0.00
[ 188s ] thds: 16 tps: 10730.58 qps: 171727.20 (r/w/o: 150266.05/0.00/21461.15) lat (ms,95%): 1.64 err/s: 0.00 reconn/s: 0.00
[ 189s ] thds: 16 tps: 10622.56 qps: 169943.01 (r/w/o: 148697.89/0.00/21245.13) lat (ms,95%): 1.76 err/s: 0.00 reconn/s: 0.00
[ 190s ] thds: 16 tps: 10612.74 qps: 169825.79 (r/w/o: 148601.31/0.00/21224.47) lat (ms,95%): 1.79 err/s: 0.00 reconn/s: 0.00
[ 191s ] thds: 16 tps: 10613.99 qps: 169826.85 (r/w/o: 148597.87/0.00/21228.98) lat (ms,95%): 1.76 err/s: 0.00 reconn/s: 0.00
[ 192s ] thds: 16 tps: 10722.19 qps: 171546.97 (r/w/o: 150102.60/0.00/21444.37) lat (ms,95%): 1.67 err/s: 0.00 reconn/s: 0.00
[ 193s ] thds: 16 tps: 10754.93 qps: 172094.89 (r/w/o: 150585.03/0.00/21509.86) lat (ms,95%): 1.67 err/s: 0.00 reconn/s: 0.00
[ 194s ] thds: 16 tps: 10644.23 qps: 170288.69 (r/w/o: 149000.23/0.00/21288.46) lat (ms,95%): 1.73 err/s: 0.00 reconn/s: 0.00
[ 195s ] thds: 16 tps: 10648.92 qps: 170382.66 (r/w/o: 149084.83/0.00/21297.83) lat (ms,95%): 1.76 err/s: 0.00 reconn/s: 0.00
[ 196s ] thds: 16 tps: 10786.36 qps: 172585.71 (r/w/o: 151013.99/0.00/21571.71) lat (ms,95%): 1.61 err/s: 0.00 reconn/s: 0.00
[ 197s ] thds: 16 tps: 10734.55 qps: 171743.82 (r/w/o: 150274.72/0.00/21469.10) lat (ms,95%): 1.67 err/s: 0.00 reconn/s: 0.00
[ 198s ] thds: 16 tps: 10460.20 qps: 167343.22 (r/w/o: 146421.82/0.00/20921.40) lat (ms,95%): 1.82 err/s: 0.00 reconn/s: 0.00
[ 199s ] thds: 16 tps: 10641.38 qps: 170277.08 (r/w/o: 148994.32/0.00/21282.76) lat (ms,95%): 1.76 err/s: 0.00 reconn/s: 0.00
[ 200s ] thds: 16 tps: 10612.52 qps: 169801.36 (r/w/o: 148576.31/0.00/21225.04) lat (ms,95%): 1.76 err/s: 0.00 reconn/s: 0.00
[ 201s ] thds: 16 tps: 10748.75 qps: 171949.96 (r/w/o: 150454.46/0.00/21495.49) lat (ms,95%): 1.67 err/s: 0.00 reconn/s: 0.00
[ 202s ] thds: 16 tps: 10617.69 qps: 169960.05 (r/w/o: 148722.67/0.00/21237.38) lat (ms,95%): 1.79 err/s: 0.00 reconn/s: 0.00
[ 203s ] thds: 16 tps: 10565.18 qps: 169025.89 (r/w/o: 147896.53/0.00/21129.36) lat (ms,95%): 1.79 err/s: 0.00 reconn/s: 0.00
[ 204s ] thds: 16 tps: 10743.39 qps: 171864.19 (r/w/o: 150377.42/0.00/21486.77) lat (ms,95%): 1.64 err/s: 0.00 reconn/s: 0.00
[ 205s ] thds: 16 tps: 10714.95 qps: 171472.23 (r/w/o: 150041.33/0.00/21430.90) lat (ms,95%): 1.73 err/s: 0.00 reconn/s: 0.00
[ 206s ] thds: 16 tps: 10754.14 qps: 172060.23 (r/w/o: 150551.95/0.00/21508.28) lat (ms,95%): 1.64 err/s: 0.00 reconn/s: 0.00
[ 207s ] thds: 16 tps: 10575.00 qps: 169168.96 (r/w/o: 148018.97/0.00/21150.00) lat (ms,95%): 1.79 err/s: 0.00 reconn/s: 0.00
[ 208s ] thds: 16 tps: 10743.79 qps: 171927.64 (r/w/o: 150440.06/0.00/21487.58) lat (ms,95%): 1.64 err/s: 0.00 reconn/s: 0.00
[ 209s ] thds: 16 tps: 10627.08 qps: 170036.21 (r/w/o: 148782.06/0.00/21254.15) lat (ms,95%): 1.79 err/s: 0.00 reconn/s: 0.00
[ 210s ] thds: 16 tps: 10685.16 qps: 170993.63 (r/w/o: 149622.30/0.00/21371.33) lat (ms,95%): 1.73 err/s: 0.00 reconn/s: 0.00
[ 211s ] thds: 16 tps: 10727.90 qps: 171632.34 (r/w/o: 150177.54/0.00/21454.79) lat (ms,95%): 1.67 err/s: 0.00 reconn/s: 0.00
[ 212s ] thds: 16 tps: 10717.03 qps: 171452.44 (r/w/o: 150018.39/0.00/21434.06) lat (ms,95%): 1.67 err/s: 0.00 reconn/s: 0.00
[ 213s ] thds: 16 tps: 10766.85 qps: 172245.62 (r/w/o: 150712.91/0.00/21532.70) lat (ms,95%): 1.64 err/s: 0.00 reconn/s: 0.00
[ 214s ] thds: 16 tps: 10742.07 qps: 171906.19 (r/w/o: 150422.04/0.00/21484.15) lat (ms,95%): 1.67 err/s: 0.00 reconn/s: 0.00
[ 215s ] thds: 16 tps: 10693.60 qps: 171071.58 (r/w/o: 149683.38/0.00/21388.20) lat (ms,95%): 1.73 err/s: 0.00 reconn/s: 0.00
[ 216s ] thds: 16 tps: 10715.92 qps: 171464.71 (r/w/o: 150032.88/0.00/21431.84) lat (ms,95%): 1.70 err/s: 0.00 reconn/s: 0.00
[ 217s ] thds: 16 tps: 10747.45 qps: 171961.27 (r/w/o: 150467.36/0.00/21493.91) lat (ms,95%): 1.70 err/s: 0.00 reconn/s: 0.00
[ 218s ] thds: 16 tps: 10758.07 qps: 172132.11 (r/w/o: 150614.97/0.00/21517.14) lat (ms,95%): 1.64 err/s: 0.00 reconn/s: 0.00
[ 219s ] thds: 16 tps: 10560.02 qps: 168926.32 (r/w/o: 147806.28/0.00/21120.04) lat (ms,95%): 1.79 err/s: 0.00 reconn/s: 0.00
[ 220s ] thds: 16 tps: 10783.24 qps: 172536.85 (r/w/o: 150971.37/0.00/21565.48) lat (ms,95%): 1.61 err/s: 0.00 reconn/s: 0.00
[ 221s ] thds: 16 tps: 10732.87 qps: 171740.88 (r/w/o: 150274.14/0.00/21466.73) lat (ms,95%): 1.70 err/s: 0.00 reconn/s: 0.00
[ 222s ] thds: 16 tps: 10837.84 qps: 173389.39 (r/w/o: 151714.71/0.00/21674.67) lat (ms,95%): 1.58 err/s: 0.00 reconn/s: 0.00
[ 223s ] thds: 16 tps: 10764.06 qps: 172258.02 (r/w/o: 150728.89/0.00/21529.13) lat (ms,95%): 1.64 err/s: 0.00 reconn/s: 0.00
[ 224s ] thds: 16 tps: 10740.91 qps: 171826.58 (r/w/o: 150344.76/0.00/21481.82) lat (ms,95%): 1.67 err/s: 0.00 reconn/s: 0.00
[ 225s ] thds: 16 tps: 10718.98 qps: 171543.68 (r/w/o: 150105.72/0.00/21437.96) lat (ms,95%): 1.70 err/s: 0.00 reconn/s: 0.00
[ 226s ] thds: 16 tps: 10704.03 qps: 171253.51 (r/w/o: 149845.45/0.00/21408.06) lat (ms,95%): 1.70 err/s: 0.00 reconn/s: 0.00
[ 227s ] thds: 16 tps: 10718.03 qps: 171448.48 (r/w/o: 150015.42/0.00/21433.06) lat (ms,95%): 1.70 err/s: 0.00 reconn/s: 0.00
[ 228s ] thds: 16 tps: 10712.00 qps: 171387.97 (r/w/o: 149960.98/0.00/21427.00) lat (ms,95%): 1.70 err/s: 0.00 reconn/s: 0.00
[ 229s ] thds: 16 tps: 10733.29 qps: 171776.67 (r/w/o: 150310.08/0.00/21466.58) lat (ms,95%): 1.70 err/s: 0.00 reconn/s: 0.00
[ 230s ] thds: 16 tps: 10664.74 qps: 170623.83 (r/w/o: 149294.36/0.00/21329.48) lat (ms,95%): 1.73 err/s: 0.00 reconn/s: 0.00
[ 231s ] thds: 16 tps: 10756.78 qps: 172123.43 (r/w/o: 150609.88/0.00/21513.55) lat (ms,95%): 1.64 err/s: 0.00 reconn/s: 0.00
[ 232s ] thds: 16 tps: 10753.41 qps: 172042.62 (r/w/o: 150535.79/0.00/21506.83) lat (ms,95%): 1.64 err/s: 0.00 reconn/s: 0.00
[ 233s ] thds: 16 tps: 10724.04 qps: 171586.59 (r/w/o: 150139.52/0.00/21447.07) lat (ms,95%): 1.70 err/s: 0.00 reconn/s: 0.00
[ 234s ] thds: 16 tps: 10655.87 qps: 170504.98 (r/w/o: 149192.23/0.00/21312.75) lat (ms,95%): 1.76 err/s: 0.00 reconn/s: 0.00
[ 235s ] thds: 16 tps: 10636.15 qps: 170176.39 (r/w/o: 148904.10/0.00/21272.30) lat (ms,95%): 1.79 err/s: 0.00 reconn/s: 0.00
[ 236s ] thds: 16 tps: 10750.74 qps: 171951.88 (r/w/o: 150452.39/0.00/21499.48) lat (ms,95%): 1.67 err/s: 0.00 reconn/s: 0.00
[ 237s ] thds: 16 tps: 10759.99 qps: 172191.80 (r/w/o: 150669.82/0.00/21521.97) lat (ms,95%): 1.67 err/s: 0.00 reconn/s: 0.00
[ 238s ] thds: 16 tps: 10703.00 qps: 171226.07 (r/w/o: 149822.06/0.00/21404.01) lat (ms,95%): 1.73 err/s: 0.00 reconn/s: 0.00
[ 239s ] thds: 16 tps: 10630.25 qps: 170119.03 (r/w/o: 148856.52/0.00/21262.50) lat (ms,95%): 1.79 err/s: 0.00 reconn/s: 0.00
[ 240s ] thds: 16 tps: 10652.98 qps: 170430.64 (r/w/o: 149126.69/0.00/21303.96) lat (ms,95%): 1.73 err/s: 0.00 reconn/s: 0.00
[ 241s ] thds: 16 tps: 10788.60 qps: 172624.52 (r/w/o: 151045.33/0.00/21579.19) lat (ms,95%): 1.61 err/s: 0.00 reconn/s: 0.00
[ 242s ] thds: 16 tps: 10685.48 qps: 171012.74 (r/w/o: 149641.77/0.00/21370.97) lat (ms,95%): 1.73 err/s: 0.00 reconn/s: 0.00
[ 243s ] thds: 16 tps: 10739.59 qps: 171798.43 (r/w/o: 150320.25/0.00/21478.18) lat (ms,95%): 1.64 err/s: 0.00 reconn/s: 0.00
[ 244s ] thds: 16 tps: 10718.02 qps: 171461.31 (r/w/o: 150025.27/0.00/21436.04) lat (ms,95%): 1.70 err/s: 0.00 reconn/s: 0.00
[ 245s ] thds: 16 tps: 10771.19 qps: 172330.99 (r/w/o: 150787.62/0.00/21543.37) lat (ms,95%): 1.67 err/s: 0.00 reconn/s: 0.00
[ 246s ] thds: 16 tps: 10668.32 qps: 170729.15 (r/w/o: 149392.51/0.00/21336.64) lat (ms,95%): 1.73 err/s: 0.00 reconn/s: 0.00
[ 247s ] thds: 16 tps: 10701.47 qps: 171205.54 (r/w/o: 149802.60/0.00/21402.94) lat (ms,95%): 1.73 err/s: 0.00 reconn/s: 0.00
[ 248s ] thds: 16 tps: 10688.31 qps: 171032.96 (r/w/o: 149656.34/0.00/21376.62) lat (ms,95%): 1.73 err/s: 0.00 reconn/s: 0.00
[ 249s ] thds: 16 tps: 10643.84 qps: 170337.41 (r/w/o: 149049.73/0.00/21287.68) lat (ms,95%): 1.79 err/s: 0.00 reconn/s: 0.00
[ 250s ] thds: 16 tps: 10707.24 qps: 171246.83 (r/w/o: 149832.35/0.00/21414.48) lat (ms,95%): 1.70 err/s: 0.00 reconn/s: 0.00
[ 251s ] thds: 16 tps: 10738.82 qps: 171852.09 (r/w/o: 150375.45/0.00/21476.64) lat (ms,95%): 1.67 err/s: 0.00 reconn/s: 0.00
[ 252s ] thds: 16 tps: 10776.86 qps: 172406.82 (r/w/o: 150852.09/0.00/21554.73) lat (ms,95%): 1.61 err/s: 0.00 reconn/s: 0.00
[ 253s ] thds: 16 tps: 10809.92 qps: 172989.74 (r/w/o: 151370.90/0.00/21618.84) lat (ms,95%): 1.61 err/s: 0.00 reconn/s: 0.00
[ 254s ] thds: 16 tps: 10716.15 qps: 171452.41 (r/w/o: 150019.11/0.00/21433.30) lat (ms,95%): 1.73 err/s: 0.00 reconn/s: 0.00
[ 255s ] thds: 16 tps: 10696.94 qps: 171157.06 (r/w/o: 149763.18/0.00/21393.88) lat (ms,95%): 1.70 err/s: 0.00 reconn/s: 0.00
[ 256s ] thds: 16 tps: 10824.92 qps: 173203.65 (r/w/o: 151553.82/0.00/21649.83) lat (ms,95%): 1.58 err/s: 0.00 reconn/s: 0.00
[ 257s ] thds: 16 tps: 10733.21 qps: 171710.35 (r/w/o: 150243.93/0.00/21466.42) lat (ms,95%): 1.67 err/s: 0.00 reconn/s: 0.00
[ 258s ] thds: 16 tps: 10808.83 qps: 172955.30 (r/w/o: 151337.64/0.00/21617.66) lat (ms,95%): 1.61 err/s: 0.00 reconn/s: 0.00
[ 259s ] thds: 16 tps: 10686.99 qps: 170974.81 (r/w/o: 149600.84/0.00/21373.98) lat (ms,95%): 1.76 err/s: 0.00 reconn/s: 0.00
[ 260s ] thds: 16 tps: 10771.27 qps: 172359.40 (r/w/o: 150816.85/0.00/21542.55) lat (ms,95%): 1.64 err/s: 0.00 reconn/s: 0.00
[ 261s ] thds: 16 tps: 10721.77 qps: 171552.26 (r/w/o: 150109.73/0.00/21442.53) lat (ms,95%): 1.73 err/s: 0.00 reconn/s: 0.00
[ 262s ] thds: 16 tps: 10705.97 qps: 171276.51 (r/w/o: 149863.57/0.00/21412.94) lat (ms,95%): 1.73 err/s: 0.00 reconn/s: 0.00
[ 263s ] thds: 16 tps: 10731.00 qps: 171680.96 (r/w/o: 150219.96/0.00/21460.99) lat (ms,95%): 1.70 err/s: 0.00 reconn/s: 0.00
[ 264s ] thds: 16 tps: 10771.94 qps: 172381.04 (r/w/o: 150836.16/0.00/21544.88) lat (ms,95%): 1.61 err/s: 0.00 reconn/s: 0.00
[ 265s ] thds: 16 tps: 10809.10 qps: 172936.61 (r/w/o: 151317.41/0.00/21619.20) lat (ms,95%): 1.64 err/s: 0.00 reconn/s: 0.00
[ 266s ] thds: 16 tps: 10769.81 qps: 172309.90 (r/w/o: 150771.29/0.00/21538.61) lat (ms,95%): 1.61 err/s: 0.00 reconn/s: 0.00
[ 267s ] thds: 16 tps: 10652.71 qps: 170458.28 (r/w/o: 149153.87/0.00/21304.41) lat (ms,95%): 1.79 err/s: 0.00 reconn/s: 0.00
[ 268s ] thds: 16 tps: 10640.68 qps: 170273.93 (r/w/o: 148991.57/0.00/21282.37) lat (ms,95%): 1.76 err/s: 0.00 reconn/s: 0.00
[ 269s ] thds: 16 tps: 10747.77 qps: 171940.33 (r/w/o: 150445.79/0.00/21494.54) lat (ms,95%): 1.67 err/s: 0.00 reconn/s: 0.00
[ 270s ] thds: 16 tps: 10796.90 qps: 172728.32 (r/w/o: 151133.53/0.00/21594.79) lat (ms,95%): 1.64 err/s: 0.00 reconn/s: 0.00
[ 271s ] thds: 16 tps: 10771.16 qps: 172316.58 (r/w/o: 150775.26/0.00/21541.32) lat (ms,95%): 1.64 err/s: 0.00 reconn/s: 0.00
[ 272s ] thds: 16 tps: 10749.19 qps: 172033.09 (r/w/o: 150533.70/0.00/21499.39) lat (ms,95%): 1.67 err/s: 0.00 reconn/s: 0.00
[ 273s ] thds: 16 tps: 10694.71 qps: 171103.35 (r/w/o: 149713.93/0.00/21389.42) lat (ms,95%): 1.73 err/s: 0.00 reconn/s: 0.00
[ 274s ] thds: 16 tps: 10677.23 qps: 170850.74 (r/w/o: 149496.27/0.00/21354.47) lat (ms,95%): 1.73 err/s: 0.00 reconn/s: 0.00
[ 275s ] thds: 16 tps: 10540.99 qps: 168619.84 (r/w/o: 147537.86/0.00/21081.98) lat (ms,95%): 1.82 err/s: 0.00 reconn/s: 0.00
[ 276s ] thds: 16 tps: 10701.05 qps: 171221.85 (r/w/o: 149820.74/0.00/21401.11) lat (ms,95%): 1.70 err/s: 0.00 reconn/s: 0.00
[ 277s ] thds: 16 tps: 10673.43 qps: 170783.90 (r/w/o: 149438.04/0.00/21345.86) lat (ms,95%): 1.76 err/s: 0.00 reconn/s: 0.00
[ 278s ] thds: 16 tps: 10698.43 qps: 171187.86 (r/w/o: 149790.00/0.00/21397.86) lat (ms,95%): 1.70 err/s: 0.00 reconn/s: 0.00
[ 279s ] thds: 16 tps: 10759.00 qps: 172164.03 (r/w/o: 150645.03/0.00/21519.00) lat (ms,95%): 1.64 err/s: 0.00 reconn/s: 0.00
[ 280s ] thds: 16 tps: 10699.06 qps: 171169.95 (r/w/o: 149772.83/0.00/21397.12) lat (ms,95%): 1.73 err/s: 0.00 reconn/s: 0.00
[ 281s ] thds: 16 tps: 10815.40 qps: 173063.33 (r/w/o: 151432.54/0.00/21630.79) lat (ms,95%): 1.61 err/s: 0.00 reconn/s: 0.00
[ 282s ] thds: 16 tps: 10711.52 qps: 171319.35 (r/w/o: 149897.31/0.00/21422.04) lat (ms,95%): 1.73 err/s: 0.00 reconn/s: 0.00
[ 283s ] thds: 16 tps: 10724.96 qps: 171645.31 (r/w/o: 150193.39/0.00/21451.91) lat (ms,95%): 1.70 err/s: 0.00 reconn/s: 0.00
[ 284s ] thds: 16 tps: 10773.16 qps: 172302.49 (r/w/o: 150757.18/0.00/21545.31) lat (ms,95%): 1.64 err/s: 0.00 reconn/s: 0.00
[ 285s ] thds: 16 tps: 10767.18 qps: 172318.92 (r/w/o: 150785.56/0.00/21533.37) lat (ms,95%): 1.67 err/s: 0.00 reconn/s: 0.00
[ 286s ] thds: 16 tps: 10717.73 qps: 171510.64 (r/w/o: 150073.19/0.00/21437.46) lat (ms,95%): 1.73 err/s: 0.00 reconn/s: 0.00
[ 287s ] thds: 16 tps: 10777.94 qps: 172422.09 (r/w/o: 150869.20/0.00/21552.89) lat (ms,95%): 1.64 err/s: 0.00 reconn/s: 0.00
[ 288s ] thds: 16 tps: 10795.60 qps: 172740.60 (r/w/o: 151147.40/0.00/21593.20) lat (ms,95%): 1.61 err/s: 0.00 reconn/s: 0.00
[ 289s ] thds: 16 tps: 10779.43 qps: 172459.95 (r/w/o: 150900.08/0.00/21559.87) lat (ms,95%): 1.64 err/s: 0.00 reconn/s: 0.00
[ 290s ] thds: 16 tps: 10681.92 qps: 170948.65 (r/w/o: 149584.82/0.00/21363.83) lat (ms,95%): 1.73 err/s: 0.00 reconn/s: 0.00
[ 291s ] thds: 16 tps: 10702.36 qps: 171224.82 (r/w/o: 149820.09/0.00/21404.73) lat (ms,95%): 1.70 err/s: 0.00 reconn/s: 0.00
[ 292s ] thds: 16 tps: 10728.62 qps: 171624.92 (r/w/o: 150167.68/0.00/21457.24) lat (ms,95%): 1.70 err/s: 0.00 reconn/s: 0.00
[ 293s ] thds: 16 tps: 10842.37 qps: 173465.99 (r/w/o: 151783.24/0.00/21682.75) lat (ms,95%): 1.58 err/s: 0.00 reconn/s: 0.00
[ 294s ] thds: 16 tps: 10725.52 qps: 171658.29 (r/w/o: 150205.25/0.00/21453.04) lat (ms,95%): 1.73 err/s: 0.00 reconn/s: 0.00
[ 295s ] thds: 16 tps: 10655.98 qps: 170468.64 (r/w/o: 149158.68/0.00/21309.95) lat (ms,95%): 1.73 err/s: 0.00 reconn/s: 0.00
[ 296s ] thds: 16 tps: 10779.23 qps: 172468.73 (r/w/o: 150909.26/0.00/21559.47) lat (ms,95%): 1.67 err/s: 0.00 reconn/s: 0.00
[ 297s ] thds: 16 tps: 10702.95 qps: 171207.14 (r/w/o: 149802.25/0.00/21404.89) lat (ms,95%): 1.70 err/s: 0.00 reconn/s: 0.00
[ 298s ] thds: 16 tps: 10690.02 qps: 171073.31 (r/w/o: 149691.27/0.00/21382.04) lat (ms,95%): 1.73 err/s: 0.00 reconn/s: 0.00
[ 299s ] thds: 16 tps: 10714.09 qps: 171469.51 (r/w/o: 150041.32/0.00/21428.19) lat (ms,95%): 1.70 err/s: 0.00 reconn/s: 0.00
[ 300s ] thds: 16 tps: 10829.92 qps: 173243.73 (r/w/o: 151583.89/0.00/21659.84) lat (ms,95%): 1.61 err/s: 0.00 reconn/s: 0.00
[ 301s ] thds: 16 tps: 10788.99 qps: 172624.78 (r/w/o: 151046.81/0.00/21577.97) lat (ms,95%): 1.67 err/s: 0.00 reconn/s: 0.00
[ 302s ] thds: 16 tps: 10670.01 qps: 170733.23 (r/w/o: 149394.20/0.00/21339.03) lat (ms,95%): 1.73 err/s: 0.00 reconn/s: 0.00
[ 303s ] thds: 16 tps: 10676.00 qps: 170785.06 (r/w/o: 149433.05/0.00/21352.01) lat (ms,95%): 1.73 err/s: 0.00 reconn/s: 0.00
[ 304s ] thds: 16 tps: 10830.94 qps: 173318.10 (r/w/o: 151655.21/0.00/21662.89) lat (ms,95%): 1.61 err/s: 0.00 reconn/s: 0.00
[ 305s ] thds: 16 tps: 10652.03 qps: 170409.46 (r/w/o: 149106.40/0.00/21303.06) lat (ms,95%): 1.76 err/s: 0.00 reconn/s: 0.00
[ 306s ] thds: 16 tps: 10693.85 qps: 171126.67 (r/w/o: 149737.96/0.00/21388.71) lat (ms,95%): 1.73 err/s: 0.00 reconn/s: 0.00
[ 307s ] thds: 16 tps: 10785.43 qps: 172539.87 (r/w/o: 150970.01/0.00/21569.86) lat (ms,95%): 1.64 err/s: 0.00 reconn/s: 0.00
[ 308s ] thds: 16 tps: 10803.75 qps: 172844.93 (r/w/o: 151237.44/0.00/21607.49) lat (ms,95%): 1.61 err/s: 0.00 reconn/s: 0.00
[ 309s ] thds: 16 tps: 10729.93 qps: 171743.92 (r/w/o: 150283.06/0.00/21460.87) lat (ms,95%): 1.70 err/s: 0.00 reconn/s: 0.00
[ 310s ] thds: 16 tps: 10662.92 qps: 170565.64 (r/w/o: 149239.81/0.00/21325.83) lat (ms,95%): 1.76 err/s: 0.00 reconn/s: 0.00
[ 311s ] thds: 16 tps: 10617.18 qps: 169887.85 (r/w/o: 148653.49/0.00/21234.36) lat (ms,95%): 1.79 err/s: 0.00 reconn/s: 0.00
[ 312s ] thds: 16 tps: 10733.06 qps: 171742.98 (r/w/o: 150276.85/0.00/21466.12) lat (ms,95%): 1.67 err/s: 0.00 reconn/s: 0.00
[ 313s ] thds: 16 tps: 10780.88 qps: 172451.01 (r/w/o: 150889.26/0.00/21561.75) lat (ms,95%): 1.67 err/s: 0.00 reconn/s: 0.00
[ 314s ] thds: 16 tps: 10763.97 qps: 172259.58 (r/w/o: 150731.64/0.00/21527.95) lat (ms,95%): 1.67 err/s: 0.00 reconn/s: 0.00
[ 315s ] thds: 16 tps: 10559.01 qps: 168955.24 (r/w/o: 147839.21/0.00/21116.03) lat (ms,95%): 1.79 err/s: 0.00 reconn/s: 0.00
[ 316s ] thds: 16 tps: 10812.03 qps: 172993.46 (r/w/o: 151367.41/0.00/21626.06) lat (ms,95%): 1.61 err/s: 0.00 reconn/s: 0.00
[ 317s ] thds: 16 tps: 10759.94 qps: 172113.12 (r/w/o: 150595.23/0.00/21517.89) lat (ms,95%): 1.67 err/s: 0.00 reconn/s: 0.00
[ 318s ] thds: 16 tps: 10586.13 qps: 169433.02 (r/w/o: 148258.77/0.00/21174.25) lat (ms,95%): 1.82 err/s: 0.00 reconn/s: 0.00
[ 319s ] thds: 16 tps: 10690.95 qps: 171047.23 (r/w/o: 149664.33/0.00/21382.90) lat (ms,95%): 1.70 err/s: 0.00 reconn/s: 0.00
[ 320s ] thds: 16 tps: 10751.89 qps: 172029.26 (r/w/o: 150526.48/0.00/21502.78) lat (ms,95%): 1.67 err/s: 0.00 reconn/s: 0.00
[ 321s ] thds: 16 tps: 10668.15 qps: 170689.40 (r/w/o: 149353.10/0.00/21336.30) lat (ms,95%): 1.79 err/s: 0.00 reconn/s: 0.00
[ 322s ] thds: 16 tps: 10647.02 qps: 170356.26 (r/w/o: 149064.23/0.00/21292.03) lat (ms,95%): 1.79 err/s: 0.00 reconn/s: 0.00
[ 323s ] thds: 16 tps: 10748.93 qps: 171962.87 (r/w/o: 150463.01/0.00/21499.86) lat (ms,95%): 1.67 err/s: 0.00 reconn/s: 0.00
[ 324s ] thds: 16 tps: 10615.00 qps: 169858.92 (r/w/o: 148628.93/0.00/21229.99) lat (ms,95%): 1.76 err/s: 0.00 reconn/s: 0.00
[ 325s ] thds: 16 tps: 10741.99 qps: 171849.79 (r/w/o: 150365.81/0.00/21483.97) lat (ms,95%): 1.67 err/s: 0.00 reconn/s: 0.00
[ 326s ] thds: 16 tps: 10625.03 qps: 169997.41 (r/w/o: 148747.36/0.00/21250.05) lat (ms,95%): 1.76 err/s: 0.00 reconn/s: 0.00
[ 327s ] thds: 16 tps: 10752.26 qps: 172065.19 (r/w/o: 150561.67/0.00/21503.52) lat (ms,95%): 1.67 err/s: 0.00 reconn/s: 0.00
[ 328s ] thds: 16 tps: 10767.50 qps: 172275.04 (r/w/o: 150739.03/0.00/21536.00) lat (ms,95%): 1.64 err/s: 0.00 reconn/s: 0.00
[ 329s ] thds: 16 tps: 10801.42 qps: 172822.66 (r/w/o: 151219.83/0.00/21602.83) lat (ms,95%): 1.64 err/s: 0.00 reconn/s: 0.00
[ 330s ] thds: 16 tps: 10601.81 qps: 169620.89 (r/w/o: 148418.28/0.00/21202.61) lat (ms,95%): 1.82 err/s: 0.00 reconn/s: 0.00
[ 331s ] thds: 16 tps: 10738.04 qps: 171813.66 (r/w/o: 150336.58/0.00/21477.08) lat (ms,95%): 1.67 err/s: 0.00 reconn/s: 0.00
[ 332s ] thds: 16 tps: 10756.88 qps: 172141.04 (r/w/o: 150626.29/0.00/21514.76) lat (ms,95%): 1.64 err/s: 0.00 reconn/s: 0.00
[ 333s ] thds: 16 tps: 10819.07 qps: 173067.10 (r/w/o: 151430.96/0.00/21636.14) lat (ms,95%): 1.64 err/s: 0.00 reconn/s: 0.00
[ 334s ] thds: 16 tps: 10783.98 qps: 172483.68 (r/w/o: 150914.72/0.00/21568.96) lat (ms,95%): 1.64 err/s: 0.00 reconn/s: 0.00
[ 335s ] thds: 16 tps: 10770.89 qps: 172408.28 (r/w/o: 150866.49/0.00/21541.78) lat (ms,95%): 1.64 err/s: 0.00 reconn/s: 0.00
[ 336s ] thds: 16 tps: 10792.09 qps: 172658.47 (r/w/o: 151074.29/0.00/21584.18) lat (ms,95%): 1.61 err/s: 0.00 reconn/s: 0.00
[ 337s ] thds: 16 tps: 10812.00 qps: 172985.02 (r/w/o: 151361.02/0.00/21624.00) lat (ms,95%): 1.64 err/s: 0.00 reconn/s: 0.00
[ 338s ] thds: 16 tps: 10768.99 qps: 172309.81 (r/w/o: 150771.83/0.00/21537.98) lat (ms,95%): 1.67 err/s: 0.00 reconn/s: 0.00
[ 339s ] thds: 16 tps: 10704.08 qps: 171249.32 (r/w/o: 149843.16/0.00/21406.17) lat (ms,95%): 1.70 err/s: 0.00 reconn/s: 0.00
[ 340s ] thds: 16 tps: 10747.19 qps: 171997.02 (r/w/o: 150500.64/0.00/21496.38) lat (ms,95%): 1.70 err/s: 0.00 reconn/s: 0.00
[ 341s ] thds: 16 tps: 10712.41 qps: 171343.54 (r/w/o: 149918.73/0.00/21424.82) lat (ms,95%): 1.73 err/s: 0.00 reconn/s: 0.00
[ 342s ] thds: 16 tps: 10715.59 qps: 171486.49 (r/w/o: 150055.30/0.00/21431.19) lat (ms,95%): 1.70 err/s: 0.00 reconn/s: 0.00
[ 343s ] thds: 16 tps: 10778.68 qps: 172444.95 (r/w/o: 150887.58/0.00/21557.37) lat (ms,95%): 1.64 err/s: 0.00 reconn/s: 0.00
[ 344s ] thds: 16 tps: 10767.13 qps: 172229.16 (r/w/o: 150695.89/0.00/21533.27) lat (ms,95%): 1.67 err/s: 0.00 reconn/s: 0.00
[ 345s ] thds: 16 tps: 10756.32 qps: 172166.09 (r/w/o: 150652.45/0.00/21513.63) lat (ms,95%): 1.70 err/s: 0.00 reconn/s: 0.00
[ 346s ] thds: 16 tps: 10673.42 qps: 170750.67 (r/w/o: 149404.83/0.00/21345.83) lat (ms,95%): 1.76 err/s: 0.00 reconn/s: 0.00
[ 347s ] thds: 16 tps: 10704.19 qps: 171265.98 (r/w/o: 149856.61/0.00/21409.37) lat (ms,95%): 1.70 err/s: 0.00 reconn/s: 0.00
[ 348s ] thds: 16 tps: 10763.98 qps: 172265.73 (r/w/o: 150736.76/0.00/21528.97) lat (ms,95%): 1.64 err/s: 0.00 reconn/s: 0.00
[ 349s ] thds: 16 tps: 10698.20 qps: 171153.26 (r/w/o: 149757.85/0.00/21395.41) lat (ms,95%): 1.73 err/s: 0.00 reconn/s: 0.00
[ 350s ] thds: 16 tps: 10509.84 qps: 168145.48 (r/w/o: 147125.79/0.00/21019.68) lat (ms,95%): 1.82 err/s: 0.00 reconn/s: 0.00
[ 351s ] thds: 16 tps: 10529.33 qps: 168461.28 (r/w/o: 147402.62/0.00/21058.66) lat (ms,95%): 1.86 err/s: 0.00 reconn/s: 0.00
[ 352s ] thds: 16 tps: 10760.81 qps: 172183.99 (r/w/o: 150662.37/0.00/21521.62) lat (ms,95%): 1.67 err/s: 0.00 reconn/s: 0.00
[ 353s ] thds: 16 tps: 10732.50 qps: 171731.02 (r/w/o: 150267.01/0.00/21464.00) lat (ms,95%): 1.73 err/s: 0.00 reconn/s: 0.00
[ 354s ] thds: 16 tps: 10652.38 qps: 170427.13 (r/w/o: 149121.36/0.00/21305.77) lat (ms,95%): 1.76 err/s: 0.00 reconn/s: 0.00
[ 355s ] thds: 16 tps: 10570.64 qps: 169110.19 (r/w/o: 147969.92/0.00/21140.27) lat (ms,95%): 1.79 err/s: 0.00 reconn/s: 0.00
[ 356s ] thds: 16 tps: 10747.79 qps: 171979.57 (r/w/o: 150483.00/0.00/21496.57) lat (ms,95%): 1.70 err/s: 0.00 reconn/s: 0.00
[ 357s ] thds: 16 tps: 10660.54 qps: 170591.60 (r/w/o: 149270.52/0.00/21321.08) lat (ms,95%): 1.79 err/s: 0.00 reconn/s: 0.00
[ 358s ] thds: 16 tps: 10719.47 qps: 171487.51 (r/w/o: 150049.57/0.00/21437.94) lat (ms,95%): 1.73 err/s: 0.00 reconn/s: 0.00
[ 359s ] thds: 16 tps: 10762.80 qps: 172247.83 (r/w/o: 150721.23/0.00/21526.60) lat (ms,95%): 1.67 err/s: 0.00 reconn/s: 0.00
[ 360s ] thds: 16 tps: 10801.76 qps: 172798.14 (r/w/o: 151194.62/0.00/21603.52) lat (ms,95%): 1.61 err/s: 0.00 reconn/s: 0.00
[ 361s ] thds: 16 tps: 10703.04 qps: 171264.60 (r/w/o: 149858.53/0.00/21406.08) lat (ms,95%): 1.73 err/s: 0.00 reconn/s: 0.00
[ 362s ] thds: 16 tps: 10621.98 qps: 169917.76 (r/w/o: 148673.79/0.00/21243.97) lat (ms,95%): 1.82 err/s: 0.00 reconn/s: 0.00
[ 363s ] thds: 16 tps: 10474.08 qps: 167586.26 (r/w/o: 146638.11/0.00/20948.16) lat (ms,95%): 1.82 err/s: 0.00 reconn/s: 0.00
[ 364s ] thds: 16 tps: 10818.89 qps: 173091.18 (r/w/o: 151453.41/0.00/21637.77) lat (ms,95%): 1.61 err/s: 0.00 reconn/s: 0.00
[ 365s ] thds: 16 tps: 10788.36 qps: 172632.69 (r/w/o: 151055.98/0.00/21576.71) lat (ms,95%): 1.61 err/s: 0.00 reconn/s: 0.00
[ 366s ] thds: 16 tps: 10713.69 qps: 171389.02 (r/w/o: 149962.64/0.00/21426.38) lat (ms,95%): 1.73 err/s: 0.00 reconn/s: 0.00
[ 367s ] thds: 16 tps: 10694.97 qps: 171164.59 (r/w/o: 149773.64/0.00/21390.95) lat (ms,95%): 1.70 err/s: 0.00 reconn/s: 0.00
[ 368s ] thds: 16 tps: 10757.77 qps: 172096.35 (r/w/o: 150580.80/0.00/21515.54) lat (ms,95%): 1.70 err/s: 0.00 reconn/s: 0.00
[ 369s ] thds: 16 tps: 10744.21 qps: 171937.43 (r/w/o: 150449.00/0.00/21488.43) lat (ms,95%): 1.70 err/s: 0.00 reconn/s: 0.00
[ 370s ] thds: 16 tps: 10664.57 qps: 170614.14 (r/w/o: 149286.00/0.00/21328.14) lat (ms,95%): 1.79 err/s: 0.00 reconn/s: 0.00
[ 371s ] thds: 16 tps: 10648.29 qps: 170372.69 (r/w/o: 149076.10/0.00/21296.59) lat (ms,95%): 1.76 err/s: 0.00 reconn/s: 0.00
[ 372s ] thds: 16 tps: 10808.25 qps: 172909.97 (r/w/o: 151292.48/0.00/21617.50) lat (ms,95%): 1.61 err/s: 0.00 reconn/s: 0.00
[ 373s ] thds: 16 tps: 10763.98 qps: 172234.74 (r/w/o: 150707.77/0.00/21526.97) lat (ms,95%): 1.70 err/s: 0.00 reconn/s: 0.00
[ 374s ] thds: 16 tps: 10575.02 qps: 169218.40 (r/w/o: 148067.35/0.00/21151.05) lat (ms,95%): 1.79 err/s: 0.00 reconn/s: 0.00
[ 375s ] thds: 16 tps: 10593.03 qps: 169472.42 (r/w/o: 148287.37/0.00/21185.05) lat (ms,95%): 1.79 err/s: 0.00 reconn/s: 0.00
[ 376s ] thds: 16 tps: 10759.82 qps: 172176.20 (r/w/o: 150655.55/0.00/21520.65) lat (ms,95%): 1.67 err/s: 0.00 reconn/s: 0.00
[ 377s ] thds: 16 tps: 10756.19 qps: 172088.98 (r/w/o: 150576.61/0.00/21512.37) lat (ms,95%): 1.70 err/s: 0.00 reconn/s: 0.00
[ 378s ] thds: 16 tps: 10821.88 qps: 173130.01 (r/w/o: 151486.26/0.00/21643.75) lat (ms,95%): 1.61 err/s: 0.00 reconn/s: 0.00
[ 379s ] thds: 16 tps: 10665.00 qps: 170649.98 (r/w/o: 149319.98/0.00/21330.00) lat (ms,95%): 1.73 err/s: 0.00 reconn/s: 0.00
[ 380s ] thds: 16 tps: 10749.93 qps: 172011.92 (r/w/o: 150513.06/0.00/21498.86) lat (ms,95%): 1.67 err/s: 0.00 reconn/s: 0.00
[ 381s ] thds: 16 tps: 10747.02 qps: 171949.26 (r/w/o: 150454.23/0.00/21495.03) lat (ms,95%): 1.70 err/s: 0.00 reconn/s: 0.00
[ 382s ] thds: 16 tps: 10678.32 qps: 170819.17 (r/w/o: 149463.52/0.00/21355.65) lat (ms,95%): 1.73 err/s: 0.00 reconn/s: 0.00
[ 383s ] thds: 16 tps: 10686.79 qps: 171023.56 (r/w/o: 149648.99/0.00/21374.57) lat (ms,95%): 1.73 err/s: 0.00 reconn/s: 0.00
[ 384s ] thds: 16 tps: 10667.07 qps: 170646.05 (r/w/o: 149311.92/0.00/21334.13) lat (ms,95%): 1.76 err/s: 0.00 reconn/s: 0.00
[ 385s ] thds: 16 tps: 10678.82 qps: 170881.04 (r/w/o: 149524.41/0.00/21356.63) lat (ms,95%): 1.76 err/s: 0.00 reconn/s: 0.00
[ 386s ] thds: 16 tps: 10616.92 qps: 169815.65 (r/w/o: 148582.82/0.00/21232.83) lat (ms,95%): 1.79 err/s: 0.00 reconn/s: 0.00
[ 387s ] thds: 16 tps: 10564.90 qps: 169115.39 (r/w/o: 147983.60/0.00/21131.80) lat (ms,95%): 1.82 err/s: 0.00 reconn/s: 0.00
[ 388s ] thds: 16 tps: 10793.19 qps: 172687.00 (r/w/o: 151100.62/0.00/21586.37) lat (ms,95%): 1.64 err/s: 0.00 reconn/s: 0.00
[ 389s ] thds: 16 tps: 10770.28 qps: 172300.49 (r/w/o: 150759.93/0.00/21540.56) lat (ms,95%): 1.67 err/s: 0.00 reconn/s: 0.00
[ 390s ] thds: 16 tps: 10785.17 qps: 172564.79 (r/w/o: 150995.44/0.00/21569.35) lat (ms,95%): 1.64 err/s: 0.00 reconn/s: 0.00
[ 391s ] thds: 16 tps: 10651.59 qps: 170403.49 (r/w/o: 149099.30/0.00/21304.19) lat (ms,95%): 1.79 err/s: 0.00 reconn/s: 0.00
[ 392s ] thds: 16 tps: 10824.97 qps: 173223.47 (r/w/o: 151573.53/0.00/21649.93) lat (ms,95%): 1.61 err/s: 0.00 reconn/s: 0.00
[ 393s ] thds: 16 tps: 10818.97 qps: 173099.47 (r/w/o: 151461.54/0.00/21637.93) lat (ms,95%): 1.61 err/s: 0.00 reconn/s: 0.00
[ 394s ] thds: 16 tps: 10757.00 qps: 172140.07 (r/w/o: 150626.06/0.00/21514.01) lat (ms,95%): 1.70 err/s: 0.00 reconn/s: 0.00
[ 395s ] thds: 16 tps: 10648.95 qps: 170337.24 (r/w/o: 149041.34/0.00/21295.91) lat (ms,95%): 1.76 err/s: 0.00 reconn/s: 0.00
[ 396s ] thds: 16 tps: 10746.32 qps: 171976.17 (r/w/o: 150481.52/0.00/21494.65) lat (ms,95%): 1.67 err/s: 0.00 reconn/s: 0.00
[ 397s ] thds: 16 tps: 10694.82 qps: 171084.10 (r/w/o: 149694.46/0.00/21389.64) lat (ms,95%): 1.76 err/s: 0.00 reconn/s: 0.00
[ 398s ] thds: 16 tps: 10494.45 qps: 167942.18 (r/w/o: 146953.28/0.00/20988.90) lat (ms,95%): 1.82 err/s: 0.00 reconn/s: 0.00
[ 399s ] thds: 16 tps: 10702.67 qps: 171233.77 (r/w/o: 149828.42/0.00/21405.35) lat (ms,95%): 1.70 err/s: 0.00 reconn/s: 0.00
[ 400s ] thds: 16 tps: 10760.82 qps: 172154.09 (r/w/o: 150632.45/0.00/21521.64) lat (ms,95%): 1.67 err/s: 0.00 reconn/s: 0.00
[ 401s ] thds: 16 tps: 10735.00 qps: 171794.99 (r/w/o: 150326.99/0.00/21468.00) lat (ms,95%): 1.73 err/s: 0.00 reconn/s: 0.00
[ 402s ] thds: 16 tps: 10598.95 qps: 169564.13 (r/w/o: 148364.23/0.00/21199.89) lat (ms,95%): 1.82 err/s: 0.00 reconn/s: 0.00
[ 403s ] thds: 16 tps: 10676.12 qps: 170832.97 (r/w/o: 149481.72/0.00/21351.25) lat (ms,95%): 1.73 err/s: 0.00 reconn/s: 0.00
[ 404s ] thds: 16 tps: 10716.70 qps: 171431.18 (r/w/o: 149997.79/0.00/21433.40) lat (ms,95%): 1.70 err/s: 0.00 reconn/s: 0.00
[ 405s ] thds: 16 tps: 10832.98 qps: 173371.63 (r/w/o: 151704.68/0.00/21666.95) lat (ms,95%): 1.64 err/s: 0.00 reconn/s: 0.00
[ 406s ] thds: 16 tps: 10747.29 qps: 171948.72 (r/w/o: 150454.13/0.00/21494.59) lat (ms,95%): 1.70 err/s: 0.00 reconn/s: 0.00
[ 407s ] thds: 16 tps: 10711.55 qps: 171399.84 (r/w/o: 149976.74/0.00/21423.10) lat (ms,95%): 1.73 err/s: 0.00 reconn/s: 0.00
[ 408s ] thds: 16 tps: 10872.12 qps: 173914.91 (r/w/o: 152172.67/0.00/21742.24) lat (ms,95%): 1.58 err/s: 0.00 reconn/s: 0.00
[ 409s ] thds: 16 tps: 10650.37 qps: 170450.90 (r/w/o: 149148.17/0.00/21302.74) lat (ms,95%): 1.79 err/s: 0.00 reconn/s: 0.00
[ 410s ] thds: 16 tps: 10643.01 qps: 170277.16 (r/w/o: 148991.14/0.00/21286.02) lat (ms,95%): 1.76 err/s: 0.00 reconn/s: 0.00
[ 411s ] thds: 16 tps: 10788.35 qps: 172602.56 (r/w/o: 151025.86/0.00/21576.69) lat (ms,95%): 1.64 err/s: 0.00 reconn/s: 0.00
[ 412s ] thds: 16 tps: 10521.07 qps: 168346.10 (r/w/o: 147304.97/0.00/21041.14) lat (ms,95%): 1.82 err/s: 0.00 reconn/s: 0.00
[ 413s ] thds: 16 tps: 10740.95 qps: 171847.19 (r/w/o: 150365.29/0.00/21481.90) lat (ms,95%): 1.73 err/s: 0.00 reconn/s: 0.00
[ 414s ] thds: 16 tps: 10729.58 qps: 171695.23 (r/w/o: 150235.07/0.00/21460.15) lat (ms,95%): 1.70 err/s: 0.00 reconn/s: 0.00
[ 415s ] thds: 16 tps: 10674.25 qps: 170746.95 (r/w/o: 149398.45/0.00/21348.49) lat (ms,95%): 1.73 err/s: 0.00 reconn/s: 0.00
[ 416s ] thds: 16 tps: 10790.99 qps: 172658.83 (r/w/o: 151076.85/0.00/21581.98) lat (ms,95%): 1.64 err/s: 0.00 reconn/s: 0.00
[ 417s ] thds: 16 tps: 10753.26 qps: 172069.19 (r/w/o: 150562.66/0.00/21506.52) lat (ms,95%): 1.73 err/s: 0.00 reconn/s: 0.00
[ 418s ] thds: 16 tps: 10750.82 qps: 172019.11 (r/w/o: 150517.47/0.00/21501.64) lat (ms,95%): 1.67 err/s: 0.00 reconn/s: 0.00
[ 419s ] thds: 16 tps: 10641.50 qps: 170247.00 (r/w/o: 148965.00/0.00/21282.00) lat (ms,95%): 1.79 err/s: 0.00 reconn/s: 0.00
[ 420s ] thds: 16 tps: 10849.17 qps: 173578.76 (r/w/o: 151880.42/0.00/21698.35) lat (ms,95%): 1.58 err/s: 0.00 reconn/s: 0.00
[ 421s ] thds: 16 tps: 10539.06 qps: 168644.96 (r/w/o: 147566.84/0.00/21078.12) lat (ms,95%): 1.82 err/s: 0.00 reconn/s: 0.00
[ 422s ] thds: 16 tps: 10677.72 qps: 170809.58 (r/w/o: 149454.13/0.00/21355.45) lat (ms,95%): 1.76 err/s: 0.00 reconn/s: 0.00
[ 423s ] thds: 16 tps: 10776.31 qps: 172472.96 (r/w/o: 150919.34/0.00/21553.62) lat (ms,95%): 1.67 err/s: 0.00 reconn/s: 0.00
[ 424s ] thds: 16 tps: 10736.05 qps: 171709.74 (r/w/o: 150238.64/0.00/21471.09) lat (ms,95%): 1.70 err/s: 0.00 reconn/s: 0.00
[ 425s ] thds: 16 tps: 10705.04 qps: 171349.70 (r/w/o: 149938.61/0.00/21411.09) lat (ms,95%): 1.76 err/s: 0.00 reconn/s: 0.00
[ 426s ] thds: 16 tps: 10667.82 qps: 170670.10 (r/w/o: 149334.46/0.00/21335.64) lat (ms,95%): 1.73 err/s: 0.00 reconn/s: 0.00
[ 427s ] thds: 16 tps: 10703.98 qps: 171235.68 (r/w/o: 149827.72/0.00/21407.96) lat (ms,95%): 1.73 err/s: 0.00 reconn/s: 0.00
[ 428s ] thds: 16 tps: 10782.08 qps: 172523.29 (r/w/o: 150960.13/0.00/21563.16) lat (ms,95%): 1.64 err/s: 0.00 reconn/s: 0.00
[ 429s ] thds: 16 tps: 10841.84 qps: 173476.43 (r/w/o: 151791.75/0.00/21684.68) lat (ms,95%): 1.61 err/s: 0.00 reconn/s: 0.00
[ 430s ] thds: 16 tps: 10515.11 qps: 168254.71 (r/w/o: 147224.50/0.00/21030.21) lat (ms,95%): 1.82 err/s: 0.00 reconn/s: 0.00
[ 431s ] thds: 16 tps: 10783.44 qps: 172544.01 (r/w/o: 150977.14/0.00/21566.88) lat (ms,95%): 1.67 err/s: 0.00 reconn/s: 0.00
[ 432s ] thds: 16 tps: 10824.62 qps: 173178.91 (r/w/o: 151529.67/0.00/21649.24) lat (ms,95%): 1.58 err/s: 0.00 reconn/s: 0.00
[ 433s ] thds: 16 tps: 10782.07 qps: 172521.20 (r/w/o: 150956.05/0.00/21565.15) lat (ms,95%): 1.64 err/s: 0.00 reconn/s: 0.00
[ 434s ] thds: 16 tps: 10721.88 qps: 171552.07 (r/w/o: 150109.31/0.00/21442.76) lat (ms,95%): 1.73 err/s: 0.00 reconn/s: 0.00
[ 435s ] thds: 16 tps: 10777.04 qps: 172388.68 (r/w/o: 150836.60/0.00/21552.09) lat (ms,95%): 1.64 err/s: 0.00 reconn/s: 0.00
[ 436s ] thds: 16 tps: 10772.17 qps: 172400.65 (r/w/o: 150854.32/0.00/21546.33) lat (ms,95%): 1.64 err/s: 0.00 reconn/s: 0.00
[ 437s ] thds: 16 tps: 10769.78 qps: 172311.51 (r/w/o: 150771.95/0.00/21539.56) lat (ms,95%): 1.70 err/s: 0.00 reconn/s: 0.00
[ 438s ] thds: 16 tps: 10760.04 qps: 172120.63 (r/w/o: 150600.55/0.00/21520.08) lat (ms,95%): 1.70 err/s: 0.00 reconn/s: 0.00
[ 439s ] thds: 16 tps: 10672.72 qps: 170789.46 (r/w/o: 149445.03/0.00/21344.43) lat (ms,95%): 1.76 err/s: 0.00 reconn/s: 0.00
[ 440s ] thds: 16 tps: 10664.24 qps: 170612.83 (r/w/o: 149284.35/0.00/21328.48) lat (ms,95%): 1.73 err/s: 0.00 reconn/s: 0.00
[ 441s ] thds: 16 tps: 10827.49 qps: 173259.87 (r/w/o: 151604.89/0.00/21654.98) lat (ms,95%): 1.64 err/s: 0.00 reconn/s: 0.00
[ 442s ] thds: 16 tps: 10705.44 qps: 171256.08 (r/w/o: 149844.20/0.00/21411.89) lat (ms,95%): 1.73 err/s: 0.00 reconn/s: 0.00
[ 443s ] thds: 16 tps: 10788.91 qps: 172633.49 (r/w/o: 151055.68/0.00/21577.81) lat (ms,95%): 1.67 err/s: 0.00 reconn/s: 0.00
[ 444s ] thds: 16 tps: 10788.24 qps: 172641.77 (r/w/o: 151065.29/0.00/21576.47) lat (ms,95%): 1.64 err/s: 0.00 reconn/s: 0.00
[ 445s ] thds: 16 tps: 10713.15 qps: 171404.42 (r/w/o: 149980.12/0.00/21424.30) lat (ms,95%): 1.76 err/s: 0.00 reconn/s: 0.00
[ 446s ] thds: 16 tps: 10656.84 qps: 170473.52 (r/w/o: 149157.83/0.00/21315.69) lat (ms,95%): 1.76 err/s: 0.00 reconn/s: 0.00
[ 447s ] thds: 16 tps: 10632.04 qps: 170147.63 (r/w/o: 148883.55/0.00/21264.08) lat (ms,95%): 1.79 err/s: 0.00 reconn/s: 0.00
[ 448s ] thds: 16 tps: 10636.99 qps: 170191.92 (r/w/o: 148918.93/0.00/21272.99) lat (ms,95%): 1.76 err/s: 0.00 reconn/s: 0.00
[ 449s ] thds: 16 tps: 10757.96 qps: 172094.44 (r/w/o: 150578.51/0.00/21515.93) lat (ms,95%): 1.70 err/s: 0.00 reconn/s: 0.00
[ 450s ] thds: 16 tps: 10787.97 qps: 172637.50 (r/w/o: 151060.56/0.00/21576.94) lat (ms,95%): 1.67 err/s: 0.00 reconn/s: 0.00
[ 451s ] thds: 16 tps: 10732.01 qps: 171701.18 (r/w/o: 150237.16/0.00/21464.02) lat (ms,95%): 1.73 err/s: 0.00 reconn/s: 0.00
[ 452s ] thds: 16 tps: 10727.92 qps: 171634.75 (r/w/o: 150177.90/0.00/21456.84) lat (ms,95%): 1.73 err/s: 0.00 reconn/s: 0.00
[ 453s ] thds: 16 tps: 10668.57 qps: 170726.09 (r/w/o: 149389.95/0.00/21336.14) lat (ms,95%): 1.73 err/s: 0.00 reconn/s: 0.00
[ 454s ] thds: 16 tps: 10677.76 qps: 170822.10 (r/w/o: 149466.59/0.00/21355.51) lat (ms,95%): 1.79 err/s: 0.00 reconn/s: 0.00
[ 455s ] thds: 16 tps: 10797.61 qps: 172771.78 (r/w/o: 151176.56/0.00/21595.22) lat (ms,95%): 1.61 err/s: 0.00 reconn/s: 0.00
[ 456s ] thds: 16 tps: 10770.86 qps: 172331.79 (r/w/o: 150790.07/0.00/21541.72) lat (ms,95%): 1.67 err/s: 0.00 reconn/s: 0.00
[ 457s ] thds: 16 tps: 10796.47 qps: 172734.52 (r/w/o: 151141.58/0.00/21592.94) lat (ms,95%): 1.64 err/s: 0.00 reconn/s: 0.00
[ 458s ] thds: 16 tps: 10716.47 qps: 171471.45 (r/w/o: 150038.52/0.00/21432.93) lat (ms,95%): 1.73 err/s: 0.00 reconn/s: 0.00
[ 459s ] thds: 16 tps: 10760.79 qps: 172179.71 (r/w/o: 150660.12/0.00/21519.59) lat (ms,95%): 1.67 err/s: 0.00 reconn/s: 0.00
[ 460s ] thds: 16 tps: 10766.10 qps: 172225.66 (r/w/o: 150692.45/0.00/21533.21) lat (ms,95%): 1.64 err/s: 0.00 reconn/s: 0.00
[ 461s ] thds: 16 tps: 10796.48 qps: 172776.76 (r/w/o: 151183.79/0.00/21592.97) lat (ms,95%): 1.67 err/s: 0.00 reconn/s: 0.00
[ 462s ] thds: 16 tps: 10582.79 qps: 169341.64 (r/w/o: 148175.06/0.00/21166.58) lat (ms,95%): 1.79 err/s: 0.00 reconn/s: 0.00
[ 463s ] thds: 16 tps: 10105.11 qps: 161672.69 (r/w/o: 141463.48/0.00/20209.21) lat (ms,95%): 1.89 err/s: 0.00 reconn/s: 0.00
[ 464s ] thds: 16 tps: 10617.41 qps: 169838.52 (r/w/o: 148602.71/0.00/21235.82) lat (ms,95%): 1.79 err/s: 0.00 reconn/s: 0.00
[ 465s ] thds: 16 tps: 10763.62 qps: 172224.96 (r/w/o: 150697.71/0.00/21527.25) lat (ms,95%): 1.70 err/s: 0.00 reconn/s: 0.00
[ 466s ] thds: 16 tps: 10482.20 qps: 167712.18 (r/w/o: 146747.78/0.00/20964.40) lat (ms,95%): 1.82 err/s: 0.00 reconn/s: 0.00
[ 467s ] thds: 16 tps: 10713.77 qps: 171427.36 (r/w/o: 150001.82/0.00/21425.55) lat (ms,95%): 1.70 err/s: 0.00 reconn/s: 0.00
[ 468s ] thds: 16 tps: 10769.60 qps: 172325.65 (r/w/o: 150784.44/0.00/21541.21) lat (ms,95%): 1.64 err/s: 0.00 reconn/s: 0.00
[ 469s ] thds: 16 tps: 10651.29 qps: 170435.62 (r/w/o: 149134.04/0.00/21301.58) lat (ms,95%): 1.76 err/s: 0.00 reconn/s: 0.00
[ 470s ] thds: 16 tps: 10710.24 qps: 171356.87 (r/w/o: 149935.39/0.00/21421.48) lat (ms,95%): 1.73 err/s: 0.00 reconn/s: 0.00
[ 471s ] thds: 16 tps: 10713.00 qps: 171393.99 (r/w/o: 149968.99/0.00/21425.00) lat (ms,95%): 1.73 err/s: 0.00 reconn/s: 0.00
[ 472s ] thds: 16 tps: 10763.92 qps: 172236.79 (r/w/o: 150707.94/0.00/21528.85) lat (ms,95%): 1.67 err/s: 0.00 reconn/s: 0.00
[ 473s ] thds: 16 tps: 10775.21 qps: 172402.32 (r/w/o: 150851.91/0.00/21550.42) lat (ms,95%): 1.67 err/s: 0.00 reconn/s: 0.00
[ 474s ] thds: 16 tps: 10650.68 qps: 170418.89 (r/w/o: 149117.53/0.00/21301.36) lat (ms,95%): 1.76 err/s: 0.00 reconn/s: 0.00
[ 475s ] thds: 16 tps: 10753.11 qps: 172012.79 (r/w/o: 150506.56/0.00/21506.22) lat (ms,95%): 1.70 err/s: 0.00 reconn/s: 0.00
[ 476s ] thds: 16 tps: 10790.30 qps: 172684.78 (r/w/o: 151104.18/0.00/21580.60) lat (ms,95%): 1.64 err/s: 0.00 reconn/s: 0.00
[ 477s ] thds: 16 tps: 10821.04 qps: 173138.58 (r/w/o: 151496.51/0.00/21642.07) lat (ms,95%): 1.61 err/s: 0.00 reconn/s: 0.00
[ 478s ] thds: 16 tps: 10639.66 qps: 170201.63 (r/w/o: 148922.30/0.00/21279.33) lat (ms,95%): 1.79 err/s: 0.00 reconn/s: 0.00
[ 479s ] thds: 16 tps: 10586.86 qps: 169388.72 (r/w/o: 148217.01/0.00/21171.72) lat (ms,95%): 1.79 err/s: 0.00 reconn/s: 0.00
[ 480s ] thds: 16 tps: 10698.14 qps: 171177.22 (r/w/o: 149778.95/0.00/21398.28) lat (ms,95%): 1.73 err/s: 0.00 reconn/s: 0.00
[ 481s ] thds: 16 tps: 10785.78 qps: 172594.54 (r/w/o: 151022.97/0.00/21571.57) lat (ms,95%): 1.67 err/s: 0.00 reconn/s: 0.00
[ 482s ] thds: 16 tps: 10640.10 qps: 170248.66 (r/w/o: 148968.45/0.00/21280.21) lat (ms,95%): 1.76 err/s: 0.00 reconn/s: 0.00
[ 483s ] thds: 16 tps: 10765.89 qps: 172221.22 (r/w/o: 150689.44/0.00/21531.78) lat (ms,95%): 1.64 err/s: 0.00 reconn/s: 0.00
[ 484s ] thds: 16 tps: 10698.20 qps: 171187.28 (r/w/o: 149792.87/0.00/21394.41) lat (ms,95%): 1.73 err/s: 0.00 reconn/s: 0.00
[ 485s ] thds: 16 tps: 10700.02 qps: 171191.30 (r/w/o: 149790.26/0.00/21401.04) lat (ms,95%): 1.76 err/s: 0.00 reconn/s: 0.00
[ 486s ] thds: 16 tps: 10696.90 qps: 171134.34 (r/w/o: 149739.54/0.00/21394.79) lat (ms,95%): 1.73 err/s: 0.00 reconn/s: 0.00
[ 487s ] thds: 16 tps: 10696.90 qps: 171156.38 (r/w/o: 149762.58/0.00/21393.80) lat (ms,95%): 1.70 err/s: 0.00 reconn/s: 0.00
[ 488s ] thds: 16 tps: 10823.17 qps: 173178.75 (r/w/o: 151532.40/0.00/21646.34) lat (ms,95%): 1.61 err/s: 0.00 reconn/s: 0.00
[ 489s ] thds: 16 tps: 10721.90 qps: 171560.34 (r/w/o: 150116.55/0.00/21443.79) lat (ms,95%): 1.73 err/s: 0.00 reconn/s: 0.00
[ 490s ] thds: 16 tps: 10499.20 qps: 168008.15 (r/w/o: 147009.75/0.00/20998.39) lat (ms,95%): 1.82 err/s: 0.00 reconn/s: 0.00
[ 491s ] thds: 16 tps: 10679.83 qps: 170880.21 (r/w/o: 149520.56/0.00/21359.65) lat (ms,95%): 1.76 err/s: 0.00 reconn/s: 0.00
[ 492s ] thds: 16 tps: 10745.18 qps: 171898.87 (r/w/o: 150408.51/0.00/21490.36) lat (ms,95%): 1.70 err/s: 0.00 reconn/s: 0.00
[ 493s ] thds: 16 tps: 10682.24 qps: 170923.88 (r/w/o: 149559.40/0.00/21364.49) lat (ms,95%): 1.76 err/s: 0.00 reconn/s: 0.00
[ 494s ] thds: 16 tps: 10831.45 qps: 173282.23 (r/w/o: 151620.33/0.00/21661.90) lat (ms,95%): 1.61 err/s: 0.00 reconn/s: 0.00
[ 495s ] thds: 16 tps: 10779.25 qps: 172496.07 (r/w/o: 150937.56/0.00/21558.51) lat (ms,95%): 1.64 err/s: 0.00 reconn/s: 0.00
[ 496s ] thds: 16 tps: 10843.97 qps: 173482.50 (r/w/o: 151795.56/0.00/21686.94) lat (ms,95%): 1.58 err/s: 0.00 reconn/s: 0.00
[ 497s ] thds: 16 tps: 10820.99 qps: 173128.85 (r/w/o: 151485.87/0.00/21642.98) lat (ms,95%): 1.64 err/s: 0.00 reconn/s: 0.00
[ 498s ] thds: 16 tps: 10733.43 qps: 171745.91 (r/w/o: 150279.04/0.00/21466.86) lat (ms,95%): 1.73 err/s: 0.00 reconn/s: 0.00
[ 499s ] thds: 16 tps: 10597.52 qps: 169556.36 (r/w/o: 148361.32/0.00/21195.05) lat (ms,95%): 1.79 err/s: 0.00 reconn/s: 0.00
[ 500s ] thds: 16 tps: 10663.00 qps: 170601.94 (r/w/o: 149274.95/0.00/21326.99) lat (ms,95%): 1.76 err/s: 0.00 reconn/s: 0.00
[ 501s ] thds: 16 tps: 10675.53 qps: 170814.51 (r/w/o: 149464.45/0.00/21350.06) lat (ms,95%): 1.73 err/s: 0.00 reconn/s: 0.00
[ 502s ] thds: 16 tps: 10738.54 qps: 171794.62 (r/w/o: 150318.54/0.00/21476.08) lat (ms,95%): 1.70 err/s: 0.00 reconn/s: 0.00
[ 503s ] thds: 16 tps: 10659.05 qps: 170550.73 (r/w/o: 149230.64/0.00/21320.09) lat (ms,95%): 1.76 err/s: 0.00 reconn/s: 0.00
[ 504s ] thds: 16 tps: 10734.17 qps: 171788.75 (r/w/o: 150320.41/0.00/21468.34) lat (ms,95%): 1.67 err/s: 0.00 reconn/s: 0.00
[ 505s ] thds: 16 tps: 10739.95 qps: 171797.12 (r/w/o: 150318.23/0.00/21478.89) lat (ms,95%): 1.70 err/s: 0.00 reconn/s: 0.00
[ 506s ] thds: 16 tps: 10755.87 qps: 172104.90 (r/w/o: 150593.16/0.00/21511.74) lat (ms,95%): 1.67 err/s: 0.00 reconn/s: 0.00
[ 507s ] thds: 16 tps: 10747.25 qps: 171949.07 (r/w/o: 150455.56/0.00/21493.51) lat (ms,95%): 1.70 err/s: 0.00 reconn/s: 0.00
[ 508s ] thds: 16 tps: 10828.72 qps: 173287.52 (r/w/o: 151630.08/0.00/21657.44) lat (ms,95%): 1.61 err/s: 0.00 reconn/s: 0.00
[ 509s ] thds: 16 tps: 10797.03 qps: 172719.54 (r/w/o: 151123.48/0.00/21596.07) lat (ms,95%): 1.67 err/s: 0.00 reconn/s: 0.00
[ 510s ] thds: 16 tps: 10630.68 qps: 170077.82 (r/w/o: 148816.47/0.00/21261.35) lat (ms,95%): 1.79 err/s: 0.00 reconn/s: 0.00
[ 511s ] thds: 16 tps: 10754.44 qps: 172081.99 (r/w/o: 150574.12/0.00/21507.87) lat (ms,95%): 1.70 err/s: 0.00 reconn/s: 0.00
[ 512s ] thds: 16 tps: 10761.75 qps: 172230.98 (r/w/o: 150706.48/0.00/21524.50) lat (ms,95%): 1.67 err/s: 0.00 reconn/s: 0.00
[ 513s ] thds: 16 tps: 10747.12 qps: 171946.93 (r/w/o: 150452.69/0.00/21494.24) lat (ms,95%): 1.67 err/s: 0.00 reconn/s: 0.00
[ 514s ] thds: 16 tps: 10783.86 qps: 172512.72 (r/w/o: 150946.00/0.00/21566.71) lat (ms,95%): 1.64 err/s: 0.00 reconn/s: 0.00
[ 515s ] thds: 16 tps: 10728.35 qps: 171693.63 (r/w/o: 150235.93/0.00/21457.70) lat (ms,95%): 1.70 err/s: 0.00 reconn/s: 0.00
[ 516s ] thds: 16 tps: 10770.79 qps: 172299.63 (r/w/o: 150758.05/0.00/21541.58) lat (ms,95%): 1.67 err/s: 0.00 reconn/s: 0.00
[ 517s ] thds: 16 tps: 10774.81 qps: 172415.89 (r/w/o: 150866.28/0.00/21549.61) lat (ms,95%): 1.67 err/s: 0.00 reconn/s: 0.00
[ 518s ] thds: 16 tps: 10600.18 qps: 169610.89 (r/w/o: 148410.53/0.00/21200.36) lat (ms,95%): 1.82 err/s: 0.00 reconn/s: 0.00
[ 519s ] thds: 16 tps: 10471.87 qps: 167529.84 (r/w/o: 146588.11/0.00/20941.73) lat (ms,95%): 1.82 err/s: 0.00 reconn/s: 0.00
[ 520s ] thds: 16 tps: 10749.36 qps: 171996.83 (r/w/o: 150496.10/0.00/21500.73) lat (ms,95%): 1.70 err/s: 0.00 reconn/s: 0.00
[ 521s ] thds: 16 tps: 10821.00 qps: 173122.05 (r/w/o: 151481.05/0.00/21641.01) lat (ms,95%): 1.64 err/s: 0.00 reconn/s: 0.00
[ 522s ] thds: 16 tps: 10789.47 qps: 172613.60 (r/w/o: 151033.65/0.00/21579.95) lat (ms,95%): 1.64 err/s: 0.00 reconn/s: 0.00
[ 523s ] thds: 16 tps: 10682.75 qps: 170934.98 (r/w/o: 149570.48/0.00/21364.50) lat (ms,95%): 1.73 err/s: 0.00 reconn/s: 0.00
[ 524s ] thds: 16 tps: 10757.23 qps: 172117.73 (r/w/o: 150604.26/0.00/21513.47) lat (ms,95%): 1.70 err/s: 0.00 reconn/s: 0.00
[ 525s ] thds: 16 tps: 10821.28 qps: 173140.51 (r/w/o: 151495.94/0.00/21644.56) lat (ms,95%): 1.61 err/s: 0.00 reconn/s: 0.00
[ 526s ] thds: 16 tps: 10740.90 qps: 171874.47 (r/w/o: 150392.66/0.00/21481.81) lat (ms,95%): 1.70 err/s: 0.00 reconn/s: 0.00
[ 527s ] thds: 16 tps: 10814.38 qps: 173031.09 (r/w/o: 151402.33/0.00/21628.76) lat (ms,95%): 1.61 err/s: 0.00 reconn/s: 0.00
[ 528s ] thds: 16 tps: 10800.66 qps: 172777.64 (r/w/o: 151176.31/0.00/21601.33) lat (ms,95%): 1.64 err/s: 0.00 reconn/s: 0.00
[ 529s ] thds: 16 tps: 10708.61 qps: 171358.79 (r/w/o: 149942.57/0.00/21416.22) lat (ms,95%): 1.73 err/s: 0.00 reconn/s: 0.00
[ 530s ] thds: 16 tps: 10790.54 qps: 172641.58 (r/w/o: 151059.51/0.00/21582.07) lat (ms,95%): 1.64 err/s: 0.00 reconn/s: 0.00
[ 531s ] thds: 16 tps: 10658.87 qps: 170551.96 (r/w/o: 149235.21/0.00/21316.74) lat (ms,95%): 1.76 err/s: 0.00 reconn/s: 0.00
[ 532s ] thds: 16 tps: 10712.41 qps: 171427.64 (r/w/o: 150001.81/0.00/21425.83) lat (ms,95%): 1.73 err/s: 0.00 reconn/s: 0.00
[ 533s ] thds: 16 tps: 10681.05 qps: 170873.74 (r/w/o: 149512.65/0.00/21361.09) lat (ms,95%): 1.76 err/s: 0.00 reconn/s: 0.00
[ 534s ] thds: 16 tps: 10678.88 qps: 170859.14 (r/w/o: 149500.37/0.00/21358.77) lat (ms,95%): 1.76 err/s: 0.00 reconn/s: 0.00
[ 535s ] thds: 16 tps: 10725.70 qps: 171598.25 (r/w/o: 150147.84/0.00/21450.41) lat (ms,95%): 1.70 err/s: 0.00 reconn/s: 0.00
[ 536s ] thds: 16 tps: 10810.34 qps: 172947.51 (r/w/o: 151326.82/0.00/21620.69) lat (ms,95%): 1.61 err/s: 0.00 reconn/s: 0.00
[ 537s ] thds: 16 tps: 10612.24 qps: 169798.82 (r/w/o: 148574.34/0.00/21224.48) lat (ms,95%): 1.79 err/s: 0.00 reconn/s: 0.00
[ 538s ] thds: 16 tps: 10531.68 qps: 168554.85 (r/w/o: 147491.49/0.00/21063.36) lat (ms,95%): 1.82 err/s: 0.00 reconn/s: 0.00
[ 539s ] thds: 16 tps: 10783.73 qps: 172491.63 (r/w/o: 150923.17/0.00/21568.45) lat (ms,95%): 1.64 err/s: 0.00 reconn/s: 0.00
[ 540s ] thds: 16 tps: 10805.26 qps: 172909.24 (r/w/o: 151298.71/0.00/21610.53) lat (ms,95%): 1.64 err/s: 0.00 reconn/s: 0.00
[ 541s ] thds: 16 tps: 10655.73 qps: 170528.67 (r/w/o: 149217.21/0.00/21311.46) lat (ms,95%): 1.76 err/s: 0.00 reconn/s: 0.00
[ 542s ] thds: 16 tps: 10702.21 qps: 171216.40 (r/w/o: 149810.98/0.00/21405.42) lat (ms,95%): 1.73 err/s: 0.00 reconn/s: 0.00
[ 543s ] thds: 16 tps: 10725.71 qps: 171586.41 (r/w/o: 150136.99/0.00/21449.43) lat (ms,95%): 1.70 err/s: 0.00 reconn/s: 0.00
[ 544s ] thds: 16 tps: 10757.37 qps: 172128.98 (r/w/o: 150613.23/0.00/21515.75) lat (ms,95%): 1.67 err/s: 0.00 reconn/s: 0.00
[ 545s ] thds: 16 tps: 10744.87 qps: 171894.92 (r/w/o: 150405.18/0.00/21489.74) lat (ms,95%): 1.73 err/s: 0.00 reconn/s: 0.00
[ 546s ] thds: 16 tps: 10679.86 qps: 170895.81 (r/w/o: 149536.09/0.00/21359.73) lat (ms,95%): 1.73 err/s: 0.00 reconn/s: 0.00
[ 547s ] thds: 16 tps: 10567.96 qps: 169076.31 (r/w/o: 147940.40/0.00/21135.91) lat (ms,95%): 1.82 err/s: 0.00 reconn/s: 0.00
[ 548s ] thds: 16 tps: 10788.07 qps: 172606.06 (r/w/o: 151031.93/0.00/21574.13) lat (ms,95%): 1.64 err/s: 0.00 reconn/s: 0.00
[ 549s ] thds: 16 tps: 10838.93 qps: 173447.93 (r/w/o: 151768.06/0.00/21679.87) lat (ms,95%): 1.61 err/s: 0.00 reconn/s: 0.00
[ 550s ] thds: 16 tps: 10702.74 qps: 171251.85 (r/w/o: 149846.37/0.00/21405.48) lat (ms,95%): 1.76 err/s: 0.00 reconn/s: 0.00
[ 551s ] thds: 16 tps: 10696.03 qps: 171130.40 (r/w/o: 149738.35/0.00/21392.05) lat (ms,95%): 1.73 err/s: 0.00 reconn/s: 0.00
[ 552s ] thds: 16 tps: 10836.23 qps: 173315.71 (r/w/o: 151643.25/0.00/21672.46) lat (ms,95%): 1.61 err/s: 0.00 reconn/s: 0.00
[ 553s ] thds: 16 tps: 10725.95 qps: 171688.26 (r/w/o: 150236.36/0.00/21451.91) lat (ms,95%): 1.73 err/s: 0.00 reconn/s: 0.00
[ 554s ] thds: 16 tps: 10683.03 qps: 170899.42 (r/w/o: 149533.37/0.00/21366.05) lat (ms,95%): 1.76 err/s: 0.00 reconn/s: 0.00
[ 555s ] thds: 16 tps: 10768.23 qps: 172315.75 (r/w/o: 150779.28/0.00/21536.47) lat (ms,95%): 1.67 err/s: 0.00 reconn/s: 0.00
[ 556s ] thds: 16 tps: 10775.76 qps: 172384.20 (r/w/o: 150834.67/0.00/21549.52) lat (ms,95%): 1.67 err/s: 0.00 reconn/s: 0.00
[ 557s ] thds: 16 tps: 10763.76 qps: 172215.10 (r/w/o: 150686.59/0.00/21528.51) lat (ms,95%): 1.67 err/s: 0.00 reconn/s: 0.00
[ 558s ] thds: 16 tps: 10767.01 qps: 172266.14 (r/w/o: 150734.12/0.00/21532.02) lat (ms,95%): 1.67 err/s: 0.00 reconn/s: 0.00
[ 559s ] thds: 16 tps: 10721.48 qps: 171593.64 (r/w/o: 150147.69/0.00/21445.96) lat (ms,95%): 1.70 err/s: 0.00 reconn/s: 0.00
[ 560s ] thds: 16 tps: 10803.67 qps: 172821.73 (r/w/o: 151214.39/0.00/21607.34) lat (ms,95%): 1.64 err/s: 0.00 reconn/s: 0.00
[ 561s ] thds: 16 tps: 10837.07 qps: 173381.06 (r/w/o: 151708.93/0.00/21672.13) lat (ms,95%): 1.61 err/s: 0.00 reconn/s: 0.00
[ 562s ] thds: 16 tps: 10752.02 qps: 172065.33 (r/w/o: 150558.29/0.00/21507.04) lat (ms,95%): 1.70 err/s: 0.00 reconn/s: 0.00
[ 563s ] thds: 16 tps: 10779.14 qps: 172423.30 (r/w/o: 150867.02/0.00/21556.29) lat (ms,95%): 1.64 err/s: 0.00 reconn/s: 0.00
[ 564s ] thds: 16 tps: 10777.85 qps: 172486.55 (r/w/o: 150929.86/0.00/21556.69) lat (ms,95%): 1.64 err/s: 0.00 reconn/s: 0.00
[ 565s ] thds: 16 tps: 10782.22 qps: 172514.59 (r/w/o: 150950.14/0.00/21564.45) lat (ms,95%): 1.70 err/s: 0.00 reconn/s: 0.00
[ 566s ] thds: 16 tps: 10707.93 qps: 171315.90 (r/w/o: 149901.04/0.00/21414.86) lat (ms,95%): 1.73 err/s: 0.00 reconn/s: 0.00
[ 567s ] thds: 16 tps: 10726.76 qps: 171638.17 (r/w/o: 150183.65/0.00/21454.52) lat (ms,95%): 1.70 err/s: 0.00 reconn/s: 0.00
[ 568s ] thds: 16 tps: 10819.07 qps: 173102.07 (r/w/o: 151463.94/0.00/21638.13) lat (ms,95%): 1.61 err/s: 0.00 reconn/s: 0.00
[ 569s ] thds: 16 tps: 10747.03 qps: 171978.41 (r/w/o: 150484.36/0.00/21494.05) lat (ms,95%): 1.70 err/s: 0.00 reconn/s: 0.00
[ 570s ] thds: 16 tps: 10366.82 qps: 165851.09 (r/w/o: 145118.45/0.00/20732.64) lat (ms,95%): 1.86 err/s: 0.00 reconn/s: 0.00
[ 571s ] thds: 16 tps: 10776.16 qps: 172400.53 (r/w/o: 150849.22/0.00/21551.32) lat (ms,95%): 1.67 err/s: 0.00 reconn/s: 0.00
[ 572s ] thds: 16 tps: 10756.07 qps: 172103.19 (r/w/o: 150590.04/0.00/21513.15) lat (ms,95%): 1.70 err/s: 0.00 reconn/s: 0.00
[ 573s ] thds: 16 tps: 10791.20 qps: 172671.13 (r/w/o: 151087.74/0.00/21583.39) lat (ms,95%): 1.67 err/s: 0.00 reconn/s: 0.00
[ 574s ] thds: 16 tps: 10662.81 qps: 170620.89 (r/w/o: 149295.28/0.00/21325.61) lat (ms,95%): 1.76 err/s: 0.00 reconn/s: 0.00
[ 575s ] thds: 16 tps: 10739.30 qps: 171811.79 (r/w/o: 150333.19/0.00/21478.60) lat (ms,95%): 1.70 err/s: 0.00 reconn/s: 0.00
[ 576s ] thds: 16 tps: 10739.96 qps: 171803.37 (r/w/o: 150325.45/0.00/21477.92) lat (ms,95%): 1.67 err/s: 0.00 reconn/s: 0.00
[ 577s ] thds: 16 tps: 10779.43 qps: 172483.84 (r/w/o: 150922.99/0.00/21560.86) lat (ms,95%): 1.67 err/s: 0.00 reconn/s: 0.00
[ 578s ] thds: 16 tps: 10728.19 qps: 171670.11 (r/w/o: 150213.72/0.00/21456.39) lat (ms,95%): 1.73 err/s: 0.00 reconn/s: 0.00
[ 579s ] thds: 16 tps: 10786.41 qps: 172617.53 (r/w/o: 151044.71/0.00/21572.82) lat (ms,95%): 1.67 err/s: 0.00 reconn/s: 0.00
[ 580s ] thds: 16 tps: 10743.99 qps: 171863.81 (r/w/o: 150375.84/0.00/21487.98) lat (ms,95%): 1.70 err/s: 0.00 reconn/s: 0.00
[ 581s ] thds: 16 tps: 10818.48 qps: 173082.69 (r/w/o: 151446.73/0.00/21635.96) lat (ms,95%): 1.61 err/s: 0.00 reconn/s: 0.00
[ 582s ] thds: 16 tps: 10622.26 qps: 169930.10 (r/w/o: 148685.59/0.00/21244.51) lat (ms,95%): 1.79 err/s: 0.00 reconn/s: 0.00
[ 583s ] thds: 16 tps: 10710.96 qps: 171416.37 (r/w/o: 149993.45/0.00/21422.92) lat (ms,95%): 1.70 err/s: 0.00 reconn/s: 0.00
[ 584s ] thds: 16 tps: 10751.11 qps: 171986.73 (r/w/o: 150485.51/0.00/21501.22) lat (ms,95%): 1.70 err/s: 0.00 reconn/s: 0.00
[ 585s ] thds: 16 tps: 10784.02 qps: 172596.37 (r/w/o: 151027.33/0.00/21569.05) lat (ms,95%): 1.67 err/s: 0.00 reconn/s: 0.00
[ 586s ] thds: 16 tps: 10758.28 qps: 172109.54 (r/w/o: 150592.98/0.00/21516.57) lat (ms,95%): 1.73 err/s: 0.00 reconn/s: 0.00
[ 587s ] thds: 16 tps: 10762.19 qps: 172174.99 (r/w/o: 150650.61/0.00/21524.37) lat (ms,95%): 1.64 err/s: 0.00 reconn/s: 0.00
[ 588s ] thds: 16 tps: 10831.40 qps: 173308.35 (r/w/o: 151646.56/0.00/21661.79) lat (ms,95%): 1.61 err/s: 0.00 reconn/s: 0.00
[ 589s ] thds: 16 tps: 10732.01 qps: 171715.11 (r/w/o: 150250.09/0.00/21465.01) lat (ms,95%): 1.73 err/s: 0.00 reconn/s: 0.00
[ 590s ] thds: 16 tps: 10724.24 qps: 171580.88 (r/w/o: 150132.39/0.00/21448.48) lat (ms,95%): 1.73 err/s: 0.00 reconn/s: 0.00
[ 591s ] thds: 16 tps: 10710.82 qps: 171399.09 (r/w/o: 149978.45/0.00/21420.64) lat (ms,95%): 1.73 err/s: 0.00 reconn/s: 0.00
[ 592s ] thds: 16 tps: 10787.96 qps: 172590.41 (r/w/o: 151014.48/0.00/21575.93) lat (ms,95%): 1.64 err/s: 0.00 reconn/s: 0.00
[ 593s ] thds: 16 tps: 10764.97 qps: 172232.48 (r/w/o: 150701.54/0.00/21530.93) lat (ms,95%): 1.70 err/s: 0.00 reconn/s: 0.00
[ 594s ] thds: 16 tps: 10766.30 qps: 172261.80 (r/w/o: 150729.20/0.00/21532.60) lat (ms,95%): 1.70 err/s: 0.00 reconn/s: 0.00
[ 595s ] thds: 16 tps: 10732.77 qps: 171718.31 (r/w/o: 150252.77/0.00/21465.54) lat (ms,95%): 1.70 err/s: 0.00 reconn/s: 0.00
[ 596s ] thds: 16 tps: 10777.67 qps: 172428.80 (r/w/o: 150874.45/0.00/21554.35) lat (ms,95%): 1.64 err/s: 0.00 reconn/s: 0.00
[ 597s ] thds: 16 tps: 10743.52 qps: 171924.25 (r/w/o: 150436.22/0.00/21488.03) lat (ms,95%): 1.70 err/s: 0.00 reconn/s: 0.00
[ 598s ] thds: 16 tps: 10797.15 qps: 172763.38 (r/w/o: 151169.08/0.00/21594.30) lat (ms,95%): 1.64 err/s: 0.00 reconn/s: 0.00
[ 599s ] thds: 16 tps: 10673.64 qps: 170801.30 (r/w/o: 149454.01/0.00/21347.29) lat (ms,95%): 1.73 err/s: 0.00 reconn/s: 0.00
[ 600s ] thds: 16 tps: 10705.65 qps: 171253.47 (r/w/o: 149843.16/0.00/21410.31) lat (ms,95%): 1.73 err/s: 0.00 reconn/s: 0.00
SQL statistics:
    queries performed:
        read:                            89681704
        write:                           0
        other:                           12811672
        total:                           102493376
    transactions:                        6405836 (10676.33 per sec.)
    queries:                             102493376 (170821.26 per sec.)
    ignored errors:                      0      (0.00 per sec.)
    reconnects:                          0      (0.00 per sec.)

General statistics:
    total time:                          600.0022s
    total number of events:              6405836

Latency (ms):
         min:                                    1.15
         avg:                                    1.50
         max:                                    7.05
         95th percentile:                        1.73
         sum:                              9589072.59

Threads fairness:
    events (avg/stddev):           400364.7500/521.53
    execution time (avg/stddev):   599.3170/0.01

