sysbench 1.0.20 (using bundled LuaJIT 2.1.0-beta2)

Running the test with following options:
Number of threads: 512
Report intermediate results every 1 second(s)
Initializing random number generator from current time


Initializing worker threads...

Threads started!

1,512,349192.15,349192.15,349192.15,0.00,0.00,1.58,0.00,0.00
2,512,377791.75,377791.75,377791.75,0.00,0.00,1.61,0.00,0.00
3,512,377801.75,377801.75,377801.75,0.00,0.00,1.58,0.00,0.00
4,512,377636.43,377636.43,377636.43,0.00,0.00,1.58,0.00,0.00
5,512,377546.53,377544.53,377544.53,0.00,0.00,1.58,0.00,0.00
6,512,377598.98,377600.98,377600.98,0.00,0.00,1.58,0.00,0.00
7,512,377543.61,377543.61,377543.61,0.00,0.00,1.58,0.00,0.00
8,512,377672.48,377671.48,377671.48,0.00,0.00,1.58,0.00,0.00
9,512,377656.26,377657.26,377657.26,0.00,0.00,1.58,0.00,0.00
10,512,377735.15,377735.15,377735.15,0.00,0.00,1.58,0.00,0.00
11,512,377634.57,377634.57,377634.57,0.00,0.00,1.58,0.00,0.00
12,512,377661.97,377661.97,377661.97,0.00,0.00,1.58,0.00,0.00
13,512,377653.74,377653.74,377653.74,0.00,0.00,1.58,0.00,0.00
14,512,377646.14,377646.14,377646.14,0.00,0.00,1.58,0.00,0.00
15,512,377628.85,377628.85,377628.85,0.00,0.00,1.58,0.00,0.00
16,512,377672.66,377672.66,377672.66,0.00,0.00,1.58,0.00,0.00
17,512,377715.67,377715.67,377715.67,0.00,0.00,1.58,0.00,0.00
18,512,377624.22,377624.22,377624.22,0.00,0.00,1.58,0.00,0.00
19,512,377710.40,377710.40,377710.40,0.00,0.00,1.58,0.00,0.00
20,512,377681.18,377679.18,377679.18,0.00,0.00,1.58,0.00,0.00
21,512,377691.26,377693.26,377693.26,0.00,0.00,1.58,0.00,0.00
22,512,377729.35,377729.35,377729.35,0.00,0.00,1.58,0.00,0.00
23,512,377702.79,377702.79,377702.79,0.00,0.00,1.58,0.00,0.00
24,512,377652.36,377652.36,377652.36,0.00,0.00,1.58,0.00,0.00
25,512,377883.22,377883.22,377883.22,0.00,0.00,1.61,0.00,0.00
26,512,377890.66,377890.66,377890.66,0.00,0.00,1.64,0.00,0.00
27,512,377819.09,377819.09,377819.09,0.00,0.00,1.64,0.00,0.00
28,512,380920.73,380920.73,380920.73,0.00,0.00,1.58,0.00,0.00
29,512,378153.47,378151.47,378151.47,0.00,0.00,1.58,0.00,0.00
30,512,378172.53,378170.53,378170.53,0.00,0.00,1.58,0.00,0.00
31,512,377954.66,377958.66,377958.66,0.00,0.00,1.58,0.00,0.00
32,512,377874.72,377874.72,377874.72,0.00,0.00,1.58,0.00,0.00
33,512,377833.54,377829.54,377829.54,0.00,0.00,1.58,0.00,0.00
34,512,377946.52,377950.52,377950.52,0.00,0.00,1.58,0.00,0.00
35,512,377951.44,377951.44,377951.44,0.00,0.00,1.58,0.00,0.00
36,512,377985.28,377982.28,377982.28,0.00,0.00,1.58,0.00,0.00
37,512,377984.12,377987.12,377987.12,0.00,0.00,1.58,0.00,0.00
38,512,377981.70,377981.70,377981.70,0.00,0.00,1.58,0.00,0.00
39,512,378051.37,378051.37,378051.37,0.00,0.00,1.61,0.00,0.00
40,512,377937.72,377937.72,377937.72,0.00,0.00,1.58,0.00,0.00
41,512,377855.19,377853.19,377853.19,0.00,0.00,1.58,0.00,0.00
42,512,377766.00,377765.00,377765.00,0.00,0.00,1.58,0.00,0.00
43,512,377817.29,377820.29,377820.29,0.00,0.00,1.58,0.00,0.00
44,512,377794.39,377794.39,377794.39,0.00,0.00,1.58,0.00,0.00
45,512,377745.65,377744.65,377744.65,0.00,0.00,1.58,0.00,0.00
46,512,377709.40,377710.40,377710.40,0.00,0.00,1.58,0.00,0.00
47,512,377703.07,377703.07,377703.07,0.00,0.00,1.58,0.00,0.00
48,512,377663.02,377663.02,377663.02,0.00,0.00,1.58,0.00,0.00
49,512,377720.77,377720.77,377720.77,0.00,0.00,1.58,0.00,0.00
50,512,377730.86,377730.86,377730.86,0.00,0.00,1.58,0.00,0.00
51,512,377716.43,377715.43,377715.43,0.00,0.00,1.61,0.00,0.00
52,512,377709.75,377710.75,377710.75,0.00,0.00,1.61,0.00,0.00
53,512,377725.78,377725.78,377725.78,0.00,0.00,1.58,0.00,0.00
54,512,377797.35,377797.35,377797.35,0.00,0.00,1.58,0.00,0.00
55,512,377738.19,377737.19,377737.19,0.00,0.00,1.58,0.00,0.00
56,512,377720.79,377721.79,377721.79,0.00,0.00,1.58,0.00,0.00
57,512,377791.84,377789.84,377789.84,0.00,0.00,1.58,0.00,0.00
58,512,377797.78,377799.78,377799.78,0.00,0.00,1.61,0.00,0.00
59,512,377661.40,377659.40,377659.40,0.00,0.00,1.58,0.00,0.00
60,512,377605.98,377607.98,377607.98,0.00,0.00,1.58,0.00,0.00
61,512,377650.61,377650.61,377650.61,0.00,0.00,1.58,0.00,0.00
62,512,377692.18,377692.18,377692.18,0.00,0.00,1.58,0.00,0.00
63,512,377708.73,377708.73,377708.73,0.00,0.00,1.58,0.00,0.00
64,512,377642.66,377642.66,377642.66,0.00,0.00,1.61,0.00,0.00
65,512,377724.08,377724.08,377724.08,0.00,0.00,1.61,0.00,0.00
66,512,377766.36,377764.36,377764.36,0.00,0.00,1.58,0.00,0.00
67,512,377803.60,377805.60,377805.60,0.00,0.00,1.58,0.00,0.00
68,512,381866.77,381866.77,381866.77,0.00,0.00,1.61,0.00,0.00
69,512,378142.32,378142.32,378142.32,0.00,0.00,1.58,0.00,0.00
70,512,378117.78,378117.78,378117.78,0.00,0.00,1.58,0.00,0.00
71,512,378194.86,378192.86,378192.86,0.00,0.00,1.58,0.00,0.00
72,512,377996.73,377998.73,377998.73,0.00,0.00,1.58,0.00,0.00
73,512,378063.86,378063.86,378063.86,0.00,0.00,1.58,0.00,0.00
74,512,378091.30,378091.30,378091.30,0.00,0.00,1.58,0.00,0.00
75,512,377924.93,377924.93,377924.93,0.00,0.00,1.58,0.00,0.00
76,512,377876.54,377876.54,377876.54,0.00,0.00,1.58,0.00,0.00
77,512,377995.10,377995.10,377995.10,0.00,0.00,1.58,0.00,0.00
78,512,378092.36,378089.36,378089.36,0.00,0.00,1.61,0.00,0.00
79,512,377996.69,377999.69,377999.69,0.00,0.00,1.58,0.00,0.00
80,512,377986.00,377984.00,377984.00,0.00,0.00,1.58,0.00,0.00
81,512,377883.59,377883.59,377883.59,0.00,0.00,1.58,0.00,0.00
82,512,377872.72,377872.72,377872.72,0.00,0.00,1.58,0.00,0.00
83,512,377983.18,377985.18,377985.18,0.00,0.00,1.58,0.00,0.00
84,512,377859.80,377857.80,377857.80,0.00,0.00,1.58,0.00,0.00
85,512,377932.78,377934.78,377934.78,0.00,0.00,1.58,0.00,0.00
86,512,377984.42,377984.42,377984.42,0.00,0.00,1.58,0.00,0.00
87,512,377954.30,377954.30,377954.30,0.00,0.00,1.58,0.00,0.00
88,512,377923.14,377923.14,377923.14,0.00,0.00,1.58,0.00,0.00
89,512,377899.28,377899.28,377899.28,0.00,0.00,1.58,0.00,0.00
90,512,377808.17,377808.17,377808.17,0.00,0.00,1.58,0.00,0.00
91,512,377822.70,377820.70,377820.70,0.00,0.00,1.58,0.00,0.00
92,512,379773.51,379775.51,379775.51,0.00,0.00,1.58,0.00,0.00
93,512,377900.11,377900.11,377900.11,0.00,0.00,1.58,0.00,0.00
94,512,377869.33,377867.33,377867.33,0.00,0.00,1.58,0.00,0.00
95,512,377826.61,377827.61,377827.61,0.00,0.00,1.58,0.00,0.00
96,512,377824.32,377825.32,377825.32,0.00,0.00,1.58,0.00,0.00
97,512,377849.34,377848.34,377848.34,0.00,0.00,1.58,0.00,0.00
98,512,377889.13,377890.13,377890.13,0.00,0.00,1.58,0.00,0.00
99,512,377859.69,377858.69,377858.69,0.00,0.00,1.58,0.00,0.00
100,512,377853.28,377853.28,377853.28,0.00,0.00,1.58,0.00,0.00
101,512,377799.28,377800.28,377800.28,0.00,0.00,1.58,0.00,0.00
102,512,377781.34,377779.34,377779.34,0.00,0.00,1.58,0.00,0.00
103,512,377834.74,377835.74,377835.74,0.00,0.00,1.58,0.00,0.00
104,512,377811.92,377812.92,377812.92,0.00,0.00,1.58,0.00,0.00
105,512,377805.43,377803.43,377803.43,0.00,0.00,1.58,0.00,0.00
106,512,377704.63,377704.63,377704.63,0.00,0.00,1.58,0.00,0.00
107,512,377613.78,377615.78,377615.78,0.00,0.00,1.58,0.00,0.00
108,512,377706.17,377706.17,377706.17,0.00,0.00,1.58,0.00,0.00
109,512,377733.26,377733.26,377733.26,0.00,0.00,1.58,0.00,0.00
110,512,377739.56,377738.56,377738.56,0.00,0.00,1.58,0.00,0.00
111,512,377707.55,377707.55,377707.55,0.00,0.00,1.58,0.00,0.00
112,512,377532.06,377531.06,377531.06,0.00,0.00,1.58,0.00,0.00
113,512,377680.81,377682.81,377682.81,0.00,0.00,1.58,0.00,0.00
114,512,377667.32,377665.32,377665.32,0.00,0.00,1.58,0.00,0.00
115,512,377870.19,377870.19,377870.19,0.00,0.00,1.61,0.00,0.00
116,512,377792.10,377794.10,377794.10,0.00,0.00,1.64,0.00,0.00
117,512,377856.70,377855.70,377855.70,0.00,0.00,1.61,0.00,0.00
118,512,377931.67,377930.67,377930.67,0.00,0.00,1.61,0.00,0.00
119,512,377842.41,377844.41,377844.41,0.00,0.00,1.58,0.00,0.00
120,512,377970.69,377968.69,377968.69,0.00,0.00,1.58,0.00,0.00
121,512,378025.02,378027.02,378027.02,0.00,0.00,1.61,0.00,0.00
122,512,377987.58,377987.58,377987.58,0.00,0.00,1.61,0.00,0.00
123,512,378009.94,378009.94,378009.94,0.00,0.00,1.58,0.00,0.00
124,512,378002.44,378002.44,378002.44,0.00,0.00,1.61,0.00,0.00
125,512,377885.02,377885.02,377885.02,0.00,0.00,1.61,0.00,0.00
126,512,377866.47,377866.47,377866.47,0.00,0.00,1.61,0.00,0.00
127,512,377965.86,377965.86,377965.86,0.00,0.00,1.64,0.00,0.00
128,512,377893.94,377893.94,377893.94,0.00,0.00,1.58,0.00,0.00
129,512,377877.27,377875.27,377875.27,0.00,0.00,1.58,0.00,0.00
130,512,377891.69,377893.69,377893.69,0.00,0.00,1.58,0.00,0.00
131,512,377960.68,377960.68,377960.68,0.00,0.00,1.58,0.00,0.00
132,512,378065.02,378065.02,378065.02,0.00,0.00,1.64,0.00,0.00
133,512,378138.83,378138.83,378138.83,0.00,0.00,1.61,0.00,0.00
134,512,377943.64,377943.64,377943.64,0.00,0.00,1.58,0.00,0.00
135,512,377861.05,377861.05,377861.05,0.00,0.00,1.58,0.00,0.00
136,512,382991.37,382988.37,382988.37,0.00,0.00,1.64,0.00,0.00
137,512,378310.50,378311.50,378311.50,0.00,0.00,1.61,0.00,0.00
138,512,378055.21,378057.22,378057.22,0.00,0.00,1.58,0.00,0.00
139,512,378089.35,378087.35,378087.35,0.00,0.00,1.58,0.00,0.00
140,512,377962.63,377964.63,377964.63,0.00,0.00,1.58,0.00,0.00
141,512,377763.48,377763.48,377763.48,0.00,0.00,1.58,0.00,0.00
142,512,377834.31,377832.31,377832.31,0.00,0.00,1.61,0.00,0.00
143,512,377883.11,377883.11,377883.11,0.00,0.00,1.61,0.00,0.00
144,512,377791.82,377789.82,377789.82,0.00,0.00,1.61,0.00,0.00
145,512,377866.65,377870.65,377870.65,0.00,0.00,1.58,0.00,0.00
146,512,377697.73,377697.73,377697.73,0.00,0.00,1.58,0.00,0.00
147,512,377914.49,377912.49,377912.49,0.00,0.00,1.58,0.00,0.00
148,512,377754.19,377756.19,377756.19,0.00,0.00,1.58,0.00,0.00
149,512,377755.52,377755.52,377755.52,0.00,0.00,1.58,0.00,0.00
150,512,377847.69,377845.69,377845.69,0.00,0.00,1.58,0.00,0.00
151,512,377775.83,377777.83,377777.83,0.00,0.00,1.58,0.00,0.00
152,512,381622.15,381622.15,381622.15,0.00,0.00,1.58,0.00,0.00
153,512,377993.87,377993.87,377993.87,0.00,0.00,1.58,0.00,0.00
154,512,377972.07,377971.07,377971.07,0.00,0.00,1.58,0.00,0.00
155,512,378133.59,378133.59,378133.59,0.00,0.00,1.58,0.00,0.00
156,512,378103.52,378104.52,378104.52,0.00,0.00,1.58,0.00,0.00
157,512,378101.97,378101.97,378101.97,0.00,0.00,1.58,0.00,0.00
158,512,378242.89,378242.89,378242.89,0.00,0.00,1.58,0.00,0.00
159,512,378164.17,378163.17,378163.17,0.00,0.00,1.58,0.00,0.00
160,512,384065.40,384066.40,384066.40,0.00,0.00,1.58,0.00,0.00
161,512,378598.18,378596.18,378596.18,0.00,0.00,1.58,0.00,0.00
162,512,378303.42,378305.42,378305.42,0.00,0.00,1.58,0.00,0.00
163,512,378202.60,378201.60,378201.60,0.00,0.00,1.58,0.00,0.00
164,512,378322.43,378323.43,378323.43,0.00,0.00,1.58,0.00,0.00
165,512,378506.13,378504.13,378504.13,0.00,0.00,1.58,0.00,0.00
166,512,378346.00,378347.00,378347.00,0.00,0.00,1.58,0.00,0.00
167,512,378367.60,378368.60,378368.60,0.00,0.00,1.58,0.00,0.00
168,512,381190.75,381190.75,381190.75,0.00,0.00,1.58,0.00,0.00
169,512,378468.30,378468.30,378468.30,0.00,0.00,1.58,0.00,0.00
170,512,378439.24,378438.24,378438.24,0.00,0.00,1.58,0.00,0.00
171,512,378481.03,378479.03,378479.03,0.00,0.00,1.58,0.00,0.00
172,512,378442.57,378443.57,378443.57,0.00,0.00,1.58,0.00,0.00
173,512,378331.94,378333.94,378333.94,0.00,0.00,1.58,0.00,0.00
174,512,378386.75,378386.75,378386.75,0.00,0.00,1.58,0.00,0.00
175,512,378440.55,378440.55,378440.55,0.00,0.00,1.64,0.00,0.00
176,512,378561.42,378561.42,378561.42,0.00,0.00,1.64,0.00,0.00
177,512,378387.14,378387.14,378387.14,0.00,0.00,1.58,0.00,0.00
178,512,378401.06,378400.06,378400.06,0.00,0.00,1.58,0.00,0.00
179,512,378191.79,378192.79,378192.79,0.00,0.00,1.58,0.00,0.00
180,512,378042.78,378042.78,378042.78,0.00,0.00,1.58,0.00,0.00
181,512,377939.66,377936.66,377936.66,0.00,0.00,1.61,0.00,0.00
182,512,377864.09,377867.09,377867.09,0.00,0.00,1.61,0.00,0.00
183,512,377903.50,377902.50,377902.50,0.00,0.00,1.58,0.00,0.00
184,512,377764.47,377765.47,377765.47,0.00,0.00,1.58,0.00,0.00
185,512,377981.58,377979.58,377979.58,0.00,0.00,1.58,0.00,0.00
186,512,378027.58,378029.58,378029.58,0.00,0.00,1.58,0.00,0.00
187,512,378080.23,378079.23,378079.23,0.00,0.00,1.58,0.00,0.00
188,512,377930.25,377931.25,377931.25,0.00,0.00,1.58,0.00,0.00
189,512,378022.30,378020.30,378020.30,0.00,0.00,1.58,0.00,0.00
190,512,377901.09,377901.09,377901.09,0.00,0.00,1.58,0.00,0.00
191,512,377881.13,377883.13,377883.13,0.00,0.00,1.58,0.00,0.00
192,512,380353.71,380351.71,380351.71,0.00,0.00,1.58,0.00,0.00
193,512,377962.89,377962.89,377962.89,0.00,0.00,1.58,0.00,0.00
194,512,378020.75,378022.75,378022.75,0.00,0.00,1.58,0.00,0.00
195,512,377889.13,377889.13,377889.13,0.00,0.00,1.58,0.00,0.00
196,512,377867.14,377865.14,377865.14,0.00,0.00,1.58,0.00,0.00
197,512,378015.83,378017.83,378017.83,0.00,0.00,1.58,0.00,0.00
198,512,377923.00,377923.00,377923.00,0.00,0.00,1.58,0.00,0.00
199,512,378011.59,378011.59,378011.59,0.00,0.00,1.58,0.00,0.00
200,512,378062.78,378062.78,378062.78,0.00,0.00,1.58,0.00,0.00
201,512,378059.60,378059.60,378059.60,0.00,0.00,1.61,0.00,0.00
202,512,378057.41,378057.41,378057.41,0.00,0.00,1.61,0.00,0.00
203,512,377924.83,377924.83,377924.83,0.00,0.00,1.58,0.00,0.00
204,512,377827.37,377821.37,377821.37,0.00,0.00,1.58,0.00,0.00
205,512,377911.52,377916.52,377916.52,0.00,0.00,1.61,0.00,0.00
206,512,377940.73,377939.73,377939.73,0.00,0.00,1.58,0.00,0.00
207,512,377892.05,377894.05,377894.05,0.00,0.00,1.58,0.00,0.00
208,512,378028.53,378028.53,378028.53,0.00,0.00,1.61,0.00,0.00
209,512,377966.36,377966.36,377966.36,0.00,0.00,1.61,0.00,0.00
210,512,377996.08,377995.08,377995.08,0.00,0.00,1.58,0.00,0.00
211,512,377935.47,377936.47,377936.47,0.00,0.00,1.58,0.00,0.00
212,512,377939.76,377939.76,377939.76,0.00,0.00,1.58,0.00,0.00
213,512,377942.38,377942.38,377942.38,0.00,0.00,1.58,0.00,0.00
214,512,377763.90,377763.90,377763.90,0.00,0.00,1.58,0.00,0.00
215,512,377888.28,377888.28,377888.28,0.00,0.00,1.58,0.00,0.00
216,512,377861.73,377861.73,377861.73,0.00,0.00,1.58,0.00,0.00
217,512,377890.20,377887.20,377887.20,0.00,0.00,1.58,0.00,0.00
218,512,377895.18,377898.18,377898.18,0.00,0.00,1.58,0.00,0.00
219,512,377899.09,377898.09,377898.09,0.00,0.00,1.58,0.00,0.00
220,512,377846.24,377845.24,377845.24,0.00,0.00,1.58,0.00,0.00
221,512,377790.48,377791.48,377791.48,0.00,0.00,1.58,0.00,0.00
222,512,377805.50,377806.50,377806.50,0.00,0.00,1.58,0.00,0.00
223,512,377912.36,377910.36,377910.36,0.00,0.00,1.58,0.00,0.00
224,512,377928.69,377928.69,377928.69,0.00,0.00,1.58,0.00,0.00
225,512,377959.09,377959.09,377959.09,0.00,0.00,1.58,0.00,0.00
226,512,378022.43,378024.43,378024.43,0.00,0.00,1.58,0.00,0.00
227,512,377903.06,377901.06,377901.06,0.00,0.00,1.58,0.00,0.00
228,512,378053.42,378055.42,378055.42,0.00,0.00,1.61,0.00,0.00
229,512,377889.44,377889.44,377889.44,0.00,0.00,1.58,0.00,0.00
230,512,377918.61,377917.61,377917.61,0.00,0.00,1.58,0.00,0.00
231,512,377997.81,377998.81,377998.81,0.00,0.00,1.58,0.00,0.00
232,512,378057.71,378054.71,378054.71,0.00,0.00,1.58,0.00,0.00
233,512,377934.44,377937.44,377937.44,0.00,0.00,1.58,0.00,0.00
234,512,377980.42,377980.42,377980.42,0.00,0.00,1.58,0.00,0.00
235,512,377973.42,377973.42,377973.42,0.00,0.00,1.58,0.00,0.00
236,512,378131.79,378131.79,378131.79,0.00,0.00,1.58,0.00,0.00
237,512,378025.71,378025.71,378025.71,0.00,0.00,1.58,0.00,0.00
238,512,378009.80,378009.80,378009.80,0.00,0.00,1.58,0.00,0.00
239,512,378104.69,378104.69,378104.69,0.00,0.00,1.58,0.00,0.00
240,512,377999.32,377998.32,377998.32,0.00,0.00,1.58,0.00,0.00
241,512,377980.15,377981.15,377981.15,0.00,0.00,1.61,0.00,0.00
242,512,377984.12,377984.12,377984.12,0.00,0.00,1.61,0.00,0.00
243,512,377926.13,377925.13,377925.13,0.00,0.00,1.58,0.00,0.00
244,512,377978.63,377979.63,377979.63,0.00,0.00,1.58,0.00,0.00
245,512,377912.12,377912.12,377912.12,0.00,0.00,1.58,0.00,0.00
246,512,377793.84,377791.84,377791.84,0.00,0.00,1.64,0.00,0.00
247,512,377900.81,377902.81,377902.81,0.00,0.00,1.64,0.00,0.00
248,512,377900.86,377900.86,377900.86,0.00,0.00,1.64,0.00,0.00
249,512,378018.87,378017.87,378017.87,0.00,0.00,1.64,0.00,0.00
250,512,378009.38,378010.38,378010.38,0.00,0.00,1.64,0.00,0.00
251,512,377949.90,377949.90,377949.90,0.00,0.00,1.58,0.00,0.00
252,512,377993.40,377993.40,377993.40,0.00,0.00,1.58,0.00,0.00
253,512,377977.23,377977.23,377977.23,0.00,0.00,1.58,0.00,0.00
254,512,378030.70,378030.70,378030.70,0.00,0.00,1.58,0.00,0.00
255,512,377972.69,377972.69,377972.69,0.00,0.00,1.58,0.00,0.00
256,512,377894.33,377892.33,377892.33,0.00,0.00,1.58,0.00,0.00
257,512,377929.42,377929.42,377929.42,0.00,0.00,1.58,0.00,0.00
258,512,377896.34,377897.34,377897.34,0.00,0.00,1.61,0.00,0.00
259,512,377836.44,377834.44,377834.44,0.00,0.00,1.61,0.00,0.00
260,512,377803.24,377806.24,377806.24,0.00,0.00,1.58,0.00,0.00
261,512,377865.97,377865.97,377865.97,0.00,0.00,1.58,0.00,0.00
262,512,377765.26,377765.26,377765.26,0.00,0.00,1.58,0.00,0.00
263,512,377771.32,377771.32,377771.32,0.00,0.00,1.64,0.00,0.00
264,512,378656.96,378656.96,378656.96,0.00,0.00,1.61,0.00,0.00
265,512,377892.26,377892.26,377892.26,0.00,0.00,1.58,0.00,0.00
266,512,377807.31,377806.31,377806.31,0.00,0.00,1.58,0.00,0.00
267,512,377867.74,377868.74,377868.74,0.00,0.00,1.58,0.00,0.00
268,512,380853.38,380853.38,380853.38,0.00,0.00,1.61,0.00,0.00
269,512,378147.60,378147.60,378147.60,0.00,0.00,1.64,0.00,0.00
270,512,378024.34,378022.34,378022.34,0.00,0.00,1.58,0.00,0.00
271,512,378028.81,378028.81,378028.81,0.00,0.00,1.58,0.00,0.00
272,512,378090.40,378092.40,378092.40,0.00,0.00,1.58,0.00,0.00
273,512,377943.68,377943.68,377943.68,0.00,0.00,1.58,0.00,0.00
274,512,377856.39,377856.39,377856.39,0.00,0.00,1.58,0.00,0.00
275,512,377917.42,377917.42,377917.42,0.00,0.00,1.58,0.00,0.00
276,512,377929.65,377928.65,377928.65,0.00,0.00,1.58,0.00,0.00
277,512,378081.14,378082.14,378082.14,0.00,0.00,1.58,0.00,0.00
278,512,378109.11,378107.11,378107.11,0.00,0.00,1.58,0.00,0.00
279,512,378060.44,378062.44,378062.44,0.00,0.00,1.58,0.00,0.00
280,512,377926.10,377926.10,377926.10,0.00,0.00,1.58,0.00,0.00
281,512,377917.97,377917.97,377917.97,0.00,0.00,1.61,0.00,0.00
282,512,378008.25,378008.25,378008.25,0.00,0.00,1.58,0.00,0.00
283,512,378053.98,378053.98,378053.98,0.00,0.00,1.61,0.00,0.00
284,512,380075.65,380073.65,380073.65,0.00,0.00,1.61,0.00,0.00
285,512,378278.39,378279.39,378279.39,0.00,0.00,1.64,0.00,0.00
286,512,378092.65,378091.65,378091.65,0.00,0.00,1.64,0.00,0.00
287,512,378040.74,378042.74,378042.74,0.00,0.00,1.64,0.00,0.00
288,512,377902.42,377902.42,377902.42,0.00,0.00,1.64,0.00,0.00
289,512,378052.82,378052.82,378052.82,0.00,0.00,1.64,0.00,0.00
290,512,377977.20,377975.20,377975.20,0.00,0.00,1.61,0.00,0.00
291,512,377893.49,377895.49,377895.49,0.00,0.00,1.61,0.00,0.00
292,512,380655.87,380652.87,380652.87,0.00,0.00,1.58,0.00,0.00
293,512,377988.56,377991.56,377991.56,0.00,0.00,1.58,0.00,0.00
294,512,378163.88,378163.88,378163.88,0.00,0.00,1.58,0.00,0.00
295,512,378089.54,378088.54,378088.54,0.00,0.00,1.58,0.00,0.00
296,512,377965.34,377966.34,377966.34,0.00,0.00,1.58,0.00,0.00
297,512,378026.80,378026.80,378026.80,0.00,0.00,1.58,0.00,0.00
298,512,378043.90,378043.90,378043.90,0.00,0.00,1.58,0.00,0.00
299,512,378062.55,378062.55,378062.55,0.00,0.00,1.58,0.00,0.00
300,512,368940.12,368940.12,368940.12,0.00,0.00,1.58,0.00,0.00
SQL statistics:
    queries performed:
        read:                            113387630
        write:                           0
        other:                           0
        total:                           113387630
    transactions:                        113387630 (377845.15 per sec.)
    queries:                             113387630 (377845.15 per sec.)
    ignored errors:                      0      (0.00 per sec.)
    reconnects:                          0      (0.00 per sec.)

General statistics:
    total time:                          300.0888s
    total number of events:              113387630

Latency (ms):
         min:                                    0.04
         avg:                                    1.35
         max:                                  328.02
         95th percentile:                        1.58
         sum:                            153456873.68

Threads fairness:
    events (avg/stddev):           221460.2148/6546.33
    execution time (avg/stddev):   299.7205/0.05

