sysbench 1.0.20 (using bundled LuaJIT 2.1.0-beta2)

Running the test with following options:
Number of threads: 1024
Report intermediate results every 1 second(s)
Initializing random number generator from current time


Initializing worker threads...

Threads started!

1,1024,5782.71,100277.89,87894.55,0.00,12383.34,390.30,0.00,0.00
2,1024,21741.90,347947.77,304583.66,0.00,43364.11,292.60,0.00,0.00
3,1024,15000.55,239686.02,209744.78,0.00,29941.24,189.93,0.00,0.00
4,1024,14029.39,224377.23,196328.45,0.00,28048.78,80.03,0.00,0.00
5,1024,14043.16,224717.60,196618.27,0.00,28099.32,80.03,0.00,0.00
6,1024,14101.01,225530.14,197339.12,0.00,28191.02,80.03,0.00,0.00
7,1024,14096.40,225583.34,197401.54,0.00,28181.79,78.60,0.00,0.00
8,1024,14070.17,224793.75,196643.40,0.00,28150.34,80.03,0.00,0.00
9,1024,16185.72,259289.53,226916.09,0.00,32373.44,287.38,0.00,0.00
10,1024,15433.36,246702.79,215827.07,0.00,30875.72,204.11,0.00,0.00
11,1024,14548.36,233063.81,203976.10,0.00,29087.72,139.85,0.00,0.00
12,1024,14151.86,226324.76,198023.04,0.00,28301.72,78.60,0.00,0.00
13,1024,14133.92,226320.75,198054.90,0.00,28265.85,78.60,0.00,0.00
14,1024,14146.03,226423.42,198128.37,0.00,28295.05,78.60,0.00,0.00
15,1024,14155.88,226297.14,197988.38,0.00,28308.77,78.60,0.00,0.00
16,1024,14149.42,226517.69,198211.86,0.00,28305.83,78.60,0.00,0.00
17,1024,14155.71,226438.43,198127.00,0.00,28311.43,78.60,0.00,0.00
18,1024,14153.28,226469.42,198171.87,0.00,28297.56,78.60,0.00,0.00
19,1024,14146.64,226482.21,198178.94,0.00,28303.28,78.60,0.00,0.00
20,1024,14169.28,226508.41,198170.85,0.00,28337.55,80.03,0.00,0.00
21,1024,14164.28,226538.46,198213.90,0.00,28324.56,80.03,0.00,0.00
22,1024,14153.29,226407.58,198102.01,0.00,28305.57,78.60,0.00,0.00
23,1024,14140.80,226473.74,198183.14,0.00,28290.60,80.03,0.00,0.00
24,1024,14173.70,226359.05,198014.65,0.00,28344.39,78.60,0.00,0.00
25,1024,15956.73,255473.62,223558.17,0.00,31915.45,240.02,0.00,0.00
26,1024,14402.47,230539.45,201734.52,0.00,28804.93,104.84,0.00,0.00
27,1024,14153.79,226627.66,198322.07,0.00,28305.58,80.03,0.00,0.00
28,1024,14173.77,226614.26,198267.72,0.00,28346.53,78.60,0.00,0.00
29,1024,14159.90,226588.41,198270.61,0.00,28317.80,78.60,0.00,0.00
30,1024,14173.40,226611.37,198272.57,0.00,28338.80,78.60,0.00,0.00
31,1024,14149.88,226550.05,198248.29,0.00,28301.76,78.60,0.00,0.00
32,1024,14231.44,227543.08,199070.20,0.00,28472.88,78.60,0.00,0.00
33,1024,15916.15,254926.33,223094.03,0.00,31832.30,248.83,0.00,0.00
34,1024,14223.94,227561.03,199119.15,0.00,28441.88,80.03,0.00,0.00
35,1024,14169.19,226506.06,198170.68,0.00,28335.38,78.60,0.00,0.00
36,1024,14148.09,226514.40,198213.23,0.00,28301.17,78.60,0.00,0.00
37,1024,14164.44,226554.10,198229.21,0.00,28324.89,78.60,0.00,0.00
38,1024,14141.89,226518.28,198236.50,0.00,28281.79,80.03,0.00,0.00
39,1024,14181.18,226634.95,198270.58,0.00,28364.37,78.60,0.00,0.00
40,1024,14153.86,226568.81,198260.09,0.00,28308.72,78.60,0.00,0.00
41,1024,14161.81,226594.93,198272.31,0.00,28322.62,78.60,0.00,0.00
42,1024,14167.24,226632.91,198298.42,0.00,28334.49,78.60,0.00,0.00
43,1024,14167.34,226570.39,198229.72,0.00,28340.67,80.03,0.00,0.00
44,1024,14150.01,226544.19,198251.16,0.00,28293.02,78.60,0.00,0.00
45,1024,14164.76,226518.15,198191.63,0.00,28326.52,78.60,0.00,0.00
46,1024,14158.28,226580.56,198252.99,0.00,28327.57,78.60,0.00,0.00
47,1024,14152.44,226458.11,198159.22,0.00,28298.89,78.60,0.00,0.00
48,1024,14166.95,226634.19,198292.30,0.00,28341.90,78.60,0.00,0.00
49,1024,14153.47,226575.52,198277.58,0.00,28297.94,78.60,0.00,0.00
50,1024,14163.64,226581.18,198254.91,0.00,28326.27,78.60,0.00,0.00
51,1024,14166.71,226677.29,198335.88,0.00,28341.41,78.60,0.00,0.00
52,1024,14169.96,226308.31,197977.40,0.00,28330.91,78.60,0.00,0.00
53,1024,16032.93,256631.82,224560.97,0.00,32070.85,248.83,0.00,0.00
54,1024,15852.38,253719.14,222014.37,0.00,31704.77,244.38,0.00,0.00
55,1024,14272.18,228246.93,199709.56,0.00,28537.37,106.75,0.00,0.00
56,1024,14140.45,226514.27,198227.36,0.00,28286.91,80.03,0.00,0.00
57,1024,14162.87,226620.90,198292.16,0.00,28328.74,78.60,0.00,0.00
58,1024,14147.89,226644.23,198350.45,0.00,28293.78,78.60,0.00,0.00
59,1024,14173.52,226609.37,198261.32,0.00,28348.05,78.60,0.00,0.00
60,1024,14177.61,226617.73,198270.51,0.00,28347.22,80.03,0.00,0.00
61,1024,14146.02,226591.27,198292.23,0.00,28299.03,78.60,0.00,0.00
62,1024,14165.08,226617.22,198285.06,0.00,28332.15,78.60,0.00,0.00
63,1024,14175.81,226642.93,198284.31,0.00,28358.62,78.60,0.00,0.00
64,1024,14165.39,226574.23,198257.45,0.00,28316.78,78.60,0.00,0.00
65,1024,14164.57,226618.05,198282.92,0.00,28335.13,78.60,0.00,0.00
66,1024,14145.26,226619.14,198321.62,0.00,28297.52,78.60,0.00,0.00
67,1024,14165.97,226563.49,198241.56,0.00,28321.94,78.60,0.00,0.00
68,1024,14156.80,226592.84,198276.24,0.00,28316.60,78.60,0.00,0.00
69,1024,14167.91,226576.61,198244.78,0.00,28331.83,78.60,0.00,0.00
70,1024,14171.25,226706.06,198357.56,0.00,28348.51,78.60,0.00,0.00
71,1024,14164.62,226671.99,198337.75,0.00,28334.25,78.60,0.00,0.00
72,1024,14153.10,226620.55,198315.36,0.00,28305.19,78.60,0.00,0.00
73,1024,14171.29,226615.57,198273.00,0.00,28342.57,78.60,0.00,0.00
74,1024,14167.52,226611.28,198288.25,0.00,28323.04,78.60,0.00,0.00
75,1024,14168.07,226647.13,198304.98,0.00,28342.14,78.60,0.00,0.00
76,1024,14162.28,226760.40,198433.85,0.00,28326.56,78.60,0.00,0.00
77,1024,14160.87,226558.99,198239.24,0.00,28319.75,78.60,0.00,0.00
78,1024,14171.43,226564.92,198227.06,0.00,28337.87,78.60,0.00,0.00
79,1024,14156.77,226654.37,198332.82,0.00,28321.55,78.60,0.00,0.00
80,1024,14159.88,226617.05,198297.29,0.00,28319.76,78.60,0.00,0.00
81,1024,14185.01,226720.20,198363.18,0.00,28357.03,78.60,0.00,0.00
82,1024,14152.79,226587.63,198272.05,0.00,28315.58,78.60,0.00,0.00
83,1024,14160.40,226584.48,198266.67,0.00,28317.81,78.60,0.00,0.00
84,1024,14193.90,227047.45,198659.65,0.00,28387.81,78.60,0.00,0.00
85,1024,16196.52,259277.34,226877.30,0.00,32400.04,282.25,0.00,0.00
86,1024,14310.40,228780.42,200163.62,0.00,28616.80,112.67,0.00,0.00
87,1024,14567.57,233063.17,203937.02,0.00,29126.15,112.67,0.00,0.00
88,1024,14182.17,226941.77,198566.42,0.00,28375.35,80.03,0.00,0.00
89,1024,16003.76,255727.22,223720.70,0.00,32006.52,244.38,0.00,0.00
90,1024,14579.86,233396.83,204236.10,0.00,29160.73,127.81,0.00,0.00
91,1024,14271.53,228746.54,200202.48,0.00,28544.06,89.16,0.00,0.00
92,1024,15933.92,254507.75,222639.90,0.00,31867.84,244.38,0.00,0.00
93,1024,14360.69,230239.94,201510.56,0.00,28729.38,108.68,0.00,0.00
94,1024,14173.65,226664.36,198323.06,0.00,28341.30,78.60,0.00,0.00
95,1024,14275.72,228251.53,199703.10,0.00,28548.44,89.16,0.00,0.00
96,1024,14147.02,226591.31,198294.28,0.00,28297.03,78.60,0.00,0.00
97,1024,14164.31,226707.03,198379.40,0.00,28327.63,78.60,0.00,0.00
98,1024,14171.50,226657.98,198314.98,0.00,28343.00,78.60,0.00,0.00
99,1024,14184.55,226744.87,198376.76,0.00,28368.11,78.60,0.00,0.00
100,1024,14168.60,226766.52,198443.33,0.00,28323.19,78.60,0.00,0.00
101,1024,14177.00,226765.06,198405.05,0.00,28360.01,78.60,0.00,0.00
102,1024,14173.52,226834.35,198476.31,0.00,28358.04,78.60,0.00,0.00
103,1024,14181.59,226726.54,198370.35,0.00,28356.19,78.60,0.00,0.00
104,1024,14152.64,226693.29,198387.01,0.00,28306.28,78.60,0.00,0.00
105,1024,14169.66,226733.56,198397.24,0.00,28336.32,78.60,0.00,0.00
106,1024,14179.57,226706.10,198340.96,0.00,28365.14,78.60,0.00,0.00
107,1024,14162.65,226614.46,198293.15,0.00,28321.31,80.03,0.00,0.00
108,1024,14652.53,233814.29,204516.24,0.00,29298.05,80.03,0.00,0.00
109,1024,15673.14,251082.31,219718.02,0.00,31364.29,282.25,0.00,0.00
110,1024,14465.26,231881.14,202958.62,0.00,28922.52,114.72,0.00,0.00
111,1024,14158.66,226529.56,198214.24,0.00,28315.32,80.03,0.00,0.00
112,1024,14171.19,226563.13,198216.74,0.00,28346.39,78.60,0.00,0.00
113,1024,15917.88,254543.02,222700.26,0.00,31842.76,244.38,0.00,0.00
114,1024,14252.34,228281.48,199793.79,0.00,28487.69,90.78,0.00,0.00
115,1024,14167.79,226913.63,198570.05,0.00,28343.58,80.03,0.00,0.00
116,1024,14179.91,226660.62,198297.79,0.00,28362.82,78.60,0.00,0.00
117,1024,14167.95,226627.15,198296.26,0.00,28330.89,78.60,0.00,0.00
118,1024,14149.79,226590.71,198293.12,0.00,28297.59,78.60,0.00,0.00
119,1024,14164.06,226568.03,198244.90,0.00,28323.13,78.60,0.00,0.00
120,1024,14168.58,226671.35,198320.18,0.00,28351.17,78.60,0.00,0.00
121,1024,14161.39,226604.27,198286.48,0.00,28317.78,78.60,0.00,0.00
122,1024,14159.75,226538.02,198217.52,0.00,28320.50,78.60,0.00,0.00
123,1024,14164.66,226697.59,198373.26,0.00,28324.32,78.60,0.00,0.00
124,1024,14170.62,226587.83,198245.60,0.00,28342.23,78.60,0.00,0.00
125,1024,14149.72,226546.52,198250.08,0.00,28296.44,78.60,0.00,0.00
126,1024,14170.44,226620.10,198269.21,0.00,28350.89,80.03,0.00,0.00
127,1024,14155.91,226577.51,198278.69,0.00,28298.81,78.60,0.00,0.00
128,1024,14164.71,226615.40,198279.98,0.00,28335.43,78.60,0.00,0.00
129,1024,14152.18,226570.96,198259.59,0.00,28311.37,78.60,0.00,0.00
130,1024,14167.51,226591.18,198266.16,0.00,28325.02,78.60,0.00,0.00
131,1024,14170.15,226673.41,198332.11,0.00,28341.30,78.60,0.00,0.00
132,1024,14163.94,226645.10,198310.21,0.00,28334.89,78.60,0.00,0.00
133,1024,14168.75,226722.03,198390.53,0.00,28331.50,78.60,0.00,0.00
134,1024,14172.41,226562.59,198221.76,0.00,28340.82,78.60,0.00,0.00
135,1024,14140.13,226479.15,198191.88,0.00,28287.27,78.60,0.00,0.00
136,1024,14188.24,226709.83,198338.36,0.00,28371.47,80.03,0.00,0.00
137,1024,15918.90,254984.34,223141.54,0.00,31842.79,253.35,0.00,0.00
138,1024,14237.81,227786.98,199310.36,0.00,28476.62,81.48,0.00,0.00
139,1024,14184.53,226828.54,198463.47,0.00,28365.07,78.60,0.00,0.00
140,1024,14150.17,226569.79,198267.44,0.00,28302.35,78.60,0.00,0.00
141,1024,14160.57,226561.17,198235.03,0.00,28326.15,78.60,0.00,0.00
142,1024,14172.99,226565.84,198220.86,0.00,28344.98,78.60,0.00,0.00
143,1024,14164.77,226732.32,198403.77,0.00,28328.54,78.60,0.00,0.00
144,1024,14155.73,226355.71,198042.24,0.00,28313.47,78.60,0.00,0.00
145,1024,15925.64,254882.25,223026.97,0.00,31855.28,253.35,0.00,0.00
146,1024,14185.90,226888.35,198540.56,0.00,28347.79,80.03,0.00,0.00
147,1024,14148.87,226480.83,198168.10,0.00,28312.73,80.03,0.00,0.00
148,1024,14161.37,226586.93,198275.19,0.00,28311.74,78.60,0.00,0.00
149,1024,14171.48,226654.67,198295.72,0.00,28358.95,78.60,0.00,0.00
150,1024,14146.91,226498.59,198205.77,0.00,28292.82,78.60,0.00,0.00
151,1024,14146.35,226463.54,198179.85,0.00,28283.69,78.60,0.00,0.00
152,1024,14165.92,226601.69,198258.85,0.00,28342.83,78.60,0.00,0.00
153,1024,14164.45,226519.21,198194.31,0.00,28324.90,78.60,0.00,0.00
154,1024,14167.44,226635.04,198311.16,0.00,28323.88,78.60,0.00,0.00
155,1024,14158.06,226643.00,198314.87,0.00,28328.12,80.03,0.00,0.00
156,1024,14157.71,226592.29,198272.88,0.00,28319.41,78.60,0.00,0.00
157,1024,14162.00,226470.08,198152.07,0.00,28318.01,78.60,0.00,0.00
158,1024,14164.51,226596.18,198272.16,0.00,28324.02,78.60,0.00,0.00
159,1024,14153.04,226620.69,198304.60,0.00,28316.09,78.60,0.00,0.00
160,1024,14164.79,226498.57,198178.00,0.00,28320.57,78.60,0.00,0.00
161,1024,14155.19,226597.02,198278.65,0.00,28318.38,78.60,0.00,0.00
162,1024,14174.94,226441.03,198117.15,0.00,28323.88,78.60,0.00,0.00
163,1024,14148.68,226689.76,198369.41,0.00,28320.35,80.03,0.00,0.00
164,1024,14159.18,226488.80,198175.45,0.00,28313.35,78.60,0.00,0.00
165,1024,14158.90,226523.41,198203.61,0.00,28319.80,78.60,0.00,0.00
166,1024,14159.52,226627.33,198303.29,0.00,28324.04,78.60,0.00,0.00
167,1024,14169.71,226572.35,198236.93,0.00,28335.42,78.60,0.00,0.00
168,1024,14686.80,233997.74,204635.15,0.00,29362.59,80.03,0.00,0.00
169,1024,15455.63,248397.02,217468.77,0.00,30928.26,262.64,0.00,0.00
170,1024,14281.53,228246.53,199694.46,0.00,28552.07,82.96,0.00,0.00
171,1024,14353.95,229873.20,201151.30,0.00,28721.90,89.16,0.00,0.00
172,1024,14233.24,227880.86,199422.38,0.00,28458.49,86.00,0.00,0.00
173,1024,14171.42,226572.78,198230.93,0.00,28341.85,78.60,0.00,0.00
174,1024,14154.47,226512.57,198208.62,0.00,28303.95,78.60,0.00,0.00
175,1024,14170.44,226541.07,198190.18,0.00,28350.89,78.60,0.00,0.00
176,1024,14149.73,226568.72,198271.25,0.00,28297.46,78.60,0.00,0.00
177,1024,14157.19,226452.98,198138.61,0.00,28314.37,78.60,0.00,0.00
178,1024,14155.72,226540.46,198238.02,0.00,28302.43,78.60,0.00,0.00
179,1024,14156.73,226559.63,198242.18,0.00,28317.45,78.60,0.00,0.00
180,1024,14162.49,226506.82,198186.84,0.00,28319.98,78.60,0.00,0.00
181,1024,14160.01,226495.13,198174.11,0.00,28321.02,78.60,0.00,0.00
182,1024,14159.30,226527.72,198203.13,0.00,28324.59,78.60,0.00,0.00
183,1024,14144.95,226428.21,198140.31,0.00,28287.90,78.60,0.00,0.00
184,1024,14164.11,226674.74,198347.52,0.00,28327.22,80.03,0.00,0.00
185,1024,14157.36,226471.69,198156.98,0.00,28314.71,78.60,0.00,0.00
186,1024,14165.80,226492.77,198158.18,0.00,28334.60,80.03,0.00,0.00
187,1024,14146.77,226557.25,198263.72,0.00,28293.53,78.60,0.00,0.00
188,1024,14160.87,226470.86,198145.13,0.00,28325.73,78.60,0.00,0.00
189,1024,16009.28,255917.53,223897.96,0.00,32019.56,257.95,0.00,0.00
190,1024,14458.25,231631.04,202720.54,0.00,28910.50,134.90,0.00,0.00
191,1024,14175.95,227064.26,198709.35,0.00,28354.91,80.03,0.00,0.00
192,1024,14172.74,226603.80,198253.33,0.00,28350.47,78.60,0.00,0.00
193,1024,14160.81,226580.02,198265.39,0.00,28314.63,78.60,0.00,0.00
194,1024,14166.09,226589.35,198262.18,0.00,28327.17,78.60,0.00,0.00
195,1024,14159.33,226512.21,198189.55,0.00,28322.65,78.60,0.00,0.00
196,1024,14145.91,226533.59,198229.77,0.00,28303.82,78.60,0.00,0.00
197,1024,14164.67,226442.66,198129.33,0.00,28313.33,78.60,0.00,0.00
198,1024,14151.85,226526.54,198221.85,0.00,28304.69,78.60,0.00,0.00
199,1024,14161.60,226521.54,198195.34,0.00,28326.19,78.60,0.00,0.00
200,1024,14159.85,226671.63,198344.93,0.00,28326.70,78.60,0.00,0.00
201,1024,14152.61,226426.72,198123.51,0.00,28303.22,78.60,0.00,0.00
202,1024,14181.60,226577.66,198227.45,0.00,28350.21,80.03,0.00,0.00
203,1024,14155.32,226543.05,198230.42,0.00,28312.63,78.60,0.00,0.00
204,1024,14138.75,226456.98,198158.48,0.00,28298.50,78.60,0.00,0.00
205,1024,15852.07,253471.15,221773.01,0.00,31698.14,235.74,0.00,0.00
206,1024,14367.01,229808.14,201084.12,0.00,28724.02,116.80,0.00,0.00
207,1024,14161.43,226755.87,198440.01,0.00,28315.86,80.03,0.00,0.00
208,1024,14160.00,226550.02,198221.02,0.00,28329.00,78.60,0.00,0.00
209,1024,14159.77,226539.35,198217.81,0.00,28321.54,78.60,0.00,0.00
210,1024,14165.65,226515.44,198192.14,0.00,28323.31,80.03,0.00,0.00
211,1024,14142.48,226530.74,198233.77,0.00,28296.97,78.60,0.00,0.00
212,1024,14170.75,226561.04,198221.54,0.00,28339.50,78.60,0.00,0.00
213,1024,14148.02,226454.25,198162.21,0.00,28292.04,78.60,0.00,0.00
214,1024,14156.28,226567.54,198257.98,0.00,28309.57,78.60,0.00,0.00
215,1024,14150.93,226505.92,198198.06,0.00,28307.86,78.60,0.00,0.00
216,1024,14173.01,226588.13,198242.12,0.00,28346.02,78.60,0.00,0.00
217,1024,14148.18,226442.87,198154.51,0.00,28288.36,78.60,0.00,0.00
218,1024,14185.98,226648.80,198276.84,0.00,28371.97,78.60,0.00,0.00
219,1024,14145.71,226595.48,198295.05,0.00,28300.43,78.60,0.00,0.00
220,1024,14165.10,226540.61,198217.41,0.00,28323.20,78.60,0.00,0.00
221,1024,15976.98,255810.73,223841.76,0.00,31968.97,257.95,0.00,0.00
222,1024,14270.33,228248.32,199717.65,0.00,28530.66,87.56,0.00,0.00
223,1024,14161.17,226630.72,198307.38,0.00,28323.34,80.03,0.00,0.00
224,1024,14158.98,226526.70,198206.73,0.00,28319.96,78.60,0.00,0.00
225,1024,14159.97,226555.59,198242.64,0.00,28312.95,78.60,0.00,0.00
226,1024,14164.49,226502.92,198175.93,0.00,28326.99,78.60,0.00,0.00
227,1024,14162.06,226600.02,198275.89,0.00,28324.13,80.03,0.00,0.00
228,1024,14151.30,226562.87,198262.26,0.00,28300.61,78.60,0.00,0.00
229,1024,14166.79,226570.60,198235.03,0.00,28335.57,78.60,0.00,0.00
230,1024,14151.91,226530.58,198228.76,0.00,28301.82,80.03,0.00,0.00
231,1024,14163.20,226535.12,198206.73,0.00,28328.39,80.03,0.00,0.00
232,1024,14155.54,226493.57,198174.50,0.00,28319.07,80.03,0.00,0.00
233,1024,14147.12,226485.98,198199.73,0.00,28286.25,78.60,0.00,0.00
234,1024,14161.02,226488.36,198166.31,0.00,28322.05,78.60,0.00,0.00
235,1024,14153.61,226555.68,198241.47,0.00,28314.21,78.60,0.00,0.00
236,1024,14159.88,226341.97,198026.22,0.00,28315.75,80.03,0.00,0.00
237,1024,14131.68,226257.95,197997.58,0.00,28260.37,78.60,0.00,0.00
238,1024,14165.90,226582.37,198249.57,0.00,28332.80,80.03,0.00,0.00
239,1024,14171.14,226585.27,198243.98,0.00,28341.28,78.60,0.00,0.00
240,1024,14147.88,226510.02,198209.27,0.00,28300.75,78.60,0.00,0.00
241,1024,14162.27,226495.29,198169.75,0.00,28325.54,78.60,0.00,0.00
242,1024,14157.02,226642.40,198327.35,0.00,28315.05,78.60,0.00,0.00
243,1024,14152.00,226478.95,198174.96,0.00,28303.99,78.60,0.00,0.00
244,1024,14174.09,226532.41,198190.24,0.00,28342.18,78.60,0.00,0.00
245,1024,14145.02,226570.32,198267.28,0.00,28303.04,78.60,0.00,0.00
246,1024,14161.78,226504.51,198194.95,0.00,28309.56,78.60,0.00,0.00
247,1024,14163.21,226496.30,198171.89,0.00,28324.41,78.60,0.00,0.00
248,1024,14419.13,229953.02,201112.76,0.00,28840.27,80.03,0.00,0.00
249,1024,15710.56,252193.88,220773.76,0.00,31420.12,248.83,0.00,0.00
250,1024,14188.22,227088.47,198714.04,0.00,28374.43,80.03,0.00,0.00
251,1024,14163.80,226525.82,198188.22,0.00,28337.60,78.60,0.00,0.00
252,1024,14165.09,226575.44,198255.26,0.00,28320.18,78.60,0.00,0.00
253,1024,14160.02,226538.33,198213.29,0.00,28325.04,78.60,0.00,0.00
254,1024,14166.33,226597.36,198268.69,0.00,28328.67,78.60,0.00,0.00
255,1024,14151.88,226554.09,198249.33,0.00,28304.76,78.60,0.00,0.00
256,1024,14154.91,226499.57,198181.75,0.00,28317.82,78.60,0.00,0.00
257,1024,16059.91,257047.57,224926.74,0.00,32120.82,267.41,0.00,0.00
258,1024,14289.74,228561.82,199985.34,0.00,28576.48,86.00,0.00,0.00
259,1024,14228.16,227446.52,198988.21,0.00,28458.32,82.96,0.00,0.00
260,1024,14131.66,226482.50,198228.19,0.00,28254.31,78.60,0.00,0.00
261,1024,14166.34,226475.40,198137.73,0.00,28337.67,78.60,0.00,0.00
262,1024,14149.93,226585.89,198280.03,0.00,28305.86,80.03,0.00,0.00
263,1024,14157.93,226497.87,198185.01,0.00,28312.86,78.60,0.00,0.00
264,1024,14173.23,226630.72,198289.25,0.00,28341.46,78.60,0.00,0.00
265,1024,14152.65,226597.42,198285.11,0.00,28312.30,78.60,0.00,0.00
266,1024,14166.62,226512.95,198188.71,0.00,28324.24,78.60,0.00,0.00
267,1024,14146.77,226519.30,198222.76,0.00,28296.53,78.60,0.00,0.00
268,1024,14169.48,226593.66,198253.70,0.00,28339.96,78.60,0.00,0.00
269,1024,14146.72,226509.45,198211.02,0.00,28298.43,78.60,0.00,0.00
270,1024,14169.39,226651.17,198319.40,0.00,28331.77,78.60,0.00,0.00
271,1024,14160.40,226528.47,198198.66,0.00,28329.81,78.60,0.00,0.00
272,1024,14168.22,226534.51,198200.07,0.00,28334.43,80.03,0.00,0.00
273,1024,14155.05,226533.82,198224.71,0.00,28309.10,80.03,0.00,0.00
274,1024,14154.12,226533.93,198240.69,0.00,28293.24,78.60,0.00,0.00
275,1024,14152.34,226600.38,198284.71,0.00,28315.67,78.60,0.00,0.00
276,1024,14176.35,226469.65,198107.95,0.00,28361.71,80.03,0.00,0.00
277,1024,16702.82,266502.06,233099.43,0.00,33402.63,287.38,0.00,0.00
278,1024,14538.80,233459.71,204384.11,0.00,29075.60,132.49,0.00,0.00
279,1024,14251.99,227991.87,199491.88,0.00,28499.98,92.42,0.00,0.00
280,1024,14168.01,226722.13,198386.11,0.00,28336.02,80.03,0.00,0.00
281,1024,14142.00,226449.99,198167.99,0.00,28282.00,78.60,0.00,0.00
282,1024,14178.27,226505.25,198150.72,0.00,28354.53,78.60,0.00,0.00
283,1024,14139.45,226521.14,198234.25,0.00,28286.89,78.60,0.00,0.00
284,1024,14162.64,226551.17,198228.90,0.00,28322.27,78.60,0.00,0.00
285,1024,14168.69,226554.01,198218.63,0.00,28335.38,78.60,0.00,0.00
286,1024,14145.08,226476.35,198186.18,0.00,28290.17,78.60,0.00,0.00
287,1024,14150.28,226504.45,198194.89,0.00,28309.56,78.60,0.00,0.00
288,1024,14163.81,226572.90,198250.29,0.00,28322.61,78.60,0.00,0.00
289,1024,14163.96,226476.39,198153.46,0.00,28322.92,78.60,0.00,0.00
290,1024,14163.54,226547.63,198217.55,0.00,28330.08,78.60,0.00,0.00
291,1024,14149.76,226487.15,198196.63,0.00,28290.52,78.60,0.00,0.00
292,1024,14149.48,226507.73,198211.77,0.00,28295.96,78.60,0.00,0.00
293,1024,15938.70,254739.16,222855.77,0.00,31883.39,253.35,0.00,0.00
294,1024,14323.11,229479.71,200823.49,0.00,28656.22,112.67,0.00,0.00
295,1024,14168.74,226524.90,198188.41,0.00,28336.49,78.60,0.00,0.00
296,1024,14181.05,227065.88,198704.77,0.00,28361.11,80.03,0.00,0.00
297,1024,14163.37,226575.93,198252.19,0.00,28323.74,78.60,0.00,0.00
298,1024,14163.11,226628.83,198294.60,0.00,28334.23,78.60,0.00,0.00
299,1024,14151.21,226496.44,198201.01,0.00,28295.43,78.60,0.00,0.00
300,1024,14009.67,223612.29,195713.60,0.00,27898.69,78.60,0.00,0.00
SQL statistics:
    queries performed:
        read:                            60008326
        write:                           0
        other:                           8572618
        total:                           68580944
    transactions:                        4286309 (14279.28 per sec.)
    queries:                             68580944 (228468.45 per sec.)
    ignored errors:                      0      (0.00 per sec.)
    reconnects:                          0      (0.00 per sec.)

General statistics:
    total time:                          300.1754s
    total number of events:              4286309

Latency (ms):
         min:                                    1.36
         avg:                                   71.68
         max:                                 1259.99
         95th percentile:                       80.03
         sum:                            307263547.15

Threads fairness:
    events (avg/stddev):           4185.8486/24.75
    execution time (avg/stddev):   300.0621/0.05

