sysbench 1.0.20 (using bundled LuaJIT 2.1.0-beta2)

Running the test with following options:
Number of threads: 16
Report intermediate results every 1 second(s)
Initializing random number generator from current time


Initializing worker threads...

Threads started!

1,16,9976.80,159778.37,139808.82,0.00,19969.55,1.93,0.00,0.00
2,16,10555.93,168903.84,147792.99,0.00,21110.85,1.76,0.00,0.00
3,16,10687.02,170979.31,149604.27,0.00,21375.04,1.70,0.00,0.00
4,16,10434.56,166931.93,146064.81,0.00,20867.12,1.82,0.00,0.00
5,16,10690.92,171074.76,149690.92,0.00,21383.85,1.67,0.00,0.00
6,16,10518.27,168314.36,147277.82,0.00,21036.55,1.82,0.00,0.00
7,16,10643.76,170303.10,149015.59,0.00,21287.51,1.73,0.00,0.00
8,16,10589.99,169436.90,148256.91,0.00,21179.99,1.76,0.00,0.00
9,16,10663.84,170619.39,149291.72,0.00,21327.67,1.67,0.00,0.00
10,16,10720.16,171506.55,150066.23,0.00,21440.32,1.64,0.00,0.00
11,16,10680.37,170883.96,149524.22,0.00,21359.75,1.67,0.00,0.00
12,16,10644.63,170340.12,149049.86,0.00,21290.27,1.73,0.00,0.00
13,16,10607.95,169738.13,148522.24,0.00,21215.89,1.73,0.00,0.00
14,16,10653.07,170416.04,149109.91,0.00,21306.13,1.73,0.00,0.00
15,16,10615.31,169835.03,148605.40,0.00,21229.63,1.76,0.00,0.00
16,16,10445.59,167158.42,146266.24,0.00,20892.18,1.82,0.00,0.00
17,16,10602.36,169609.70,148405.99,0.00,21203.71,1.73,0.00,0.00
18,16,10629.78,170072.50,148812.94,0.00,21259.56,1.73,0.00,0.00
19,16,10563.10,169017.58,147890.38,0.00,21127.20,1.79,0.00,0.00
20,16,10405.98,166497.74,145685.77,0.00,20811.97,1.86,0.00,0.00
21,16,10632.91,170098.58,148832.76,0.00,21265.82,1.70,0.00,0.00
22,16,10562.38,169071.09,147946.33,0.00,21124.76,1.76,0.00,0.00
23,16,10464.67,167375.67,146446.34,0.00,20929.33,1.86,0.00,0.00
24,16,10663.22,170646.59,149321.14,0.00,21325.45,1.67,0.00,0.00
25,16,10638.80,170210.86,148932.25,0.00,21278.61,1.67,0.00,0.00
26,16,10466.57,167437.16,146505.01,0.00,20932.14,1.82,0.00,0.00
27,16,10640.30,170249.77,148969.17,0.00,21280.60,1.64,0.00,0.00
28,16,10477.20,167642.18,146687.79,0.00,20954.40,1.82,0.00,0.00
29,16,10575.92,169223.71,148070.87,0.00,21152.84,1.70,0.00,0.00
30,16,10661.92,170607.70,149283.86,0.00,21323.84,1.64,0.00,0.00
31,16,10595.02,169525.29,148335.25,0.00,21190.04,1.76,0.00,0.00
32,16,10452.29,167212.69,146308.10,0.00,20904.59,1.79,0.00,0.00
33,16,10638.64,170218.29,148940.00,0.00,21278.29,1.64,0.00,0.00
34,16,10597.05,169566.82,148373.72,0.00,21193.10,1.64,0.00,0.00
35,16,10526.20,168390.15,147338.76,0.00,21051.39,1.73,0.00,0.00
36,16,10316.81,165085.94,144452.33,0.00,20633.62,1.86,0.00,0.00
37,16,10608.39,169696.17,148480.40,0.00,21215.77,1.67,0.00,0.00
38,16,10665.65,170679.32,149346.03,0.00,21333.29,1.61,0.00,0.00
39,16,10663.01,170610.23,149284.20,0.00,21326.03,1.64,0.00,0.00
40,16,10507.82,168101.14,147086.50,0.00,21014.64,1.76,0.00,0.00
41,16,10610.97,169806.58,148583.63,0.00,21222.95,1.67,0.00,0.00
42,16,10590.22,169448.50,148269.06,0.00,21179.44,1.73,0.00,0.00
43,16,10601.89,169602.28,148397.50,0.00,21204.79,1.73,0.00,0.00
44,16,10527.13,168438.10,147382.84,0.00,21055.26,1.76,0.00,0.00
45,16,10600.21,169623.41,148424.98,0.00,21198.43,1.67,0.00,0.00
46,16,10601.07,169635.10,148431.96,0.00,21203.14,1.67,0.00,0.00
47,16,10509.62,168120.89,147102.66,0.00,21018.24,1.82,0.00,0.00
48,16,10573.04,169144.67,147997.58,0.00,21147.08,1.73,0.00,0.00
49,16,10519.02,168321.29,147283.25,0.00,21038.04,1.76,0.00,0.00
50,16,10669.30,170717.78,149380.18,0.00,21337.60,1.64,0.00,0.00
51,16,10583.75,169372.92,148204.43,0.00,21168.49,1.76,0.00,0.00
52,16,10314.06,164993.98,144366.86,0.00,20627.12,1.86,0.00,0.00
53,16,10656.85,170497.56,149183.87,0.00,21313.70,1.64,0.00,0.00
54,16,10590.30,169459.75,148279.16,0.00,21180.59,1.70,0.00,0.00
55,16,10596.63,169553.13,148358.86,0.00,21194.27,1.73,0.00,0.00
56,16,10469.12,167452.98,146515.73,0.00,20937.25,1.79,0.00,0.00
57,16,10496.76,167991.14,146999.62,0.00,20991.52,1.76,0.00,0.00
58,16,10633.34,170138.40,148868.73,0.00,21269.68,1.67,0.00,0.00
59,16,10600.85,169607.53,148405.84,0.00,21201.69,1.73,0.00,0.00
60,16,10451.28,167235.44,146333.89,0.00,20901.55,1.82,0.00,0.00
61,16,10577.62,169230.87,148075.64,0.00,21155.23,1.70,0.00,0.00
62,16,10657.12,170491.85,149176.62,0.00,21315.23,1.67,0.00,0.00
63,16,10639.19,170253.96,148975.59,0.00,21278.37,1.70,0.00,0.00
64,16,10469.67,167515.70,146577.36,0.00,20938.34,1.79,0.00,0.00
65,16,10634.19,170146.99,148877.61,0.00,21269.37,1.67,0.00,0.00
66,16,10406.83,166510.33,145699.67,0.00,20810.67,1.82,0.00,0.00
67,16,10573.24,169178.88,148029.40,0.00,21149.49,1.76,0.00,0.00
68,16,10125.95,162007.25,141756.35,0.00,20250.91,1.89,0.00,0.00
69,16,10570.23,169085.62,147945.17,0.00,21140.45,1.73,0.00,0.00
70,16,10643.10,170337.53,149050.34,0.00,21287.19,1.64,0.00,0.00
71,16,10556.67,168898.67,147786.34,0.00,21112.33,1.79,0.00,0.00
72,16,10513.40,168206.48,147178.67,0.00,21027.81,1.79,0.00,0.00
73,16,10629.35,170047.54,148789.85,0.00,21257.69,1.70,0.00,0.00
74,16,10494.30,167927.75,146938.16,0.00,20989.59,1.79,0.00,0.00
75,16,10399.68,166394.86,145595.50,0.00,20799.36,1.82,0.00,0.00
76,16,10555.93,168883.90,147772.04,0.00,21111.86,1.76,0.00,0.00
77,16,10618.69,169951.11,148713.72,0.00,21237.39,1.70,0.00,0.00
78,16,10449.75,167158.93,146259.44,0.00,20899.49,1.82,0.00,0.00
79,16,10570.88,169137.08,147996.32,0.00,21140.76,1.76,0.00,0.00
80,16,10689.99,171032.89,149652.90,0.00,21379.99,1.64,0.00,0.00
81,16,10606.19,169683.09,148469.71,0.00,21213.39,1.73,0.00,0.00
82,16,10598.13,169571.04,148375.78,0.00,21195.25,1.73,0.00,0.00
83,16,10701.71,171255.36,149850.94,0.00,21404.42,1.67,0.00,0.00
84,16,10658.89,170546.28,149228.49,0.00,21317.78,1.67,0.00,0.00
85,16,10625.04,170012.66,148762.57,0.00,21250.08,1.73,0.00,0.00
86,16,10636.30,170153.75,148881.16,0.00,21272.59,1.73,0.00,0.00
87,16,10638.16,170227.59,148951.27,0.00,21276.32,1.73,0.00,0.00
88,16,10322.84,165129.38,144483.71,0.00,20645.67,1.86,0.00,0.00
89,16,10552.72,168870.45,147765.02,0.00,21105.43,1.82,0.00,0.00
90,16,10648.11,170367.76,149071.54,0.00,21296.22,1.70,0.00,0.00
91,16,10699.28,171222.50,149824.94,0.00,21397.56,1.67,0.00,0.00
92,16,10527.69,168450.02,147393.64,0.00,21056.38,1.82,0.00,0.00
93,16,10537.82,168565.12,147491.48,0.00,21073.64,1.82,0.00,0.00
94,16,10661.03,170566.52,149242.45,0.00,21324.06,1.73,0.00,0.00
95,16,10599.79,169593.60,148394.02,0.00,21199.57,1.76,0.00,0.00
96,16,10715.46,171478.32,150048.40,0.00,21429.91,1.64,0.00,0.00
97,16,10669.81,170679.99,149340.36,0.00,21339.62,1.70,0.00,0.00
98,16,10641.94,170296.11,149012.22,0.00,21283.89,1.73,0.00,0.00
99,16,10681.66,170878.56,149515.24,0.00,21363.32,1.73,0.00,0.00
100,16,10553.20,168892.16,147784.77,0.00,21107.40,1.79,0.00,0.00
101,16,10727.66,171634.64,150179.31,0.00,21455.33,1.64,0.00,0.00
102,16,10696.64,171163.28,149769.99,0.00,21393.28,1.73,0.00,0.00
103,16,10620.93,169935.88,148694.02,0.00,21241.86,1.73,0.00,0.00
104,16,10646.23,170271.70,148980.24,0.00,21291.46,1.73,0.00,0.00
105,16,10568.81,169113.97,147976.35,0.00,21137.62,1.79,0.00,0.00
106,16,10731.95,171737.26,150272.35,0.00,21464.91,1.64,0.00,0.00
107,16,10582.01,169284.16,148123.14,0.00,21161.02,1.79,0.00,0.00
108,16,10638.07,170254.07,148974.94,0.00,21279.13,1.73,0.00,0.00
109,16,10750.87,171976.92,150475.18,0.00,21501.74,1.61,0.00,0.00
110,16,10725.85,171631.56,150179.86,0.00,21451.69,1.64,0.00,0.00
111,16,10692.20,171066.14,149682.75,0.00,21383.39,1.70,0.00,0.00
112,16,10597.96,169600.43,148403.50,0.00,21196.93,1.79,0.00,0.00
113,16,10693.04,171062.57,149676.50,0.00,21386.07,1.73,0.00,0.00
114,16,10645.97,170329.55,149038.60,0.00,21290.94,1.76,0.00,0.00
115,16,10537.22,168638.51,147563.07,0.00,21075.44,1.82,0.00,0.00
116,16,10634.94,170128.10,148858.21,0.00,21269.89,1.76,0.00,0.00
117,16,10709.78,171372.50,149953.94,0.00,21418.56,1.70,0.00,0.00
118,16,10630.22,170055.58,148795.13,0.00,21260.45,1.76,0.00,0.00
119,16,10657.27,170525.28,149209.75,0.00,21315.54,1.76,0.00,0.00
120,16,10709.42,171328.71,149909.87,0.00,21418.84,1.73,0.00,0.00
121,16,10746.16,171925.64,150433.31,0.00,21492.33,1.64,0.00,0.00
122,16,10711.86,171453.69,150029.98,0.00,21423.71,1.73,0.00,0.00
123,16,10793.21,172676.34,151090.92,0.00,21585.42,1.64,0.00,0.00
124,16,10741.87,171873.90,150389.17,0.00,21484.74,1.70,0.00,0.00
125,16,10671.93,170727.84,149384.98,0.00,21342.85,1.73,0.00,0.00
126,16,10706.06,171300.00,149886.87,0.00,21413.12,1.76,0.00,0.00
127,16,10657.96,170529.43,149213.50,0.00,21315.93,1.76,0.00,0.00
128,16,10703.22,171247.52,149841.08,0.00,21406.44,1.73,0.00,0.00
129,16,10779.80,172488.75,150929.16,0.00,21559.59,1.64,0.00,0.00
130,16,10739.02,171827.26,150349.22,0.00,21478.03,1.73,0.00,0.00
131,16,10637.49,170216.79,148942.81,0.00,21273.97,1.76,0.00,0.00
132,16,10654.57,170452.18,149142.04,0.00,21310.15,1.76,0.00,0.00
133,16,10659.91,170550.62,149230.79,0.00,21319.83,1.76,0.00,0.00
134,16,10788.19,172618.01,151041.63,0.00,21576.38,1.61,0.00,0.00
135,16,10562.83,169012.20,147886.55,0.00,21125.65,1.82,0.00,0.00
136,16,10617.47,169851.48,148617.54,0.00,21233.94,1.79,0.00,0.00
137,16,10659.66,170568.55,149250.23,0.00,21318.32,1.76,0.00,0.00
138,16,10758.00,172134.01,150616.01,0.00,21518.00,1.70,0.00,0.00
139,16,10610.40,169786.33,148565.54,0.00,21220.79,1.79,0.00,0.00
140,16,10590.49,169425.83,148245.85,0.00,21179.98,1.79,0.00,0.00
141,16,10605.09,169696.40,148484.22,0.00,21212.17,1.76,0.00,0.00
142,16,10633.02,170106.32,148841.28,0.00,21265.04,1.79,0.00,0.00
143,16,10655.84,170502.51,149192.82,0.00,21309.69,1.79,0.00,0.00
144,16,10672.11,170775.81,149429.58,0.00,21346.23,1.73,0.00,0.00
145,16,10653.80,170453.81,149147.21,0.00,21306.60,1.73,0.00,0.00
146,16,10774.10,172368.55,150819.36,0.00,21549.19,1.64,0.00,0.00
147,16,10702.03,171223.43,149820.37,0.00,21403.05,1.73,0.00,0.00
148,16,10555.38,168901.06,147789.30,0.00,21111.76,1.79,0.00,0.00
149,16,10821.95,173125.21,151483.31,0.00,21641.90,1.61,0.00,0.00
150,16,10660.06,170580.92,149259.80,0.00,21321.11,1.76,0.00,0.00
151,16,10552.11,168830.79,147726.57,0.00,21104.22,1.79,0.00,0.00
152,16,10722.58,171535.28,150089.12,0.00,21446.16,1.73,0.00,0.00
153,16,10835.14,173384.26,151713.98,0.00,21670.28,1.61,0.00,0.00
154,16,10818.19,173058.96,151422.59,0.00,21636.37,1.64,0.00,0.00
155,16,10711.65,171417.34,149994.04,0.00,21423.29,1.73,0.00,0.00
156,16,10591.25,169474.02,148291.52,0.00,21182.50,1.79,0.00,0.00
157,16,10728.09,171647.36,150191.19,0.00,21456.17,1.73,0.00,0.00
158,16,10859.73,173765.65,152046.20,0.00,21719.46,1.58,0.00,0.00
159,16,10803.12,172826.97,151220.72,0.00,21606.25,1.67,0.00,0.00
160,16,10601.81,169631.91,148429.30,0.00,21202.61,1.79,0.00,0.00
161,16,10725.69,171599.00,150147.62,0.00,21451.38,1.70,0.00,0.00
162,16,10660.30,170597.85,149276.24,0.00,21321.61,1.82,0.00,0.00
163,16,10543.97,168666.54,147578.60,0.00,21087.94,1.86,0.00,0.00
164,16,10718.36,171494.68,150057.97,0.00,21436.71,1.73,0.00,0.00
165,16,10760.69,172187.05,150666.67,0.00,21520.38,1.67,0.00,0.00
166,16,10634.14,170121.28,148853.99,0.00,21267.28,1.79,0.00,0.00
167,16,10577.85,169267.63,148109.92,0.00,21157.70,1.82,0.00,0.00
168,16,10726.13,171634.14,150181.87,0.00,21452.27,1.73,0.00,0.00
169,16,10811.89,172975.22,151351.44,0.00,21623.78,1.67,0.00,0.00
170,16,10869.03,173898.45,152162.40,0.00,21736.06,1.58,0.00,0.00
171,16,10690.69,171027.03,149644.65,0.00,21382.38,1.76,0.00,0.00
172,16,10750.23,172035.73,150535.27,0.00,21500.47,1.70,0.00,0.00
173,16,10727.10,171639.60,150184.40,0.00,21455.20,1.73,0.00,0.00
174,16,10650.26,170416.20,149115.67,0.00,21300.52,1.76,0.00,0.00
175,16,10577.93,169229.82,148074.97,0.00,21154.85,1.82,0.00,0.00
176,16,10694.71,171118.36,149727.94,0.00,21390.42,1.76,0.00,0.00
177,16,10800.92,172822.77,151220.93,0.00,21601.85,1.64,0.00,0.00
178,16,10770.52,172289.40,150749.35,0.00,21540.05,1.70,0.00,0.00
179,16,10768.77,172340.37,150801.82,0.00,21538.55,1.73,0.00,0.00
180,16,10399.00,166377.98,145579.98,0.00,20798.00,1.86,0.00,0.00
181,16,10839.69,173429.00,151749.62,0.00,21679.37,1.61,0.00,0.00
182,16,10819.36,173103.76,151465.04,0.00,21638.72,1.64,0.00,0.00
183,16,10769.16,172332.51,150794.19,0.00,21538.31,1.70,0.00,0.00
184,16,10713.61,171362.78,149937.56,0.00,21425.22,1.73,0.00,0.00
185,16,10821.39,173188.18,151543.41,0.00,21644.77,1.61,0.00,0.00
186,16,10703.67,171263.71,149856.37,0.00,21407.34,1.73,0.00,0.00
187,16,10602.91,169645.59,148439.77,0.00,21205.82,1.79,0.00,0.00
188,16,10667.10,170708.68,149374.47,0.00,21334.21,1.73,0.00,0.00
189,16,10762.93,172144.82,150618.97,0.00,21525.85,1.67,0.00,0.00
190,16,10824.12,173189.88,151541.64,0.00,21648.23,1.61,0.00,0.00
191,16,10791.15,172655.36,151073.06,0.00,21582.29,1.64,0.00,0.00
192,16,10671.62,170784.85,149441.62,0.00,21343.23,1.76,0.00,0.00
193,16,10754.27,172037.30,150528.76,0.00,21508.54,1.73,0.00,0.00
194,16,10827.80,173267.78,151612.18,0.00,21655.60,1.61,0.00,0.00
195,16,10766.20,172227.21,150694.81,0.00,21532.40,1.70,0.00,0.00
196,16,10681.93,170905.87,149543.01,0.00,21362.86,1.76,0.00,0.00
197,16,10757.22,172128.59,150614.14,0.00,21514.45,1.67,0.00,0.00
198,16,10692.55,171097.86,149712.75,0.00,21385.11,1.76,0.00,0.00
199,16,10570.11,169135.84,147994.61,0.00,21141.23,1.82,0.00,0.00
200,16,10211.26,163332.10,142911.59,0.00,20420.51,1.86,0.00,0.00
201,16,10789.11,172653.82,151073.60,0.00,21580.23,1.70,0.00,0.00
202,16,10705.60,171258.62,149848.41,0.00,21410.20,1.76,0.00,0.00
203,16,10770.07,172347.18,150806.03,0.00,21541.15,1.70,0.00,0.00
204,16,10556.97,168883.54,147770.60,0.00,21112.94,1.79,0.00,0.00
205,16,10783.19,172550.96,150983.59,0.00,21567.37,1.67,0.00,0.00
206,16,10721.74,171547.80,150104.32,0.00,21443.47,1.76,0.00,0.00
207,16,10444.88,167124.03,146234.27,0.00,20889.75,1.86,0.00,0.00
208,16,10806.11,172880.72,151270.51,0.00,21610.22,1.64,0.00,0.00
209,16,10838.00,173437.01,151761.01,0.00,21676.00,1.64,0.00,0.00
210,16,10778.47,172454.59,150895.64,0.00,21558.95,1.73,0.00,0.00
211,16,10704.73,171263.68,149854.22,0.00,21409.46,1.76,0.00,0.00
212,16,10749.11,171967.78,150471.56,0.00,21496.22,1.70,0.00,0.00
213,16,10831.87,173303.90,151638.17,0.00,21665.74,1.67,0.00,0.00
214,16,10842.05,173503.82,151819.72,0.00,21684.10,1.64,0.00,0.00
215,16,10737.79,171766.68,150292.10,0.00,21474.58,1.76,0.00,0.00
216,16,10772.05,172373.72,150828.63,0.00,21545.09,1.70,0.00,0.00
217,16,10754.01,172071.12,150563.11,0.00,21508.02,1.70,0.00,0.00
218,16,10805.18,172882.85,151272.49,0.00,21610.36,1.73,0.00,0.00
219,16,10818.57,173087.06,151449.93,0.00,21637.13,1.70,0.00,0.00
220,16,10685.34,170962.41,149591.73,0.00,21370.68,1.76,0.00,0.00
221,16,10856.96,173717.31,152003.40,0.00,21713.91,1.61,0.00,0.00
222,16,10868.99,173919.90,152181.91,0.00,21737.99,1.61,0.00,0.00
223,16,10801.29,172832.72,151230.13,0.00,21602.59,1.70,0.00,0.00
224,16,10528.53,168451.45,147394.39,0.00,21057.06,1.82,0.00,0.00
225,16,10568.20,169086.19,147947.80,0.00,21138.40,1.82,0.00,0.00
226,16,10792.41,172664.53,151080.72,0.00,21583.82,1.70,0.00,0.00
227,16,10614.42,169799.66,148571.83,0.00,21227.83,1.82,0.00,0.00
228,16,10703.36,171286.80,149881.08,0.00,21405.72,1.79,0.00,0.00
229,16,10638.47,170232.50,148954.56,0.00,21277.94,1.79,0.00,0.00
230,16,10611.23,169752.65,148530.19,0.00,21222.46,1.82,0.00,0.00
231,16,10729.29,171657.65,150199.07,0.00,21458.58,1.76,0.00,0.00
232,16,10735.98,171814.68,150343.72,0.00,21470.96,1.73,0.00,0.00
233,16,10730.95,171717.22,150254.31,0.00,21462.90,1.73,0.00,0.00
234,16,10920.09,174684.46,152845.28,0.00,21839.18,1.58,0.00,0.00
235,16,10819.95,173128.13,151487.24,0.00,21640.89,1.67,0.00,0.00
236,16,10824.54,173189.70,151540.61,0.00,21649.09,1.61,0.00,0.00
237,16,10819.18,173129.88,151491.52,0.00,21638.36,1.64,0.00,0.00
238,16,10808.80,172927.75,151310.16,0.00,21617.59,1.64,0.00,0.00
239,16,10698.50,171142.97,149745.97,0.00,21397.00,1.76,0.00,0.00
240,16,10658.89,170576.29,149257.50,0.00,21318.79,1.76,0.00,0.00
241,16,10817.62,173063.86,151430.63,0.00,21633.23,1.67,0.00,0.00
242,16,10804.37,172876.93,151267.19,0.00,21609.74,1.64,0.00,0.00
243,16,10667.33,170626.35,149291.68,0.00,21334.67,1.82,0.00,0.00
244,16,10742.66,171924.53,150440.22,0.00,21484.32,1.73,0.00,0.00
245,16,10654.86,170494.72,149184.01,0.00,21310.72,1.79,0.00,0.00
246,16,10761.12,172169.92,150647.68,0.00,21522.24,1.70,0.00,0.00
247,16,10728.16,171630.55,150175.23,0.00,21455.32,1.76,0.00,0.00
248,16,10804.65,172902.37,151292.08,0.00,21610.30,1.67,0.00,0.00
249,16,10533.09,168529.46,147463.27,0.00,21066.18,1.82,0.00,0.00
250,16,10774.28,172400.49,150851.93,0.00,21548.56,1.70,0.00,0.00
251,16,10859.09,173721.50,152004.32,0.00,21717.19,1.61,0.00,0.00
252,16,10747.03,171911.53,150417.46,0.00,21494.07,1.76,0.00,0.00
253,16,10810.31,172982.00,151362.38,0.00,21619.63,1.70,0.00,0.00
254,16,10738.48,171873.61,150393.66,0.00,21479.95,1.73,0.00,0.00
255,16,10820.88,173071.13,151430.37,0.00,21640.77,1.73,0.00,0.00
256,16,10804.33,172881.21,151272.56,0.00,21608.65,1.73,0.00,0.00
257,16,10779.11,172447.70,150890.49,0.00,21557.21,1.70,0.00,0.00
258,16,10659.47,170581.50,149262.57,0.00,21318.94,1.79,0.00,0.00
259,16,10673.01,170778.15,149431.13,0.00,21347.02,1.79,0.00,0.00
260,16,10816.13,173052.10,151419.84,0.00,21632.26,1.70,0.00,0.00
261,16,10795.79,172713.65,151123.07,0.00,21590.58,1.70,0.00,0.00
262,16,10801.16,172805.61,151202.28,0.00,21603.33,1.73,0.00,0.00
263,16,10813.21,173025.30,151398.89,0.00,21626.41,1.73,0.00,0.00
264,16,10772.80,172386.80,150841.20,0.00,21545.60,1.70,0.00,0.00
265,16,10875.81,174024.95,152272.33,0.00,21752.62,1.61,0.00,0.00
266,16,10810.14,172954.22,151334.94,0.00,21619.28,1.67,0.00,0.00
267,16,10645.95,170331.15,149039.26,0.00,21291.89,1.79,0.00,0.00
268,16,10714.11,171417.74,149990.53,0.00,21427.22,1.79,0.00,0.00
269,16,10826.93,173226.88,151572.02,0.00,21654.86,1.64,0.00,0.00
270,16,10789.97,172639.52,151059.58,0.00,21579.94,1.70,0.00,0.00
271,16,10814.24,173039.89,151413.41,0.00,21626.49,1.67,0.00,0.00
272,16,10813.63,173024.09,151394.82,0.00,21629.26,1.64,0.00,0.00
273,16,10839.35,173402.56,151723.86,0.00,21678.70,1.64,0.00,0.00
274,16,10674.15,170794.33,149447.04,0.00,21347.29,1.76,0.00,0.00
275,16,10621.57,169951.13,148707.99,0.00,21243.14,1.82,0.00,0.00
276,16,10769.85,172302.55,150762.86,0.00,21539.69,1.70,0.00,0.00
277,16,10878.64,174074.20,152316.93,0.00,21757.28,1.61,0.00,0.00
278,16,10895.16,174322.60,152531.28,0.00,21791.33,1.58,0.00,0.00
279,16,10812.93,173010.84,151385.99,0.00,21624.86,1.70,0.00,0.00
280,16,10756.37,172097.84,150585.11,0.00,21512.73,1.70,0.00,0.00
281,16,10803.94,172853.98,151245.11,0.00,21608.87,1.70,0.00,0.00
282,16,10516.38,168270.12,147237.36,0.00,21032.77,1.82,0.00,0.00
283,16,10813.43,173001.82,151376.97,0.00,21624.85,1.67,0.00,0.00
284,16,10726.90,171664.33,150208.54,0.00,21455.79,1.76,0.00,0.00
285,16,10685.91,170971.59,149599.77,0.00,21371.82,1.79,0.00,0.00
286,16,10848.46,173586.43,151889.50,0.00,21696.93,1.61,0.00,0.00
287,16,10830.53,173242.56,151582.49,0.00,21660.07,1.64,0.00,0.00
288,16,10542.49,168674.86,147589.87,0.00,21084.98,1.82,0.00,0.00
289,16,10779.44,172489.02,150929.14,0.00,21559.88,1.73,0.00,0.00
290,16,10615.70,169852.13,148620.74,0.00,21231.39,1.82,0.00,0.00
291,16,10765.13,172237.11,150706.85,0.00,21530.26,1.76,0.00,0.00
292,16,10799.90,172798.35,151199.55,0.00,21598.79,1.70,0.00,0.00
293,16,10894.16,174311.58,152522.25,0.00,21789.32,1.58,0.00,0.00
294,16,10832.96,173306.30,151643.38,0.00,21662.91,1.67,0.00,0.00
295,16,10643.28,170329.47,149039.92,0.00,21289.56,1.79,0.00,0.00
296,16,10470.04,167509.66,146570.58,0.00,20939.08,1.82,0.00,0.00
297,16,10670.11,170683.80,149344.58,0.00,21339.22,1.79,0.00,0.00
298,16,10891.57,174284.16,152499.01,0.00,21785.14,1.61,0.00,0.00
299,16,10717.97,171498.53,150063.59,0.00,21434.94,1.76,0.00,0.00
300,16,10853.92,173648.69,151940.85,0.00,21707.84,1.64,0.00,0.00
301,16,10512.26,168167.16,147143.64,0.00,21023.52,1.86,0.00,0.00
302,16,10893.21,174346.43,152558.00,0.00,21788.43,1.61,0.00,0.00
303,16,10810.93,172917.81,151296.96,0.00,21620.85,1.73,0.00,0.00
304,16,10702.63,171311.09,149905.83,0.00,21405.26,1.79,0.00,0.00
305,16,10745.26,171907.20,150416.67,0.00,21490.52,1.76,0.00,0.00
306,16,10760.87,172180.92,150658.18,0.00,21522.74,1.73,0.00,0.00
307,16,10748.27,171969.32,150472.78,0.00,21496.54,1.73,0.00,0.00
308,16,10707.82,171319.08,149906.44,0.00,21412.63,1.79,0.00,0.00
309,16,10843.74,173498.77,151808.30,0.00,21690.47,1.64,0.00,0.00
310,16,10853.92,173678.69,151970.85,0.00,21707.84,1.64,0.00,0.00
311,16,10612.48,169811.62,148586.66,0.00,21224.95,1.82,0.00,0.00
312,16,10676.66,170780.54,149427.23,0.00,21353.32,1.76,0.00,0.00
313,16,10698.89,171222.17,149825.40,0.00,21396.77,1.73,0.00,0.00
314,16,10745.30,171938.76,150447.17,0.00,21491.60,1.76,0.00,0.00
315,16,10723.80,171529.74,150083.15,0.00,21446.59,1.79,0.00,0.00
316,16,10596.04,169556.59,148363.52,0.00,21193.07,1.82,0.00,0.00
317,16,10676.55,170831.80,149478.70,0.00,21353.10,1.79,0.00,0.00
318,16,10878.53,174045.54,152288.47,0.00,21757.07,1.64,0.00,0.00
319,16,10698.89,171188.30,149791.52,0.00,21396.79,1.79,0.00,0.00
320,16,10551.03,168826.55,147724.48,0.00,21102.07,1.82,0.00,0.00
321,16,10775.01,172384.17,150833.15,0.00,21551.02,1.70,0.00,0.00
322,16,10607.31,169732.94,148517.32,0.00,21215.62,1.82,0.00,0.00
323,16,10545.38,168717.07,147627.31,0.00,21089.76,1.82,0.00,0.00
324,16,10731.13,171705.05,150242.79,0.00,21462.26,1.73,0.00,0.00
325,16,10659.12,170534.94,149217.70,0.00,21317.24,1.79,0.00,0.00
326,16,10831.83,173289.28,151626.62,0.00,21662.66,1.67,0.00,0.00
327,16,10714.41,171443.51,150012.70,0.00,21430.81,1.76,0.00,0.00
328,16,10710.50,171399.07,149979.06,0.00,21420.01,1.76,0.00,0.00
329,16,10842.07,173465.18,151780.03,0.00,21685.15,1.64,0.00,0.00
330,16,10718.41,171497.49,150060.68,0.00,21436.81,1.76,0.00,0.00
331,16,10774.18,172377.83,150829.48,0.00,21548.35,1.70,0.00,0.00
332,16,10651.74,170430.87,149127.38,0.00,21303.48,1.79,0.00,0.00
333,16,10707.80,171291.83,149876.23,0.00,21415.60,1.76,0.00,0.00
334,16,10699.25,171198.92,149801.43,0.00,21397.49,1.73,0.00,0.00
335,16,10727.96,171632.32,150176.41,0.00,21455.91,1.82,0.00,0.00
336,16,10802.04,172868.56,151265.49,0.00,21603.07,1.70,0.00,0.00
337,16,10789.44,172623.11,151042.22,0.00,21580.89,1.70,0.00,0.00
338,16,10829.30,173266.82,151608.22,0.00,21658.60,1.67,0.00,0.00
339,16,10913.56,174624.98,152797.86,0.00,21827.12,1.61,0.00,0.00
340,16,10827.67,173280.75,151625.41,0.00,21655.34,1.67,0.00,0.00
341,16,10833.81,173266.90,151599.28,0.00,21667.61,1.67,0.00,0.00
342,16,10822.87,173201.89,151557.16,0.00,21644.74,1.67,0.00,0.00
343,16,10576.98,169232.62,148077.67,0.00,21154.95,1.82,0.00,0.00
344,16,10469.43,167518.87,146580.01,0.00,20938.86,1.82,0.00,0.00
345,16,10705.83,171283.31,149871.65,0.00,21411.66,1.76,0.00,0.00
346,16,10843.96,173488.39,151800.46,0.00,21687.92,1.67,0.00,0.00
347,16,10763.37,172210.00,150684.25,0.00,21525.75,1.73,0.00,0.00
348,16,10798.60,172770.66,151172.45,0.00,21598.21,1.70,0.00,0.00
349,16,10827.99,173240.82,151584.84,0.00,21655.98,1.67,0.00,0.00
350,16,10743.00,171925.07,150439.06,0.00,21486.01,1.76,0.00,0.00
351,16,10693.10,171075.65,149689.44,0.00,21386.21,1.79,0.00,0.00
352,16,10683.98,170938.66,149571.70,0.00,21366.96,1.76,0.00,0.00
353,16,10800.98,172808.68,151206.72,0.00,21601.96,1.73,0.00,0.00
354,16,10774.03,172432.54,150883.47,0.00,21549.07,1.70,0.00,0.00
355,16,10682.90,170877.39,149512.60,0.00,21364.80,1.76,0.00,0.00
356,16,10700.08,171222.24,149822.08,0.00,21400.15,1.79,0.00,0.00
357,16,10857.78,173731.54,152013.98,0.00,21717.57,1.67,0.00,0.00
358,16,10818.10,173076.62,151441.41,0.00,21635.20,1.70,0.00,0.00
359,16,10813.18,173008.83,151382.47,0.00,21626.35,1.70,0.00,0.00
360,16,10688.89,171031.18,149654.41,0.00,21376.77,1.76,0.00,0.00
361,16,10912.18,174570.87,152745.51,0.00,21825.36,1.61,0.00,0.00
362,16,10856.13,173693.10,151981.83,0.00,21711.26,1.67,0.00,0.00
363,16,10828.00,173255.92,151598.93,0.00,21656.99,1.70,0.00,0.00
364,16,10875.09,174020.47,152270.28,0.00,21750.18,1.58,0.00,0.00
365,16,10903.78,174447.40,152640.85,0.00,21806.55,1.58,0.00,0.00
366,16,10906.93,174485.91,152672.05,0.00,21813.86,1.61,0.00,0.00
367,16,10561.21,169008.38,147885.95,0.00,21122.42,1.82,0.00,0.00
368,16,10640.74,170259.77,148977.30,0.00,21282.47,1.79,0.00,0.00
369,16,10768.25,172270.92,150734.43,0.00,21536.49,1.73,0.00,0.00
370,16,10825.05,173215.86,151565.75,0.00,21650.11,1.70,0.00,0.00
371,16,10579.69,169290.06,148132.68,0.00,21157.38,1.86,0.00,0.00
372,16,10829.07,173276.08,151616.95,0.00,21659.14,1.67,0.00,0.00
373,16,10800.88,172794.11,151192.35,0.00,21601.76,1.70,0.00,0.00
374,16,10767.29,172294.59,150760.01,0.00,21534.57,1.76,0.00,0.00
375,16,10722.81,171531.99,150085.37,0.00,21446.62,1.79,0.00,0.00
376,16,10732.95,171774.16,150308.26,0.00,21465.90,1.73,0.00,0.00
377,16,10828.86,173204.71,151547.99,0.00,21656.71,1.67,0.00,0.00
378,16,10711.00,171401.96,149978.96,0.00,21422.99,1.76,0.00,0.00
379,16,10711.07,171391.19,149970.04,0.00,21421.15,1.76,0.00,0.00
380,16,10714.04,171407.60,149978.53,0.00,21429.08,1.76,0.00,0.00
381,16,10793.98,172691.71,151103.74,0.00,21587.96,1.73,0.00,0.00
382,16,10880.81,174080.00,152320.38,0.00,21759.63,1.61,0.00,0.00
383,16,10917.47,174701.45,152864.52,0.00,21836.93,1.58,0.00,0.00
384,16,10690.71,171055.43,149674.00,0.00,21381.43,1.79,0.00,0.00
385,16,10865.95,173854.22,152123.32,0.00,21730.90,1.64,0.00,0.00
386,16,10865.10,173829.56,152098.36,0.00,21731.19,1.64,0.00,0.00
387,16,10795.08,172755.33,151165.16,0.00,21590.17,1.73,0.00,0.00
388,16,10864.93,173810.81,152082.96,0.00,21727.85,1.64,0.00,0.00
389,16,10843.24,173475.82,151787.34,0.00,21688.48,1.67,0.00,0.00
390,16,10820.22,173165.45,151525.02,0.00,21640.43,1.70,0.00,0.00
391,16,10716.71,171432.34,150000.92,0.00,21431.42,1.76,0.00,0.00
392,16,10721.90,171571.43,150125.62,0.00,21445.80,1.79,0.00,0.00
393,16,10774.08,172402.31,150854.15,0.00,21548.16,1.73,0.00,0.00
394,16,10913.71,174615.30,152787.89,0.00,21827.41,1.58,0.00,0.00
395,16,10678.60,170818.65,149462.45,0.00,21356.21,1.76,0.00,0.00
396,16,10566.93,169088.81,147953.96,0.00,21134.85,1.82,0.00,0.00
397,16,10865.56,173854.02,152122.89,0.00,21731.13,1.64,0.00,0.00
398,16,10867.29,173851.68,152119.10,0.00,21732.59,1.64,0.00,0.00
399,16,10749.83,172029.34,150527.67,0.00,21501.67,1.76,0.00,0.00
400,16,10738.01,171817.18,150341.16,0.00,21476.02,1.76,0.00,0.00
401,16,10783.93,172524.87,150957.01,0.00,21567.86,1.73,0.00,0.00
402,16,10886.79,174211.60,152438.03,0.00,21773.58,1.61,0.00,0.00
403,16,10563.42,168995.76,147869.92,0.00,21125.85,1.82,0.00,0.00
404,16,10680.83,170896.22,149533.57,0.00,21362.65,1.76,0.00,0.00
405,16,10606.06,169696.03,148483.90,0.00,21212.13,1.79,0.00,0.00
406,16,10810.83,172931.24,151310.58,0.00,21620.65,1.70,0.00,0.00
407,16,10840.98,173487.73,151804.77,0.00,21682.97,1.67,0.00,0.00
408,16,10808.60,172963.59,151346.39,0.00,21617.20,1.67,0.00,0.00
409,16,10820.42,173079.72,151439.88,0.00,21639.84,1.73,0.00,0.00
410,16,10710.31,171358.01,149936.38,0.00,21421.63,1.82,0.00,0.00
411,16,10727.95,171674.17,150219.27,0.00,21454.90,1.79,0.00,0.00
412,16,10806.76,172936.22,151320.69,0.00,21615.53,1.64,0.00,0.00
413,16,10868.24,173905.77,152170.30,0.00,21735.47,1.61,0.00,0.00
414,16,10875.73,173978.66,152227.20,0.00,21751.46,1.64,0.00,0.00
415,16,10675.02,170827.38,149477.34,0.00,21350.05,1.79,0.00,0.00
416,16,10659.92,170525.65,149206.82,0.00,21318.83,1.79,0.00,0.00
417,16,10820.31,173130.97,151490.35,0.00,21640.62,1.70,0.00,0.00
418,16,10851.77,173632.33,151927.79,0.00,21704.54,1.70,0.00,0.00
419,16,10668.14,170678.28,149341.99,0.00,21336.28,1.79,0.00,0.00
420,16,10570.92,169126.70,147984.86,0.00,21141.84,1.82,0.00,0.00
421,16,10837.32,173424.15,151749.51,0.00,21674.64,1.67,0.00,0.00
422,16,10832.18,173310.90,151646.53,0.00,21664.36,1.67,0.00,0.00
423,16,10763.35,172213.65,150686.95,0.00,21526.71,1.76,0.00,0.00
424,16,10449.15,167173.33,146275.04,0.00,20898.29,1.82,0.00,0.00
425,16,10769.76,172299.13,150760.61,0.00,21538.52,1.73,0.00,0.00
426,16,10811.12,173018.95,151395.71,0.00,21623.24,1.70,0.00,0.00
427,16,10749.31,171961.90,150464.29,0.00,21497.61,1.73,0.00,0.00
428,16,10802.01,172820.21,151215.19,0.00,21605.03,1.70,0.00,0.00
429,16,10880.99,174102.89,152340.90,0.00,21761.99,1.61,0.00,0.00
430,16,10672.78,170782.40,149436.85,0.00,21345.55,1.79,0.00,0.00
431,16,10738.07,171802.14,150326.00,0.00,21476.14,1.76,0.00,0.00
432,16,10631.94,170095.03,148831.15,0.00,21263.88,1.79,0.00,0.00
433,16,10809.88,172962.14,151344.37,0.00,21617.77,1.70,0.00,0.00
434,16,10747.00,171927.05,150431.04,0.00,21496.01,1.79,0.00,0.00
435,16,10833.87,173362.99,151696.24,0.00,21666.75,1.67,0.00,0.00
436,16,10553.22,168858.44,147751.01,0.00,21107.43,1.82,0.00,0.00
437,16,10820.13,173117.16,151476.89,0.00,21640.27,1.70,0.00,0.00
438,16,10860.97,173795.55,152073.61,0.00,21721.94,1.67,0.00,0.00
439,16,10842.09,173472.38,151789.21,0.00,21683.17,1.70,0.00,0.00
440,16,10691.19,171053.09,149670.71,0.00,21382.39,1.79,0.00,0.00
441,16,10856.78,173716.48,152001.92,0.00,21714.56,1.67,0.00,0.00
442,16,10851.14,173581.19,151878.92,0.00,21702.27,1.67,0.00,0.00
443,16,10792.90,172737.37,151151.58,0.00,21585.80,1.76,0.00,0.00
444,16,10784.63,172536.12,150966.85,0.00,21569.26,1.73,0.00,0.00
445,16,10873.40,173955.42,152209.61,0.00,21745.80,1.64,0.00,0.00
446,16,10848.84,173612.49,151913.80,0.00,21698.69,1.67,0.00,0.00
447,16,10663.12,170568.98,149242.74,0.00,21326.25,1.82,0.00,0.00
448,16,10821.25,173172.96,151530.46,0.00,21642.50,1.70,0.00,0.00
449,16,10753.54,172053.66,150547.58,0.00,21506.08,1.73,0.00,0.00
450,16,10760.89,172155.29,150633.50,0.00,21521.79,1.73,0.00,0.00
451,16,10906.03,174524.55,152711.48,0.00,21813.07,1.61,0.00,0.00
452,16,10711.12,171367.87,149945.63,0.00,21422.23,1.76,0.00,0.00
453,16,10833.88,173380.14,151712.37,0.00,21667.77,1.67,0.00,0.00
454,16,10899.41,174320.58,152522.75,0.00,21797.82,1.61,0.00,0.00
455,16,10824.85,173240.53,151590.84,0.00,21649.69,1.70,0.00,0.00
456,16,10692.98,171064.76,149676.79,0.00,21387.97,1.79,0.00,0.00
457,16,10646.97,170345.56,149053.62,0.00,21291.95,1.79,0.00,0.00
458,16,10765.04,172177.67,150647.59,0.00,21530.08,1.73,0.00,0.00
459,16,10880.04,174146.64,152386.56,0.00,21760.08,1.61,0.00,0.00
460,16,10785.68,172589.88,151018.52,0.00,21571.36,1.73,0.00,0.00
461,16,10883.03,174090.46,152327.40,0.00,21763.06,1.58,0.00,0.00
462,16,10845.09,173517.40,151823.23,0.00,21694.18,1.67,0.00,0.00
463,16,10774.99,172462.86,150912.88,0.00,21549.98,1.73,0.00,0.00
464,16,10833.85,173287.61,151621.91,0.00,21665.70,1.70,0.00,0.00
465,16,10809.18,172982.82,151362.46,0.00,21620.35,1.70,0.00,0.00
466,16,10739.88,171828.00,150349.25,0.00,21478.75,1.73,0.00,0.00
467,16,10787.35,172615.52,151038.83,0.00,21576.69,1.73,0.00,0.00
468,16,10736.79,171772.56,150299.99,0.00,21472.57,1.76,0.00,0.00
469,16,10885.98,174149.66,152379.70,0.00,21769.96,1.58,0.00,0.00
470,16,10821.25,173157.06,151512.55,0.00,21644.51,1.70,0.00,0.00
471,16,10818.55,173103.75,151466.65,0.00,21637.09,1.70,0.00,0.00
472,16,10771.54,172346.71,150804.63,0.00,21542.09,1.73,0.00,0.00
473,16,10804.65,172872.34,151262.04,0.00,21610.29,1.67,0.00,0.00
474,16,10873.76,173983.18,152235.66,0.00,21747.52,1.64,0.00,0.00
475,16,10659.03,170522.52,149204.45,0.00,21318.06,1.79,0.00,0.00
476,16,10743.51,171915.23,150428.21,0.00,21487.03,1.73,0.00,0.00
477,16,10801.74,172807.88,151205.39,0.00,21602.48,1.70,0.00,0.00
478,16,10873.00,173966.01,152220.01,0.00,21746.00,1.61,0.00,0.00
479,16,10793.73,172734.75,151147.28,0.00,21587.47,1.73,0.00,0.00
480,16,10824.12,173154.89,151506.65,0.00,21648.24,1.70,0.00,0.00
481,16,10894.03,174323.51,152534.44,0.00,21789.06,1.61,0.00,0.00
482,16,10962.65,175406.43,153481.13,0.00,21925.30,1.58,0.00,0.00
483,16,10949.59,175167.51,153269.32,0.00,21898.19,1.58,0.00,0.00
484,16,10713.12,171396.97,149970.72,0.00,21426.25,1.76,0.00,0.00
485,16,10888.75,174235.04,152458.54,0.00,21776.51,1.61,0.00,0.00
486,16,10896.17,174362.66,152568.33,0.00,21794.33,1.61,0.00,0.00
487,16,10868.02,173875.24,152139.21,0.00,21736.03,1.67,0.00,0.00
488,16,10736.75,171755.02,150281.52,0.00,21473.50,1.76,0.00,0.00
489,16,10799.85,172833.58,151234.88,0.00,21598.70,1.70,0.00,0.00
490,16,10749.21,171959.35,150461.93,0.00,21497.42,1.76,0.00,0.00
491,16,10828.11,173263.78,151606.55,0.00,21657.22,1.67,0.00,0.00
492,16,10509.96,168173.38,147152.46,0.00,21020.92,1.82,0.00,0.00
493,16,10772.11,172396.74,150852.52,0.00,21544.22,1.70,0.00,0.00
494,16,10867.65,173843.41,152108.11,0.00,21735.30,1.67,0.00,0.00
495,16,10874.37,173986.95,152238.20,0.00,21748.74,1.64,0.00,0.00
496,16,10735.79,171795.58,150325.00,0.00,21470.57,1.73,0.00,0.00
497,16,10769.21,172284.30,150745.89,0.00,21538.41,1.73,0.00,0.00
498,16,10772.63,172345.04,150798.78,0.00,21546.25,1.73,0.00,0.00
499,16,10662.21,170629.40,149305.97,0.00,21323.42,1.79,0.00,0.00
500,16,10699.98,171180.73,149779.76,0.00,21400.97,1.76,0.00,0.00
501,16,10813.85,173009.64,151381.94,0.00,21627.70,1.70,0.00,0.00
502,16,10917.44,174705.10,152871.22,0.00,21833.89,1.58,0.00,0.00
503,16,10610.80,169746.83,148524.23,0.00,21222.60,1.79,0.00,0.00
504,16,10675.89,170782.24,149431.46,0.00,21350.78,1.76,0.00,0.00
505,16,10803.97,172909.56,151300.62,0.00,21608.95,1.70,0.00,0.00
506,16,10808.26,172939.19,151322.67,0.00,21616.52,1.70,0.00,0.00
507,16,10627.92,170040.67,148784.83,0.00,21255.83,1.82,0.00,0.00
508,16,10584.53,169403.44,148234.38,0.00,21169.06,1.82,0.00,0.00
509,16,10576.39,169191.22,148038.44,0.00,21152.78,1.82,0.00,0.00
510,16,10849.24,173590.85,151892.37,0.00,21698.48,1.67,0.00,0.00
511,16,10920.69,174728.01,152886.63,0.00,21841.38,1.58,0.00,0.00
512,16,10598.93,169541.88,148346.02,0.00,21195.86,1.82,0.00,0.00
513,16,10822.70,173177.15,151529.75,0.00,21647.39,1.70,0.00,0.00
514,16,10779.38,172505.14,150946.37,0.00,21558.77,1.73,0.00,0.00
515,16,10708.10,171315.55,149900.36,0.00,21415.19,1.76,0.00,0.00
516,16,10758.93,172143.81,150624.96,0.00,21518.85,1.76,0.00,0.00
517,16,10855.00,173648.01,151938.01,0.00,21710.00,1.67,0.00,0.00
518,16,10831.81,173353.04,151690.41,0.00,21662.63,1.67,0.00,0.00
519,16,10883.91,174097.50,152330.69,0.00,21766.81,1.67,0.00,0.00
520,16,10590.10,169446.61,148264.41,0.00,21182.20,1.79,0.00,0.00
521,16,10879.19,174073.08,152315.69,0.00,21757.38,1.58,0.00,0.00
522,16,10903.27,174486.38,152678.83,0.00,21807.55,1.61,0.00,0.00
523,16,10802.73,172858.61,151253.16,0.00,21605.45,1.73,0.00,0.00
524,16,10802.11,172809.79,151205.56,0.00,21604.22,1.70,0.00,0.00
525,16,10859.73,173720.72,152002.25,0.00,21718.46,1.64,0.00,0.00
526,16,10805.14,172898.19,151286.92,0.00,21611.27,1.70,0.00,0.00
527,16,10833.99,173356.78,151688.80,0.00,21667.97,1.70,0.00,0.00
528,16,10817.90,173071.42,151436.62,0.00,21634.80,1.70,0.00,0.00
529,16,10809.86,172953.76,151334.04,0.00,21619.72,1.70,0.00,0.00
530,16,10839.39,173463.21,151783.44,0.00,21679.78,1.70,0.00,0.00
531,16,10756.89,172083.29,150569.51,0.00,21513.79,1.76,0.00,0.00
532,16,10738.70,171816.24,150338.84,0.00,21477.41,1.73,0.00,0.00
533,16,10926.71,174855.30,153001.89,0.00,21853.41,1.58,0.00,0.00
534,16,10867.15,173831.39,152100.09,0.00,21731.30,1.67,0.00,0.00
535,16,10836.50,173409.92,151734.93,0.00,21674.99,1.70,0.00,0.00
536,16,10833.81,173290.96,151624.34,0.00,21666.62,1.67,0.00,0.00
537,16,10825.09,173240.36,151588.19,0.00,21652.17,1.67,0.00,0.00
538,16,10932.99,174930.82,153064.84,0.00,21865.98,1.58,0.00,0.00
539,16,10880.92,174086.67,152325.83,0.00,21760.83,1.70,0.00,0.00
540,16,10701.84,171234.49,149829.80,0.00,21404.69,1.76,0.00,0.00
541,16,10727.67,171668.77,150213.42,0.00,21455.35,1.76,0.00,0.00
542,16,10762.37,172199.91,150674.17,0.00,21525.74,1.73,0.00,0.00
543,16,10887.09,174168.46,152396.27,0.00,21772.18,1.67,0.00,0.00
544,16,10729.23,171667.76,150208.29,0.00,21459.47,1.76,0.00,0.00
545,16,10859.34,173721.36,152003.69,0.00,21717.67,1.64,0.00,0.00
546,16,10895.56,174318.95,152528.83,0.00,21790.12,1.64,0.00,0.00
547,16,10580.12,169308.88,148146.64,0.00,21162.23,1.82,0.00,0.00
548,16,10548.88,168773.01,147675.26,0.00,21097.75,1.82,0.00,0.00
549,16,10894.27,174344.24,152555.71,0.00,21788.53,1.58,0.00,0.00
550,16,10824.72,173168.57,151520.12,0.00,21648.45,1.70,0.00,0.00
551,16,10740.67,171870.79,150388.44,0.00,21482.35,1.79,0.00,0.00
552,16,10846.26,173519.22,151827.70,0.00,21691.53,1.64,0.00,0.00
553,16,10854.19,173679.98,151970.61,0.00,21709.37,1.61,0.00,0.00
554,16,10746.78,171939.44,150445.88,0.00,21493.55,1.73,0.00,0.00
555,16,10925.58,174825.32,152974.16,0.00,21851.17,1.58,0.00,0.00
556,16,10673.63,170793.08,149445.82,0.00,21347.26,1.79,0.00,0.00
557,16,10711.64,171347.28,149924.00,0.00,21423.29,1.76,0.00,0.00
558,16,10788.14,172640.21,151064.93,0.00,21575.28,1.70,0.00,0.00
559,16,10657.99,170546.90,149229.91,0.00,21316.99,1.82,0.00,0.00
560,16,10704.08,171244.23,149838.07,0.00,21406.15,1.79,0.00,0.00
561,16,10742.84,171866.42,150379.74,0.00,21486.68,1.76,0.00,0.00
562,16,10818.34,173119.46,151481.77,0.00,21637.68,1.67,0.00,0.00
563,16,10684.86,170899.77,149531.05,0.00,21368.72,1.79,0.00,0.00
564,16,10597.88,169604.02,148407.27,0.00,21196.75,1.82,0.00,0.00
565,16,10834.05,173370.72,151702.63,0.00,21668.09,1.70,0.00,0.00
566,16,10661.07,170560.09,149238.95,0.00,21321.14,1.82,0.00,0.00
567,16,10609.32,169750.10,148530.47,0.00,21219.64,1.79,0.00,0.00
568,16,10726.68,171600.81,150148.46,0.00,21452.35,1.79,0.00,0.00
569,16,10825.78,173229.46,151577.90,0.00,21651.56,1.70,0.00,0.00
570,16,10809.35,172983.62,151363.92,0.00,21619.70,1.70,0.00,0.00
571,16,10787.91,172587.60,151011.77,0.00,21575.82,1.73,0.00,0.00
572,16,10738.01,171793.20,150317.17,0.00,21476.02,1.76,0.00,0.00
573,16,10758.83,172107.36,150590.69,0.00,21516.67,1.73,0.00,0.00
574,16,10878.04,174072.65,152316.57,0.00,21756.08,1.67,0.00,0.00
575,16,10743.95,171922.19,150433.29,0.00,21488.90,1.79,0.00,0.00
576,16,10810.05,172953.81,151333.71,0.00,21620.10,1.70,0.00,0.00
577,16,10830.99,173293.77,151632.80,0.00,21660.97,1.70,0.00,0.00
578,16,10798.29,172784.69,151187.11,0.00,21597.59,1.73,0.00,0.00
579,16,10891.63,174277.05,152494.79,0.00,21782.26,1.64,0.00,0.00
580,16,10616.34,169843.38,148609.71,0.00,21233.67,1.82,0.00,0.00
581,16,10831.72,173286.55,151625.10,0.00,21661.44,1.67,0.00,0.00
582,16,10797.04,172746.68,151152.59,0.00,21594.08,1.73,0.00,0.00
583,16,10783.93,172577.81,151007.96,0.00,21569.85,1.73,0.00,0.00
584,16,10793.72,172703.60,151117.15,0.00,21586.45,1.70,0.00,0.00
585,16,10734.42,171733.70,150263.86,0.00,21469.84,1.76,0.00,0.00
586,16,10815.86,173072.75,151441.03,0.00,21631.72,1.70,0.00,0.00
587,16,10782.87,172498.90,150933.17,0.00,21565.74,1.73,0.00,0.00
588,16,10457.33,167340.29,146425.63,0.00,20914.66,1.82,0.00,0.00
589,16,10657.43,170488.90,149176.04,0.00,21312.86,1.82,0.00,0.00
590,16,10866.30,173899.79,152165.20,0.00,21734.60,1.67,0.00,0.00
591,16,10751.20,171994.25,150491.84,0.00,21502.41,1.73,0.00,0.00
592,16,10791.32,172665.05,151082.42,0.00,21582.63,1.70,0.00,0.00
593,16,10905.46,174480.35,152671.43,0.00,21808.92,1.58,0.00,0.00
594,16,10857.09,173708.39,151993.22,0.00,21715.17,1.67,0.00,0.00
595,16,10771.06,172346.01,150803.89,0.00,21542.13,1.76,0.00,0.00
596,16,10764.68,172273.92,150743.56,0.00,21530.37,1.73,0.00,0.00
597,16,10789.35,172621.61,151042.91,0.00,21578.70,1.70,0.00,0.00
598,16,10902.24,174398.78,152595.31,0.00,21803.47,1.61,0.00,0.00
599,16,10774.65,172399.36,150849.06,0.00,21550.29,1.70,0.00,0.00
600,16,10709.10,171366.55,149948.35,0.00,21418.19,1.79,0.00,0.00
SQL statistics:
    queries performed:
        read:                            90055070
        write:                           0
        other:                           12865010
        total:                           102920080
    transactions:                        6432505 (10720.78 per sec.)
    queries:                             102920080 (171532.44 per sec.)
    ignored errors:                      0      (0.00 per sec.)
    reconnects:                          0      (0.00 per sec.)

General statistics:
    total time:                          600.0022s
    total number of events:              6432505

Latency (ms):
         min:                                    1.19
         avg:                                    1.49
         max:                                    5.47
         95th percentile:                        1.73
         sum:                              9589457.87

Threads fairness:
    events (avg/stddev):           402031.5625/525.44
    execution time (avg/stddev):   599.3411/0.01

