sysbench 1.0.20 (using bundled LuaJIT 2.1.0-beta2)

Running the test with following options:
Number of threads: 256
Report intermediate results every 1 second(s)
Initializing random number generator from current time


Initializing worker threads...

Threads started!

1,256,14339.49,232178.25,203250.50,0.00,28927.75,59.99,0.00,0.00
2,256,15642.57,250296.19,219010.04,0.00,31286.15,18.61,0.00,0.00
3,256,15706.81,251159.97,219751.35,0.00,31408.62,18.28,0.00,0.00
4,256,15795.73,252714.68,221121.22,0.00,31593.46,18.28,0.00,0.00
5,256,15797.63,252818.11,221220.85,0.00,31597.26,18.28,0.00,0.00
6,256,15819.51,253026.18,221391.15,0.00,31635.02,18.28,0.00,0.00
7,256,15800.97,252881.49,221274.55,0.00,31606.94,17.95,0.00,0.00
8,256,15825.42,253158.79,221507.95,0.00,31650.85,17.95,0.00,0.00
9,256,15797.65,252826.36,221237.07,0.00,31589.30,17.95,0.00,0.00
10,256,15820.39,253040.28,221403.49,0.00,31636.79,17.95,0.00,0.00
11,256,15806.71,252952.28,221335.87,0.00,31616.41,17.63,0.00,0.00
12,256,15799.37,252924.98,221323.23,0.00,31601.75,17.95,0.00,0.00
13,256,15813.42,252870.80,221240.95,0.00,31629.85,17.95,0.00,0.00
14,256,15803.85,252875.65,221269.94,0.00,31605.71,17.95,0.00,0.00
15,256,15818.54,253039.60,221403.53,0.00,31636.08,17.63,0.00,0.00
16,256,15815.03,253109.45,221476.39,0.00,31633.06,17.63,0.00,0.00
17,256,15806.11,252931.78,221322.56,0.00,31609.22,17.63,0.00,0.00
18,256,15802.08,252863.26,221256.11,0.00,31607.16,17.63,0.00,0.00
19,256,15821.46,253051.36,221415.44,0.00,31635.92,17.63,0.00,0.00
20,256,15802.68,252846.93,221240.57,0.00,31606.37,17.63,0.00,0.00
21,256,15804.41,252920.55,221311.73,0.00,31608.82,17.63,0.00,0.00
22,256,15805.01,252921.22,221306.19,0.00,31615.03,17.63,0.00,0.00
23,256,15814.64,253037.24,221406.96,0.00,31630.28,17.32,0.00,0.00
24,256,15801.31,252766.94,221166.32,0.00,31600.62,17.63,0.00,0.00
25,256,15802.16,252891.62,221288.29,0.00,31603.33,17.63,0.00,0.00
26,256,15806.90,252840.37,221221.58,0.00,31618.80,17.63,0.00,0.00
27,256,15798.45,252740.16,221151.26,0.00,31588.89,17.63,0.00,0.00
28,256,15816.93,253051.95,221411.08,0.00,31640.87,17.32,0.00,0.00
29,256,15806.24,253076.78,221467.30,0.00,31609.47,17.32,0.00,0.00
30,256,15812.23,252833.61,221211.16,0.00,31622.45,17.63,0.00,0.00
31,256,15793.83,252787.27,221195.61,0.00,31591.66,17.63,0.00,0.00
32,256,15814.21,252922.41,221295.98,0.00,31626.43,17.63,0.00,0.00
33,256,15814.42,253072.65,221447.82,0.00,31624.83,17.63,0.00,0.00
34,256,15794.84,252817.44,221220.76,0.00,31596.68,17.63,0.00,0.00
35,256,15815.15,252902.43,221275.12,0.00,31627.30,17.63,0.00,0.00
36,256,15794.50,252897.00,221304.00,0.00,31593.00,17.63,0.00,0.00
37,256,15832.34,253180.44,221518.76,0.00,31661.68,17.32,0.00,0.00
38,256,15811.02,252909.32,221289.28,0.00,31620.04,17.63,0.00,0.00
39,256,15800.20,252859.15,221256.75,0.00,31602.39,17.63,0.00,0.00
40,256,15799.94,252931.13,221334.24,0.00,31596.89,17.63,0.00,0.00
41,256,15811.20,252918.25,221292.85,0.00,31625.40,17.63,0.00,0.00
42,256,15808.40,252940.45,221322.65,0.00,31617.81,17.63,0.00,0.00
43,256,15809.40,252917.38,221302.58,0.00,31614.80,17.63,0.00,0.00
44,256,15802.84,252906.39,221292.71,0.00,31613.67,17.63,0.00,0.00
45,256,15816.89,252952.20,221324.43,0.00,31627.77,17.63,0.00,0.00
46,256,15800.44,252871.98,221271.10,0.00,31600.87,17.63,0.00,0.00
47,256,15818.30,253071.76,221431.17,0.00,31640.59,17.63,0.00,0.00
48,256,15801.67,252898.73,221295.39,0.00,31603.34,17.63,0.00,0.00
49,256,15803.55,252844.73,221240.64,0.00,31604.09,17.63,0.00,0.00
50,256,15810.47,252860.62,221242.67,0.00,31617.95,17.63,0.00,0.00
51,256,15801.01,252836.23,221231.20,0.00,31605.03,17.63,0.00,0.00
52,256,15808.59,252991.48,221376.29,0.00,31615.19,17.63,0.00,0.00
53,256,15796.72,252863.57,221270.12,0.00,31593.44,17.63,0.00,0.00
54,256,15826.48,253041.73,221387.77,0.00,31653.96,17.63,0.00,0.00
55,256,15804.79,252970.62,221359.04,0.00,31611.58,17.63,0.00,0.00
56,256,15809.99,252925.86,221313.87,0.00,31611.98,17.63,0.00,0.00
57,256,15811.19,252897.09,221271.71,0.00,31625.39,17.63,0.00,0.00
58,256,15804.29,252918.63,221306.05,0.00,31612.58,17.63,0.00,0.00
59,256,15812.73,252942.75,221318.28,0.00,31624.47,17.63,0.00,0.00
60,256,15803.87,252877.89,221273.15,0.00,31604.74,17.63,0.00,0.00
61,256,15807.10,252931.58,221319.38,0.00,31612.20,17.63,0.00,0.00
62,256,15812.19,253021.05,221386.67,0.00,31634.38,17.63,0.00,0.00
63,256,15799.98,252752.69,221158.73,0.00,31593.96,17.63,0.00,0.00
64,256,15807.66,253011.51,221394.20,0.00,31617.31,17.63,0.00,0.00
65,256,15802.49,252844.88,221238.89,0.00,31605.98,17.63,0.00,0.00
66,256,15823.44,252987.15,221343.27,0.00,31643.89,17.32,0.00,0.00
67,256,15788.74,252858.88,221278.40,0.00,31580.48,17.63,0.00,0.00
68,256,15827.49,253147.87,221494.89,0.00,31652.99,17.63,0.00,0.00
69,256,15808.14,252947.19,221334.92,0.00,31612.27,17.63,0.00,0.00
70,256,15802.84,252744.41,221136.73,0.00,31607.68,17.63,0.00,0.00
71,256,15813.11,253059.72,221430.50,0.00,31629.21,17.32,0.00,0.00
72,256,15800.87,252878.95,221277.20,0.00,31601.74,17.63,0.00,0.00
73,256,15811.47,252947.52,221325.58,0.00,31621.94,17.32,0.00,0.00
74,256,15798.60,252899.56,221302.37,0.00,31597.20,17.63,0.00,0.00
75,256,15807.16,252721.57,221111.25,0.00,31610.32,17.63,0.00,0.00
76,256,15792.49,252725.82,221140.85,0.00,31584.98,17.63,0.00,0.00
77,256,15802.42,252809.77,221200.92,0.00,31608.85,17.63,0.00,0.00
78,256,15797.76,252849.16,221255.64,0.00,31593.52,17.63,0.00,0.00
79,256,15802.29,252883.58,221275.01,0.00,31608.57,17.63,0.00,0.00
80,256,15812.79,252945.62,221321.04,0.00,31624.58,17.63,0.00,0.00
81,256,15802.95,252761.14,221158.25,0.00,31602.89,17.63,0.00,0.00
82,256,15799.76,252877.15,221277.62,0.00,31599.52,17.63,0.00,0.00
83,256,15803.47,252835.52,221227.58,0.00,31607.94,17.63,0.00,0.00
84,256,15801.56,252783.03,221179.90,0.00,31603.13,17.63,0.00,0.00
85,256,15790.29,252767.68,221183.09,0.00,31584.58,17.63,0.00,0.00
86,256,15804.13,252910.15,221303.88,0.00,31606.27,17.63,0.00,0.00
87,256,15807.55,252900.72,221284.63,0.00,31616.09,17.63,0.00,0.00
88,256,15816.60,252968.62,221337.41,0.00,31631.20,17.63,0.00,0.00
89,256,15812.61,253086.75,221459.53,0.00,31627.22,17.32,0.00,0.00
90,256,15821.41,253078.58,221438.76,0.00,31639.82,17.63,0.00,0.00
91,256,15812.99,253011.80,221385.83,0.00,31625.98,17.63,0.00,0.00
92,256,15818.55,253104.81,221466.71,0.00,31638.10,17.32,0.00,0.00
93,256,15809.62,252947.90,221332.67,0.00,31615.24,17.63,0.00,0.00
94,256,15810.27,253020.31,221399.77,0.00,31620.54,17.63,0.00,0.00
95,256,15808.01,252921.18,221298.16,0.00,31623.02,17.63,0.00,0.00
96,256,15806.91,252852.59,221237.76,0.00,31614.82,17.63,0.00,0.00
97,256,15818.12,253004.97,221381.73,0.00,31623.25,17.63,0.00,0.00
98,256,15804.24,252983.81,221364.34,0.00,31619.48,17.63,0.00,0.00
99,256,15816.44,253071.96,221436.09,0.00,31635.87,17.63,0.00,0.00
100,256,15814.76,252955.23,221328.70,0.00,31626.53,17.32,0.00,0.00
101,256,15807.60,253001.56,221387.37,0.00,31614.19,17.63,0.00,0.00
102,256,15818.66,252963.59,221324.26,0.00,31639.32,17.63,0.00,0.00
103,256,15813.90,253052.46,221425.65,0.00,31626.81,17.63,0.00,0.00
104,256,15809.35,253012.66,221400.95,0.00,31611.71,17.63,0.00,0.00
105,256,15816.84,253042.38,221405.70,0.00,31636.67,17.63,0.00,0.00
106,256,15802.17,252840.75,221230.40,0.00,31610.34,17.63,0.00,0.00
107,256,15810.51,252973.19,221354.17,0.00,31619.02,17.32,0.00,0.00
108,256,15818.50,253023.09,221386.08,0.00,31637.01,17.63,0.00,0.00
109,256,15823.31,253148.97,221505.35,0.00,31643.62,17.32,0.00,0.00
110,256,15802.35,252948.55,221340.86,0.00,31607.70,17.63,0.00,0.00
111,256,15803.66,252885.63,221278.30,0.00,31607.33,17.63,0.00,0.00
112,256,15810.71,252868.44,221250.01,0.00,31618.43,17.63,0.00,0.00
113,256,15793.23,252835.72,221250.26,0.00,31585.46,17.63,0.00,0.00
114,256,15804.17,252861.78,221249.43,0.00,31612.35,17.63,0.00,0.00
115,256,15826.03,253115.53,221463.47,0.00,31652.07,17.32,0.00,0.00
116,256,15803.51,252964.19,221358.17,0.00,31606.03,17.63,0.00,0.00
117,256,15819.38,253027.06,221390.31,0.00,31636.76,17.63,0.00,0.00
118,256,15806.65,252990.31,221371.02,0.00,31619.29,17.63,0.00,0.00
119,256,15824.03,253094.46,221450.40,0.00,31644.06,17.32,0.00,0.00
120,256,15817.92,253096.78,221465.93,0.00,31630.85,17.32,0.00,0.00
121,256,15817.93,253128.89,221490.03,0.00,31638.86,17.63,0.00,0.00
122,256,15815.21,253041.38,221404.96,0.00,31636.42,17.63,0.00,0.00
123,256,15807.49,252931.85,221320.87,0.00,31610.98,17.63,0.00,0.00
124,256,15816.07,253102.08,221467.95,0.00,31634.14,17.63,0.00,0.00
125,256,15816.53,252896.45,221270.39,0.00,31626.05,17.63,0.00,0.00
126,256,15806.77,252968.27,221353.74,0.00,31614.53,17.63,0.00,0.00
127,256,15817.67,253070.69,221437.36,0.00,31633.34,17.63,0.00,0.00
128,256,15807.82,252979.15,221361.50,0.00,31617.64,17.63,0.00,0.00
129,256,15820.14,253130.28,221489.00,0.00,31641.29,17.63,0.00,0.00
130,256,15828.78,253258.47,221595.91,0.00,31662.56,17.32,0.00,0.00
131,256,15829.80,253121.90,221469.29,0.00,31652.61,17.32,0.00,0.00
132,256,16046.73,256740.65,224644.19,0.00,32096.46,17.63,0.00,0.00
133,256,15856.40,253870.49,222153.68,0.00,31716.81,17.63,0.00,0.00
134,256,15859.34,253695.40,221981.72,0.00,31713.67,17.63,0.00,0.00
135,256,15851.67,253601.77,221894.42,0.00,31707.35,17.63,0.00,0.00
136,256,15839.58,253499.24,221819.09,0.00,31680.16,17.63,0.00,0.00
137,256,15859.64,253635.23,221922.95,0.00,31712.28,17.63,0.00,0.00
138,256,15836.15,253506.36,221830.07,0.00,31676.30,17.63,0.00,0.00
139,256,15871.92,253815.66,222071.82,0.00,31743.83,17.63,0.00,0.00
140,256,15842.37,253612.82,221926.09,0.00,31686.73,17.63,0.00,0.00
141,256,15827.48,253291.64,221636.69,0.00,31654.95,17.63,0.00,0.00
142,256,15831.90,253276.46,221612.65,0.00,31663.81,17.63,0.00,0.00
143,256,15834.63,253300.09,221630.83,0.00,31669.26,17.63,0.00,0.00
144,256,15848.39,253471.23,221776.45,0.00,31694.78,17.32,0.00,0.00
145,256,15824.52,253251.36,221600.32,0.00,31651.05,17.32,0.00,0.00
146,256,15826.19,253152.08,221500.70,0.00,31651.39,17.63,0.00,0.00
147,256,15820.23,253300.71,221658.24,0.00,31642.46,17.63,0.00,0.00
148,256,15818.91,253044.63,221408.81,0.00,31635.83,17.63,0.00,0.00
149,256,15825.88,253165.06,221511.30,0.00,31653.76,17.63,0.00,0.00
150,256,15823.10,253059.58,221421.39,0.00,31638.20,17.63,0.00,0.00
151,256,15796.43,252963.92,221368.06,0.00,31595.86,17.63,0.00,0.00
152,256,15820.03,253154.47,221512.41,0.00,31642.06,17.32,0.00,0.00
153,256,15824.90,253084.40,221432.60,0.00,31651.80,17.32,0.00,0.00
154,256,15819.95,253079.21,221445.31,0.00,31633.90,17.63,0.00,0.00
155,256,15805.47,252969.54,221351.60,0.00,31617.94,17.63,0.00,0.00
156,256,15799.35,252743.64,221153.94,0.00,31589.71,17.63,0.00,0.00
157,256,15818.90,253110.42,221464.62,0.00,31645.80,17.63,0.00,0.00
158,256,15811.65,253030.42,221410.12,0.00,31620.30,17.63,0.00,0.00
159,256,15819.95,253055.19,221414.29,0.00,31640.90,17.63,0.00,0.00
160,256,15812.65,253006.41,221381.11,0.00,31625.30,17.63,0.00,0.00
161,256,15802.03,252821.45,221215.40,0.00,31606.06,17.63,0.00,0.00
162,256,15813.71,253069.38,221442.96,0.00,31626.42,17.63,0.00,0.00
163,256,15804.98,252786.63,221178.68,0.00,31607.95,17.63,0.00,0.00
164,256,16033.50,256524.96,224458.97,0.00,32066.00,17.63,0.00,0.00
165,256,15856.56,253832.92,222119.80,0.00,31713.12,17.63,0.00,0.00
166,256,15860.40,253779.36,222057.57,0.00,31721.80,17.32,0.00,0.00
167,256,15839.77,253426.34,221743.80,0.00,31682.54,17.63,0.00,0.00
168,256,15849.97,253410.47,221717.53,0.00,31692.94,17.63,0.00,0.00
169,256,15824.56,253366.96,221713.84,0.00,31653.12,17.63,0.00,0.00
170,256,15842.85,253384.63,221696.93,0.00,31687.70,17.63,0.00,0.00
171,256,15834.06,253441.98,221770.86,0.00,31671.12,17.63,0.00,0.00
172,256,15847.10,253608.54,221918.35,0.00,31690.19,17.63,0.00,0.00
173,256,15839.89,253422.24,221743.46,0.00,31678.78,17.63,0.00,0.00
174,256,15844.86,253376.73,221684.02,0.00,31692.72,17.63,0.00,0.00
175,256,15826.85,253329.59,221675.89,0.00,31653.70,17.63,0.00,0.00
176,256,15841.43,253449.93,221767.07,0.00,31682.87,17.63,0.00,0.00
177,256,15812.42,253099.66,221479.82,0.00,31619.83,17.63,0.00,0.00
178,256,15832.03,253342.44,221674.38,0.00,31668.05,17.63,0.00,0.00
179,256,15862.91,253582.62,221857.80,0.00,31724.83,17.32,0.00,0.00
180,256,15813.68,253222.88,221594.52,0.00,31628.36,17.63,0.00,0.00
181,256,15848.44,253303.96,221612.09,0.00,31691.87,17.63,0.00,0.00
182,256,15811.03,253157.46,221534.40,0.00,31623.06,17.63,0.00,0.00
183,256,15832.12,253280.98,221617.73,0.00,31663.25,17.32,0.00,0.00
184,256,15839.17,253310.66,221634.33,0.00,31676.33,17.32,0.00,0.00
185,256,15820.00,253347.08,221698.07,0.00,31649.01,17.32,0.00,0.00
186,256,15837.29,253339.60,221671.02,0.00,31668.57,17.63,0.00,0.00
187,256,15830.05,253292.86,221629.75,0.00,31663.11,17.63,0.00,0.00
188,256,15822.02,253123.31,221481.27,0.00,31642.04,17.63,0.00,0.00
189,256,15829.03,253148.51,221489.44,0.00,31659.07,17.63,0.00,0.00
190,256,15822.49,253163.80,221519.82,0.00,31643.97,17.32,0.00,0.00
191,256,15824.52,253342.38,221686.34,0.00,31656.05,17.32,0.00,0.00
192,256,15827.44,253228.02,221576.15,0.00,31651.88,17.63,0.00,0.00
193,256,15824.91,253122.50,221471.69,0.00,31650.81,17.63,0.00,0.00
194,256,15821.03,253126.47,221486.41,0.00,31640.06,17.63,0.00,0.00
195,256,15814.27,253081.34,221453.80,0.00,31627.54,17.63,0.00,0.00
196,256,15811.23,252982.75,221365.28,0.00,31617.47,17.63,0.00,0.00
197,256,15819.67,253040.75,221393.40,0.00,31647.34,17.63,0.00,0.00
198,256,15801.90,252949.35,221347.55,0.00,31601.79,17.63,0.00,0.00
199,256,15824.86,253038.75,221387.03,0.00,31651.72,17.32,0.00,0.00
200,256,15799.84,252964.44,221370.76,0.00,31593.68,17.32,0.00,0.00
201,256,15808.96,252848.38,221223.46,0.00,31624.92,17.63,0.00,0.00
202,256,15813.33,253014.31,221391.64,0.00,31622.66,17.32,0.00,0.00
203,256,15805.11,252895.79,221289.56,0.00,31606.22,17.63,0.00,0.00
204,256,15820.63,253231.06,221580.81,0.00,31650.26,17.32,0.00,0.00
205,256,15816.37,252959.02,221328.27,0.00,31630.75,17.63,0.00,0.00
206,256,15808.46,252923.30,221309.39,0.00,31613.91,17.63,0.00,0.00
207,256,15819.99,253073.82,221431.84,0.00,31641.98,17.63,0.00,0.00
208,256,15801.47,252893.50,221292.56,0.00,31600.94,17.63,0.00,0.00
209,256,15807.87,252996.94,221380.20,0.00,31616.74,17.63,0.00,0.00
210,256,15827.40,253125.38,221470.58,0.00,31654.80,17.32,0.00,0.00
211,256,15809.01,252902.10,221287.09,0.00,31615.01,17.63,0.00,0.00
212,256,15808.60,253035.54,221418.35,0.00,31617.19,17.63,0.00,0.00
213,256,15814.77,253009.24,221374.71,0.00,31634.53,17.95,0.00,0.00
214,256,15801.09,252942.38,221341.21,0.00,31601.17,17.95,0.00,0.00
215,256,15820.93,252938.86,221298.00,0.00,31640.86,17.95,0.00,0.00
216,256,15811.24,253070.92,221451.43,0.00,31619.49,17.95,0.00,0.00
217,256,15816.36,252993.79,221355.07,0.00,31638.72,17.95,0.00,0.00
218,256,15804.80,252964.79,221361.19,0.00,31603.60,17.95,0.00,0.00
219,256,15826.62,253075.90,221422.66,0.00,31653.24,17.63,0.00,0.00
220,256,15820.72,253313.53,221665.08,0.00,31648.44,17.63,0.00,0.00
221,256,15824.37,253169.88,221529.14,0.00,31640.73,17.63,0.00,0.00
222,256,15825.47,253117.46,221465.53,0.00,31651.93,17.95,0.00,0.00
223,256,15807.69,252966.11,221350.72,0.00,31615.39,17.95,0.00,0.00
224,256,15803.82,252963.11,221351.47,0.00,31611.64,17.95,0.00,0.00
225,256,15823.59,253071.41,221425.24,0.00,31646.17,17.95,0.00,0.00
226,256,15824.31,253256.93,221606.31,0.00,31650.62,17.95,0.00,0.00
227,256,15820.08,253125.28,221484.12,0.00,31641.16,17.95,0.00,0.00
228,256,16027.05,256404.79,224356.69,0.00,32048.10,17.95,0.00,0.00
229,256,15854.91,253765.64,222050.81,0.00,31714.83,17.95,0.00,0.00
230,256,15872.70,253828.26,222084.86,0.00,31743.40,17.95,0.00,0.00
231,256,15929.52,254752.32,222892.28,0.00,31860.04,17.63,0.00,0.00
232,256,16012.87,256419.83,224395.10,0.00,32024.73,17.95,0.00,0.00
233,256,15869.33,253877.31,222139.65,0.00,31737.66,17.95,0.00,0.00
234,256,15860.43,253667.89,221946.03,0.00,31721.86,17.95,0.00,0.00
235,256,15879.99,254141.80,222381.83,0.00,31759.97,17.63,0.00,0.00
236,256,15872.62,253865.96,222127.72,0.00,31738.24,17.95,0.00,0.00
237,256,15860.64,253833.29,222106.01,0.00,31727.29,17.95,0.00,0.00
238,256,15857.67,253807.71,222090.37,0.00,31717.34,17.32,0.00,0.00
239,256,15875.59,253907.35,222154.18,0.00,31753.17,17.32,0.00,0.00
240,256,15866.34,253864.45,222134.77,0.00,31729.68,17.32,0.00,0.00
241,256,15860.51,253778.17,222058.15,0.00,31720.02,17.32,0.00,0.00
242,256,15850.82,253604.17,221905.53,0.00,31698.65,17.32,0.00,0.00
243,256,15843.07,253452.17,221764.02,0.00,31688.15,17.32,0.00,0.00
244,256,15845.10,253676.62,221987.42,0.00,31689.20,17.32,0.00,0.00
245,256,15856.05,253630.72,221913.63,0.00,31717.09,17.32,0.00,0.00
246,256,15844.42,253531.66,221846.83,0.00,31684.83,17.32,0.00,0.00
247,256,15854.90,253678.34,221967.54,0.00,31710.79,17.32,0.00,0.00
248,256,15839.77,253448.38,221767.84,0.00,31680.55,17.32,0.00,0.00
249,256,15835.87,253299.88,221629.14,0.00,31670.73,17.32,0.00,0.00
250,256,15828.50,253287.06,221628.05,0.00,31659.01,17.32,0.00,0.00
251,256,15839.51,253437.11,221761.09,0.00,31676.01,17.32,0.00,0.00
252,256,15815.87,253135.91,221499.18,0.00,31636.74,17.63,0.00,0.00
253,256,15839.16,253420.51,221739.20,0.00,31681.31,17.32,0.00,0.00
254,256,15850.27,253374.36,221680.82,0.00,31693.54,17.32,0.00,0.00
255,256,15827.72,253452.49,221797.06,0.00,31655.43,17.32,0.00,0.00
256,256,15841.92,253415.73,221728.89,0.00,31686.84,17.32,0.00,0.00
257,256,15837.25,253284.03,221620.53,0.00,31663.50,17.32,0.00,0.00
258,256,15839.16,253424.51,221739.20,0.00,31685.31,17.32,0.00,0.00
259,256,15828.60,253361.66,221705.46,0.00,31656.21,17.32,0.00,0.00
260,256,15854.15,253556.44,221851.14,0.00,31705.30,17.32,0.00,0.00
261,256,15840.30,253493.85,221808.25,0.00,31685.61,17.32,0.00,0.00
262,256,15817.30,253164.85,221534.24,0.00,31630.61,17.32,0.00,0.00
263,256,15836.76,253386.24,221708.71,0.00,31677.53,17.32,0.00,0.00
264,256,15827.78,253297.52,221642.96,0.00,31654.57,17.32,0.00,0.00
265,256,15827.93,253263.92,221607.06,0.00,31656.87,17.32,0.00,0.00
266,256,15851.22,253576.50,221869.07,0.00,31707.44,17.32,0.00,0.00
267,256,15840.11,253440.80,221760.57,0.00,31680.22,17.32,0.00,0.00
268,256,15834.45,253259.19,221595.29,0.00,31663.90,17.32,0.00,0.00
269,256,15827.25,253309.02,221652.52,0.00,31656.50,17.32,0.00,0.00
270,256,15829.11,253313.74,221658.52,0.00,31655.22,17.32,0.00,0.00
271,256,15840.92,253241.76,221558.91,0.00,31682.85,17.32,0.00,0.00
272,256,16020.02,256467.29,224426.25,0.00,32041.04,17.63,0.00,0.00
273,256,15853.28,253775.55,222070.98,0.00,31704.57,17.32,0.00,0.00
274,256,15864.49,253784.84,222053.86,0.00,31730.98,17.32,0.00,0.00
275,256,15856.72,253667.45,221958.02,0.00,31709.43,17.32,0.00,0.00
276,256,15871.15,253874.46,222128.15,0.00,31746.31,17.32,0.00,0.00
277,256,15868.87,253819.00,222083.25,0.00,31735.75,17.32,0.00,0.00
278,256,15838.55,253540.77,221861.68,0.00,31679.09,17.32,0.00,0.00
279,256,15865.27,253917.24,222181.71,0.00,31735.53,17.32,0.00,0.00
280,256,15850.75,253546.94,221848.45,0.00,31698.49,17.32,0.00,0.00
281,256,15839.22,253406.53,221726.09,0.00,31680.44,17.32,0.00,0.00
282,256,15854.48,253610.69,221914.73,0.00,31695.96,17.32,0.00,0.00
283,256,15837.12,253448.95,221766.70,0.00,31682.24,17.32,0.00,0.00
284,256,15849.34,253469.40,221769.72,0.00,31699.67,17.32,0.00,0.00
285,256,15832.64,253413.24,221746.95,0.00,31666.28,17.32,0.00,0.00
286,256,15836.92,253335.68,221665.84,0.00,31669.84,17.32,0.00,0.00
287,256,15833.42,253240.65,221572.82,0.00,31667.83,17.32,0.00,0.00
288,256,15815.30,253309.81,221675.20,0.00,31634.61,17.32,0.00,0.00
289,256,15840.53,253276.49,221603.43,0.00,31673.06,17.32,0.00,0.00
290,256,15837.20,253411.16,221726.77,0.00,31684.40,17.32,0.00,0.00
291,256,15823.55,253343.74,221703.65,0.00,31640.09,17.32,0.00,0.00
292,256,15824.37,253176.98,221526.23,0.00,31650.75,17.32,0.00,0.00
293,256,15843.55,253318.77,221633.67,0.00,31685.10,17.32,0.00,0.00
294,256,15829.12,253422.87,221761.63,0.00,31661.23,17.32,0.00,0.00
295,256,15819.81,253028.97,221390.35,0.00,31638.62,17.63,0.00,0.00
296,256,15953.36,255251.77,223345.05,0.00,31906.72,17.63,0.00,0.00
297,256,15845.78,253722.44,222028.88,0.00,31693.55,17.32,0.00,0.00
298,256,16142.11,258151.71,225869.49,0.00,32282.21,18.95,0.00,0.00
299,256,15895.13,254173.11,222384.85,0.00,31788.26,18.61,0.00,0.00
300,256,15796.13,252454.11,220929.84,0.00,31524.27,18.28,0.00,0.00
SQL statistics:
    queries performed:
        read:                            66456026
        write:                           0
        other:                           9493718
        total:                           75949744
    transactions:                        4746859 (15819.19 per sec.)
    queries:                             75949744 (253106.98 per sec.)
    ignored errors:                      0      (0.00 per sec.)
    reconnects:                          0      (0.00 per sec.)

General statistics:
    total time:                          300.0683s
    total number of events:              4746859

Latency (ms):
         min:                                    1.37
         avg:                                   16.18
         max:                                  263.52
         95th percentile:                       17.63
         sum:                             76790427.23

Threads fairness:
    events (avg/stddev):           18542.4180/424.14
    execution time (avg/stddev):   299.9626/0.02

