sysbench 1.0.20 (using bundled LuaJIT 2.1.0-beta2)

Running the test with following options:
Number of threads: 256
Report intermediate results every 1 second(s)
Initializing random number generator from current time


Initializing worker threads...

Threads started!

1,256,383271.00,383271.00,383271.00,0.00,0.00,0.77,0.00,0.00
2,256,402087.33,402087.33,402087.33,0.00,0.00,0.77,0.00,0.00
3,256,402087.96,402087.96,402087.96,0.00,0.00,0.75,0.00,0.00
4,256,402023.13,402023.13,402023.13,0.00,0.00,0.75,0.00,0.00
5,256,402039.84,402039.84,402039.84,0.00,0.00,0.75,0.00,0.00
6,256,401968.20,401968.20,401968.20,0.00,0.00,0.75,0.00,0.00
7,256,402230.84,402229.84,402229.84,0.00,0.00,0.75,0.00,0.00
8,256,402174.01,402175.01,402175.01,0.00,0.00,0.75,0.00,0.00
9,256,401916.63,401916.63,401916.63,0.00,0.00,0.75,0.00,0.00
10,256,402074.26,402074.26,402074.26,0.00,0.00,0.75,0.00,0.00
11,256,402035.92,402035.92,402035.92,0.00,0.00,0.75,0.00,0.00
12,256,402186.83,402186.83,402186.83,0.00,0.00,0.75,0.00,0.00
13,256,402024.93,402024.93,402024.93,0.00,0.00,0.75,0.00,0.00
14,256,402188.28,402188.28,402188.28,0.00,0.00,0.75,0.00,0.00
15,256,402116.48,402116.48,402116.48,0.00,0.00,0.77,0.00,0.00
16,256,401849.69,401849.69,401849.69,0.00,0.00,0.75,0.00,0.00
17,256,401943.87,401943.87,401943.87,0.00,0.00,0.75,0.00,0.00
18,256,401934.31,401934.31,401934.31,0.00,0.00,0.75,0.00,0.00
19,256,401715.89,401715.89,401715.89,0.00,0.00,0.75,0.00,0.00
20,256,401856.06,401856.06,401856.06,0.00,0.00,0.75,0.00,0.00
21,256,401739.17,401739.17,401739.17,0.00,0.00,0.75,0.00,0.00
22,256,401735.04,401734.04,401734.04,0.00,0.00,0.75,0.00,0.00
23,256,401781.34,401782.34,401782.34,0.00,0.00,0.75,0.00,0.00
24,256,401881.90,401881.90,401881.90,0.00,0.00,0.75,0.00,0.00
25,256,401876.73,401876.73,401876.73,0.00,0.00,0.75,0.00,0.00
26,256,401853.95,401852.95,401852.95,0.00,0.00,0.75,0.00,0.00
27,256,402084.09,402085.09,402085.09,0.00,0.00,0.75,0.00,0.00
28,256,401905.46,401905.46,401905.46,0.00,0.00,0.75,0.00,0.00
29,256,401888.75,401888.75,401888.75,0.00,0.00,0.75,0.00,0.00
30,256,401920.63,401920.63,401920.63,0.00,0.00,0.75,0.00,0.00
31,256,401937.99,401937.99,401937.99,0.00,0.00,0.75,0.00,0.00
32,256,401863.98,401863.98,401863.98,0.00,0.00,0.75,0.00,0.00
33,256,401961.17,401961.17,401961.17,0.00,0.00,0.75,0.00,0.00
34,256,401789.76,401787.76,401787.76,0.00,0.00,0.75,0.00,0.00
35,256,401875.70,401877.70,401877.70,0.00,0.00,0.75,0.00,0.00
36,256,401904.73,401903.73,401903.73,0.00,0.00,0.75,0.00,0.00
37,256,401813.18,401814.18,401814.18,0.00,0.00,0.75,0.00,0.00
38,256,401863.49,401863.49,401863.49,0.00,0.00,0.75,0.00,0.00
39,256,401927.05,401925.05,401925.05,0.00,0.00,0.75,0.00,0.00
40,256,402039.27,402041.27,402041.27,0.00,0.00,0.75,0.00,0.00
41,256,401887.78,401887.78,401887.78,0.00,0.00,0.75,0.00,0.00
42,256,401976.08,401976.08,401976.08,0.00,0.00,0.77,0.00,0.00
43,256,401802.52,401801.52,401801.52,0.00,0.00,0.77,0.00,0.00
44,256,401864.01,401865.01,401865.01,0.00,0.00,0.77,0.00,0.00
45,256,401764.98,401764.98,401764.98,0.00,0.00,0.77,0.00,0.00
46,256,401856.17,401856.17,401856.17,0.00,0.00,0.77,0.00,0.00
47,256,401595.36,401595.36,401595.36,0.00,0.00,0.75,0.00,0.00
48,256,401631.24,401631.24,401631.24,0.00,0.00,0.75,0.00,0.00
49,256,401727.45,401726.45,401726.45,0.00,0.00,0.75,0.00,0.00
50,256,401626.05,401627.05,401627.05,0.00,0.00,0.77,0.00,0.00
51,256,401598.51,401598.51,401598.51,0.00,0.00,0.75,0.00,0.00
52,256,401781.21,401781.21,401781.21,0.00,0.00,0.75,0.00,0.00
53,256,401790.78,401790.78,401790.78,0.00,0.00,0.75,0.00,0.00
54,256,401751.51,401750.51,401750.51,0.00,0.00,0.77,0.00,0.00
55,256,401544.61,401545.61,401545.61,0.00,0.00,0.75,0.00,0.00
56,256,401706.04,401706.04,401706.04,0.00,0.00,0.75,0.00,0.00
57,256,401617.96,401616.96,401616.96,0.00,0.00,0.77,0.00,0.00
58,256,401661.08,401662.08,401662.08,0.00,0.00,0.75,0.00,0.00
59,256,401694.87,401694.87,401694.87,0.00,0.00,0.77,0.00,0.00
60,256,401688.30,401688.30,401688.30,0.00,0.00,0.75,0.00,0.00
61,256,401504.26,401504.26,401504.26,0.00,0.00,0.77,0.00,0.00
62,256,401662.79,401662.79,401662.79,0.00,0.00,0.75,0.00,0.00
63,256,401517.83,401517.83,401517.83,0.00,0.00,0.77,0.00,0.00
64,256,401674.93,401674.93,401674.93,0.00,0.00,0.77,0.00,0.00
65,256,401558.81,401558.81,401558.81,0.00,0.00,0.75,0.00,0.00
66,256,401629.04,401629.04,401629.04,0.00,0.00,0.77,0.00,0.00
67,256,401559.25,401559.25,401559.25,0.00,0.00,0.77,0.00,0.00
68,256,401486.77,401486.77,401486.77,0.00,0.00,0.77,0.00,0.00
69,256,401699.75,401698.75,401698.75,0.00,0.00,0.77,0.00,0.00
70,256,401599.63,401600.63,401600.63,0.00,0.00,0.77,0.00,0.00
71,256,401513.67,401513.67,401513.67,0.00,0.00,0.75,0.00,0.00
72,256,401575.65,401575.65,401575.65,0.00,0.00,0.77,0.00,0.00
73,256,401525.70,401525.70,401525.70,0.00,0.00,0.77,0.00,0.00
74,256,401646.42,401646.42,401646.42,0.00,0.00,0.77,0.00,0.00
75,256,401610.87,401610.87,401610.87,0.00,0.00,0.75,0.00,0.00
76,256,401560.87,401560.87,401560.87,0.00,0.00,0.77,0.00,0.00
77,256,401664.68,401664.68,401664.68,0.00,0.00,0.75,0.00,0.00
78,256,401643.11,401643.11,401643.11,0.00,0.00,0.75,0.00,0.00
79,256,401741.64,401741.64,401741.64,0.00,0.00,0.77,0.00,0.00
80,256,401571.31,401571.31,401571.31,0.00,0.00,0.75,0.00,0.00
81,256,401631.54,401630.54,401630.54,0.00,0.00,0.75,0.00,0.00
82,256,401564.68,401565.68,401565.68,0.00,0.00,0.77,0.00,0.00
83,256,402237.36,402237.36,402237.36,0.00,0.00,0.75,0.00,0.00
84,256,401898.77,401898.77,401898.77,0.00,0.00,0.75,0.00,0.00
85,256,401878.38,401878.38,401878.38,0.00,0.00,0.75,0.00,0.00
86,256,401898.83,401898.83,401898.83,0.00,0.00,0.75,0.00,0.00
87,256,401830.48,401830.48,401830.48,0.00,0.00,0.75,0.00,0.00
88,256,401795.21,401795.21,401795.21,0.00,0.00,0.75,0.00,0.00
89,256,401538.38,401538.38,401538.38,0.00,0.00,0.75,0.00,0.00
90,256,401698.45,401698.45,401698.45,0.00,0.00,0.75,0.00,0.00
91,256,401638.00,401636.00,401636.00,0.00,0.00,0.75,0.00,0.00
92,256,401655.76,401657.76,401657.76,0.00,0.00,0.75,0.00,0.00
93,256,401611.52,401610.52,401610.52,0.00,0.00,0.75,0.00,0.00
94,256,401626.79,401627.79,401627.79,0.00,0.00,0.75,0.00,0.00
95,256,401533.74,401533.74,401533.74,0.00,0.00,0.75,0.00,0.00
96,256,401480.37,401480.37,401480.37,0.00,0.00,0.75,0.00,0.00
97,256,401588.13,401588.13,401588.13,0.00,0.00,0.75,0.00,0.00
98,256,401685.42,401685.42,401685.42,0.00,0.00,0.75,0.00,0.00
99,256,401670.01,401670.01,401670.01,0.00,0.00,0.75,0.00,0.00
100,256,401579.95,401579.95,401579.95,0.00,0.00,0.75,0.00,0.00
101,256,401642.36,401641.36,401641.36,0.00,0.00,0.75,0.00,0.00
102,256,401713.52,401714.52,401714.52,0.00,0.00,0.75,0.00,0.00
103,256,401526.53,401526.53,401526.53,0.00,0.00,0.75,0.00,0.00
104,256,401553.30,401553.30,401553.30,0.00,0.00,0.75,0.00,0.00
105,256,401621.15,401621.15,401621.15,0.00,0.00,0.75,0.00,0.00
106,256,401607.58,401607.58,401607.58,0.00,0.00,0.75,0.00,0.00
107,256,401643.28,401643.28,401643.28,0.00,0.00,0.75,0.00,0.00
108,256,401702.71,401702.71,401702.71,0.00,0.00,0.75,0.00,0.00
109,256,401546.74,401546.74,401546.74,0.00,0.00,0.75,0.00,0.00
110,256,401593.73,401593.73,401593.73,0.00,0.00,0.75,0.00,0.00
111,256,401585.30,401585.30,401585.30,0.00,0.00,0.75,0.00,0.00
112,256,401680.45,401680.45,401680.45,0.00,0.00,0.75,0.00,0.00
113,256,401605.29,401605.29,401605.29,0.00,0.00,0.75,0.00,0.00
114,256,401712.42,401712.42,401712.42,0.00,0.00,0.75,0.00,0.00
115,256,401512.10,401510.10,401510.10,0.00,0.00,0.75,0.00,0.00
116,256,401476.18,401478.18,401478.18,0.00,0.00,0.74,0.00,0.00
117,256,401415.90,401415.90,401415.90,0.00,0.00,0.74,0.00,0.00
118,256,401420.90,401420.90,401420.90,0.00,0.00,0.74,0.00,0.00
119,256,401355.45,401353.45,401353.45,0.00,0.00,0.74,0.00,0.00
120,256,401465.12,401467.12,401467.12,0.00,0.00,0.74,0.00,0.00
121,256,401477.53,401477.53,401477.53,0.00,0.00,0.74,0.00,0.00
122,256,401510.73,401510.73,401510.73,0.00,0.00,0.74,0.00,0.00
123,256,401474.99,401474.99,401474.99,0.00,0.00,0.74,0.00,0.00
124,256,401410.12,401408.12,401408.12,0.00,0.00,0.74,0.00,0.00
125,256,401571.51,401573.51,401573.51,0.00,0.00,0.74,0.00,0.00
126,256,401493.76,401493.76,401493.76,0.00,0.00,0.74,0.00,0.00
127,256,401439.74,401439.74,401439.74,0.00,0.00,0.74,0.00,0.00
128,256,401412.72,401412.72,401412.72,0.00,0.00,0.74,0.00,0.00
129,256,401461.39,401461.39,401461.39,0.00,0.00,0.74,0.00,0.00
130,256,401456.98,401456.98,401456.98,0.00,0.00,0.74,0.00,0.00
131,256,401482.51,401482.51,401482.51,0.00,0.00,0.74,0.00,0.00
132,256,401521.03,401521.03,401521.03,0.00,0.00,0.74,0.00,0.00
133,256,401410.92,401410.92,401410.92,0.00,0.00,0.74,0.00,0.00
134,256,401380.76,401379.76,401379.76,0.00,0.00,0.74,0.00,0.00
135,256,401415.33,401416.33,401416.33,0.00,0.00,0.74,0.00,0.00
136,256,401452.78,401452.78,401452.78,0.00,0.00,0.74,0.00,0.00
137,256,401364.32,401363.32,401363.32,0.00,0.00,0.74,0.00,0.00
138,256,401411.01,401412.01,401412.01,0.00,0.00,0.74,0.00,0.00
139,256,401584.98,401582.98,401582.98,0.00,0.00,0.74,0.00,0.00
140,256,401416.89,401418.89,401418.89,0.00,0.00,0.74,0.00,0.00
141,256,401452.84,401452.84,401452.84,0.00,0.00,0.74,0.00,0.00
142,256,401388.74,401388.74,401388.74,0.00,0.00,0.74,0.00,0.00
143,256,401427.59,401427.59,401427.59,0.00,0.00,0.74,0.00,0.00
144,256,401422.55,401422.55,401422.55,0.00,0.00,0.74,0.00,0.00
145,256,401468.77,401467.77,401467.77,0.00,0.00,0.74,0.00,0.00
146,256,401447.23,401448.23,401448.23,0.00,0.00,0.74,0.00,0.00
147,256,401414.73,401414.73,401414.73,0.00,0.00,0.74,0.00,0.00
148,256,401433.13,401433.13,401433.13,0.00,0.00,0.74,0.00,0.00
149,256,401399.46,401399.46,401399.46,0.00,0.00,0.74,0.00,0.00
150,256,401400.79,401400.79,401400.79,0.00,0.00,0.74,0.00,0.00
151,256,401456.60,401456.60,401456.60,0.00,0.00,0.74,0.00,0.00
152,256,401394.41,401394.41,401394.41,0.00,0.00,0.74,0.00,0.00
153,256,401357.77,401357.77,401357.77,0.00,0.00,0.74,0.00,0.00
154,256,401423.15,401423.15,401423.15,0.00,0.00,0.74,0.00,0.00
155,256,401423.63,401423.63,401423.63,0.00,0.00,0.74,0.00,0.00
156,256,401454.19,401454.19,401454.19,0.00,0.00,0.74,0.00,0.00
157,256,401410.77,401410.77,401410.77,0.00,0.00,0.74,0.00,0.00
158,256,401502.35,401502.35,401502.35,0.00,0.00,0.74,0.00,0.00
159,256,401401.41,401401.41,401401.41,0.00,0.00,0.74,0.00,0.00
160,256,401463.24,401463.24,401463.24,0.00,0.00,0.74,0.00,0.00
161,256,401387.72,401387.72,401387.72,0.00,0.00,0.74,0.00,0.00
162,256,401459.66,401459.66,401459.66,0.00,0.00,0.74,0.00,0.00
163,256,401351.58,401351.58,401351.58,0.00,0.00,0.74,0.00,0.00
164,256,401418.15,401418.15,401418.15,0.00,0.00,0.74,0.00,0.00
165,256,401470.97,401470.97,401470.97,0.00,0.00,0.74,0.00,0.00
166,256,401349.23,401348.23,401348.23,0.00,0.00,0.74,0.00,0.00
167,256,401450.58,401451.58,401451.58,0.00,0.00,0.74,0.00,0.00
168,256,401405.22,401405.22,401405.22,0.00,0.00,0.74,0.00,0.00
169,256,401438.41,401438.41,401438.41,0.00,0.00,0.74,0.00,0.00
170,256,401369.09,401369.09,401369.09,0.00,0.00,0.74,0.00,0.00
171,256,401436.65,401436.65,401436.65,0.00,0.00,0.74,0.00,0.00
172,256,401400.30,401400.30,401400.30,0.00,0.00,0.74,0.00,0.00
173,256,401418.87,401418.87,401418.87,0.00,0.00,0.74,0.00,0.00
174,256,401402.06,401402.06,401402.06,0.00,0.00,0.74,0.00,0.00
175,256,401393.28,401393.28,401393.28,0.00,0.00,0.74,0.00,0.00
176,256,401398.79,401398.79,401398.79,0.00,0.00,0.74,0.00,0.00
177,256,401365.40,401365.40,401365.40,0.00,0.00,0.74,0.00,0.00
178,256,401473.93,401473.93,401473.93,0.00,0.00,0.74,0.00,0.00
179,256,401352.40,401351.40,401351.40,0.00,0.00,0.74,0.00,0.00
180,256,401419.67,401420.67,401420.67,0.00,0.00,0.74,0.00,0.00
181,256,401446.32,401446.32,401446.32,0.00,0.00,0.74,0.00,0.00
182,256,401462.26,401462.26,401462.26,0.00,0.00,0.74,0.00,0.00
183,256,401428.61,401428.61,401428.61,0.00,0.00,0.74,0.00,0.00
184,256,401435.42,401435.42,401435.42,0.00,0.00,0.74,0.00,0.00
185,256,401422.51,401422.51,401422.51,0.00,0.00,0.74,0.00,0.00
186,256,401474.17,401474.17,401474.17,0.00,0.00,0.74,0.00,0.00
187,256,401426.35,401426.35,401426.35,0.00,0.00,0.74,0.00,0.00
188,256,401459.18,401459.18,401459.18,0.00,0.00,0.74,0.00,0.00
189,256,401400.97,401400.97,401400.97,0.00,0.00,0.74,0.00,0.00
190,256,401432.87,401431.87,401431.87,0.00,0.00,0.74,0.00,0.00
191,256,401401.92,401402.92,401402.92,0.00,0.00,0.74,0.00,0.00
192,256,401369.49,401369.49,401369.49,0.00,0.00,0.74,0.00,0.00
193,256,401371.21,401371.21,401371.21,0.00,0.00,0.74,0.00,0.00
194,256,401377.68,401377.68,401377.68,0.00,0.00,0.74,0.00,0.00
195,256,401352.90,401352.90,401352.90,0.00,0.00,0.74,0.00,0.00
196,256,401390.68,401390.68,401390.68,0.00,0.00,0.74,0.00,0.00
197,256,401302.07,401302.07,401302.07,0.00,0.00,0.74,0.00,0.00
198,256,401424.02,401421.02,401421.02,0.00,0.00,0.74,0.00,0.00
199,256,401360.75,401363.75,401363.75,0.00,0.00,0.74,0.00,0.00
200,256,401415.61,401415.61,401415.61,0.00,0.00,0.74,0.00,0.00
201,256,401367.52,401367.52,401367.52,0.00,0.00,0.74,0.00,0.00
202,256,401335.47,401335.47,401335.47,0.00,0.00,0.74,0.00,0.00
203,256,401333.27,401333.27,401333.27,0.00,0.00,0.74,0.00,0.00
204,256,401533.08,401532.08,401532.08,0.00,0.00,0.74,0.00,0.00
205,256,401441.27,401442.27,401442.27,0.00,0.00,0.74,0.00,0.00
206,256,401422.09,401422.09,401422.09,0.00,0.00,0.74,0.00,0.00
207,256,401815.81,401815.81,401815.81,0.00,0.00,0.74,0.00,0.00
208,256,401672.08,401672.08,401672.08,0.00,0.00,0.74,0.00,0.00
209,256,401451.46,401451.46,401451.46,0.00,0.00,0.74,0.00,0.00
210,256,401499.84,401499.84,401499.84,0.00,0.00,0.74,0.00,0.00
211,256,401483.41,401483.41,401483.41,0.00,0.00,0.74,0.00,0.00
212,256,401338.86,401338.86,401338.86,0.00,0.00,0.74,0.00,0.00
213,256,401407.63,401405.63,401405.63,0.00,0.00,0.74,0.00,0.00
214,256,401501.33,401503.33,401503.33,0.00,0.00,0.74,0.00,0.00
215,256,401468.66,401468.66,401468.66,0.00,0.00,0.74,0.00,0.00
216,256,401437.36,401437.36,401437.36,0.00,0.00,0.74,0.00,0.00
217,256,401409.35,401409.35,401409.35,0.00,0.00,0.74,0.00,0.00
218,256,401433.38,401433.38,401433.38,0.00,0.00,0.74,0.00,0.00
219,256,401439.65,401439.65,401439.65,0.00,0.00,0.74,0.00,0.00
220,256,401414.86,401414.86,401414.86,0.00,0.00,0.74,0.00,0.00
221,256,401441.68,401441.68,401441.68,0.00,0.00,0.74,0.00,0.00
222,256,401406.50,401406.50,401406.50,0.00,0.00,0.74,0.00,0.00
223,256,401299.64,401299.64,401299.64,0.00,0.00,0.74,0.00,0.00
224,256,401404.25,401404.25,401404.25,0.00,0.00,0.74,0.00,0.00
225,256,401404.91,401404.91,401404.91,0.00,0.00,0.74,0.00,0.00
226,256,401461.86,401461.86,401461.86,0.00,0.00,0.74,0.00,0.00
227,256,401430.27,401430.27,401430.27,0.00,0.00,0.74,0.00,0.00
228,256,401423.61,401423.61,401423.61,0.00,0.00,0.74,0.00,0.00
229,256,401387.81,401387.81,401387.81,0.00,0.00,0.74,0.00,0.00
230,256,401491.17,401491.17,401491.17,0.00,0.00,0.74,0.00,0.00
231,256,401437.78,401437.78,401437.78,0.00,0.00,0.74,0.00,0.00
232,256,401398.08,401398.08,401398.08,0.00,0.00,0.74,0.00,0.00
233,256,401390.43,401388.43,401388.43,0.00,0.00,0.74,0.00,0.00
234,256,401406.53,401407.53,401407.53,0.00,0.00,0.74,0.00,0.00
235,256,401334.41,401335.41,401335.41,0.00,0.00,0.74,0.00,0.00
236,256,401400.72,401400.72,401400.72,0.00,0.00,0.74,0.00,0.00
237,256,401402.67,401402.67,401402.67,0.00,0.00,0.74,0.00,0.00
238,256,401390.60,401390.60,401390.60,0.00,0.00,0.74,0.00,0.00
239,256,401364.31,401364.31,401364.31,0.00,0.00,0.74,0.00,0.00
240,256,401415.20,401415.20,401415.20,0.00,0.00,0.74,0.00,0.00
241,256,401392.39,401392.39,401392.39,0.00,0.00,0.74,0.00,0.00
242,256,401325.31,401325.31,401325.31,0.00,0.00,0.74,0.00,0.00
243,256,401429.79,401429.79,401429.79,0.00,0.00,0.74,0.00,0.00
244,256,401429.00,401429.00,401429.00,0.00,0.00,0.74,0.00,0.00
245,256,401437.34,401437.34,401437.34,0.00,0.00,0.74,0.00,0.00
246,256,401392.08,401392.08,401392.08,0.00,0.00,0.74,0.00,0.00
247,256,401407.36,401407.36,401407.36,0.00,0.00,0.74,0.00,0.00
248,256,401440.23,401439.23,401439.23,0.00,0.00,0.74,0.00,0.00
249,256,401294.73,401295.73,401295.73,0.00,0.00,0.74,0.00,0.00
250,256,401380.91,401380.91,401380.91,0.00,0.00,0.74,0.00,0.00
251,256,401375.70,401375.70,401375.70,0.00,0.00,0.74,0.00,0.00
252,256,401419.84,401418.84,401418.84,0.00,0.00,0.74,0.00,0.00
253,256,401376.49,401377.49,401377.49,0.00,0.00,0.74,0.00,0.00
254,256,401338.66,401338.66,401338.66,0.00,0.00,0.74,0.00,0.00
255,256,401494.01,401494.01,401494.01,0.00,0.00,0.74,0.00,0.00
256,256,401314.47,401314.47,401314.47,0.00,0.00,0.74,0.00,0.00
257,256,401347.54,401347.54,401347.54,0.00,0.00,0.74,0.00,0.00
258,256,401372.55,401372.55,401372.55,0.00,0.00,0.74,0.00,0.00
259,256,401277.23,401277.23,401277.23,0.00,0.00,0.74,0.00,0.00
260,256,401221.73,401221.73,401221.73,0.00,0.00,0.74,0.00,0.00
261,256,401316.11,401315.11,401315.11,0.00,0.00,0.74,0.00,0.00
262,256,401165.38,401166.38,401166.38,0.00,0.00,0.74,0.00,0.00
263,256,401341.08,401339.08,401339.08,0.00,0.00,0.74,0.00,0.00
264,256,401315.16,401314.16,401314.16,0.00,0.00,0.74,0.00,0.00
265,256,401327.08,401330.08,401330.08,0.00,0.00,0.74,0.00,0.00
266,256,401382.14,401382.14,401382.14,0.00,0.00,0.74,0.00,0.00
267,256,401355.05,401355.05,401355.05,0.00,0.00,0.74,0.00,0.00
268,256,401367.29,401367.29,401367.29,0.00,0.00,0.74,0.00,0.00
269,256,401371.58,401371.58,401371.58,0.00,0.00,0.74,0.00,0.00
270,256,401308.25,401308.25,401308.25,0.00,0.00,0.74,0.00,0.00
271,256,401425.27,401425.27,401425.27,0.00,0.00,0.74,0.00,0.00
272,256,401296.10,401296.10,401296.10,0.00,0.00,0.74,0.00,0.00
273,256,401355.63,401355.63,401355.63,0.00,0.00,0.74,0.00,0.00
274,256,401255.51,401255.51,401255.51,0.00,0.00,0.74,0.00,0.00
275,256,401270.42,401270.42,401270.42,0.00,0.00,0.74,0.00,0.00
276,256,401310.92,401308.92,401308.92,0.00,0.00,0.74,0.00,0.00
277,256,401243.50,401245.50,401245.50,0.00,0.00,0.74,0.00,0.00
278,256,401334.12,401331.12,401331.12,0.00,0.00,0.73,0.00,0.00
279,256,401274.51,401277.51,401277.51,0.00,0.00,0.74,0.00,0.00
280,256,401281.00,401281.00,401281.00,0.00,0.00,0.74,0.00,0.00
281,256,401271.42,401271.42,401271.42,0.00,0.00,0.74,0.00,0.00
282,256,401356.43,401356.43,401356.43,0.00,0.00,0.73,0.00,0.00
283,256,401256.94,401255.94,401255.94,0.00,0.00,0.74,0.00,0.00
284,256,401302.63,401303.63,401303.63,0.00,0.00,0.73,0.00,0.00
285,256,401243.13,401243.13,401243.13,0.00,0.00,0.73,0.00,0.00
286,256,401345.19,401345.19,401345.19,0.00,0.00,0.73,0.00,0.00
287,256,401347.94,401347.94,401347.94,0.00,0.00,0.73,0.00,0.00
288,256,401402.99,401402.99,401402.99,0.00,0.00,0.73,0.00,0.00
289,256,401373.13,401373.13,401373.13,0.00,0.00,0.74,0.00,0.00
290,256,401452.39,401452.39,401452.39,0.00,0.00,0.73,0.00,0.00
291,256,401419.03,401419.03,401419.03,0.00,0.00,0.73,0.00,0.00
292,256,401451.69,401451.69,401451.69,0.00,0.00,0.73,0.00,0.00
293,256,401473.91,401473.91,401473.91,0.00,0.00,0.73,0.00,0.00
294,256,401361.91,401361.91,401361.91,0.00,0.00,0.73,0.00,0.00
295,256,401418.92,401418.92,401418.92,0.00,0.00,0.73,0.00,0.00
296,256,401367.94,401367.94,401367.94,0.00,0.00,0.73,0.00,0.00
297,256,401356.01,401356.01,401356.01,0.00,0.00,0.73,0.00,0.00
298,256,401365.86,401365.86,401365.86,0.00,0.00,0.73,0.00,0.00
299,256,401328.75,401328.75,401328.75,0.00,0.00,0.73,0.00,0.00
300,256,390895.19,390895.19,390895.19,0.00,0.00,0.73,0.00,0.00
SQL statistics:
    queries performed:
        read:                            120444024
        write:                           0
        other:                           0
        total:                           120444024
    transactions:                        120444024 (401382.66 per sec.)
    queries:                             120444024 (401382.66 per sec.)
    ignored errors:                      0      (0.00 per sec.)
    reconnects:                          0      (0.00 per sec.)

General statistics:
    total time:                          300.0714s
    total number of events:              120444024

Latency (ms):
         min:                                    0.05
         avg:                                    0.64
         max:                                  139.36
         95th percentile:                        0.74
         sum:                             76701162.26

Threads fairness:
    events (avg/stddev):           470484.4688/15218.26
    execution time (avg/stddev):   299.6139/0.03

