sysbench 1.0.20 (using bundled LuaJIT 2.1.0-beta2)

Running the test with following options:
Number of threads: 16
Report intermediate results every 1 second(s)
Initializing random number generator from current time


Initializing worker threads...

Threads started!

1,16,10608.83,169877.10,148644.46,0.00,21232.64,1.79,0.00,0.00
2,16,10689.11,171059.80,149680.57,0.00,21379.22,1.76,0.00,0.00
3,16,10837.67,173392.66,151718.33,0.00,21674.33,1.70,0.00,0.00
4,16,10803.01,172819.18,151213.16,0.00,21606.02,1.73,0.00,0.00
5,16,10811.18,172999.93,151377.56,0.00,21622.37,1.76,0.00,0.00
6,16,10669.95,170690.18,149349.29,0.00,21340.90,1.79,0.00,0.00
7,16,10820.37,173154.96,151514.22,0.00,21640.74,1.70,0.00,0.00
8,16,10933.58,174954.22,153088.06,0.00,21866.15,1.58,0.00,0.00
9,16,10881.35,174082.67,152319.96,0.00,21762.71,1.70,0.00,0.00
10,16,10828.63,173278.11,151619.84,0.00,21658.26,1.67,0.00,0.00
11,16,10770.09,172322.48,150782.30,0.00,21540.19,1.73,0.00,0.00
12,16,10780.52,172429.39,150868.34,0.00,21561.05,1.73,0.00,0.00
13,16,10911.64,174637.27,152814.99,0.00,21822.28,1.64,0.00,0.00
14,16,10698.86,171173.75,149776.03,0.00,21397.72,1.79,0.00,0.00
15,16,10755.97,172093.58,150580.63,0.00,21512.95,1.76,0.00,0.00
16,16,10869.97,173916.52,152176.58,0.00,21739.94,1.70,0.00,0.00
17,16,10921.37,174733.95,152892.20,0.00,21841.74,1.67,0.00,0.00
18,16,10842.94,173479.08,151794.19,0.00,21684.88,1.70,0.00,0.00
19,16,10933.82,174951.16,153082.51,0.00,21868.64,1.58,0.00,0.00
20,16,10406.69,166518.07,145702.68,0.00,20815.38,1.82,0.00,0.00
21,16,10712.60,171378.61,149954.41,0.00,21424.20,1.79,0.00,0.00
22,16,10663.90,170620.32,149293.53,0.00,21326.79,1.82,0.00,0.00
23,16,10919.11,174705.83,152867.60,0.00,21838.23,1.61,0.00,0.00
24,16,10923.59,174819.39,152971.22,0.00,21848.17,1.58,0.00,0.00
25,16,10938.09,175007.52,153131.33,0.00,21876.19,1.58,0.00,0.00
26,16,10800.98,172766.70,151165.73,0.00,21600.96,1.73,0.00,0.00
27,16,10842.28,173476.43,151790.87,0.00,21685.55,1.70,0.00,0.00
28,16,10913.49,174678.85,152851.87,0.00,21826.98,1.61,0.00,0.00
29,16,10695.31,171101.92,149711.30,0.00,21390.61,1.79,0.00,0.00
30,16,10563.25,168954.04,147829.53,0.00,21124.51,1.82,0.00,0.00
31,16,10786.94,172627.06,151051.18,0.00,21575.88,1.76,0.00,0.00
32,16,10950.37,175223.94,153324.19,0.00,21899.74,1.58,0.00,0.00
33,16,10764.26,172234.18,150704.65,0.00,21529.52,1.76,0.00,0.00
34,16,10732.14,171694.31,150230.02,0.00,21464.29,1.76,0.00,0.00
35,16,10827.58,173237.22,151582.07,0.00,21655.15,1.70,0.00,0.00
36,16,10929.30,174870.86,153012.25,0.00,21858.61,1.61,0.00,0.00
37,16,10805.22,172873.46,151264.03,0.00,21609.43,1.73,0.00,0.00
38,16,10880.10,174108.62,152348.42,0.00,21760.20,1.64,0.00,0.00
39,16,10916.71,174678.29,152843.88,0.00,21834.41,1.61,0.00,0.00
40,16,10849.18,173578.88,151881.52,0.00,21697.36,1.67,0.00,0.00
41,16,10774.68,172385.84,150835.48,0.00,21550.35,1.73,0.00,0.00
42,16,10912.89,174627.22,152801.44,0.00,21825.78,1.61,0.00,0.00
43,16,10771.89,172332.19,150788.42,0.00,21543.77,1.73,0.00,0.00
44,16,10969.39,175471.17,153533.40,0.00,21937.77,1.58,0.00,0.00
45,16,10539.34,168705.38,147625.71,0.00,21079.67,1.82,0.00,0.00
46,16,10716.69,171429.07,149995.69,0.00,21433.38,1.76,0.00,0.00
47,16,10905.94,174485.97,152674.10,0.00,21811.87,1.61,0.00,0.00
48,16,10726.90,171635.34,150180.55,0.00,21454.79,1.79,0.00,0.00
49,16,10924.15,174780.39,152934.09,0.00,21846.30,1.67,0.00,0.00
50,16,10653.83,170453.29,149145.63,0.00,21307.66,1.82,0.00,0.00
51,16,10832.13,173312.16,151646.89,0.00,21665.27,1.70,0.00,0.00
52,16,10856.07,173727.07,152014.94,0.00,21712.13,1.70,0.00,0.00
53,16,10790.97,172610.60,151029.65,0.00,21580.95,1.73,0.00,0.00
54,16,10801.29,172885.64,151282.06,0.00,21603.58,1.70,0.00,0.00
55,16,10876.82,174019.14,152265.50,0.00,21753.64,1.64,0.00,0.00
56,16,10823.80,173142.73,151495.14,0.00,21647.59,1.73,0.00,0.00
57,16,10673.23,170786.66,149442.20,0.00,21344.46,1.82,0.00,0.00
58,16,10798.77,172810.32,151210.78,0.00,21599.54,1.73,0.00,0.00
59,16,10859.04,173709.67,151993.59,0.00,21716.08,1.67,0.00,0.00
60,16,10856.19,173704.10,151989.71,0.00,21714.39,1.70,0.00,0.00
61,16,10884.04,174154.58,152386.51,0.00,21768.07,1.67,0.00,0.00
62,16,10682.75,170933.07,149567.56,0.00,21365.51,1.82,0.00,0.00
63,16,10913.86,174622.79,152795.07,0.00,21827.72,1.64,0.00,0.00
64,16,10888.06,174220.95,152444.83,0.00,21776.12,1.64,0.00,0.00
65,16,10792.03,172653.47,151069.41,0.00,21584.06,1.73,0.00,0.00
66,16,10750.03,171965.54,150465.47,0.00,21500.07,1.79,0.00,0.00
67,16,10756.52,172129.39,150616.34,0.00,21513.05,1.73,0.00,0.00
68,16,10894.15,174323.36,152535.06,0.00,21788.30,1.67,0.00,0.00
69,16,10941.70,175066.28,153182.87,0.00,21883.41,1.61,0.00,0.00
70,16,10720.62,171517.88,150078.65,0.00,21439.24,1.79,0.00,0.00
71,16,10855.08,173697.23,151985.07,0.00,21712.15,1.70,0.00,0.00
72,16,10729.63,171668.05,150208.79,0.00,21459.26,1.82,0.00,0.00
73,16,10816.29,173070.56,151437.99,0.00,21632.57,1.70,0.00,0.00
74,16,10794.10,172702.54,151115.34,0.00,21587.19,1.73,0.00,0.00
75,16,10942.06,175013.98,153128.86,0.00,21885.12,1.58,0.00,0.00
76,16,10688.96,171056.34,149678.42,0.00,21377.92,1.79,0.00,0.00
77,16,10947.59,175150.44,153254.26,0.00,21896.18,1.58,0.00,0.00
78,16,10865.33,173842.33,152112.67,0.00,21729.67,1.67,0.00,0.00
79,16,10783.97,172550.51,150982.57,0.00,21567.94,1.73,0.00,0.00
80,16,10866.18,173867.89,152135.53,0.00,21732.36,1.67,0.00,0.00
81,16,10716.93,171463.85,150031.99,0.00,21431.86,1.79,0.00,0.00
82,16,10785.91,172605.48,151032.67,0.00,21572.81,1.73,0.00,0.00
83,16,10896.03,174312.56,152519.49,0.00,21793.07,1.64,0.00,0.00
84,16,10897.90,174350.40,152554.60,0.00,21795.80,1.61,0.00,0.00
85,16,10914.06,174622.01,152793.88,0.00,21828.13,1.67,0.00,0.00
86,16,10757.01,172133.10,150619.09,0.00,21514.01,1.73,0.00,0.00
87,16,10852.98,173640.69,151934.73,0.00,21705.96,1.70,0.00,0.00
88,16,10870.12,173902.89,152163.65,0.00,21739.24,1.67,0.00,0.00
89,16,10830.53,173281.56,151620.49,0.00,21661.07,1.73,0.00,0.00
90,16,10728.33,171697.26,150239.60,0.00,21457.66,1.76,0.00,0.00
91,16,10913.12,174569.90,152744.66,0.00,21825.24,1.61,0.00,0.00
92,16,10919.67,174733.67,152894.34,0.00,21839.33,1.61,0.00,0.00
93,16,10742.23,171875.73,150390.27,0.00,21485.47,1.79,0.00,0.00
94,16,10711.25,171426.04,150003.54,0.00,21422.50,1.76,0.00,0.00
95,16,10639.82,170187.17,148907.52,0.00,21279.65,1.82,0.00,0.00
96,16,10910.01,174552.11,152732.09,0.00,21820.01,1.64,0.00,0.00
97,16,10890.04,174226.56,152446.49,0.00,21780.07,1.67,0.00,0.00
98,16,10735.57,171836.11,150364.97,0.00,21471.14,1.79,0.00,0.00
99,16,10875.22,173981.45,152232.01,0.00,21749.43,1.64,0.00,0.00
100,16,10899.00,174377.97,152578.98,0.00,21799.00,1.64,0.00,0.00
101,16,10822.35,173157.68,151512.97,0.00,21644.71,1.70,0.00,0.00
102,16,10947.61,175140.80,153244.57,0.00,21896.22,1.58,0.00,0.00
103,16,10833.14,173316.30,151655.01,0.00,21661.29,1.73,0.00,0.00
104,16,10916.19,174701.05,152864.67,0.00,21836.38,1.58,0.00,0.00
105,16,10860.05,173749.83,152029.73,0.00,21720.10,1.70,0.00,0.00
106,16,10795.73,172744.63,151154.18,0.00,21590.45,1.73,0.00,0.00
107,16,10886.01,174181.09,152408.08,0.00,21773.01,1.61,0.00,0.00
108,16,10854.13,173633.08,151925.82,0.00,21707.26,1.67,0.00,0.00
109,16,10723.17,171548.70,150101.36,0.00,21447.34,1.76,0.00,0.00
110,16,10827.70,173292.14,151635.75,0.00,21656.39,1.70,0.00,0.00
111,16,10872.05,173941.81,152198.71,0.00,21743.10,1.67,0.00,0.00
112,16,10940.84,175035.40,153155.73,0.00,21879.68,1.61,0.00,0.00
113,16,10681.24,170928.82,149564.34,0.00,21364.48,1.79,0.00,0.00
114,16,10497.87,167935.86,146941.12,0.00,20994.73,1.86,0.00,0.00
115,16,10897.05,174354.82,152559.72,0.00,21795.10,1.67,0.00,0.00
116,16,10878.00,174070.05,152314.04,0.00,21756.01,1.67,0.00,0.00
117,16,10844.13,173510.07,151822.81,0.00,21687.26,1.73,0.00,0.00
118,16,10729.56,171659.03,150199.90,0.00,21459.13,1.79,0.00,0.00
119,16,10938.18,174986.95,153111.58,0.00,21875.37,1.58,0.00,0.00
120,16,10870.00,173958.05,152216.04,0.00,21742.01,1.67,0.00,0.00
121,16,10801.20,172815.20,151211.80,0.00,21603.40,1.73,0.00,0.00
122,16,10790.10,172668.62,151089.41,0.00,21579.20,1.73,0.00,0.00
123,16,10816.56,173053.97,151420.85,0.00,21633.12,1.73,0.00,0.00
124,16,10936.16,174958.57,153087.25,0.00,21871.32,1.61,0.00,0.00
125,16,10701.46,171220.43,149816.50,0.00,21403.93,1.79,0.00,0.00
126,16,10748.82,171985.12,150487.48,0.00,21497.64,1.73,0.00,0.00
127,16,10714.75,171449.92,150020.43,0.00,21429.49,1.79,0.00,0.00
128,16,10867.57,173843.04,152107.91,0.00,21735.13,1.70,0.00,0.00
129,16,10774.55,172424.79,150875.69,0.00,21549.10,1.79,0.00,0.00
130,16,10808.68,172913.81,151296.46,0.00,21617.35,1.79,0.00,0.00
131,16,10800.12,172784.87,151185.63,0.00,21599.23,1.73,0.00,0.00
132,16,10862.11,173805.68,152081.47,0.00,21724.21,1.70,0.00,0.00
133,16,10661.19,170609.09,149285.71,0.00,21323.39,1.79,0.00,0.00
134,16,10842.42,173475.72,151790.88,0.00,21684.84,1.70,0.00,0.00
135,16,10912.82,174584.05,152759.42,0.00,21824.63,1.61,0.00,0.00
136,16,10863.81,173832.95,152104.33,0.00,21728.62,1.70,0.00,0.00
137,16,10836.79,173354.69,151683.10,0.00,21671.59,1.73,0.00,0.00
138,16,10796.08,172746.21,151153.06,0.00,21593.15,1.73,0.00,0.00
139,16,10853.17,173660.80,151954.45,0.00,21706.35,1.67,0.00,0.00
140,16,10791.97,172687.54,151102.60,0.00,21584.94,1.70,0.00,0.00
141,16,10759.84,172187.50,150667.81,0.00,21519.69,1.76,0.00,0.00
142,16,10653.12,170459.94,149153.70,0.00,21306.24,1.82,0.00,0.00
143,16,10867.37,173820.95,152086.20,0.00,21734.74,1.70,0.00,0.00
144,16,10910.62,174571.88,152751.64,0.00,21820.23,1.58,0.00,0.00
145,16,10912.86,174605.73,152779.02,0.00,21826.72,1.67,0.00,0.00
146,16,10843.16,173508.52,151822.21,0.00,21686.32,1.70,0.00,0.00
147,16,10799.00,172764.96,151168.96,0.00,21595.99,1.73,0.00,0.00
148,16,10793.89,172730.19,151140.41,0.00,21589.77,1.73,0.00,0.00
149,16,10866.54,173844.63,152111.55,0.00,21733.08,1.70,0.00,0.00
150,16,10839.42,173438.65,151760.82,0.00,21677.83,1.67,0.00,0.00
151,16,10991.37,175846.96,153863.21,0.00,21983.75,1.58,0.00,0.00
152,16,10798.04,172754.65,151158.57,0.00,21596.08,1.73,0.00,0.00
153,16,10557.69,168945.10,147829.71,0.00,21115.39,1.82,0.00,0.00
154,16,10540.16,168639.58,147560.26,0.00,21079.32,1.82,0.00,0.00
155,16,10861.82,173781.14,152057.50,0.00,21723.64,1.67,0.00,0.00
156,16,10855.15,173645.39,151935.09,0.00,21710.30,1.70,0.00,0.00
157,16,10848.83,173604.24,151905.59,0.00,21698.66,1.70,0.00,0.00
158,16,10750.08,172020.27,150520.11,0.00,21500.16,1.76,0.00,0.00
159,16,10864.85,173867.61,152138.91,0.00,21728.70,1.67,0.00,0.00
160,16,10883.02,174082.30,152316.26,0.00,21766.04,1.67,0.00,0.00
161,16,10811.97,173040.55,151415.61,0.00,21624.94,1.73,0.00,0.00
162,16,10725.42,171616.74,150165.90,0.00,21450.84,1.79,0.00,0.00
163,16,10857.59,173704.42,151989.24,0.00,21715.18,1.67,0.00,0.00
164,16,10869.08,173901.27,152163.11,0.00,21738.16,1.70,0.00,0.00
165,16,10823.94,173184.98,151537.11,0.00,21647.87,1.73,0.00,0.00
166,16,10636.10,170172.56,148900.37,0.00,21272.20,1.82,0.00,0.00
167,16,10886.17,174160.71,152388.37,0.00,21772.34,1.64,0.00,0.00
168,16,10776.71,172444.34,150891.93,0.00,21552.42,1.73,0.00,0.00
169,16,10834.03,173335.52,151667.45,0.00,21668.06,1.73,0.00,0.00
170,16,10869.87,173914.95,152174.21,0.00,21740.74,1.70,0.00,0.00
171,16,10956.01,175316.23,153404.20,0.00,21912.03,1.58,0.00,0.00
172,16,10931.62,174870.88,153008.64,0.00,21862.24,1.58,0.00,0.00
173,16,10929.74,174892.89,153032.40,0.00,21860.49,1.61,0.00,0.00
174,16,10868.57,173900.12,152162.98,0.00,21737.14,1.67,0.00,0.00
175,16,10927.42,174859.72,153004.88,0.00,21854.84,1.58,0.00,0.00
176,16,10859.12,173710.86,151993.63,0.00,21717.23,1.67,0.00,0.00
177,16,10805.75,172869.07,151257.56,0.00,21611.51,1.76,0.00,0.00
178,16,10804.12,172905.93,151296.69,0.00,21609.24,1.70,0.00,0.00
179,16,10854.78,173671.46,151961.90,0.00,21709.56,1.67,0.00,0.00
180,16,10821.30,173142.75,151500.15,0.00,21642.59,1.73,0.00,0.00
181,16,10850.44,173601.97,151902.10,0.00,21699.87,1.70,0.00,0.00
182,16,10804.38,172874.12,151267.36,0.00,21606.77,1.73,0.00,0.00
183,16,10959.73,175349.68,153428.22,0.00,21921.46,1.55,0.00,0.00
184,16,10931.20,174887.15,153026.76,0.00,21860.39,1.58,0.00,0.00
185,16,10807.14,172971.33,151354.04,0.00,21617.29,1.73,0.00,0.00
186,16,10928.93,174809.84,152952.99,0.00,21856.86,1.58,0.00,0.00
187,16,10904.78,174499.54,152688.98,0.00,21810.57,1.61,0.00,0.00
188,16,10823.96,173165.42,151517.49,0.00,21647.93,1.70,0.00,0.00
189,16,10839.10,173442.52,151764.33,0.00,21678.19,1.73,0.00,0.00
190,16,10901.07,174417.14,152615.00,0.00,21802.14,1.58,0.00,0.00
191,16,10824.82,173186.17,151536.52,0.00,21649.65,1.70,0.00,0.00
192,16,10875.94,174000.02,152248.14,0.00,21751.88,1.64,0.00,0.00
193,16,10865.39,173861.25,152130.46,0.00,21730.78,1.70,0.00,0.00
194,16,10617.77,169931.36,148695.81,0.00,21235.54,1.82,0.00,0.00
195,16,10910.97,174548.53,152726.59,0.00,21821.94,1.61,0.00,0.00
196,16,10857.04,173716.64,152002.56,0.00,21714.08,1.70,0.00,0.00
197,16,10771.39,172297.27,150755.49,0.00,21541.78,1.76,0.00,0.00
198,16,10912.61,174613.80,152788.57,0.00,21825.22,1.61,0.00,0.00
199,16,10925.97,174820.46,152968.53,0.00,21851.93,1.61,0.00,0.00
200,16,10878.29,174050.66,152293.08,0.00,21757.58,1.67,0.00,0.00
201,16,10854.79,173676.61,151967.03,0.00,21709.58,1.67,0.00,0.00
202,16,10747.86,171989.83,150494.10,0.00,21495.73,1.76,0.00,0.00
203,16,10930.22,174853.48,152994.05,0.00,21859.44,1.61,0.00,0.00
204,16,10815.92,173088.78,151455.93,0.00,21632.85,1.73,0.00,0.00
205,16,10658.18,170513.85,149197.49,0.00,21316.36,1.82,0.00,0.00
206,16,10784.77,172564.25,150994.72,0.00,21569.53,1.73,0.00,0.00
207,16,10880.91,174088.49,152326.68,0.00,21761.81,1.61,0.00,0.00
208,16,10866.51,173887.15,152155.13,0.00,21732.02,1.67,0.00,0.00
209,16,10803.29,172860.62,151253.04,0.00,21607.58,1.76,0.00,0.00
210,16,10797.25,172740.08,151145.57,0.00,21594.51,1.70,0.00,0.00
211,16,10862.04,173791.67,152067.58,0.00,21724.08,1.70,0.00,0.00
212,16,10825.94,173174.08,151522.20,0.00,21651.89,1.73,0.00,0.00
213,16,10942.75,175107.01,153222.51,0.00,21884.50,1.61,0.00,0.00
214,16,10752.41,172048.48,150542.67,0.00,21505.81,1.76,0.00,0.00
215,16,10765.88,172261.01,150729.26,0.00,21531.75,1.76,0.00,0.00
216,16,10866.39,173841.16,152108.39,0.00,21732.77,1.67,0.00,0.00
217,16,10839.35,173421.52,151742.83,0.00,21678.69,1.70,0.00,0.00
218,16,10796.43,172769.95,151177.08,0.00,21592.87,1.73,0.00,0.00
219,16,10867.79,173899.61,152164.03,0.00,21735.58,1.67,0.00,0.00
220,16,10768.20,172271.21,150734.81,0.00,21536.40,1.76,0.00,0.00
221,16,10739.87,171848.86,150369.13,0.00,21479.73,1.79,0.00,0.00
222,16,10705.01,171280.10,149870.09,0.00,21410.01,1.79,0.00,0.00
223,16,10850.91,173621.53,151919.72,0.00,21701.82,1.70,0.00,0.00
224,16,10911.22,174543.49,152721.05,0.00,21822.44,1.64,0.00,0.00
225,16,10579.94,169313.12,148153.23,0.00,21159.89,1.82,0.00,0.00
226,16,10749.34,171997.44,150498.76,0.00,21498.68,1.76,0.00,0.00
227,16,10585.67,169344.66,148173.33,0.00,21171.33,1.82,0.00,0.00
228,16,10826.92,173263.64,151610.81,0.00,21652.83,1.73,0.00,0.00
229,16,10740.14,171827.25,150346.97,0.00,21480.28,1.79,0.00,0.00
230,16,10160.88,162586.03,142263.27,0.00,20322.75,1.86,0.00,0.00
231,16,10787.06,172572.91,150998.79,0.00,21574.11,1.79,0.00,0.00
232,16,10910.07,174520.05,152700.92,0.00,21819.13,1.61,0.00,0.00
233,16,10862.29,173851.61,152126.03,0.00,21725.58,1.70,0.00,0.00
234,16,10755.71,172035.41,150525.98,0.00,21509.43,1.76,0.00,0.00
235,16,10870.89,173963.23,152219.45,0.00,21743.78,1.70,0.00,0.00
236,16,10829.21,173245.41,151586.98,0.00,21658.43,1.70,0.00,0.00
237,16,10710.87,171416.85,149995.12,0.00,21421.73,1.79,0.00,0.00
238,16,10846.43,173534.83,151841.97,0.00,21692.85,1.70,0.00,0.00
239,16,10947.59,175144.47,153249.28,0.00,21895.18,1.58,0.00,0.00
240,16,10937.38,174966.02,153091.27,0.00,21874.75,1.61,0.00,0.00
241,16,10931.61,174934.72,153070.50,0.00,21864.21,1.64,0.00,0.00
242,16,10905.64,174470.18,152659.91,0.00,21810.27,1.58,0.00,0.00
243,16,10854.21,173718.39,152009.97,0.00,21708.42,1.70,0.00,0.00
244,16,10898.17,174339.66,152543.33,0.00,21796.33,1.61,0.00,0.00
245,16,10909.12,174537.96,152720.71,0.00,21817.24,1.67,0.00,0.00
246,16,10808.09,172953.39,151337.22,0.00,21616.17,1.70,0.00,0.00
247,16,10745.53,171928.40,150436.35,0.00,21492.05,1.76,0.00,0.00
248,16,10933.86,174932.72,153065.00,0.00,21867.71,1.58,0.00,0.00
249,16,10770.41,172305.52,150764.70,0.00,21540.81,1.73,0.00,0.00
250,16,10672.99,170765.85,149419.87,0.00,21345.98,1.79,0.00,0.00
251,16,10883.40,174147.45,152381.64,0.00,21765.81,1.67,0.00,0.00
252,16,10731.86,171735.70,150270.99,0.00,21464.71,1.79,0.00,0.00
253,16,10721.61,171525.70,150082.49,0.00,21443.21,1.79,0.00,0.00
254,16,10560.08,168956.25,147837.09,0.00,21119.16,1.82,0.00,0.00
255,16,10794.98,172729.62,151138.67,0.00,21590.95,1.73,0.00,0.00
256,16,10910.41,174555.58,152735.76,0.00,21819.82,1.61,0.00,0.00
257,16,10933.67,174933.73,153065.39,0.00,21868.34,1.61,0.00,0.00
258,16,10690.04,171035.64,149655.56,0.00,21380.08,1.82,0.00,0.00
259,16,10919.78,174749.49,152909.93,0.00,21839.56,1.58,0.00,0.00
260,16,10897.34,174291.46,152497.78,0.00,21793.68,1.61,0.00,0.00
261,16,10715.10,171488.61,150057.41,0.00,21431.20,1.79,0.00,0.00
262,16,10820.68,173113.87,151472.51,0.00,21641.36,1.73,0.00,0.00
263,16,10887.37,174201.87,152428.14,0.00,21773.73,1.67,0.00,0.00
264,16,10909.62,174582.95,152762.70,0.00,21820.24,1.61,0.00,0.00
265,16,10856.32,173700.05,151987.42,0.00,21712.63,1.73,0.00,0.00
266,16,10760.82,172172.19,150650.54,0.00,21521.65,1.79,0.00,0.00
267,16,10847.00,173547.96,151853.97,0.00,21694.00,1.70,0.00,0.00
268,16,10870.86,173926.76,152186.04,0.00,21740.72,1.67,0.00,0.00
269,16,10728.12,171670.86,150213.62,0.00,21457.23,1.79,0.00,0.00
270,16,10654.87,170421.95,149112.20,0.00,21309.74,1.79,0.00,0.00
271,16,10749.05,172020.77,150522.67,0.00,21498.10,1.76,0.00,0.00
272,16,10823.85,173196.58,151548.88,0.00,21647.70,1.73,0.00,0.00
273,16,10504.16,168035.57,147027.25,0.00,21008.32,1.82,0.00,0.00
274,16,10488.89,167871.20,146893.42,0.00,20977.77,1.86,0.00,0.00
275,16,10896.17,174301.74,152509.40,0.00,21792.34,1.67,0.00,0.00
276,16,10854.09,173677.47,151969.29,0.00,21708.18,1.70,0.00,0.00
277,16,10878.74,174039.88,152283.39,0.00,21756.48,1.70,0.00,0.00
278,16,10757.08,172109.28,150594.12,0.00,21515.16,1.79,0.00,0.00
279,16,10754.02,172080.35,150572.31,0.00,21508.04,1.73,0.00,0.00
280,16,10819.15,173105.40,151467.10,0.00,21638.30,1.73,0.00,0.00
281,16,10910.16,174571.60,152751.28,0.00,21820.33,1.64,0.00,0.00
282,16,10714.61,171428.83,149999.60,0.00,21429.23,1.79,0.00,0.00
283,16,10799.03,172784.46,151187.40,0.00,21597.06,1.73,0.00,0.00
284,16,10983.05,175726.80,153759.70,0.00,21967.10,1.58,0.00,0.00
285,16,10826.17,173221.79,151570.44,0.00,21651.35,1.76,0.00,0.00
286,16,10669.87,170721.95,149381.20,0.00,21340.74,1.79,0.00,0.00
287,16,10829.94,173249.01,151590.14,0.00,21658.88,1.70,0.00,0.00
288,16,10946.02,175160.28,153267.24,0.00,21893.03,1.58,0.00,0.00
289,16,10858.91,173775.48,152057.67,0.00,21717.81,1.70,0.00,0.00
290,16,10865.93,173807.83,152076.98,0.00,21730.85,1.70,0.00,0.00
291,16,10955.37,175319.93,153409.19,0.00,21910.74,1.58,0.00,0.00
292,16,10884.03,174115.43,152346.37,0.00,21769.05,1.64,0.00,0.00
293,16,10744.67,171935.77,150446.43,0.00,21489.35,1.79,0.00,0.00
294,16,10809.10,172944.62,151326.41,0.00,21618.20,1.70,0.00,0.00
295,16,10826.01,173198.16,151547.14,0.00,21651.02,1.73,0.00,0.00
296,16,10841.72,173447.53,151763.09,0.00,21684.44,1.70,0.00,0.00
297,16,10720.28,171574.50,150133.94,0.00,21440.56,1.79,0.00,0.00
298,16,10803.87,172860.85,151253.12,0.00,21607.73,1.73,0.00,0.00
299,16,10871.11,173886.75,152146.53,0.00,21740.22,1.67,0.00,0.00
300,16,10915.04,174650.66,152820.58,0.00,21830.08,1.64,0.00,0.00
SQL statistics:
    queries performed:
        read:                            45428236
        write:                           0
        other:                           6489748
        total:                           51917984
    transactions:                        3244874 (10816.12 per sec.)
    queries:                             51917984 (173057.88 per sec.)
    ignored errors:                      0      (0.00 per sec.)
    reconnects:                          0      (0.00 per sec.)

General statistics:
    total time:                          300.0022s
    total number of events:              3244874

Latency (ms):
         min:                                    1.17
         avg:                                    1.48
         max:                                    3.05
         95th percentile:                        1.73
         sum:                              4794712.18

Threads fairness:
    events (avg/stddev):           202804.6250/332.66
    execution time (avg/stddev):   299.6695/0.00

