sysbench 1.0.20 (using bundled LuaJIT 2.1.0-beta2)

Running the test with following options:
Number of threads: 16
Report intermediate results every 1 second(s)
Initializing random number generator from current time


Initializing worker threads...

Threads started!

1,16,8539.73,136797.23,119702.81,0.00,17094.42,2.22,0.00,0.00
2,16,9157.04,146522.58,128208.51,0.00,18314.07,2.07,0.00,0.00
3,16,9408.84,150530.48,131711.80,0.00,18818.69,1.89,0.00,0.00
4,16,9423.16,150756.56,131911.24,0.00,18845.32,1.93,0.00,0.00
5,16,9294.78,148711.44,130121.89,0.00,18589.56,2.03,0.00,0.00
6,16,9087.44,145423.98,127250.10,0.00,18173.87,2.11,0.00,0.00
7,16,9368.74,149900.84,131162.36,0.00,18738.48,1.96,0.00,0.00
8,16,9335.92,149359.71,130688.87,0.00,18670.84,2.00,0.00,0.00
9,16,9310.70,148986.26,130363.85,0.00,18622.41,2.00,0.00,0.00
10,16,9182.97,146903.59,128536.64,0.00,18366.95,2.07,0.00,0.00
11,16,9456.57,151332.13,132419.99,0.00,18912.14,1.82,0.00,0.00
12,16,9373.38,149949.04,131201.29,0.00,18747.75,1.96,0.00,0.00
13,16,9212.18,147404.89,128981.52,0.00,18423.36,2.07,0.00,0.00
14,16,9388.28,150224.55,131446.99,0.00,18777.57,2.00,0.00,0.00
15,16,9401.76,150407.13,131605.61,0.00,18801.52,1.89,0.00,0.00
16,16,9408.93,150564.94,131744.07,0.00,18820.87,1.89,0.00,0.00
17,16,9317.89,149071.29,130437.50,0.00,18633.79,2.03,0.00,0.00
18,16,9367.96,149872.39,131136.46,0.00,18735.92,1.96,0.00,0.00
19,16,9396.67,150365.72,131571.38,0.00,18794.34,1.96,0.00,0.00
20,16,9386.04,150158.56,131387.49,0.00,18771.07,2.00,0.00,0.00
21,16,9044.32,144729.17,126639.52,0.00,18089.65,2.07,0.00,0.00
22,16,9148.94,146367.11,128069.22,0.00,18297.89,2.11,0.00,0.00
23,16,9428.15,150864.33,132008.04,0.00,18856.29,1.86,0.00,0.00
24,16,9309.33,148933.27,130315.61,0.00,18617.66,2.03,0.00,0.00
25,16,9382.87,150140.86,131374.13,0.00,18766.73,1.96,0.00,0.00
26,16,9358.70,149720.14,131002.74,0.00,18717.39,2.00,0.00,0.00
27,16,9318.10,149113.55,130479.36,0.00,18634.19,2.00,0.00,0.00
28,16,9385.03,150152.55,131380.48,0.00,18772.07,1.89,0.00,0.00
29,16,9399.14,150401.26,131602.98,0.00,18798.28,1.89,0.00,0.00
30,16,9238.86,147796.84,129319.11,0.00,18477.73,2.07,0.00,0.00
31,16,9430.28,150909.47,132048.91,0.00,18860.56,1.86,0.00,0.00
32,16,9354.85,149630.67,130921.96,0.00,18708.71,1.96,0.00,0.00
33,16,9274.78,148442.49,129891.92,0.00,18550.56,2.03,0.00,0.00
34,16,9118.23,145877.71,127641.25,0.00,18236.46,2.11,0.00,0.00
35,16,9416.52,150696.34,131863.30,0.00,18833.04,1.86,0.00,0.00
36,16,9332.31,149234.03,130570.40,0.00,18663.63,2.00,0.00,0.00
37,16,9346.26,149587.17,130893.65,0.00,18693.52,1.96,0.00,0.00
38,16,9365.50,149846.93,131115.94,0.00,18730.99,1.93,0.00,0.00
39,16,9378.25,150044.00,131287.50,0.00,18756.50,1.86,0.00,0.00
40,16,9376.37,150044.99,131294.24,0.00,18750.75,1.89,0.00,0.00
41,16,9292.71,148675.42,130088.99,0.00,18586.43,2.00,0.00,0.00
42,16,9212.25,147390.02,128964.52,0.00,18425.50,2.03,0.00,0.00
43,16,9225.96,147618.32,129166.40,0.00,18451.91,2.03,0.00,0.00
44,16,9400.69,150410.10,131608.71,0.00,18801.39,1.86,0.00,0.00
45,16,9351.94,149657.00,130953.12,0.00,18703.87,1.96,0.00,0.00
46,16,9262.93,148165.94,129640.07,0.00,18525.87,2.03,0.00,0.00
47,16,9265.10,148253.63,129724.42,0.00,18529.20,2.07,0.00,0.00
48,16,9301.03,148815.43,130212.38,0.00,18603.05,2.00,0.00,0.00
49,16,9242.35,147851.59,129369.89,0.00,18481.70,2.03,0.00,0.00
50,16,9157.71,146567.36,128248.94,0.00,18318.42,2.07,0.00,0.00
51,16,9417.11,150657.75,131824.53,0.00,18833.22,1.86,0.00,0.00
52,16,9372.99,149983.78,131236.81,0.00,18746.97,1.93,0.00,0.00
53,16,9210.95,147383.22,128961.32,0.00,18421.90,2.07,0.00,0.00
54,16,9263.75,148218.97,129692.48,0.00,18526.50,2.03,0.00,0.00
55,16,9342.56,149466.98,130781.86,0.00,18685.12,1.96,0.00,0.00
56,16,9368.60,149912.59,131174.39,0.00,18738.20,1.93,0.00,0.00
57,16,9388.33,150197.32,131420.66,0.00,18776.67,1.93,0.00,0.00
58,16,9167.62,146699.89,128365.66,0.00,18334.24,2.07,0.00,0.00
59,16,9344.89,149513.24,130822.46,0.00,18690.78,1.93,0.00,0.00
60,16,9421.76,150732.22,131889.70,0.00,18842.53,1.86,0.00,0.00
61,16,9393.33,150295.34,131508.67,0.00,18786.67,1.93,0.00,0.00
62,16,9196.96,147134.33,128739.42,0.00,18394.92,2.07,0.00,0.00
63,16,9383.97,150148.52,131379.58,0.00,18768.94,1.89,0.00,0.00
64,16,9308.29,148965.66,130350.08,0.00,18615.58,2.00,0.00,0.00
65,16,9254.68,148069.90,129560.54,0.00,18509.36,2.03,0.00,0.00
66,16,9225.14,147571.19,129119.92,0.00,18451.27,2.07,0.00,0.00
67,16,9446.32,151155.06,132263.42,0.00,18891.63,1.82,0.00,0.00
68,16,9332.99,149296.78,130630.81,0.00,18665.97,2.00,0.00,0.00
69,16,9241.67,147901.76,129418.41,0.00,18483.35,2.07,0.00,0.00
70,16,9210.90,147365.47,128943.67,0.00,18421.81,2.07,0.00,0.00
71,16,9345.15,149543.40,130853.10,0.00,18690.30,1.93,0.00,0.00
72,16,9363.15,149781.39,131055.09,0.00,18726.30,1.96,0.00,0.00
73,16,9304.01,148896.13,130288.11,0.00,18608.02,2.03,0.00,0.00
74,16,9280.89,148481.31,129919.52,0.00,18561.79,2.03,0.00,0.00
75,16,9341.13,149446.11,130763.85,0.00,18682.26,1.96,0.00,0.00
76,16,9327.53,149272.49,130617.43,0.00,18655.06,2.00,0.00,0.00
77,16,9294.35,148655.62,130066.92,0.00,18588.70,2.03,0.00,0.00
78,16,9305.87,148933.98,130322.23,0.00,18611.75,2.00,0.00,0.00
79,16,9344.10,149477.52,130789.33,0.00,18688.19,1.96,0.00,0.00
80,16,9364.97,149860.54,131131.60,0.00,18728.94,2.00,0.00,0.00
81,16,9283.80,148530.75,129962.16,0.00,18568.59,2.03,0.00,0.00
82,16,9315.37,149040.00,130410.25,0.00,18629.75,2.00,0.00,0.00
83,16,9342.75,149480.05,130794.55,0.00,18685.51,1.96,0.00,0.00
84,16,9414.84,150682.42,131850.74,0.00,18831.68,1.89,0.00,0.00
85,16,9441.17,151028.75,132147.40,0.00,18881.34,1.86,0.00,0.00
86,16,9294.08,148693.33,130105.16,0.00,18588.17,2.03,0.00,0.00
87,16,9391.06,150265.00,131482.87,0.00,18782.12,1.96,0.00,0.00
88,16,9393.47,150287.57,131500.62,0.00,18786.95,1.93,0.00,0.00
89,16,9291.51,148651.10,130069.09,0.00,18582.01,2.03,0.00,0.00
90,16,9399.83,150407.32,131607.66,0.00,18799.67,1.89,0.00,0.00
91,16,9378.25,150023.06,131268.55,0.00,18754.51,1.96,0.00,0.00
92,16,9330.30,149310.84,130647.24,0.00,18663.61,2.00,0.00,0.00
93,16,9468.57,151489.11,132551.97,0.00,18937.14,1.89,0.00,0.00
94,16,9258.16,148138.60,129622.27,0.00,18516.32,2.03,0.00,0.00
95,16,9398.66,150378.56,131581.24,0.00,18797.32,1.93,0.00,0.00
96,16,9403.34,150461.48,131654.80,0.00,18806.69,1.96,0.00,0.00
97,16,9352.98,149642.68,130936.72,0.00,18705.96,2.00,0.00,0.00
98,16,9357.86,149735.75,131020.03,0.00,18715.72,1.96,0.00,0.00
99,16,9435.91,150972.55,132101.73,0.00,18870.82,1.93,0.00,0.00
100,16,9398.40,150413.38,131615.58,0.00,18797.80,1.96,0.00,0.00
101,16,9242.92,147855.77,129369.93,0.00,18485.85,2.07,0.00,0.00
102,16,9193.90,147105.34,128717.55,0.00,18387.79,2.03,0.00,0.00
103,16,9504.26,152052.11,133043.59,0.00,19008.51,1.82,0.00,0.00
104,16,9403.93,150485.80,131677.95,0.00,18807.85,1.96,0.00,0.00
105,16,9361.51,149733.20,131011.18,0.00,18722.03,1.96,0.00,0.00
106,16,9342.95,149511.23,130826.33,0.00,18684.90,2.00,0.00,0.00
107,16,9440.18,151054.85,132173.50,0.00,18881.36,1.89,0.00,0.00
108,16,9478.59,151658.42,132700.24,0.00,18958.18,1.89,0.00,0.00
109,16,9411.94,150612.07,131788.18,0.00,18823.88,1.96,0.00,0.00
110,16,9293.32,148676.10,130089.46,0.00,18586.64,2.07,0.00,0.00
111,16,9325.25,149198.06,130547.56,0.00,18650.51,2.03,0.00,0.00
112,16,9415.25,150654.00,131823.50,0.00,18830.50,1.96,0.00,0.00
113,16,9313.59,149001.37,130375.20,0.00,18626.17,2.03,0.00,0.00
114,16,9364.85,149864.54,131134.85,0.00,18729.69,2.00,0.00,0.00
115,16,9509.33,152138.20,133118.55,0.00,19019.65,1.82,0.00,0.00
116,16,9428.85,150877.61,132019.90,0.00,18857.70,1.93,0.00,0.00
117,16,9426.97,150803.49,131950.55,0.00,18852.94,1.96,0.00,0.00
118,16,9417.67,150678.77,131843.42,0.00,18835.35,1.93,0.00,0.00
119,16,9449.38,151190.06,132290.30,0.00,18899.76,1.89,0.00,0.00
120,16,9510.91,152209.60,133188.78,0.00,19020.82,1.82,0.00,0.00
121,16,9342.24,149450.86,130767.38,0.00,18683.48,2.03,0.00,0.00
122,16,9345.35,149521.55,130829.85,0.00,18691.69,2.03,0.00,0.00
123,16,9423.33,150762.23,131915.57,0.00,18846.65,1.89,0.00,0.00
124,16,9396.20,150352.26,131558.86,0.00,18793.41,1.96,0.00,0.00
125,16,9487.01,151836.09,132862.08,0.00,18974.01,1.86,0.00,0.00
126,16,9338.76,149371.13,130693.61,0.00,18677.52,2.03,0.00,0.00
127,16,9471.72,151553.56,132611.11,0.00,18942.44,1.82,0.00,0.00
128,16,9381.23,150108.61,131345.16,0.00,18763.45,1.96,0.00,0.00
129,16,9454.37,151271.95,132363.21,0.00,18908.74,1.86,0.00,0.00
130,16,9457.55,151289.80,132374.70,0.00,18915.10,1.89,0.00,0.00
131,16,9513.67,152247.75,133220.41,0.00,19027.34,1.82,0.00,0.00
132,16,9490.62,151843.86,132862.63,0.00,18981.23,1.86,0.00,0.00
133,16,9419.54,150730.72,131891.63,0.00,18839.09,2.00,0.00,0.00
134,16,9395.69,150299.10,131509.71,0.00,18789.39,1.96,0.00,0.00
135,16,9478.90,151686.35,132726.55,0.00,18959.79,1.86,0.00,0.00
136,16,9333.88,149332.15,130664.38,0.00,18667.77,2.03,0.00,0.00
137,16,9422.04,150744.66,131900.58,0.00,18844.08,2.00,0.00,0.00
138,16,9423.96,150724.41,131878.49,0.00,18845.93,1.96,0.00,0.00
139,16,9467.94,151529.03,132591.15,0.00,18937.88,1.89,0.00,0.00
140,16,9516.06,152275.89,133243.78,0.00,19032.11,1.86,0.00,0.00
141,16,9497.56,151949.94,132956.82,0.00,18993.12,1.89,0.00,0.00
142,16,9461.36,151404.70,132479.99,0.00,18924.71,1.93,0.00,0.00
143,16,9513.14,152182.18,133156.91,0.00,19025.27,1.86,0.00,0.00
144,16,9400.01,150421.18,131620.15,0.00,18801.02,2.00,0.00,0.00
145,16,9496.73,151957.62,132965.17,0.00,18992.45,1.82,0.00,0.00
146,16,9482.24,151678.80,132714.33,0.00,18964.47,1.89,0.00,0.00
147,16,9570.32,153120.15,133978.51,0.00,19141.64,1.79,0.00,0.00
148,16,9461.89,151431.28,132507.50,0.00,18923.79,1.93,0.00,0.00
149,16,9469.31,151507.98,132569.36,0.00,18938.62,1.96,0.00,0.00
150,16,9370.51,149946.11,131205.09,0.00,18741.01,2.03,0.00,0.00
151,16,9437.20,150979.28,132104.87,0.00,18874.41,1.96,0.00,0.00
152,16,9477.31,151621.90,132667.29,0.00,18954.61,1.93,0.00,0.00
153,16,9327.97,149264.53,130609.58,0.00,18654.94,2.03,0.00,0.00
154,16,9433.89,150932.32,132064.53,0.00,18867.79,1.96,0.00,0.00
155,16,9398.57,150384.18,131586.03,0.00,18798.15,2.00,0.00,0.00
156,16,9491.51,151827.18,132847.16,0.00,18980.02,1.89,0.00,0.00
157,16,9395.05,150326.77,131533.67,0.00,18793.10,2.00,0.00,0.00
158,16,9269.47,148343.52,129804.58,0.00,18538.94,2.03,0.00,0.00
159,16,9479.34,151685.39,132727.71,0.00,18957.67,1.93,0.00,0.00
160,16,9519.22,152267.57,133229.12,0.00,19038.44,1.96,0.00,0.00
161,16,9423.70,150833.24,131984.84,0.00,18848.40,2.00,0.00,0.00
162,16,9488.76,151764.20,132787.67,0.00,18976.52,1.93,0.00,0.00
163,16,9481.30,151716.78,132753.18,0.00,18963.60,1.93,0.00,0.00
164,16,9508.01,152132.23,133116.20,0.00,19016.03,1.86,0.00,0.00
165,16,9503.13,152031.12,133024.85,0.00,19006.26,1.89,0.00,0.00
166,16,9439.82,151057.11,132177.47,0.00,18879.64,1.93,0.00,0.00
167,16,9427.74,150815.84,131960.36,0.00,18855.48,2.00,0.00,0.00
168,16,9433.12,150967.85,132101.62,0.00,18866.23,1.96,0.00,0.00
169,16,9331.92,149304.80,130640.95,0.00,18663.85,2.03,0.00,0.00
170,16,9178.66,146847.51,128490.20,0.00,18357.31,2.11,0.00,0.00
171,16,9467.11,151464.70,132530.49,0.00,18934.21,1.93,0.00,0.00
172,16,9545.92,152770.70,133678.86,0.00,19091.84,1.82,0.00,0.00
173,16,9517.37,152273.85,133239.12,0.00,19034.73,1.93,0.00,0.00
174,16,9553.11,152860.79,133754.56,0.00,19106.22,1.79,0.00,0.00
175,16,9522.89,152328.31,133282.52,0.00,19045.79,1.86,0.00,0.00
176,16,9491.92,151888.75,132905.91,0.00,18982.84,1.89,0.00,0.00
177,16,9418.44,150677.00,131841.12,0.00,18835.88,2.00,0.00,0.00
178,16,9401.73,150431.64,131626.18,0.00,18805.45,2.00,0.00,0.00
179,16,9438.38,150983.10,132107.34,0.00,18875.76,1.96,0.00,0.00
180,16,9450.63,151236.13,132333.87,0.00,18902.27,1.96,0.00,0.00
181,16,9424.91,150803.55,131953.73,0.00,18849.82,2.00,0.00,0.00
182,16,9404.01,150465.10,131657.09,0.00,18808.01,2.03,0.00,0.00
183,16,9232.23,147750.72,129286.26,0.00,18464.47,2.07,0.00,0.00
184,16,9553.48,152813.67,133706.71,0.00,19106.96,1.82,0.00,0.00
185,16,9473.00,151570.95,132625.96,0.00,18944.99,1.93,0.00,0.00
186,16,9387.40,150205.33,131429.54,0.00,18775.79,2.07,0.00,0.00
187,16,9531.75,152521.97,133458.48,0.00,19063.50,1.82,0.00,0.00
188,16,9519.47,152279.58,133241.63,0.00,19037.95,1.89,0.00,0.00
189,16,9416.57,150677.07,131843.94,0.00,18833.13,2.00,0.00,0.00
190,16,9480.95,151712.13,132749.24,0.00,18962.89,1.93,0.00,0.00
191,16,9565.61,153038.70,133907.49,0.00,19131.21,1.86,0.00,0.00
192,16,9486.48,151814.68,132841.72,0.00,18972.96,1.93,0.00,0.00
193,16,9463.06,151411.90,132486.78,0.00,18925.11,1.96,0.00,0.00
194,16,9539.74,152615.79,133535.31,0.00,19080.47,1.82,0.00,0.00
195,16,9440.59,151059.48,132178.30,0.00,18881.19,2.00,0.00,0.00
196,16,9462.46,151353.40,132430.48,0.00,18922.92,1.93,0.00,0.00
197,16,9389.29,150262.69,131483.11,0.00,18779.59,2.07,0.00,0.00
198,16,9448.63,151176.13,132277.86,0.00,18898.27,1.96,0.00,0.00
199,16,9517.71,152270.29,133234.88,0.00,19035.41,1.89,0.00,0.00
200,16,9522.95,152364.13,133319.24,0.00,19044.89,1.89,0.00,0.00
201,16,9457.41,151305.54,132390.72,0.00,18914.82,1.96,0.00,0.00
202,16,9448.08,151183.35,132286.19,0.00,18897.17,1.96,0.00,0.00
203,16,9448.31,151180.02,132283.39,0.00,18896.63,1.96,0.00,0.00
204,16,9470.65,151541.38,132601.09,0.00,18940.30,1.96,0.00,0.00
205,16,9396.80,150342.86,131548.25,0.00,18794.61,2.00,0.00,0.00
206,16,9455.19,151262.00,132351.63,0.00,18910.38,1.93,0.00,0.00
207,16,9525.23,152407.68,133357.22,0.00,19050.46,1.86,0.00,0.00
208,16,9588.68,153448.93,134271.57,0.00,19177.37,1.82,0.00,0.00
209,16,9463.10,151385.60,132459.40,0.00,18926.20,2.00,0.00,0.00
210,16,9271.10,148327.53,129785.34,0.00,18542.19,2.03,0.00,0.00
211,16,9491.01,151859.22,132877.19,0.00,18982.03,1.93,0.00,0.00
212,16,9497.01,151957.24,132963.21,0.00,18994.03,1.93,0.00,0.00
213,16,9521.30,152350.84,133310.23,0.00,19040.60,1.89,0.00,0.00
214,16,9495.14,151901.16,132909.89,0.00,18991.27,1.96,0.00,0.00
215,16,9557.56,152932.99,133816.87,0.00,19116.12,1.82,0.00,0.00
216,16,9410.84,150596.36,131774.69,0.00,18821.67,2.00,0.00,0.00
217,16,9406.20,150507.17,131694.78,0.00,18812.40,2.00,0.00,0.00
218,16,9334.59,149322.51,130654.32,0.00,18668.19,2.07,0.00,0.00
219,16,9537.38,152609.15,133534.38,0.00,19074.77,1.82,0.00,0.00
220,16,9592.88,153453.07,134267.31,0.00,19185.76,1.82,0.00,0.00
221,16,9424.48,150812.62,131963.67,0.00,18848.95,2.00,0.00,0.00
222,16,9475.70,151577.23,132624.82,0.00,18952.40,1.93,0.00,0.00
223,16,9524.74,152383.90,133335.41,0.00,19048.49,1.82,0.00,0.00
224,16,9501.33,152056.33,133055.67,0.00,19000.67,1.93,0.00,0.00
225,16,9454.40,151273.40,132362.60,0.00,18910.80,1.96,0.00,0.00
226,16,9411.53,150571.48,131749.42,0.00,18822.06,2.00,0.00,0.00
227,16,9470.21,151530.42,132587.99,0.00,18942.43,2.00,0.00,0.00
228,16,9446.63,151179.02,132286.77,0.00,18892.25,1.96,0.00,0.00
229,16,9494.04,151857.59,132869.51,0.00,18988.07,1.96,0.00,0.00
230,16,9464.22,151453.53,132524.09,0.00,18929.44,1.96,0.00,0.00
231,16,9451.78,151208.51,132304.95,0.00,18903.56,1.96,0.00,0.00
232,16,9521.88,152384.16,133340.39,0.00,19043.77,1.89,0.00,0.00
233,16,9401.80,150410.83,131608.23,0.00,18802.60,2.00,0.00,0.00
234,16,9365.57,149863.12,131130.98,0.00,18732.14,2.03,0.00,0.00
235,16,9240.62,147863.95,129382.71,0.00,18481.24,2.07,0.00,0.00
236,16,9557.30,152915.76,133802.17,0.00,19113.60,1.86,0.00,0.00
237,16,9547.10,152734.54,133640.35,0.00,19094.19,1.93,0.00,0.00
238,16,9494.05,151906.87,132918.77,0.00,18988.11,1.96,0.00,0.00
239,16,9523.74,152354.79,133308.32,0.00,19046.47,1.93,0.00,0.00
240,16,9541.86,152713.78,133628.06,0.00,19085.72,1.86,0.00,0.00
241,16,9376.45,149981.23,131229.32,0.00,18751.90,2.00,0.00,0.00
242,16,9469.04,151533.68,132594.59,0.00,18939.08,1.96,0.00,0.00
243,16,9397.54,150326.61,131533.53,0.00,18793.08,2.03,0.00,0.00
244,16,9500.98,152038.68,133034.72,0.00,19003.96,1.93,0.00,0.00
245,16,9369.07,149923.16,131185.01,0.00,18738.14,2.00,0.00,0.00
246,16,9430.15,150876.42,132015.11,0.00,18861.30,2.00,0.00,0.00
247,16,9572.52,153157.25,134013.22,0.00,19144.03,1.82,0.00,0.00
248,16,9520.23,152336.68,133296.22,0.00,19040.46,1.89,0.00,0.00
249,16,9487.57,151804.10,132828.97,0.00,18975.14,1.96,0.00,0.00
250,16,9430.66,150867.55,132007.23,0.00,18860.32,2.00,0.00,0.00
251,16,9479.96,151667.43,132707.50,0.00,18959.93,1.96,0.00,0.00
252,16,9465.78,151451.52,132518.95,0.00,18932.56,1.96,0.00,0.00
253,16,9414.03,150641.45,131813.40,0.00,18828.06,2.00,0.00,0.00
254,16,9498.99,151993.84,132996.86,0.00,18996.98,1.93,0.00,0.00
255,16,9556.20,152889.24,133776.83,0.00,19112.41,1.86,0.00,0.00
256,16,9562.34,152997.49,133872.81,0.00,19124.69,1.86,0.00,0.00
257,16,9494.49,151903.85,132913.87,0.00,18989.98,1.93,0.00,0.00
258,16,9383.23,150149.72,131384.25,0.00,18765.46,2.00,0.00,0.00
259,16,9518.60,152248.58,133212.38,0.00,19036.20,1.93,0.00,0.00
260,16,9548.17,152810.75,133712.41,0.00,19098.34,1.86,0.00,0.00
261,16,9586.03,153384.46,134213.41,0.00,19171.06,1.86,0.00,0.00
262,16,9344.64,149507.31,130817.02,0.00,18690.29,2.03,0.00,0.00
263,16,9383.51,150127.15,131360.13,0.00,18767.02,2.03,0.00,0.00
264,16,9536.10,152607.66,133535.45,0.00,19072.21,1.89,0.00,0.00
265,16,9530.96,152447.32,133385.40,0.00,19061.91,1.86,0.00,0.00
266,16,9411.64,150616.16,131792.89,0.00,18823.27,2.00,0.00,0.00
267,16,9537.15,152564.38,133493.09,0.00,19071.30,1.89,0.00,0.00
268,16,9480.48,151719.65,132755.69,0.00,18963.96,2.00,0.00,0.00
269,16,9338.26,149399.18,130722.65,0.00,18676.52,2.07,0.00,0.00
270,16,9496.50,151955.07,132962.06,0.00,18993.01,1.93,0.00,0.00
271,16,9581.26,153282.12,134120.60,0.00,19161.51,1.82,0.00,0.00
272,16,9498.51,151949.15,132952.13,0.00,18997.02,1.96,0.00,0.00
273,16,9469.36,151526.82,132589.09,0.00,18937.73,1.96,0.00,0.00
274,16,9374.97,150009.58,131258.63,0.00,18750.95,2.00,0.00,0.00
275,16,9512.03,152214.41,133190.35,0.00,19024.05,1.89,0.00,0.00
276,16,9468.64,151473.31,132536.02,0.00,18937.29,1.96,0.00,0.00
277,16,9534.33,152534.30,133464.64,0.00,19069.66,1.93,0.00,0.00
278,16,9520.46,152366.39,133325.47,0.00,19040.92,1.86,0.00,0.00
279,16,9405.16,150470.56,131660.24,0.00,18810.32,2.03,0.00,0.00
280,16,9535.02,152575.25,133505.22,0.00,19070.03,1.86,0.00,0.00
281,16,9507.00,152088.02,133074.02,0.00,19014.00,1.93,0.00,0.00
282,16,9516.82,152263.05,133230.42,0.00,19032.63,1.89,0.00,0.00
283,16,9494.55,151883.83,132893.73,0.00,18990.10,1.96,0.00,0.00
284,16,9457.77,151375.27,132459.74,0.00,18915.53,2.00,0.00,0.00
285,16,9544.65,152672.33,133585.04,0.00,19087.29,1.89,0.00,0.00
286,16,9420.33,150779.25,131936.59,0.00,18842.66,2.03,0.00,0.00
287,16,9597.86,153552.83,134357.10,0.00,19195.73,1.79,0.00,0.00
288,16,9493.22,151888.50,132903.06,0.00,18985.44,1.96,0.00,0.00
289,16,9466.76,151476.16,132542.64,0.00,18933.52,1.96,0.00,0.00
290,16,9493.38,151867.03,132879.27,0.00,18987.75,1.93,0.00,0.00
291,16,9420.47,150763.47,131922.53,0.00,18840.93,2.00,0.00,0.00
292,16,9461.52,151342.30,132419.26,0.00,18923.04,1.96,0.00,0.00
293,16,9292.98,148718.68,130132.72,0.00,18585.96,2.03,0.00,0.00
294,16,9439.53,151003.55,132124.48,0.00,18879.07,2.03,0.00,0.00
295,16,9512.14,152213.30,133189.01,0.00,19024.29,1.96,0.00,0.00
296,16,9531.19,152498.02,133435.64,0.00,19062.38,1.89,0.00,0.00
297,16,9443.13,151097.12,132211.86,0.00,18885.27,2.00,0.00,0.00
298,16,9506.71,152086.30,133071.89,0.00,19014.41,1.93,0.00,0.00
299,16,9387.30,150219.75,131445.16,0.00,18774.59,2.03,0.00,0.00
300,16,9552.90,152876.36,133769.57,0.00,19106.79,1.82,0.00,0.00
301,16,9426.00,150785.07,131934.06,0.00,18851.01,2.00,0.00,0.00
302,16,9503.99,152050.92,133043.93,0.00,19006.99,1.96,0.00,0.00
303,16,9592.61,153475.78,134290.55,0.00,19185.22,1.82,0.00,0.00
304,16,9522.15,152353.34,133310.05,0.00,19043.29,1.93,0.00,0.00
305,16,9484.03,151728.49,132758.43,0.00,18970.06,1.96,0.00,0.00
306,16,9447.08,151219.24,132325.09,0.00,18894.16,2.00,0.00,0.00
307,16,9525.77,152361.37,133309.82,0.00,19051.55,1.89,0.00,0.00
308,16,9544.06,152752.00,133663.87,0.00,19088.13,1.89,0.00,0.00
309,16,9416.33,150585.27,131754.61,0.00,18830.66,2.00,0.00,0.00
310,16,9468.13,151544.03,132605.77,0.00,18938.25,2.00,0.00,0.00
311,16,9508.98,152137.71,133120.75,0.00,19016.96,1.93,0.00,0.00
312,16,9477.44,151625.98,132670.11,0.00,18955.87,1.96,0.00,0.00
313,16,9489.39,151858.31,132879.52,0.00,18978.79,1.96,0.00,0.00
314,16,9497.65,151979.38,132984.08,0.00,18995.30,1.96,0.00,0.00
315,16,9577.28,153192.48,134037.92,0.00,19154.56,1.82,0.00,0.00
316,16,9369.34,149898.46,131159.77,0.00,18738.68,2.03,0.00,0.00
317,16,9482.59,151736.52,132772.33,0.00,18964.19,1.96,0.00,0.00
318,16,9494.28,151909.44,132919.88,0.00,18989.56,1.93,0.00,0.00
319,16,9543.82,152674.09,133586.45,0.00,19087.64,1.89,0.00,0.00
320,16,9529.87,152483.90,133425.16,0.00,19058.74,1.86,0.00,0.00
321,16,9424.00,150822.95,131973.96,0.00,18848.99,1.96,0.00,0.00
322,16,9359.94,149744.06,131024.17,0.00,18719.88,2.07,0.00,0.00
323,16,9432.30,150914.83,132051.22,0.00,18863.60,2.00,0.00,0.00
324,16,9456.69,151291.04,132379.66,0.00,18911.38,1.96,0.00,0.00
325,16,9535.13,152587.01,133513.76,0.00,19073.25,1.93,0.00,0.00
326,16,9390.08,150231.35,131452.18,0.00,18779.17,2.03,0.00,0.00
327,16,9514.70,152259.23,133228.83,0.00,19030.40,1.86,0.00,0.00
328,16,9550.52,152809.39,133708.34,0.00,19101.05,1.89,0.00,0.00
329,16,9528.87,152438.89,133381.15,0.00,19057.74,1.93,0.00,0.00
330,16,9504.72,152069.49,133061.05,0.00,19008.44,1.96,0.00,0.00
331,16,9479.76,151693.23,132732.70,0.00,18960.53,1.96,0.00,0.00
332,16,9494.50,151903.01,132915.01,0.00,18988.00,2.00,0.00,0.00
333,16,9427.23,150778.70,131925.23,0.00,18853.46,2.00,0.00,0.00
334,16,9585.49,153432.81,134259.84,0.00,19172.98,1.82,0.00,0.00
335,16,9578.83,153236.31,134078.65,0.00,19157.66,1.89,0.00,0.00
336,16,9432.61,150928.69,132063.48,0.00,18865.21,2.00,0.00,0.00
337,16,9434.79,151009.68,132138.09,0.00,18871.58,1.96,0.00,0.00
338,16,9487.63,151773.01,132799.76,0.00,18973.25,1.96,0.00,0.00
339,16,9583.22,153342.57,134176.12,0.00,19166.45,1.82,0.00,0.00
340,16,9586.09,153336.44,134164.26,0.00,19172.18,1.82,0.00,0.00
341,16,9472.08,151589.32,132645.16,0.00,18944.17,1.96,0.00,0.00
342,16,9368.86,149861.80,131124.08,0.00,18737.73,2.07,0.00,0.00
343,16,9549.30,152782.79,133686.19,0.00,19096.60,1.89,0.00,0.00
344,16,9560.54,153003.58,133880.51,0.00,19123.07,1.82,0.00,0.00
345,16,9564.00,153036.07,133908.06,0.00,19128.01,1.82,0.00,0.00
346,16,9451.01,151187.12,132286.10,0.00,18901.01,1.96,0.00,0.00
347,16,9576.24,153256.91,134103.43,0.00,19153.49,1.79,0.00,0.00
348,16,9497.78,151943.51,132947.95,0.00,18995.56,1.96,0.00,0.00
349,16,9534.16,152530.61,133463.28,0.00,19067.33,1.93,0.00,0.00
350,16,9497.90,151930.39,132933.59,0.00,18996.80,1.93,0.00,0.00
351,16,9527.90,152485.37,133429.57,0.00,19055.80,1.89,0.00,0.00
352,16,9539.24,152609.88,133532.40,0.00,19077.49,1.93,0.00,0.00
353,16,9362.20,149809.17,131083.77,0.00,18725.40,2.03,0.00,0.00
354,16,9435.74,150969.79,132099.31,0.00,18870.47,2.00,0.00,0.00
355,16,9467.13,151475.06,132540.81,0.00,18934.26,1.96,0.00,0.00
356,16,9562.99,153023.77,133896.80,0.00,19126.97,1.89,0.00,0.00
357,16,9464.18,151431.90,132503.53,0.00,18928.36,2.00,0.00,0.00
358,16,9499.70,151960.20,132961.80,0.00,18998.40,1.93,0.00,0.00
359,16,9522.60,152390.67,133345.46,0.00,19045.21,1.96,0.00,0.00
360,16,9587.48,153405.62,134229.67,0.00,19175.95,1.82,0.00,0.00
361,16,9234.99,147715.85,129245.87,0.00,18469.98,2.07,0.00,0.00
362,16,9420.00,150747.97,131908.97,0.00,18839.00,1.96,0.00,0.00
363,16,9468.32,151493.07,132555.43,0.00,18937.63,2.00,0.00,0.00
364,16,9496.05,151919.77,132928.68,0.00,18991.10,1.96,0.00,0.00
365,16,9544.59,152757.44,133667.26,0.00,19090.18,1.89,0.00,0.00
366,16,9353.07,149636.04,130929.91,0.00,18706.13,2.03,0.00,0.00
367,16,9459.77,151334.29,132415.75,0.00,18918.54,1.96,0.00,0.00
368,16,9506.09,152110.48,133097.29,0.00,19013.18,1.96,0.00,0.00
369,16,9358.29,149714.65,130998.07,0.00,18716.58,2.03,0.00,0.00
370,16,9519.46,152339.37,133301.45,0.00,19037.92,1.93,0.00,0.00
371,16,9422.94,150764.07,131917.18,0.00,18846.88,2.00,0.00,0.00
372,16,9536.84,152616.42,133542.74,0.00,19073.68,1.89,0.00,0.00
373,16,9528.71,152452.29,133394.88,0.00,19057.41,1.93,0.00,0.00
374,16,9555.51,152888.16,133777.14,0.00,19111.02,1.86,0.00,0.00
375,16,9502.09,152000.51,132997.32,0.00,19003.19,1.93,0.00,0.00
376,16,9572.28,153143.56,133997.99,0.00,19145.57,1.82,0.00,0.00
377,16,9528.97,152486.59,133429.64,0.00,19056.95,1.93,0.00,0.00
378,16,9485.44,151791.08,132819.20,0.00,18971.89,1.93,0.00,0.00
379,16,9568.05,153024.80,133889.70,0.00,19135.10,1.86,0.00,0.00
380,16,9534.30,152606.88,133537.27,0.00,19069.61,1.93,0.00,0.00
381,16,9460.89,151325.18,132404.41,0.00,18920.77,2.00,0.00,0.00
382,16,9293.00,148706.94,130119.95,0.00,18586.99,2.07,0.00,0.00
383,16,9580.98,153305.64,134143.68,0.00,19161.95,1.86,0.00,0.00
384,16,9578.72,153246.55,134090.11,0.00,19156.44,1.86,0.00,0.00
385,16,9419.43,150747.88,131908.02,0.00,18839.86,2.00,0.00,0.00
386,16,9502.93,152008.87,133003.01,0.00,19005.86,1.96,0.00,0.00
387,16,9472.05,151568.82,132624.72,0.00,18944.10,2.00,0.00,0.00
388,16,9591.03,153444.42,134262.37,0.00,19182.05,1.82,0.00,0.00
389,16,9434.47,150966.45,132097.52,0.00,18868.93,2.03,0.00,0.00
390,16,9484.82,151747.18,132777.54,0.00,18969.65,2.00,0.00,0.00
391,16,9539.10,152612.60,133535.40,0.00,19077.20,1.86,0.00,0.00
392,16,9578.62,153287.98,134129.73,0.00,19158.25,1.82,0.00,0.00
393,16,9579.00,153251.98,134094.98,0.00,19157.00,1.89,0.00,0.00
394,16,9501.99,151993.78,132989.81,0.00,19003.97,1.93,0.00,0.00
395,16,9548.81,152814.95,133718.33,0.00,19096.62,1.89,0.00,0.00
396,16,9559.07,152967.06,133846.92,0.00,19120.13,1.86,0.00,0.00
397,16,9431.32,150869.14,132008.50,0.00,18860.64,2.03,0.00,0.00
398,16,9486.04,151808.71,132834.62,0.00,18974.09,1.96,0.00,0.00
399,16,9578.08,153238.31,134082.15,0.00,19156.16,1.86,0.00,0.00
400,16,9485.60,151781.55,132810.35,0.00,18971.19,2.00,0.00,0.00
401,16,9370.07,149891.13,131150.99,0.00,18740.14,2.03,0.00,0.00
402,16,9470.24,151525.89,132586.40,0.00,18939.49,1.96,0.00,0.00
403,16,9584.74,153374.77,134204.30,0.00,19170.47,1.82,0.00,0.00
404,16,9502.10,152016.52,133014.33,0.00,19002.19,2.00,0.00,0.00
405,16,9455.95,151261.18,132349.28,0.00,18911.90,2.00,0.00,0.00
406,16,9478.55,151708.79,132749.69,0.00,18959.10,1.96,0.00,0.00
407,16,9533.51,152501.23,133434.20,0.00,19067.03,1.93,0.00,0.00
408,16,9521.98,152360.65,133316.69,0.00,19043.96,1.93,0.00,0.00
409,16,9526.11,152418.71,133367.50,0.00,19051.21,1.96,0.00,0.00
410,16,9475.72,151614.53,132662.09,0.00,18952.44,2.03,0.00,0.00
411,16,9511.02,152130.36,133109.32,0.00,19021.05,1.93,0.00,0.00
412,16,9520.43,152364.85,133324.00,0.00,19040.86,1.96,0.00,0.00
413,16,9511.59,152196.39,133172.22,0.00,19024.17,1.96,0.00,0.00
414,16,9445.30,151114.78,132225.18,0.00,18889.60,2.00,0.00,0.00
415,16,9516.59,152276.43,133242.25,0.00,19034.18,1.93,0.00,0.00
416,16,9574.42,153200.75,134051.91,0.00,19148.84,1.89,0.00,0.00
417,16,9548.63,152770.13,133673.86,0.00,19096.27,1.93,0.00,0.00
418,16,9471.76,151518.19,132573.66,0.00,18944.52,1.93,0.00,0.00
419,16,9543.55,152733.73,133646.64,0.00,19087.09,1.89,0.00,0.00
420,16,9575.87,153240.99,134090.24,0.00,19150.75,1.86,0.00,0.00
421,16,9512.61,152172.82,133147.60,0.00,19025.23,1.93,0.00,0.00
422,16,9370.19,149931.96,131191.59,0.00,18740.37,2.03,0.00,0.00
423,16,9561.98,152987.70,133862.74,0.00,19124.96,1.86,0.00,0.00
424,16,9572.15,153150.43,134007.13,0.00,19143.30,1.86,0.00,0.00
425,16,9479.20,151647.26,132687.85,0.00,18959.41,2.03,0.00,0.00
426,16,9370.74,149937.77,131197.30,0.00,18740.47,2.00,0.00,0.00
427,16,9494.01,151896.11,132907.10,0.00,18989.01,1.96,0.00,0.00
428,16,9530.97,152539.49,133477.55,0.00,19061.94,1.93,0.00,0.00
429,16,9530.01,152461.18,133402.16,0.00,19059.02,1.96,0.00,0.00
430,16,9486.00,151783.02,132811.02,0.00,18972.00,1.96,0.00,0.00
431,16,9462.99,151389.80,132462.82,0.00,18926.97,1.96,0.00,0.00
432,16,9596.05,153539.78,134347.69,0.00,19192.10,1.82,0.00,0.00
433,16,9566.35,153038.61,133905.91,0.00,19132.70,1.82,0.00,0.00
434,16,9491.62,151857.96,132874.72,0.00,18983.24,1.93,0.00,0.00
435,16,9528.98,152488.61,133430.66,0.00,19057.95,1.89,0.00,0.00
436,16,9573.06,153187.92,134041.81,0.00,19146.12,1.89,0.00,0.00
437,16,9570.83,153129.31,133988.65,0.00,19140.66,1.82,0.00,0.00
438,16,9463.18,151390.83,132463.48,0.00,18927.35,2.00,0.00,0.00
439,16,9551.34,152820.38,133720.71,0.00,19099.67,1.93,0.00,0.00
440,16,9519.72,152302.59,133260.15,0.00,19042.45,1.96,0.00,0.00
441,16,9561.99,153032.83,133908.85,0.00,19123.98,1.86,0.00,0.00
442,16,9466.84,151442.47,132510.79,0.00,18931.68,2.00,0.00,0.00
443,16,9503.29,152102.64,133094.06,0.00,19008.58,1.96,0.00,0.00
444,16,9559.70,152912.26,133793.85,0.00,19118.41,1.93,0.00,0.00
445,16,9570.12,153102.98,133962.73,0.00,19140.25,1.93,0.00,0.00
446,16,9484.23,151745.76,132779.29,0.00,18966.47,2.00,0.00,0.00
447,16,9539.70,152649.12,133565.73,0.00,19083.39,1.93,0.00,0.00
448,16,9549.79,152821.63,133723.05,0.00,19098.58,1.93,0.00,0.00
449,16,9376.45,150002.23,131249.33,0.00,18752.90,2.03,0.00,0.00
450,16,9441.55,151068.73,132184.63,0.00,18884.09,2.00,0.00,0.00
451,16,9576.21,153185.35,134033.93,0.00,19151.42,1.89,0.00,0.00
452,16,9586.08,153428.27,134256.11,0.00,19172.16,1.79,0.00,0.00
453,16,9520.20,152315.22,133274.82,0.00,19040.40,1.96,0.00,0.00
454,16,9412.44,150589.99,131765.11,0.00,18824.87,2.03,0.00,0.00
455,16,9555.29,152881.65,133771.07,0.00,19110.58,1.86,0.00,0.00
456,16,9402.80,150461.87,131656.26,0.00,18805.61,2.03,0.00,0.00
457,16,9553.26,152853.22,133746.69,0.00,19106.53,1.93,0.00,0.00
458,16,9592.90,153490.46,134305.65,0.00,19184.81,1.82,0.00,0.00
459,16,9455.93,151300.90,132388.04,0.00,18912.86,2.00,0.00,0.00
460,16,9450.17,151172.72,132272.38,0.00,18900.34,2.00,0.00,0.00
461,16,9418.83,150738.26,131900.60,0.00,18837.66,2.00,0.00,0.00
462,16,9493.89,151861.31,132874.52,0.00,18986.79,1.96,0.00,0.00
463,16,9529.20,152483.20,133423.80,0.00,19059.40,1.93,0.00,0.00
464,16,9564.51,153023.23,133895.21,0.00,19128.03,1.86,0.00,0.00
465,16,9513.83,152190.23,133162.58,0.00,19027.65,1.93,0.00,0.00
466,16,9537.85,152650.65,133573.94,0.00,19076.71,1.93,0.00,0.00
467,16,9465.77,151476.34,132544.80,0.00,18931.54,1.96,0.00,0.00
468,16,9489.07,151785.16,132808.01,0.00,18977.14,1.93,0.00,0.00
469,16,9414.69,150617.07,131787.68,0.00,18829.38,2.03,0.00,0.00
470,16,9541.24,152699.78,133616.31,0.00,19083.47,1.89,0.00,0.00
471,16,9549.37,152783.00,133684.25,0.00,19098.75,1.82,0.00,0.00
472,16,9588.89,153405.25,134227.47,0.00,19177.78,1.82,0.00,0.00
473,16,9534.00,152529.97,133461.97,0.00,19068.00,1.96,0.00,0.00
474,16,9427.11,150862.74,132008.52,0.00,18854.22,2.03,0.00,0.00
475,16,9524.64,152394.19,133345.92,0.00,19048.27,1.93,0.00,0.00
476,16,9550.13,152816.10,133715.84,0.00,19100.26,1.93,0.00,0.00
477,16,9437.24,151001.92,132126.43,0.00,18875.49,2.07,0.00,0.00
478,16,9586.44,153371.00,134198.13,0.00,19172.88,1.82,0.00,0.00
479,16,9580.19,153272.01,134111.64,0.00,19160.38,1.82,0.00,0.00
480,16,9457.64,151313.19,132397.91,0.00,18915.27,2.03,0.00,0.00
481,16,9411.49,150603.77,131780.80,0.00,18822.97,2.00,0.00,0.00
482,16,9530.27,152474.39,133412.84,0.00,19061.55,1.89,0.00,0.00
483,16,9544.66,152727.59,133639.27,0.00,19088.32,1.82,0.00,0.00
484,16,9575.13,153169.07,134019.81,0.00,19149.26,1.82,0.00,0.00
485,16,9594.03,153516.42,134327.37,0.00,19189.05,1.82,0.00,0.00
486,16,9345.95,149565.18,130873.28,0.00,18691.90,2.03,0.00,0.00
487,16,9614.84,153795.43,134565.75,0.00,19229.68,1.82,0.00,0.00
488,16,9530.96,152503.39,133443.47,0.00,19059.92,1.89,0.00,0.00
489,16,9392.12,150313.96,131527.72,0.00,18786.25,2.03,0.00,0.00
490,16,9456.79,151261.56,132347.99,0.00,18913.57,2.03,0.00,0.00
491,16,9566.06,153075.90,133943.79,0.00,19132.11,1.89,0.00,0.00
492,16,9530.94,152507.03,133446.15,0.00,19060.88,1.93,0.00,0.00
493,16,9463.32,151427.15,132499.51,0.00,18927.64,2.00,0.00,0.00
494,16,9414.84,150630.40,131801.72,0.00,18828.67,2.00,0.00,0.00
495,16,9582.79,153287.65,134122.06,0.00,19165.58,1.86,0.00,0.00
496,16,9584.26,153370.18,134200.65,0.00,19169.52,1.82,0.00,0.00
497,16,9553.87,152863.89,133756.15,0.00,19107.74,1.93,0.00,0.00
498,16,9543.59,152704.42,133617.25,0.00,19087.18,1.86,0.00,0.00
499,16,9565.59,153010.37,133879.20,0.00,19131.17,1.89,0.00,0.00
500,16,9547.85,152780.63,133684.93,0.00,19095.70,1.89,0.00,0.00
501,16,9580.04,153295.57,134135.50,0.00,19160.07,1.82,0.00,0.00
502,16,9529.23,152463.75,133405.28,0.00,19058.47,1.93,0.00,0.00
503,16,9445.93,151154.82,132262.97,0.00,18891.85,1.96,0.00,0.00
504,16,9483.20,151743.19,132776.79,0.00,18966.40,1.93,0.00,0.00
505,16,9571.66,153097.65,133956.32,0.00,19141.33,1.89,0.00,0.00
506,16,9493.17,151908.78,132921.43,0.00,18987.35,1.93,0.00,0.00
507,16,9529.32,152493.05,133434.42,0.00,19058.63,1.86,0.00,0.00
508,16,9512.54,152182.59,133156.52,0.00,19026.07,1.96,0.00,0.00
509,16,9501.09,152022.51,133020.32,0.00,19002.19,1.96,0.00,0.00
510,16,9481.31,151698.96,132736.34,0.00,18962.62,1.96,0.00,0.00
511,16,9564.71,153057.41,133927.98,0.00,19129.43,1.93,0.00,0.00
512,16,9444.20,151045.15,132156.75,0.00,18888.39,2.00,0.00,0.00
513,16,9547.52,152794.32,133699.28,0.00,19095.04,1.93,0.00,0.00
514,16,9498.83,152022.36,133024.69,0.00,18997.67,1.93,0.00,0.00
515,16,9592.75,153434.02,134248.52,0.00,19185.50,1.82,0.00,0.00
516,16,9483.48,151760.64,132793.69,0.00,18966.96,1.93,0.00,0.00
517,16,9583.03,153314.55,134148.48,0.00,19166.07,1.86,0.00,0.00
518,16,9444.37,151117.93,132229.19,0.00,18888.74,1.96,0.00,0.00
519,16,9578.50,153258.07,134101.06,0.00,19157.01,1.82,0.00,0.00
520,16,9580.07,153276.09,134115.95,0.00,19160.14,1.89,0.00,0.00
521,16,9501.00,151994.05,132992.04,0.00,19002.01,1.96,0.00,0.00
522,16,9496.92,151934.79,132940.94,0.00,18993.85,1.96,0.00,0.00
523,16,9463.75,151475.99,132548.49,0.00,18927.50,1.96,0.00,0.00
524,16,9561.22,152938.50,133816.07,0.00,19122.44,1.86,0.00,0.00
525,16,9440.12,151051.90,132171.66,0.00,18880.24,2.00,0.00,0.00
526,16,9535.02,152583.34,133513.30,0.00,19070.04,1.89,0.00,0.00
527,16,9521.16,152316.59,133274.27,0.00,19042.32,1.93,0.00,0.00
528,16,9429.23,150870.61,132012.15,0.00,18858.45,2.00,0.00,0.00
529,16,9564.64,153059.24,133928.96,0.00,19130.28,1.86,0.00,0.00
530,16,9330.09,149270.51,130611.32,0.00,18659.19,2.07,0.00,0.00
531,16,9538.86,152622.83,133545.10,0.00,19077.73,1.89,0.00,0.00
532,16,9524.39,152352.21,133303.44,0.00,19048.78,1.93,0.00,0.00
533,16,9548.59,152764.43,133667.25,0.00,19097.18,1.93,0.00,0.00
534,16,9466.22,151520.50,132588.06,0.00,18932.44,1.96,0.00,0.00
535,16,9534.17,152504.66,133436.33,0.00,19068.33,1.93,0.00,0.00
536,16,9498.00,151979.05,132984.04,0.00,18995.01,1.93,0.00,0.00
537,16,9496.02,151940.32,132947.28,0.00,18993.04,2.00,0.00,0.00
538,16,9354.80,149711.86,131002.25,0.00,18709.61,2.00,0.00,0.00
539,16,9575.75,153168.00,134016.50,0.00,19151.50,1.82,0.00,0.00
540,16,9519.83,152346.34,133306.67,0.00,19039.67,1.89,0.00,0.00
541,16,9544.52,152687.26,133598.23,0.00,19089.03,1.93,0.00,0.00
542,16,9396.34,150342.51,131550.82,0.00,18791.69,2.03,0.00,0.00
543,16,9507.56,152118.97,133102.85,0.00,19016.12,1.93,0.00,0.00
544,16,9468.03,151495.46,132560.40,0.00,18935.06,1.96,0.00,0.00
545,16,9475.91,151607.49,132655.68,0.00,18951.81,2.03,0.00,0.00
546,16,9433.82,150954.11,132085.47,0.00,18868.64,2.00,0.00,0.00
547,16,9481.82,151689.05,132726.42,0.00,18962.63,1.96,0.00,0.00
548,16,9575.12,153188.95,134037.70,0.00,19151.24,1.89,0.00,0.00
549,16,9516.11,152292.75,133260.53,0.00,19032.22,1.93,0.00,0.00
550,16,9517.41,152257.51,133222.69,0.00,19034.81,1.93,0.00,0.00
551,16,9499.56,152020.97,133021.85,0.00,18999.12,1.96,0.00,0.00
552,16,9526.80,152379.85,133328.24,0.00,19051.61,1.93,0.00,0.00
553,16,9366.35,149917.65,131182.94,0.00,18734.71,2.03,0.00,0.00
554,16,9539.82,152620.05,133540.42,0.00,19079.63,1.89,0.00,0.00
555,16,9540.04,152667.56,133587.49,0.00,19080.07,1.89,0.00,0.00
556,16,9544.23,152656.70,133569.23,0.00,19087.46,1.93,0.00,0.00
557,16,9439.08,151041.33,132163.16,0.00,18878.17,2.00,0.00,0.00
558,16,9423.18,150776.92,131929.55,0.00,18847.36,2.03,0.00,0.00
559,16,9497.60,151927.64,132935.43,0.00,18992.20,2.00,0.00,0.00
560,16,9613.22,153858.55,134629.10,0.00,19229.44,1.79,0.00,0.00
561,16,9450.84,151198.45,132296.77,0.00,18901.68,2.00,0.00,0.00
562,16,9537.03,152599.44,133525.39,0.00,19074.06,1.93,0.00,0.00
563,16,9505.60,152078.54,133067.35,0.00,19011.19,1.96,0.00,0.00
564,16,9348.58,149591.32,130893.16,0.00,18698.17,2.03,0.00,0.00
565,16,9499.34,151953.49,132955.81,0.00,18997.69,1.93,0.00,0.00
566,16,9300.50,148826.96,130225.96,0.00,18600.99,2.07,0.00,0.00
567,16,9547.01,152783.10,133689.09,0.00,19094.01,1.82,0.00,0.00
568,16,9520.05,152302.82,133262.72,0.00,19040.10,1.93,0.00,0.00
569,16,9571.76,153129.23,133985.70,0.00,19143.53,1.89,0.00,0.00
570,16,9354.39,149678.31,130969.52,0.00,18708.79,2.07,0.00,0.00
571,16,9494.72,151933.58,132944.13,0.00,18989.45,1.93,0.00,0.00
572,16,9556.00,152868.99,133756.99,0.00,19112.00,1.93,0.00,0.00
573,16,9425.17,150816.69,131966.35,0.00,18850.34,2.00,0.00,0.00
574,16,9554.16,152854.62,133747.29,0.00,19107.33,1.93,0.00,0.00
575,16,9583.64,153310.23,134141.95,0.00,19168.28,1.86,0.00,0.00
576,16,9552.24,152842.84,133739.36,0.00,19103.48,1.89,0.00,0.00
577,16,9354.76,149710.12,131000.60,0.00,18709.52,2.07,0.00,0.00
578,16,9281.94,148501.99,129937.11,0.00,18564.87,2.07,0.00,0.00
579,16,9612.90,153795.45,134572.65,0.00,19222.81,1.82,0.00,0.00
580,16,9515.22,152270.50,133237.06,0.00,19033.44,1.96,0.00,0.00
581,16,9572.85,153165.64,134019.93,0.00,19145.70,1.86,0.00,0.00
582,16,9582.92,153310.80,134145.95,0.00,19164.85,1.86,0.00,0.00
583,16,9548.36,152755.76,133658.04,0.00,19097.72,1.89,0.00,0.00
584,16,9565.57,153103.09,133971.96,0.00,19131.14,1.86,0.00,0.00
585,16,9370.50,149928.93,131187.94,0.00,18740.99,2.07,0.00,0.00
586,16,9282.55,148454.87,129889.76,0.00,18565.11,2.07,0.00,0.00
587,16,9573.13,153210.12,134062.86,0.00,19147.27,1.82,0.00,0.00
588,16,9531.21,152492.41,133430.98,0.00,19061.43,1.93,0.00,0.00
589,16,9515.84,152262.47,133230.78,0.00,19031.68,1.96,0.00,0.00
590,16,9200.29,147223.64,128822.06,0.00,18401.58,2.07,0.00,0.00
591,16,9600.54,153597.64,134397.56,0.00,19200.08,1.79,0.00,0.00
592,16,9591.01,153431.13,134249.11,0.00,19182.02,1.86,0.00,0.00
593,16,9534.39,152535.17,133466.40,0.00,19068.77,1.96,0.00,0.00
594,16,9501.85,152072.60,133068.90,0.00,19003.70,1.93,0.00,0.00
595,16,9644.08,154292.33,135005.16,0.00,19287.17,1.79,0.00,0.00
596,16,9563.80,153039.73,133911.14,0.00,19128.59,1.86,0.00,0.00
597,16,9507.29,152085.62,133071.04,0.00,19014.58,1.96,0.00,0.00
598,16,9348.52,149587.32,130890.28,0.00,18697.04,2.03,0.00,0.00
599,16,9550.07,152778.09,133677.96,0.00,19100.14,1.93,0.00,0.00
600,16,9535.73,152587.76,133516.29,0.00,19071.47,1.93,0.00,0.00
SQL statistics:
    queries performed:
        read:                            79424926
        write:                           0
        other:                           11346418
        total:                           90771344
    transactions:                        5673209 (9455.28 per sec.)
    queries:                             90771344 (151284.53 per sec.)
    ignored errors:                      0      (0.00 per sec.)
    reconnects:                          0      (0.00 per sec.)

General statistics:
    total time:                          600.0027s
    total number of events:              5673209

Latency (ms):
         min:                                    1.27
         avg:                                    1.69
         max:                                    5.60
         95th percentile:                        1.96
         sum:                              9590446.88

Threads fairness:
    events (avg/stddev):           354575.5625/8028.80
    execution time (avg/stddev):   599.4029/0.01

