sysbench 1.0.20 (using bundled LuaJIT 2.1.0-beta2)

Running the test with following options:
Number of threads: 1024
Report intermediate results every 1 second(s)
Initializing random number generator from current time


Initializing worker threads...

Threads started!

1,1024,285837.85,285836.11,285836.11,0.00,0.00,4.25,0.00,0.00
2,1024,400207.91,400210.22,400210.22,0.00,0.00,3.62,0.00,0.00
3,1024,341590.28,341588.28,341588.28,0.00,0.00,3.68,0.00,0.00
4,1024,341661.39,341663.39,341663.39,0.00,0.00,3.62,0.00,0.00
5,1024,341830.55,341830.55,341830.55,0.00,0.00,3.68,0.00,0.00
6,1024,341781.66,341781.66,341781.66,0.00,0.00,3.68,0.00,0.00
7,1024,341648.12,341645.12,341645.12,0.00,0.00,3.68,0.00,0.00
8,1024,341665.30,341668.30,341668.30,0.00,0.00,3.68,0.00,0.00
9,1024,341769.43,341769.43,341769.43,0.00,0.00,3.68,0.00,0.00
10,1024,341869.81,341868.81,341868.81,0.00,0.00,3.62,0.00,0.00
11,1024,341776.82,341777.82,341777.82,0.00,0.00,3.62,0.00,0.00
12,1024,341736.71,341734.71,341734.71,0.00,0.00,3.62,0.00,0.00
13,1024,341773.57,341769.57,341769.57,0.00,0.00,3.68,0.00,0.00
14,1024,341833.61,341838.61,341838.61,0.00,0.00,3.62,0.00,0.00
15,1024,341895.64,341896.64,341896.64,0.00,0.00,3.62,0.00,0.00
16,1024,341881.60,341880.60,341880.60,0.00,0.00,3.62,0.00,0.00
17,1024,341813.51,341811.51,341811.51,0.00,0.00,3.68,0.00,0.00
18,1024,341719.31,341722.31,341722.31,0.00,0.00,3.68,0.00,0.00
19,1024,341687.29,341685.29,341685.29,0.00,0.00,3.62,0.00,0.00
20,1024,341679.77,341679.77,341679.77,0.00,0.00,3.55,0.00,0.00
21,1024,341743.12,341745.12,341745.12,0.00,0.00,3.55,0.00,0.00
22,1024,341828.97,341826.97,341826.97,0.00,0.00,3.62,0.00,0.00
23,1024,341861.70,341863.70,341863.70,0.00,0.00,3.62,0.00,0.00
24,1024,341804.29,341803.29,341803.29,0.00,0.00,3.62,0.00,0.00
25,1024,341835.30,341831.30,341831.30,0.00,0.00,3.62,0.00,0.00
26,1024,341759.79,341763.79,341763.79,0.00,0.00,3.62,0.00,0.00
27,1024,341813.19,341811.19,341811.19,0.00,0.00,3.62,0.00,0.00
28,1024,341832.14,341835.14,341835.14,0.00,0.00,3.62,0.00,0.00
29,1024,341751.13,341751.13,341751.13,0.00,0.00,3.62,0.00,0.00
30,1024,341773.98,341771.98,341771.98,0.00,0.00,3.62,0.00,0.00
31,1024,341797.74,341796.74,341796.74,0.00,0.00,3.62,0.00,0.00
32,1024,341852.66,341855.66,341855.66,0.00,0.00,3.62,0.00,0.00
33,1024,341854.22,341854.22,341854.22,0.00,0.00,3.62,0.00,0.00
34,1024,341870.42,341870.42,341870.42,0.00,0.00,3.62,0.00,0.00
35,1024,341707.94,341705.94,341705.94,0.00,0.00,3.62,0.00,0.00
36,1024,341865.51,341867.51,341867.51,0.00,0.00,3.62,0.00,0.00
37,1024,341871.26,341868.26,341868.26,0.00,0.00,3.62,0.00,0.00
38,1024,341816.20,341819.20,341819.20,0.00,0.00,3.62,0.00,0.00
39,1024,341865.82,341863.82,341863.82,0.00,0.00,3.62,0.00,0.00
40,1024,341883.27,341881.27,341881.27,0.00,0.00,3.68,0.00,0.00
41,1024,341912.86,341915.86,341915.86,0.00,0.00,3.62,0.00,0.00
42,1024,341829.75,341830.75,341830.75,0.00,0.00,3.62,0.00,0.00
43,1024,341747.29,341747.29,341747.29,0.00,0.00,3.68,0.00,0.00
44,1024,341706.09,341706.09,341706.09,0.00,0.00,3.68,0.00,0.00
45,1024,341843.07,341841.07,341841.07,0.00,0.00,3.68,0.00,0.00
46,1024,341984.70,341986.70,341986.70,0.00,0.00,3.62,0.00,0.00
47,1024,341793.02,341792.02,341792.02,0.00,0.00,3.62,0.00,0.00
48,1024,341902.67,341901.67,341901.67,0.00,0.00,3.62,0.00,0.00
49,1024,341887.29,341887.29,341887.29,0.00,0.00,3.68,0.00,0.00
50,1024,341971.96,341968.96,341968.96,0.00,0.00,3.62,0.00,0.00
51,1024,341977.52,341982.52,341982.52,0.00,0.00,3.62,0.00,0.00
52,1024,341923.42,341920.42,341920.42,0.00,0.00,3.62,0.00,0.00
53,1024,341919.19,341921.19,341921.19,0.00,0.00,3.62,0.00,0.00
54,1024,341821.31,341820.31,341820.31,0.00,0.00,3.62,0.00,0.00
55,1024,341883.76,341885.76,341885.76,0.00,0.00,3.62,0.00,0.00
56,1024,341988.58,341988.58,341988.58,0.00,0.00,3.62,0.00,0.00
57,1024,341970.99,341969.99,341969.99,0.00,0.00,3.68,0.00,0.00
58,1024,342026.58,342027.58,342027.58,0.00,0.00,3.68,0.00,0.00
59,1024,342051.62,342049.62,342049.62,0.00,0.00,3.68,0.00,0.00
60,1024,342005.37,342005.37,342005.37,0.00,0.00,3.68,0.00,0.00
61,1024,341797.51,341797.51,341797.51,0.00,0.00,3.75,0.00,0.00
62,1024,341865.24,341867.24,341867.24,0.00,0.00,3.75,0.00,0.00
63,1024,341899.90,341894.90,341894.90,0.00,0.00,3.68,0.00,0.00
64,1024,341803.28,341808.28,341808.28,0.00,0.00,3.68,0.00,0.00
65,1024,341850.89,341849.89,341849.89,0.00,0.00,3.62,0.00,0.00
66,1024,341945.31,341946.31,341946.31,0.00,0.00,3.62,0.00,0.00
67,1024,341831.19,341829.19,341829.19,0.00,0.00,3.62,0.00,0.00
68,1024,341867.63,341869.63,341869.63,0.00,0.00,3.62,0.00,0.00
69,1024,341888.90,341888.90,341888.90,0.00,0.00,3.62,0.00,0.00
70,1024,342001.36,342000.36,342000.36,0.00,0.00,3.62,0.00,0.00
71,1024,341812.25,341813.25,341813.25,0.00,0.00,3.68,0.00,0.00
72,1024,341905.88,341905.88,341905.88,0.00,0.00,3.68,0.00,0.00
73,1024,342051.53,342051.53,342051.53,0.00,0.00,3.68,0.00,0.00
74,1024,341946.77,341945.77,341945.77,0.00,0.00,3.68,0.00,0.00
75,1024,342052.90,342052.90,342052.90,0.00,0.00,3.68,0.00,0.00
76,1024,341866.25,341865.25,341865.25,0.00,0.00,3.62,0.00,0.00
77,1024,341790.00,341792.00,341792.00,0.00,0.00,3.55,0.00,0.00
78,1024,341902.13,341902.13,341902.13,0.00,0.00,3.62,0.00,0.00
79,1024,341898.69,341897.69,341897.69,0.00,0.00,3.68,0.00,0.00
80,1024,341846.71,341845.71,341845.71,0.00,0.00,3.62,0.00,0.00
81,1024,341815.33,341814.33,341814.33,0.00,0.00,3.68,0.00,0.00
82,1024,346393.31,346394.31,346394.31,0.00,0.00,3.62,0.00,0.00
83,1024,344364.12,344364.12,344364.12,0.00,0.00,3.68,0.00,0.00
84,1024,341830.85,341832.85,341832.85,0.00,0.00,3.68,0.00,0.00
85,1024,341846.00,341842.00,341842.00,0.00,0.00,3.62,0.00,0.00
86,1024,353527.62,353531.62,353531.62,0.00,0.00,3.55,0.00,0.00
87,1024,345734.38,345731.38,345731.38,0.00,0.00,3.62,0.00,0.00
88,1024,341899.23,341900.23,341900.23,0.00,0.00,3.62,0.00,0.00
89,1024,341958.45,341958.45,341958.45,0.00,0.00,3.68,0.00,0.00
90,1024,341973.76,341975.76,341975.76,0.00,0.00,3.68,0.00,0.00
91,1024,341960.48,341959.48,341959.48,0.00,0.00,3.62,0.00,0.00
92,1024,342079.12,342077.12,342077.12,0.00,0.00,3.62,0.00,0.00
93,1024,341904.84,341904.84,341904.84,0.00,0.00,3.62,0.00,0.00
94,1024,341989.07,341992.07,341992.07,0.00,0.00,3.68,0.00,0.00
95,1024,342083.03,342083.03,342083.03,0.00,0.00,3.62,0.00,0.00
96,1024,342082.44,342081.44,342081.44,0.00,0.00,3.62,0.00,0.00
97,1024,341910.57,341908.57,341908.57,0.00,0.00,3.62,0.00,0.00
98,1024,341913.20,341916.20,341916.20,0.00,0.00,3.62,0.00,0.00
99,1024,341936.03,341934.03,341934.03,0.00,0.00,3.68,0.00,0.00
100,1024,342141.58,342143.58,342143.58,0.00,0.00,3.68,0.00,0.00
101,1024,341882.09,341880.09,341880.09,0.00,0.00,3.62,0.00,0.00
102,1024,341934.56,341934.56,341934.56,0.00,0.00,3.68,0.00,0.00
103,1024,342021.67,342018.67,342018.67,0.00,0.00,3.68,0.00,0.00
104,1024,341980.49,341983.49,341983.49,0.00,0.00,3.68,0.00,0.00
105,1024,342120.88,342117.88,342117.88,0.00,0.00,3.68,0.00,0.00
106,1024,341943.43,341947.43,341947.43,0.00,0.00,3.68,0.00,0.00
107,1024,341858.10,341855.10,341855.10,0.00,0.00,3.68,0.00,0.00
108,1024,341786.66,341790.66,341790.66,0.00,0.00,3.62,0.00,0.00
109,1024,341883.84,341883.84,341883.84,0.00,0.00,3.55,0.00,0.00
110,1024,341858.98,341857.98,341857.98,0.00,0.00,3.62,0.00,0.00
111,1024,341912.78,341913.78,341913.78,0.00,0.00,3.62,0.00,0.00
112,1024,342018.17,342012.17,342012.17,0.00,0.00,3.55,0.00,0.00
113,1024,341930.41,341936.41,341936.41,0.00,0.00,3.62,0.00,0.00
114,1024,341845.99,341840.99,341840.99,0.00,0.00,3.68,0.00,0.00
115,1024,341942.80,341943.80,341943.80,0.00,0.00,3.68,0.00,0.00
116,1024,342049.74,342052.74,342052.74,0.00,0.00,3.68,0.00,0.00
117,1024,341871.39,341868.39,341868.39,0.00,0.00,3.68,0.00,0.00
118,1024,342000.10,342002.10,342002.10,0.00,0.00,3.62,0.00,0.00
119,1024,341919.24,341921.24,341921.24,0.00,0.00,3.68,0.00,0.00
120,1024,341798.42,341796.42,341796.42,0.00,0.00,3.62,0.00,0.00
121,1024,341809.68,341811.68,341811.68,0.00,0.00,3.62,0.00,0.00
122,1024,341889.91,341889.91,341889.91,0.00,0.00,3.62,0.00,0.00
123,1024,341951.82,341944.82,341944.82,0.00,0.00,3.62,0.00,0.00
124,1024,341945.76,341947.76,341947.76,0.00,0.00,3.62,0.00,0.00
125,1024,342083.53,342088.53,342088.53,0.00,0.00,3.68,0.00,0.00
126,1024,342027.90,342026.90,342026.90,0.00,0.00,3.68,0.00,0.00
127,1024,341954.85,341955.85,341955.85,0.00,0.00,3.62,0.00,0.00
128,1024,341951.53,341949.53,341949.53,0.00,0.00,3.62,0.00,0.00
129,1024,341796.16,341798.16,341798.16,0.00,0.00,3.62,0.00,0.00
130,1024,341761.33,341758.33,341758.33,0.00,0.00,3.62,0.00,0.00
131,1024,341915.68,341918.68,341918.68,0.00,0.00,3.68,0.00,0.00
132,1024,342032.82,342029.82,342029.82,0.00,0.00,3.68,0.00,0.00
133,1024,341886.96,341889.96,341889.96,0.00,0.00,3.68,0.00,0.00
134,1024,341961.35,341961.35,341961.35,0.00,0.00,3.62,0.00,0.00
135,1024,341894.93,341890.93,341890.93,0.00,0.00,3.62,0.00,0.00
136,1024,342138.71,342142.71,342142.71,0.00,0.00,3.62,0.00,0.00
137,1024,342028.87,342027.87,342027.87,0.00,0.00,3.68,0.00,0.00
138,1024,341991.47,341991.47,341991.47,0.00,0.00,3.68,0.00,0.00
139,1024,341869.99,341870.99,341870.99,0.00,0.00,3.68,0.00,0.00
140,1024,341928.00,341922.00,341922.00,0.00,0.00,3.62,0.00,0.00
141,1024,341903.30,341908.30,341908.30,0.00,0.00,3.62,0.00,0.00
142,1024,341792.67,341793.67,341793.67,0.00,0.00,3.68,0.00,0.00
143,1024,341933.16,341929.16,341929.16,0.00,0.00,3.68,0.00,0.00
144,1024,341899.41,341899.41,341899.41,0.00,0.00,3.62,0.00,0.00
145,1024,341938.22,341941.22,341941.22,0.00,0.00,3.68,0.00,0.00
146,1024,341978.50,341979.50,341979.50,0.00,0.00,3.68,0.00,0.00
147,1024,341990.90,341990.90,341990.90,0.00,0.00,3.68,0.00,0.00
148,1024,342043.67,342043.67,342043.67,0.00,0.00,3.68,0.00,0.00
149,1024,341976.02,341976.02,341976.02,0.00,0.00,3.68,0.00,0.00
150,1024,341868.54,341865.54,341865.54,0.00,0.00,3.62,0.00,0.00
151,1024,342005.92,342006.92,342006.92,0.00,0.00,3.68,0.00,0.00
152,1024,341849.87,341849.87,341849.87,0.00,0.00,3.68,0.00,0.00
153,1024,341856.45,341858.45,341858.45,0.00,0.00,3.62,0.00,0.00
154,1024,341883.01,341883.01,341883.01,0.00,0.00,3.62,0.00,0.00
155,1024,342047.12,342042.12,342042.12,0.00,0.00,3.62,0.00,0.00
156,1024,341972.36,341975.36,341975.36,0.00,0.00,3.62,0.00,0.00
157,1024,341944.80,341946.80,341946.80,0.00,0.00,3.68,0.00,0.00
158,1024,341950.08,341948.08,341948.08,0.00,0.00,3.68,0.00,0.00
159,1024,341997.52,341998.52,341998.52,0.00,0.00,3.68,0.00,0.00
160,1024,342075.06,342071.06,342071.06,0.00,0.00,3.68,0.00,0.00
161,1024,341981.02,341986.02,341986.02,0.00,0.00,3.68,0.00,0.00
162,1024,346191.73,346189.73,346189.73,0.00,0.00,3.68,0.00,0.00
163,1024,342513.82,342507.82,342507.82,0.00,0.00,3.68,0.00,0.00
164,1024,342027.68,342035.68,342035.68,0.00,0.00,3.68,0.00,0.00
165,1024,341819.71,341817.71,341817.71,0.00,0.00,3.68,0.00,0.00
166,1024,344121.23,344122.23,344122.23,0.00,0.00,3.62,0.00,0.00
167,1024,349127.58,349126.58,349126.58,0.00,0.00,3.55,0.00,0.00
168,1024,342141.13,342143.13,342143.13,0.00,0.00,3.55,0.00,0.00
169,1024,342043.88,342041.88,342041.88,0.00,0.00,3.62,0.00,0.00
170,1024,342079.10,342081.10,342081.10,0.00,0.00,3.62,0.00,0.00
171,1024,342100.77,342100.77,342100.77,0.00,0.00,3.62,0.00,0.00
172,1024,342161.33,342159.33,342159.33,0.00,0.00,3.62,0.00,0.00
173,1024,342126.02,342128.02,342128.02,0.00,0.00,3.62,0.00,0.00
174,1024,341984.17,341978.17,341978.17,0.00,0.00,3.62,0.00,0.00
175,1024,342076.24,342081.24,342081.24,0.00,0.00,3.62,0.00,0.00
176,1024,341981.42,341980.42,341980.42,0.00,0.00,3.55,0.00,0.00
177,1024,342167.83,342168.83,342168.83,0.00,0.00,3.55,0.00,0.00
178,1024,343974.58,343975.58,343975.58,0.00,0.00,3.55,0.00,0.00
179,1024,342043.12,342040.12,342040.12,0.00,0.00,3.68,0.00,0.00
180,1024,342142.72,342145.72,342145.72,0.00,0.00,3.68,0.00,0.00
181,1024,342197.40,342197.40,342197.40,0.00,0.00,3.68,0.00,0.00
182,1024,342150.28,342148.28,342148.28,0.00,0.00,3.68,0.00,0.00
183,1024,342128.97,342126.97,342126.97,0.00,0.00,3.68,0.00,0.00
184,1024,342029.74,342032.74,342032.74,0.00,0.00,3.62,0.00,0.00
185,1024,341933.92,341933.92,341933.92,0.00,0.00,3.62,0.00,0.00
186,1024,341902.42,341903.42,341903.42,0.00,0.00,3.62,0.00,0.00
187,1024,342045.35,342044.35,342044.35,0.00,0.00,3.68,0.00,0.00
188,1024,341974.80,341975.80,341975.80,0.00,0.00,3.62,0.00,0.00
189,1024,342011.95,342009.95,342009.95,0.00,0.00,3.62,0.00,0.00
190,1024,341831.09,341832.09,341832.09,0.00,0.00,3.62,0.00,0.00
191,1024,341926.13,341925.13,341925.13,0.00,0.00,3.55,0.00,0.00
192,1024,342016.21,342016.21,342016.21,0.00,0.00,3.62,0.00,0.00
193,1024,342052.64,342051.64,342051.64,0.00,0.00,3.68,0.00,0.00
194,1024,341951.01,341949.01,341949.01,0.00,0.00,3.62,0.00,0.00
195,1024,341960.03,341964.03,341964.03,0.00,0.00,3.62,0.00,0.00
196,1024,342015.15,342016.15,342016.15,0.00,0.00,3.62,0.00,0.00
197,1024,341920.57,341918.57,341918.57,0.00,0.00,3.62,0.00,0.00
198,1024,357104.86,357105.86,357105.86,0.00,0.00,3.55,0.00,0.00
199,1024,343178.98,343179.98,343179.98,0.00,0.00,3.62,0.00,0.00
200,1024,342056.53,342056.53,342056.53,0.00,0.00,3.62,0.00,0.00
201,1024,342065.72,342063.72,342063.72,0.00,0.00,3.62,0.00,0.00
202,1024,347885.84,347887.84,347887.84,0.00,0.00,3.62,0.00,0.00
203,1024,345455.17,345455.17,345455.17,0.00,0.00,3.62,0.00,0.00
204,1024,342176.78,342172.78,342172.78,0.00,0.00,3.68,0.00,0.00
205,1024,342091.66,342094.66,342094.66,0.00,0.00,3.68,0.00,0.00
206,1024,342017.31,342018.31,342018.31,0.00,0.00,3.68,0.00,0.00
207,1024,342043.79,342041.79,342041.79,0.00,0.00,3.68,0.00,0.00
208,1024,342129.20,342128.20,342128.20,0.00,0.00,3.62,0.00,0.00
209,1024,341987.22,341985.22,341985.22,0.00,0.00,3.62,0.00,0.00
210,1024,341986.40,341991.40,341991.40,0.00,0.00,3.62,0.00,0.00
211,1024,341984.24,341981.24,341981.24,0.00,0.00,3.62,0.00,0.00
212,1024,342203.53,342206.53,342206.53,0.00,0.00,3.68,0.00,0.00
213,1024,342040.10,342037.10,342037.10,0.00,0.00,3.68,0.00,0.00
214,1024,341976.51,341976.51,341976.51,0.00,0.00,3.68,0.00,0.00
215,1024,342097.62,342099.62,342099.62,0.00,0.00,3.68,0.00,0.00
216,1024,342155.76,342156.76,342156.76,0.00,0.00,3.68,0.00,0.00
217,1024,342097.37,342097.37,342097.37,0.00,0.00,3.68,0.00,0.00
218,1024,342044.41,342044.41,342044.41,0.00,0.00,3.68,0.00,0.00
219,1024,341982.16,341982.16,341982.16,0.00,0.00,3.62,0.00,0.00
220,1024,342063.55,342063.55,342063.55,0.00,0.00,3.68,0.00,0.00
221,1024,342021.63,342021.63,342021.63,0.00,0.00,3.68,0.00,0.00
222,1024,342082.60,342082.60,342082.60,0.00,0.00,3.68,0.00,0.00
223,1024,342142.00,342139.00,342139.00,0.00,0.00,3.68,0.00,0.00
224,1024,342109.92,342108.92,342108.92,0.00,0.00,3.68,0.00,0.00
225,1024,341839.75,341839.75,341839.75,0.00,0.00,3.68,0.00,0.00
226,1024,342083.39,342085.39,342085.39,0.00,0.00,3.68,0.00,0.00
227,1024,342072.94,342074.94,342074.94,0.00,0.00,3.62,0.00,0.00
228,1024,341823.90,341821.90,341821.90,0.00,0.00,3.62,0.00,0.00
229,1024,341918.97,341918.97,341918.97,0.00,0.00,3.62,0.00,0.00
230,1024,342028.93,342030.93,342030.93,0.00,0.00,3.62,0.00,0.00
231,1024,341944.14,341943.14,341943.14,0.00,0.00,3.62,0.00,0.00
232,1024,341944.27,341945.27,341945.27,0.00,0.00,3.55,0.00,0.00
233,1024,341975.65,341973.65,341973.65,0.00,0.00,3.55,0.00,0.00
234,1024,341744.05,341741.05,341741.05,0.00,0.00,3.55,0.00,0.00
235,1024,341989.21,341994.21,341994.21,0.00,0.00,3.55,0.00,0.00
236,1024,341877.53,341875.53,341875.53,0.00,0.00,3.55,0.00,0.00
237,1024,341882.24,341884.24,341884.24,0.00,0.00,3.62,0.00,0.00
238,1024,341917.28,341917.28,341917.28,0.00,0.00,3.68,0.00,0.00
239,1024,341926.22,341924.22,341924.22,0.00,0.00,3.68,0.00,0.00
240,1024,342102.79,342104.79,342104.79,0.00,0.00,3.68,0.00,0.00
241,1024,341950.67,341949.67,341949.67,0.00,0.00,3.68,0.00,0.00
242,1024,341853.58,341850.58,341850.58,0.00,0.00,3.62,0.00,0.00
243,1024,341863.97,341867.97,341867.97,0.00,0.00,3.62,0.00,0.00
244,1024,341741.55,341737.55,341737.55,0.00,0.00,3.68,0.00,0.00
245,1024,341838.78,341842.78,341842.78,0.00,0.00,3.62,0.00,0.00
246,1024,355595.67,355589.67,355589.67,0.00,0.00,3.62,0.00,0.00
247,1024,342023.30,342027.30,342027.30,0.00,0.00,3.68,0.00,0.00
248,1024,342167.48,342169.48,342169.48,0.00,0.00,3.68,0.00,0.00
249,1024,342143.76,342143.76,342143.76,0.00,0.00,3.68,0.00,0.00
250,1024,342146.95,342145.95,342145.95,0.00,0.00,3.62,0.00,0.00
251,1024,342066.20,342065.20,342065.20,0.00,0.00,3.62,0.00,0.00
252,1024,342093.58,342095.58,342095.58,0.00,0.00,3.62,0.00,0.00
253,1024,342115.84,342115.84,342115.84,0.00,0.00,3.68,0.00,0.00
254,1024,342148.27,342144.27,342144.27,0.00,0.00,3.62,0.00,0.00
255,1024,342029.94,342031.94,342031.94,0.00,0.00,3.68,0.00,0.00
256,1024,341951.16,341953.16,341953.16,0.00,0.00,3.68,0.00,0.00
257,1024,342068.17,342066.17,342066.17,0.00,0.00,3.68,0.00,0.00
258,1024,343902.54,343901.54,343901.54,0.00,0.00,3.68,0.00,0.00
259,1024,361601.51,361602.51,361602.51,0.00,0.00,3.55,0.00,0.00
260,1024,342093.52,342089.52,342089.52,0.00,0.00,3.62,0.00,0.00
261,1024,342048.05,342054.05,342054.05,0.00,0.00,3.62,0.00,0.00
262,1024,342095.76,342091.76,342091.76,0.00,0.00,3.62,0.00,0.00
263,1024,342208.18,342212.18,342212.18,0.00,0.00,3.62,0.00,0.00
264,1024,342108.46,342105.46,342105.46,0.00,0.00,3.62,0.00,0.00
265,1024,342095.75,342098.75,342098.75,0.00,0.00,3.68,0.00,0.00
266,1024,342098.43,342098.43,342098.43,0.00,0.00,3.75,0.00,0.00
267,1024,342038.04,342038.04,342038.04,0.00,0.00,3.68,0.00,0.00
268,1024,342190.35,342186.35,342186.35,0.00,0.00,3.68,0.00,0.00
269,1024,342230.94,342233.94,342233.94,0.00,0.00,3.68,0.00,0.00
270,1024,342038.63,342038.63,342038.63,0.00,0.00,3.62,0.00,0.00
271,1024,342046.05,342047.05,342047.05,0.00,0.00,3.62,0.00,0.00
272,1024,341977.91,341975.91,341975.91,0.00,0.00,3.62,0.00,0.00
273,1024,342037.62,342039.62,342039.62,0.00,0.00,3.62,0.00,0.00
274,1024,342001.18,342000.18,342000.18,0.00,0.00,3.62,0.00,0.00
275,1024,342132.39,342133.39,342133.39,0.00,0.00,3.62,0.00,0.00
276,1024,341957.92,341955.92,341955.92,0.00,0.00,3.62,0.00,0.00
277,1024,342035.78,342037.78,342037.78,0.00,0.00,3.68,0.00,0.00
278,1024,341407.44,341406.44,341406.44,0.00,0.00,3.68,0.00,0.00
279,1024,407452.28,407453.28,407453.28,0.00,0.00,3.36,0.00,0.00
280,1024,342808.68,342808.68,342808.68,0.00,0.00,3.62,0.00,0.00
281,1024,342257.00,342257.00,342257.00,0.00,0.00,3.75,0.00,0.00
282,1024,342378.89,342377.89,342377.89,0.00,0.00,3.68,0.00,0.00
283,1024,342376.48,342377.48,342377.48,0.00,0.00,3.68,0.00,0.00
284,1024,342109.02,342109.02,342109.02,0.00,0.00,3.55,0.00,0.00
285,1024,342219.35,342219.35,342219.35,0.00,0.00,3.55,0.00,0.00
286,1024,342100.31,342099.31,342099.31,0.00,0.00,3.62,0.00,0.00
287,1024,342174.99,342175.99,342175.99,0.00,0.00,3.62,0.00,0.00
288,1024,342075.39,342072.39,342072.39,0.00,0.00,3.62,0.00,0.00
289,1024,342051.36,342054.36,342054.36,0.00,0.00,3.62,0.00,0.00
290,1024,342641.60,342641.60,342641.60,0.00,0.00,3.62,0.00,0.00
291,1024,342079.34,342075.34,342075.34,0.00,0.00,3.62,0.00,0.00
292,1024,342055.29,342058.29,342058.29,0.00,0.00,3.62,0.00,0.00
293,1024,341943.71,341943.71,341943.71,0.00,0.00,3.62,0.00,0.00
294,1024,341409.39,341410.39,341410.39,0.00,0.00,3.62,0.00,0.00
295,1024,341552.51,341550.51,341550.51,0.00,0.00,3.62,0.00,0.00
296,1024,341913.32,341914.32,341914.32,0.00,0.00,3.62,0.00,0.00
297,1024,341880.58,341881.58,341881.58,0.00,0.00,3.62,0.00,0.00
298,1024,341843.11,341843.11,341843.11,0.00,0.00,3.62,0.00,0.00
299,1024,341980.94,341979.94,341979.94,0.00,0.00,3.62,0.00,0.00
300,1024,335193.08,335194.08,335194.08,0.00,0.00,3.62,0.00,0.00
SQL statistics:
    queries performed:
        read:                            102739465
        write:                           0
        other:                           0
        total:                           102739465
    transactions:                        102739465 (342228.88 per sec.)
    queries:                             102739465 (342228.88 per sec.)
    ignored errors:                      0      (0.00 per sec.)
    reconnects:                          0      (0.00 per sec.)

General statistics:
    total time:                          300.2054s
    total number of events:              102739465

Latency (ms):
         min:                                    0.05
         avg:                                    2.99
         max:                                  839.65
         95th percentile:                        3.62
         sum:                            306898364.14

Threads fairness:
    events (avg/stddev):           100331.5088/2541.05
    execution time (avg/stddev):   299.7054/0.10

