sysbench 1.0.20 (using bundled LuaJIT 2.1.0-beta2)

Running the test with following options:
Number of threads: 16
Report intermediate results every 1 second(s)
Initializing random number generator from current time


Initializing worker threads...

Threads started!

1,16,10027.99,160605.40,140533.46,0.00,20071.94,1.86,0.00,0.00
2,16,10520.97,168320.56,147279.62,0.00,21040.95,1.79,0.00,0.00
3,16,10493.29,167906.68,146919.10,0.00,20987.59,1.82,0.00,0.00
4,16,10601.10,169619.63,148417.43,0.00,21202.20,1.79,0.00,0.00
5,16,10748.32,171955.13,150458.48,0.00,21496.64,1.64,0.00,0.00
6,16,10641.69,170258.99,148976.61,0.00,21282.37,1.76,0.00,0.00
7,16,10694.06,171102.01,149712.89,0.00,21389.13,1.70,0.00,0.00
8,16,10642.10,170303.54,149019.35,0.00,21284.19,1.73,0.00,0.00
9,16,10737.84,171795.52,150319.83,0.00,21475.69,1.64,0.00,0.00
10,16,10604.85,169681.66,148471.95,0.00,21209.71,1.76,0.00,0.00
11,16,10688.12,171007.93,149632.69,0.00,21375.24,1.70,0.00,0.00
12,16,10639.08,170247.36,148969.19,0.00,21278.17,1.76,0.00,0.00
13,16,10665.92,170598.76,149265.92,0.00,21332.85,1.76,0.00,0.00
14,16,10599.05,169628.84,148430.73,0.00,21198.10,1.82,0.00,0.00
15,16,10568.12,169070.97,147934.73,0.00,21136.25,1.82,0.00,0.00
16,16,10635.78,170177.45,148905.90,0.00,21271.56,1.73,0.00,0.00
17,16,10662.94,170560.01,149234.13,0.00,21325.88,1.70,0.00,0.00
18,16,10586.13,169417.06,148245.80,0.00,21171.26,1.76,0.00,0.00
19,16,10646.93,170360.91,149067.04,0.00,21293.86,1.73,0.00,0.00
20,16,10724.62,171600.94,150150.70,0.00,21450.24,1.64,0.00,0.00
21,16,10636.72,170183.57,148912.12,0.00,21271.45,1.76,0.00,0.00
22,16,10668.63,170678.15,149339.88,0.00,21338.27,1.70,0.00,0.00
23,16,10574.03,169186.52,148037.46,0.00,21149.07,1.76,0.00,0.00
24,16,10540.34,168657.36,147576.69,0.00,21080.67,1.76,0.00,0.00
25,16,10642.60,170289.60,149005.40,0.00,21284.20,1.73,0.00,0.00
26,16,10632.96,170120.43,148854.50,0.00,21265.93,1.76,0.00,0.00
27,16,10467.43,167493.93,146558.06,0.00,20935.87,1.79,0.00,0.00
28,16,10669.64,170703.20,149363.92,0.00,21339.27,1.64,0.00,0.00
29,16,10592.39,169503.25,148318.47,0.00,21184.78,1.76,0.00,0.00
30,16,10591.88,169441.08,148257.32,0.00,21183.76,1.76,0.00,0.00
31,16,10432.61,166887.83,146023.60,0.00,20864.23,1.82,0.00,0.00
32,16,10465.31,167502.94,146571.32,0.00,20931.62,1.82,0.00,0.00
33,16,10547.73,168766.64,147671.19,0.00,21095.46,1.76,0.00,0.00
34,16,10624.78,169964.49,148714.93,0.00,21249.56,1.67,0.00,0.00
35,16,10545.31,168720.00,147630.37,0.00,21089.62,1.76,0.00,0.00
36,16,10403.25,166463.00,145655.50,0.00,20807.50,1.86,0.00,0.00
37,16,10669.65,170731.41,149392.11,0.00,21339.30,1.64,0.00,0.00
38,16,10607.06,169691.01,148477.88,0.00,21213.13,1.70,0.00,0.00
39,16,10517.07,168260.20,147226.05,0.00,21034.15,1.82,0.00,0.00
40,16,10462.17,167393.72,146469.38,0.00,20924.34,1.82,0.00,0.00
41,16,10580.84,169334.52,148171.83,0.00,21162.69,1.73,0.00,0.00
42,16,10653.08,170430.25,149125.10,0.00,21305.16,1.70,0.00,0.00
43,16,10583.10,169287.52,148121.33,0.00,21166.19,1.76,0.00,0.00
44,16,10667.84,170722.51,149385.82,0.00,21336.69,1.67,0.00,0.00
45,16,10739.43,171838.82,150359.97,0.00,21478.85,1.61,0.00,0.00
46,16,10575.42,169210.65,148059.82,0.00,21150.83,1.73,0.00,0.00
47,16,10633.68,170157.86,148891.51,0.00,21266.36,1.70,0.00,0.00
48,16,10541.38,168660.11,147576.35,0.00,21083.76,1.76,0.00,0.00
49,16,10628.00,170036.96,148780.97,0.00,21256.00,1.70,0.00,0.00
50,16,10603.96,169651.37,148443.45,0.00,21207.92,1.76,0.00,0.00
51,16,10404.23,166424.72,145617.25,0.00,20807.47,1.86,0.00,0.00
52,16,10443.65,167171.41,146283.11,0.00,20888.30,1.82,0.00,0.00
53,16,10567.98,169065.76,147930.79,0.00,21134.97,1.76,0.00,0.00
54,16,10700.07,171183.16,149782.01,0.00,21401.14,1.64,0.00,0.00
55,16,10481.13,167702.09,146739.83,0.00,20962.26,1.82,0.00,0.00
56,16,10608.01,169734.22,148518.19,0.00,21216.03,1.73,0.00,0.00
57,16,10601.86,169632.72,148431.00,0.00,21201.71,1.76,0.00,0.00
58,16,10636.86,170184.82,148909.09,0.00,21275.73,1.70,0.00,0.00
59,16,10451.49,167217.85,146315.87,0.00,20901.98,1.82,0.00,0.00
60,16,10464.69,167461.10,146530.71,0.00,20930.39,1.82,0.00,0.00
61,16,10572.94,169150.01,148004.14,0.00,21145.88,1.76,0.00,0.00
62,16,10611.96,169790.40,148566.47,0.00,21223.92,1.73,0.00,0.00
63,16,10565.77,169030.37,147899.82,0.00,21130.55,1.79,0.00,0.00
64,16,10576.03,169218.42,148065.37,0.00,21153.05,1.76,0.00,0.00
65,16,10531.16,168508.63,147446.30,0.00,21062.33,1.79,0.00,0.00
66,16,10668.00,170682.03,149346.03,0.00,21336.00,1.67,0.00,0.00
67,16,10460.13,167402.12,146481.86,0.00,20920.26,1.82,0.00,0.00
68,16,10399.94,166404.06,145604.18,0.00,20799.88,1.86,0.00,0.00
69,16,10571.30,169136.86,147994.25,0.00,21142.61,1.76,0.00,0.00
70,16,10556.19,168898.05,147785.67,0.00,21112.38,1.79,0.00,0.00
71,16,10517.68,168236.81,147201.46,0.00,21035.35,1.79,0.00,0.00
72,16,10566.97,169078.45,147944.52,0.00,21133.93,1.76,0.00,0.00
73,16,10569.00,169139.06,148001.05,0.00,21138.01,1.76,0.00,0.00
74,16,10528.07,168424.12,147368.98,0.00,21055.14,1.82,0.00,0.00
75,16,10564.98,169021.72,147890.76,0.00,21130.97,1.79,0.00,0.00
76,16,10553.90,168867.43,147761.63,0.00,21105.80,1.79,0.00,0.00
77,16,10564.02,169036.37,147906.32,0.00,21130.05,1.79,0.00,0.00
78,16,10465.05,167449.84,146519.74,0.00,20930.11,1.82,0.00,0.00
79,16,10623.77,169995.39,148747.84,0.00,21247.55,1.76,0.00,0.00
80,16,10622.51,169941.12,148696.11,0.00,21245.02,1.73,0.00,0.00
81,16,10702.69,171247.02,149842.64,0.00,21404.38,1.67,0.00,0.00
82,16,10711.98,171363.61,149938.66,0.00,21424.95,1.67,0.00,0.00
83,16,10546.27,168763.25,147670.72,0.00,21092.53,1.79,0.00,0.00
84,16,10496.68,167961.85,146968.49,0.00,20993.36,1.86,0.00,0.00
85,16,10683.31,170929.00,149562.38,0.00,21366.63,1.73,0.00,0.00
86,16,10510.89,168178.21,147156.43,0.00,21021.78,1.79,0.00,0.00
87,16,10435.11,166958.73,146089.52,0.00,20869.22,1.82,0.00,0.00
88,16,10652.73,170390.64,149084.18,0.00,21306.45,1.76,0.00,0.00
89,16,10679.37,170917.95,149559.21,0.00,21358.74,1.73,0.00,0.00
90,16,10747.78,171979.42,150484.87,0.00,21494.55,1.67,0.00,0.00
91,16,10581.92,169307.70,148142.86,0.00,21164.84,1.79,0.00,0.00
92,16,10562.05,168969.76,147845.66,0.00,21124.09,1.79,0.00,0.00
93,16,10329.83,165282.34,144622.67,0.00,20659.67,1.86,0.00,0.00
94,16,10319.06,165084.00,144446.87,0.00,20637.12,1.86,0.00,0.00
95,16,10563.04,169045.69,147918.61,0.00,21127.09,1.82,0.00,0.00
96,16,10267.18,164244.82,143710.47,0.00,20534.35,1.86,0.00,0.00
97,16,10641.97,170297.45,149013.51,0.00,21283.93,1.73,0.00,0.00
98,16,10480.84,167697.40,146735.73,0.00,20961.68,1.82,0.00,0.00
99,16,10628.24,170040.78,148784.31,0.00,21256.47,1.79,0.00,0.00
100,16,10653.66,170439.57,149134.25,0.00,21305.32,1.76,0.00,0.00
101,16,10675.27,170791.27,149439.73,0.00,21351.53,1.73,0.00,0.00
102,16,10576.95,169252.21,148097.31,0.00,21154.90,1.79,0.00,0.00
103,16,10611.41,169789.57,148566.75,0.00,21222.82,1.79,0.00,0.00
104,16,10619.37,169907.95,148669.21,0.00,21238.74,1.76,0.00,0.00
105,16,10705.08,171269.35,149859.18,0.00,21410.17,1.70,0.00,0.00
106,16,10743.10,171895.61,150409.41,0.00,21486.20,1.70,0.00,0.00
107,16,10746.81,171951.97,150459.35,0.00,21492.62,1.67,0.00,0.00
108,16,10442.00,167083.94,146198.94,0.00,20884.99,1.86,0.00,0.00
109,16,10759.27,172129.30,150611.76,0.00,21517.54,1.67,0.00,0.00
110,16,10704.49,171278.82,149869.85,0.00,21408.98,1.73,0.00,0.00
111,16,10510.46,168165.34,147143.43,0.00,21021.92,1.79,0.00,0.00
112,16,10677.74,170827.79,149473.32,0.00,21354.47,1.73,0.00,0.00
113,16,10666.63,170647.07,149314.81,0.00,21332.26,1.76,0.00,0.00
114,16,10776.52,172458.27,150905.24,0.00,21553.03,1.70,0.00,0.00
115,16,10622.08,169965.32,148719.16,0.00,21246.17,1.79,0.00,0.00
116,16,10663.14,170568.32,149243.03,0.00,21325.29,1.73,0.00,0.00
117,16,10776.96,172466.35,150911.44,0.00,21554.92,1.64,0.00,0.00
118,16,10717.82,171460.06,150024.43,0.00,21435.63,1.73,0.00,0.00
119,16,10600.92,169623.72,148421.88,0.00,21201.84,1.82,0.00,0.00
120,16,10657.80,170518.74,149204.15,0.00,21314.59,1.79,0.00,0.00
121,16,10770.67,172375.75,150833.40,0.00,21542.34,1.64,0.00,0.00
122,16,10682.40,170886.35,149522.56,0.00,21363.79,1.76,0.00,0.00
123,16,10458.24,167353.87,146436.39,0.00,20917.48,1.82,0.00,0.00
124,16,10718.82,171494.13,150057.48,0.00,21436.64,1.70,0.00,0.00
125,16,10768.02,172283.30,150748.26,0.00,21535.04,1.70,0.00,0.00
126,16,10575.21,169199.35,148046.93,0.00,21152.42,1.79,0.00,0.00
127,16,10432.73,166912.66,146048.20,0.00,20864.46,1.82,0.00,0.00
128,16,10741.09,171889.48,150406.29,0.00,21483.19,1.70,0.00,0.00
129,16,10797.35,172718.56,151125.87,0.00,21592.70,1.67,0.00,0.00
130,16,10459.58,167353.25,146433.09,0.00,20920.16,1.82,0.00,0.00
131,16,10687.32,170999.07,149623.43,0.00,21375.63,1.73,0.00,0.00
132,16,10735.82,171769.12,150298.48,0.00,21470.64,1.70,0.00,0.00
133,16,10785.33,172613.30,151041.64,0.00,21571.66,1.64,0.00,0.00
134,16,10691.58,171037.25,149656.10,0.00,21381.16,1.76,0.00,0.00
135,16,10778.17,172451.64,150894.31,0.00,21557.33,1.67,0.00,0.00
136,16,10810.16,172990.61,151369.28,0.00,21621.33,1.64,0.00,0.00
137,16,10787.74,172566.85,150991.37,0.00,21575.48,1.64,0.00,0.00
138,16,10783.05,172515.80,150950.70,0.00,21565.10,1.73,0.00,0.00
139,16,10761.30,172205.74,150682.15,0.00,21523.59,1.70,0.00,0.00
140,16,10754.80,172079.83,150571.22,0.00,21508.60,1.70,0.00,0.00
141,16,10799.08,172794.35,151195.18,0.00,21599.17,1.64,0.00,0.00
142,16,10849.90,173589.39,151889.59,0.00,21699.80,1.61,0.00,0.00
143,16,10764.94,172263.08,150733.19,0.00,21529.88,1.70,0.00,0.00
144,16,10712.10,171381.53,149957.34,0.00,21424.19,1.73,0.00,0.00
145,16,10839.65,173413.36,151734.07,0.00,21679.30,1.61,0.00,0.00
146,16,10689.13,171043.10,149666.84,0.00,21376.26,1.76,0.00,0.00
147,16,10667.91,170671.61,149333.79,0.00,21337.83,1.76,0.00,0.00
148,16,10649.29,170391.64,149094.06,0.00,21297.58,1.79,0.00,0.00
149,16,10786.88,172563.03,150989.28,0.00,21573.75,1.70,0.00,0.00
150,16,10778.95,172488.26,150930.35,0.00,21557.91,1.70,0.00,0.00
151,16,10732.01,171737.21,150272.18,0.00,21465.03,1.73,0.00,0.00
152,16,10710.60,171350.59,149929.39,0.00,21421.20,1.73,0.00,0.00
153,16,10728.49,171682.84,150225.86,0.00,21456.98,1.73,0.00,0.00
154,16,10722.84,171538.44,150093.76,0.00,21444.68,1.73,0.00,0.00
155,16,10742.66,171881.54,150395.23,0.00,21486.32,1.73,0.00,0.00
156,16,10774.20,172385.19,150837.79,0.00,21547.40,1.67,0.00,0.00
157,16,10780.25,172480.06,150919.55,0.00,21560.51,1.70,0.00,0.00
158,16,10805.08,172866.34,151255.18,0.00,21611.17,1.70,0.00,0.00
159,16,10794.86,172723.79,151134.06,0.00,21589.72,1.70,0.00,0.00
160,16,10688.42,171020.79,149643.94,0.00,21376.85,1.76,0.00,0.00
161,16,10738.48,171822.60,150345.65,0.00,21476.95,1.73,0.00,0.00
162,16,10745.35,171917.60,150430.90,0.00,21486.70,1.73,0.00,0.00
163,16,10635.98,170152.71,148877.75,0.00,21274.96,1.79,0.00,0.00
164,16,10638.70,170257.19,148978.79,0.00,21278.40,1.76,0.00,0.00
165,16,10854.30,173636.77,151931.17,0.00,21705.60,1.64,0.00,0.00
166,16,10841.92,173507.69,151820.85,0.00,21686.84,1.67,0.00,0.00
167,16,10729.90,171632.47,150173.66,0.00,21458.81,1.76,0.00,0.00
168,16,10752.92,172078.74,150572.90,0.00,21505.84,1.70,0.00,0.00
169,16,10871.81,173949.91,152205.30,0.00,21744.61,1.61,0.00,0.00
170,16,10829.21,173282.34,151624.92,0.00,21657.42,1.67,0.00,0.00
171,16,10817.09,173059.51,151424.33,0.00,21635.19,1.70,0.00,0.00
172,16,10569.12,169120.92,147982.68,0.00,21138.24,1.82,0.00,0.00
173,16,10773.33,172355.35,150808.68,0.00,21546.67,1.67,0.00,0.00
174,16,10820.79,173154.58,151514.01,0.00,21640.57,1.67,0.00,0.00
175,16,10618.90,169858.42,148620.62,0.00,21237.80,1.82,0.00,0.00
176,16,10757.68,172141.84,150624.48,0.00,21517.35,1.73,0.00,0.00
177,16,10820.17,173109.77,151470.43,0.00,21639.35,1.67,0.00,0.00
178,16,10854.74,173716.76,152007.29,0.00,21709.47,1.67,0.00,0.00
179,16,10883.11,174065.76,152299.54,0.00,21766.22,1.61,0.00,0.00
180,16,10779.55,172546.82,150987.71,0.00,21559.10,1.70,0.00,0.00
181,16,10715.54,171385.63,149955.55,0.00,21430.08,1.76,0.00,0.00
182,16,10786.19,172626.99,151053.61,0.00,21573.37,1.76,0.00,0.00
183,16,10631.83,170097.36,148833.69,0.00,21263.67,1.82,0.00,0.00
184,16,10462.10,167413.66,146489.45,0.00,20924.21,1.82,0.00,0.00
185,16,10841.84,173436.45,151752.77,0.00,21683.68,1.61,0.00,0.00
186,16,10891.87,174291.94,152508.20,0.00,21783.74,1.61,0.00,0.00
187,16,10838.30,173422.83,151746.22,0.00,21676.60,1.64,0.00,0.00
188,16,10738.91,171790.64,150312.81,0.00,21477.83,1.76,0.00,0.00
189,16,10885.95,174186.27,152415.36,0.00,21770.91,1.61,0.00,0.00
190,16,10843.91,173463.63,151775.80,0.00,21687.83,1.67,0.00,0.00
191,16,10814.36,173049.81,151421.09,0.00,21628.73,1.67,0.00,0.00
192,16,10680.70,170884.24,149522.83,0.00,21361.40,1.79,0.00,0.00
193,16,10758.06,172118.97,150602.84,0.00,21516.12,1.73,0.00,0.00
194,16,10642.72,170320.58,149034.13,0.00,21286.45,1.79,0.00,0.00
195,16,10581.22,169295.59,148134.14,0.00,21161.45,1.82,0.00,0.00
196,16,10850.97,173607.49,151905.55,0.00,21701.94,1.64,0.00,0.00
197,16,10798.81,172799.96,151202.34,0.00,21597.62,1.70,0.00,0.00
198,16,10812.25,172986.94,151361.44,0.00,21625.49,1.70,0.00,0.00
199,16,10699.13,171210.05,149811.80,0.00,21398.26,1.76,0.00,0.00
200,16,10865.72,173821.58,152090.13,0.00,21731.45,1.61,0.00,0.00
201,16,10792.28,172646.53,151062.96,0.00,21583.57,1.70,0.00,0.00
202,16,10892.93,174275.87,152489.01,0.00,21786.86,1.64,0.00,0.00
203,16,10766.83,172327.27,150794.61,0.00,21532.66,1.70,0.00,0.00
204,16,10736.17,171775.77,150302.42,0.00,21473.35,1.73,0.00,0.00
205,16,10837.67,173404.67,151730.33,0.00,21674.33,1.67,0.00,0.00
206,16,10718.22,171461.44,150024.01,0.00,21437.43,1.76,0.00,0.00
207,16,10736.94,171839.12,150365.23,0.00,21473.89,1.76,0.00,0.00
208,16,10658.92,170511.79,149193.95,0.00,21317.85,1.82,0.00,0.00
209,16,10704.17,171273.75,149866.40,0.00,21407.34,1.79,0.00,0.00
210,16,10825.93,173186.90,151534.04,0.00,21652.86,1.70,0.00,0.00
211,16,10883.95,174183.21,152415.31,0.00,21767.90,1.61,0.00,0.00
212,16,10668.35,170690.66,149353.96,0.00,21336.71,1.76,0.00,0.00
213,16,10735.87,171741.92,150271.18,0.00,21470.74,1.76,0.00,0.00
214,16,10707.05,171319.78,149904.69,0.00,21415.10,1.79,0.00,0.00
215,16,10736.76,171802.11,150328.60,0.00,21473.51,1.79,0.00,0.00
216,16,10808.41,172902.56,151286.74,0.00,21615.82,1.70,0.00,0.00
217,16,10862.63,173808.01,152082.75,0.00,21725.25,1.64,0.00,0.00
218,16,10889.04,174263.68,152484.60,0.00,21779.09,1.64,0.00,0.00
219,16,10695.08,171129.32,149740.16,0.00,21389.17,1.79,0.00,0.00
220,16,10699.14,171184.22,149783.94,0.00,21400.28,1.76,0.00,0.00
221,16,10707.59,171289.50,149876.31,0.00,21413.19,1.79,0.00,0.00
222,16,10702.34,171210.41,149806.74,0.00,21403.68,1.79,0.00,0.00
223,16,10771.09,172355.49,150812.31,0.00,21543.19,1.76,0.00,0.00
224,16,10787.70,172634.21,151057.81,0.00,21576.40,1.70,0.00,0.00
225,16,10902.00,174410.00,152606.00,0.00,21804.00,1.61,0.00,0.00
226,16,10846.35,173520.67,151827.96,0.00,21692.71,1.67,0.00,0.00
227,16,10829.65,173291.47,151634.16,0.00,21657.31,1.70,0.00,0.00
228,16,10740.87,171831.94,150350.20,0.00,21481.74,1.73,0.00,0.00
229,16,10729.08,171708.34,150248.17,0.00,21460.17,1.79,0.00,0.00
230,16,10768.22,172242.59,150706.14,0.00,21536.45,1.76,0.00,0.00
231,16,10807.97,172979.52,151363.58,0.00,21615.94,1.67,0.00,0.00
232,16,10703.87,171246.93,149839.19,0.00,21407.74,1.76,0.00,0.00
233,16,10748.13,171966.09,150469.83,0.00,21496.26,1.76,0.00,0.00
234,16,10801.84,172836.46,151233.78,0.00,21602.68,1.73,0.00,0.00
235,16,10729.10,171667.60,150208.40,0.00,21459.20,1.76,0.00,0.00
236,16,10808.86,172926.83,151309.10,0.00,21617.73,1.70,0.00,0.00
237,16,10714.01,171464.23,150036.20,0.00,21428.03,1.79,0.00,0.00
238,16,10783.27,172496.38,150929.83,0.00,21566.55,1.76,0.00,0.00
239,16,10785.01,172573.21,151003.19,0.00,21570.03,1.73,0.00,0.00
240,16,10730.61,171698.79,150237.56,0.00,21461.22,1.73,0.00,0.00
241,16,10814.30,172991.87,151362.27,0.00,21629.61,1.70,0.00,0.00
242,16,10821.94,173161.06,151518.18,0.00,21642.88,1.70,0.00,0.00
243,16,10840.94,173458.02,151777.14,0.00,21680.88,1.67,0.00,0.00
244,16,10583.95,169339.23,148172.33,0.00,21166.90,1.82,0.00,0.00
245,16,10736.38,171768.06,150294.31,0.00,21473.76,1.73,0.00,0.00
246,16,10848.63,173627.15,151929.88,0.00,21697.27,1.70,0.00,0.00
247,16,10834.14,173320.16,151649.89,0.00,21670.27,1.67,0.00,0.00
248,16,10748.89,171986.31,150490.52,0.00,21495.79,1.76,0.00,0.00
249,16,10913.83,174616.25,152787.60,0.00,21828.66,1.61,0.00,0.00
250,16,10825.33,173213.27,151562.61,0.00,21650.66,1.70,0.00,0.00
251,16,10686.38,171014.11,149641.35,0.00,21372.76,1.79,0.00,0.00
252,16,10705.42,171233.79,149822.94,0.00,21410.85,1.79,0.00,0.00
253,16,10807.03,172958.43,151344.38,0.00,21614.05,1.70,0.00,0.00
254,16,10931.18,174876.95,153014.58,0.00,21862.37,1.58,0.00,0.00
255,16,10644.60,170317.56,149029.37,0.00,21288.20,1.79,0.00,0.00
256,16,10785.26,172574.11,151002.60,0.00,21571.51,1.70,0.00,0.00
257,16,10844.98,173479.73,151790.76,0.00,21688.97,1.67,0.00,0.00
258,16,10939.10,175064.59,153185.39,0.00,21879.20,1.58,0.00,0.00
259,16,10853.16,173609.55,151903.23,0.00,21706.32,1.70,0.00,0.00
260,16,10789.75,172683.05,151103.54,0.00,21579.51,1.70,0.00,0.00
261,16,10833.07,173292.10,151625.96,0.00,21666.14,1.70,0.00,0.00
262,16,10827.81,173246.98,151592.36,0.00,21654.62,1.70,0.00,0.00
263,16,10485.71,167774.34,146802.92,0.00,20971.42,1.82,0.00,0.00
264,16,10869.25,173924.98,152185.48,0.00,21739.50,1.61,0.00,0.00
265,16,10854.11,173641.68,151934.47,0.00,21707.21,1.67,0.00,0.00
266,16,10646.10,170390.60,149097.40,0.00,21293.20,1.79,0.00,0.00
267,16,10721.98,171527.74,150083.77,0.00,21443.97,1.73,0.00,0.00
268,16,10784.15,172541.41,150973.11,0.00,21568.30,1.70,0.00,0.00
269,16,10799.85,172804.53,151205.84,0.00,21598.69,1.70,0.00,0.00
270,16,10901.01,174401.09,152598.08,0.00,21803.01,1.64,0.00,0.00
271,16,10753.24,172016.78,150510.31,0.00,21506.47,1.76,0.00,0.00
272,16,10795.64,172767.17,151175.90,0.00,21591.27,1.70,0.00,0.00
273,16,10768.30,172275.82,150741.22,0.00,21534.60,1.73,0.00,0.00
274,16,10920.85,174775.62,152931.92,0.00,21843.70,1.61,0.00,0.00
275,16,10666.92,170643.66,149310.83,0.00,21332.83,1.82,0.00,0.00
276,16,10562.33,169023.26,147897.60,0.00,21125.66,1.79,0.00,0.00
277,16,10840.60,173440.63,151760.43,0.00,21680.20,1.67,0.00,0.00
278,16,10814.68,173032.88,151403.52,0.00,21629.36,1.73,0.00,0.00
279,16,10839.03,173431.44,151752.39,0.00,21679.06,1.67,0.00,0.00
280,16,10787.21,172558.37,150983.95,0.00,21574.42,1.73,0.00,0.00
281,16,10858.04,173744.66,152029.58,0.00,21715.08,1.64,0.00,0.00
282,16,10853.12,173637.98,151930.74,0.00,21707.25,1.67,0.00,0.00
283,16,10495.33,167939.36,146949.69,0.00,20989.67,1.82,0.00,0.00
284,16,10551.70,168848.19,147744.79,0.00,21103.40,1.82,0.00,0.00
285,16,10737.79,171751.57,150276.00,0.00,21475.57,1.79,0.00,0.00
286,16,10839.99,173473.88,151793.89,0.00,21679.98,1.70,0.00,0.00
287,16,10712.73,171389.71,149964.25,0.00,21425.46,1.79,0.00,0.00
288,16,10806.58,172923.21,151308.06,0.00,21615.15,1.67,0.00,0.00
289,16,10847.81,173548.00,151853.37,0.00,21694.62,1.67,0.00,0.00
290,16,10802.69,172847.08,151243.70,0.00,21603.39,1.73,0.00,0.00
291,16,10723.45,171608.14,150159.25,0.00,21448.89,1.76,0.00,0.00
292,16,10369.04,165889.71,145150.62,0.00,20739.09,1.86,0.00,0.00
293,16,10886.05,174151.75,152380.66,0.00,21771.09,1.61,0.00,0.00
294,16,10685.66,170957.49,149587.18,0.00,21370.31,1.76,0.00,0.00
295,16,10611.57,169792.10,148567.97,0.00,21224.14,1.82,0.00,0.00
296,16,10705.19,171317.01,149905.64,0.00,21411.38,1.79,0.00,0.00
297,16,10800.76,172792.08,151193.57,0.00,21598.51,1.70,0.00,0.00
298,16,10857.94,173775.01,152057.13,0.00,21717.88,1.64,0.00,0.00
299,16,10898.24,174342.84,152546.36,0.00,21796.48,1.61,0.00,0.00
300,16,10825.72,173209.46,151559.03,0.00,21650.43,1.70,0.00,0.00
301,16,10937.12,174958.91,153083.67,0.00,21875.24,1.58,0.00,0.00
302,16,10852.65,173647.43,151943.13,0.00,21704.30,1.70,0.00,0.00
303,16,10807.12,172946.96,151331.71,0.00,21615.25,1.70,0.00,0.00
304,16,10741.01,171825.17,150342.15,0.00,21483.02,1.76,0.00,0.00
305,16,10922.75,174787.96,152944.46,0.00,21843.49,1.58,0.00,0.00
306,16,10850.14,173605.25,151904.97,0.00,21700.28,1.70,0.00,0.00
307,16,10574.09,169211.44,148063.26,0.00,21148.18,1.79,0.00,0.00
308,16,10741.13,171771.10,150288.84,0.00,21482.26,1.79,0.00,0.00
309,16,10912.84,174659.46,152832.78,0.00,21826.68,1.58,0.00,0.00
310,16,10884.02,174174.36,152406.32,0.00,21768.04,1.64,0.00,0.00
311,16,10671.93,170729.86,149385.00,0.00,21344.86,1.76,0.00,0.00
312,16,10875.72,174025.59,152275.14,0.00,21750.45,1.64,0.00,0.00
313,16,10871.14,173915.30,152173.01,0.00,21742.29,1.64,0.00,0.00
314,16,10824.76,173209.21,151559.68,0.00,21649.53,1.70,0.00,0.00
315,16,10702.60,171234.66,149830.45,0.00,21404.21,1.79,0.00,0.00
316,16,10785.81,172536.97,150964.35,0.00,21572.62,1.73,0.00,0.00
317,16,10908.75,174559.00,152741.50,0.00,21817.50,1.61,0.00,0.00
318,16,10564.12,169049.85,147921.62,0.00,21128.23,1.82,0.00,0.00
319,16,10681.94,170886.00,149522.12,0.00,21363.87,1.79,0.00,0.00
320,16,10772.80,172376.80,150831.20,0.00,21545.60,1.73,0.00,0.00
321,16,10863.63,173815.13,152087.87,0.00,21727.27,1.67,0.00,0.00
322,16,10676.69,170836.07,149482.69,0.00,21353.38,1.79,0.00,0.00
323,16,10767.58,172274.31,150740.15,0.00,21534.16,1.76,0.00,0.00
324,16,10820.30,173098.78,151460.18,0.00,21638.60,1.70,0.00,0.00
325,16,10883.09,174138.42,152369.24,0.00,21769.18,1.61,0.00,0.00
326,16,10913.97,174645.50,152817.56,0.00,21827.94,1.61,0.00,0.00
327,16,10690.02,170974.27,149595.24,0.00,21379.03,1.79,0.00,0.00
328,16,10756.87,172167.95,150653.21,0.00,21514.74,1.76,0.00,0.00
329,16,10872.00,173930.06,152186.05,0.00,21744.01,1.64,0.00,0.00
330,16,10881.79,174141.70,152377.11,0.00,21764.59,1.64,0.00,0.00
331,16,10849.39,173574.24,151878.46,0.00,21695.78,1.64,0.00,0.00
332,16,10645.73,170342.61,149049.16,0.00,21293.45,1.79,0.00,0.00
333,16,10853.17,173659.71,151953.37,0.00,21706.34,1.67,0.00,0.00
334,16,10815.89,173042.27,151410.48,0.00,21631.78,1.73,0.00,0.00
335,16,10651.02,170409.26,149107.23,0.00,21302.03,1.79,0.00,0.00
336,16,10655.11,170469.69,149159.48,0.00,21310.21,1.82,0.00,0.00
337,16,10848.99,173615.86,151917.88,0.00,21697.98,1.64,0.00,0.00
338,16,10630.95,170093.22,148832.32,0.00,21260.90,1.79,0.00,0.00
339,16,10949.96,175145.42,153246.49,0.00,21898.93,1.58,0.00,0.00
340,16,10696.85,171199.54,149803.84,0.00,21395.69,1.79,0.00,0.00
341,16,10928.27,174857.25,153001.72,0.00,21855.53,1.58,0.00,0.00
342,16,10826.84,173195.37,151540.70,0.00,21654.67,1.73,0.00,0.00
343,16,10840.04,173475.63,151795.55,0.00,21680.08,1.67,0.00,0.00
344,16,10660.19,170501.05,149182.67,0.00,21318.38,1.76,0.00,0.00
345,16,10800.84,172850.51,151246.82,0.00,21603.69,1.73,0.00,0.00
346,16,10857.90,173725.43,152010.63,0.00,21714.80,1.70,0.00,0.00
347,16,10778.22,172462.47,150905.04,0.00,21557.43,1.73,0.00,0.00
348,16,10817.16,173064.50,151431.19,0.00,21633.31,1.70,0.00,0.00
349,16,10794.72,172743.49,151153.05,0.00,21590.44,1.73,0.00,0.00
350,16,10830.14,173231.31,151573.02,0.00,21658.29,1.73,0.00,0.00
351,16,10722.96,171593.41,150145.48,0.00,21447.93,1.76,0.00,0.00
352,16,10893.99,174269.84,152484.86,0.00,21784.98,1.64,0.00,0.00
353,16,10871.74,173991.90,152245.42,0.00,21746.49,1.64,0.00,0.00
354,16,10870.42,173931.66,152190.83,0.00,21740.83,1.67,0.00,0.00
355,16,10771.86,172337.69,150794.98,0.00,21542.71,1.73,0.00,0.00
356,16,10541.00,168651.05,147569.04,0.00,21082.01,1.82,0.00,0.00
357,16,10918.27,174723.32,152885.78,0.00,21837.54,1.61,0.00,0.00
358,16,10907.68,174493.93,152679.57,0.00,21814.37,1.61,0.00,0.00
359,16,10914.29,174647.63,152818.06,0.00,21829.58,1.58,0.00,0.00
360,16,10837.62,173398.96,151723.72,0.00,21675.25,1.67,0.00,0.00
361,16,10867.09,173852.51,152119.32,0.00,21733.19,1.67,0.00,0.00
362,16,10837.34,173412.51,151736.82,0.00,21675.69,1.70,0.00,0.00
363,16,10711.58,171402.25,149981.10,0.00,21421.16,1.79,0.00,0.00
364,16,10676.35,170809.60,149455.90,0.00,21353.70,1.79,0.00,0.00
365,16,10850.74,173612.79,151910.32,0.00,21702.47,1.64,0.00,0.00
366,16,10908.00,174509.00,152694.00,0.00,21815.00,1.61,0.00,0.00
367,16,10902.03,174401.44,152596.39,0.00,21805.06,1.61,0.00,0.00
368,16,10822.21,173209.32,151564.90,0.00,21644.41,1.70,0.00,0.00
369,16,10855.72,173666.44,151955.01,0.00,21711.43,1.67,0.00,0.00
370,16,10931.98,174943.62,153079.66,0.00,21863.95,1.58,0.00,0.00
371,16,10736.06,171762.96,150290.84,0.00,21472.12,1.76,0.00,0.00
372,16,10691.98,171075.73,149691.76,0.00,21383.97,1.76,0.00,0.00
373,16,10814.08,173015.26,151388.10,0.00,21627.16,1.70,0.00,0.00
374,16,10905.48,174469.60,152657.65,0.00,21811.95,1.67,0.00,0.00
375,16,10868.48,173915.66,152178.70,0.00,21736.96,1.64,0.00,0.00
376,16,10870.87,173944.89,152204.15,0.00,21740.74,1.67,0.00,0.00
377,16,10815.16,173039.56,151409.24,0.00,21630.32,1.73,0.00,0.00
378,16,10908.89,174532.30,152713.51,0.00,21818.79,1.61,0.00,0.00
379,16,10820.56,173121.04,151480.91,0.00,21640.13,1.73,0.00,0.00
380,16,10741.40,171878.34,150394.55,0.00,21483.79,1.76,0.00,0.00
381,16,10924.15,174777.45,152929.14,0.00,21848.31,1.58,0.00,0.00
382,16,10875.94,174010.96,152259.09,0.00,21751.87,1.67,0.00,0.00
383,16,10762.81,172207.96,150682.34,0.00,21525.62,1.76,0.00,0.00
384,16,10673.07,170778.18,149432.03,0.00,21346.15,1.79,0.00,0.00
385,16,10836.04,173365.58,151693.51,0.00,21672.07,1.70,0.00,0.00
386,16,10724.16,171584.49,150137.18,0.00,21447.31,1.76,0.00,0.00
387,16,10715.28,171450.54,150018.98,0.00,21431.57,1.76,0.00,0.00
388,16,10760.85,172132.59,150610.89,0.00,21521.70,1.73,0.00,0.00
389,16,10914.88,174668.01,152839.26,0.00,21828.75,1.61,0.00,0.00
390,16,10858.07,173758.18,152041.04,0.00,21717.15,1.67,0.00,0.00
391,16,10579.73,169254.74,148097.27,0.00,21157.47,1.82,0.00,0.00
392,16,10901.20,174377.18,152574.78,0.00,21802.40,1.64,0.00,0.00
393,16,10917.82,174712.04,152876.41,0.00,21835.63,1.58,0.00,0.00
394,16,10978.17,175675.67,153718.34,0.00,21957.33,1.58,0.00,0.00
395,16,10861.84,173784.36,152059.69,0.00,21724.67,1.67,0.00,0.00
396,16,10847.26,173556.18,151862.66,0.00,21693.52,1.70,0.00,0.00
397,16,10861.79,173767.68,152044.10,0.00,21723.59,1.67,0.00,0.00
398,16,10729.76,171702.10,150242.59,0.00,21459.51,1.76,0.00,0.00
399,16,10790.36,172638.74,151057.02,0.00,21581.72,1.76,0.00,0.00
400,16,10826.96,173245.42,151592.49,0.00,21652.93,1.67,0.00,0.00
401,16,10889.05,174204.76,152426.66,0.00,21778.09,1.64,0.00,0.00
402,16,10753.92,172070.67,150561.84,0.00,21508.83,1.76,0.00,0.00
403,16,10883.93,174144.95,152377.08,0.00,21767.87,1.67,0.00,0.00
404,16,10704.90,171264.46,149854.66,0.00,21409.81,1.76,0.00,0.00
405,16,10881.68,174102.83,152339.48,0.00,21763.35,1.61,0.00,0.00
406,16,10648.65,170364.45,149068.14,0.00,21296.31,1.82,0.00,0.00
407,16,10787.72,172606.58,151032.13,0.00,21574.45,1.76,0.00,0.00
408,16,10697.48,171171.69,149774.73,0.00,21396.96,1.79,0.00,0.00
409,16,10936.73,174989.65,153116.19,0.00,21873.46,1.58,0.00,0.00
410,16,10831.92,173310.69,151647.85,0.00,21662.84,1.73,0.00,0.00
411,16,10718.11,171516.83,150079.60,0.00,21437.23,1.79,0.00,0.00
412,16,10585.41,169357.62,148187.79,0.00,21169.83,1.82,0.00,0.00
413,16,10775.41,172373.52,150821.70,0.00,21551.81,1.73,0.00,0.00
414,16,10876.52,174016.40,152264.35,0.00,21752.05,1.67,0.00,0.00
415,16,10856.77,173742.36,152026.81,0.00,21715.54,1.64,0.00,0.00
416,16,10690.81,171055.00,149674.37,0.00,21380.62,1.79,0.00,0.00
417,16,10812.03,172980.51,151356.44,0.00,21624.06,1.70,0.00,0.00
418,16,10880.26,174099.23,152338.70,0.00,21760.53,1.67,0.00,0.00
419,16,10907.56,174537.93,152722.82,0.00,21815.12,1.61,0.00,0.00
420,16,10659.18,170539.88,149221.52,0.00,21318.36,1.79,0.00,0.00
421,16,10877.04,174017.64,152263.56,0.00,21754.08,1.67,0.00,0.00
422,16,10942.07,175074.05,153189.92,0.00,21884.13,1.61,0.00,0.00
423,16,10641.13,170297.15,149014.88,0.00,21282.27,1.79,0.00,0.00
424,16,10755.70,172037.24,150527.83,0.00,21509.40,1.73,0.00,0.00
425,16,10826.10,173212.63,151558.43,0.00,21654.20,1.70,0.00,0.00
426,16,10937.76,175017.13,153141.61,0.00,21875.52,1.61,0.00,0.00
427,16,10846.26,173519.20,151826.67,0.00,21692.52,1.67,0.00,0.00
428,16,10793.85,172710.66,151122.95,0.00,21587.71,1.73,0.00,0.00
429,16,10898.96,174378.30,152581.38,0.00,21796.91,1.67,0.00,0.00
430,16,10900.92,174453.71,152650.87,0.00,21802.84,1.61,0.00,0.00
431,16,10561.44,168959.00,147837.13,0.00,21121.88,1.82,0.00,0.00
432,16,10475.01,167588.20,146637.18,0.00,20951.03,1.82,0.00,0.00
433,16,10755.04,172081.64,150571.56,0.00,21510.08,1.76,0.00,0.00
434,16,10728.35,171673.53,150216.84,0.00,21456.69,1.79,0.00,0.00
435,16,10496.43,167936.83,146945.98,0.00,20990.85,1.82,0.00,0.00
436,16,10524.05,168377.84,147328.74,0.00,21049.11,1.86,0.00,0.00
437,16,10886.77,174199.38,152424.83,0.00,21774.55,1.67,0.00,0.00
438,16,10911.51,174586.23,152764.20,0.00,21822.03,1.61,0.00,0.00
439,16,10883.18,174106.93,152339.56,0.00,21767.37,1.67,0.00,0.00
440,16,10865.29,173857.63,152127.05,0.00,21730.58,1.67,0.00,0.00
441,16,10907.04,174532.66,152718.58,0.00,21814.08,1.58,0.00,0.00
442,16,10904.95,174466.22,152657.32,0.00,21808.90,1.61,0.00,0.00
443,16,10821.08,173159.32,151516.15,0.00,21643.16,1.70,0.00,0.00
444,16,10820.25,173103.95,151463.45,0.00,21640.49,1.70,0.00,0.00
445,16,10923.58,174798.32,152952.15,0.00,21846.17,1.61,0.00,0.00
446,16,10773.21,172316.32,150770.91,0.00,21545.42,1.76,0.00,0.00
447,16,10711.16,171410.55,149986.23,0.00,21424.32,1.79,0.00,0.00
448,16,10822.67,173175.79,151530.44,0.00,21645.35,1.67,0.00,0.00
449,16,10697.98,171172.64,149776.69,0.00,21395.95,1.76,0.00,0.00
450,16,10610.55,169765.80,148545.70,0.00,21220.10,1.79,0.00,0.00
451,16,10489.70,167843.22,146862.82,0.00,20980.40,1.86,0.00,0.00
452,16,10664.88,170611.05,149281.30,0.00,21329.76,1.79,0.00,0.00
453,16,10814.11,173031.73,151404.51,0.00,21627.22,1.73,0.00,0.00
454,16,10669.86,170692.71,149352.00,0.00,21340.71,1.82,0.00,0.00
455,16,10767.14,172317.25,150782.97,0.00,21534.28,1.73,0.00,0.00
456,16,10650.80,170360.82,149060.22,0.00,21300.60,1.79,0.00,0.00
457,16,10747.33,171974.35,150479.68,0.00,21494.67,1.76,0.00,0.00
458,16,10835.12,173390.87,151719.63,0.00,21671.23,1.70,0.00,0.00
459,16,10908.60,174527.68,152710.47,0.00,21817.21,1.61,0.00,0.00
460,16,10859.04,173716.70,151999.61,0.00,21717.09,1.67,0.00,0.00
461,16,10840.58,173456.26,151775.10,0.00,21681.16,1.70,0.00,0.00
462,16,10794.49,172743.89,151153.91,0.00,21589.99,1.73,0.00,0.00
463,16,10787.88,172593.05,151017.30,0.00,21575.76,1.76,0.00,0.00
464,16,10444.19,167137.01,146248.63,0.00,20888.38,1.82,0.00,0.00
465,16,10621.82,169903.05,148659.42,0.00,21243.63,1.82,0.00,0.00
466,16,10859.99,173788.78,152070.81,0.00,21717.97,1.70,0.00,0.00
467,16,10606.10,169668.55,148457.36,0.00,21211.19,1.82,0.00,0.00
468,16,10564.42,169042.70,147912.86,0.00,21129.84,1.82,0.00,0.00
469,16,10797.45,172748.22,151152.32,0.00,21595.90,1.70,0.00,0.00
470,16,10971.18,175532.80,153589.45,0.00,21943.35,1.58,0.00,0.00
471,16,10808.77,172992.32,151375.78,0.00,21616.54,1.73,0.00,0.00
472,16,10704.20,171222.23,149812.83,0.00,21409.40,1.79,0.00,0.00
473,16,10873.99,173995.81,152247.83,0.00,21747.98,1.67,0.00,0.00
474,16,10897.10,174345.62,152551.42,0.00,21794.20,1.64,0.00,0.00
475,16,10560.91,168966.60,147844.77,0.00,21121.82,1.82,0.00,0.00
476,16,10662.96,170613.36,149289.44,0.00,21323.92,1.79,0.00,0.00
477,16,10883.60,174145.63,152375.43,0.00,21770.20,1.67,0.00,0.00
478,16,10914.76,174613.12,152785.61,0.00,21827.52,1.70,0.00,0.00
479,16,10901.82,174464.14,152660.50,0.00,21803.64,1.64,0.00,0.00
480,16,10667.77,170701.33,149364.79,0.00,21336.54,1.79,0.00,0.00
481,16,10764.19,172201.03,150673.66,0.00,21527.38,1.73,0.00,0.00
482,16,10793.49,172667.79,151081.81,0.00,21585.97,1.76,0.00,0.00
483,16,10788.20,172610.18,151031.78,0.00,21578.40,1.76,0.00,0.00
484,16,10883.51,174180.13,152414.11,0.00,21766.02,1.61,0.00,0.00
485,16,10909.64,174546.26,152725.98,0.00,21820.28,1.58,0.00,0.00
486,16,10853.90,173652.41,151944.61,0.00,21707.80,1.70,0.00,0.00
487,16,10715.11,171430.72,150000.50,0.00,21430.21,1.79,0.00,0.00
488,16,10682.96,170916.30,149550.39,0.00,21365.91,1.79,0.00,0.00
489,16,10923.12,174774.93,152928.69,0.00,21846.24,1.61,0.00,0.00
490,16,10932.16,174945.56,153081.24,0.00,21864.32,1.64,0.00,0.00
491,16,10840.86,173426.75,151746.03,0.00,21680.72,1.70,0.00,0.00
492,16,10745.89,171978.31,150485.52,0.00,21492.79,1.79,0.00,0.00
493,16,10918.93,174680.82,152842.97,0.00,21837.85,1.61,0.00,0.00
494,16,10867.93,173852.95,152118.08,0.00,21734.87,1.67,0.00,0.00
495,16,10688.95,171056.28,149678.37,0.00,21377.91,1.79,0.00,0.00
496,16,10800.43,172817.92,151216.06,0.00,21601.87,1.70,0.00,0.00
497,16,10921.46,174748.42,152906.49,0.00,21841.93,1.61,0.00,0.00
498,16,10960.07,175355.18,153434.04,0.00,21921.15,1.61,0.00,0.00
499,16,10837.65,173357.40,151683.10,0.00,21674.30,1.70,0.00,0.00
500,16,10658.42,170568.69,149250.85,0.00,21317.84,1.79,0.00,0.00
501,16,10874.11,173980.79,152232.57,0.00,21748.22,1.67,0.00,0.00
502,16,10966.12,175460.97,153530.72,0.00,21930.25,1.58,0.00,0.00
503,16,10792.96,172654.35,151066.43,0.00,21587.92,1.73,0.00,0.00
504,16,10721.95,171610.25,150166.35,0.00,21443.91,1.76,0.00,0.00
505,16,10758.32,172098.16,150581.51,0.00,21516.65,1.73,0.00,0.00
506,16,10793.55,172707.86,151120.76,0.00,21587.11,1.76,0.00,0.00
507,16,10716.11,171444.80,150013.57,0.00,21431.22,1.79,0.00,0.00
508,16,10693.00,171119.99,149732.99,0.00,21387.00,1.76,0.00,0.00
509,16,10821.75,173132.04,151489.53,0.00,21642.50,1.70,0.00,0.00
510,16,10858.81,173732.89,152014.28,0.00,21718.61,1.67,0.00,0.00
511,16,10841.41,173467.60,151785.78,0.00,21681.82,1.70,0.00,0.00
512,16,10850.95,173590.20,151888.30,0.00,21701.90,1.70,0.00,0.00
513,16,10886.96,174162.30,152389.39,0.00,21772.91,1.67,0.00,0.00
514,16,10881.63,174177.01,152411.76,0.00,21765.25,1.67,0.00,0.00
515,16,10704.83,171238.29,149828.63,0.00,21409.66,1.79,0.00,0.00
516,16,10940.81,175068.91,153187.29,0.00,21881.61,1.58,0.00,0.00
517,16,10858.93,173744.88,152028.02,0.00,21716.86,1.67,0.00,0.00
518,16,10865.04,173828.69,152097.60,0.00,21731.09,1.70,0.00,0.00
519,16,10812.78,173014.40,151388.85,0.00,21625.55,1.70,0.00,0.00
520,16,10493.93,167914.87,146928.01,0.00,20986.86,1.82,0.00,0.00
521,16,10797.16,172761.55,151166.23,0.00,21595.32,1.73,0.00,0.00
522,16,10974.89,175568.24,153619.46,0.00,21948.78,1.58,0.00,0.00
523,16,10422.94,166760.02,145914.15,0.00,20845.88,1.86,0.00,0.00
524,16,10810.28,173009.43,151387.88,0.00,21621.55,1.67,0.00,0.00
525,16,10934.71,174918.37,153050.95,0.00,21867.42,1.61,0.00,0.00
526,16,10808.08,172961.26,151343.10,0.00,21618.16,1.73,0.00,0.00
527,16,10810.91,172954.50,151333.69,0.00,21620.81,1.73,0.00,0.00
528,16,10467.16,167484.61,146549.28,0.00,20935.33,1.82,0.00,0.00
529,16,10922.20,174736.24,152891.83,0.00,21844.40,1.61,0.00,0.00
530,16,10892.97,174330.46,152545.52,0.00,21784.93,1.67,0.00,0.00
531,16,10876.30,173982.82,152229.21,0.00,21753.60,1.70,0.00,0.00
532,16,10675.51,170773.20,149424.17,0.00,21349.02,1.79,0.00,0.00
533,16,10816.01,173067.21,151433.19,0.00,21634.03,1.73,0.00,0.00
534,16,10824.95,173207.17,151558.28,0.00,21648.90,1.73,0.00,0.00
535,16,10662.65,170623.34,149297.04,0.00,21326.29,1.79,0.00,0.00
536,16,10865.34,173835.40,152106.72,0.00,21728.67,1.64,0.00,0.00
537,16,10895.90,174353.45,152559.64,0.00,21793.81,1.67,0.00,0.00
538,16,10872.23,173926.71,152183.25,0.00,21743.46,1.67,0.00,0.00
539,16,10792.99,172709.80,151122.83,0.00,21586.98,1.73,0.00,0.00
540,16,10857.13,173718.06,152005.80,0.00,21712.26,1.64,0.00,0.00
541,16,10828.82,173231.18,151571.54,0.00,21659.65,1.70,0.00,0.00
542,16,10880.98,174079.73,152319.77,0.00,21759.97,1.67,0.00,0.00
543,16,10932.13,174941.14,153076.88,0.00,21864.27,1.61,0.00,0.00
544,16,10874.70,174001.27,152250.86,0.00,21750.41,1.64,0.00,0.00
545,16,10833.13,173351.06,151683.80,0.00,21667.26,1.70,0.00,0.00
546,16,10912.16,174575.57,152753.25,0.00,21822.32,1.61,0.00,0.00
547,16,10590.64,169428.21,148244.93,0.00,21183.28,1.82,0.00,0.00
548,16,10797.47,172790.55,151195.60,0.00,21594.94,1.73,0.00,0.00
549,16,10911.72,174600.50,152777.06,0.00,21823.44,1.61,0.00,0.00
550,16,10833.01,173306.23,151642.20,0.00,21664.03,1.73,0.00,0.00
551,16,10806.03,172926.47,151312.42,0.00,21614.06,1.73,0.00,0.00
552,16,10780.33,172453.35,150892.68,0.00,21560.67,1.73,0.00,0.00
553,16,10915.67,174653.78,152822.43,0.00,21831.35,1.61,0.00,0.00
554,16,10924.82,174772.19,152923.54,0.00,21848.65,1.61,0.00,0.00
555,16,10880.08,174096.31,152337.15,0.00,21759.16,1.67,0.00,0.00
556,16,10630.30,170113.82,148852.22,0.00,21261.60,1.82,0.00,0.00
557,16,10839.62,173419.92,151739.68,0.00,21680.24,1.70,0.00,0.00
558,16,10905.17,174462.76,152652.42,0.00,21810.35,1.64,0.00,0.00
559,16,10833.08,173347.33,151681.16,0.00,21666.17,1.73,0.00,0.00
560,16,10707.89,171324.25,149909.46,0.00,21414.78,1.76,0.00,0.00
561,16,10747.16,171979.61,150484.28,0.00,21495.33,1.73,0.00,0.00
562,16,10882.33,174087.27,152322.61,0.00,21764.66,1.67,0.00,0.00
563,16,10898.55,174368.75,152571.66,0.00,21797.09,1.64,0.00,0.00
564,16,10912.84,174618.43,152792.75,0.00,21825.68,1.61,0.00,0.00
565,16,10857.29,173718.57,152004.00,0.00,21714.57,1.67,0.00,0.00
566,16,10935.71,174971.43,153100.01,0.00,21871.43,1.61,0.00,0.00
567,16,10778.04,172435.62,150880.54,0.00,21555.08,1.73,0.00,0.00
568,16,10842.99,173498.78,151812.81,0.00,21685.97,1.70,0.00,0.00
569,16,10894.85,174348.60,152557.90,0.00,21790.70,1.61,0.00,0.00
570,16,10846.22,173503.60,151812.15,0.00,21691.45,1.70,0.00,0.00
571,16,10857.91,173779.54,152062.73,0.00,21716.82,1.70,0.00,0.00
572,16,10871.04,173910.67,152168.59,0.00,21742.08,1.64,0.00,0.00
573,16,10926.10,174767.64,152918.44,0.00,21849.21,1.61,0.00,0.00
574,16,10908.79,174567.57,152747.00,0.00,21820.57,1.64,0.00,0.00
575,16,10821.53,173152.47,151509.42,0.00,21643.06,1.73,0.00,0.00
576,16,10926.60,174836.54,152983.34,0.00,21853.19,1.58,0.00,0.00
577,16,10911.92,174544.65,152721.82,0.00,21822.83,1.58,0.00,0.00
578,16,10904.62,174509.86,152699.63,0.00,21810.23,1.61,0.00,0.00
579,16,10601.33,169618.33,148415.66,0.00,21202.67,1.82,0.00,0.00
580,16,10842.12,173458.97,151775.72,0.00,21683.25,1.70,0.00,0.00
581,16,10726.95,171644.24,150190.34,0.00,21453.91,1.76,0.00,0.00
582,16,10884.48,174146.64,152376.68,0.00,21769.95,1.67,0.00,0.00
583,16,10791.39,172654.19,151072.41,0.00,21581.77,1.70,0.00,0.00
584,16,10764.03,172253.49,150724.43,0.00,21529.06,1.76,0.00,0.00
585,16,10900.06,174401.04,152600.91,0.00,21800.13,1.67,0.00,0.00
586,16,10785.07,172542.15,150972.01,0.00,21570.14,1.73,0.00,0.00
587,16,10402.92,166438.69,145632.85,0.00,20805.84,1.82,0.00,0.00
588,16,10297.17,164765.78,144171.43,0.00,20594.35,1.86,0.00,0.00
589,16,10922.92,174726.73,152881.89,0.00,21844.84,1.64,0.00,0.00
590,16,10734.98,171809.61,150338.66,0.00,21470.95,1.79,0.00,0.00
591,16,10833.97,173312.57,151644.62,0.00,21667.95,1.70,0.00,0.00
592,16,10854.27,173692.30,151983.76,0.00,21708.54,1.67,0.00,0.00
593,16,10827.62,173251.95,151597.71,0.00,21654.24,1.70,0.00,0.00
594,16,10855.92,173654.79,151941.94,0.00,21712.85,1.70,0.00,0.00
595,16,10757.33,172111.26,150596.60,0.00,21514.66,1.76,0.00,0.00
596,16,10831.86,173318.70,151654.99,0.00,21663.71,1.67,0.00,0.00
597,16,10896.08,174355.27,152563.11,0.00,21792.16,1.61,0.00,0.00
598,16,10794.86,172700.78,151111.06,0.00,21589.72,1.76,0.00,0.00
599,16,10793.93,172701.93,151115.07,0.00,21586.87,1.70,0.00,0.00
600,16,10595.24,169564.82,148374.34,0.00,21190.48,1.82,0.00,0.00
SQL statistics:
    queries performed:
        read:                            90263978
        write:                           0
        other:                           12894854
        total:                           103158832
    transactions:                        6447427 (10745.65 per sec.)
    queries:                             103158832 (171930.39 per sec.)
    ignored errors:                      0      (0.00 per sec.)
    reconnects:                          0      (0.00 per sec.)

General statistics:
    total time:                          600.0020s
    total number of events:              6447427

Latency (ms):
         min:                                    1.19
         avg:                                    1.49
         max:                                    7.17
         95th percentile:                        1.73
         sum:                              9589550.48

Threads fairness:
    events (avg/stddev):           402964.1875/387.08
    execution time (avg/stddev):   599.3469/0.01

