sysbench 1.0.20 (using bundled LuaJIT 2.1.0-beta2)

Running the test with following options:
Number of threads: 128
Report intermediate results every 1 second(s)
Initializing random number generator from current time


Initializing worker threads...

Threads started!

1,128,14991.57,241192.43,211081.93,0.00,30110.50,14.46,0.00,0.00
2,128,15864.08,253862.34,222135.17,0.00,31727.17,10.09,0.00,0.00
3,128,15891.69,254211.02,222429.65,0.00,31781.38,9.91,0.00,0.00
4,128,15900.59,254410.43,222608.25,0.00,31802.18,9.91,0.00,0.00
5,128,15928.66,254845.55,222989.23,0.00,31856.32,8.90,0.00,0.00
6,128,15924.37,254728.84,222878.11,0.00,31850.73,8.74,0.00,0.00
7,128,15903.90,254528.34,222720.55,0.00,31807.79,8.90,0.00,0.00
8,128,15890.58,254265.34,222486.17,0.00,31779.17,8.90,0.00,0.00
9,128,15890.97,254297.57,222515.62,0.00,31781.94,8.74,0.00,0.00
10,128,15923.09,254708.45,222862.27,0.00,31846.18,8.74,0.00,0.00
11,128,15902.01,254461.23,222655.20,0.00,31806.03,8.90,0.00,0.00
12,128,15915.65,254570.38,222742.08,0.00,31828.30,8.74,0.00,0.00
13,128,15925.57,254904.17,223051.02,0.00,31853.15,8.74,0.00,0.00
14,128,15935.38,254976.16,223105.39,0.00,31870.77,8.58,0.00,0.00
15,128,15918.87,254621.86,222783.13,0.00,31838.73,8.58,0.00,0.00
16,128,15926.97,254856.47,223005.53,0.00,31850.94,8.58,0.00,0.00
17,128,15948.84,255330.44,223430.76,0.00,31899.68,8.58,0.00,0.00
18,128,15996.43,255764.91,223770.05,0.00,31994.86,8.58,0.00,0.00
19,128,15985.57,255784.10,223813.96,0.00,31970.14,8.58,0.00,0.00
20,128,15967.13,255455.07,223522.81,0.00,31932.26,8.58,0.00,0.00
21,128,15970.97,255520.59,223579.64,0.00,31940.95,8.58,0.00,0.00
22,128,15987.45,255775.25,223799.35,0.00,31975.91,8.58,0.00,0.00
23,128,15944.55,255201.81,223313.71,0.00,31888.10,8.58,0.00,0.00
24,128,15964.66,255469.50,223536.19,0.00,31933.31,8.58,0.00,0.00
25,128,15957.15,255238.38,223326.09,0.00,31912.30,8.58,0.00,0.00
26,128,15960.85,255426.54,223503.84,0.00,31922.69,8.58,0.00,0.00
27,128,15926.46,254794.36,222941.44,0.00,31852.92,8.58,0.00,0.00
28,128,15939.36,255066.77,223188.05,0.00,31878.72,8.58,0.00,0.00
29,128,15950.40,255224.48,223325.67,0.00,31898.81,8.58,0.00,0.00
30,128,15963.77,255384.37,223454.82,0.00,31929.55,8.58,0.00,0.00
31,128,15952.03,255177.46,223276.41,0.00,31901.06,8.58,0.00,0.00
32,128,15940.11,255083.69,223203.48,0.00,31880.21,8.58,0.00,0.00
33,128,15941.14,255063.28,223177.99,0.00,31885.29,8.58,0.00,0.00
34,128,15935.29,254921.66,223055.08,0.00,31866.58,8.58,0.00,0.00
35,128,15921.48,254713.75,222866.78,0.00,31846.97,8.58,0.00,0.00
36,128,15924.66,254893.64,223044.31,0.00,31849.33,8.58,0.00,0.00
37,128,15946.77,254954.25,223065.72,0.00,31888.53,8.58,0.00,0.00
38,128,15939.57,255209.05,223327.92,0.00,31881.13,8.58,0.00,0.00
39,128,15943.46,255145.43,223256.50,0.00,31888.93,8.58,0.00,0.00
40,128,15969.11,255451.77,223516.55,0.00,31935.22,8.58,0.00,0.00
41,128,16002.32,256014.19,224009.54,0.00,32004.65,8.58,0.00,0.00
42,128,16001.41,256030.63,224028.80,0.00,32001.83,8.58,0.00,0.00
43,128,16014.53,256244.41,224211.36,0.00,32033.05,8.58,0.00,0.00
44,128,16085.88,257400.14,225229.37,0.00,32170.77,10.09,0.00,0.00
45,128,16040.78,256631.44,224546.89,0.00,32084.56,10.09,0.00,0.00
46,128,16003.93,256068.85,224061.00,0.00,32007.86,9.39,0.00,0.00
47,128,15973.77,255614.36,223670.81,0.00,31943.54,8.90,0.00,0.00
48,128,16026.48,256444.65,224390.70,0.00,32053.96,8.58,0.00,0.00
49,128,16005.72,256019.56,224008.11,0.00,32011.44,8.58,0.00,0.00
50,128,15991.76,255891.15,223907.64,0.00,31983.52,8.58,0.00,0.00
51,128,15985.12,255729.94,223762.70,0.00,31967.24,8.58,0.00,0.00
52,128,15971.05,255610.87,223662.76,0.00,31948.11,8.58,0.00,0.00
53,128,15987.92,255731.75,223757.90,0.00,31973.84,8.58,0.00,0.00
54,128,15975.39,255520.19,223572.42,0.00,31947.77,8.58,0.00,0.00
55,128,15960.64,255499.28,223572.99,0.00,31926.28,8.58,0.00,0.00
56,128,15966.58,255474.24,223543.08,0.00,31931.16,8.58,0.00,0.00
57,128,15955.48,255244.70,223335.73,0.00,31908.96,8.58,0.00,0.00
58,128,16034.18,256493.85,224425.49,0.00,32068.36,8.58,0.00,0.00
59,128,16033.71,256548.37,224480.95,0.00,32067.42,10.09,0.00,0.00
60,128,15983.71,255803.37,223835.95,0.00,31967.42,10.09,0.00,0.00
61,128,15995.46,255983.42,223991.50,0.00,31991.93,9.91,0.00,0.00
62,128,16000.94,255909.06,223908.17,0.00,32000.89,9.22,0.00,0.00
63,128,16095.09,257598.42,225404.24,0.00,32194.18,8.74,0.00,0.00
64,128,16043.75,256653.00,224569.50,0.00,32083.50,8.58,0.00,0.00
65,128,16005.39,256059.21,224046.44,0.00,32012.78,8.58,0.00,0.00
66,128,15998.10,256040.55,224044.35,0.00,31996.19,8.58,0.00,0.00
67,128,15979.72,255617.55,223659.11,0.00,31958.44,8.58,0.00,0.00
68,128,15966.46,255489.39,223554.47,0.00,31934.92,8.58,0.00,0.00
69,128,15951.59,255226.42,223325.24,0.00,31901.18,8.58,0.00,0.00
70,128,15972.52,255544.32,223601.28,0.00,31943.04,8.58,0.00,0.00
71,128,15975.48,255510.74,223558.77,0.00,31951.97,8.58,0.00,0.00
72,128,15960.36,255388.74,223467.02,0.00,31921.72,8.58,0.00,0.00
73,128,15944.54,255158.57,223269.50,0.00,31889.07,8.58,0.00,0.00
74,128,15967.03,255482.55,223546.48,0.00,31936.07,8.58,0.00,0.00
75,128,15972.00,255566.06,223622.05,0.00,31944.01,8.58,0.00,0.00
76,128,15969.28,255538.55,223600.98,0.00,31937.57,8.58,0.00,0.00
77,128,15964.56,255388.95,223457.83,0.00,31931.12,8.58,0.00,0.00
78,128,15956.30,255304.85,223395.25,0.00,31909.61,8.58,0.00,0.00
79,128,15958.73,255253.74,223333.27,0.00,31920.47,8.58,0.00,0.00
80,128,15950.72,255332.49,223432.06,0.00,31900.44,8.58,0.00,0.00
81,128,15955.48,255253.63,223343.68,0.00,31909.95,8.58,0.00,0.00
82,128,15985.00,255766.98,223796.98,0.00,31970.00,8.58,0.00,0.00
83,128,15961.30,255404.83,223482.23,0.00,31922.60,8.58,0.00,0.00
84,128,15981.70,255611.27,223650.86,0.00,31960.41,8.58,0.00,0.00
85,128,15980.74,255860.87,223896.38,0.00,31964.48,8.58,0.00,0.00
86,128,16056.97,256867.45,224754.52,0.00,32112.93,8.58,0.00,0.00
87,128,16004.78,256074.48,224065.92,0.00,32008.56,8.58,0.00,0.00
88,128,16010.87,256119.98,224096.23,0.00,32023.75,8.58,0.00,0.00
89,128,16005.37,256120.86,224109.13,0.00,32011.73,8.58,0.00,0.00
90,128,16054.14,256867.20,224759.93,0.00,32107.28,8.74,0.00,0.00
91,128,16003.55,256060.75,224052.65,0.00,32008.09,10.46,0.00,0.00
92,128,16020.72,256349.59,224311.14,0.00,32038.45,10.27,0.00,0.00
93,128,16025.13,256359.12,224304.85,0.00,32054.26,9.91,0.00,0.00
94,128,16009.95,256114.15,224095.25,0.00,32018.89,8.58,0.00,0.00
95,128,15974.16,255664.49,223717.18,0.00,31947.31,8.58,0.00,0.00
96,128,16027.47,256357.50,224304.56,0.00,32052.94,8.58,0.00,0.00
97,128,16062.03,257123.40,224996.35,0.00,32127.05,8.58,0.00,0.00
98,128,16053.36,256830.70,224722.99,0.00,32107.71,8.58,0.00,0.00
99,128,16045.14,256672.27,224583.99,0.00,32088.28,8.58,0.00,0.00
100,128,16019.17,256344.65,224306.32,0.00,32038.33,8.58,0.00,0.00
101,128,16031.80,256403.73,224341.14,0.00,32062.59,8.58,0.00,0.00
102,128,15997.08,256072.28,224076.12,0.00,31996.16,8.58,0.00,0.00
103,128,15985.78,255732.42,223759.87,0.00,31972.55,8.58,0.00,0.00
104,128,15999.23,255997.65,224000.19,0.00,31997.46,8.58,0.00,0.00
105,128,16034.17,256567.74,224498.40,0.00,32069.34,8.58,0.00,0.00
106,128,16021.40,256281.45,224241.64,0.00,32039.81,8.58,0.00,0.00
107,128,16002.67,255967.69,223962.35,0.00,32005.34,8.58,0.00,0.00
108,128,16032.19,256593.06,224528.67,0.00,32064.38,8.58,0.00,0.00
109,128,16045.17,256753.79,224660.44,0.00,32093.35,8.58,0.00,0.00
110,128,15980.64,255729.24,223767.96,0.00,31961.28,8.58,0.00,0.00
111,128,15991.05,255807.76,223827.66,0.00,31980.09,8.58,0.00,0.00
112,128,16050.85,256666.64,224565.93,0.00,32100.70,8.58,0.00,0.00
113,128,16021.52,256464.38,224421.33,0.00,32043.05,8.58,0.00,0.00
114,128,16045.12,256764.84,224676.61,0.00,32088.23,8.58,0.00,0.00
115,128,16032.23,256484.71,224416.24,0.00,32068.46,8.58,0.00,0.00
116,128,16000.01,256055.16,224057.14,0.00,31998.02,8.58,0.00,0.00
117,128,16021.40,256297.43,224255.63,0.00,32041.80,8.58,0.00,0.00
118,128,16051.89,256869.27,224764.49,0.00,32104.78,8.58,0.00,0.00
119,128,15984.88,255725.04,223755.29,0.00,31969.76,8.58,0.00,0.00
120,128,15978.76,255670.22,223712.70,0.00,31957.53,8.58,0.00,0.00
121,128,15968.38,255493.04,223556.28,0.00,31936.75,8.58,0.00,0.00
122,128,15959.92,255353.78,223432.94,0.00,31920.85,8.58,0.00,0.00
123,128,15949.90,255225.48,223326.67,0.00,31898.81,8.58,0.00,0.00
124,128,15961.66,255294.58,223374.26,0.00,31920.32,8.58,0.00,0.00
125,128,16002.12,256127.90,224119.66,0.00,32008.24,8.58,0.00,0.00
126,128,15956.34,255311.50,223399.81,0.00,31911.69,8.58,0.00,0.00
127,128,15941.03,254984.52,223104.46,0.00,31880.07,8.58,0.00,0.00
128,128,15945.10,255050.57,223157.38,0.00,31893.20,8.58,0.00,0.00
129,128,15948.43,255188.93,223295.06,0.00,31893.87,8.58,0.00,0.00
130,128,16003.02,256130.33,224123.28,0.00,32007.04,8.58,0.00,0.00
131,128,15955.98,255295.63,223381.68,0.00,31913.95,8.58,0.00,0.00
132,128,15955.73,255276.73,223365.27,0.00,31911.47,8.58,0.00,0.00
133,128,15956.57,255226.15,223313.01,0.00,31913.14,8.58,0.00,0.00
134,128,15936.44,255043.96,223169.09,0.00,31874.87,8.58,0.00,0.00
135,128,15943.66,255073.63,223189.30,0.00,31884.33,8.58,0.00,0.00
136,128,15951.34,255322.43,223422.75,0.00,31899.68,8.58,0.00,0.00
137,128,15973.67,255551.70,223600.36,0.00,31951.34,8.58,0.00,0.00
138,128,16008.76,256079.07,224064.56,0.00,32014.51,8.58,0.00,0.00
139,128,15998.63,256003.00,224001.75,0.00,32001.25,8.58,0.00,0.00
140,128,15981.97,255831.59,223868.65,0.00,31962.95,8.58,0.00,0.00
141,128,16009.19,256028.08,224008.69,0.00,32019.39,8.58,0.00,0.00
142,128,16013.47,256203.53,224175.59,0.00,32027.94,8.58,0.00,0.00
143,128,15993.24,255938.81,223954.33,0.00,31984.48,8.58,0.00,0.00
144,128,16007.02,256063.35,224048.30,0.00,32015.04,8.58,0.00,0.00
145,128,15992.83,255849.23,223865.58,0.00,31983.65,8.58,0.00,0.00
146,128,16076.04,257208.58,225056.50,0.00,32152.07,8.58,0.00,0.00
147,128,15988.91,255864.63,223884.80,0.00,31979.83,8.58,0.00,0.00
148,128,16029.77,256518.24,224458.71,0.00,32059.53,8.58,0.00,0.00
149,128,15996.52,255858.24,223869.21,0.00,31989.03,8.58,0.00,0.00
150,128,15970.57,255621.13,223678.99,0.00,31942.14,8.58,0.00,0.00
151,128,15965.72,255401.56,223469.11,0.00,31932.44,8.58,0.00,0.00
152,128,15977.59,255594.44,223639.26,0.00,31955.18,8.58,0.00,0.00
153,128,15966.73,255581.71,223646.24,0.00,31935.47,8.58,0.00,0.00
154,128,15981.44,255646.01,223685.14,0.00,31960.88,8.58,0.00,0.00
155,128,15968.29,255424.57,223487.00,0.00,31937.57,8.58,0.00,0.00
156,128,15992.12,255920.95,223937.70,0.00,31983.24,8.58,0.00,0.00
157,128,16019.41,256446.52,224405.70,0.00,32040.81,8.58,0.00,0.00
158,128,16084.61,256693.78,224525.56,0.00,32168.22,8.58,0.00,0.00
159,128,16199.60,259812.69,227413.48,0.00,32399.21,10.27,0.00,0.00
160,128,16062.27,256978.38,224853.83,0.00,32124.55,9.56,0.00,0.00
161,128,16080.14,257198.24,225037.96,0.00,32160.28,8.74,0.00,0.00
162,128,16044.20,256770.26,224681.85,0.00,32088.41,8.74,0.00,0.00
163,128,16018.95,256376.14,224338.24,0.00,32037.89,8.58,0.00,0.00
164,128,16047.10,256669.63,224575.42,0.00,32094.20,8.58,0.00,0.00
165,128,16014.49,256264.86,224234.88,0.00,32029.98,8.58,0.00,0.00
166,128,16032.30,256459.84,224398.23,0.00,32061.61,8.58,0.00,0.00
167,128,16002.12,256046.98,224041.73,0.00,32005.25,8.58,0.00,0.00
168,128,16029.16,256420.50,224360.19,0.00,32060.31,8.58,0.00,0.00
169,128,16018.49,256376.83,224341.85,0.00,32034.98,8.58,0.00,0.00
170,128,16026.41,256301.57,224249.75,0.00,32051.82,8.58,0.00,0.00
171,128,15978.17,255774.82,223817.47,0.00,31957.35,8.58,0.00,0.00
172,128,15981.89,255706.30,223740.51,0.00,31965.79,8.58,0.00,0.00
173,128,15979.88,255658.14,223700.38,0.00,31957.77,8.58,0.00,0.00
174,128,15997.76,255866.11,223871.59,0.00,31994.51,8.58,0.00,0.00
175,128,15981.53,255817.44,223854.39,0.00,31963.06,8.58,0.00,0.00
176,128,15989.46,255723.38,223744.46,0.00,31978.92,8.58,0.00,0.00
177,128,15979.69,255811.96,223850.59,0.00,31961.37,8.58,0.00,0.00
178,128,15995.06,255890.03,223899.90,0.00,31990.13,8.58,0.00,0.00
179,128,15982.63,255665.06,223700.80,0.00,31964.26,8.58,0.00,0.00
180,128,15995.19,255930.02,223938.64,0.00,31991.38,8.58,0.00,0.00
181,128,15998.10,256051.55,224054.36,0.00,31997.19,8.58,0.00,0.00
182,128,16000.13,255957.08,223957.82,0.00,31999.26,8.58,0.00,0.00
183,128,16045.11,256687.75,224598.53,0.00,32089.22,8.58,0.00,0.00
184,128,16028.33,256457.23,224399.57,0.00,32057.65,8.58,0.00,0.00
185,128,16059.45,256921.15,224801.25,0.00,32119.89,8.58,0.00,0.00
186,128,16090.99,257552.79,225369.82,0.00,32182.97,8.58,0.00,0.00
187,128,16046.94,256712.99,224620.12,0.00,32092.87,8.58,0.00,0.00
188,128,16037.75,256609.99,224534.49,0.00,32075.50,8.58,0.00,0.00
189,128,16052.14,256791.27,224689.98,0.00,32101.28,8.58,0.00,0.00
190,128,16051.33,256822.30,224718.64,0.00,32103.66,8.58,0.00,0.00
191,128,16038.43,256579.93,224501.07,0.00,32078.87,8.58,0.00,0.00
192,128,16038.13,256674.12,224597.85,0.00,32076.26,8.58,0.00,0.00
193,128,16018.09,256302.50,224268.31,0.00,32034.19,8.58,0.00,0.00
194,128,16023.29,256368.57,224321.00,0.00,32047.57,8.58,0.00,0.00
195,128,15997.74,256005.82,224011.34,0.00,31994.48,8.58,0.00,0.00
196,128,16001.79,256025.71,224019.12,0.00,32006.59,8.58,0.00,0.00
197,128,16011.22,256098.54,224078.10,0.00,32020.44,8.58,0.00,0.00
198,128,16047.83,256389.17,224292.52,0.00,32096.65,8.58,0.00,0.00
199,128,15934.01,255356.09,223490.07,0.00,31866.02,10.46,0.00,0.00
200,128,15951.88,255183.01,223277.26,0.00,31905.75,10.27,0.00,0.00
201,128,15939.15,255047.37,223170.07,0.00,31877.30,10.09,0.00,0.00
202,128,15934.75,254975.05,223106.55,0.00,31868.51,8.74,0.00,0.00
203,128,15925.69,254819.98,222967.61,0.00,31852.37,8.74,0.00,0.00
204,128,15943.56,255067.88,223182.77,0.00,31885.11,8.74,0.00,0.00
205,128,15929.25,254972.09,223112.58,0.00,31859.51,8.74,0.00,0.00
206,128,15945.07,255038.08,223147.95,0.00,31890.14,8.74,0.00,0.00
207,128,16065.62,257079.97,224946.72,0.00,32133.25,10.09,0.00,0.00
208,128,16037.96,256644.41,224567.49,0.00,32076.93,10.09,0.00,0.00
209,128,16065.44,256986.98,224858.11,0.00,32128.87,10.09,0.00,0.00
210,128,16053.85,256830.53,224722.84,0.00,32107.69,9.56,0.00,0.00
211,128,16022.82,256367.15,224322.50,0.00,32044.64,8.58,0.00,0.00
212,128,16011.39,256296.28,224273.49,0.00,32022.79,8.58,0.00,0.00
213,128,16024.39,256244.12,224196.35,0.00,32047.77,8.58,0.00,0.00
214,128,15999.06,255982.92,223982.80,0.00,32000.11,8.58,0.00,0.00
215,128,15989.36,255880.81,223903.08,0.00,31977.72,8.58,0.00,0.00
216,128,15995.82,255868.04,223875.41,0.00,31992.63,8.58,0.00,0.00
217,128,15980.57,255710.09,223748.95,0.00,31961.14,8.58,0.00,0.00
218,128,15976.26,255722.14,223769.62,0.00,31952.52,8.58,0.00,0.00
219,128,15982.42,255648.65,223683.82,0.00,31964.83,8.58,0.00,0.00
220,128,15990.39,255854.28,223872.49,0.00,31981.78,8.58,0.00,0.00
221,128,15990.52,255745.28,223766.24,0.00,31979.04,8.58,0.00,0.00
222,128,16031.05,256472.84,224409.73,0.00,32063.10,8.58,0.00,0.00
223,128,16212.92,259561.77,227135.93,0.00,32425.84,9.91,0.00,0.00
224,128,16137.99,258120.86,225848.87,0.00,32271.98,9.56,0.00,0.00
225,128,16139.80,258307.75,226023.15,0.00,32284.59,9.56,0.00,0.00
226,128,16154.54,258464.69,226157.60,0.00,32307.09,9.39,0.00,0.00
227,128,16064.15,257096.43,224967.13,0.00,32129.30,9.56,0.00,0.00
228,128,16075.55,257139.81,224990.71,0.00,32149.10,9.06,0.00,0.00
229,128,16044.31,256697.95,224612.33,0.00,32085.62,8.90,0.00,0.00
230,128,16031.46,256400.38,224335.46,0.00,32064.92,8.58,0.00,0.00
231,128,15998.41,256109.53,224108.72,0.00,32000.81,8.58,0.00,0.00
232,128,16008.87,256080.97,224065.22,0.00,32015.75,8.58,0.00,0.00
233,128,16000.22,256057.50,224058.06,0.00,31999.44,8.58,0.00,0.00
234,128,16004.89,256079.30,224067.51,0.00,32011.79,8.58,0.00,0.00
235,128,15977.16,255636.61,223684.28,0.00,31952.33,8.58,0.00,0.00
236,128,15994.54,255944.68,223954.59,0.00,31990.08,8.58,0.00,0.00
237,128,15984.75,255740.05,223769.54,0.00,31970.51,8.58,0.00,0.00
238,128,16014.30,256136.79,224110.19,0.00,32026.60,8.58,0.00,0.00
239,128,15973.95,255729.16,223777.26,0.00,31951.89,8.58,0.00,0.00
240,128,15992.39,255821.20,223837.43,0.00,31983.78,8.58,0.00,0.00
241,128,15989.54,255823.69,223844.60,0.00,31979.09,8.58,0.00,0.00
242,128,16048.55,256805.77,224707.67,0.00,32098.10,8.58,0.00,0.00
243,128,16018.95,256241.23,224206.33,0.00,32034.90,8.58,0.00,0.00
244,128,15997.71,255904.43,223908.00,0.00,31996.43,8.58,0.00,0.00
245,128,16028.94,256515.97,224457.10,0.00,32058.87,8.58,0.00,0.00
246,128,16027.78,256482.43,224426.88,0.00,32055.56,8.58,0.00,0.00
247,128,16022.72,256317.56,224272.12,0.00,32045.45,8.58,0.00,0.00
248,128,16016.66,256297.62,224263.29,0.00,32034.33,8.58,0.00,0.00
249,128,16025.76,256364.19,224315.66,0.00,32048.52,8.58,0.00,0.00
250,128,16024.54,256437.68,224390.60,0.00,32047.09,8.58,0.00,0.00
251,128,15989.01,255835.14,223854.12,0.00,31981.02,8.58,0.00,0.00
252,128,15997.41,255973.56,223978.74,0.00,31994.82,8.58,0.00,0.00
253,128,16007.79,256109.58,224096.01,0.00,32013.57,8.58,0.00,0.00
254,128,16011.24,256197.87,224173.38,0.00,32024.48,8.58,0.00,0.00
255,128,16005.45,256028.24,224017.34,0.00,32010.91,8.58,0.00,0.00
256,128,15995.42,255957.78,223969.93,0.00,31987.85,8.58,0.00,0.00
257,128,16007.54,256119.60,224101.52,0.00,32018.07,8.58,0.00,0.00
258,128,16008.70,256224.16,224205.77,0.00,32018.39,8.58,0.00,0.00
259,128,15995.24,255831.80,223845.33,0.00,31986.47,8.58,0.00,0.00
260,128,15998.81,255982.00,223982.38,0.00,31999.63,8.58,0.00,0.00
261,128,16009.00,256090.07,224072.06,0.00,32018.01,8.58,0.00,0.00
262,128,16032.91,256473.61,224406.79,0.00,32066.83,8.58,0.00,0.00
263,128,16085.77,257477.40,225304.86,0.00,32172.55,8.90,0.00,0.00
264,128,16175.53,258881.45,226533.39,0.00,32348.06,10.09,0.00,0.00
265,128,16079.69,257224.99,225066.62,0.00,32158.38,10.09,0.00,0.00
266,128,16079.79,257240.59,225079.01,0.00,32161.57,10.09,0.00,0.00
267,128,16142.98,258190.75,225903.78,0.00,32286.97,10.09,0.00,0.00
268,128,16047.75,256895.97,224802.47,0.00,32093.50,9.91,0.00,0.00
269,128,16058.50,256863.07,224745.06,0.00,32118.01,9.73,0.00,0.00
270,128,16059.31,257031.91,224910.29,0.00,32121.61,8.74,0.00,0.00
271,128,15996.51,255957.14,223966.12,0.00,31991.02,8.58,0.00,0.00
272,128,15998.22,256016.45,224019.02,0.00,31997.43,8.58,0.00,0.00
273,128,15992.12,255834.85,223850.62,0.00,31984.23,8.58,0.00,0.00
274,128,16006.36,256041.75,224030.04,0.00,32011.72,8.58,0.00,0.00
275,128,15982.05,255730.82,223765.72,0.00,31965.10,8.58,0.00,0.00
276,128,15985.50,255747.92,223779.93,0.00,31967.99,8.58,0.00,0.00
277,128,15997.75,255982.92,223987.43,0.00,31995.49,8.58,0.00,0.00
278,128,15998.29,255972.63,223974.05,0.00,31998.58,8.58,0.00,0.00
279,128,15978.20,255710.25,223752.84,0.00,31957.41,8.58,0.00,0.00
280,128,15974.79,255644.60,223696.03,0.00,31948.58,8.58,0.00,0.00
281,128,16009.09,256099.43,224081.25,0.00,32018.18,8.58,0.00,0.00
282,128,16029.42,256431.72,224371.88,0.00,32059.84,8.58,0.00,0.00
283,128,16037.42,256627.68,224555.84,0.00,32071.84,8.58,0.00,0.00
284,128,16029.45,256514.13,224452.24,0.00,32061.89,8.58,0.00,0.00
285,128,16039.44,256569.02,224493.14,0.00,32075.88,8.58,0.00,0.00
286,128,16032.68,256474.89,224408.53,0.00,32066.36,8.58,0.00,0.00
287,128,16000.39,256018.18,224017.41,0.00,32000.77,8.58,0.00,0.00
288,128,16003.92,256065.65,224059.82,0.00,32005.83,8.58,0.00,0.00
289,128,15993.91,255931.63,223940.81,0.00,31990.83,8.58,0.00,0.00
290,128,15984.10,255736.62,223769.42,0.00,31967.20,8.58,0.00,0.00
291,128,15990.72,255740.54,223760.09,0.00,31980.44,8.58,0.00,0.00
292,128,15991.55,255996.73,224010.64,0.00,31986.09,8.58,0.00,0.00
293,128,16004.91,256085.60,224076.77,0.00,32008.82,8.58,0.00,0.00
294,128,16003.20,256047.21,224040.81,0.00,32006.40,8.58,0.00,0.00
295,128,16020.43,256162.84,224123.98,0.00,32038.85,8.58,0.00,0.00
296,128,16006.54,256188.63,224174.55,0.00,32014.08,8.58,0.00,0.00
297,128,16012.79,256272.60,224245.03,0.00,32027.58,8.58,0.00,0.00
298,128,16025.83,256388.35,224339.69,0.00,32048.67,8.58,0.00,0.00
299,128,16009.19,256095.11,224074.72,0.00,32020.39,8.58,0.00,0.00
300,128,15979.50,255463.27,223550.21,0.00,31913.05,8.58,0.00,0.00
SQL statistics:
    queries performed:
        read:                            67183774
        write:                           0
        other:                           9597682
        total:                           76781456
    transactions:                        4798841 (15995.02 per sec.)
    queries:                             76781456 (255920.28 per sec.)
    ignored errors:                      0      (0.00 per sec.)
    reconnects:                          0      (0.00 per sec.)

General statistics:
    total time:                          300.0196s
    total number of events:              4798841

Latency (ms):
         min:                                    1.40
         avg:                                    8.00
         max:                                 5125.34
         95th percentile:                        8.74
         sum:                             38387063.82

Threads fairness:
    events (avg/stddev):           37490.9453/590.08
    execution time (avg/stddev):   299.8989/0.01

