sysbench 1.0.20 (using bundled LuaJIT 2.1.0-beta2)

Running the test with following options:
Number of threads: 16
Report intermediate results every 1 second(s)
Initializing random number generator from current time


Initializing worker threads...

Threads started!

1,16,10020.10,160453.41,140397.24,0.00,20056.18,1.93,0.00,0.00
2,16,10499.31,167993.02,146995.39,0.00,20997.63,1.82,0.00,0.00
3,16,10630.59,170095.42,148833.24,0.00,21262.18,1.76,0.00,0.00
4,16,10713.19,171431.08,150004.70,0.00,21426.39,1.70,0.00,0.00
5,16,10786.77,172583.37,151009.82,0.00,21573.55,1.61,0.00,0.00
6,16,10676.33,170828.32,149475.66,0.00,21352.67,1.79,0.00,0.00
7,16,10501.15,168018.38,147016.09,0.00,21002.30,1.82,0.00,0.00
8,16,10792.00,172645.05,151062.05,0.00,21583.01,1.61,0.00,0.00
9,16,10783.71,172546.32,150977.90,0.00,21568.41,1.61,0.00,0.00
10,16,10800.31,172790.02,151189.39,0.00,21600.63,1.61,0.00,0.00
11,16,10655.63,170499.04,149188.78,0.00,21310.25,1.76,0.00,0.00
12,16,10784.28,172544.49,150974.93,0.00,21569.56,1.61,0.00,0.00
13,16,10793.03,172705.50,151120.44,0.00,21585.06,1.61,0.00,0.00
14,16,10805.59,172888.50,151276.31,0.00,21612.19,1.61,0.00,0.00
15,16,10704.19,171250.05,149841.67,0.00,21408.38,1.70,0.00,0.00
16,16,10692.02,171033.33,149650.29,0.00,21383.04,1.67,0.00,0.00
17,16,10734.87,171832.95,150361.20,0.00,21471.74,1.64,0.00,0.00
18,16,10722.18,171547.94,150104.57,0.00,21443.37,1.70,0.00,0.00
19,16,10645.77,170324.25,149032.72,0.00,21291.53,1.73,0.00,0.00
20,16,10757.24,172105.88,150591.40,0.00,21514.49,1.61,0.00,0.00
21,16,10697.89,171191.24,149795.46,0.00,21395.78,1.70,0.00,0.00
22,16,10496.22,167927.52,146935.08,0.00,20992.44,1.82,0.00,0.00
23,16,10636.80,170162.73,148890.14,0.00,21272.59,1.73,0.00,0.00
24,16,10586.09,169422.45,148249.27,0.00,21173.18,1.76,0.00,0.00
25,16,10560.81,168952.02,147830.39,0.00,21121.63,1.79,0.00,0.00
26,16,10655.06,170461.95,149151.83,0.00,21310.12,1.73,0.00,0.00
27,16,10578.29,169272.60,148116.02,0.00,21156.57,1.76,0.00,0.00
28,16,10684.01,170966.16,149598.14,0.00,21368.02,1.64,0.00,0.00
29,16,10689.74,171001.80,149622.33,0.00,21379.48,1.67,0.00,0.00
30,16,10416.00,166673.97,145841.98,0.00,20832.00,1.86,0.00,0.00
31,16,10569.99,169122.77,147982.80,0.00,21139.97,1.76,0.00,0.00
32,16,10651.03,170385.50,149084.44,0.00,21301.06,1.67,0.00,0.00
33,16,10662.07,170561.06,149237.92,0.00,21323.13,1.64,0.00,0.00
34,16,10553.85,168894.65,147785.95,0.00,21108.71,1.76,0.00,0.00
35,16,10555.78,168872.42,147759.87,0.00,21112.55,1.76,0.00,0.00
36,16,10663.24,170650.86,149325.38,0.00,21325.48,1.64,0.00,0.00
37,16,10689.15,171008.43,149630.12,0.00,21378.30,1.64,0.00,0.00
38,16,10677.14,170809.24,149454.96,0.00,21354.28,1.70,0.00,0.00
39,16,10429.62,166918.88,146059.65,0.00,20859.23,1.82,0.00,0.00
40,16,10375.92,165992.70,145239.86,0.00,20752.84,1.86,0.00,0.00
41,16,10470.24,167530.91,146591.42,0.00,20939.49,1.82,0.00,0.00
42,16,10615.55,169863.85,148632.74,0.00,21231.11,1.76,0.00,0.00
43,16,10379.34,166021.52,145261.83,0.00,20759.69,1.86,0.00,0.00
44,16,10559.38,169003.07,147884.31,0.00,21118.76,1.79,0.00,0.00
45,16,10619.01,169874.14,148636.12,0.00,21238.02,1.73,0.00,0.00
46,16,10561.37,168985.96,147865.21,0.00,21120.74,1.79,0.00,0.00
47,16,10467.30,167472.83,146536.23,0.00,20936.60,1.82,0.00,0.00
48,16,10483.11,167728.81,146762.58,0.00,20966.23,1.79,0.00,0.00
49,16,10602.95,169683.20,148477.30,0.00,21205.90,1.73,0.00,0.00
50,16,10597.91,169558.54,148362.72,0.00,21195.82,1.76,0.00,0.00
51,16,10607.24,169720.83,148506.35,0.00,21214.48,1.73,0.00,0.00
52,16,10371.44,165928.01,145186.14,0.00,20741.88,1.86,0.00,0.00
53,16,10629.31,170081.93,148823.31,0.00,21258.62,1.73,0.00,0.00
54,16,10559.90,168936.38,147816.58,0.00,21119.80,1.79,0.00,0.00
55,16,10507.51,168119.13,147103.11,0.00,21016.02,1.79,0.00,0.00
56,16,10601.58,169654.24,148451.09,0.00,21203.16,1.76,0.00,0.00
57,16,10654.82,170431.17,149122.53,0.00,21308.65,1.70,0.00,0.00
58,16,10685.53,171024.45,149652.40,0.00,21372.06,1.76,0.00,0.00
59,16,10569.71,169113.31,147973.90,0.00,21139.41,1.76,0.00,0.00
60,16,10441.12,167002.96,146121.72,0.00,20881.25,1.82,0.00,0.00
61,16,10636.80,170231.73,148957.14,0.00,21274.59,1.73,0.00,0.00
62,16,10647.47,170348.59,149053.64,0.00,21294.95,1.73,0.00,0.00
63,16,10555.12,168896.95,147786.71,0.00,21110.24,1.79,0.00,0.00
64,16,10632.41,170087.57,148822.74,0.00,21264.82,1.73,0.00,0.00
65,16,10629.10,170088.57,148831.38,0.00,21257.20,1.73,0.00,0.00
66,16,10566.76,169015.18,147880.66,0.00,21134.52,1.79,0.00,0.00
67,16,10667.61,170718.69,149384.48,0.00,21334.21,1.70,0.00,0.00
68,16,10674.70,170805.21,149454.81,0.00,21350.40,1.70,0.00,0.00
69,16,10697.04,171140.68,149747.59,0.00,21393.08,1.64,0.00,0.00
70,16,10477.83,167655.26,146698.60,0.00,20956.66,1.82,0.00,0.00
71,16,10595.29,169494.71,148305.12,0.00,21189.59,1.76,0.00,0.00
72,16,10624.70,170027.25,148776.84,0.00,21250.41,1.73,0.00,0.00
73,16,10608.13,169717.02,148501.77,0.00,21215.25,1.73,0.00,0.00
74,16,10680.13,170908.12,149545.85,0.00,21362.26,1.73,0.00,0.00
75,16,10709.91,171378.53,149959.71,0.00,21418.82,1.67,0.00,0.00
76,16,10628.85,170007.61,148749.90,0.00,21257.70,1.76,0.00,0.00
77,16,10753.06,172057.96,150551.84,0.00,21506.12,1.61,0.00,0.00
78,16,10777.81,172436.89,150881.28,0.00,21555.61,1.64,0.00,0.00
79,16,10539.07,168645.19,147567.04,0.00,21078.15,1.79,0.00,0.00
80,16,10745.42,171942.65,150452.82,0.00,21489.83,1.67,0.00,0.00
81,16,10690.91,171064.61,149681.78,0.00,21382.83,1.73,0.00,0.00
82,16,10680.67,170864.80,149503.45,0.00,21361.35,1.73,0.00,0.00
83,16,10744.79,171928.60,150439.03,0.00,21489.57,1.64,0.00,0.00
84,16,10737.22,171793.50,150319.06,0.00,21474.44,1.67,0.00,0.00
85,16,10760.75,172179.02,150657.52,0.00,21521.50,1.64,0.00,0.00
86,16,10704.98,171264.63,149855.67,0.00,21408.95,1.76,0.00,0.00
87,16,10616.62,169861.96,148628.72,0.00,21233.25,1.76,0.00,0.00
88,16,10720.98,171519.76,150076.79,0.00,21442.97,1.70,0.00,0.00
89,16,10733.66,171736.63,150269.30,0.00,21467.33,1.70,0.00,0.00
90,16,10701.26,171263.20,149860.68,0.00,21402.53,1.73,0.00,0.00
91,16,10253.07,164063.19,143557.04,0.00,20506.15,1.86,0.00,0.00
92,16,10647.53,170333.51,149038.45,0.00,21295.06,1.76,0.00,0.00
93,16,10761.08,172174.25,150652.09,0.00,21522.16,1.64,0.00,0.00
94,16,10677.95,170824.15,149468.26,0.00,21355.89,1.76,0.00,0.00
95,16,10537.29,168595.62,147521.05,0.00,21074.58,1.82,0.00,0.00
96,16,10750.42,172028.65,150529.82,0.00,21498.83,1.67,0.00,0.00
97,16,10787.47,172607.49,151030.55,0.00,21576.94,1.64,0.00,0.00
98,16,10645.97,170301.59,149010.64,0.00,21290.95,1.76,0.00,0.00
99,16,10588.93,169407.87,148231.01,0.00,21176.86,1.76,0.00,0.00
100,16,10721.25,171541.96,150098.46,0.00,21443.49,1.73,0.00,0.00
101,16,10694.02,171147.34,149759.30,0.00,21388.04,1.73,0.00,0.00
102,16,10802.84,172882.50,151275.81,0.00,21606.69,1.67,0.00,0.00
103,16,10692.60,171057.59,149672.39,0.00,21385.20,1.76,0.00,0.00
104,16,10723.24,171549.88,150104.39,0.00,21445.48,1.70,0.00,0.00
105,16,10674.82,170766.07,149416.44,0.00,21349.63,1.73,0.00,0.00
106,16,10769.09,172338.49,150800.30,0.00,21538.19,1.67,0.00,0.00
107,16,10647.01,170342.24,149049.21,0.00,21293.03,1.76,0.00,0.00
108,16,10522.06,168369.04,147322.91,0.00,21046.13,1.82,0.00,0.00
109,16,10813.00,173028.08,151403.07,0.00,21625.01,1.61,0.00,0.00
110,16,10773.64,172316.24,150768.96,0.00,21547.28,1.70,0.00,0.00
111,16,10774.77,172411.39,150863.84,0.00,21547.55,1.67,0.00,0.00
112,16,10696.59,171146.47,149752.29,0.00,21394.18,1.70,0.00,0.00
113,16,10826.05,173236.78,151582.69,0.00,21654.10,1.61,0.00,0.00
114,16,10620.99,169929.76,148689.79,0.00,21239.97,1.79,0.00,0.00
115,16,10630.93,170136.81,148872.96,0.00,21263.85,1.79,0.00,0.00
116,16,10723.02,171554.33,150108.29,0.00,21446.04,1.73,0.00,0.00
117,16,10814.85,173029.63,151399.93,0.00,21629.70,1.64,0.00,0.00
118,16,10728.10,171652.62,150196.42,0.00,21456.20,1.73,0.00,0.00
119,16,10742.47,171851.58,150366.63,0.00,21484.95,1.73,0.00,0.00
120,16,10778.62,172449.94,150893.70,0.00,21556.24,1.67,0.00,0.00
121,16,10849.70,173601.15,151900.76,0.00,21700.39,1.58,0.00,0.00
122,16,10814.34,173022.41,151393.73,0.00,21628.68,1.67,0.00,0.00
123,16,10785.21,172540.35,150972.93,0.00,21567.42,1.64,0.00,0.00
124,16,10668.99,170739.83,149398.85,0.00,21340.98,1.79,0.00,0.00
125,16,10735.96,171815.31,150341.39,0.00,21473.91,1.73,0.00,0.00
126,16,10785.71,172551.32,150981.90,0.00,21569.41,1.70,0.00,0.00
127,16,10655.48,170460.71,149149.75,0.00,21310.96,1.79,0.00,0.00
128,16,10655.69,170506.06,149194.68,0.00,21311.38,1.76,0.00,0.00
129,16,10751.52,172020.38,150517.33,0.00,21503.05,1.73,0.00,0.00
130,16,10884.39,174145.26,152376.48,0.00,21768.78,1.61,0.00,0.00
131,16,10668.89,170693.20,149355.42,0.00,21337.77,1.82,0.00,0.00
132,16,10785.05,172578.81,151008.71,0.00,21570.10,1.70,0.00,0.00
133,16,10746.83,171977.21,150483.56,0.00,21493.65,1.73,0.00,0.00
134,16,10674.06,170751.89,149403.78,0.00,21348.11,1.76,0.00,0.00
135,16,10473.27,167584.27,146637.74,0.00,20946.53,1.86,0.00,0.00
136,16,10827.82,173230.19,151574.54,0.00,21655.65,1.61,0.00,0.00
137,16,10822.03,173138.51,151495.44,0.00,21643.06,1.64,0.00,0.00
138,16,10751.13,172069.16,150565.89,0.00,21503.27,1.73,0.00,0.00
139,16,10611.22,169754.50,148532.06,0.00,21222.44,1.79,0.00,0.00
140,16,10769.76,172325.21,150785.68,0.00,21539.53,1.73,0.00,0.00
141,16,10860.06,173746.99,152026.86,0.00,21720.12,1.61,0.00,0.00
142,16,10724.85,171586.53,150137.84,0.00,21448.69,1.76,0.00,0.00
143,16,10826.60,173230.66,151576.45,0.00,21654.21,1.64,0.00,0.00
144,16,10553.36,168841.74,147735.02,0.00,21106.72,1.82,0.00,0.00
145,16,10707.87,171342.85,149928.12,0.00,21414.73,1.73,0.00,0.00
146,16,10697.24,171128.86,149734.38,0.00,21394.48,1.76,0.00,0.00
147,16,10750.92,172022.68,150520.84,0.00,21501.83,1.73,0.00,0.00
148,16,10673.51,170769.09,149422.08,0.00,21347.01,1.76,0.00,0.00
149,16,10716.56,171502.98,150069.86,0.00,21433.12,1.73,0.00,0.00
150,16,10655.90,170492.35,149179.56,0.00,21312.79,1.79,0.00,0.00
151,16,10443.81,167101.92,146214.30,0.00,20887.61,1.82,0.00,0.00
152,16,10844.26,173473.17,151784.65,0.00,21688.52,1.64,0.00,0.00
153,16,10754.36,172086.72,150578.00,0.00,21508.71,1.70,0.00,0.00
154,16,10783.84,172519.51,150951.82,0.00,21567.69,1.70,0.00,0.00
155,16,10735.49,171784.91,150313.92,0.00,21470.99,1.73,0.00,0.00
156,16,10681.34,170920.37,149558.70,0.00,21361.67,1.79,0.00,0.00
157,16,10840.02,173431.25,151751.22,0.00,21680.03,1.67,0.00,0.00
158,16,10729.05,171660.78,150202.69,0.00,21458.10,1.76,0.00,0.00
159,16,10746.03,171910.41,150418.36,0.00,21492.05,1.73,0.00,0.00
160,16,10730.87,171738.86,150276.12,0.00,21462.73,1.76,0.00,0.00
161,16,10856.53,173690.42,151978.37,0.00,21712.05,1.64,0.00,0.00
162,16,10735.48,171749.74,150278.77,0.00,21470.97,1.73,0.00,0.00
163,16,10814.26,173054.23,151424.70,0.00,21629.53,1.70,0.00,0.00
164,16,10748.59,171934.47,150437.29,0.00,21497.18,1.76,0.00,0.00
165,16,10844.18,173540.82,151852.46,0.00,21688.35,1.64,0.00,0.00
166,16,10760.38,172172.14,150651.37,0.00,21520.77,1.76,0.00,0.00
167,16,10732.61,171706.81,150243.58,0.00,21463.23,1.79,0.00,0.00
168,16,10689.70,171025.15,149644.75,0.00,21380.39,1.76,0.00,0.00
169,16,10918.36,174699.76,152862.04,0.00,21837.72,1.58,0.00,0.00
170,16,10618.98,169904.67,148667.71,0.00,21236.96,1.82,0.00,0.00
171,16,10801.02,172832.33,151229.29,0.00,21603.04,1.70,0.00,0.00
172,16,10830.02,173265.24,151605.21,0.00,21660.03,1.67,0.00,0.00
173,16,10931.86,174948.79,153085.07,0.00,21863.72,1.58,0.00,0.00
174,16,10769.37,172244.92,150708.18,0.00,21536.74,1.70,0.00,0.00
175,16,10840.68,173507.94,151825.58,0.00,21682.37,1.70,0.00,0.00
176,16,10777.06,172410.04,150855.91,0.00,21554.13,1.70,0.00,0.00
177,16,10759.79,172153.60,150633.02,0.00,21520.57,1.73,0.00,0.00
178,16,10852.12,173644.99,151940.74,0.00,21704.25,1.67,0.00,0.00
179,16,10750.92,171987.75,150486.91,0.00,21500.84,1.73,0.00,0.00
180,16,10868.60,173916.66,152179.45,0.00,21737.21,1.61,0.00,0.00
181,16,10829.45,173261.25,151601.34,0.00,21659.91,1.67,0.00,0.00
182,16,10818.03,173105.48,151469.42,0.00,21636.06,1.70,0.00,0.00
183,16,10324.08,165196.21,144548.06,0.00,20648.15,1.82,0.00,0.00
184,16,10609.44,169747.96,148529.09,0.00,21218.87,1.79,0.00,0.00
185,16,10676.94,170819.06,149466.18,0.00,21352.88,1.79,0.00,0.00
186,16,10930.53,174896.54,153034.47,0.00,21862.07,1.61,0.00,0.00
187,16,10845.20,173541.18,151850.78,0.00,21690.40,1.67,0.00,0.00
188,16,10869.56,173866.97,152127.85,0.00,21739.12,1.64,0.00,0.00
189,16,10837.27,173379.25,151707.72,0.00,21671.53,1.67,0.00,0.00
190,16,10682.88,170952.04,149584.29,0.00,21367.76,1.79,0.00,0.00
191,16,10699.29,171180.64,149781.06,0.00,21399.58,1.79,0.00,0.00
192,16,10819.80,173127.75,151488.16,0.00,21639.59,1.67,0.00,0.00
193,16,10759.93,172167.95,150648.08,0.00,21519.87,1.73,0.00,0.00
194,16,10838.48,173394.68,151717.72,0.00,21676.96,1.70,0.00,0.00
195,16,10785.81,172572.00,151001.37,0.00,21570.62,1.70,0.00,0.00
196,16,10772.71,172351.34,150804.92,0.00,21546.42,1.70,0.00,0.00
197,16,10935.05,175015.77,153145.68,0.00,21870.10,1.58,0.00,0.00
198,16,10864.02,173791.35,152065.30,0.00,21726.04,1.67,0.00,0.00
199,16,10835.83,173381.36,151705.69,0.00,21675.67,1.64,0.00,0.00
200,16,10748.21,171974.33,150479.92,0.00,21494.42,1.79,0.00,0.00
201,16,10797.72,172789.54,151194.10,0.00,21595.44,1.70,0.00,0.00
202,16,10871.22,173914.59,152172.14,0.00,21742.45,1.70,0.00,0.00
203,16,10892.39,174265.17,152482.40,0.00,21782.77,1.61,0.00,0.00
204,16,10714.75,171464.98,150034.49,0.00,21430.50,1.76,0.00,0.00
205,16,10901.68,174416.88,152613.52,0.00,21803.36,1.61,0.00,0.00
206,16,10615.38,169786.12,148554.35,0.00,21231.77,1.79,0.00,0.00
207,16,10820.78,173197.54,151555.97,0.00,21641.57,1.67,0.00,0.00
208,16,10853.22,173657.44,151952.01,0.00,21705.43,1.67,0.00,0.00
209,16,10903.85,174444.57,152635.87,0.00,21808.70,1.61,0.00,0.00
210,16,10824.94,173176.08,151528.20,0.00,21647.89,1.70,0.00,0.00
211,16,10459.63,167368.00,146447.75,0.00,20920.25,1.82,0.00,0.00
212,16,10728.48,171666.73,150208.76,0.00,21457.97,1.76,0.00,0.00
213,16,10918.90,174686.39,152848.59,0.00,21837.80,1.58,0.00,0.00
214,16,10850.05,173628.86,151929.75,0.00,21699.11,1.70,0.00,0.00
215,16,10824.91,173165.58,151516.76,0.00,21648.82,1.70,0.00,0.00
216,16,10792.04,172714.67,151128.59,0.00,21586.08,1.73,0.00,0.00
217,16,10919.25,174693.01,152855.51,0.00,21837.50,1.58,0.00,0.00
218,16,10636.89,170201.19,148926.41,0.00,21274.77,1.79,0.00,0.00
219,16,10878.75,174044.02,152287.51,0.00,21756.50,1.64,0.00,0.00
220,16,10786.04,172580.63,151007.55,0.00,21573.08,1.76,0.00,0.00
221,16,10874.23,173971.66,152223.20,0.00,21748.46,1.64,0.00,0.00
222,16,10878.01,174018.17,152263.15,0.00,21755.02,1.67,0.00,0.00
223,16,10792.20,172729.26,151143.85,0.00,21585.41,1.67,0.00,0.00
224,16,10779.75,172469.07,150910.56,0.00,21558.51,1.73,0.00,0.00
225,16,10861.97,173804.54,152079.60,0.00,21724.94,1.67,0.00,0.00
226,16,10800.77,172816.38,151214.83,0.00,21601.55,1.73,0.00,0.00
227,16,10863.12,173773.90,152047.66,0.00,21726.24,1.67,0.00,0.00
228,16,10811.02,172973.39,151352.34,0.00,21621.05,1.70,0.00,0.00
229,16,10859.14,173758.22,152039.94,0.00,21718.28,1.64,0.00,0.00
230,16,10822.35,173105.63,151462.92,0.00,21642.70,1.73,0.00,0.00
231,16,10815.56,173063.95,151430.83,0.00,21633.12,1.67,0.00,0.00
232,16,10744.97,171933.50,150442.56,0.00,21490.94,1.79,0.00,0.00
233,16,10881.41,174121.56,152358.74,0.00,21762.82,1.64,0.00,0.00
234,16,10798.19,172768.97,151171.60,0.00,21597.37,1.73,0.00,0.00
235,16,10850.43,173616.83,151917.97,0.00,21698.85,1.67,0.00,0.00
236,16,10746.84,171935.41,150440.74,0.00,21494.68,1.76,0.00,0.00
237,16,10863.32,173804.14,152077.50,0.00,21726.64,1.64,0.00,0.00
238,16,10762.28,172230.45,150706.89,0.00,21523.56,1.76,0.00,0.00
239,16,10867.97,173886.48,152150.55,0.00,21735.94,1.61,0.00,0.00
240,16,10825.59,173194.38,151542.21,0.00,21652.17,1.67,0.00,0.00
241,16,10855.85,173692.60,151980.90,0.00,21711.70,1.67,0.00,0.00
242,16,10686.01,170964.12,149592.11,0.00,21372.02,1.79,0.00,0.00
243,16,10854.42,173657.65,151949.82,0.00,21707.83,1.64,0.00,0.00
244,16,10739.72,171858.52,150379.08,0.00,21479.44,1.79,0.00,0.00
245,16,10923.74,174740.89,152894.40,0.00,21846.49,1.58,0.00,0.00
246,16,10860.48,173777.67,152056.71,0.00,21720.96,1.70,0.00,0.00
247,16,10739.10,171843.57,150363.38,0.00,21480.20,1.79,0.00,0.00
248,16,10608.49,169784.77,148568.80,0.00,21215.97,1.79,0.00,0.00
249,16,10959.21,175330.44,153412.01,0.00,21918.43,1.58,0.00,0.00
250,16,10863.84,173812.38,152083.71,0.00,21728.67,1.70,0.00,0.00
251,16,10841.51,173464.24,151782.21,0.00,21682.03,1.70,0.00,0.00
252,16,10799.72,172766.52,151166.08,0.00,21600.44,1.73,0.00,0.00
253,16,10871.93,174017.87,152274.01,0.00,21743.86,1.67,0.00,0.00
254,16,10572.93,169114.89,147969.03,0.00,21145.86,1.82,0.00,0.00
255,16,10790.29,172668.64,151089.06,0.00,21579.58,1.73,0.00,0.00
256,16,10783.84,172534.48,150965.80,0.00,21568.69,1.73,0.00,0.00
257,16,10842.77,173464.33,151778.79,0.00,21685.54,1.67,0.00,0.00
258,16,10816.45,173039.23,151408.33,0.00,21630.90,1.73,0.00,0.00
259,16,10850.17,173620.70,151918.36,0.00,21702.34,1.70,0.00,0.00
260,16,10686.99,171010.86,149637.88,0.00,21372.98,1.76,0.00,0.00
261,16,10918.61,174702.70,152864.49,0.00,21838.21,1.58,0.00,0.00
262,16,10858.90,173767.44,152049.63,0.00,21717.81,1.70,0.00,0.00
263,16,10843.08,173489.26,151803.10,0.00,21686.16,1.67,0.00,0.00
264,16,10904.93,174446.86,152638.01,0.00,21808.86,1.61,0.00,0.00
265,16,10884.62,174144.90,152375.67,0.00,21769.24,1.64,0.00,0.00
266,16,10613.58,169813.23,148586.08,0.00,21227.15,1.82,0.00,0.00
267,16,10877.74,174056.90,152301.41,0.00,21755.49,1.67,0.00,0.00
268,16,10759.14,172101.25,150581.97,0.00,21519.28,1.76,0.00,0.00
269,16,10699.80,171214.81,149816.21,0.00,21398.60,1.76,0.00,0.00
270,16,10882.18,174141.93,152377.56,0.00,21764.37,1.70,0.00,0.00
271,16,10785.97,172552.46,150980.52,0.00,21571.93,1.73,0.00,0.00
272,16,10919.05,174762.75,152923.66,0.00,21839.09,1.58,0.00,0.00
273,16,10817.01,173012.15,151379.13,0.00,21633.02,1.70,0.00,0.00
274,16,10892.16,174304.54,152519.22,0.00,21785.32,1.67,0.00,0.00
275,16,10686.13,170948.12,149575.86,0.00,21372.27,1.79,0.00,0.00
276,16,10859.57,173744.16,152027.01,0.00,21717.15,1.70,0.00,0.00
277,16,10848.11,173607.76,151911.54,0.00,21696.22,1.67,0.00,0.00
278,16,10853.00,173642.04,151934.04,0.00,21708.01,1.73,0.00,0.00
279,16,10812.27,172990.37,151366.83,0.00,21623.55,1.70,0.00,0.00
280,16,10824.64,173174.26,151525.98,0.00,21648.28,1.70,0.00,0.00
281,16,10827.36,173255.72,151601.01,0.00,21654.72,1.70,0.00,0.00
282,16,10827.73,173255.61,151598.16,0.00,21657.45,1.70,0.00,0.00
283,16,10512.03,168202.50,147178.43,0.00,21024.06,1.86,0.00,0.00
284,16,10826.90,173222.42,151568.61,0.00,21653.80,1.73,0.00,0.00
285,16,10892.27,174252.36,152468.82,0.00,21783.55,1.64,0.00,0.00
286,16,10894.62,174341.84,152551.61,0.00,21790.23,1.67,0.00,0.00
287,16,10841.56,173436.88,151753.77,0.00,21683.11,1.70,0.00,0.00
288,16,10670.63,170748.05,149406.80,0.00,21341.26,1.79,0.00,0.00
289,16,10910.75,174563.08,152741.57,0.00,21821.51,1.64,0.00,0.00
290,16,10918.73,174704.63,152867.18,0.00,21837.45,1.64,0.00,0.00
291,16,10761.60,172177.53,150655.34,0.00,21522.19,1.79,0.00,0.00
292,16,10722.04,171551.57,150107.50,0.00,21444.07,1.76,0.00,0.00
293,16,10889.14,174226.27,152448.98,0.00,21777.28,1.64,0.00,0.00
294,16,10754.74,172087.84,150577.36,0.00,21510.48,1.79,0.00,0.00
295,16,10616.10,169866.57,148634.37,0.00,21232.20,1.82,0.00,0.00
296,16,10589.02,169427.35,148248.31,0.00,21179.04,1.79,0.00,0.00
297,16,10891.49,174252.76,152470.79,0.00,21781.97,1.61,0.00,0.00
298,16,10903.57,174468.14,152661.00,0.00,21807.14,1.67,0.00,0.00
299,16,10461.92,167354.67,146429.84,0.00,20924.83,1.82,0.00,0.00
300,16,10474.96,167658.42,146708.49,0.00,20949.93,1.82,0.00,0.00
301,16,10970.02,175481.27,153542.24,0.00,21939.03,1.58,0.00,0.00
302,16,10902.29,174457.67,152652.09,0.00,21805.58,1.64,0.00,0.00
303,16,10869.74,173898.79,152159.32,0.00,21739.47,1.67,0.00,0.00
304,16,10860.12,173751.97,152032.72,0.00,21719.25,1.70,0.00,0.00
305,16,10917.31,174712.98,152877.35,0.00,21835.62,1.61,0.00,0.00
306,16,10927.78,174822.44,152966.88,0.00,21855.55,1.70,0.00,0.00
307,16,10942.74,175080.89,153196.40,0.00,21884.49,1.58,0.00,0.00
308,16,10816.05,173044.85,151412.75,0.00,21632.11,1.73,0.00,0.00
309,16,10949.88,175211.15,153310.38,0.00,21900.77,1.58,0.00,0.00
310,16,10717.61,171486.84,150052.61,0.00,21434.23,1.79,0.00,0.00
311,16,10697.07,171153.17,149759.03,0.00,21394.15,1.79,0.00,0.00
312,16,10638.61,170197.69,148920.48,0.00,21277.21,1.82,0.00,0.00
313,16,10888.81,174223.04,152444.41,0.00,21778.63,1.64,0.00,0.00
314,16,10676.11,170825.81,149473.58,0.00,21352.23,1.79,0.00,0.00
315,16,10820.35,173112.54,151473.84,0.00,21638.69,1.70,0.00,0.00
316,16,10919.60,174699.61,152859.41,0.00,21840.20,1.58,0.00,0.00
317,16,10938.00,175019.00,153142.00,0.00,21877.00,1.58,0.00,0.00
318,16,10884.93,174192.93,152422.07,0.00,21770.87,1.70,0.00,0.00
319,16,10842.22,173460.48,151777.04,0.00,21683.43,1.70,0.00,0.00
320,16,10910.82,174584.12,152762.48,0.00,21821.64,1.64,0.00,0.00
321,16,10934.43,174954.95,153087.08,0.00,21867.87,1.61,0.00,0.00
322,16,10845.25,173493.99,151804.49,0.00,21689.50,1.73,0.00,0.00
323,16,10813.42,173039.67,151410.83,0.00,21628.83,1.73,0.00,0.00
324,16,10529.01,168444.16,147386.14,0.00,21058.02,1.82,0.00,0.00
325,16,10816.97,173103.58,151469.64,0.00,21633.95,1.73,0.00,0.00
326,16,10823.54,173150.63,151503.55,0.00,21647.08,1.70,0.00,0.00
327,16,10723.59,171548.52,150101.33,0.00,21447.19,1.79,0.00,0.00
328,16,10844.87,173537.95,151848.21,0.00,21689.74,1.70,0.00,0.00
329,16,10922.89,174761.21,152917.43,0.00,21843.78,1.61,0.00,0.00
330,16,10862.14,173801.26,152075.98,0.00,21725.28,1.67,0.00,0.00
331,16,10727.98,171657.61,150201.65,0.00,21455.95,1.79,0.00,0.00
332,16,10980.06,175657.89,153698.78,0.00,21959.11,1.58,0.00,0.00
333,16,10767.95,172335.20,150797.30,0.00,21537.90,1.73,0.00,0.00
334,16,10957.93,175308.81,153393.96,0.00,21914.85,1.61,0.00,0.00
335,16,10729.49,171672.84,150212.86,0.00,21459.98,1.79,0.00,0.00
336,16,10878.71,174040.36,152282.94,0.00,21757.42,1.67,0.00,0.00
337,16,10893.64,174286.24,152499.96,0.00,21786.28,1.64,0.00,0.00
338,16,10888.32,174221.06,152444.43,0.00,21776.63,1.67,0.00,0.00
339,16,10851.00,173631.04,151929.03,0.00,21702.00,1.70,0.00,0.00
340,16,10858.91,173764.59,152046.77,0.00,21717.82,1.67,0.00,0.00
341,16,10978.78,175663.53,153704.97,0.00,21958.57,1.58,0.00,0.00
342,16,10895.20,174319.23,152528.83,0.00,21790.40,1.70,0.00,0.00
343,16,10782.49,172506.77,150942.80,0.00,21563.97,1.76,0.00,0.00
344,16,10837.46,173411.36,151735.44,0.00,21675.92,1.73,0.00,0.00
345,16,10797.29,172754.68,151161.10,0.00,21593.59,1.73,0.00,0.00
346,16,10870.22,173872.51,152132.07,0.00,21740.44,1.70,0.00,0.00
347,16,10804.60,172925.63,151315.43,0.00,21610.20,1.70,0.00,0.00
348,16,10776.12,172410.92,150858.68,0.00,21552.24,1.76,0.00,0.00
349,16,10983.42,175714.78,153747.94,0.00,21966.85,1.55,0.00,0.00
350,16,10868.55,173937.87,152199.76,0.00,21738.11,1.70,0.00,0.00
351,16,10860.96,173751.34,152030.42,0.00,21720.92,1.67,0.00,0.00
352,16,10830.04,173321.61,151661.53,0.00,21660.08,1.70,0.00,0.00
353,16,10948.68,175105.82,153209.46,0.00,21896.35,1.61,0.00,0.00
354,16,10898.98,174392.65,152594.69,0.00,21797.96,1.67,0.00,0.00
355,16,10758.22,172139.58,150623.14,0.00,21516.45,1.76,0.00,0.00
356,16,10856.92,173721.65,152006.82,0.00,21714.83,1.67,0.00,0.00
357,16,10870.23,173879.67,152139.21,0.00,21740.46,1.70,0.00,0.00
358,16,10822.79,173212.60,151567.02,0.00,21645.57,1.73,0.00,0.00
359,16,10729.29,171677.59,150220.01,0.00,21457.57,1.73,0.00,0.00
360,16,10893.78,174276.56,152487.99,0.00,21788.57,1.61,0.00,0.00
361,16,10879.09,174052.50,152295.31,0.00,21757.19,1.64,0.00,0.00
362,16,10874.06,173985.00,152236.87,0.00,21748.12,1.70,0.00,0.00
363,16,10568.19,169106.01,147968.63,0.00,21137.38,1.79,0.00,0.00
364,16,10602.87,169655.00,148449.25,0.00,21205.75,1.82,0.00,0.00
365,16,10845.88,173504.01,151812.26,0.00,21691.75,1.70,0.00,0.00
366,16,10776.10,172419.68,150867.47,0.00,21552.21,1.76,0.00,0.00
367,16,10913.74,174626.89,152799.41,0.00,21827.49,1.64,0.00,0.00
368,16,10863.96,173823.36,152097.44,0.00,21725.92,1.70,0.00,0.00
369,16,10893.21,174335.38,152546.96,0.00,21788.42,1.61,0.00,0.00
370,16,10800.86,172794.70,151192.98,0.00,21601.71,1.76,0.00,0.00
371,16,10813.02,173015.30,151389.26,0.00,21626.04,1.70,0.00,0.00
372,16,10901.07,174422.17,152620.03,0.00,21802.15,1.61,0.00,0.00
373,16,10945.93,175108.88,153217.02,0.00,21891.86,1.61,0.00,0.00
374,16,10862.97,173799.45,152073.52,0.00,21725.93,1.70,0.00,0.00
375,16,10888.14,174222.21,152445.94,0.00,21776.28,1.64,0.00,0.00
376,16,10802.88,172835.15,151229.38,0.00,21605.77,1.73,0.00,0.00
377,16,10931.99,174896.90,153032.91,0.00,21863.99,1.58,0.00,0.00
378,16,10791.05,172650.78,151068.68,0.00,21582.10,1.73,0.00,0.00
379,16,10922.30,174810.86,152966.25,0.00,21844.61,1.58,0.00,0.00
380,16,10842.85,173463.57,151777.87,0.00,21685.70,1.70,0.00,0.00
381,16,10922.80,174716.81,152871.21,0.00,21845.60,1.61,0.00,0.00
382,16,10899.81,174464.99,152665.37,0.00,21799.62,1.67,0.00,0.00
383,16,10896.00,174312.02,152521.02,0.00,21791.00,1.64,0.00,0.00
384,16,10845.87,173527.97,151836.23,0.00,21691.75,1.70,0.00,0.00
385,16,10896.28,174349.51,152556.95,0.00,21792.56,1.67,0.00,0.00
386,16,10968.09,175505.37,153568.19,0.00,21937.17,1.58,0.00,0.00
387,16,10773.57,172389.04,150841.91,0.00,21547.13,1.73,0.00,0.00
388,16,10846.18,173505.94,151813.57,0.00,21692.37,1.70,0.00,0.00
389,16,10962.34,175389.39,153464.72,0.00,21924.67,1.58,0.00,0.00
390,16,10862.01,173812.11,152089.10,0.00,21723.01,1.70,0.00,0.00
391,16,10461.97,167408.50,146483.56,0.00,20924.94,1.82,0.00,0.00
392,16,10935.83,174961.21,153091.56,0.00,21869.65,1.61,0.00,0.00
393,16,10823.78,173186.41,151537.86,0.00,21648.55,1.73,0.00,0.00
394,16,10824.18,173166.95,151517.58,0.00,21649.37,1.73,0.00,0.00
395,16,10405.07,166502.16,145692.01,0.00,20810.14,1.86,0.00,0.00
396,16,10831.20,173311.24,151648.83,0.00,21662.40,1.73,0.00,0.00
397,16,10967.91,175474.48,153538.67,0.00,21935.81,1.55,0.00,0.00
398,16,10845.82,173502.18,151810.53,0.00,21691.65,1.73,0.00,0.00
399,16,10912.96,174621.35,152796.43,0.00,21824.92,1.67,0.00,0.00
400,16,10788.02,172589.30,151014.27,0.00,21575.04,1.76,0.00,0.00
401,16,10902.60,174476.65,152669.44,0.00,21807.21,1.67,0.00,0.00
402,16,10936.55,174978.83,153105.73,0.00,21873.10,1.61,0.00,0.00
403,16,10545.36,168722.75,147633.03,0.00,21089.72,1.82,0.00,0.00
404,16,10620.64,169910.27,148667.99,0.00,21242.28,1.79,0.00,0.00
405,16,10905.73,174514.66,152703.20,0.00,21811.46,1.64,0.00,0.00
406,16,10870.13,173924.10,152183.84,0.00,21740.26,1.70,0.00,0.00
407,16,10794.15,172711.47,151123.16,0.00,21588.31,1.73,0.00,0.00
408,16,10819.89,173102.31,151463.52,0.00,21638.79,1.73,0.00,0.00
409,16,10855.07,173688.13,151976.99,0.00,21711.14,1.70,0.00,0.00
410,16,10862.00,173779.99,152056.99,0.00,21723.00,1.70,0.00,0.00
411,16,10792.99,172661.88,151075.90,0.00,21585.99,1.73,0.00,0.00
412,16,10890.20,174245.17,152464.77,0.00,21780.40,1.67,0.00,0.00
413,16,10899.70,174446.21,152645.81,0.00,21800.40,1.64,0.00,0.00
414,16,10844.10,173490.61,151802.41,0.00,21688.20,1.73,0.00,0.00
415,16,10755.97,172094.46,150582.53,0.00,21511.93,1.76,0.00,0.00
416,16,10921.00,174717.99,152875.99,0.00,21842.00,1.64,0.00,0.00
417,16,10967.91,175466.62,153530.79,0.00,21935.83,1.58,0.00,0.00
418,16,10840.00,173469.06,151789.05,0.00,21680.01,1.73,0.00,0.00
419,16,10750.03,172018.50,150518.44,0.00,21500.06,1.73,0.00,0.00
420,16,10937.44,174975.96,153103.09,0.00,21872.87,1.61,0.00,0.00
421,16,10873.16,173992.51,152244.20,0.00,21748.31,1.67,0.00,0.00
422,16,10738.46,171777.31,150302.40,0.00,21474.91,1.79,0.00,0.00
423,16,10633.01,170114.20,148846.18,0.00,21268.03,1.79,0.00,0.00
424,16,10870.96,174005.32,152263.40,0.00,21741.91,1.64,0.00,0.00
425,16,10950.97,175198.54,153296.60,0.00,21901.94,1.58,0.00,0.00
426,16,10688.43,171009.96,149633.09,0.00,21376.87,1.82,0.00,0.00
427,16,10747.80,171937.75,150442.16,0.00,21495.59,1.76,0.00,0.00
428,16,10742.59,171882.38,150399.21,0.00,21483.17,1.76,0.00,0.00
429,16,10874.30,173978.81,152229.21,0.00,21749.60,1.67,0.00,0.00
430,16,10677.22,170880.50,149525.06,0.00,21355.44,1.79,0.00,0.00
431,16,10559.85,168952.57,147832.88,0.00,21119.70,1.82,0.00,0.00
432,16,10579.39,169244.19,148085.42,0.00,21158.77,1.82,0.00,0.00
433,16,10853.01,173675.10,151969.09,0.00,21706.01,1.67,0.00,0.00
434,16,10893.67,174272.76,152485.42,0.00,21787.35,1.67,0.00,0.00
435,16,10840.40,173474.46,151793.66,0.00,21680.81,1.70,0.00,0.00
436,16,10891.34,174245.43,152463.75,0.00,21781.68,1.67,0.00,0.00
437,16,10796.89,172718.30,151125.51,0.00,21592.79,1.76,0.00,0.00
438,16,10917.10,174724.61,152889.41,0.00,21835.20,1.67,0.00,0.00
439,16,10807.22,172897.47,151283.04,0.00,21614.43,1.73,0.00,0.00
440,16,10903.58,174480.25,152672.09,0.00,21808.16,1.67,0.00,0.00
441,16,10883.24,174089.77,152324.30,0.00,21765.47,1.67,0.00,0.00
442,16,10845.08,173530.31,151840.14,0.00,21690.16,1.76,0.00,0.00
443,16,10932.84,174960.46,153094.78,0.00,21865.68,1.61,0.00,0.00
444,16,10676.53,170800.47,149446.41,0.00,21354.06,1.79,0.00,0.00
445,16,10961.57,175370.13,153446.99,0.00,21923.14,1.58,0.00,0.00
446,16,10909.99,174613.87,152793.89,0.00,21819.98,1.67,0.00,0.00
447,16,10765.43,172169.82,150640.97,0.00,21528.85,1.76,0.00,0.00
448,16,10920.01,174711.18,152871.15,0.00,21840.02,1.64,0.00,0.00
449,16,10975.63,175667.14,153713.87,0.00,21953.27,1.58,0.00,0.00
450,16,10924.93,174752.81,152903.96,0.00,21848.85,1.67,0.00,0.00
451,16,10744.15,171930.40,150442.10,0.00,21488.30,1.76,0.00,0.00
452,16,10899.08,174383.27,152586.11,0.00,21797.16,1.64,0.00,0.00
453,16,10960.80,175382.84,153459.23,0.00,21923.61,1.58,0.00,0.00
454,16,10903.96,174478.39,152670.47,0.00,21807.92,1.64,0.00,0.00
455,16,10577.06,169224.00,148069.87,0.00,21154.12,1.79,0.00,0.00
456,16,10904.07,174438.20,152632.05,0.00,21806.15,1.67,0.00,0.00
457,16,10906.23,174537.62,152724.17,0.00,21813.45,1.67,0.00,0.00
458,16,10886.89,174193.16,152418.39,0.00,21774.77,1.70,0.00,0.00
459,16,10836.03,173368.40,151697.35,0.00,21671.05,1.73,0.00,0.00
460,16,10835.08,173357.28,151687.12,0.00,21670.16,1.70,0.00,0.00
461,16,10923.76,174774.24,152924.71,0.00,21849.53,1.64,0.00,0.00
462,16,11008.79,176119.69,154104.11,0.00,22015.59,1.58,0.00,0.00
463,16,10660.19,170593.04,149271.66,0.00,21321.38,1.82,0.00,0.00
464,16,10773.97,172344.58,150797.63,0.00,21546.95,1.76,0.00,0.00
465,16,10897.07,174377.12,152581.98,0.00,21795.14,1.64,0.00,0.00
466,16,10734.90,171767.35,150298.55,0.00,21468.79,1.79,0.00,0.00
467,16,10886.10,174177.59,152404.39,0.00,21773.20,1.70,0.00,0.00
468,16,10945.14,175083.31,153193.02,0.00,21890.29,1.61,0.00,0.00
469,16,10828.94,173254.09,151597.20,0.00,21656.89,1.73,0.00,0.00
470,16,10884.89,174205.26,152434.48,0.00,21770.78,1.67,0.00,0.00
471,16,10922.49,174767.76,152922.79,0.00,21844.97,1.58,0.00,0.00
472,16,10893.62,174267.89,152480.65,0.00,21787.24,1.67,0.00,0.00
473,16,10939.96,175070.33,153190.41,0.00,21879.92,1.61,0.00,0.00
474,16,10920.23,174700.75,152861.28,0.00,21839.47,1.67,0.00,0.00
475,16,10772.52,172340.25,150796.22,0.00,21544.03,1.76,0.00,0.00
476,16,10680.88,170910.08,149546.32,0.00,21363.76,1.79,0.00,0.00
477,16,10906.20,174523.21,152710.81,0.00,21812.40,1.61,0.00,0.00
478,16,10918.89,174693.28,152855.49,0.00,21837.78,1.67,0.00,0.00
479,16,10601.99,169606.83,148403.85,0.00,21202.98,1.82,0.00,0.00
480,16,10898.07,174391.13,152594.99,0.00,21796.14,1.67,0.00,0.00
481,16,10824.12,173174.87,151525.64,0.00,21649.23,1.70,0.00,0.00
482,16,10824.04,173195.57,151548.50,0.00,21647.07,1.79,0.00,0.00
483,16,10926.81,174873.90,153019.28,0.00,21854.61,1.61,0.00,0.00
484,16,10953.15,175238.37,153333.08,0.00,21905.30,1.58,0.00,0.00
485,16,10949.41,175162.56,153264.74,0.00,21897.82,1.61,0.00,0.00
486,16,10913.51,174626.14,152797.12,0.00,21829.02,1.67,0.00,0.00
487,16,10759.37,172129.85,150611.12,0.00,21518.73,1.76,0.00,0.00
488,16,10963.33,175425.29,153499.63,0.00,21925.66,1.58,0.00,0.00
489,16,10914.40,174641.39,152811.59,0.00,21829.80,1.64,0.00,0.00
490,16,10941.37,175023.85,153142.12,0.00,21881.73,1.61,0.00,0.00
491,16,10717.63,171505.11,150068.85,0.00,21436.26,1.76,0.00,0.00
492,16,10886.25,174203.01,152430.51,0.00,21772.50,1.67,0.00,0.00
493,16,10950.79,175173.66,153273.08,0.00,21900.58,1.58,0.00,0.00
494,16,10762.42,172237.77,150711.93,0.00,21525.85,1.79,0.00,0.00
495,16,10886.44,174158.02,152385.14,0.00,21772.88,1.70,0.00,0.00
496,16,10937.15,174998.32,153124.03,0.00,21874.29,1.58,0.00,0.00
497,16,10878.48,174057.75,152299.78,0.00,21757.97,1.67,0.00,0.00
498,16,10908.40,174546.33,152730.54,0.00,21815.79,1.70,0.00,0.00
499,16,10805.01,172879.13,151270.11,0.00,21609.02,1.76,0.00,0.00
500,16,10815.10,173049.62,151418.42,0.00,21631.20,1.73,0.00,0.00
501,16,10928.21,174806.29,152950.88,0.00,21855.41,1.61,0.00,0.00
502,16,10585.12,169413.89,148242.66,0.00,21171.24,1.79,0.00,0.00
503,16,10826.97,173230.56,151576.62,0.00,21653.95,1.70,0.00,0.00
504,16,10893.80,174242.76,152456.16,0.00,21786.59,1.67,0.00,0.00
505,16,10817.94,173136.98,151500.11,0.00,21636.87,1.76,0.00,0.00
506,16,10967.20,175440.17,153505.78,0.00,21934.40,1.61,0.00,0.00
507,16,10922.81,174805.00,152959.38,0.00,21845.63,1.61,0.00,0.00
508,16,10858.86,173704.77,151987.05,0.00,21717.72,1.70,0.00,0.00
509,16,10827.05,173237.88,151583.77,0.00,21654.11,1.70,0.00,0.00
510,16,10852.12,173640.85,151937.62,0.00,21703.23,1.73,0.00,0.00
511,16,10777.96,172466.36,150909.44,0.00,21556.92,1.73,0.00,0.00
512,16,10756.98,172089.66,150575.70,0.00,21513.96,1.76,0.00,0.00
513,16,10856.15,173737.48,152025.17,0.00,21712.31,1.67,0.00,0.00
514,16,10765.75,172218.02,150686.52,0.00,21531.50,1.79,0.00,0.00
515,16,10838.13,173394.06,151718.80,0.00,21675.26,1.73,0.00,0.00
516,16,10697.93,171171.89,149776.03,0.00,21395.86,1.79,0.00,0.00
517,16,10935.76,174961.23,153089.70,0.00,21871.53,1.61,0.00,0.00
518,16,10967.29,175475.59,153541.02,0.00,21934.57,1.61,0.00,0.00
519,16,10933.65,174957.39,153089.09,0.00,21868.30,1.61,0.00,0.00
520,16,10880.37,174074.91,152315.17,0.00,21759.74,1.70,0.00,0.00
521,16,10901.81,174441.88,152637.27,0.00,21804.61,1.58,0.00,0.00
522,16,10817.55,173088.73,151453.64,0.00,21635.09,1.73,0.00,0.00
523,16,10704.49,171246.86,149839.88,0.00,21406.98,1.79,0.00,0.00
524,16,10877.08,174039.33,152283.16,0.00,21756.17,1.70,0.00,0.00
525,16,10987.18,175837.94,153863.58,0.00,21974.37,1.58,0.00,0.00
526,16,10860.17,173704.71,151984.37,0.00,21720.34,1.73,0.00,0.00
527,16,10883.87,174169.99,152402.24,0.00,21767.75,1.67,0.00,0.00
528,16,10753.83,172090.21,150582.56,0.00,21507.65,1.76,0.00,0.00
529,16,10898.19,174351.96,152555.59,0.00,21796.37,1.67,0.00,0.00
530,16,10882.08,174096.24,152334.08,0.00,21762.15,1.70,0.00,0.00
531,16,10864.67,173858.71,152128.37,0.00,21730.34,1.67,0.00,0.00
532,16,10855.18,173667.89,151956.53,0.00,21711.36,1.70,0.00,0.00
533,16,10888.07,174223.18,152447.03,0.00,21776.15,1.67,0.00,0.00
534,16,10868.99,173891.84,152154.86,0.00,21736.98,1.73,0.00,0.00
535,16,10810.45,172975.24,151353.33,0.00,21621.90,1.73,0.00,0.00
536,16,10922.45,174725.23,152880.33,0.00,21844.90,1.64,0.00,0.00
537,16,10870.07,173939.13,152199.99,0.00,21739.14,1.70,0.00,0.00
538,16,10685.85,170999.60,149626.90,0.00,21372.70,1.82,0.00,0.00
539,16,10852.31,173630.97,151927.35,0.00,21703.62,1.70,0.00,0.00
540,16,10833.74,173347.85,151680.37,0.00,21667.48,1.70,0.00,0.00
541,16,10933.02,174897.26,153030.23,0.00,21867.03,1.67,0.00,0.00
542,16,10958.81,175332.01,153415.38,0.00,21916.63,1.64,0.00,0.00
543,16,10800.51,172848.21,151246.18,0.00,21602.03,1.76,0.00,0.00
544,16,10890.65,174210.46,152429.15,0.00,21781.31,1.67,0.00,0.00
545,16,10881.02,174117.29,152355.25,0.00,21762.04,1.67,0.00,0.00
546,16,10815.19,173009.04,151379.66,0.00,21629.38,1.73,0.00,0.00
547,16,10915.63,174643.07,152811.81,0.00,21831.26,1.64,0.00,0.00
548,16,10682.36,170915.82,149552.09,0.00,21363.73,1.79,0.00,0.00
549,16,10914.29,174677.62,152848.04,0.00,21829.58,1.64,0.00,0.00
550,16,10935.81,174964.00,153092.38,0.00,21871.63,1.61,0.00,0.00
551,16,10519.97,168298.53,147258.59,0.00,21039.94,1.82,0.00,0.00
552,16,10864.66,173845.61,152117.28,0.00,21728.33,1.70,0.00,0.00
553,16,10726.90,171618.35,150163.55,0.00,21454.79,1.79,0.00,0.00
554,16,10585.09,169361.42,148191.24,0.00,21170.18,1.82,0.00,0.00
555,16,10819.34,173113.49,151473.80,0.00,21639.69,1.70,0.00,0.00
556,16,10805.84,172916.44,151304.76,0.00,21611.68,1.73,0.00,0.00
557,16,10920.71,174721.37,152879.95,0.00,21841.42,1.64,0.00,0.00
558,16,10549.20,168803.22,147704.82,0.00,21098.40,1.82,0.00,0.00
559,16,10933.68,174922.86,153054.50,0.00,21868.36,1.61,0.00,0.00
560,16,10819.31,173122.00,151484.37,0.00,21637.62,1.70,0.00,0.00
561,16,10932.98,174933.73,153067.76,0.00,21865.97,1.64,0.00,0.00
562,16,10865.93,173850.86,152120.00,0.00,21730.86,1.70,0.00,0.00
563,16,10818.01,173062.16,151426.14,0.00,21636.02,1.73,0.00,0.00
564,16,10951.07,175224.18,153321.03,0.00,21903.15,1.58,0.00,0.00
565,16,10976.30,175634.83,153682.22,0.00,21952.60,1.58,0.00,0.00
566,16,10896.66,174321.62,152528.29,0.00,21793.33,1.73,0.00,0.00
567,16,10834.98,173384.75,151715.78,0.00,21668.97,1.70,0.00,0.00
568,16,10848.28,173586.44,151887.89,0.00,21698.56,1.70,0.00,0.00
569,16,10865.15,173841.45,152112.14,0.00,21729.31,1.67,0.00,0.00
570,16,11024.72,176326.54,154278.09,0.00,22048.44,1.55,0.00,0.00
571,16,10612.23,169839.68,148615.22,0.00,21224.46,1.79,0.00,0.00
572,16,10891.80,174288.85,152504.24,0.00,21784.61,1.67,0.00,0.00
573,16,10833.74,173316.79,151649.31,0.00,21667.47,1.76,0.00,0.00
574,16,10890.71,174261.33,152479.92,0.00,21781.42,1.70,0.00,0.00
575,16,10825.69,173203.97,151552.60,0.00,21651.37,1.70,0.00,0.00
576,16,10874.82,173969.05,152219.42,0.00,21749.63,1.67,0.00,0.00
577,16,10890.10,174295.56,152515.37,0.00,21780.20,1.64,0.00,0.00
578,16,10755.98,172051.70,150539.74,0.00,21511.96,1.76,0.00,0.00
579,16,10851.87,173657.99,151955.24,0.00,21702.75,1.70,0.00,0.00
580,16,10886.22,174193.47,152420.03,0.00,21773.43,1.67,0.00,0.00
581,16,10962.59,175383.42,153458.25,0.00,21925.18,1.58,0.00,0.00
582,16,10961.12,175380.91,153459.67,0.00,21921.24,1.61,0.00,0.00
583,16,10859.11,173738.74,152019.53,0.00,21719.22,1.67,0.00,0.00
584,16,10857.55,173733.77,152018.67,0.00,21715.10,1.70,0.00,0.00
585,16,10933.91,174945.54,153077.72,0.00,21867.82,1.61,0.00,0.00
586,16,10858.75,173746.02,152028.51,0.00,21717.50,1.73,0.00,0.00
587,16,10732.62,171710.86,150245.62,0.00,21465.23,1.79,0.00,0.00
588,16,10948.09,175130.43,153234.25,0.00,21896.18,1.58,0.00,0.00
589,16,10897.11,174373.75,152579.53,0.00,21794.22,1.70,0.00,0.00
590,16,10884.96,174165.37,152395.45,0.00,21769.92,1.70,0.00,0.00
591,16,10746.91,171987.63,150493.80,0.00,21493.83,1.79,0.00,0.00
592,16,10795.98,172692.68,151100.72,0.00,21591.96,1.73,0.00,0.00
593,16,10771.22,172341.51,150800.07,0.00,21541.44,1.76,0.00,0.00
594,16,10821.87,173150.86,151506.13,0.00,21644.73,1.73,0.00,0.00
595,16,10888.94,174238.10,152460.21,0.00,21777.89,1.67,0.00,0.00
596,16,10850.24,173577.86,151879.38,0.00,21698.48,1.73,0.00,0.00
597,16,10910.07,174569.11,152746.97,0.00,21822.14,1.64,0.00,0.00
598,16,10771.68,172358.91,150816.55,0.00,21542.36,1.76,0.00,0.00
599,16,10804.79,172868.58,151258.00,0.00,21610.57,1.76,0.00,0.00
SQL statistics:
    queries performed:
        read:                            90592278
        write:                           0
        other:                           12941754
        total:                           103534032
    transactions:                        6470877 (10784.73 per sec.)
    queries:                             103534032 (172555.66 per sec.)
    ignored errors:                      0      (0.00 per sec.)
    reconnects:                          0      (0.00 per sec.)

General statistics:
    total time:                          600.0023s
    total number of events:              6470877

Latency (ms):
         min:                                    1.18
         avg:                                    1.48
         max:                                    4.43
         95th percentile:                        1.73
         sum:                              9589185.81

Threads fairness:
    events (avg/stddev):           404429.8125/791.57
    execution time (avg/stddev):   599.3241/0.01

