[2021-08-30T12:59:57+0000]: Warming up the instance after restart
[2021-08-30T12:59:57+0000]: Running select avg(id) from sbtest1 FORCE KEY (PRIMARY)
mysql: [Warning] Using a password on the command line interface can be insecure.
avg(id)
25000000.5000
[2021-08-30T13:00:10+0000]: Running select avg(id) from sbtest2 FORCE KEY (PRIMARY)
mysql: [Warning] Using a password on the command line interface can be insecure.
avg(id)
25000000.5000
[2021-08-30T13:00:28+0000]: Running select avg(id) from sbtest3 FORCE KEY (PRIMARY)
mysql: [Warning] Using a password on the command line interface can be insecure.
avg(id)
25000000.5000
[2021-08-30T13:00:46+0000]: Running select avg(id) from sbtest4 FORCE KEY (PRIMARY)
mysql: [Warning] Using a password on the command line interface can be insecure.
avg(id)
25000000.5000
[2021-08-30T13:01:04+0000]: Running OLTP_RO for 600 seconds
[2021-08-30T13:01:04+0000]: Running sysbench test with following arguments
[2021-08-30T13:01:04+0000]: test: oltp_read_only; threads: 16; duration: 600; label: warmup
[2021-08-30T13:01:04+0000]: logfile: /opt/performance/glibc-217.warmup.oltp_read_only.16.2021-08-30_130104.log
[2021-08-30T13:11:04+0000]: ============================================================
[2021-08-30T13:11:04+0000]:  Starting test run: oltp_read_only at 16 threads
[2021-08-30T13:11:04+0000]: ============================================================
[2021-08-30T13:11:04+0000]: Running sysbench test with following arguments
[2021-08-30T13:11:04+0000]: test: oltp_read_only; threads: 16; duration: 300; label: run
[2021-08-30T13:11:04+0000]: logfile: /opt/performance/glibc-217.run.oltp_read_only.16.2021-08-30_131104.log
[2021-08-30T13:16:05+0000]: ============================================================
[2021-08-30T13:16:05+0000]:  Starting test run: oltp_read_only at 64 threads
[2021-08-30T13:16:05+0000]: ============================================================
[2021-08-30T13:16:05+0000]: Running sysbench test with following arguments
[2021-08-30T13:16:05+0000]: test: oltp_read_only; threads: 64; duration: 300; label: run
[2021-08-30T13:16:05+0000]: logfile: /opt/performance/glibc-217.run.oltp_read_only.64.2021-08-30_131605.log
[2021-08-30T13:21:05+0000]: ============================================================
[2021-08-30T13:21:05+0000]:  Starting test run: oltp_read_only at 128 threads
[2021-08-30T13:21:05+0000]: ============================================================
[2021-08-30T13:21:05+0000]: Running sysbench test with following arguments
[2021-08-30T13:21:05+0000]: test: oltp_read_only; threads: 128; duration: 300; label: run
[2021-08-30T13:21:05+0000]: logfile: /opt/performance/glibc-217.run.oltp_read_only.128.2021-08-30_132105.log
[2021-08-30T13:26:05+0000]: ============================================================
[2021-08-30T13:26:05+0000]:  Starting test run: oltp_read_only at 256 threads
[2021-08-30T13:26:05+0000]: ============================================================
[2021-08-30T13:26:05+0000]: Running sysbench test with following arguments
[2021-08-30T13:26:05+0000]: test: oltp_read_only; threads: 256; duration: 300; label: run
[2021-08-30T13:26:05+0000]: logfile: /opt/performance/glibc-217.run.oltp_read_only.256.2021-08-30_132605.log
[2021-08-30T13:31:05+0000]: ============================================================
[2021-08-30T13:31:05+0000]:  Starting test run: oltp_read_only at 512 threads
[2021-08-30T13:31:05+0000]: ============================================================
[2021-08-30T13:31:05+0000]: Running sysbench test with following arguments
[2021-08-30T13:31:05+0000]: test: oltp_read_only; threads: 512; duration: 300; label: run
[2021-08-30T13:31:05+0000]: logfile: /opt/performance/glibc-217.run.oltp_read_only.512.2021-08-30_133105.log
[2021-08-30T13:36:05+0000]: ============================================================
[2021-08-30T13:36:05+0000]:  Starting test run: oltp_read_only at 1024 threads
[2021-08-30T13:36:05+0000]: ============================================================
[2021-08-30T13:36:05+0000]: Running sysbench test with following arguments
[2021-08-30T13:36:05+0000]: test: oltp_read_only; threads: 1024; duration: 300; label: run
[2021-08-30T13:36:05+0000]: logfile: /opt/performance/glibc-217.run.oltp_read_only.1024.2021-08-30_133605.log
[2021-08-30T13:41:06+0000]: ============================================================
[2021-08-30T13:41:06+0000]:  Starting test run: oltp_point_select at 16 threads
[2021-08-30T13:41:06+0000]: ============================================================
[2021-08-30T13:41:06+0000]: Running sysbench test with following arguments
[2021-08-30T13:41:06+0000]: test: oltp_point_select; threads: 16; duration: 300; label: run
[2021-08-30T13:41:06+0000]: logfile: /opt/performance/glibc-217.run.oltp_point_select.16.2021-08-30_134106.log
[2021-08-30T13:46:06+0000]: ============================================================
[2021-08-30T13:46:06+0000]:  Starting test run: oltp_point_select at 64 threads
[2021-08-30T13:46:06+0000]: ============================================================
[2021-08-30T13:46:06+0000]: Running sysbench test with following arguments
[2021-08-30T13:46:06+0000]: test: oltp_point_select; threads: 64; duration: 300; label: run
[2021-08-30T13:46:06+0000]: logfile: /opt/performance/glibc-217.run.oltp_point_select.64.2021-08-30_134606.log
[2021-08-30T13:51:06+0000]: ============================================================
[2021-08-30T13:51:06+0000]:  Starting test run: oltp_point_select at 128 threads
[2021-08-30T13:51:06+0000]: ============================================================
[2021-08-30T13:51:06+0000]: Running sysbench test with following arguments
[2021-08-30T13:51:06+0000]: test: oltp_point_select; threads: 128; duration: 300; label: run
[2021-08-30T13:51:06+0000]: logfile: /opt/performance/glibc-217.run.oltp_point_select.128.2021-08-30_135106.log
[2021-08-30T13:56:06+0000]: ============================================================
[2021-08-30T13:56:06+0000]:  Starting test run: oltp_point_select at 256 threads
[2021-08-30T13:56:06+0000]: ============================================================
[2021-08-30T13:56:06+0000]: Running sysbench test with following arguments
[2021-08-30T13:56:06+0000]: test: oltp_point_select; threads: 256; duration: 300; label: run
[2021-08-30T13:56:06+0000]: logfile: /opt/performance/glibc-217.run.oltp_point_select.256.2021-08-30_135606.log
[2021-08-30T14:01:07+0000]: ============================================================
[2021-08-30T14:01:07+0000]:  Starting test run: oltp_point_select at 512 threads
[2021-08-30T14:01:07+0000]: ============================================================
[2021-08-30T14:01:07+0000]: Running sysbench test with following arguments
[2021-08-30T14:01:07+0000]: test: oltp_point_select; threads: 512; duration: 300; label: run
[2021-08-30T14:01:07+0000]: logfile: /opt/performance/glibc-217.run.oltp_point_select.512.2021-08-30_140107.log
[2021-08-30T14:06:07+0000]: ============================================================
[2021-08-30T14:06:07+0000]:  Starting test run: oltp_point_select at 1024 threads
[2021-08-30T14:06:07+0000]: ============================================================
[2021-08-30T14:06:07+0000]: Running sysbench test with following arguments
[2021-08-30T14:06:07+0000]: test: oltp_point_select; threads: 1024; duration: 300; label: run
[2021-08-30T14:06:07+0000]: logfile: /opt/performance/glibc-217.run.oltp_point_select.1024.2021-08-30_140607.log
