sysbench 1.0.20 (using bundled LuaJIT 2.1.0-beta2)

Running the test with following options:
Number of threads: 1024
Report intermediate results every 1 second(s)
Initializing random number generator from current time


Initializing worker threads...

Threads started!

1,1024,7987.67,135341.01,118556.65,0.00,16784.36,530.08,0.00,0.00
2,1024,19566.19,313932.95,274785.14,0.00,39147.81,314.45,0.00,0.00
3,1024,16825.59,268698.91,235169.08,0.00,33529.83,262.64,0.00,0.00
4,1024,14505.59,232521.46,203488.28,0.00,29033.18,253.35,0.00,0.00
5,1024,13891.16,221953.51,194175.19,0.00,27778.31,80.03,0.00,0.00
6,1024,13928.64,222704.24,194849.96,0.00,27854.28,81.48,0.00,0.00
7,1024,13900.68,222804.78,194997.42,0.00,27807.36,81.48,0.00,0.00
8,1024,13891.29,222366.62,194581.05,0.00,27785.58,80.03,0.00,0.00
9,1024,13803.67,220864.77,193256.42,0.00,27608.35,80.03,0.00,0.00
10,1024,13707.68,219398.80,191976.45,0.00,27422.35,81.48,0.00,0.00
11,1024,13968.54,223270.53,195339.46,0.00,27931.07,80.03,0.00,0.00
12,1024,13980.43,223695.86,195736.00,0.00,27959.86,80.03,0.00,0.00
13,1024,13974.59,223620.46,195669.28,0.00,27951.18,80.03,0.00,0.00
14,1024,13978.40,223689.46,195729.65,0.00,27959.81,80.03,0.00,0.00
15,1024,13992.56,223736.96,195765.84,0.00,27971.12,80.03,0.00,0.00
16,1024,15905.05,254270.76,222458.66,0.00,31812.09,277.21,0.00,0.00
17,1024,13997.29,224260.64,196258.06,0.00,28002.58,81.48,0.00,0.00
18,1024,15450.41,246629.51,215724.69,0.00,30904.82,97.55,0.00,0.00
19,1024,14473.16,232004.58,203066.25,0.00,28938.33,253.35,0.00,0.00
20,1024,13988.08,223824.29,195851.13,0.00,27973.16,78.60,0.00,0.00
21,1024,13983.98,223806.64,195831.68,0.00,27974.96,78.60,0.00,0.00
22,1024,13985.26,223834.14,195866.63,0.00,27967.52,80.03,0.00,0.00
23,1024,14009.21,223957.44,195933.01,0.00,28024.43,78.60,0.00,0.00
24,1024,14057.58,225116.30,197007.14,0.00,28109.16,86.00,0.00,0.00
25,1024,13995.05,223729.81,195749.71,0.00,27980.10,80.03,0.00,0.00
26,1024,13984.48,223835.61,195856.66,0.00,27978.95,81.48,0.00,0.00
27,1024,13992.46,223815.42,195840.49,0.00,27974.93,81.48,0.00,0.00
28,1024,13983.08,223717.35,195740.18,0.00,27977.17,80.03,0.00,0.00
29,1024,13991.98,223888.73,195908.77,0.00,27979.97,80.03,0.00,0.00
30,1024,13983.37,223731.88,195766.14,0.00,27965.73,80.03,0.00,0.00
31,1024,13979.92,223850.70,195885.86,0.00,27964.84,80.03,0.00,0.00
32,1024,13994.26,223812.09,195820.58,0.00,27991.51,80.03,0.00,0.00
33,1024,13985.81,223872.97,195900.35,0.00,27972.62,80.03,0.00,0.00
34,1024,13982.49,223729.86,195775.88,0.00,27953.98,78.60,0.00,0.00
35,1024,13981.16,223810.52,195839.21,0.00,27971.32,80.03,0.00,0.00
36,1024,14001.60,223798.60,195797.40,0.00,28001.20,82.96,0.00,0.00
37,1024,13991.14,223782.17,195810.90,0.00,27971.27,82.96,0.00,0.00
38,1024,13987.11,223820.75,195849.53,0.00,27971.22,82.96,0.00,0.00
39,1024,13979.50,223804.03,195824.02,0.00,27980.00,81.48,0.00,0.00
40,1024,13987.26,223836.15,195862.63,0.00,27973.52,81.48,0.00,0.00
41,1024,14004.20,223770.10,195762.71,0.00,28007.39,81.48,0.00,0.00
42,1024,13968.29,223752.60,195817.03,0.00,27935.58,81.48,0.00,0.00
43,1024,13993.66,223776.56,195791.24,0.00,27985.32,81.48,0.00,0.00
44,1024,13977.70,223672.26,195722.85,0.00,27949.41,80.03,0.00,0.00
45,1024,13989.66,223748.56,195763.24,0.00,27985.33,80.03,0.00,0.00
46,1024,13974.09,223659.44,195718.26,0.00,27941.18,80.03,0.00,0.00
47,1024,13978.61,223630.83,195662.60,0.00,27968.23,80.03,0.00,0.00
48,1024,13972.74,223673.83,195732.36,0.00,27941.47,80.03,0.00,0.00
49,1024,13994.35,223773.64,195785.94,0.00,27987.70,80.03,0.00,0.00
50,1024,13973.92,223745.76,195795.91,0.00,27949.84,80.03,0.00,0.00
51,1024,14054.06,224440.83,196350.72,0.00,28090.11,81.48,0.00,0.00
52,1024,15812.24,253384.88,221748.40,0.00,31636.49,282.25,0.00,0.00
53,1024,14000.47,223895.63,195884.68,0.00,28010.95,81.48,0.00,0.00
54,1024,13992.87,223829.91,195852.18,0.00,27977.74,80.03,0.00,0.00
55,1024,13984.35,223916.58,195950.88,0.00,27965.69,80.03,0.00,0.00
56,1024,15044.79,240215.69,210139.10,0.00,30076.59,161.51,0.00,0.00
57,1024,15833.56,253793.01,222109.88,0.00,31683.13,267.41,0.00,0.00
58,1024,14017.86,224305.69,196264.98,0.00,28040.71,81.48,0.00,0.00
59,1024,13996.14,223865.23,195874.95,0.00,27990.28,81.48,0.00,0.00
60,1024,13989.01,223894.09,195913.08,0.00,27981.01,80.03,0.00,0.00
61,1024,13980.92,223895.66,195936.83,0.00,27958.83,80.03,0.00,0.00
62,1024,14007.53,223829.56,195821.49,0.00,28008.07,82.96,0.00,0.00
63,1024,13995.86,223889.80,195902.08,0.00,27987.73,80.03,0.00,0.00
64,1024,14002.57,224131.15,196117.01,0.00,28014.14,81.48,0.00,0.00
65,1024,13982.22,223789.51,195827.08,0.00,27962.44,80.03,0.00,0.00
66,1024,14000.51,223850.22,195857.19,0.00,27993.03,81.48,0.00,0.00
67,1024,13990.80,223769.85,195780.25,0.00,27989.61,81.48,0.00,0.00
68,1024,13976.93,223878.88,195919.02,0.00,27959.86,80.03,0.00,0.00
69,1024,13985.82,223746.18,195779.53,0.00,27966.65,81.48,0.00,0.00
70,1024,13990.77,223830.39,195846.85,0.00,27983.55,81.48,0.00,0.00
71,1024,13976.10,223521.63,195564.42,0.00,27957.21,82.96,0.00,0.00
72,1024,15900.73,254595.62,222810.17,0.00,31785.45,282.25,0.00,0.00
73,1024,13997.25,223791.08,195794.58,0.00,27996.51,80.03,0.00,0.00
74,1024,15848.11,253683.79,221977.56,0.00,31706.22,272.27,0.00,0.00
75,1024,13992.65,223844.45,195860.15,0.00,27984.31,80.03,0.00,0.00
76,1024,14015.20,224203.27,196177.86,0.00,28025.41,80.03,0.00,0.00
77,1024,13989.76,223838.14,195863.62,0.00,27974.52,78.60,0.00,0.00
78,1024,13988.16,223771.63,195788.30,0.00,27983.33,78.60,0.00,0.00
79,1024,14154.54,225716.67,197401.58,0.00,28315.09,99.33,0.00,0.00
80,1024,14088.11,226113.87,197942.65,0.00,28171.23,112.67,0.00,0.00
81,1024,13949.15,223349.36,195448.06,0.00,27901.30,80.03,0.00,0.00
82,1024,13952.67,223289.77,195388.43,0.00,27901.34,80.03,0.00,0.00
83,1024,13967.18,223437.90,195501.53,0.00,27936.36,80.03,0.00,0.00
84,1024,13980.80,223653.81,195691.21,0.00,27962.60,80.03,0.00,0.00
85,1024,13963.02,223658.22,195731.18,0.00,27927.04,81.48,0.00,0.00
86,1024,13997.46,223662.30,195669.38,0.00,27992.92,82.96,0.00,0.00
87,1024,13979.56,223733.93,195772.81,0.00,27961.12,81.48,0.00,0.00
88,1024,14852.20,237613.21,207906.81,0.00,29706.40,114.72,0.00,0.00
89,1024,15401.14,246105.28,215303.99,0.00,30801.29,89.16,0.00,0.00
90,1024,14379.26,230360.18,201600.66,0.00,28759.52,219.36,0.00,0.00
91,1024,13978.42,223897.70,195940.86,0.00,27956.84,81.48,0.00,0.00
92,1024,14011.52,223881.26,195868.23,0.00,28013.03,80.03,0.00,0.00
93,1024,13988.60,223850.65,195880.45,0.00,27970.21,81.48,0.00,0.00
94,1024,15735.06,252039.99,220550.87,0.00,31489.12,253.35,0.00,0.00
95,1024,14111.04,225475.66,197264.58,0.00,28211.08,80.03,0.00,0.00
96,1024,13974.88,223806.09,195849.32,0.00,27956.76,78.60,0.00,0.00
97,1024,13997.82,223901.16,195902.51,0.00,27998.64,78.60,0.00,0.00
98,1024,14007.00,223851.86,195849.87,0.00,28001.99,78.60,0.00,0.00
99,1024,14423.11,229094.80,200224.57,0.00,28870.23,123.28,0.00,0.00
100,1024,14250.66,230064.58,201578.25,0.00,28486.33,153.02,0.00,0.00
101,1024,14004.78,223702.48,195701.92,0.00,28000.56,80.03,0.00,0.00
102,1024,13963.00,223492.93,195566.94,0.00,27925.99,81.48,0.00,0.00
103,1024,14167.91,226248.58,197917.75,0.00,28330.83,80.03,0.00,0.00
104,1024,15645.91,250953.45,219652.64,0.00,31300.81,277.21,0.00,0.00
105,1024,14001.78,224082.41,196078.86,0.00,28003.55,82.96,0.00,0.00
106,1024,14002.11,223920.84,195910.61,0.00,28010.23,82.96,0.00,0.00
107,1024,15335.19,245109.95,214435.58,0.00,30674.37,86.00,0.00,0.00
108,1024,14494.80,232194.70,203221.11,0.00,28973.59,240.02,0.00,0.00
109,1024,14005.25,223929.95,195916.46,0.00,28013.49,80.03,0.00,0.00
110,1024,13991.60,223998.69,196012.48,0.00,27986.21,81.48,0.00,0.00
111,1024,14008.07,224026.07,196009.93,0.00,28016.13,82.96,0.00,0.00
112,1024,13984.05,223943.77,195974.67,0.00,27969.10,82.96,0.00,0.00
113,1024,13993.68,223888.83,195897.48,0.00,27991.36,81.48,0.00,0.00
114,1024,13999.15,223969.44,195976.14,0.00,27993.31,80.03,0.00,0.00
115,1024,14006.29,223909.58,195898.00,0.00,28011.57,81.48,0.00,0.00
116,1024,13985.10,223910.68,195934.47,0.00,27976.21,80.03,0.00,0.00
117,1024,14003.80,223911.80,195908.20,0.00,28003.60,81.48,0.00,0.00
118,1024,13995.80,223904.81,195915.21,0.00,27989.60,80.03,0.00,0.00
119,1024,14051.39,224466.26,196369.48,0.00,28096.78,78.60,0.00,0.00
120,1024,15839.61,253930.67,222240.45,0.00,31690.22,282.25,0.00,0.00
121,1024,13984.84,223971.43,195999.75,0.00,27971.67,80.03,0.00,0.00
122,1024,14010.78,223996.46,195976.90,0.00,28019.56,80.03,0.00,0.00
123,1024,13993.38,223897.08,195917.32,0.00,27979.76,82.96,0.00,0.00
124,1024,14002.87,223984.93,195966.19,0.00,28018.74,81.48,0.00,0.00
125,1024,14003.32,223934.06,195936.43,0.00,27997.63,80.03,0.00,0.00
126,1024,13983.07,223919.08,195948.95,0.00,27970.13,78.60,0.00,0.00
127,1024,13991.26,223935.14,195946.62,0.00,27988.52,78.60,0.00,0.00
128,1024,13999.28,223901.45,195911.89,0.00,27989.56,80.03,0.00,0.00
129,1024,14509.13,231015.14,202004.87,0.00,29010.27,80.03,0.00,0.00
130,1024,15322.69,246180.03,215524.65,0.00,30655.38,282.25,0.00,0.00
131,1024,14109.02,222140.65,193898.60,0.00,28242.05,81.48,0.00,0.00
132,1024,14251.29,231802.94,203324.36,0.00,28478.57,164.45,0.00,0.00
133,1024,13998.11,223718.70,195721.49,0.00,27997.21,81.48,0.00,0.00
134,1024,13955.17,223586.64,195676.31,0.00,27910.33,82.96,0.00,0.00
135,1024,13976.76,223669.18,195715.66,0.00,27953.52,84.47,0.00,0.00
136,1024,14002.14,223689.25,195687.97,0.00,28001.28,82.96,0.00,0.00
137,1024,13964.52,223628.30,195700.26,0.00,27928.04,82.96,0.00,0.00
138,1024,13989.52,223724.24,195746.21,0.00,27978.03,86.00,0.00,0.00
139,1024,13976.64,223669.21,195717.93,0.00,27951.28,84.47,0.00,0.00
140,1024,13983.06,223654.88,195690.77,0.00,27964.11,84.47,0.00,0.00
141,1024,13990.46,223739.32,195753.41,0.00,27985.91,81.48,0.00,0.00
142,1024,13960.64,223614.20,195700.93,0.00,27913.27,81.48,0.00,0.00
143,1024,13969.79,223694.60,195739.02,0.00,27955.58,81.48,0.00,0.00
144,1024,13988.36,223655.72,195680.00,0.00,27975.72,80.03,0.00,0.00
145,1024,13982.30,223600.80,195648.20,0.00,27952.60,80.03,0.00,0.00
146,1024,13980.32,223762.13,195796.48,0.00,27965.64,80.03,0.00,0.00
147,1024,13989.78,223651.45,195671.89,0.00,27979.56,80.03,0.00,0.00
148,1024,13976.74,223749.86,195794.38,0.00,27955.48,80.03,0.00,0.00
149,1024,13990.19,223695.11,195717.72,0.00,27977.39,80.03,0.00,0.00
150,1024,13963.16,223714.63,195779.31,0.00,27935.33,80.03,0.00,0.00
151,1024,13983.24,223731.78,195772.31,0.00,27959.47,80.03,0.00,0.00
152,1024,13990.33,223690.27,195708.61,0.00,27981.66,81.48,0.00,0.00
153,1024,13972.15,223586.44,195649.14,0.00,27937.31,80.03,0.00,0.00
154,1024,13973.18,223702.96,195749.59,0.00,27953.37,80.03,0.00,0.00
155,1024,14006.38,223516.17,195506.41,0.00,28009.76,78.60,0.00,0.00
156,1024,15915.60,255368.49,223542.29,0.00,31826.19,287.38,0.00,0.00
157,1024,14018.76,224002.02,195961.51,0.00,28040.51,81.48,0.00,0.00
158,1024,13998.67,224073.66,196071.33,0.00,28002.33,81.48,0.00,0.00
159,1024,13991.34,223881.42,195904.75,0.00,27976.68,80.03,0.00,0.00
160,1024,14035.17,224473.65,196396.32,0.00,28077.33,81.48,0.00,0.00
161,1024,13990.92,223828.74,195856.90,0.00,27971.84,78.60,0.00,0.00
162,1024,13980.19,223873.10,195894.72,0.00,27978.39,78.60,0.00,0.00
163,1024,14006.67,223903.65,195905.32,0.00,27998.33,78.60,0.00,0.00
164,1024,13990.47,223888.59,195898.64,0.00,27989.95,80.03,0.00,0.00
165,1024,14000.81,223903.95,195907.33,0.00,27996.62,80.03,0.00,0.00
166,1024,13989.98,223777.67,195798.71,0.00,27978.96,80.03,0.00,0.00
167,1024,13984.09,223919.40,195951.22,0.00,27968.17,80.03,0.00,0.00
168,1024,13981.11,223825.74,195859.52,0.00,27966.22,78.60,0.00,0.00
169,1024,14002.82,223919.10,195914.46,0.00,28004.64,80.03,0.00,0.00
170,1024,13990.05,223840.84,195867.74,0.00,27973.11,80.03,0.00,0.00
171,1024,13978.99,223834.79,195869.82,0.00,27964.97,80.03,0.00,0.00
172,1024,14014.49,224033.84,196013.86,0.00,28019.98,78.60,0.00,0.00
173,1024,13975.47,223797.47,195835.53,0.00,27961.93,78.60,0.00,0.00
174,1024,14003.44,223849.95,195847.08,0.00,28002.87,78.60,0.00,0.00
175,1024,13977.84,223866.54,195909.85,0.00,27956.69,77.19,0.00,0.00
176,1024,13994.54,223755.70,195774.62,0.00,27981.09,77.19,0.00,0.00
177,1024,13999.65,223852.33,195845.04,0.00,28007.29,78.60,0.00,0.00
178,1024,13972.74,223856.89,195907.40,0.00,27949.49,78.60,0.00,0.00
179,1024,13982.82,223768.06,195806.42,0.00,27961.63,78.60,0.00,0.00
180,1024,14004.28,223813.52,195811.95,0.00,28001.57,78.60,0.00,0.00
181,1024,13987.49,223876.86,195896.88,0.00,27979.98,78.60,0.00,0.00
182,1024,13987.86,223765.82,195788.09,0.00,27977.73,78.60,0.00,0.00
183,1024,14206.33,223973.18,195534.52,0.00,28438.66,78.60,0.00,0.00
184,1024,15520.86,251485.74,220466.02,0.00,31019.72,262.64,0.00,0.00
185,1024,14035.60,224657.56,196589.37,0.00,28068.20,82.96,0.00,0.00
186,1024,13976.54,223708.61,195762.53,0.00,27946.08,81.48,0.00,0.00
187,1024,13993.29,223844.59,195849.02,0.00,27995.57,82.96,0.00,0.00
188,1024,13989.08,223831.29,195855.13,0.00,27976.16,81.48,0.00,0.00
189,1024,13980.99,223859.89,195894.91,0.00,27964.99,81.48,0.00,0.00
190,1024,13996.64,223829.16,195836.89,0.00,27992.27,80.03,0.00,0.00
191,1024,13985.83,223779.32,195807.65,0.00,27971.66,80.03,0.00,0.00
192,1024,13987.28,223831.49,195864.93,0.00,27966.56,78.60,0.00,0.00
193,1024,13997.12,223809.86,195821.63,0.00,27988.23,78.60,0.00,0.00
194,1024,13984.00,223802.00,195830.00,0.00,27972.00,78.60,0.00,0.00
195,1024,13984.48,223889.61,195912.66,0.00,27976.95,80.03,0.00,0.00
196,1024,13981.93,223861.85,195890.00,0.00,27971.86,80.03,0.00,0.00
197,1024,14003.48,223758.68,195758.72,0.00,27999.96,80.03,0.00,0.00
198,1024,13982.14,223823.23,195856.95,0.00,27966.28,78.60,0.00,0.00
199,1024,13991.58,223803.28,195826.12,0.00,27977.16,80.03,0.00,0.00
200,1024,13985.51,223851.12,195875.10,0.00,27976.01,80.03,0.00,0.00
201,1024,13984.71,223855.43,195882.00,0.00,27973.43,81.48,0.00,0.00
202,1024,14000.81,223775.94,195787.32,0.00,27988.62,80.03,0.00,0.00
203,1024,13986.84,223859.52,195867.83,0.00,27991.69,81.48,0.00,0.00
204,1024,13987.43,223897.85,195925.99,0.00,27971.86,81.48,0.00,0.00
205,1024,13983.17,223737.73,195781.39,0.00,27956.34,80.03,0.00,0.00
206,1024,13995.82,223848.08,195846.45,0.00,28001.64,80.03,0.00,0.00
207,1024,15221.94,242580.10,212140.22,0.00,30439.89,86.00,0.00,0.00
208,1024,14707.96,236185.36,206776.44,0.00,29408.92,282.25,0.00,0.00
209,1024,13985.94,223932.97,195953.10,0.00,27979.87,81.48,0.00,0.00
210,1024,13997.88,223930.12,195944.36,0.00,27985.77,80.03,0.00,0.00
211,1024,14000.54,223880.62,195876.55,0.00,28004.08,80.03,0.00,0.00
212,1024,13988.80,223938.79,195962.19,0.00,27976.60,80.03,0.00,0.00
213,1024,13987.74,223923.85,195939.37,0.00,27984.48,80.03,0.00,0.00
214,1024,13993.02,223919.29,195933.26,0.00,27986.04,80.03,0.00,0.00
215,1024,14318.36,228188.54,199556.83,0.00,28631.71,81.48,0.00,0.00
216,1024,15554.46,249518.37,218411.44,0.00,31106.92,277.21,0.00,0.00
217,1024,13988.72,223960.51,195981.07,0.00,27979.44,80.03,0.00,0.00
218,1024,13995.90,223916.40,195931.60,0.00,27984.80,80.03,0.00,0.00
219,1024,13995.90,223934.44,195938.63,0.00,27995.81,80.03,0.00,0.00
220,1024,13998.14,223930.27,195934.99,0.00,27995.28,80.03,0.00,0.00
221,1024,14008.52,224002.25,195991.22,0.00,28011.03,80.03,0.00,0.00
222,1024,13971.12,223881.98,195929.74,0.00,27952.25,78.60,0.00,0.00
223,1024,14013.30,223891.84,195870.24,0.00,28021.60,80.03,0.00,0.00
224,1024,13988.77,223916.25,195941.72,0.00,27974.53,80.03,0.00,0.00
225,1024,13986.49,223913.79,195940.81,0.00,27972.97,80.03,0.00,0.00
226,1024,13999.67,223866.75,195859.41,0.00,28007.34,80.03,0.00,0.00
227,1024,14005.66,223986.58,195981.25,0.00,28005.32,81.48,0.00,0.00
228,1024,13990.01,223934.08,195956.07,0.00,27978.01,84.47,0.00,0.00
229,1024,13987.06,223905.02,195929.89,0.00,27975.12,84.47,0.00,0.00
230,1024,14009.56,223933.03,195917.90,0.00,28015.13,82.96,0.00,0.00
231,1024,13981.69,223872.99,195894.62,0.00,27978.37,82.96,0.00,0.00
232,1024,14004.24,223889.90,195886.41,0.00,28003.49,81.48,0.00,0.00
233,1024,13982.07,223850.17,195886.02,0.00,27964.15,80.03,0.00,0.00
234,1024,13986.27,223808.32,195830.78,0.00,27977.54,80.03,0.00,0.00
235,1024,14004.27,223956.30,195960.76,0.00,27995.54,80.03,0.00,0.00
236,1024,13986.49,223817.82,195844.84,0.00,27972.98,80.03,0.00,0.00
237,1024,13972.66,223818.61,195864.28,0.00,27954.33,81.48,0.00,0.00
238,1024,14014.10,223879.63,195853.42,0.00,28026.21,81.48,0.00,0.00
239,1024,14606.77,232949.32,203730.78,0.00,29218.54,84.47,0.00,0.00
240,1024,15260.66,244965.48,214447.17,0.00,30518.31,282.25,0.00,0.00
241,1024,13986.20,223958.19,195978.79,0.00,27979.40,82.96,0.00,0.00
242,1024,14006.28,223965.57,195965.00,0.00,28000.57,82.96,0.00,0.00
243,1024,13993.72,223957.45,195966.02,0.00,27991.43,82.96,0.00,0.00
244,1024,14006.03,223911.37,195905.32,0.00,28006.05,82.96,0.00,0.00
245,1024,13981.01,223915.23,195947.20,0.00,27968.03,80.03,0.00,0.00
246,1024,14005.51,223936.23,195931.20,0.00,28005.03,81.48,0.00,0.00
247,1024,15224.70,242627.22,212165.81,0.00,30461.41,87.56,0.00,0.00
248,1024,14680.98,235914.67,206567.71,0.00,29346.96,287.38,0.00,0.00
249,1024,14002.79,223938.69,195926.10,0.00,28012.58,80.03,0.00,0.00
250,1024,13989.01,223949.18,195968.16,0.00,27981.02,80.03,0.00,0.00
251,1024,13991.82,223954.12,195973.48,0.00,27980.64,80.03,0.00,0.00
252,1024,14003.88,223941.06,195923.30,0.00,28017.76,80.03,0.00,0.00
253,1024,13996.23,223927.70,195951.23,0.00,27976.46,80.03,0.00,0.00
254,1024,13992.20,223921.22,195930.82,0.00,27990.40,80.03,0.00,0.00
255,1024,14002.81,223859.84,195851.23,0.00,28008.61,80.03,0.00,0.00
256,1024,15806.19,253061.05,221449.67,0.00,31611.38,277.21,0.00,0.00
257,1024,13992.96,223970.39,195983.47,0.00,27986.92,80.03,0.00,0.00
258,1024,13997.90,223917.44,195932.63,0.00,27984.80,80.03,0.00,0.00
259,1024,13992.96,224042.35,196048.43,0.00,27993.92,80.03,0.00,0.00
260,1024,13985.87,223885.98,195908.23,0.00,27977.75,80.03,0.00,0.00
261,1024,14019.39,223997.19,195965.42,0.00,28031.78,80.03,0.00,0.00
262,1024,13974.54,223914.70,195955.61,0.00,27959.09,80.03,0.00,0.00
263,1024,14072.40,224871.36,196729.57,0.00,28141.79,82.96,0.00,0.00
264,1024,14004.93,224085.84,196087.98,0.00,27997.85,81.48,0.00,0.00
265,1024,13999.93,223961.87,195953.01,0.00,28008.86,80.03,0.00,0.00
266,1024,13991.91,223974.60,195990.77,0.00,27983.82,80.03,0.00,0.00
267,1024,13977.99,223860.91,195910.92,0.00,27949.99,80.03,0.00,0.00
268,1024,14004.87,223915.95,195895.21,0.00,28020.74,80.03,0.00,0.00
269,1024,13980.51,223782.22,195830.19,0.00,27952.03,78.60,0.00,0.00
270,1024,14013.64,223929.24,195899.96,0.00,28029.28,78.60,0.00,0.00
271,1024,13976.24,223791.87,195832.38,0.00,27959.49,78.60,0.00,0.00
272,1024,13993.78,223872.45,195888.90,0.00,27983.56,78.60,0.00,0.00
273,1024,13993.44,223861.97,195876.10,0.00,27985.87,80.03,0.00,0.00
274,1024,13978.88,223880.02,195926.27,0.00,27953.75,80.03,0.00,0.00
275,1024,14011.33,223880.30,195855.63,0.00,28024.67,78.60,0.00,0.00
276,1024,13992.80,223874.72,195885.13,0.00,27989.59,78.60,0.00,0.00
277,1024,13986.65,223828.37,195863.08,0.00,27965.30,80.03,0.00,0.00
278,1024,13980.30,223829.72,195867.12,0.00,27962.59,80.03,0.00,0.00
279,1024,14007.66,223933.58,195914.26,0.00,28019.32,80.03,0.00,0.00
280,1024,13979.30,223947.79,195986.20,0.00,27961.59,84.47,0.00,0.00
281,1024,13998.79,223873.56,195878.99,0.00,27994.57,81.48,0.00,0.00
282,1024,13988.44,223869.03,195889.15,0.00,27979.88,81.48,0.00,0.00
283,1024,14229.47,226939.61,198477.67,0.00,28461.94,80.03,0.00,0.00
284,1024,14426.44,231417.00,202569.12,0.00,28847.88,150.29,0.00,0.00
285,1024,13969.83,223652.22,195715.57,0.00,27936.65,82.96,0.00,0.00
286,1024,13975.42,223603.67,195658.84,0.00,27944.83,82.96,0.00,0.00
287,1024,13976.77,223626.32,195661.78,0.00,27964.54,81.48,0.00,0.00
288,1024,13973.76,223599.22,195651.69,0.00,27947.53,80.03,0.00,0.00
289,1024,13994.31,223726.95,195738.33,0.00,27988.62,80.03,0.00,0.00
290,1024,13968.87,223594.89,195666.15,0.00,27928.74,80.03,0.00,0.00
291,1024,13978.67,223673.72,195719.38,0.00,27954.34,80.03,0.00,0.00
292,1024,13985.93,223596.86,195619.01,0.00,27977.85,80.03,0.00,0.00
293,1024,13965.54,223628.75,195693.66,0.00,27935.09,80.03,0.00,0.00
294,1024,13986.58,223672.29,195698.13,0.00,27974.16,80.03,0.00,0.00
295,1024,13978.85,223675.67,195726.96,0.00,27948.71,80.03,0.00,0.00
296,1024,13977.56,223615.99,195662.87,0.00,27953.12,80.03,0.00,0.00
297,1024,13968.74,223617.93,195675.44,0.00,27942.49,80.03,0.00,0.00
298,1024,13985.18,223665.95,195693.58,0.00,27972.37,80.03,0.00,0.00
299,1024,13968.56,223613.98,195669.86,0.00,27944.12,80.03,0.00,0.00
300,1024,13848.61,221289.77,193697.55,0.00,27592.22,80.03,0.00,0.00
SQL statistics:
    queries performed:
        read:                            59308214
        write:                           0
        other:                           8472602
        total:                           67780816
    transactions:                        4236301 (14112.12 per sec.)
    queries:                             67780816 (225793.86 per sec.)
    ignored errors:                      0      (0.00 per sec.)
    reconnects:                          0      (0.00 per sec.)

General statistics:
    total time:                          300.1872s
    total number of events:              4236301

Latency (ms):
         min:                                    1.35
         avg:                                   72.53
         max:                                 1350.92
         95th percentile:                       81.48
         sum:                            307264778.22

Threads fairness:
    events (avg/stddev):           4137.0127/68.18
    execution time (avg/stddev):   300.0633/0.05

