sysbench 1.0.20 (using bundled LuaJIT 2.1.0-beta2)

Running the test with following options:
Number of threads: 16
Report intermediate results every 1 second(s)
Initializing random number generator from current time


Initializing worker threads...

Threads started!

1,16,9912.83,158768.85,138928.23,0.00,19840.62,1.96,0.00,0.00
2,16,10454.42,167250.68,146341.84,0.00,20908.84,1.86,0.00,0.00
3,16,10580.25,169306.94,148145.45,0.00,21161.49,1.79,0.00,0.00
4,16,10688.71,170993.44,149616.01,0.00,21377.43,1.70,0.00,0.00
5,16,10672.82,170766.17,149421.53,0.00,21344.65,1.73,0.00,0.00
6,16,10774.17,172386.64,150837.31,0.00,21549.33,1.61,0.00,0.00
7,16,10764.02,172233.26,150705.23,0.00,21528.03,1.61,0.00,0.00
8,16,10715.55,171459.78,150028.68,0.00,21431.10,1.64,0.00,0.00
9,16,10724.17,171542.70,150095.36,0.00,21447.34,1.70,0.00,0.00
10,16,10652.62,170462.97,149156.72,0.00,21306.25,1.76,0.00,0.00
11,16,10678.85,170855.59,149497.89,0.00,21357.70,1.73,0.00,0.00
12,16,10602.74,169635.85,148431.37,0.00,21204.48,1.76,0.00,0.00
13,16,10723.99,171610.90,150162.92,0.00,21447.99,1.70,0.00,0.00
14,16,10598.41,169553.50,148355.69,0.00,21197.81,1.76,0.00,0.00
15,16,10668.73,170716.75,149380.28,0.00,21336.47,1.70,0.00,0.00
16,16,10768.96,172268.37,150729.45,0.00,21538.92,1.61,0.00,0.00
17,16,10585.96,169421.34,148250.42,0.00,21170.92,1.79,0.00,0.00
18,16,10627.99,170038.81,148781.83,0.00,21256.98,1.73,0.00,0.00
19,16,10651.07,170385.17,149083.02,0.00,21302.15,1.73,0.00,0.00
20,16,10683.48,170922.69,149558.73,0.00,21363.96,1.67,0.00,0.00
21,16,10659.06,170571.98,149253.85,0.00,21318.12,1.70,0.00,0.00
22,16,10201.60,163254.55,142848.36,0.00,20406.19,1.89,0.00,0.00
23,16,10676.22,170799.49,149449.05,0.00,21350.44,1.67,0.00,0.00
24,16,10711.89,171432.27,150004.49,0.00,21427.78,1.64,0.00,0.00
25,16,10604.70,169623.27,148416.87,0.00,21206.41,1.76,0.00,0.00
26,16,10577.15,169252.33,148098.04,0.00,21154.29,1.73,0.00,0.00
27,16,10581.90,169331.34,148166.55,0.00,21164.79,1.76,0.00,0.00
28,16,10645.04,170272.59,148982.52,0.00,21290.07,1.67,0.00,0.00
29,16,10551.11,168847.79,147745.57,0.00,21102.22,1.82,0.00,0.00
30,16,10489.75,167829.99,146850.49,0.00,20979.50,1.82,0.00,0.00
31,16,10621.59,169924.45,148681.27,0.00,21243.18,1.67,0.00,0.00
32,16,10516.65,168317.33,147284.04,0.00,21033.29,1.76,0.00,0.00
33,16,10396.89,166321.27,145527.49,0.00,20793.78,1.82,0.00,0.00
34,16,10560.05,168969.72,147850.63,0.00,21119.09,1.76,0.00,0.00
35,16,10640.00,170226.06,148945.05,0.00,21281.01,1.67,0.00,0.00
36,16,10659.07,170562.04,149245.91,0.00,21316.13,1.64,0.00,0.00
37,16,10557.78,168927.47,147809.91,0.00,21117.56,1.76,0.00,0.00
38,16,10582.69,169302.09,148136.71,0.00,21165.39,1.70,0.00,0.00
39,16,10605.18,169671.89,148461.53,0.00,21210.36,1.70,0.00,0.00
40,16,10519.97,168337.47,147297.54,0.00,21039.93,1.76,0.00,0.00
41,16,10541.16,168638.55,147556.23,0.00,21082.32,1.79,0.00,0.00
42,16,10486.14,167804.22,146831.94,0.00,20972.28,1.82,0.00,0.00
43,16,10381.95,166124.25,145360.34,0.00,20763.91,1.86,0.00,0.00
44,16,10555.33,168845.33,147735.66,0.00,21109.67,1.76,0.00,0.00
45,16,10653.04,170465.68,149158.59,0.00,21307.08,1.73,0.00,0.00
46,16,10449.36,167195.72,146297.01,0.00,20898.72,1.82,0.00,0.00
47,16,10658.45,170510.18,149194.28,0.00,21315.90,1.64,0.00,0.00
48,16,10667.91,170703.62,149369.79,0.00,21333.83,1.67,0.00,0.00
49,16,10525.89,168454.30,147399.51,0.00,21054.79,1.79,0.00,0.00
50,16,10502.80,168023.87,147018.26,0.00,21005.61,1.79,0.00,0.00
51,16,10596.41,169508.59,148316.77,0.00,21191.82,1.76,0.00,0.00
52,16,10652.21,170447.34,149141.92,0.00,21305.42,1.67,0.00,0.00
53,16,10632.56,170148.89,148883.78,0.00,21265.11,1.73,0.00,0.00
54,16,10663.09,170547.50,149221.31,0.00,21326.19,1.67,0.00,0.00
55,16,10506.99,168157.89,147144.90,0.00,21012.99,1.82,0.00,0.00
56,16,10637.27,170234.28,148958.74,0.00,21275.53,1.73,0.00,0.00
57,16,10539.59,168608.43,147529.25,0.00,21079.18,1.79,0.00,0.00
58,16,10526.27,168414.36,147361.82,0.00,21052.55,1.79,0.00,0.00
59,16,10575.79,169198.62,148047.04,0.00,21151.58,1.76,0.00,0.00
60,16,10449.32,167187.18,146288.54,0.00,20898.65,1.79,0.00,0.00
61,16,10589.77,169428.39,148248.85,0.00,21179.55,1.73,0.00,0.00
62,16,10442.05,167095.78,146212.68,0.00,20883.10,1.86,0.00,0.00
63,16,10661.86,170625.82,149301.09,0.00,21324.73,1.67,0.00,0.00
64,16,10517.95,168212.18,147178.28,0.00,21033.90,1.79,0.00,0.00
65,16,10576.13,169253.08,148098.82,0.00,21154.26,1.76,0.00,0.00
66,16,10658.77,170558.31,149240.77,0.00,21317.54,1.67,0.00,0.00
67,16,10659.15,170508.48,149190.17,0.00,21318.31,1.64,0.00,0.00
68,16,10623.93,169998.92,148751.06,0.00,21247.87,1.70,0.00,0.00
69,16,10530.85,168514.56,147452.86,0.00,21061.69,1.82,0.00,0.00
70,16,10520.33,168292.29,147252.63,0.00,21039.66,1.79,0.00,0.00
71,16,10535.92,168576.68,147503.85,0.00,21072.84,1.79,0.00,0.00
72,16,10627.05,170033.74,148778.64,0.00,21255.09,1.73,0.00,0.00
73,16,10702.97,171255.50,149850.56,0.00,21404.94,1.64,0.00,0.00
74,16,10630.60,170120.58,148859.39,0.00,21261.20,1.73,0.00,0.00
75,16,10670.03,170669.48,149331.42,0.00,21338.06,1.67,0.00,0.00
76,16,10605.21,169698.31,148485.90,0.00,21212.41,1.76,0.00,0.00
77,16,10418.02,166715.25,145879.22,0.00,20836.03,1.86,0.00,0.00
78,16,10251.18,164021.81,143519.46,0.00,20502.35,1.89,0.00,0.00
79,16,10633.10,170102.54,148837.35,0.00,21265.19,1.73,0.00,0.00
80,16,10658.97,170562.49,149243.55,0.00,21318.94,1.73,0.00,0.00
81,16,10699.16,171157.58,149759.25,0.00,21398.32,1.70,0.00,0.00
82,16,10494.09,167866.51,146880.32,0.00,20986.19,1.82,0.00,0.00
83,16,10589.56,169504.99,148323.87,0.00,21181.12,1.79,0.00,0.00
84,16,10686.74,170961.91,149588.42,0.00,21373.49,1.73,0.00,0.00
85,16,10728.50,171649.95,150192.96,0.00,21456.99,1.70,0.00,0.00
86,16,10503.97,168091.58,147083.64,0.00,21007.95,1.82,0.00,0.00
87,16,10675.87,170795.90,149444.16,0.00,21351.74,1.73,0.00,0.00
88,16,10713.09,171427.38,150002.21,0.00,21425.17,1.64,0.00,0.00
89,16,10603.02,169670.30,148464.26,0.00,21206.04,1.79,0.00,0.00
90,16,10694.86,171097.83,149707.10,0.00,21390.73,1.67,0.00,0.00
91,16,10670.34,170703.39,149363.71,0.00,21339.67,1.73,0.00,0.00
92,16,10635.92,170188.79,148916.94,0.00,21271.85,1.76,0.00,0.00
93,16,10565.93,169040.86,147909.00,0.00,21131.86,1.82,0.00,0.00
94,16,10427.13,166861.03,146005.77,0.00,20855.25,1.86,0.00,0.00
95,16,10748.59,171942.42,150446.24,0.00,21496.18,1.67,0.00,0.00
96,16,10576.99,169240.87,148086.89,0.00,21153.98,1.79,0.00,0.00
97,16,10468.36,167488.81,146551.09,0.00,20937.73,1.86,0.00,0.00
98,16,10686.90,171007.35,149633.55,0.00,21373.79,1.67,0.00,0.00
99,16,10562.90,169016.48,147890.67,0.00,21125.81,1.79,0.00,0.00
100,16,10778.09,172458.44,150902.26,0.00,21556.18,1.61,0.00,0.00
101,16,10703.61,171265.81,149857.58,0.00,21408.23,1.76,0.00,0.00
102,16,10602.16,169594.51,148392.20,0.00,21202.31,1.79,0.00,0.00
103,16,10732.17,171719.80,150256.45,0.00,21463.35,1.67,0.00,0.00
104,16,10726.92,171645.74,150189.90,0.00,21455.84,1.67,0.00,0.00
105,16,10650.26,170407.18,149107.66,0.00,21299.52,1.76,0.00,0.00
106,16,10526.19,168406.01,147352.63,0.00,21053.38,1.86,0.00,0.00
107,16,10494.47,167912.58,146924.63,0.00,20987.95,1.82,0.00,0.00
108,16,10717.34,171487.41,150051.73,0.00,21435.68,1.70,0.00,0.00
109,16,10714.90,171438.38,150009.58,0.00,21428.80,1.73,0.00,0.00
110,16,10692.87,171043.90,149657.16,0.00,21386.74,1.70,0.00,0.00
111,16,10740.04,171870.62,150390.55,0.00,21480.08,1.67,0.00,0.00
112,16,10625.79,170028.58,148777.01,0.00,21251.57,1.76,0.00,0.00
113,16,10792.09,172635.39,151051.22,0.00,21584.17,1.70,0.00,0.00
114,16,10649.35,170414.59,149116.89,0.00,21297.70,1.73,0.00,0.00
115,16,10803.88,172858.12,151249.35,0.00,21608.76,1.64,0.00,0.00
116,16,10770.74,172305.78,150764.31,0.00,21541.47,1.67,0.00,0.00
117,16,10658.41,170550.52,149233.71,0.00,21316.82,1.79,0.00,0.00
118,16,10580.01,169268.20,148109.17,0.00,21159.02,1.79,0.00,0.00
119,16,10634.95,170184.25,148914.34,0.00,21269.91,1.82,0.00,0.00
120,16,10824.78,173179.48,151528.92,0.00,21650.56,1.61,0.00,0.00
121,16,10695.18,171099.89,149710.53,0.00,21389.36,1.76,0.00,0.00
122,16,10783.07,172588.04,151020.91,0.00,21567.13,1.64,0.00,0.00
123,16,10753.00,172005.92,150501.93,0.00,21503.99,1.70,0.00,0.00
124,16,10831.98,173335.70,151669.74,0.00,21665.96,1.61,0.00,0.00
125,16,10836.90,173357.35,151683.56,0.00,21673.79,1.67,0.00,0.00
126,16,10583.70,169389.14,148221.75,0.00,21167.39,1.82,0.00,0.00
127,16,10731.12,171702.99,150241.74,0.00,21461.25,1.70,0.00,0.00
128,16,10809.12,172898.99,151281.74,0.00,21617.25,1.70,0.00,0.00
129,16,10654.83,170488.23,149177.58,0.00,21310.65,1.79,0.00,0.00
130,16,10872.99,173969.77,152222.80,0.00,21746.97,1.61,0.00,0.00
131,16,10785.06,172564.88,150994.77,0.00,21570.11,1.70,0.00,0.00
132,16,10664.76,170668.09,149338.58,0.00,21329.51,1.82,0.00,0.00
133,16,10844.04,173476.63,151788.55,0.00,21688.08,1.64,0.00,0.00
134,16,10761.46,172189.32,150666.41,0.00,21522.92,1.70,0.00,0.00
135,16,10801.73,172826.63,151223.17,0.00,21603.45,1.61,0.00,0.00
136,16,10574.09,169171.47,148023.29,0.00,21148.18,1.82,0.00,0.00
137,16,10718.28,171458.44,150021.89,0.00,21436.56,1.73,0.00,0.00
138,16,10521.42,168389.66,147347.82,0.00,21041.83,1.86,0.00,0.00
139,16,10732.15,171710.46,150246.15,0.00,21464.31,1.70,0.00,0.00
140,16,10678.10,170880.63,149523.43,0.00,21357.20,1.76,0.00,0.00
141,16,10680.88,170884.11,149522.34,0.00,21361.76,1.79,0.00,0.00
142,16,10643.04,170272.68,148987.60,0.00,21285.09,1.79,0.00,0.00
143,16,10852.12,173617.90,151913.66,0.00,21704.24,1.61,0.00,0.00
144,16,10745.93,171947.95,150455.08,0.00,21492.87,1.73,0.00,0.00
145,16,10592.34,169473.44,148288.76,0.00,21184.68,1.79,0.00,0.00
146,16,10735.84,171747.46,150275.78,0.00,21471.68,1.73,0.00,0.00
147,16,10800.92,172824.64,151223.81,0.00,21600.83,1.64,0.00,0.00
148,16,10748.84,171987.40,150488.73,0.00,21498.68,1.73,0.00,0.00
149,16,10581.23,169322.66,148161.20,0.00,21161.46,1.86,0.00,0.00
150,16,10431.68,166880.80,146016.45,0.00,20864.35,1.86,0.00,0.00
151,16,10760.29,172172.56,150651.99,0.00,21520.57,1.70,0.00,0.00
152,16,10750.00,172019.93,150519.94,0.00,21499.99,1.70,0.00,0.00
153,16,10739.72,171836.47,150357.04,0.00,21479.43,1.76,0.00,0.00
154,16,10785.10,172545.62,150977.42,0.00,21568.20,1.70,0.00,0.00
155,16,10822.96,173181.44,151533.51,0.00,21647.93,1.61,0.00,0.00
156,16,10838.21,173370.40,151693.97,0.00,21676.42,1.61,0.00,0.00
157,16,10775.10,172441.54,150891.35,0.00,21550.19,1.70,0.00,0.00
158,16,10801.18,172794.91,151194.55,0.00,21600.36,1.70,0.00,0.00
159,16,10778.76,172447.14,150888.62,0.00,21558.52,1.67,0.00,0.00
160,16,10796.86,172773.77,151180.05,0.00,21593.72,1.70,0.00,0.00
161,16,10833.02,173297.35,151631.31,0.00,21666.04,1.70,0.00,0.00
162,16,10787.82,172656.14,151079.49,0.00,21576.64,1.70,0.00,0.00
163,16,10829.17,173221.72,151564.38,0.00,21657.34,1.67,0.00,0.00
164,16,10786.93,172661.92,151087.05,0.00,21574.86,1.73,0.00,0.00
165,16,10730.03,171620.47,150162.41,0.00,21458.06,1.76,0.00,0.00
166,16,10706.13,171324.07,149910.81,0.00,21413.26,1.79,0.00,0.00
167,16,10673.06,170745.92,149398.81,0.00,21347.12,1.82,0.00,0.00
168,16,10831.23,173297.72,151636.26,0.00,21661.47,1.64,0.00,0.00
169,16,10612.11,169818.78,148593.55,0.00,21225.22,1.79,0.00,0.00
170,16,10663.73,170595.74,149268.27,0.00,21327.47,1.82,0.00,0.00
171,16,10833.84,173347.51,151679.82,0.00,21667.69,1.70,0.00,0.00
172,16,10682.25,170936.07,149571.56,0.00,21364.51,1.79,0.00,0.00
173,16,10748.83,171936.34,150438.68,0.00,21497.67,1.76,0.00,0.00
174,16,10683.04,170936.56,149572.49,0.00,21364.07,1.79,0.00,0.00
175,16,10802.00,172881.00,151275.00,0.00,21606.00,1.70,0.00,0.00
176,16,10876.16,173977.59,152225.26,0.00,21752.32,1.61,0.00,0.00
177,16,10848.27,173579.27,151884.74,0.00,21694.53,1.67,0.00,0.00
178,16,10745.45,171936.25,150444.35,0.00,21491.91,1.70,0.00,0.00
179,16,10742.03,171859.49,150375.43,0.00,21484.06,1.76,0.00,0.00
180,16,10928.91,174878.51,153019.70,0.00,21858.81,1.58,0.00,0.00
181,16,10766.88,172264.09,150732.33,0.00,21531.76,1.73,0.00,0.00
182,16,10641.44,170264.03,148981.15,0.00,21282.88,1.79,0.00,0.00
183,16,10831.89,173322.24,151657.46,0.00,21664.78,1.67,0.00,0.00
184,16,10790.10,172607.56,151026.36,0.00,21581.20,1.70,0.00,0.00
185,16,10668.65,170701.45,149365.14,0.00,21336.31,1.82,0.00,0.00
186,16,10857.92,173737.68,152020.85,0.00,21716.84,1.64,0.00,0.00
187,16,10870.10,173938.57,152198.37,0.00,21740.20,1.61,0.00,0.00
188,16,10785.20,172552.26,150981.85,0.00,21570.41,1.70,0.00,0.00
189,16,10766.03,172241.50,150709.44,0.00,21532.06,1.73,0.00,0.00
190,16,10755.61,172119.74,150609.53,0.00,21510.22,1.70,0.00,0.00
191,16,10854.33,173637.24,151927.58,0.00,21709.66,1.64,0.00,0.00
192,16,10871.12,173933.94,152191.70,0.00,21742.24,1.58,0.00,0.00
193,16,10708.75,171354.95,149937.46,0.00,21417.49,1.79,0.00,0.00
194,16,10818.17,173128.68,151492.34,0.00,21636.33,1.64,0.00,0.00
195,16,10813.76,172998.18,151371.65,0.00,21626.52,1.70,0.00,0.00
196,16,10803.96,172862.38,151253.46,0.00,21608.92,1.67,0.00,0.00
197,16,10628.50,170085.04,148828.03,0.00,21257.00,1.82,0.00,0.00
198,16,10609.60,169730.54,148511.34,0.00,21219.19,1.79,0.00,0.00
199,16,10761.92,172211.76,150687.92,0.00,21523.85,1.70,0.00,0.00
200,16,10705.27,171278.29,149867.76,0.00,21410.54,1.79,0.00,0.00
201,16,10860.86,173759.70,152037.99,0.00,21721.71,1.64,0.00,0.00
202,16,10729.46,171618.43,150161.50,0.00,21456.93,1.79,0.00,0.00
203,16,10853.44,173722.03,152012.15,0.00,21709.88,1.64,0.00,0.00
204,16,10728.28,171636.43,150181.87,0.00,21454.55,1.79,0.00,0.00
205,16,10840.07,173406.18,151727.03,0.00,21679.15,1.67,0.00,0.00
206,16,10665.86,170655.79,149322.06,0.00,21333.72,1.76,0.00,0.00
207,16,10807.99,172967.88,151351.89,0.00,21615.99,1.70,0.00,0.00
208,16,10834.95,173364.17,151694.27,0.00,21669.90,1.67,0.00,0.00
209,16,10774.90,172384.36,150835.56,0.00,21548.79,1.76,0.00,0.00
210,16,10680.01,170893.22,149533.20,0.00,21360.03,1.79,0.00,0.00
211,16,10703.01,171244.12,149837.11,0.00,21407.02,1.79,0.00,0.00
212,16,10886.11,174147.75,152375.53,0.00,21772.22,1.64,0.00,0.00
213,16,10331.95,165351.18,144687.28,0.00,20663.90,1.86,0.00,0.00
214,16,10767.86,172286.69,150750.98,0.00,21535.71,1.73,0.00,0.00
215,16,10922.10,174688.54,152844.35,0.00,21844.19,1.58,0.00,0.00
216,16,10810.91,173012.58,151390.76,0.00,21621.82,1.73,0.00,0.00
217,16,10759.62,172158.94,150639.70,0.00,21519.24,1.76,0.00,0.00
218,16,10602.01,169638.17,148434.15,0.00,21204.02,1.82,0.00,0.00
219,16,10850.37,173622.88,151922.15,0.00,21700.74,1.67,0.00,0.00
220,16,10837.99,173360.86,151685.87,0.00,21674.98,1.70,0.00,0.00
221,16,10615.39,169889.17,148657.40,0.00,21231.77,1.82,0.00,0.00
222,16,10607.80,169738.75,148523.16,0.00,21215.59,1.79,0.00,0.00
223,16,10887.25,174130.93,152356.44,0.00,21774.49,1.61,0.00,0.00
224,16,10772.58,172386.22,150842.07,0.00,21544.15,1.73,0.00,0.00
225,16,10885.92,174181.73,152408.89,0.00,21772.84,1.64,0.00,0.00
226,16,10742.96,171882.40,150396.47,0.00,21485.92,1.76,0.00,0.00
227,16,10720.18,171517.87,150078.51,0.00,21439.36,1.79,0.00,0.00
228,16,10857.90,173729.48,152012.67,0.00,21716.81,1.64,0.00,0.00
229,16,10917.76,174679.20,152844.68,0.00,21834.53,1.61,0.00,0.00
230,16,10798.38,172759.02,151161.27,0.00,21597.75,1.73,0.00,0.00
231,16,10839.89,173437.24,151757.46,0.00,21679.78,1.61,0.00,0.00
232,16,10856.90,173737.37,152023.57,0.00,21713.80,1.61,0.00,0.00
233,16,10699.64,171196.31,149797.02,0.00,21399.29,1.76,0.00,0.00
234,16,10292.73,164675.73,144090.26,0.00,20585.47,1.86,0.00,0.00
235,16,10732.99,171736.88,150272.89,0.00,21463.98,1.76,0.00,0.00
236,16,10822.80,173172.82,151525.21,0.00,21647.60,1.70,0.00,0.00
237,16,10692.88,171063.09,149677.33,0.00,21385.76,1.79,0.00,0.00
238,16,10475.09,167623.37,146673.20,0.00,20950.17,1.82,0.00,0.00
239,16,10676.76,170818.14,149465.63,0.00,21352.52,1.76,0.00,0.00
240,16,10920.24,174713.90,152873.41,0.00,21840.49,1.58,0.00,0.00
241,16,10875.59,174026.47,152274.28,0.00,21752.18,1.67,0.00,0.00
242,16,10760.28,172126.47,150605.91,0.00,21520.56,1.73,0.00,0.00
243,16,10795.33,172751.32,151160.65,0.00,21590.66,1.70,0.00,0.00
244,16,10913.74,174623.90,152796.42,0.00,21827.49,1.58,0.00,0.00
245,16,10909.15,174560.46,152742.15,0.00,21818.31,1.64,0.00,0.00
246,16,10543.14,168674.22,147588.94,0.00,21085.28,1.82,0.00,0.00
247,16,10763.42,172243.78,150715.93,0.00,21527.85,1.70,0.00,0.00
248,16,10907.18,174516.84,152702.49,0.00,21814.36,1.61,0.00,0.00
249,16,10761.20,172164.22,150640.82,0.00,21523.40,1.76,0.00,0.00
250,16,10759.03,172095.43,150580.38,0.00,21515.05,1.73,0.00,0.00
251,16,10861.80,173835.75,152110.15,0.00,21725.59,1.67,0.00,0.00
252,16,10853.29,173672.57,151966.00,0.00,21706.57,1.67,0.00,0.00
253,16,10942.82,175014.05,153131.42,0.00,21882.63,1.58,0.00,0.00
254,16,10866.31,173899.04,152163.41,0.00,21735.63,1.64,0.00,0.00
255,16,10840.59,173444.42,151764.24,0.00,21680.18,1.70,0.00,0.00
256,16,10901.33,174403.33,152600.67,0.00,21802.67,1.58,0.00,0.00
257,16,10814.09,173054.46,151425.28,0.00,21629.18,1.76,0.00,0.00
258,16,10755.52,172081.40,150570.35,0.00,21511.05,1.73,0.00,0.00
259,16,10778.33,172452.29,150895.63,0.00,21556.66,1.73,0.00,0.00
260,16,10860.84,173758.36,152036.69,0.00,21721.67,1.67,0.00,0.00
261,16,10602.21,169655.43,148451.00,0.00,21204.43,1.82,0.00,0.00
262,16,10823.72,173172.45,151526.02,0.00,21646.43,1.70,0.00,0.00
263,16,10859.93,173723.90,152003.03,0.00,21720.86,1.70,0.00,0.00
264,16,10795.37,172738.98,151148.23,0.00,21590.75,1.73,0.00,0.00
265,16,10644.86,170320.84,149032.11,0.00,21288.73,1.82,0.00,0.00
266,16,10736.94,171792.00,150317.13,0.00,21474.88,1.79,0.00,0.00
267,16,10792.73,172698.66,151113.20,0.00,21585.46,1.73,0.00,0.00
268,16,10476.27,167627.37,146675.82,0.00,20951.55,1.86,0.00,0.00
269,16,10645.06,170302.00,149013.87,0.00,21288.12,1.82,0.00,0.00
270,16,10790.38,172655.14,151071.37,0.00,21583.77,1.70,0.00,0.00
271,16,10835.62,173380.97,151709.72,0.00,21671.25,1.70,0.00,0.00
272,16,10908.40,174519.33,152703.53,0.00,21815.79,1.61,0.00,0.00
273,16,10856.58,173722.32,152008.16,0.00,21714.17,1.70,0.00,0.00
274,16,10780.11,172503.84,150943.61,0.00,21560.23,1.73,0.00,0.00
275,16,10840.68,173415.92,151734.55,0.00,21681.36,1.70,0.00,0.00
276,16,10907.22,174511.47,152697.04,0.00,21814.43,1.61,0.00,0.00
277,16,10864.84,173879.45,152149.77,0.00,21729.68,1.67,0.00,0.00
278,16,10806.04,172864.64,151253.56,0.00,21611.08,1.73,0.00,0.00
279,16,10647.10,170368.62,149073.42,0.00,21295.20,1.82,0.00,0.00
280,16,10910.11,174580.78,152758.56,0.00,21822.22,1.58,0.00,0.00
281,16,10813.80,172949.80,151326.20,0.00,21623.60,1.73,0.00,0.00
282,16,10793.87,172763.98,151174.23,0.00,21589.75,1.70,0.00,0.00
283,16,10914.42,174637.72,152808.88,0.00,21828.84,1.61,0.00,0.00
284,16,10910.67,174574.71,152753.37,0.00,21821.34,1.61,0.00,0.00
285,16,10648.87,170343.91,149046.17,0.00,21297.74,1.82,0.00,0.00
286,16,10882.14,174149.24,152384.96,0.00,21764.28,1.64,0.00,0.00
287,16,10893.01,174283.17,152497.15,0.00,21786.02,1.61,0.00,0.00
288,16,10824.01,173159.21,151511.18,0.00,21648.03,1.70,0.00,0.00
289,16,10769.09,172315.47,150777.28,0.00,21538.18,1.76,0.00,0.00
290,16,10820.66,173116.53,151476.21,0.00,21640.32,1.73,0.00,0.00
291,16,10857.20,173749.15,152033.75,0.00,21715.39,1.64,0.00,0.00
292,16,10909.13,174499.07,152680.81,0.00,21818.26,1.61,0.00,0.00
293,16,10836.94,173429.08,151756.19,0.00,21672.88,1.70,0.00,0.00
294,16,10829.95,173269.23,151608.33,0.00,21660.90,1.70,0.00,0.00
295,16,10803.99,172869.77,151261.80,0.00,21607.97,1.70,0.00,0.00
296,16,10762.69,172207.00,150681.63,0.00,21525.38,1.76,0.00,0.00
297,16,10865.33,173820.33,152090.66,0.00,21729.67,1.67,0.00,0.00
298,16,10685.09,170930.46,149559.27,0.00,21371.18,1.79,0.00,0.00
299,16,10778.14,172499.27,150942.99,0.00,21556.28,1.73,0.00,0.00
300,16,10862.90,173747.44,152021.64,0.00,21725.81,1.70,0.00,0.00
301,16,10922.95,174820.21,152974.31,0.00,21845.90,1.64,0.00,0.00
302,16,10798.79,172779.72,151182.13,0.00,21597.59,1.76,0.00,0.00
303,16,10894.50,174322.94,152533.95,0.00,21788.99,1.61,0.00,0.00
304,16,10829.79,173261.71,151602.12,0.00,21659.59,1.67,0.00,0.00
305,16,10858.87,173749.96,152032.22,0.00,21717.75,1.70,0.00,0.00
306,16,10642.25,170255.01,148971.51,0.00,21283.50,1.79,0.00,0.00
307,16,10856.65,173724.40,152010.10,0.00,21714.30,1.64,0.00,0.00
308,16,10912.06,174574.00,152749.88,0.00,21824.13,1.61,0.00,0.00
309,16,10739.18,171811.85,150333.49,0.00,21478.36,1.79,0.00,0.00
310,16,10766.70,172281.26,150746.85,0.00,21534.41,1.73,0.00,0.00
311,16,10803.05,172849.81,151245.71,0.00,21604.10,1.70,0.00,0.00
312,16,10895.20,174306.20,152514.80,0.00,21791.40,1.61,0.00,0.00
313,16,10781.54,172490.66,150927.57,0.00,21563.08,1.73,0.00,0.00
314,16,10818.65,173126.43,151489.13,0.00,21637.30,1.70,0.00,0.00
315,16,10906.53,174532.41,152719.36,0.00,21813.05,1.61,0.00,0.00
316,16,10849.14,173578.22,151879.94,0.00,21698.28,1.70,0.00,0.00
317,16,10861.00,173758.03,152037.02,0.00,21721.00,1.67,0.00,0.00
318,16,10819.00,173091.97,151452.97,0.00,21639.00,1.70,0.00,0.00
319,16,10929.04,174889.57,153031.50,0.00,21858.07,1.61,0.00,0.00
320,16,10795.27,172723.33,151132.79,0.00,21590.54,1.73,0.00,0.00
321,16,10757.85,172128.56,150612.86,0.00,21515.69,1.76,0.00,0.00
322,16,10785.89,172547.27,150976.49,0.00,21570.78,1.70,0.00,0.00
323,16,10870.32,173940.16,152199.52,0.00,21740.65,1.61,0.00,0.00
324,16,10892.64,174264.19,152478.92,0.00,21785.27,1.61,0.00,0.00
325,16,10881.06,174125.00,152361.88,0.00,21763.12,1.70,0.00,0.00
326,16,10834.93,173378.92,151709.05,0.00,21669.86,1.67,0.00,0.00
327,16,10791.95,172652.18,151069.28,0.00,21582.90,1.73,0.00,0.00
328,16,10821.33,173164.29,151521.63,0.00,21642.66,1.70,0.00,0.00
329,16,10855.09,173682.36,151971.19,0.00,21711.17,1.70,0.00,0.00
330,16,10558.40,168902.36,147786.57,0.00,21115.80,1.82,0.00,0.00
331,16,10676.28,170800.41,149446.86,0.00,21353.55,1.82,0.00,0.00
332,16,10752.99,172086.77,150580.80,0.00,21505.97,1.73,0.00,0.00
333,16,10899.16,174365.63,152568.30,0.00,21797.33,1.67,0.00,0.00
334,16,10693.74,171135.91,149747.42,0.00,21388.49,1.79,0.00,0.00
335,16,10974.25,175551.97,153603.47,0.00,21948.50,1.58,0.00,0.00
336,16,10851.09,173648.42,151947.24,0.00,21701.18,1.70,0.00,0.00
337,16,10720.89,171517.22,150074.44,0.00,21442.78,1.76,0.00,0.00
338,16,10689.04,171003.60,149625.53,0.00,21378.08,1.79,0.00,0.00
339,16,10849.25,173578.99,151880.50,0.00,21698.50,1.67,0.00,0.00
340,16,10798.90,172799.41,151201.61,0.00,21597.80,1.70,0.00,0.00
341,16,10785.25,172547.95,150978.45,0.00,21569.49,1.76,0.00,0.00
342,16,10620.49,169955.90,148713.91,0.00,21241.99,1.82,0.00,0.00
343,16,10817.90,173052.38,151417.58,0.00,21634.80,1.70,0.00,0.00
344,16,10963.96,175442.39,153513.47,0.00,21928.92,1.58,0.00,0.00
345,16,10856.15,173683.45,151973.15,0.00,21710.31,1.70,0.00,0.00
346,16,10478.97,167713.49,146753.55,0.00,20959.94,1.86,0.00,0.00
347,16,10760.25,172141.05,150620.55,0.00,21520.51,1.76,0.00,0.00
348,16,10764.91,172235.64,150705.81,0.00,21529.83,1.73,0.00,0.00
349,16,10775.72,172407.49,150856.06,0.00,21551.44,1.73,0.00,0.00
350,16,10751.45,172038.25,150535.34,0.00,21502.91,1.73,0.00,0.00
351,16,10900.78,174395.41,152594.86,0.00,21800.55,1.61,0.00,0.00
352,16,10746.44,171960.99,150467.11,0.00,21493.87,1.79,0.00,0.00
353,16,10853.61,173646.71,151940.49,0.00,21706.21,1.67,0.00,0.00
354,16,10415.14,166622.19,145790.92,0.00,20831.27,1.82,0.00,0.00
355,16,10729.48,171710.61,150251.66,0.00,21458.95,1.76,0.00,0.00
356,16,10895.13,174300.02,152509.77,0.00,21790.25,1.58,0.00,0.00
357,16,10877.17,173991.75,152238.40,0.00,21753.34,1.61,0.00,0.00
358,16,10751.98,172064.69,150559.73,0.00,21504.96,1.73,0.00,0.00
359,16,10524.58,168408.26,147359.10,0.00,21049.16,1.82,0.00,0.00
360,16,10787.30,172616.79,151042.19,0.00,21574.60,1.73,0.00,0.00
361,16,10811.41,172946.59,151324.76,0.00,21621.82,1.73,0.00,0.00
362,16,10904.64,174474.31,152665.02,0.00,21809.29,1.61,0.00,0.00
363,16,10902.98,174424.63,152617.68,0.00,21806.95,1.61,0.00,0.00
364,16,10838.00,173428.04,151753.03,0.00,21675.00,1.67,0.00,0.00
365,16,10942.08,175089.30,153204.14,0.00,21885.16,1.58,0.00,0.00
366,16,10843.85,173534.55,151846.85,0.00,21687.69,1.67,0.00,0.00
367,16,10733.96,171683.43,150216.50,0.00,21466.93,1.79,0.00,0.00
368,16,10855.37,173752.00,152040.25,0.00,21711.75,1.67,0.00,0.00
369,16,10841.73,173417.69,151736.23,0.00,21681.46,1.70,0.00,0.00
370,16,10747.99,171975.91,150477.92,0.00,21497.99,1.76,0.00,0.00
371,16,10870.06,173908.01,152167.88,0.00,21740.13,1.67,0.00,0.00
372,16,10733.25,171750.05,150284.54,0.00,21465.51,1.73,0.00,0.00
373,16,10710.00,171364.93,149943.94,0.00,21420.99,1.79,0.00,0.00
374,16,10857.19,173691.97,151977.60,0.00,21714.37,1.67,0.00,0.00
375,16,10882.46,174127.34,152362.42,0.00,21764.92,1.64,0.00,0.00
376,16,10665.97,170669.59,149337.64,0.00,21331.95,1.79,0.00,0.00
377,16,10849.30,173585.88,151887.27,0.00,21698.61,1.70,0.00,0.00
378,16,10815.87,173031.89,151400.15,0.00,21631.74,1.70,0.00,0.00
379,16,10872.99,173993.83,152247.85,0.00,21745.98,1.70,0.00,0.00
380,16,10767.95,172234.26,150700.36,0.00,21533.91,1.73,0.00,0.00
381,16,10758.03,172179.54,150661.47,0.00,21518.07,1.76,0.00,0.00
382,16,10624.09,169985.39,148737.21,0.00,21248.17,1.82,0.00,0.00
383,16,10845.71,173494.44,151804.01,0.00,21690.43,1.67,0.00,0.00
384,16,10799.17,172806.75,151209.41,0.00,21597.34,1.73,0.00,0.00
385,16,10941.94,175062.11,153177.22,0.00,21884.89,1.61,0.00,0.00
386,16,10743.44,171925.06,150437.17,0.00,21487.88,1.76,0.00,0.00
387,16,10859.49,173756.90,152037.91,0.00,21718.99,1.70,0.00,0.00
388,16,10713.11,171389.70,149964.49,0.00,21425.21,1.79,0.00,0.00
389,16,10758.24,172145.87,150629.39,0.00,21516.48,1.76,0.00,0.00
390,16,10807.80,172903.83,151288.22,0.00,21615.60,1.76,0.00,0.00
391,16,10897.78,174385.45,152588.90,0.00,21796.56,1.61,0.00,0.00
392,16,10936.81,174981.99,153108.36,0.00,21873.62,1.58,0.00,0.00
393,16,10815.27,173059.27,151428.74,0.00,21630.53,1.76,0.00,0.00
394,16,10763.01,172197.10,150672.09,0.00,21525.01,1.76,0.00,0.00
395,16,10882.90,174146.41,152379.61,0.00,21766.80,1.67,0.00,0.00
396,16,10872.17,173934.73,152190.39,0.00,21744.34,1.67,0.00,0.00
397,16,10721.01,171516.14,150074.13,0.00,21442.02,1.76,0.00,0.00
398,16,10823.67,173161.74,151515.40,0.00,21646.34,1.70,0.00,0.00
399,16,10915.55,174697.73,152865.63,0.00,21832.09,1.61,0.00,0.00
400,16,10841.73,173424.65,151742.19,0.00,21682.46,1.70,0.00,0.00
401,16,10855.93,173722.88,152010.02,0.00,21712.86,1.73,0.00,0.00
402,16,10686.10,170985.63,149613.42,0.00,21372.20,1.79,0.00,0.00
403,16,10920.76,174731.19,152890.66,0.00,21840.52,1.58,0.00,0.00
404,16,10796.51,172709.13,151115.12,0.00,21594.02,1.73,0.00,0.00
405,16,10840.80,173491.80,151810.20,0.00,21681.60,1.70,0.00,0.00
406,16,10796.22,172721.45,151131.02,0.00,21590.43,1.73,0.00,0.00
407,16,10932.60,174950.62,153083.41,0.00,21867.20,1.58,0.00,0.00
408,16,10853.58,173668.29,151961.13,0.00,21707.16,1.67,0.00,0.00
409,16,10872.59,173933.46,152188.28,0.00,21745.18,1.70,0.00,0.00
410,16,10897.08,174352.31,152559.14,0.00,21793.16,1.61,0.00,0.00
411,16,10894.97,174296.57,152507.63,0.00,21788.95,1.67,0.00,0.00
412,16,10955.27,175281.28,153370.74,0.00,21910.53,1.58,0.00,0.00
413,16,10849.90,173613.44,151912.64,0.00,21700.81,1.67,0.00,0.00
414,16,10856.29,173678.61,151967.04,0.00,21711.58,1.67,0.00,0.00
415,16,10886.61,174211.81,152436.58,0.00,21775.23,1.64,0.00,0.00
416,16,10889.75,174245.01,152465.50,0.00,21779.50,1.64,0.00,0.00
417,16,10717.03,171490.52,150056.46,0.00,21434.07,1.79,0.00,0.00
418,16,10759.00,172087.01,150570.01,0.00,21517.00,1.76,0.00,0.00
419,16,10887.93,174222.95,152446.08,0.00,21776.87,1.64,0.00,0.00
420,16,10790.14,172675.28,151094.99,0.00,21580.29,1.73,0.00,0.00
421,16,10891.82,174199.13,152415.49,0.00,21783.64,1.67,0.00,0.00
422,16,10732.28,171772.42,150307.87,0.00,21464.55,1.73,0.00,0.00
423,16,10949.94,175195.11,153295.22,0.00,21899.89,1.58,0.00,0.00
424,16,10689.01,171022.22,149644.19,0.00,21378.03,1.82,0.00,0.00
425,16,10840.36,173411.75,151731.03,0.00,21680.72,1.70,0.00,0.00
426,16,10770.54,172365.58,150825.50,0.00,21540.07,1.76,0.00,0.00
427,16,10720.06,171504.94,150063.82,0.00,21441.12,1.82,0.00,0.00
428,16,10799.87,172828.94,151229.20,0.00,21599.74,1.73,0.00,0.00
429,16,10865.11,173818.70,152089.49,0.00,21729.21,1.70,0.00,0.00
430,16,10905.02,174476.34,152665.30,0.00,21811.04,1.64,0.00,0.00
431,16,10855.94,173732.04,152020.16,0.00,21711.88,1.70,0.00,0.00
432,16,10838.92,173387.68,151709.85,0.00,21677.83,1.73,0.00,0.00
433,16,10897.25,174347.05,152552.55,0.00,21794.51,1.67,0.00,0.00
434,16,10917.07,174713.07,152879.93,0.00,21833.13,1.61,0.00,0.00
435,16,10870.74,173880.85,152140.37,0.00,21740.48,1.67,0.00,0.00
436,16,10846.13,173549.06,151855.80,0.00,21693.26,1.70,0.00,0.00
437,16,10614.02,169828.40,148599.35,0.00,21229.05,1.82,0.00,0.00
438,16,10828.87,173268.95,151612.20,0.00,21656.74,1.70,0.00,0.00
439,16,10702.15,171232.38,149827.08,0.00,21405.30,1.79,0.00,0.00
440,16,10907.96,174527.30,152711.38,0.00,21815.91,1.67,0.00,0.00
441,16,10564.77,169039.34,147911.80,0.00,21127.54,1.82,0.00,0.00
442,16,10741.08,171865.34,150381.17,0.00,21484.17,1.76,0.00,0.00
443,16,10947.12,175147.99,153253.75,0.00,21894.25,1.58,0.00,0.00
444,16,10747.18,171953.81,150459.46,0.00,21494.35,1.76,0.00,0.00
445,16,10650.73,170404.70,149103.24,0.00,21301.46,1.82,0.00,0.00
446,16,10842.85,173492.59,151806.89,0.00,21685.70,1.67,0.00,0.00
447,16,10798.59,172775.39,151178.22,0.00,21597.17,1.70,0.00,0.00
448,16,10836.61,173371.73,151699.51,0.00,21672.22,1.70,0.00,0.00
449,16,10862.96,173827.37,152100.45,0.00,21726.92,1.73,0.00,0.00
450,16,10849.00,173586.94,151888.95,0.00,21697.99,1.70,0.00,0.00
451,16,10967.02,175448.27,153514.24,0.00,21934.03,1.58,0.00,0.00
452,16,10792.79,172683.66,151099.08,0.00,21584.58,1.76,0.00,0.00
453,16,10708.27,171364.39,149946.84,0.00,21417.55,1.79,0.00,0.00
454,16,10669.23,170667.63,149330.18,0.00,21337.45,1.76,0.00,0.00
455,16,10919.63,174730.06,152889.80,0.00,21840.26,1.61,0.00,0.00
456,16,10920.95,174745.14,152903.25,0.00,21841.89,1.61,0.00,0.00
457,16,10874.08,173972.25,152224.10,0.00,21748.16,1.70,0.00,0.00
458,16,10637.13,170216.04,148942.79,0.00,21273.26,1.79,0.00,0.00
459,16,10823.95,173166.17,151518.27,0.00,21647.90,1.70,0.00,0.00
460,16,10866.94,173863.11,152128.22,0.00,21734.89,1.64,0.00,0.00
461,16,10503.82,168073.06,147066.43,0.00,21006.63,1.82,0.00,0.00
462,16,10679.12,170843.99,149484.74,0.00,21359.25,1.79,0.00,0.00
463,16,10883.03,174165.49,152399.43,0.00,21766.06,1.61,0.00,0.00
464,16,10835.36,173358.73,151688.01,0.00,21670.72,1.70,0.00,0.00
465,16,10876.40,174016.47,152263.66,0.00,21752.81,1.70,0.00,0.00
466,16,10676.41,170836.60,149483.78,0.00,21352.83,1.82,0.00,0.00
467,16,10859.06,173724.92,152006.80,0.00,21718.11,1.70,0.00,0.00
468,16,10827.86,173206.81,151553.08,0.00,21653.73,1.70,0.00,0.00
469,16,10902.97,174489.45,152681.52,0.00,21807.93,1.67,0.00,0.00
470,16,10656.01,170493.08,149181.07,0.00,21312.01,1.79,0.00,0.00
471,16,10875.62,174030.90,152279.67,0.00,21751.24,1.70,0.00,0.00
472,16,10843.02,173521.28,151835.24,0.00,21686.03,1.70,0.00,0.00
473,16,10705.30,171238.80,149829.20,0.00,21409.60,1.79,0.00,0.00
474,16,10709.88,171340.04,149919.28,0.00,21420.76,1.76,0.00,0.00
475,16,10841.16,173461.50,151780.19,0.00,21681.31,1.67,0.00,0.00
476,16,10847.06,173571.89,151876.78,0.00,21695.11,1.70,0.00,0.00
477,16,10815.00,173025.04,151396.04,0.00,21629.01,1.76,0.00,0.00
478,16,10765.82,172262.07,150729.44,0.00,21532.63,1.73,0.00,0.00
479,16,10909.09,174562.45,152745.27,0.00,21817.18,1.61,0.00,0.00
480,16,10874.94,173971.09,152220.21,0.00,21750.89,1.70,0.00,0.00
481,16,10880.94,174097.97,152337.10,0.00,21760.87,1.67,0.00,0.00
482,16,10823.21,173191.32,151544.90,0.00,21646.41,1.70,0.00,0.00
483,16,10833.77,173333.29,151664.75,0.00,21668.54,1.70,0.00,0.00
484,16,10908.29,174528.64,152712.06,0.00,21816.58,1.61,0.00,0.00
485,16,10888.70,174188.15,152410.75,0.00,21777.39,1.67,0.00,0.00
486,16,10709.20,171368.14,149950.75,0.00,21417.39,1.79,0.00,0.00
487,16,10791.96,172685.37,151100.45,0.00,21584.92,1.76,0.00,0.00
488,16,10791.11,172666.77,151084.55,0.00,21582.22,1.73,0.00,0.00
489,16,10856.20,173702.26,151990.85,0.00,21711.41,1.70,0.00,0.00
490,16,10861.57,173773.13,152048.99,0.00,21724.14,1.70,0.00,0.00
491,16,10837.37,173392.97,151718.22,0.00,21674.75,1.70,0.00,0.00
492,16,10876.37,173988.99,152237.24,0.00,21751.75,1.70,0.00,0.00
493,16,10777.65,172498.44,150942.13,0.00,21556.30,1.76,0.00,0.00
494,16,10427.76,166839.18,145984.66,0.00,20854.52,1.86,0.00,0.00
495,16,10936.02,174930.30,153058.26,0.00,21872.04,1.61,0.00,0.00
496,16,10924.95,174842.17,152991.28,0.00,21850.90,1.58,0.00,0.00
497,16,10758.05,172108.81,150592.71,0.00,21516.10,1.79,0.00,0.00
498,16,10781.88,172517.02,150954.27,0.00,21562.75,1.76,0.00,0.00
499,16,10940.98,175027.65,153144.69,0.00,21882.96,1.58,0.00,0.00
500,16,10856.06,173718.89,152007.77,0.00,21711.11,1.67,0.00,0.00
501,16,10729.73,171670.68,150210.22,0.00,21460.46,1.79,0.00,0.00
502,16,10647.46,170346.44,149052.51,0.00,21293.93,1.82,0.00,0.00
503,16,10915.65,174685.37,152853.08,0.00,21832.30,1.58,0.00,0.00
504,16,10871.12,173962.88,152220.65,0.00,21742.24,1.67,0.00,0.00
505,16,10831.97,173281.51,151617.57,0.00,21663.94,1.73,0.00,0.00
506,16,10751.07,172025.05,150522.92,0.00,21502.13,1.79,0.00,0.00
507,16,10937.08,174984.27,153112.11,0.00,21872.16,1.58,0.00,0.00
508,16,10725.91,171640.62,150186.79,0.00,21453.83,1.76,0.00,0.00
509,16,10786.09,172537.50,150965.31,0.00,21572.19,1.79,0.00,0.00
510,16,10652.86,170458.69,149153.98,0.00,21304.71,1.79,0.00,0.00
511,16,10897.12,174364.90,152571.66,0.00,21793.24,1.61,0.00,0.00
512,16,10911.21,174569.29,152745.88,0.00,21823.41,1.61,0.00,0.00
513,16,10675.21,170796.33,149444.91,0.00,21351.42,1.82,0.00,0.00
514,16,10471.66,167603.51,146660.20,0.00,20943.31,1.86,0.00,0.00
515,16,10649.00,170350.98,149052.98,0.00,21298.00,1.79,0.00,0.00
516,16,10937.71,174987.42,153111.99,0.00,21875.43,1.58,0.00,0.00
517,16,10894.28,174286.47,152498.91,0.00,21787.56,1.64,0.00,0.00
518,16,10800.07,172800.11,151199.97,0.00,21600.14,1.70,0.00,0.00
519,16,10707.92,171325.67,149908.84,0.00,21416.83,1.79,0.00,0.00
520,16,10840.31,173468.98,151788.36,0.00,21680.62,1.70,0.00,0.00
521,16,10669.11,170707.82,149370.59,0.00,21337.23,1.79,0.00,0.00
522,16,10860.77,173795.26,152072.72,0.00,21722.53,1.67,0.00,0.00
523,16,10795.92,172679.67,151088.84,0.00,21590.83,1.73,0.00,0.00
524,16,10939.17,175069.70,153190.36,0.00,21879.34,1.58,0.00,0.00
525,16,10983.62,175732.98,153765.73,0.00,21967.25,1.58,0.00,0.00
526,16,10866.13,173862.12,152129.85,0.00,21732.26,1.67,0.00,0.00
527,16,10898.61,174348.75,152551.53,0.00,21797.22,1.64,0.00,0.00
528,16,10849.39,173605.31,151908.52,0.00,21696.79,1.70,0.00,0.00
529,16,10950.94,175218.04,153314.16,0.00,21903.88,1.58,0.00,0.00
530,16,10862.08,173800.29,152076.13,0.00,21724.16,1.67,0.00,0.00
531,16,10857.55,173696.80,151981.70,0.00,21715.10,1.70,0.00,0.00
532,16,10728.34,171670.41,150213.74,0.00,21456.68,1.79,0.00,0.00
533,16,10899.11,174359.70,152561.49,0.00,21798.21,1.64,0.00,0.00
534,16,10788.99,172652.84,151074.86,0.00,21577.98,1.73,0.00,0.00
535,16,10847.83,173527.33,151832.67,0.00,21694.67,1.73,0.00,0.00
536,16,10892.27,174316.38,152530.83,0.00,21785.55,1.70,0.00,0.00
537,16,10993.12,175865.93,153880.68,0.00,21985.24,1.58,0.00,0.00
538,16,10820.98,173119.72,151479.76,0.00,21639.97,1.70,0.00,0.00
539,16,10878.98,174101.71,152340.74,0.00,21760.96,1.67,0.00,0.00
540,16,10733.77,171709.38,150242.84,0.00,21466.55,1.76,0.00,0.00
541,16,10860.15,173815.34,152094.04,0.00,21721.29,1.70,0.00,0.00
542,16,10780.95,172451.14,150890.25,0.00,21560.89,1.76,0.00,0.00
543,16,10947.72,175170.54,153274.10,0.00,21896.44,1.58,0.00,0.00
544,16,10790.94,172651.09,151070.20,0.00,21580.89,1.70,0.00,0.00
545,16,10953.27,175266.34,153358.79,0.00,21907.54,1.61,0.00,0.00
546,16,10849.90,173589.37,151890.58,0.00,21698.80,1.70,0.00,0.00
547,16,10856.14,173707.21,151993.94,0.00,21713.28,1.67,0.00,0.00
548,16,10882.90,174118.40,152353.60,0.00,21764.80,1.67,0.00,0.00
549,16,10923.43,174773.95,152926.08,0.00,21847.87,1.67,0.00,0.00
550,16,10845.86,173523.78,151834.06,0.00,21689.72,1.70,0.00,0.00
551,16,10853.17,173691.67,151983.34,0.00,21708.33,1.70,0.00,0.00
552,16,10698.81,171147.97,149750.35,0.00,21397.62,1.79,0.00,0.00
553,16,10669.70,170753.17,149413.77,0.00,21339.40,1.79,0.00,0.00
554,16,10832.87,173295.96,151630.21,0.00,21665.75,1.70,0.00,0.00
555,16,10834.37,173356.94,151689.20,0.00,21667.74,1.70,0.00,0.00
556,16,10925.24,174796.89,152947.40,0.00,21849.49,1.61,0.00,0.00
557,16,10703.79,171266.72,149857.13,0.00,21409.59,1.79,0.00,0.00
558,16,10805.68,172887.83,151276.47,0.00,21611.35,1.70,0.00,0.00
559,16,10784.43,172559.95,150991.08,0.00,21568.87,1.70,0.00,0.00
560,16,10756.52,172090.39,150577.34,0.00,21513.05,1.76,0.00,0.00
561,16,10709.15,171331.40,149914.10,0.00,21417.30,1.76,0.00,0.00
562,16,10653.63,170505.16,149196.89,0.00,21308.27,1.79,0.00,0.00
563,16,10730.54,171651.69,150191.60,0.00,21460.09,1.76,0.00,0.00
564,16,10929.08,174887.20,153030.05,0.00,21857.15,1.61,0.00,0.00
565,16,10976.97,175636.47,153680.53,0.00,21955.93,1.58,0.00,0.00
566,16,10638.91,170191.61,148913.78,0.00,21277.83,1.82,0.00,0.00
567,16,10854.56,173633.03,151925.90,0.00,21707.13,1.67,0.00,0.00
568,16,10864.36,173901.83,152170.10,0.00,21731.73,1.67,0.00,0.00
569,16,10879.15,174084.41,152327.11,0.00,21757.30,1.67,0.00,0.00
570,16,10854.68,173621.89,151914.53,0.00,21707.36,1.70,0.00,0.00
571,16,10894.09,174326.52,152536.33,0.00,21790.19,1.61,0.00,0.00
572,16,10770.41,172316.60,150776.78,0.00,21539.83,1.76,0.00,0.00
573,16,10842.59,173503.45,151817.27,0.00,21686.18,1.70,0.00,0.00
574,16,10801.97,172783.45,151179.52,0.00,21603.93,1.70,0.00,0.00
575,16,10846.05,173591.83,151899.72,0.00,21692.10,1.67,0.00,0.00
576,16,10961.89,175354.25,153432.47,0.00,21921.78,1.58,0.00,0.00
577,16,10830.79,173338.69,151675.11,0.00,21663.59,1.73,0.00,0.00
578,16,10723.69,171539.07,150091.69,0.00,21447.38,1.79,0.00,0.00
579,16,10854.65,173669.33,151962.04,0.00,21707.29,1.67,0.00,0.00
580,16,10895.83,174356.31,152562.65,0.00,21793.66,1.67,0.00,0.00
581,16,10852.04,173645.60,151941.52,0.00,21704.07,1.70,0.00,0.00
582,16,10627.10,170013.64,148759.44,0.00,21254.21,1.82,0.00,0.00
583,16,10930.87,174910.94,153049.20,0.00,21861.74,1.61,0.00,0.00
584,16,10896.13,174334.09,152541.83,0.00,21792.26,1.64,0.00,0.00
585,16,10857.10,173648.53,151935.33,0.00,21713.19,1.73,0.00,0.00
586,16,10703.94,171323.00,149915.13,0.00,21407.88,1.79,0.00,0.00
587,16,10905.93,174512.90,152700.04,0.00,21812.86,1.61,0.00,0.00
588,16,10878.94,174045.06,152287.17,0.00,21757.88,1.64,0.00,0.00
589,16,10628.21,170045.37,148788.94,0.00,21256.42,1.82,0.00,0.00
590,16,10688.76,170973.18,149597.65,0.00,21375.52,1.79,0.00,0.00
591,16,10615.81,169883.92,148651.31,0.00,21232.62,1.79,0.00,0.00
592,16,10845.58,173496.20,151805.05,0.00,21691.15,1.73,0.00,0.00
593,16,10765.02,172275.37,150744.33,0.00,21531.05,1.76,0.00,0.00
594,16,10731.70,171679.17,150216.77,0.00,21462.40,1.76,0.00,0.00
595,16,10875.97,174028.55,152276.61,0.00,21751.94,1.67,0.00,0.00
596,16,10873.03,173988.51,152241.44,0.00,21747.06,1.67,0.00,0.00
597,16,10908.95,174549.16,152731.26,0.00,21817.89,1.67,0.00,0.00
598,16,10880.52,174069.36,152309.32,0.00,21760.05,1.64,0.00,0.00
599,16,10887.07,174204.16,152429.01,0.00,21775.14,1.64,0.00,0.00
600,16,10741.24,171879.77,150398.30,0.00,21481.47,1.79,0.00,0.00
SQL statistics:
    queries performed:
        read:                            90375166
        write:                           0
        other:                           12910738
        total:                           103285904
    transactions:                        6455369 (10758.87 per sec.)
    queries:                             103285904 (172141.91 per sec.)
    ignored errors:                      0      (0.00 per sec.)
    reconnects:                          0      (0.00 per sec.)

General statistics:
    total time:                          600.0030s
    total number of events:              6455369

Latency (ms):
         min:                                    1.20
         avg:                                    1.49
         max:                                    5.26
         95th percentile:                        1.73
         sum:                              9589468.75

Threads fairness:
    events (avg/stddev):           403460.5625/585.96
    execution time (avg/stddev):   599.3418/0.01

