[2021-08-31T19:16:02+0000]: Warming up the instance after restart
[2021-08-31T19:16:02+0000]: Running select avg(id) from sbtest1 FORCE KEY (PRIMARY)
mysql: [Warning] Using a password on the command line interface can be insecure.
avg(id)
25000000.5000
[2021-08-31T19:16:22+0000]: Running select avg(id) from sbtest2 FORCE KEY (PRIMARY)
mysql: [Warning] Using a password on the command line interface can be insecure.
avg(id)
25000000.5000
[2021-08-31T19:16:39+0000]: Running select avg(id) from sbtest3 FORCE KEY (PRIMARY)
mysql: [Warning] Using a password on the command line interface can be insecure.
avg(id)
25000000.5000
[2021-08-31T19:16:58+0000]: Running select avg(id) from sbtest4 FORCE KEY (PRIMARY)
mysql: [Warning] Using a password on the command line interface can be insecure.
avg(id)
25000000.5000
[2021-08-31T19:17:18+0000]: Running OLTP_RO for 600 seconds
[2021-08-31T19:17:18+0000]: Running sysbench test with following arguments
[2021-08-31T19:17:18+0000]: test: oltp_read_only; threads: 16; duration: 600; label: warmup
[2021-08-31T19:17:18+0000]: logfile: /opt/performance/jemalloc521-profiling_22_28.warmup.oltp_read_only.16.2021-08-31_191718.log
[2021-08-31T19:27:18+0000]: ============================================================
[2021-08-31T19:27:18+0000]:  Starting test run: oltp_read_only at 16 threads
[2021-08-31T19:27:18+0000]: ============================================================
[2021-08-31T19:27:18+0000]: Running sysbench test with following arguments
[2021-08-31T19:27:18+0000]: test: oltp_read_only; threads: 16; duration: 300; label: run
[2021-08-31T19:27:18+0000]: logfile: /opt/performance/jemalloc521-profiling_22_28.run.oltp_read_only.16.2021-08-31_192718.log
[2021-08-31T19:32:18+0000]: ============================================================
[2021-08-31T19:32:18+0000]:  Starting test run: oltp_read_only at 64 threads
[2021-08-31T19:32:18+0000]: ============================================================
[2021-08-31T19:32:18+0000]: Running sysbench test with following arguments
[2021-08-31T19:32:18+0000]: test: oltp_read_only; threads: 64; duration: 300; label: run
[2021-08-31T19:32:18+0000]: logfile: /opt/performance/jemalloc521-profiling_22_28.run.oltp_read_only.64.2021-08-31_193218.log
[2021-08-31T19:37:18+0000]: ============================================================
[2021-08-31T19:37:18+0000]:  Starting test run: oltp_read_only at 128 threads
[2021-08-31T19:37:18+0000]: ============================================================
[2021-08-31T19:37:18+0000]: Running sysbench test with following arguments
[2021-08-31T19:37:18+0000]: test: oltp_read_only; threads: 128; duration: 300; label: run
[2021-08-31T19:37:18+0000]: logfile: /opt/performance/jemalloc521-profiling_22_28.run.oltp_read_only.128.2021-08-31_193718.log
[2021-08-31T19:42:18+0000]: ============================================================
[2021-08-31T19:42:18+0000]:  Starting test run: oltp_read_only at 256 threads
[2021-08-31T19:42:18+0000]: ============================================================
[2021-08-31T19:42:18+0000]: Running sysbench test with following arguments
[2021-08-31T19:42:18+0000]: test: oltp_read_only; threads: 256; duration: 300; label: run
[2021-08-31T19:42:18+0000]: logfile: /opt/performance/jemalloc521-profiling_22_28.run.oltp_read_only.256.2021-08-31_194218.log
[2021-08-31T19:47:18+0000]: ============================================================
[2021-08-31T19:47:18+0000]:  Starting test run: oltp_read_only at 512 threads
[2021-08-31T19:47:18+0000]: ============================================================
[2021-08-31T19:47:18+0000]: Running sysbench test with following arguments
[2021-08-31T19:47:18+0000]: test: oltp_read_only; threads: 512; duration: 300; label: run
[2021-08-31T19:47:18+0000]: logfile: /opt/performance/jemalloc521-profiling_22_28.run.oltp_read_only.512.2021-08-31_194718.log
[2021-08-31T19:52:19+0000]: ============================================================
[2021-08-31T19:52:19+0000]:  Starting test run: oltp_read_only at 1024 threads
[2021-08-31T19:52:19+0000]: ============================================================
[2021-08-31T19:52:19+0000]: Running sysbench test with following arguments
[2021-08-31T19:52:19+0000]: test: oltp_read_only; threads: 1024; duration: 300; label: run
[2021-08-31T19:52:19+0000]: logfile: /opt/performance/jemalloc521-profiling_22_28.run.oltp_read_only.1024.2021-08-31_195219.log
[2021-08-31T19:57:20+0000]: ============================================================
[2021-08-31T19:57:20+0000]:  Starting test run: oltp_point_select at 16 threads
[2021-08-31T19:57:20+0000]: ============================================================
[2021-08-31T19:57:20+0000]: Running sysbench test with following arguments
[2021-08-31T19:57:20+0000]: test: oltp_point_select; threads: 16; duration: 300; label: run
[2021-08-31T19:57:20+0000]: logfile: /opt/performance/jemalloc521-profiling_22_28.run.oltp_point_select.16.2021-08-31_195720.log
[2021-08-31T20:02:20+0000]: ============================================================
[2021-08-31T20:02:20+0000]:  Starting test run: oltp_point_select at 64 threads
[2021-08-31T20:02:20+0000]: ============================================================
[2021-08-31T20:02:20+0000]: Running sysbench test with following arguments
[2021-08-31T20:02:20+0000]: test: oltp_point_select; threads: 64; duration: 300; label: run
[2021-08-31T20:02:20+0000]: logfile: /opt/performance/jemalloc521-profiling_22_28.run.oltp_point_select.64.2021-08-31_200220.log
[2021-08-31T20:07:20+0000]: ============================================================
[2021-08-31T20:07:20+0000]:  Starting test run: oltp_point_select at 128 threads
[2021-08-31T20:07:20+0000]: ============================================================
[2021-08-31T20:07:20+0000]: Running sysbench test with following arguments
[2021-08-31T20:07:20+0000]: test: oltp_point_select; threads: 128; duration: 300; label: run
[2021-08-31T20:07:20+0000]: logfile: /opt/performance/jemalloc521-profiling_22_28.run.oltp_point_select.128.2021-08-31_200720.log
[2021-08-31T20:12:20+0000]: ============================================================
[2021-08-31T20:12:20+0000]:  Starting test run: oltp_point_select at 256 threads
[2021-08-31T20:12:20+0000]: ============================================================
[2021-08-31T20:12:20+0000]: Running sysbench test with following arguments
[2021-08-31T20:12:20+0000]: test: oltp_point_select; threads: 256; duration: 300; label: run
[2021-08-31T20:12:20+0000]: logfile: /opt/performance/jemalloc521-profiling_22_28.run.oltp_point_select.256.2021-08-31_201220.log
[2021-08-31T20:17:20+0000]: ============================================================
[2021-08-31T20:17:20+0000]:  Starting test run: oltp_point_select at 512 threads
[2021-08-31T20:17:20+0000]: ============================================================
[2021-08-31T20:17:20+0000]: Running sysbench test with following arguments
[2021-08-31T20:17:20+0000]: test: oltp_point_select; threads: 512; duration: 300; label: run
[2021-08-31T20:17:20+0000]: logfile: /opt/performance/jemalloc521-profiling_22_28.run.oltp_point_select.512.2021-08-31_201720.log
[2021-08-31T20:22:20+0000]: ============================================================
[2021-08-31T20:22:20+0000]:  Starting test run: oltp_point_select at 1024 threads
[2021-08-31T20:22:20+0000]: ============================================================
[2021-08-31T20:22:20+0000]: Running sysbench test with following arguments
[2021-08-31T20:22:20+0000]: test: oltp_point_select; threads: 1024; duration: 300; label: run
[2021-08-31T20:22:20+0000]: logfile: /opt/performance/jemalloc521-profiling_22_28.run.oltp_point_select.1024.2021-08-31_202220.log
