[2021-08-30T20:29:48+0000]: Warming up the instance after restart
[2021-08-30T20:29:48+0000]: Running select avg(id) from sbtest1 FORCE KEY (PRIMARY)
mysql: [Warning] Using a password on the command line interface can be insecure.
avg(id)
25000000.5000
[2021-08-30T20:30:08+0000]: Running select avg(id) from sbtest2 FORCE KEY (PRIMARY)
mysql: [Warning] Using a password on the command line interface can be insecure.
avg(id)
25000000.5000
[2021-08-30T20:30:26+0000]: Running select avg(id) from sbtest3 FORCE KEY (PRIMARY)
mysql: [Warning] Using a password on the command line interface can be insecure.
avg(id)
25000000.5000
[2021-08-30T20:30:45+0000]: Running select avg(id) from sbtest4 FORCE KEY (PRIMARY)
mysql: [Warning] Using a password on the command line interface can be insecure.
avg(id)
25000000.5000
[2021-08-30T20:31:04+0000]: Running OLTP_RO for 600 seconds
[2021-08-30T20:31:04+0000]: Running sysbench test with following arguments
[2021-08-30T20:31:04+0000]: test: oltp_read_only; threads: 16; duration: 600; label: warmup
[2021-08-30T20:31:04+0000]: logfile: /opt/performance/jemalloc521.warmup.oltp_read_only.16.2021-08-30_203104.log
[2021-08-30T20:41:04+0000]: ============================================================
[2021-08-30T20:41:04+0000]:  Starting test run: oltp_read_only at 16 threads
[2021-08-30T20:41:04+0000]: ============================================================
[2021-08-30T20:41:04+0000]: Running sysbench test with following arguments
[2021-08-30T20:41:04+0000]: test: oltp_read_only; threads: 16; duration: 300; label: run
[2021-08-30T20:41:04+0000]: logfile: /opt/performance/jemalloc521.run.oltp_read_only.16.2021-08-30_204104.log
[2021-08-30T20:46:04+0000]: ============================================================
[2021-08-30T20:46:04+0000]:  Starting test run: oltp_read_only at 64 threads
[2021-08-30T20:46:04+0000]: ============================================================
[2021-08-30T20:46:04+0000]: Running sysbench test with following arguments
[2021-08-30T20:46:04+0000]: test: oltp_read_only; threads: 64; duration: 300; label: run
[2021-08-30T20:46:04+0000]: logfile: /opt/performance/jemalloc521.run.oltp_read_only.64.2021-08-30_204604.log
[2021-08-30T20:51:04+0000]: ============================================================
[2021-08-30T20:51:04+0000]:  Starting test run: oltp_read_only at 128 threads
[2021-08-30T20:51:04+0000]: ============================================================
[2021-08-30T20:51:04+0000]: Running sysbench test with following arguments
[2021-08-30T20:51:04+0000]: test: oltp_read_only; threads: 128; duration: 300; label: run
[2021-08-30T20:51:04+0000]: logfile: /opt/performance/jemalloc521.run.oltp_read_only.128.2021-08-30_205104.log
[2021-08-30T20:56:04+0000]: ============================================================
[2021-08-30T20:56:04+0000]:  Starting test run: oltp_read_only at 256 threads
[2021-08-30T20:56:04+0000]: ============================================================
[2021-08-30T20:56:04+0000]: Running sysbench test with following arguments
[2021-08-30T20:56:04+0000]: test: oltp_read_only; threads: 256; duration: 300; label: run
[2021-08-30T20:56:04+0000]: logfile: /opt/performance/jemalloc521.run.oltp_read_only.256.2021-08-30_205604.log
[2021-08-30T21:01:05+0000]: ============================================================
[2021-08-30T21:01:05+0000]:  Starting test run: oltp_read_only at 512 threads
[2021-08-30T21:01:05+0000]: ============================================================
[2021-08-30T21:01:05+0000]: Running sysbench test with following arguments
[2021-08-30T21:01:05+0000]: test: oltp_read_only; threads: 512; duration: 300; label: run
[2021-08-30T21:01:05+0000]: logfile: /opt/performance/jemalloc521.run.oltp_read_only.512.2021-08-30_210105.log
[2021-08-30T21:06:05+0000]: ============================================================
[2021-08-30T21:06:05+0000]:  Starting test run: oltp_read_only at 1024 threads
[2021-08-30T21:06:05+0000]: ============================================================
[2021-08-30T21:06:05+0000]: Running sysbench test with following arguments
[2021-08-30T21:06:05+0000]: test: oltp_read_only; threads: 1024; duration: 300; label: run
[2021-08-30T21:06:05+0000]: logfile: /opt/performance/jemalloc521.run.oltp_read_only.1024.2021-08-30_210605.log
[2021-08-30T21:11:06+0000]: ============================================================
[2021-08-30T21:11:06+0000]:  Starting test run: oltp_point_select at 16 threads
[2021-08-30T21:11:06+0000]: ============================================================
[2021-08-30T21:11:06+0000]: Running sysbench test with following arguments
[2021-08-30T21:11:06+0000]: test: oltp_point_select; threads: 16; duration: 300; label: run
[2021-08-30T21:11:06+0000]: logfile: /opt/performance/jemalloc521.run.oltp_point_select.16.2021-08-30_211106.log
[2021-08-30T21:16:06+0000]: ============================================================
[2021-08-30T21:16:06+0000]:  Starting test run: oltp_point_select at 64 threads
[2021-08-30T21:16:06+0000]: ============================================================
[2021-08-30T21:16:06+0000]: Running sysbench test with following arguments
[2021-08-30T21:16:06+0000]: test: oltp_point_select; threads: 64; duration: 300; label: run
[2021-08-30T21:16:06+0000]: logfile: /opt/performance/jemalloc521.run.oltp_point_select.64.2021-08-30_211606.log
[2021-08-30T21:21:06+0000]: ============================================================
[2021-08-30T21:21:06+0000]:  Starting test run: oltp_point_select at 128 threads
[2021-08-30T21:21:06+0000]: ============================================================
[2021-08-30T21:21:06+0000]: Running sysbench test with following arguments
[2021-08-30T21:21:06+0000]: test: oltp_point_select; threads: 128; duration: 300; label: run
[2021-08-30T21:21:06+0000]: logfile: /opt/performance/jemalloc521.run.oltp_point_select.128.2021-08-30_212106.log
[2021-08-30T21:26:06+0000]: ============================================================
[2021-08-30T21:26:06+0000]:  Starting test run: oltp_point_select at 256 threads
[2021-08-30T21:26:06+0000]: ============================================================
[2021-08-30T21:26:06+0000]: Running sysbench test with following arguments
[2021-08-30T21:26:06+0000]: test: oltp_point_select; threads: 256; duration: 300; label: run
[2021-08-30T21:26:06+0000]: logfile: /opt/performance/jemalloc521.run.oltp_point_select.256.2021-08-30_212606.log
[2021-08-30T21:31:06+0000]: ============================================================
[2021-08-30T21:31:06+0000]:  Starting test run: oltp_point_select at 512 threads
[2021-08-30T21:31:06+0000]: ============================================================
[2021-08-30T21:31:06+0000]: Running sysbench test with following arguments
[2021-08-30T21:31:06+0000]: test: oltp_point_select; threads: 512; duration: 300; label: run
[2021-08-30T21:31:06+0000]: logfile: /opt/performance/jemalloc521.run.oltp_point_select.512.2021-08-30_213106.log
[2021-08-30T21:36:06+0000]: ============================================================
[2021-08-30T21:36:06+0000]:  Starting test run: oltp_point_select at 1024 threads
[2021-08-30T21:36:06+0000]: ============================================================
[2021-08-30T21:36:06+0000]: Running sysbench test with following arguments
[2021-08-30T21:36:06+0000]: test: oltp_point_select; threads: 1024; duration: 300; label: run
[2021-08-30T21:36:06+0000]: logfile: /opt/performance/jemalloc521.run.oltp_point_select.1024.2021-08-30_213606.log
