[2021-08-30T19:08:56+0000]: Warming up the instance after restart
[2021-08-30T19:08:56+0000]: Running select avg(id) from sbtest1 FORCE KEY (PRIMARY)
mysql: [Warning] Using a password on the command line interface can be insecure.
avg(id)
25000000.5000
[2021-08-30T19:09:11+0000]: Running select avg(id) from sbtest2 FORCE KEY (PRIMARY)
mysql: [Warning] Using a password on the command line interface can be insecure.
avg(id)
25000000.5000
[2021-08-30T19:09:29+0000]: Running select avg(id) from sbtest3 FORCE KEY (PRIMARY)
mysql: [Warning] Using a password on the command line interface can be insecure.
avg(id)
25000000.5000
[2021-08-30T19:09:47+0000]: Running select avg(id) from sbtest4 FORCE KEY (PRIMARY)
mysql: [Warning] Using a password on the command line interface can be insecure.
avg(id)
25000000.5000
[2021-08-30T19:10:06+0000]: Running OLTP_RO for 600 seconds
[2021-08-30T19:10:06+0000]: Running sysbench test with following arguments
[2021-08-30T19:10:06+0000]: test: oltp_read_only; threads: 16; duration: 600; label: warmup
[2021-08-30T19:10:06+0000]: logfile: /opt/performance/jemalloc360.warmup.oltp_read_only.16.2021-08-30_191006.log
[2021-08-30T19:20:06+0000]: ============================================================
[2021-08-30T19:20:06+0000]:  Starting test run: oltp_read_only at 16 threads
[2021-08-30T19:20:06+0000]: ============================================================
[2021-08-30T19:20:06+0000]: Running sysbench test with following arguments
[2021-08-30T19:20:06+0000]: test: oltp_read_only; threads: 16; duration: 300; label: run
[2021-08-30T19:20:06+0000]: logfile: /opt/performance/jemalloc360.run.oltp_read_only.16.2021-08-30_192006.log
[2021-08-30T19:25:06+0000]: ============================================================
[2021-08-30T19:25:06+0000]:  Starting test run: oltp_read_only at 64 threads
[2021-08-30T19:25:06+0000]: ============================================================
[2021-08-30T19:25:06+0000]: Running sysbench test with following arguments
[2021-08-30T19:25:06+0000]: test: oltp_read_only; threads: 64; duration: 300; label: run
[2021-08-30T19:25:06+0000]: logfile: /opt/performance/jemalloc360.run.oltp_read_only.64.2021-08-30_192506.log
[2021-08-30T19:30:06+0000]: ============================================================
[2021-08-30T19:30:06+0000]:  Starting test run: oltp_read_only at 128 threads
[2021-08-30T19:30:06+0000]: ============================================================
[2021-08-30T19:30:06+0000]: Running sysbench test with following arguments
[2021-08-30T19:30:06+0000]: test: oltp_read_only; threads: 128; duration: 300; label: run
[2021-08-30T19:30:06+0000]: logfile: /opt/performance/jemalloc360.run.oltp_read_only.128.2021-08-30_193006.log
[2021-08-30T19:35:06+0000]: ============================================================
[2021-08-30T19:35:06+0000]:  Starting test run: oltp_read_only at 256 threads
[2021-08-30T19:35:06+0000]: ============================================================
[2021-08-30T19:35:06+0000]: Running sysbench test with following arguments
[2021-08-30T19:35:06+0000]: test: oltp_read_only; threads: 256; duration: 300; label: run
[2021-08-30T19:35:06+0000]: logfile: /opt/performance/jemalloc360.run.oltp_read_only.256.2021-08-30_193506.log
[2021-08-30T19:40:06+0000]: ============================================================
[2021-08-30T19:40:06+0000]:  Starting test run: oltp_read_only at 512 threads
[2021-08-30T19:40:06+0000]: ============================================================
[2021-08-30T19:40:06+0000]: Running sysbench test with following arguments
[2021-08-30T19:40:06+0000]: test: oltp_read_only; threads: 512; duration: 300; label: run
[2021-08-30T19:40:06+0000]: logfile: /opt/performance/jemalloc360.run.oltp_read_only.512.2021-08-30_194006.log
[2021-08-30T19:45:07+0000]: ============================================================
[2021-08-30T19:45:07+0000]:  Starting test run: oltp_read_only at 1024 threads
[2021-08-30T19:45:07+0000]: ============================================================
[2021-08-30T19:45:07+0000]: Running sysbench test with following arguments
[2021-08-30T19:45:07+0000]: test: oltp_read_only; threads: 1024; duration: 300; label: run
[2021-08-30T19:45:07+0000]: logfile: /opt/performance/jemalloc360.run.oltp_read_only.1024.2021-08-30_194507.log
[2021-08-30T19:50:08+0000]: ============================================================
[2021-08-30T19:50:08+0000]:  Starting test run: oltp_point_select at 16 threads
[2021-08-30T19:50:08+0000]: ============================================================
[2021-08-30T19:50:08+0000]: Running sysbench test with following arguments
[2021-08-30T19:50:08+0000]: test: oltp_point_select; threads: 16; duration: 300; label: run
[2021-08-30T19:50:08+0000]: logfile: /opt/performance/jemalloc360.run.oltp_point_select.16.2021-08-30_195008.log
[2021-08-30T19:55:08+0000]: ============================================================
[2021-08-30T19:55:08+0000]:  Starting test run: oltp_point_select at 64 threads
[2021-08-30T19:55:08+0000]: ============================================================
[2021-08-30T19:55:08+0000]: Running sysbench test with following arguments
[2021-08-30T19:55:08+0000]: test: oltp_point_select; threads: 64; duration: 300; label: run
[2021-08-30T19:55:08+0000]: logfile: /opt/performance/jemalloc360.run.oltp_point_select.64.2021-08-30_195508.log
[2021-08-30T20:00:08+0000]: ============================================================
[2021-08-30T20:00:08+0000]:  Starting test run: oltp_point_select at 128 threads
[2021-08-30T20:00:08+0000]: ============================================================
[2021-08-30T20:00:08+0000]: Running sysbench test with following arguments
[2021-08-30T20:00:08+0000]: test: oltp_point_select; threads: 128; duration: 300; label: run
[2021-08-30T20:00:08+0000]: logfile: /opt/performance/jemalloc360.run.oltp_point_select.128.2021-08-30_200008.log
[2021-08-30T20:05:08+0000]: ============================================================
[2021-08-30T20:05:08+0000]:  Starting test run: oltp_point_select at 256 threads
[2021-08-30T20:05:08+0000]: ============================================================
[2021-08-30T20:05:08+0000]: Running sysbench test with following arguments
[2021-08-30T20:05:08+0000]: test: oltp_point_select; threads: 256; duration: 300; label: run
[2021-08-30T20:05:08+0000]: logfile: /opt/performance/jemalloc360.run.oltp_point_select.256.2021-08-30_200508.log
[2021-08-30T20:10:08+0000]: ============================================================
[2021-08-30T20:10:08+0000]:  Starting test run: oltp_point_select at 512 threads
[2021-08-30T20:10:08+0000]: ============================================================
[2021-08-30T20:10:08+0000]: Running sysbench test with following arguments
[2021-08-30T20:10:08+0000]: test: oltp_point_select; threads: 512; duration: 300; label: run
[2021-08-30T20:10:08+0000]: logfile: /opt/performance/jemalloc360.run.oltp_point_select.512.2021-08-30_201008.log
[2021-08-30T20:15:08+0000]: ============================================================
[2021-08-30T20:15:08+0000]:  Starting test run: oltp_point_select at 1024 threads
[2021-08-30T20:15:08+0000]: ============================================================
[2021-08-30T20:15:08+0000]: Running sysbench test with following arguments
[2021-08-30T20:15:08+0000]: test: oltp_point_select; threads: 1024; duration: 300; label: run
[2021-08-30T20:15:08+0000]: logfile: /opt/performance/jemalloc360.run.oltp_point_select.1024.2021-08-30_201508.log
