sysbench 1.0.20 (using bundled LuaJIT 2.1.0-beta2)

Running the test with following options:
Number of threads: 64
Report intermediate results every 1 second(s)
Initializing random number generator from current time


Initializing worker threads...

Threads started!

1,64,387626.14,387626.14,387626.14,0.00,0.00,0.24,0.00,0.00
2,64,396440.91,396440.91,396440.91,0.00,0.00,0.24,0.00,0.00
3,64,396235.58,396237.58,396237.58,0.00,0.00,0.24,0.00,0.00
4,64,395895.99,395893.99,395893.99,0.00,0.00,0.23,0.00,0.00
5,64,395478.48,395478.48,395478.48,0.00,0.00,0.23,0.00,0.00
6,64,395491.47,395491.47,395491.47,0.00,0.00,0.19,0.00,0.00
7,64,395390.49,395390.49,395390.49,0.00,0.00,0.19,0.00,0.00
8,64,395589.58,395589.58,395589.58,0.00,0.00,0.19,0.00,0.00
9,64,395639.05,395639.05,395639.05,0.00,0.00,0.20,0.00,0.00
10,64,395307.68,395307.68,395307.68,0.00,0.00,0.19,0.00,0.00
11,64,395396.01,395396.01,395396.01,0.00,0.00,0.19,0.00,0.00
12,64,395285.81,395287.81,395287.81,0.00,0.00,0.19,0.00,0.00
13,64,395500.56,395498.56,395498.56,0.00,0.00,0.19,0.00,0.00
14,64,395541.54,395541.54,395541.54,0.00,0.00,0.19,0.00,0.00
15,64,395440.74,395440.74,395440.74,0.00,0.00,0.19,0.00,0.00
16,64,395443.07,395443.07,395443.07,0.00,0.00,0.19,0.00,0.00
17,64,395498.48,395498.48,395498.48,0.00,0.00,0.20,0.00,0.00
18,64,395460.85,395460.85,395460.85,0.00,0.00,0.19,0.00,0.00
19,64,395006.72,395008.72,395008.72,0.00,0.00,0.18,0.00,0.00
20,64,395168.03,395168.03,395168.03,0.00,0.00,0.18,0.00,0.00
21,64,395147.71,395145.71,395145.71,0.00,0.00,0.19,0.00,0.00
22,64,395046.43,395046.43,395046.43,0.00,0.00,0.18,0.00,0.00
23,64,395079.71,395079.71,395079.71,0.00,0.00,0.18,0.00,0.00
24,64,395031.86,395031.86,395031.86,0.00,0.00,0.18,0.00,0.00
25,64,395131.33,395131.33,395131.33,0.00,0.00,0.18,0.00,0.00
26,64,395183.05,395185.05,395185.05,0.00,0.00,0.18,0.00,0.00
27,64,395196.93,395194.93,395194.93,0.00,0.00,0.18,0.00,0.00
28,64,395129.10,395129.10,395129.10,0.00,0.00,0.18,0.00,0.00
29,64,395205.33,395205.33,395205.33,0.00,0.00,0.18,0.00,0.00
30,64,395012.77,395012.77,395012.77,0.00,0.00,0.18,0.00,0.00
31,64,395122.28,395122.28,395122.28,0.00,0.00,0.18,0.00,0.00
32,64,395077.72,395077.72,395077.72,0.00,0.00,0.18,0.00,0.00
33,64,395273.82,395274.82,395274.82,0.00,0.00,0.18,0.00,0.00
34,64,395141.53,395140.53,395140.53,0.00,0.00,0.18,0.00,0.00
35,64,395106.02,395106.02,395106.02,0.00,0.00,0.18,0.00,0.00
36,64,395056.39,395056.39,395056.39,0.00,0.00,0.18,0.00,0.00
37,64,395234.42,395234.42,395234.42,0.00,0.00,0.18,0.00,0.00
38,64,394977.99,394977.99,394977.99,0.00,0.00,0.18,0.00,0.00
39,64,395090.43,395090.43,395090.43,0.00,0.00,0.18,0.00,0.00
40,64,394990.39,394992.39,394992.39,0.00,0.00,0.18,0.00,0.00
41,64,395149.32,395147.32,395147.32,0.00,0.00,0.18,0.00,0.00
42,64,395214.63,395214.63,395214.63,0.00,0.00,0.18,0.00,0.00
43,64,395245.11,395245.11,395245.11,0.00,0.00,0.18,0.00,0.00
44,64,395222.91,395224.91,395224.91,0.00,0.00,0.18,0.00,0.00
45,64,395213.03,395212.03,395212.03,0.00,0.00,0.18,0.00,0.00
46,64,395011.55,395012.55,395012.55,0.00,0.00,0.18,0.00,0.00
47,64,395092.73,395090.73,395090.73,0.00,0.00,0.18,0.00,0.00
48,64,395203.42,395203.42,395203.42,0.00,0.00,0.18,0.00,0.00
49,64,395108.89,395108.89,395108.89,0.00,0.00,0.18,0.00,0.00
50,64,395136.35,395136.35,395136.35,0.00,0.00,0.18,0.00,0.00
51,64,395126.82,395126.82,395126.82,0.00,0.00,0.18,0.00,0.00
52,64,394978.90,394978.90,394978.90,0.00,0.00,0.18,0.00,0.00
53,64,395043.01,395044.01,395044.01,0.00,0.00,0.18,0.00,0.00
54,64,395061.42,395062.42,395062.42,0.00,0.00,0.18,0.00,0.00
55,64,395109.81,395107.81,395107.81,0.00,0.00,0.18,0.00,0.00
56,64,395103.52,395103.52,395103.52,0.00,0.00,0.18,0.00,0.00
57,64,395253.37,395253.37,395253.37,0.00,0.00,0.18,0.00,0.00
58,64,395065.57,395065.57,395065.57,0.00,0.00,0.18,0.00,0.00
59,64,395141.73,395141.73,395141.73,0.00,0.00,0.18,0.00,0.00
60,64,395102.51,395102.51,395102.51,0.00,0.00,0.18,0.00,0.00
61,64,395086.27,395086.27,395086.27,0.00,0.00,0.18,0.00,0.00
62,64,395124.02,395124.02,395124.02,0.00,0.00,0.18,0.00,0.00
63,64,395127.19,395127.19,395127.19,0.00,0.00,0.18,0.00,0.00
64,64,395111.93,395111.93,395111.93,0.00,0.00,0.18,0.00,0.00
65,64,394995.79,394995.79,394995.79,0.00,0.00,0.18,0.00,0.00
66,64,395102.62,395102.62,395102.62,0.00,0.00,0.18,0.00,0.00
67,64,395095.07,395095.07,395095.07,0.00,0.00,0.18,0.00,0.00
68,64,395221.87,395221.87,395221.87,0.00,0.00,0.18,0.00,0.00
69,64,395186.54,395186.54,395186.54,0.00,0.00,0.18,0.00,0.00
70,64,394981.44,394981.44,394981.44,0.00,0.00,0.19,0.00,0.00
71,64,395064.20,395064.20,395064.20,0.00,0.00,0.18,0.00,0.00
72,64,395167.92,395167.92,395167.92,0.00,0.00,0.18,0.00,0.00
73,64,395223.44,395223.44,395223.44,0.00,0.00,0.18,0.00,0.00
74,64,395164.06,395164.06,395164.06,0.00,0.00,0.18,0.00,0.00
75,64,395160.71,395160.71,395160.71,0.00,0.00,0.18,0.00,0.00
76,64,395195.67,395195.67,395195.67,0.00,0.00,0.18,0.00,0.00
77,64,395020.24,395020.24,395020.24,0.00,0.00,0.18,0.00,0.00
78,64,395054.54,395054.54,395054.54,0.00,0.00,0.18,0.00,0.00
79,64,394914.65,394914.65,394914.65,0.00,0.00,0.19,0.00,0.00
80,64,395230.88,395230.88,395230.88,0.00,0.00,0.19,0.00,0.00
81,64,395534.94,395538.94,395538.94,0.00,0.00,0.19,0.00,0.00
82,64,395626.48,395622.48,395622.48,0.00,0.00,0.19,0.00,0.00
83,64,395525.28,395525.28,395525.28,0.00,0.00,0.19,0.00,0.00
84,64,395538.56,395538.56,395538.56,0.00,0.00,0.19,0.00,0.00
85,64,395533.94,395533.94,395533.94,0.00,0.00,0.19,0.00,0.00
86,64,395476.39,395476.39,395476.39,0.00,0.00,0.19,0.00,0.00
87,64,395278.66,395278.66,395278.66,0.00,0.00,0.19,0.00,0.00
88,64,395267.23,395267.23,395267.23,0.00,0.00,0.18,0.00,0.00
89,64,395123.29,395123.29,395123.29,0.00,0.00,0.19,0.00,0.00
90,64,394963.91,394965.91,394965.91,0.00,0.00,0.19,0.00,0.00
91,64,394944.40,394942.40,394942.40,0.00,0.00,0.19,0.00,0.00
92,64,395155.19,395155.19,395155.19,0.00,0.00,0.18,0.00,0.00
93,64,395150.83,395150.83,395150.83,0.00,0.00,0.18,0.00,0.00
94,64,395032.41,395032.41,395032.41,0.00,0.00,0.19,0.00,0.00
95,64,394996.40,394997.40,394997.40,0.00,0.00,0.19,0.00,0.00
96,64,395180.95,395179.95,395179.95,0.00,0.00,0.19,0.00,0.00
97,64,395018.60,395018.60,395018.60,0.00,0.00,0.19,0.00,0.00
98,64,395200.68,395200.68,395200.68,0.00,0.00,0.19,0.00,0.00
99,64,395142.74,395144.74,395144.74,0.00,0.00,0.19,0.00,0.00
100,64,395245.28,395244.28,395244.28,0.00,0.00,0.19,0.00,0.00
101,64,395183.24,395182.24,395182.24,0.00,0.00,0.19,0.00,0.00
102,64,395203.91,395203.91,395203.91,0.00,0.00,0.19,0.00,0.00
103,64,395287.71,395287.71,395287.71,0.00,0.00,0.19,0.00,0.00
104,64,395090.16,395090.16,395090.16,0.00,0.00,0.19,0.00,0.00
105,64,395140.33,395140.33,395140.33,0.00,0.00,0.19,0.00,0.00
106,64,395116.61,395118.61,395118.61,0.00,0.00,0.19,0.00,0.00
107,64,394979.37,394977.37,394977.37,0.00,0.00,0.19,0.00,0.00
108,64,395152.25,395156.25,395156.25,0.00,0.00,0.19,0.00,0.00
109,64,395079.47,395075.47,395075.47,0.00,0.00,0.19,0.00,0.00
110,64,395124.23,395124.23,395124.23,0.00,0.00,0.19,0.00,0.00
111,64,395081.51,395081.51,395081.51,0.00,0.00,0.19,0.00,0.00
112,64,395363.30,395364.30,395364.30,0.00,0.00,0.19,0.00,0.00
113,64,395274.46,395275.46,395275.46,0.00,0.00,0.19,0.00,0.00
114,64,395185.94,395184.94,395184.94,0.00,0.00,0.19,0.00,0.00
115,64,395150.11,395149.11,395149.11,0.00,0.00,0.19,0.00,0.00
116,64,395175.19,395175.19,395175.19,0.00,0.00,0.19,0.00,0.00
117,64,395277.42,395277.42,395277.42,0.00,0.00,0.19,0.00,0.00
118,64,394868.20,394868.20,394868.20,0.00,0.00,0.19,0.00,0.00
119,64,395130.86,395130.86,395130.86,0.00,0.00,0.19,0.00,0.00
120,64,395115.64,395115.64,395115.64,0.00,0.00,0.19,0.00,0.00
121,64,395068.17,395068.17,395068.17,0.00,0.00,0.19,0.00,0.00
122,64,395038.11,395038.11,395038.11,0.00,0.00,0.19,0.00,0.00
123,64,395219.06,395219.06,395219.06,0.00,0.00,0.19,0.00,0.00
124,64,395239.98,395241.98,395241.98,0.00,0.00,0.19,0.00,0.00
125,64,395134.73,395132.73,395132.73,0.00,0.00,0.19,0.00,0.00
126,64,395063.70,395063.70,395063.70,0.00,0.00,0.19,0.00,0.00
127,64,395063.21,395063.21,395063.21,0.00,0.00,0.19,0.00,0.00
128,64,395213.31,395214.31,395214.31,0.00,0.00,0.19,0.00,0.00
129,64,395290.78,395289.78,395289.78,0.00,0.00,0.19,0.00,0.00
130,64,395060.10,395060.10,395060.10,0.00,0.00,0.19,0.00,0.00
131,64,395139.01,395141.01,395141.01,0.00,0.00,0.19,0.00,0.00
132,64,394916.09,394914.09,394914.09,0.00,0.00,0.19,0.00,0.00
133,64,394992.91,394992.91,394992.91,0.00,0.00,0.19,0.00,0.00
134,64,395042.69,395042.69,395042.69,0.00,0.00,0.19,0.00,0.00
135,64,395070.99,395070.99,395070.99,0.00,0.00,0.19,0.00,0.00
136,64,395035.46,395035.46,395035.46,0.00,0.00,0.19,0.00,0.00
137,64,395121.47,395121.47,395121.47,0.00,0.00,0.19,0.00,0.00
138,64,395206.37,395206.37,395206.37,0.00,0.00,0.19,0.00,0.00
139,64,395173.10,395173.10,395173.10,0.00,0.00,0.19,0.00,0.00
140,64,395261.16,395261.16,395261.16,0.00,0.00,0.19,0.00,0.00
141,64,395201.96,395201.96,395201.96,0.00,0.00,0.19,0.00,0.00
142,64,395104.59,395104.59,395104.59,0.00,0.00,0.19,0.00,0.00
143,64,395220.11,395221.11,395221.11,0.00,0.00,0.19,0.00,0.00
144,64,395160.46,395159.46,395159.46,0.00,0.00,0.19,0.00,0.00
145,64,395272.61,395272.61,395272.61,0.00,0.00,0.19,0.00,0.00
146,64,395090.85,395090.85,395090.85,0.00,0.00,0.19,0.00,0.00
147,64,395181.04,395181.04,395181.04,0.00,0.00,0.19,0.00,0.00
148,64,395105.12,395105.12,395105.12,0.00,0.00,0.19,0.00,0.00
149,64,395023.16,395025.16,395025.16,0.00,0.00,0.19,0.00,0.00
150,64,395123.47,395125.47,395125.47,0.00,0.00,0.19,0.00,0.00
151,64,395218.48,395214.48,395214.48,0.00,0.00,0.19,0.00,0.00
152,64,395264.75,395264.75,395264.75,0.00,0.00,0.19,0.00,0.00
153,64,395286.57,395286.57,395286.57,0.00,0.00,0.19,0.00,0.00
154,64,395329.47,395329.47,395329.47,0.00,0.00,0.19,0.00,0.00
155,64,395097.10,395097.10,395097.10,0.00,0.00,0.19,0.00,0.00
156,64,395167.39,395167.39,395167.39,0.00,0.00,0.19,0.00,0.00
157,64,395161.64,395161.64,395161.64,0.00,0.00,0.19,0.00,0.00
158,64,395094.67,395094.67,395094.67,0.00,0.00,0.19,0.00,0.00
159,64,395060.17,395060.17,395060.17,0.00,0.00,0.19,0.00,0.00
160,64,395199.94,395199.94,395199.94,0.00,0.00,0.19,0.00,0.00
161,64,395226.20,395226.20,395226.20,0.00,0.00,0.19,0.00,0.00
162,64,395015.42,395016.42,395016.42,0.00,0.00,0.19,0.00,0.00
163,64,394985.80,394984.80,394984.80,0.00,0.00,0.19,0.00,0.00
164,64,395180.30,395180.30,395180.30,0.00,0.00,0.19,0.00,0.00
165,64,395176.97,395176.97,395176.97,0.00,0.00,0.19,0.00,0.00
166,64,395161.71,395163.71,395163.71,0.00,0.00,0.19,0.00,0.00
167,64,395150.57,395150.57,395150.57,0.00,0.00,0.19,0.00,0.00
168,64,395141.54,395139.54,395139.54,0.00,0.00,0.19,0.00,0.00
169,64,395123.73,395124.73,395124.73,0.00,0.00,0.19,0.00,0.00
170,64,395247.60,395246.60,395246.60,0.00,0.00,0.19,0.00,0.00
171,64,395169.44,395169.44,395169.44,0.00,0.00,0.19,0.00,0.00
172,64,395348.72,395348.72,395348.72,0.00,0.00,0.19,0.00,0.00
173,64,395079.22,395079.22,395079.22,0.00,0.00,0.19,0.00,0.00
174,64,395077.40,395077.40,395077.40,0.00,0.00,0.19,0.00,0.00
175,64,395153.98,395153.98,395153.98,0.00,0.00,0.19,0.00,0.00
176,64,395167.25,395167.25,395167.25,0.00,0.00,0.19,0.00,0.00
177,64,395097.51,395097.51,395097.51,0.00,0.00,0.19,0.00,0.00
178,64,395188.24,395188.24,395188.24,0.00,0.00,0.19,0.00,0.00
179,64,395179.67,395180.67,395180.67,0.00,0.00,0.19,0.00,0.00
180,64,395288.99,395287.99,395287.99,0.00,0.00,0.19,0.00,0.00
181,64,395214.47,395214.47,395214.47,0.00,0.00,0.19,0.00,0.00
182,64,395127.34,395127.34,395127.34,0.00,0.00,0.19,0.00,0.00
183,64,395221.09,395221.09,395221.09,0.00,0.00,0.19,0.00,0.00
184,64,395179.47,395179.47,395179.47,0.00,0.00,0.19,0.00,0.00
185,64,395184.11,395184.11,395184.11,0.00,0.00,0.19,0.00,0.00
186,64,395172.56,395172.56,395172.56,0.00,0.00,0.19,0.00,0.00
187,64,395012.94,395012.94,395012.94,0.00,0.00,0.19,0.00,0.00
188,64,395077.50,395077.50,395077.50,0.00,0.00,0.19,0.00,0.00
189,64,395144.43,395144.43,395144.43,0.00,0.00,0.19,0.00,0.00
190,64,395041.15,395042.15,395042.15,0.00,0.00,0.19,0.00,0.00
191,64,395031.39,395030.39,395030.39,0.00,0.00,0.19,0.00,0.00
192,64,395228.84,395228.84,395228.84,0.00,0.00,0.19,0.00,0.00
193,64,395088.46,395090.46,395090.46,0.00,0.00,0.19,0.00,0.00
194,64,395194.91,395192.91,395192.91,0.00,0.00,0.19,0.00,0.00
195,64,395220.79,395220.79,395220.79,0.00,0.00,0.19,0.00,0.00
196,64,395192.56,395192.56,395192.56,0.00,0.00,0.19,0.00,0.00
197,64,395201.32,395201.32,395201.32,0.00,0.00,0.19,0.00,0.00
198,64,395078.22,395078.22,395078.22,0.00,0.00,0.19,0.00,0.00
199,64,395167.34,395167.34,395167.34,0.00,0.00,0.19,0.00,0.00
200,64,395166.11,395166.11,395166.11,0.00,0.00,0.19,0.00,0.00
201,64,395207.35,395207.35,395207.35,0.00,0.00,0.19,0.00,0.00
202,64,395106.20,395106.20,395106.20,0.00,0.00,0.19,0.00,0.00
203,64,394958.04,394958.04,394958.04,0.00,0.00,0.19,0.00,0.00
204,64,394975.13,394975.13,394975.13,0.00,0.00,0.19,0.00,0.00
205,64,395117.90,395117.90,395117.90,0.00,0.00,0.19,0.00,0.00
206,64,395103.16,395103.16,395103.16,0.00,0.00,0.19,0.00,0.00
207,64,395349.47,395349.47,395349.47,0.00,0.00,0.19,0.00,0.00
208,64,395190.87,395191.87,395191.87,0.00,0.00,0.19,0.00,0.00
209,64,395242.46,395241.46,395241.46,0.00,0.00,0.19,0.00,0.00
210,64,395234.94,395234.94,395234.94,0.00,0.00,0.19,0.00,0.00
211,64,395283.01,395283.01,395283.01,0.00,0.00,0.19,0.00,0.00
212,64,395188.58,395188.58,395188.58,0.00,0.00,0.19,0.00,0.00
213,64,395274.60,395274.60,395274.60,0.00,0.00,0.19,0.00,0.00
214,64,394997.81,394999.81,394999.81,0.00,0.00,0.19,0.00,0.00
215,64,395161.55,395159.55,395159.55,0.00,0.00,0.19,0.00,0.00
216,64,395222.35,395222.35,395222.35,0.00,0.00,0.18,0.00,0.00
217,64,395153.55,395153.55,395153.55,0.00,0.00,0.19,0.00,0.00
218,64,395025.50,395025.50,395025.50,0.00,0.00,0.19,0.00,0.00
219,64,395056.45,395056.45,395056.45,0.00,0.00,0.19,0.00,0.00
220,64,395132.00,395132.00,395132.00,0.00,0.00,0.19,0.00,0.00
221,64,395363.77,395363.77,395363.77,0.00,0.00,0.19,0.00,0.00
222,64,395224.72,395224.72,395224.72,0.00,0.00,0.19,0.00,0.00
223,64,395281.14,395281.14,395281.14,0.00,0.00,0.18,0.00,0.00
224,64,395212.03,395212.03,395212.03,0.00,0.00,0.18,0.00,0.00
225,64,395245.39,395245.39,395245.39,0.00,0.00,0.18,0.00,0.00
226,64,395270.50,395270.50,395270.50,0.00,0.00,0.19,0.00,0.00
227,64,395299.87,395299.87,395299.87,0.00,0.00,0.19,0.00,0.00
228,64,395096.92,395096.92,395096.92,0.00,0.00,0.18,0.00,0.00
229,64,395061.62,395061.62,395061.62,0.00,0.00,0.19,0.00,0.00
230,64,395065.71,395067.71,395067.71,0.00,0.00,0.18,0.00,0.00
231,64,395157.88,395155.88,395155.88,0.00,0.00,0.19,0.00,0.00
232,64,395128.02,395128.02,395128.02,0.00,0.00,0.18,0.00,0.00
233,64,395061.71,395061.71,395061.71,0.00,0.00,0.18,0.00,0.00
234,64,395217.62,395217.62,395217.62,0.00,0.00,0.19,0.00,0.00
235,64,395334.35,395334.35,395334.35,0.00,0.00,0.19,0.00,0.00
236,64,395267.61,395269.61,395269.61,0.00,0.00,0.18,0.00,0.00
237,64,395257.62,395255.62,395255.62,0.00,0.00,0.18,0.00,0.00
238,64,395120.32,395122.32,395122.32,0.00,0.00,0.18,0.00,0.00
239,64,395217.64,395215.64,395215.64,0.00,0.00,0.19,0.00,0.00
240,64,395197.21,395197.21,395197.21,0.00,0.00,0.18,0.00,0.00
241,64,395214.65,395214.65,395214.65,0.00,0.00,0.19,0.00,0.00
242,64,395043.20,395043.20,395043.20,0.00,0.00,0.18,0.00,0.00
243,64,395083.24,395083.24,395083.24,0.00,0.00,0.19,0.00,0.00
244,64,395051.48,395051.48,395051.48,0.00,0.00,0.18,0.00,0.00
245,64,395135.64,395135.64,395135.64,0.00,0.00,0.18,0.00,0.00
246,64,394988.08,394990.08,394990.08,0.00,0.00,0.19,0.00,0.00
247,64,395181.91,395179.91,395179.91,0.00,0.00,0.18,0.00,0.00
248,64,395179.49,395179.49,395179.49,0.00,0.00,0.18,0.00,0.00
249,64,395350.42,395350.42,395350.42,0.00,0.00,0.18,0.00,0.00
250,64,395308.22,395308.22,395308.22,0.00,0.00,0.18,0.00,0.00
251,64,395213.15,395213.15,395213.15,0.00,0.00,0.18,0.00,0.00
252,64,395212.19,395212.19,395212.19,0.00,0.00,0.18,0.00,0.00
253,64,395161.32,395161.32,395161.32,0.00,0.00,0.18,0.00,0.00
254,64,395064.21,395064.21,395064.21,0.00,0.00,0.18,0.00,0.00
255,64,395133.86,395134.86,395134.86,0.00,0.00,0.18,0.00,0.00
256,64,395201.99,395200.99,395200.99,0.00,0.00,0.18,0.00,0.00
257,64,394983.74,394983.74,394983.74,0.00,0.00,0.18,0.00,0.00
258,64,395097.38,395097.38,395097.38,0.00,0.00,0.18,0.00,0.00
259,64,395147.59,395147.59,395147.59,0.00,0.00,0.18,0.00,0.00
260,64,395088.72,395088.72,395088.72,0.00,0.00,0.18,0.00,0.00
261,64,395148.45,395148.45,395148.45,0.00,0.00,0.18,0.00,0.00
262,64,395099.18,395099.18,395099.18,0.00,0.00,0.18,0.00,0.00
263,64,395223.99,395223.99,395223.99,0.00,0.00,0.18,0.00,0.00
264,64,395195.05,395195.05,395195.05,0.00,0.00,0.18,0.00,0.00
265,64,395236.35,395236.35,395236.35,0.00,0.00,0.18,0.00,0.00
266,64,395211.00,395212.00,395212.00,0.00,0.00,0.18,0.00,0.00
267,64,395180.72,395179.72,395179.72,0.00,0.00,0.18,0.00,0.00
268,64,395218.51,395220.51,395220.51,0.00,0.00,0.18,0.00,0.00
269,64,395131.56,395131.56,395131.56,0.00,0.00,0.18,0.00,0.00
270,64,395160.53,395158.53,395158.53,0.00,0.00,0.18,0.00,0.00
271,64,395110.26,395110.26,395110.26,0.00,0.00,0.18,0.00,0.00
272,64,395100.31,395100.31,395100.31,0.00,0.00,0.18,0.00,0.00
273,64,395092.16,395092.16,395092.16,0.00,0.00,0.18,0.00,0.00
274,64,395166.76,395166.76,395166.76,0.00,0.00,0.18,0.00,0.00
275,64,395078.07,395078.07,395078.07,0.00,0.00,0.18,0.00,0.00
276,64,395155.08,395155.08,395155.08,0.00,0.00,0.18,0.00,0.00
277,64,395284.98,395284.98,395284.98,0.00,0.00,0.18,0.00,0.00
278,64,395269.06,395269.06,395269.06,0.00,0.00,0.18,0.00,0.00
279,64,395197.30,395197.30,395197.30,0.00,0.00,0.18,0.00,0.00
280,64,395219.68,395219.68,395219.68,0.00,0.00,0.18,0.00,0.00
281,64,395205.16,395205.16,395205.16,0.00,0.00,0.18,0.00,0.00
282,64,395238.23,395238.23,395238.23,0.00,0.00,0.18,0.00,0.00
283,64,395161.67,395162.67,395162.67,0.00,0.00,0.18,0.00,0.00
284,64,395216.29,395215.29,395215.29,0.00,0.00,0.18,0.00,0.00
285,64,395019.52,395019.52,395019.52,0.00,0.00,0.18,0.00,0.00
286,64,394928.55,394930.55,394930.55,0.00,0.00,0.18,0.00,0.00
287,64,395114.40,395112.40,395112.40,0.00,0.00,0.18,0.00,0.00
288,64,395213.68,395214.68,395214.68,0.00,0.00,0.18,0.00,0.00
289,64,395159.20,395158.20,395158.20,0.00,0.00,0.18,0.00,0.00
290,64,395121.37,395121.37,395121.37,0.00,0.00,0.18,0.00,0.00
291,64,395140.56,395140.56,395140.56,0.00,0.00,0.18,0.00,0.00
292,64,395142.78,395142.78,395142.78,0.00,0.00,0.18,0.00,0.00
293,64,395161.08,395161.08,395161.08,0.00,0.00,0.18,0.00,0.00
294,64,395094.35,395094.35,395094.35,0.00,0.00,0.18,0.00,0.00
295,64,395229.31,395229.31,395229.31,0.00,0.00,0.18,0.00,0.00
296,64,395167.74,395167.74,395167.74,0.00,0.00,0.18,0.00,0.00
297,64,395178.17,395178.17,395178.17,0.00,0.00,0.18,0.00,0.00
298,64,395146.76,395146.76,395146.76,0.00,0.00,0.18,0.00,0.00
299,64,394954.78,394954.78,394954.78,0.00,0.00,0.18,0.00,0.00
300,64,392120.30,392120.30,392120.30,0.00,0.00,0.18,0.00,0.00
SQL statistics:
    queries performed:
        read:                            118546278
        write:                           0
        other:                           0
        total:                           118546278
    transactions:                        118546278 (395139.63 per sec.)
    queries:                             118546278 (395139.63 per sec.)
    ignored errors:                      0      (0.00 per sec.)
    reconnects:                          0      (0.00 per sec.)

General statistics:
    total time:                          300.0097s
    total number of events:              118546278

Latency (ms):
         min:                                    0.06
         avg:                                    0.16
         max:                                   30.82
         95th percentile:                        0.19
         sum:                             19116394.27

Threads fairness:
    events (avg/stddev):           1852285.5938/45208.54
    execution time (avg/stddev):   298.6937/0.04

