[2021-08-31T07:15:11+0000]: Warming up the instance after restart
[2021-08-31T07:15:11+0000]: Running select avg(id) from sbtest1 FORCE KEY (PRIMARY)
mysql: [Warning] Using a password on the command line interface can be insecure.
avg(id)
25000000.5000
[2021-08-31T07:15:28+0000]: Running select avg(id) from sbtest2 FORCE KEY (PRIMARY)
mysql: [Warning] Using a password on the command line interface can be insecure.
avg(id)
25000000.5000
[2021-08-31T07:15:45+0000]: Running select avg(id) from sbtest3 FORCE KEY (PRIMARY)
mysql: [Warning] Using a password on the command line interface can be insecure.
avg(id)
25000000.5000
[2021-08-31T07:16:05+0000]: Running select avg(id) from sbtest4 FORCE KEY (PRIMARY)
mysql: [Warning] Using a password on the command line interface can be insecure.
avg(id)
25000000.5000
[2021-08-31T07:16:24+0000]: Running OLTP_RO for 600 seconds
[2021-08-31T07:16:24+0000]: Running sysbench test with following arguments
[2021-08-31T07:16:24+0000]: test: oltp_read_only; threads: 16; duration: 600; label: warmup
[2021-08-31T07:16:24+0000]: logfile: /opt/performance/jemalloc521-profiling_19_26.warmup.oltp_read_only.16.2021-08-31_071624.log
[2021-08-31T07:26:24+0000]: ============================================================
[2021-08-31T07:26:24+0000]:  Starting test run: oltp_read_only at 16 threads
[2021-08-31T07:26:24+0000]: ============================================================
[2021-08-31T07:26:24+0000]: Running sysbench test with following arguments
[2021-08-31T07:26:24+0000]: test: oltp_read_only; threads: 16; duration: 300; label: run
[2021-08-31T07:26:24+0000]: logfile: /opt/performance/jemalloc521-profiling_19_26.run.oltp_read_only.16.2021-08-31_072624.log
[2021-08-31T07:31:24+0000]: ============================================================
[2021-08-31T07:31:24+0000]:  Starting test run: oltp_read_only at 64 threads
[2021-08-31T07:31:24+0000]: ============================================================
[2021-08-31T07:31:24+0000]: Running sysbench test with following arguments
[2021-08-31T07:31:24+0000]: test: oltp_read_only; threads: 64; duration: 300; label: run
[2021-08-31T07:31:24+0000]: logfile: /opt/performance/jemalloc521-profiling_19_26.run.oltp_read_only.64.2021-08-31_073124.log
[2021-08-31T07:36:24+0000]: ============================================================
[2021-08-31T07:36:24+0000]:  Starting test run: oltp_read_only at 128 threads
[2021-08-31T07:36:24+0000]: ============================================================
[2021-08-31T07:36:24+0000]: Running sysbench test with following arguments
[2021-08-31T07:36:24+0000]: test: oltp_read_only; threads: 128; duration: 300; label: run
[2021-08-31T07:36:24+0000]: logfile: /opt/performance/jemalloc521-profiling_19_26.run.oltp_read_only.128.2021-08-31_073624.log
[2021-08-31T07:41:24+0000]: ============================================================
[2021-08-31T07:41:24+0000]:  Starting test run: oltp_read_only at 256 threads
[2021-08-31T07:41:24+0000]: ============================================================
[2021-08-31T07:41:24+0000]: Running sysbench test with following arguments
[2021-08-31T07:41:24+0000]: test: oltp_read_only; threads: 256; duration: 300; label: run
[2021-08-31T07:41:24+0000]: logfile: /opt/performance/jemalloc521-profiling_19_26.run.oltp_read_only.256.2021-08-31_074124.log
[2021-08-31T07:46:24+0000]: ============================================================
[2021-08-31T07:46:24+0000]:  Starting test run: oltp_read_only at 512 threads
[2021-08-31T07:46:24+0000]: ============================================================
[2021-08-31T07:46:24+0000]: Running sysbench test with following arguments
[2021-08-31T07:46:24+0000]: test: oltp_read_only; threads: 512; duration: 300; label: run
[2021-08-31T07:46:24+0000]: logfile: /opt/performance/jemalloc521-profiling_19_26.run.oltp_read_only.512.2021-08-31_074624.log
[2021-08-31T07:51:25+0000]: ============================================================
[2021-08-31T07:51:25+0000]:  Starting test run: oltp_read_only at 1024 threads
[2021-08-31T07:51:25+0000]: ============================================================
[2021-08-31T07:51:25+0000]: Running sysbench test with following arguments
[2021-08-31T07:51:25+0000]: test: oltp_read_only; threads: 1024; duration: 300; label: run
[2021-08-31T07:51:25+0000]: logfile: /opt/performance/jemalloc521-profiling_19_26.run.oltp_read_only.1024.2021-08-31_075125.log
[2021-08-31T07:56:26+0000]: ============================================================
[2021-08-31T07:56:26+0000]:  Starting test run: oltp_point_select at 16 threads
[2021-08-31T07:56:26+0000]: ============================================================
[2021-08-31T07:56:26+0000]: Running sysbench test with following arguments
[2021-08-31T07:56:26+0000]: test: oltp_point_select; threads: 16; duration: 300; label: run
[2021-08-31T07:56:26+0000]: logfile: /opt/performance/jemalloc521-profiling_19_26.run.oltp_point_select.16.2021-08-31_075626.log
[2021-08-31T08:01:26+0000]: ============================================================
[2021-08-31T08:01:26+0000]:  Starting test run: oltp_point_select at 64 threads
[2021-08-31T08:01:26+0000]: ============================================================
[2021-08-31T08:01:26+0000]: Running sysbench test with following arguments
[2021-08-31T08:01:26+0000]: test: oltp_point_select; threads: 64; duration: 300; label: run
[2021-08-31T08:01:26+0000]: logfile: /opt/performance/jemalloc521-profiling_19_26.run.oltp_point_select.64.2021-08-31_080126.log
[2021-08-31T08:06:26+0000]: ============================================================
[2021-08-31T08:06:26+0000]:  Starting test run: oltp_point_select at 128 threads
[2021-08-31T08:06:26+0000]: ============================================================
[2021-08-31T08:06:26+0000]: Running sysbench test with following arguments
[2021-08-31T08:06:26+0000]: test: oltp_point_select; threads: 128; duration: 300; label: run
[2021-08-31T08:06:26+0000]: logfile: /opt/performance/jemalloc521-profiling_19_26.run.oltp_point_select.128.2021-08-31_080626.log
[2021-08-31T08:11:26+0000]: ============================================================
[2021-08-31T08:11:26+0000]:  Starting test run: oltp_point_select at 256 threads
[2021-08-31T08:11:26+0000]: ============================================================
[2021-08-31T08:11:26+0000]: Running sysbench test with following arguments
[2021-08-31T08:11:26+0000]: test: oltp_point_select; threads: 256; duration: 300; label: run
[2021-08-31T08:11:26+0000]: logfile: /opt/performance/jemalloc521-profiling_19_26.run.oltp_point_select.256.2021-08-31_081126.log
[2021-08-31T08:16:26+0000]: ============================================================
[2021-08-31T08:16:26+0000]:  Starting test run: oltp_point_select at 512 threads
[2021-08-31T08:16:26+0000]: ============================================================
[2021-08-31T08:16:26+0000]: Running sysbench test with following arguments
[2021-08-31T08:16:26+0000]: test: oltp_point_select; threads: 512; duration: 300; label: run
[2021-08-31T08:16:26+0000]: logfile: /opt/performance/jemalloc521-profiling_19_26.run.oltp_point_select.512.2021-08-31_081626.log
[2021-08-31T08:21:26+0000]: ============================================================
[2021-08-31T08:21:26+0000]:  Starting test run: oltp_point_select at 1024 threads
[2021-08-31T08:21:26+0000]: ============================================================
[2021-08-31T08:21:26+0000]: Running sysbench test with following arguments
[2021-08-31T08:21:26+0000]: test: oltp_point_select; threads: 1024; duration: 300; label: run
[2021-08-31T08:21:26+0000]: logfile: /opt/performance/jemalloc521-profiling_19_26.run.oltp_point_select.1024.2021-08-31_082126.log
