sysbench 1.0.20 (using bundled LuaJIT 2.1.0-beta2)

Running the test with following options:
Number of threads: 1536
Report intermediate results every 1 second(s)
Initializing random number generator from current time


Initializing worker threads...

Threads started!

1,1536,4802.15,89279.92,78184.60,0.00,11095.32,623.33,0.00,0.00
2,1536,4629.37,73433.91,64175.16,0.00,9258.74,411.96,0.00,0.00
3,1536,4589.79,73284.68,64105.10,0.00,9179.58,411.96,0.00,0.00
4,1536,4611.02,73457.25,64235.22,0.00,9222.03,411.96,0.00,0.00
5,1536,4587.14,73945.21,64770.94,0.00,9174.27,411.96,0.00,0.00
6,1536,4654.06,74455.92,65147.81,0.00,9308.12,419.45,0.00,0.00
7,1536,4671.01,74298.19,64956.17,0.00,9342.02,411.96,0.00,0.00
8,1536,4597.47,73663.46,64471.53,0.00,9191.93,404.61,0.00,0.00
9,1536,4633.44,73840.01,64571.13,0.00,9268.88,404.61,0.00,0.00
10,1536,4602.99,73743.87,64536.89,0.00,9206.98,411.96,0.00,0.00
11,1536,4618.95,73976.12,64738.23,0.00,9237.89,404.61,0.00,0.00
12,1536,4582.63,73330.14,64165.87,0.00,9164.27,404.61,0.00,0.00
13,1536,4617.44,74034.01,64798.13,0.00,9235.87,404.61,0.00,0.00
14,1536,4608.80,73635.82,64420.22,0.00,9215.60,404.61,0.00,0.00
15,1536,4622.63,73957.04,64709.78,0.00,9247.25,404.61,0.00,0.00
16,1536,4676.19,74481.05,65128.67,0.00,9352.38,404.61,0.00,0.00
17,1536,4628.44,74240.05,64983.17,0.00,9256.88,404.61,0.00,0.00
18,1536,4622.91,74335.59,65089.76,0.00,9245.82,404.61,0.00,0.00
19,1536,4629.01,74003.18,64745.16,0.00,9258.02,404.61,0.00,0.00
20,1536,4641.17,74174.74,64892.40,0.00,9282.34,404.61,0.00,0.00
21,1536,4658.99,74415.85,65097.87,0.00,9317.98,404.61,0.00,0.00
22,1536,4685.88,74604.03,65232.27,0.00,9371.75,404.61,0.00,0.00
23,1536,4625.12,74476.01,65225.76,0.00,9250.25,404.61,0.00,0.00
24,1536,4637.90,74237.44,64961.64,0.00,9275.81,404.61,0.00,0.00
25,1536,4661.73,74548.69,65226.23,0.00,9322.46,404.61,0.00,0.00
26,1536,4671.11,74474.82,65132.59,0.00,9342.23,404.61,0.00,0.00
27,1536,4676.24,74764.91,65411.42,0.00,9353.49,404.61,0.00,0.00
28,1536,4643.90,74457.40,65169.60,0.00,9287.80,404.61,0.00,0.00
29,1536,4654.06,74337.88,65030.77,0.00,9307.11,404.61,0.00,0.00
30,1536,4639.79,74327.65,65047.07,0.00,9280.58,404.61,0.00,0.00
31,1536,4667.15,74789.36,65455.07,0.00,9334.29,404.61,0.00,0.00
32,1536,4665.63,74751.08,65419.82,0.00,9331.26,404.61,0.00,0.00
33,1536,4676.24,74690.77,65339.30,0.00,9351.47,404.61,0.00,0.00
34,1536,4692.10,74862.59,65477.39,0.00,9385.20,404.61,0.00,0.00
35,1536,4655.84,74687.43,65375.75,0.00,9311.68,404.61,0.00,0.00
36,1536,4644.09,74498.47,65210.28,0.00,9288.18,404.61,0.00,0.00
37,1536,4675.03,74842.53,65492.47,0.00,9350.07,404.61,0.00,0.00
38,1536,4695.86,74781.72,65390.01,0.00,9391.71,404.61,0.00,0.00
39,1536,4645.94,74471.96,65180.09,0.00,9291.87,404.61,0.00,0.00
40,1536,4655.28,74496.43,65185.88,0.00,9310.55,404.61,0.00,0.00
41,1536,4653.82,74656.09,65348.45,0.00,9307.64,404.61,0.00,0.00
42,1536,4646.09,74488.50,65197.32,0.00,9291.19,404.61,0.00,0.00
43,1536,4707.58,75038.33,65622.16,0.00,9416.16,404.61,0.00,0.00
44,1536,4668.14,74845.22,65508.94,0.00,9336.28,404.61,0.00,0.00
45,1536,4698.79,75034.57,65637.00,0.00,9397.57,397.39,0.00,0.00
46,1536,4666.12,74808.98,65476.73,0.00,9332.25,397.39,0.00,0.00
47,1536,4693.59,75146.40,65759.23,0.00,9387.17,404.61,0.00,0.00
48,1536,4702.49,74933.89,65528.91,0.00,9404.98,404.61,0.00,0.00
49,1536,4653.14,74820.18,65513.91,0.00,9306.27,404.61,0.00,0.00
50,1536,4678.72,74646.48,65289.05,0.00,9357.43,397.39,0.00,0.00
51,1536,4700.54,74960.65,65560.57,0.00,9400.08,404.61,0.00,0.00
52,1536,4656.23,74644.59,65331.14,0.00,9313.45,404.61,0.00,0.00
53,1536,4691.65,75096.39,65713.09,0.00,9383.30,397.39,0.00,0.00
54,1536,4681.17,74860.66,65498.33,0.00,9362.33,404.61,0.00,0.00
55,1536,4678.84,74840.42,65482.75,0.00,9357.68,397.39,0.00,0.00
56,1536,4703.06,75282.03,65876.90,0.00,9405.13,397.39,0.00,0.00
57,1536,4691.90,74910.47,65525.66,0.00,9384.81,404.61,0.00,0.00
58,1536,4699.95,75222.14,65822.24,0.00,9399.89,397.39,0.00,0.00
59,1536,4684.31,75423.96,66055.35,0.00,9368.62,404.61,0.00,0.00
60,1536,4707.71,75219.39,65804.97,0.00,9414.42,397.39,0.00,0.00
61,1536,4732.97,75498.47,66031.54,0.00,9466.93,397.39,0.00,0.00
62,1536,4688.29,75080.58,65706.01,0.00,9374.57,397.39,0.00,0.00
63,1536,4693.92,75010.74,65620.89,0.00,9389.84,397.39,0.00,0.00
64,1536,4700.97,75243.46,65841.53,0.00,9401.93,397.39,0.00,0.00
65,1536,4689.85,75041.65,65661.95,0.00,9379.71,397.39,0.00,0.00
66,1536,4651.26,74746.14,65443.63,0.00,9302.52,404.61,0.00,0.00
67,1536,4719.87,74937.97,65498.22,0.00,9439.74,397.39,0.00,0.00
68,1536,4659.22,75131.60,65814.15,0.00,9317.45,397.39,0.00,0.00
69,1536,4724.79,75186.61,65736.03,0.00,9450.57,397.39,0.00,0.00
70,1536,4719.38,75312.16,65873.40,0.00,9438.77,397.39,0.00,0.00
71,1536,4698.12,75334.93,65938.69,0.00,9396.24,397.39,0.00,0.00
72,1536,4700.06,75263.96,65863.84,0.00,9400.12,397.39,0.00,0.00
73,1536,4696.07,75113.05,65720.92,0.00,9392.13,397.39,0.00,0.00
74,1536,4717.97,75516.58,66080.63,0.00,9435.95,397.39,0.00,0.00
75,1536,4718.49,75494.82,66057.84,0.00,9436.98,397.39,0.00,0.00
76,1536,4700.06,75203.02,65802.90,0.00,9400.13,397.39,0.00,0.00
77,1536,4736.81,75481.03,66007.40,0.00,9473.63,397.39,0.00,0.00
78,1536,4682.99,75061.91,65695.93,0.00,9365.99,397.39,0.00,0.00
79,1536,4728.05,75436.80,65980.70,0.00,9456.10,404.61,0.00,0.00
80,1536,4651.99,74757.77,65453.80,0.00,9303.97,397.39,0.00,0.00
81,1536,4689.10,74956.64,65578.44,0.00,9378.21,404.61,0.00,0.00
82,1536,4671.89,75034.23,65690.45,0.00,9343.78,397.39,0.00,0.00
83,1536,4719.56,75275.91,65836.80,0.00,9439.11,397.39,0.00,0.00
84,1536,4668.10,74892.64,65556.44,0.00,9336.21,397.39,0.00,0.00
85,1536,4680.92,74929.65,65567.82,0.00,9361.83,404.61,0.00,0.00
86,1536,4699.10,75164.54,65766.35,0.00,9398.19,404.61,0.00,0.00
87,1536,4694.92,74950.74,65560.90,0.00,9389.84,397.39,0.00,0.00
88,1536,4659.23,74932.78,65616.31,0.00,9316.47,397.39,0.00,0.00
89,1536,4738.76,75307.14,65827.63,0.00,9479.51,397.39,0.00,0.00
90,1536,4672.93,75097.85,65752.00,0.00,9345.86,397.39,0.00,0.00
91,1536,4708.98,75182.66,65764.70,0.00,9417.96,404.61,0.00,0.00
92,1536,4668.17,74987.76,65651.41,0.00,9336.34,404.61,0.00,0.00
93,1536,4715.87,75247.90,65816.16,0.00,9431.74,397.39,0.00,0.00
94,1536,4674.22,74951.46,65603.03,0.00,9348.43,397.39,0.00,0.00
95,1536,4695.35,75061.63,65670.93,0.00,9390.70,404.61,0.00,0.00
96,1536,4716.89,75409.32,65975.53,0.00,9433.79,397.39,0.00,0.00
97,1536,4702.96,75191.37,65785.45,0.00,9405.92,397.39,0.00,0.00
98,1536,4714.00,75415.07,65987.06,0.00,9428.01,397.39,0.00,0.00
99,1536,4706.93,75185.89,65772.03,0.00,9413.86,397.39,0.00,0.00
100,1536,4701.99,75220.77,65816.80,0.00,9403.97,397.39,0.00,0.00
101,1536,4658.19,75041.05,65724.67,0.00,9316.38,404.61,0.00,0.00
102,1536,4724.83,75177.22,65727.57,0.00,9449.65,397.39,0.00,0.00
103,1536,4702.74,75022.80,65617.33,0.00,9405.47,397.39,0.00,0.00
104,1536,4683.34,75094.41,65727.74,0.00,9366.68,397.39,0.00,0.00
105,1536,4692.99,75205.86,65822.88,0.00,9382.98,397.39,0.00,0.00
106,1536,4702.89,75196.23,65787.46,0.00,9408.78,404.61,0.00,0.00
107,1536,4690.17,74846.69,65466.35,0.00,9380.34,404.61,0.00,0.00
108,1536,4710.05,75532.84,66112.73,0.00,9420.10,404.61,0.00,0.00
109,1536,4697.50,75202.96,65808.96,0.00,9394.00,397.39,0.00,0.00
110,1536,4692.97,75188.53,65801.59,0.00,9386.94,404.61,0.00,0.00
111,1536,4693.01,75009.08,65623.07,0.00,9386.01,397.39,0.00,0.00
112,1536,4703.45,75273.18,65866.29,0.00,9406.90,404.61,0.00,0.00
113,1536,4676.08,74814.25,65462.09,0.00,9352.16,404.61,0.00,0.00
114,1536,4694.50,75385.04,65997.03,0.00,9388.01,397.39,0.00,0.00
115,1536,4740.49,75444.88,65962.89,0.00,9481.99,397.39,0.00,0.00
116,1536,4730.68,75558.95,66098.58,0.00,9460.37,397.39,0.00,0.00
117,1536,4676.31,74719.90,65367.28,0.00,9352.61,404.61,0.00,0.00
118,1536,4649.13,74748.15,65448.89,0.00,9299.27,404.61,0.00,0.00
119,1536,4705.80,75241.79,65830.19,0.00,9411.60,397.39,0.00,0.00
120,1536,4722.93,75584.95,66139.08,0.00,9445.87,397.39,0.00,0.00
121,1536,4709.81,75399.95,65980.33,0.00,9419.62,404.61,0.00,0.00
122,1536,4742.27,75781.39,66296.84,0.00,9484.55,397.39,0.00,0.00
123,1536,4679.92,75060.76,65700.91,0.00,9359.84,397.39,0.00,0.00
124,1536,4728.16,75449.48,65995.17,0.00,9454.31,397.39,0.00,0.00
125,1536,4663.95,74999.20,65669.30,0.00,9329.90,404.61,0.00,0.00
126,1536,4710.81,75057.96,65636.34,0.00,9421.62,397.39,0.00,0.00
127,1536,4702.34,75085.46,65681.77,0.00,9403.68,397.39,0.00,0.00
128,1536,4696.76,75255.23,65860.70,0.00,9394.53,404.61,0.00,0.00
129,1536,4679.74,75095.87,65736.39,0.00,9359.49,404.61,0.00,0.00
130,1536,4716.06,75347.93,65915.81,0.00,9432.12,397.39,0.00,0.00
131,1536,4680.96,74970.43,65608.50,0.00,9361.93,397.39,0.00,0.00
132,1536,4706.22,75324.56,65912.11,0.00,9412.44,404.61,0.00,0.00
133,1536,4727.30,75530.78,66076.18,0.00,9454.60,404.61,0.00,0.00
134,1536,4733.84,75611.44,66143.76,0.00,9467.68,404.61,0.00,0.00
135,1536,4725.02,75454.38,66005.34,0.00,9449.05,397.39,0.00,0.00
136,1536,4685.93,74949.94,65577.07,0.00,9372.87,404.61,0.00,0.00
137,1536,4679.85,75032.67,65673.96,0.00,9358.71,404.61,0.00,0.00
138,1536,4692.23,75091.68,65707.22,0.00,9384.46,404.61,0.00,0.00
139,1536,4700.75,75233.03,65830.52,0.00,9402.50,397.39,0.00,0.00
140,1536,4673.15,74788.34,65442.05,0.00,9346.29,397.39,0.00,0.00
141,1536,4737.78,75592.57,66117.00,0.00,9475.57,397.39,0.00,0.00
142,1536,4699.18,75036.92,65638.56,0.00,9398.37,397.39,0.00,0.00
143,1536,4691.83,75320.23,65937.57,0.00,9382.65,397.39,0.00,0.00
144,1536,4695.15,75141.48,65750.17,0.00,9391.31,397.39,0.00,0.00
145,1536,4684.05,74986.88,65618.77,0.00,9368.11,397.39,0.00,0.00
146,1536,4698.04,75179.59,65783.52,0.00,9396.07,397.39,0.00,0.00
147,1536,4694.88,75074.10,65685.34,0.00,9388.76,397.39,0.00,0.00
148,1536,4695.10,75211.67,65820.46,0.00,9391.21,404.61,0.00,0.00
149,1536,4752.80,75924.84,66419.23,0.00,9505.60,397.39,0.00,0.00
150,1536,4695.95,75248.16,65856.26,0.00,9391.89,397.39,0.00,0.00
151,1536,4674.12,74766.91,65420.67,0.00,9346.24,397.39,0.00,0.00
152,1536,4724.19,75398.02,65947.64,0.00,9450.38,404.61,0.00,0.00
153,1536,4691.82,75426.15,66042.50,0.00,9383.65,397.39,0.00,0.00
154,1536,4677.51,74965.19,65610.17,0.00,9355.03,397.39,0.00,0.00
155,1536,4676.02,74920.27,65568.24,0.00,9352.03,397.39,0.00,0.00
156,1536,4715.56,75282.95,65851.83,0.00,9431.12,404.61,0.00,0.00
157,1536,4700.53,75217.41,65816.36,0.00,9401.05,397.39,0.00,0.00
158,1536,4713.92,75211.70,65783.86,0.00,9427.84,404.61,0.00,0.00
159,1536,4686.12,75073.92,65701.68,0.00,9372.24,404.61,0.00,0.00
160,1536,4695.03,75322.52,65933.46,0.00,9389.07,397.39,0.00,0.00
161,1536,4718.37,75226.97,65789.22,0.00,9437.75,404.61,0.00,0.00
162,1536,4664.94,74729.11,65399.22,0.00,9329.89,397.39,0.00,0.00
163,1536,4712.50,75273.08,65848.07,0.00,9425.01,397.39,0.00,0.00
164,1536,4682.17,75173.71,65809.38,0.00,9364.34,404.61,0.00,0.00
165,1536,4693.96,75319.38,65931.46,0.00,9387.92,397.39,0.00,0.00
166,1536,4732.24,75349.75,65885.28,0.00,9464.47,397.39,0.00,0.00
167,1536,4691.19,74910.98,65528.61,0.00,9382.37,397.39,0.00,0.00
168,1536,4680.89,74919.24,65557.46,0.00,9361.78,404.61,0.00,0.00
169,1536,4703.87,75066.96,65659.22,0.00,9407.74,404.61,0.00,0.00
170,1536,4658.77,74946.30,65630.76,0.00,9315.54,404.61,0.00,0.00
171,1536,4690.40,75053.35,65670.56,0.00,9382.79,397.39,0.00,0.00
172,1536,4719.28,75310.44,65871.88,0.00,9438.56,404.61,0.00,0.00
173,1536,4681.67,74928.79,65565.44,0.00,9363.35,397.39,0.00,0.00
174,1536,4701.93,75068.95,65665.08,0.00,9403.87,397.39,0.00,0.00
175,1536,4675.61,74954.76,65603.54,0.00,9351.22,397.39,0.00,0.00
176,1536,4699.06,75144.02,65748.89,0.00,9395.13,397.39,0.00,0.00
177,1536,4696.14,75312.21,65917.93,0.00,9394.28,404.61,0.00,0.00
178,1536,4718.15,75447.33,66010.04,0.00,9437.29,397.39,0.00,0.00
179,1536,4696.38,74960.01,65568.26,0.00,9391.75,397.39,0.00,0.00
180,1536,4657.82,74908.14,65591.50,0.00,9316.64,397.39,0.00,0.00
181,1536,4687.54,74965.59,65591.52,0.00,9374.07,404.61,0.00,0.00
182,1536,4695.37,74934.89,65543.15,0.00,9391.74,404.61,0.00,0.00
183,1536,4687.34,74837.35,65462.68,0.00,9374.67,404.61,0.00,0.00
184,1536,4664.35,74730.63,65401.93,0.00,9328.71,404.61,0.00,0.00
185,1536,4671.85,74999.52,65655.83,0.00,9343.69,404.61,0.00,0.00
186,1536,4701.07,74757.10,65354.96,0.00,9402.14,404.61,0.00,0.00
187,1536,4690.05,75230.76,65853.67,0.00,9377.10,404.61,0.00,0.00
188,1536,4702.59,75180.46,65772.28,0.00,9408.18,397.39,0.00,0.00
189,1536,4678.63,75404.00,66047.75,0.00,9356.26,397.39,0.00,0.00
190,1536,4721.38,75004.00,65560.24,0.00,9443.76,397.39,0.00,0.00
191,1536,4690.95,74933.16,65551.26,0.00,9381.89,397.39,0.00,0.00
192,1536,4701.01,75456.19,66054.16,0.00,9402.02,397.39,0.00,0.00
193,1536,4707.70,75360.26,65944.86,0.00,9415.41,397.39,0.00,0.00
194,1536,4728.80,75433.69,65976.10,0.00,9457.59,397.39,0.00,0.00
195,1536,4701.47,75383.60,65980.65,0.00,9402.95,397.39,0.00,0.00
196,1536,4669.90,74787.47,65448.66,0.00,9338.81,404.61,0.00,0.00
197,1536,4694.90,74959.48,65568.67,0.00,9390.81,397.39,0.00,0.00
198,1536,4676.29,75005.67,65653.09,0.00,9352.58,397.39,0.00,0.00
199,1536,4748.85,75758.62,66260.92,0.00,9497.70,397.39,0.00,0.00
200,1536,4673.95,74885.24,65538.34,0.00,9346.91,397.39,0.00,0.00
201,1536,4719.00,75648.94,66209.95,0.00,9438.99,404.61,0.00,0.00
202,1536,4701.13,75105.02,65702.77,0.00,9402.25,397.39,0.00,0.00
203,1536,4663.00,74723.06,65397.06,0.00,9326.01,404.61,0.00,0.00
204,1536,4672.96,75056.35,65710.43,0.00,9345.92,404.61,0.00,0.00
205,1536,4724.94,75192.12,65742.23,0.00,9449.89,397.39,0.00,0.00
206,1536,4709.91,75208.59,65790.77,0.00,9417.82,404.61,0.00,0.00
207,1536,4671.51,75089.06,65745.05,0.00,9344.01,404.61,0.00,0.00
208,1536,4673.54,74746.67,65398.59,0.00,9348.08,404.61,0.00,0.00
209,1536,4689.91,75008.61,65630.79,0.00,9377.83,397.39,0.00,0.00
210,1536,4695.07,75039.10,65646.96,0.00,9392.14,397.39,0.00,0.00
211,1536,4715.12,75368.97,65938.73,0.00,9430.25,397.39,0.00,0.00
212,1536,4729.54,75552.59,66093.52,0.00,9459.07,397.39,0.00,0.00
213,1536,4656.07,74550.07,65237.94,0.00,9312.13,404.61,0.00,0.00
214,1536,4705.99,75289.83,65877.85,0.00,9411.98,397.39,0.00,0.00
215,1536,4700.16,75292.51,65892.20,0.00,9400.31,397.39,0.00,0.00
216,1536,4686.41,75099.57,65726.75,0.00,9372.82,397.39,0.00,0.00
217,1536,4675.53,74921.45,65570.39,0.00,9351.06,404.61,0.00,0.00
218,1536,4722.26,75414.21,65969.68,0.00,9444.53,404.61,0.00,0.00
219,1536,4708.92,75150.68,65732.84,0.00,9417.83,397.39,0.00,0.00
220,1536,4671.27,75016.30,65674.77,0.00,9341.54,397.39,0.00,0.00
221,1536,4715.78,75296.51,65863.95,0.00,9432.56,397.39,0.00,0.00
222,1536,4690.99,75060.84,65678.86,0.00,9381.98,404.61,0.00,0.00
223,1536,4681.14,75098.21,65735.93,0.00,9362.27,397.39,0.00,0.00
224,1536,4728.79,75311.67,65854.09,0.00,9457.58,397.39,0.00,0.00
225,1536,4714.11,75540.72,66112.51,0.00,9428.22,397.39,0.00,0.00
226,1536,4672.88,74907.04,65561.28,0.00,9345.75,397.39,0.00,0.00
227,1536,4679.68,74815.88,65456.52,0.00,9359.36,397.39,0.00,0.00
228,1536,4715.24,75176.77,65746.30,0.00,9430.47,397.39,0.00,0.00
229,1536,4681.16,75118.58,65756.26,0.00,9362.32,404.61,0.00,0.00
230,1536,4697.34,75196.48,65802.80,0.00,9393.68,404.61,0.00,0.00
231,1536,4672.91,74951.56,65605.74,0.00,9345.82,397.39,0.00,0.00
232,1536,4711.74,75046.88,65622.40,0.00,9424.48,404.61,0.00,0.00
233,1536,4687.11,75122.81,65748.58,0.00,9374.23,397.39,0.00,0.00
234,1536,4689.77,75023.32,65643.78,0.00,9379.54,397.39,0.00,0.00
235,1536,4723.15,75331.44,65885.14,0.00,9446.31,404.61,0.00,0.00
236,1536,4665.84,74893.44,65561.76,0.00,9331.68,397.39,0.00,0.00
237,1536,4707.15,75280.39,65866.09,0.00,9414.30,404.61,0.00,0.00
238,1536,4692.22,75003.50,65619.07,0.00,9384.44,397.39,0.00,0.00
239,1536,4708.91,75365.54,65947.72,0.00,9417.82,404.61,0.00,0.00
240,1536,4677.49,74694.90,65339.91,0.00,9354.98,404.61,0.00,0.00
241,1536,4701.48,75069.67,65666.71,0.00,9402.96,404.61,0.00,0.00
242,1536,4677.44,75181.95,65828.08,0.00,9353.87,397.39,0.00,0.00
243,1536,4697.09,75200.44,65805.26,0.00,9395.18,397.39,0.00,0.00
244,1536,4684.14,75035.19,65667.91,0.00,9367.28,397.39,0.00,0.00
245,1536,4695.77,75232.40,65839.85,0.00,9392.55,397.39,0.00,0.00
246,1536,4712.20,75079.24,65654.84,0.00,9424.41,404.61,0.00,0.00
247,1536,4678.36,74943.77,65588.05,0.00,9355.72,397.39,0.00,0.00
248,1536,4677.91,74780.61,65423.78,0.00,9356.83,404.61,0.00,0.00
249,1536,4702.08,75156.35,65753.18,0.00,9403.17,404.61,0.00,0.00
250,1536,4648.75,75102.97,65804.46,0.00,9298.50,397.39,0.00,0.00
251,1536,4701.09,74968.45,65566.27,0.00,9402.18,404.61,0.00,0.00
252,1536,4692.25,74903.04,65519.54,0.00,9383.51,397.39,0.00,0.00
253,1536,4725.99,75666.83,66213.85,0.00,9452.98,397.39,0.00,0.00
254,1536,4702.34,75029.42,65625.75,0.00,9403.67,397.39,0.00,0.00
255,1536,4718.60,75307.53,65869.33,0.00,9438.19,404.61,0.00,0.00
256,1536,4716.93,75436.93,66003.06,0.00,9433.87,404.61,0.00,0.00
257,1536,4706.83,75585.26,66171.60,0.00,9413.66,397.39,0.00,0.00
258,1536,4710.25,75336.93,65916.43,0.00,9420.49,397.39,0.00,0.00
259,1536,4677.50,74672.94,65317.95,0.00,9354.99,404.61,0.00,0.00
260,1536,4686.96,75192.38,65819.46,0.00,9372.92,404.61,0.00,0.00
261,1536,4685.97,75331.52,65959.58,0.00,9371.94,404.61,0.00,0.00
262,1536,4727.02,75233.37,65778.32,0.00,9455.05,397.39,0.00,0.00
263,1536,4673.56,74670.95,65324.83,0.00,9346.12,397.39,0.00,0.00
264,1536,4662.09,74901.49,65577.31,0.00,9324.19,404.61,0.00,0.00
265,1536,4712.84,75439.37,66012.70,0.00,9426.67,404.61,0.00,0.00
266,1536,4697.98,75056.72,65660.76,0.00,9395.97,404.61,0.00,0.00
267,1536,4694.97,75220.58,65830.64,0.00,9389.95,397.39,0.00,0.00
268,1536,4697.99,74839.84,65443.86,0.00,9395.98,404.61,0.00,0.00
269,1536,4688.88,75027.08,65649.32,0.00,9377.76,404.61,0.00,0.00
270,1536,4702.12,75463.89,66059.65,0.00,9404.24,397.39,0.00,0.00
271,1536,4711.07,75173.11,65750.97,0.00,9422.14,404.61,0.00,0.00
272,1536,4718.93,75473.90,66036.04,0.00,9437.86,397.39,0.00,0.00
273,1536,4699.17,74967.72,65569.38,0.00,9398.34,397.39,0.00,0.00
274,1536,4667.02,74928.34,65594.30,0.00,9334.04,397.39,0.00,0.00
275,1536,4693.95,75007.23,65620.33,0.00,9386.90,404.61,0.00,0.00
276,1536,4671.46,74819.40,65476.48,0.00,9342.93,404.61,0.00,0.00
277,1536,4700.36,75262.71,65863.00,0.00,9399.71,404.61,0.00,0.00
278,1536,4700.05,75165.87,65763.76,0.00,9402.11,397.39,0.00,0.00
279,1536,4702.05,75424.73,66020.64,0.00,9404.09,397.39,0.00,0.00
280,1536,4707.05,75150.76,65736.67,0.00,9414.10,397.39,0.00,0.00
281,1536,4719.98,75464.70,66024.74,0.00,9439.96,397.39,0.00,0.00
282,1536,4672.51,74998.13,65654.11,0.00,9344.02,397.39,0.00,0.00
283,1536,4679.08,74934.26,65575.10,0.00,9359.16,404.61,0.00,0.00
284,1536,4700.42,75155.67,65754.84,0.00,9400.83,397.39,0.00,0.00
285,1536,4701.15,75110.42,65708.12,0.00,9402.30,397.39,0.00,0.00
286,1536,4684.69,75199.10,65831.72,0.00,9367.38,397.39,0.00,0.00
287,1536,4713.98,75116.67,65686.71,0.00,9429.96,397.39,0.00,0.00
288,1536,4727.03,75338.45,65884.39,0.00,9454.06,397.39,0.00,0.00
289,1536,4655.98,74894.72,65582.75,0.00,9311.96,397.39,0.00,0.00
290,1536,4728.18,75453.90,65997.54,0.00,9456.36,397.39,0.00,0.00
291,1536,4695.56,75182.01,65790.89,0.00,9391.13,397.39,0.00,0.00
292,1536,4673.03,74850.54,65504.47,0.00,9346.07,404.61,0.00,0.00
293,1536,4713.15,75207.46,65781.15,0.00,9426.31,397.39,0.00,0.00
294,1536,4737.06,75673.97,66199.84,0.00,9474.12,397.39,0.00,0.00
295,1536,4650.07,74810.12,65509.98,0.00,9300.14,404.61,0.00,0.00
296,1536,4706.14,75175.19,65764.92,0.00,9410.27,397.39,0.00,0.00
297,1536,4661.83,74630.30,65305.64,0.00,9324.66,404.61,0.00,0.00
298,1536,4718.10,75578.55,66141.35,0.00,9437.19,397.39,0.00,0.00
299,1536,4697.87,75184.84,65789.11,0.00,9395.73,404.61,0.00,0.00
300,1536,4677.54,74781.60,65543.51,0.00,9238.09,397.39,0.00,0.00
SQL statistics:
    queries performed:
        read:                            19716102
        write:                           0
        other:                           2816586
        total:                           22532688
    transactions:                        1408293 (4689.84 per sec.)
    queries:                             22532688 (75037.38 per sec.)
    ignored errors:                      0      (0.00 per sec.)
    reconnects:                          0      (0.00 per sec.)

General statistics:
    total time:                          300.2846s
    total number of events:              1408293

Latency (ms):
         min:                                    2.15
         avg:                                  327.35
         max:                                  870.43
         95th percentile:                      404.61
         sum:                            461000790.28

Threads fairness:
    events (avg/stddev):           916.8574/6.17
    execution time (avg/stddev):   300.1307/0.08

