sysbench 1.0.20 (using bundled LuaJIT 2.1.0-beta2)

Running the test with following options:
Number of threads: 1024
Report intermediate results every 1 second(s)
Initializing random number generator from current time


Initializing worker threads...

Threads started!

1,1024,7188.29,122606.54,107450.68,0.00,15155.86,484.44,0.00,0.00
2,1024,24311.07,389347.23,340756.33,0.00,48590.90,297.92,0.00,0.00
3,1024,13599.24,217228.81,190108.34,0.00,27120.48,231.53,0.00,0.00
4,1024,13357.41,213521.61,186813.78,0.00,26707.83,81.48,0.00,0.00
5,1024,13471.05,215583.84,188641.74,0.00,26942.11,84.47,0.00,0.00
6,1024,14514.39,230346.06,201325.28,0.00,29020.78,86.00,0.00,0.00
7,1024,14442.73,232903.71,204009.24,0.00,28894.47,308.84,0.00,0.00
8,1024,13723.56,219664.01,192214.88,0.00,27449.13,84.47,0.00,0.00
9,1024,13480.38,215664.13,188704.36,0.00,26959.77,84.47,0.00,0.00
10,1024,13309.22,212949.55,186341.11,0.00,26608.44,82.96,0.00,0.00
11,1024,13489.55,215684.73,188705.64,0.00,26979.09,81.48,0.00,0.00
12,1024,13500.33,216266.35,189253.69,0.00,27012.67,81.48,0.00,0.00
13,1024,13519.51,216334.18,189293.15,0.00,27041.02,82.96,0.00,0.00
14,1024,13635.84,217792.37,190522.70,0.00,27269.67,81.48,0.00,0.00
15,1024,13607.96,217732.33,190523.42,0.00,27208.92,82.96,0.00,0.00
16,1024,13747.63,220106.03,192610.78,0.00,27495.25,82.96,0.00,0.00
17,1024,13590.73,217288.72,190113.26,0.00,27175.46,82.96,0.00,0.00
18,1024,13761.81,220118.04,192579.41,0.00,27538.63,82.96,0.00,0.00
19,1024,13766.19,220451.15,192926.77,0.00,27524.39,82.96,0.00,0.00
20,1024,13764.21,220336.27,192799.86,0.00,27536.41,84.47,0.00,0.00
21,1024,13661.90,218541.42,191220.62,0.00,27320.80,84.47,0.00,0.00
22,1024,13591.56,217438.91,190249.80,0.00,27189.11,82.96,0.00,0.00
23,1024,13525.88,216427.06,189377.30,0.00,27049.76,84.47,0.00,0.00
24,1024,13520.49,216333.84,189300.86,0.00,27032.98,82.96,0.00,0.00
25,1024,13574.27,217242.39,190087.84,0.00,27154.55,81.48,0.00,0.00
26,1024,13533.10,216396.58,189333.38,0.00,27063.20,81.48,0.00,0.00
27,1024,13663.95,218662.16,191340.26,0.00,27321.89,82.96,0.00,0.00
28,1024,13531.46,216338.42,189267.49,0.00,27070.93,82.96,0.00,0.00
29,1024,13572.37,217457.00,190305.25,0.00,27151.75,82.96,0.00,0.00
30,1024,13625.27,217817.28,190572.75,0.00,27244.54,82.96,0.00,0.00
31,1024,13696.90,219250.34,191862.54,0.00,27387.79,82.96,0.00,0.00
32,1024,13558.08,217033.31,189910.14,0.00,27123.16,82.96,0.00,0.00
33,1024,13575.81,217118.01,189977.38,0.00,27140.63,82.96,0.00,0.00
34,1024,13629.74,218184.79,190915.31,0.00,27269.47,82.96,0.00,0.00
35,1024,13724.49,219450.86,192000.87,0.00,27449.99,86.00,0.00,0.00
36,1024,13694.80,219064.75,191674.16,0.00,27390.59,84.47,0.00,0.00
37,1024,13744.85,219987.58,192501.88,0.00,27485.70,84.47,0.00,0.00
38,1024,13599.03,217657.52,190456.45,0.00,27201.06,82.96,0.00,0.00
39,1024,13669.56,218627.02,191299.89,0.00,27327.13,84.47,0.00,0.00
40,1024,13783.73,220666.70,193090.24,0.00,27576.46,84.47,0.00,0.00
41,1024,14415.83,230674.25,201846.59,0.00,28827.66,132.49,0.00,0.00
42,1024,13533.83,216503.23,189430.58,0.00,27072.65,81.48,0.00,0.00
43,1024,13602.89,217508.20,190307.42,0.00,27200.77,81.48,0.00,0.00
44,1024,13556.61,216875.73,189767.52,0.00,27108.22,81.48,0.00,0.00
45,1024,13544.02,216956.32,189853.28,0.00,27103.04,81.48,0.00,0.00
46,1024,13595.81,217430.88,190251.27,0.00,27179.61,80.03,0.00,0.00
47,1024,13587.99,217508.81,190328.84,0.00,27179.98,80.03,0.00,0.00
48,1024,13587.90,217352.35,190170.56,0.00,27181.79,80.03,0.00,0.00
49,1024,13599.66,217508.61,190308.28,0.00,27200.33,80.03,0.00,0.00
50,1024,13521.89,216347.23,189307.45,0.00,27039.78,81.48,0.00,0.00
51,1024,13593.23,217654.67,190467.21,0.00,27187.46,81.48,0.00,0.00
52,1024,13657.66,218287.59,190973.26,0.00,27314.33,82.96,0.00,0.00
53,1024,13516.68,216377.84,189351.49,0.00,27026.35,82.96,0.00,0.00
54,1024,14734.17,234804.69,205336.35,0.00,29468.34,90.78,0.00,0.00
55,1024,14176.86,227581.65,199225.94,0.00,28355.71,262.64,0.00,0.00
56,1024,13541.80,216792.79,189710.19,0.00,27082.60,82.96,0.00,0.00
57,1024,13632.96,218218.36,190949.44,0.00,27268.92,82.96,0.00,0.00
58,1024,13728.60,219572.66,192121.46,0.00,27451.21,84.47,0.00,0.00
59,1024,13588.08,217506.26,190325.10,0.00,27181.16,86.00,0.00,0.00
60,1024,13669.58,218654.34,191313.17,0.00,27341.17,81.48,0.00,0.00
61,1024,13563.18,216971.86,189850.51,0.00,27121.36,82.96,0.00,0.00
62,1024,13622.79,218010.61,190764.03,0.00,27246.58,81.48,0.00,0.00
63,1024,13529.92,216401.65,189342.82,0.00,27058.83,81.48,0.00,0.00
64,1024,13596.97,217589.44,190387.51,0.00,27201.93,82.96,0.00,0.00
65,1024,13527.30,216399.84,189362.23,0.00,27037.61,82.96,0.00,0.00
66,1024,13537.87,216529.91,189442.16,0.00,27087.74,84.47,0.00,0.00
67,1024,15319.94,245253.04,214611.16,0.00,30641.88,277.21,0.00,0.00
68,1024,13583.21,217308.34,190147.92,0.00,27160.42,82.96,0.00,0.00
69,1024,13602.25,217685.97,190474.48,0.00,27211.50,84.47,0.00,0.00
70,1024,14726.81,234370.69,204917.06,0.00,29453.63,89.16,0.00,0.00
71,1024,14165.18,227823.49,199493.14,0.00,28330.35,282.25,0.00,0.00
72,1024,13770.21,220384.33,192837.92,0.00,27546.42,81.48,0.00,0.00
73,1024,13712.18,219237.88,191825.52,0.00,27412.36,84.47,0.00,0.00
74,1024,13669.17,218882.80,191532.45,0.00,27350.35,82.96,0.00,0.00
75,1024,13577.23,217090.64,189954.19,0.00,27136.46,82.96,0.00,0.00
76,1024,13680.27,218952.38,191580.83,0.00,27371.55,82.96,0.00,0.00
77,1024,13592.29,217401.70,190215.11,0.00,27186.59,81.48,0.00,0.00
78,1024,13539.38,216633.12,189560.36,0.00,27072.76,81.48,0.00,0.00
79,1024,13582.02,217462.32,190293.28,0.00,27169.04,82.96,0.00,0.00
80,1024,13747.45,219659.19,192169.30,0.00,27489.89,82.96,0.00,0.00
81,1024,13669.35,219012.59,191666.90,0.00,27345.69,84.47,0.00,0.00
82,1024,13675.88,218835.03,191483.28,0.00,27351.75,86.00,0.00,0.00
83,1024,13588.12,217405.98,190229.74,0.00,27176.25,84.47,0.00,0.00
84,1024,13556.80,216787.80,189681.20,0.00,27106.60,82.96,0.00,0.00
85,1024,13763.55,220321.75,192789.65,0.00,27532.09,82.96,0.00,0.00
86,1024,13657.41,218561.62,191240.79,0.00,27320.83,81.48,0.00,0.00
87,1024,13878.20,221868.15,194119.75,0.00,27748.40,82.96,0.00,0.00
88,1024,13738.46,219986.37,192504.45,0.00,27481.92,84.47,0.00,0.00
89,1024,13656.28,218444.53,191132.96,0.00,27311.57,82.96,0.00,0.00
90,1024,14665.69,233583.97,204264.60,0.00,29319.38,86.00,0.00,0.00
91,1024,14270.49,229508.59,200955.61,0.00,28552.98,287.38,0.00,0.00
92,1024,13553.28,216618.41,189516.86,0.00,27101.55,82.96,0.00,0.00
93,1024,13636.91,218262.61,190985.78,0.00,27276.83,82.96,0.00,0.00
94,1024,13582.87,217256.85,190095.12,0.00,27161.73,82.96,0.00,0.00
95,1024,13738.42,219810.69,192338.85,0.00,27471.84,82.96,0.00,0.00
96,1024,13713.84,219609.39,192171.72,0.00,27437.67,86.00,0.00,0.00
97,1024,13606.71,217537.35,190318.94,0.00,27218.42,86.00,0.00,0.00
98,1024,14681.50,233626.95,204288.94,0.00,29338.01,86.00,0.00,0.00
99,1024,14159.86,227990.81,199644.08,0.00,28346.73,292.60,0.00,0.00
100,1024,13583.81,217369.98,190213.36,0.00,27156.62,84.47,0.00,0.00
101,1024,13539.09,216555.46,189471.28,0.00,27084.18,82.96,0.00,0.00
102,1024,13868.13,221277.08,193550.82,0.00,27726.26,82.96,0.00,0.00
103,1024,15031.68,241260.74,211189.38,0.00,30071.36,282.25,0.00,0.00
104,1024,13540.13,216473.06,189394.81,0.00,27078.26,81.48,0.00,0.00
105,1024,15357.90,245932.43,215215.63,0.00,30716.80,287.38,0.00,0.00
106,1024,13553.55,216620.75,189508.65,0.00,27112.10,81.48,0.00,0.00
107,1024,13544.29,216581.64,189504.06,0.00,27077.58,81.48,0.00,0.00
108,1024,13525.00,216558.99,189501.99,0.00,27057.00,81.48,0.00,0.00
109,1024,14730.25,234640.84,205188.34,0.00,29452.51,86.00,0.00,0.00
110,1024,15461.93,247437.85,216517.99,0.00,30919.86,297.92,0.00,0.00
111,1024,14094.79,226585.90,198389.31,0.00,28196.59,267.41,0.00,0.00
112,1024,13550.06,216723.88,189615.76,0.00,27108.11,81.48,0.00,0.00
113,1024,13599.20,217421.18,190226.78,0.00,27194.40,81.48,0.00,0.00
114,1024,13526.43,216567.89,189517.03,0.00,27050.86,81.48,0.00,0.00
115,1024,13535.95,216495.25,189431.34,0.00,27063.91,81.48,0.00,0.00
116,1024,13644.13,218438.08,191141.82,0.00,27296.26,82.96,0.00,0.00
117,1024,13550.56,216727.01,189625.88,0.00,27101.12,81.48,0.00,0.00
118,1024,13614.44,217990.13,190762.25,0.00,27227.89,82.96,0.00,0.00
119,1024,15324.05,244821.85,214173.74,0.00,30648.11,277.21,0.00,0.00
120,1024,13684.27,219214.25,191833.71,0.00,27380.54,81.48,0.00,0.00
121,1024,13577.51,217300.15,190154.13,0.00,27146.02,81.48,0.00,0.00
122,1024,13611.08,217675.36,190455.19,0.00,27220.17,82.96,0.00,0.00
123,1024,13789.63,220728.06,193146.80,0.00,27581.26,82.96,0.00,0.00
124,1024,13617.32,217606.12,190367.47,0.00,27238.64,81.48,0.00,0.00
125,1024,13589.13,217601.15,190429.89,0.00,27171.27,81.48,0.00,0.00
126,1024,13786.81,220775.03,193189.40,0.00,27585.63,84.47,0.00,0.00
127,1024,13594.13,217411.12,190229.86,0.00,27181.27,82.96,0.00,0.00
128,1024,13678.04,218764.69,191417.61,0.00,27347.09,82.96,0.00,0.00
129,1024,13634.47,218281.56,191001.62,0.00,27279.95,82.96,0.00,0.00
130,1024,13679.46,218631.34,191277.42,0.00,27353.92,82.96,0.00,0.00
131,1024,13625.93,218024.83,190766.97,0.00,27257.85,82.96,0.00,0.00
132,1024,13578.56,217315.91,190168.79,0.00,27147.11,81.48,0.00,0.00
133,1024,13556.74,217008.89,189891.40,0.00,27117.49,84.47,0.00,0.00
134,1024,13568.03,216816.43,189688.38,0.00,27128.05,84.47,0.00,0.00
135,1024,13666.10,218953.49,191622.29,0.00,27331.20,84.47,0.00,0.00
136,1024,13666.65,218562.31,191226.02,0.00,27336.29,84.47,0.00,0.00
137,1024,13626.34,217902.45,190645.77,0.00,27256.68,82.96,0.00,0.00
138,1024,13657.57,218662.00,191343.87,0.00,27318.13,84.47,0.00,0.00
139,1024,13766.06,220210.96,192679.84,0.00,27531.12,84.47,0.00,0.00
140,1024,13590.29,217586.64,190400.06,0.00,27186.58,82.96,0.00,0.00
141,1024,13536.54,216542.61,189475.54,0.00,27067.08,84.47,0.00,0.00
142,1024,13571.57,217016.13,189867.99,0.00,27148.14,84.47,0.00,0.00
143,1024,15340.02,245509.33,214835.29,0.00,30674.04,277.21,0.00,0.00
144,1024,13599.14,217796.27,190590.99,0.00,27205.29,84.47,0.00,0.00
145,1024,13541.50,216579.04,189499.04,0.00,27080.00,84.47,0.00,0.00
146,1024,13527.66,216779.53,189724.21,0.00,27055.31,84.47,0.00,0.00
147,1024,13986.57,223188.21,195226.07,0.00,27962.15,179.94,0.00,0.00
148,1024,13583.50,217396.03,190217.02,0.00,27179.00,82.96,0.00,0.00
149,1024,13513.33,216247.28,189219.62,0.00,27027.66,82.96,0.00,0.00
150,1024,13521.89,216351.20,189315.42,0.00,27035.77,82.96,0.00,0.00
151,1024,13520.73,216373.72,189335.25,0.00,27038.46,82.96,0.00,0.00
152,1024,13526.42,216427.67,189376.84,0.00,27050.83,81.48,0.00,0.00
153,1024,13521.01,216440.11,189397.10,0.00,27043.01,82.96,0.00,0.00
154,1024,13529.11,216489.71,189418.50,0.00,27071.21,82.96,0.00,0.00
155,1024,13547.84,216486.43,189396.76,0.00,27089.68,82.96,0.00,0.00
156,1024,13514.68,216390.99,189364.62,0.00,27026.37,84.47,0.00,0.00
157,1024,13521.67,216433.70,189384.36,0.00,27049.34,84.47,0.00,0.00
158,1024,13540.93,216476.80,189399.94,0.00,27076.85,84.47,0.00,0.00
159,1024,13525.85,216530.58,189470.88,0.00,27059.70,82.96,0.00,0.00
160,1024,13652.99,218570.86,191266.88,0.00,27303.98,82.96,0.00,0.00
161,1024,13528.76,216430.17,189379.65,0.00,27050.52,82.96,0.00,0.00
162,1024,13530.92,216456.78,189389.94,0.00,27066.85,81.48,0.00,0.00
163,1024,13612.34,217663.50,190438.81,0.00,27224.69,82.96,0.00,0.00
164,1024,13506.89,216379.29,189359.50,0.00,27019.78,84.47,0.00,0.00
165,1024,13579.73,216996.66,189845.20,0.00,27151.46,82.96,0.00,0.00
166,1024,13559.42,217032.70,189913.86,0.00,27118.84,81.48,0.00,0.00
167,1024,13592.12,217563.92,190375.68,0.00,27188.24,81.48,0.00,0.00
168,1024,13549.55,216576.81,189491.71,0.00,27085.10,81.48,0.00,0.00
169,1024,13691.42,218863.78,191483.93,0.00,27379.85,81.48,0.00,0.00
170,1024,13642.04,218595.56,191298.49,0.00,27297.08,81.48,0.00,0.00
171,1024,13773.53,220285.47,192738.41,0.00,27547.06,82.96,0.00,0.00
172,1024,13556.50,216849.01,189734.01,0.00,27115.00,81.48,0.00,0.00
173,1024,13595.00,217601.05,190417.04,0.00,27184.01,82.96,0.00,0.00
174,1024,13653.51,218546.11,191228.10,0.00,27318.01,82.96,0.00,0.00
175,1024,13797.11,220547.77,192962.55,0.00,27585.22,82.96,0.00,0.00
176,1024,13669.90,218898.48,191556.67,0.00,27341.81,82.96,0.00,0.00
177,1024,13592.35,217594.64,190406.93,0.00,27187.71,86.00,0.00,0.00
178,1024,13587.58,217229.24,190058.09,0.00,27171.16,86.00,0.00,0.00
179,1024,13740.58,219843.28,192364.12,0.00,27479.16,84.47,0.00,0.00
180,1024,13613.65,217972.48,190741.17,0.00,27231.31,81.48,0.00,0.00
181,1024,13752.31,219907.98,192411.36,0.00,27496.62,81.48,0.00,0.00
182,1024,13941.83,223157.26,195263.60,0.00,27893.66,81.48,0.00,0.00
183,1024,13792.38,220547.04,192967.28,0.00,27579.76,81.48,0.00,0.00
184,1024,13788.96,220583.38,193003.46,0.00,27579.92,82.96,0.00,0.00
185,1024,13757.67,220296.83,192780.48,0.00,27516.35,82.96,0.00,0.00
186,1024,14543.72,231913.57,202829.12,0.00,29084.44,106.75,0.00,0.00
187,1024,15005.37,240858.81,210839.07,0.00,30019.74,303.33,0.00,0.00
188,1024,13646.81,218334.89,191051.28,0.00,27283.61,80.03,0.00,0.00
189,1024,13721.20,219529.21,192077.81,0.00,27451.40,81.48,0.00,0.00
190,1024,13709.69,219365.09,191954.71,0.00,27410.39,81.48,0.00,0.00
191,1024,13654.20,218483.15,191168.75,0.00,27314.39,84.47,0.00,0.00
192,1024,13781.34,220607.53,193042.85,0.00,27564.69,86.00,0.00,0.00
193,1024,13688.21,218908.31,191534.90,0.00,27373.41,86.00,0.00,0.00
194,1024,13727.39,219535.29,192093.50,0.00,27441.79,86.00,0.00,0.00
195,1024,13698.71,219298.34,191883.92,0.00,27414.42,86.00,0.00,0.00
196,1024,13746.27,219881.27,192390.74,0.00,27490.53,86.00,0.00,0.00
197,1024,13677.24,218784.92,191436.43,0.00,27348.49,86.00,0.00,0.00
198,1024,13536.29,216684.59,189611.01,0.00,27073.57,84.47,0.00,0.00
199,1024,13811.09,221143.54,193518.35,0.00,27625.19,86.00,0.00,0.00
200,1024,13715.10,219115.66,191699.46,0.00,27416.20,84.47,0.00,0.00
201,1024,13568.57,217234.22,190083.07,0.00,27151.15,84.47,0.00,0.00
202,1024,13610.60,217700.53,190477.34,0.00,27223.19,82.96,0.00,0.00
203,1024,15136.87,242132.86,211866.13,0.00,30266.73,253.35,0.00,0.00
204,1024,13592.69,217635.10,190443.71,0.00,27191.39,84.47,0.00,0.00
205,1024,13736.29,219792.71,192323.13,0.00,27469.59,82.96,0.00,0.00
206,1024,13567.37,216928.97,189790.22,0.00,27138.75,84.47,0.00,0.00
207,1024,13679.28,219188.50,191828.93,0.00,27359.57,86.00,0.00,0.00
208,1024,13673.34,218425.38,191079.70,0.00,27345.68,86.00,0.00,0.00
209,1024,13542.12,216740.97,189666.72,0.00,27074.25,82.96,0.00,0.00
210,1024,13539.51,216747.14,189657.12,0.00,27090.02,84.47,0.00,0.00
211,1024,13670.33,218688.22,191350.57,0.00,27337.65,84.47,0.00,0.00
212,1024,13626.13,217767.14,190526.87,0.00,27240.27,82.96,0.00,0.00
213,1024,13528.83,216706.31,189636.65,0.00,27069.66,81.48,0.00,0.00
214,1024,13728.71,219845.28,192385.87,0.00,27459.41,82.96,0.00,0.00
215,1024,13551.02,216703.38,189600.33,0.00,27103.05,82.96,0.00,0.00
216,1024,13620.21,217513.42,190276.00,0.00,27237.42,82.96,0.00,0.00
217,1024,13545.92,217049.72,189955.88,0.00,27093.83,82.96,0.00,0.00
218,1024,13547.39,216650.20,189571.43,0.00,27078.78,82.96,0.00,0.00
219,1024,13583.04,217363.71,190186.62,0.00,27177.09,81.48,0.00,0.00
220,1024,13802.03,220763.41,193161.36,0.00,27602.05,81.48,0.00,0.00
221,1024,13652.91,218432.58,191135.76,0.00,27296.82,81.48,0.00,0.00
222,1024,13887.13,221706.06,193923.80,0.00,27782.26,82.96,0.00,0.00
223,1024,15080.62,241865.88,211697.64,0.00,30168.24,297.92,0.00,0.00
224,1024,13540.26,216759.16,189675.64,0.00,27083.52,81.48,0.00,0.00
225,1024,13666.23,218751.66,191422.20,0.00,27329.46,81.48,0.00,0.00
226,1024,13660.91,218265.46,190951.65,0.00,27313.81,82.96,0.00,0.00
227,1024,13570.96,217246.34,190103.43,0.00,27142.92,82.96,0.00,0.00
228,1024,13683.75,218956.04,191580.54,0.00,27375.51,82.96,0.00,0.00
229,1024,13598.27,217562.40,190374.85,0.00,27187.55,82.96,0.00,0.00
230,1024,13899.28,222367.42,194555.86,0.00,27811.55,116.80,0.00,0.00
231,1024,13584.44,217273.10,190124.21,0.00,27148.89,114.72,0.00,0.00
232,1024,13546.08,216810.21,189702.06,0.00,27108.15,82.96,0.00,0.00
233,1024,13579.63,217244.00,190094.75,0.00,27149.25,84.47,0.00,0.00
234,1024,13632.69,218334.03,191055.65,0.00,27278.38,84.47,0.00,0.00
235,1024,13523.95,216441.20,189398.30,0.00,27042.90,82.96,0.00,0.00
236,1024,13618.86,217732.71,190504.00,0.00,27228.71,82.96,0.00,0.00
237,1024,13748.41,220131.47,192630.66,0.00,27500.81,82.96,0.00,0.00
238,1024,13557.42,216692.69,189583.85,0.00,27108.84,81.48,0.00,0.00
239,1024,13605.90,217652.43,190427.63,0.00,27224.80,81.48,0.00,0.00
240,1024,13524.09,216502.47,189462.28,0.00,27040.19,81.48,0.00,0.00
241,1024,13658.49,218606.77,191284.80,0.00,27321.97,81.48,0.00,0.00
242,1024,13589.64,217534.18,190352.91,0.00,27181.27,82.96,0.00,0.00
243,1024,13608.00,217583.96,190369.96,0.00,27213.99,84.47,0.00,0.00
244,1024,13607.30,217497.88,190291.27,0.00,27206.61,84.47,0.00,0.00
245,1024,13670.05,218875.81,191530.71,0.00,27345.10,84.47,0.00,0.00
246,1024,13576.78,217365.46,190203.90,0.00,27161.55,84.47,0.00,0.00
247,1024,13744.36,219685.71,192204.00,0.00,27481.71,86.00,0.00,0.00
248,1024,13522.62,216614.92,189569.68,0.00,27045.24,82.96,0.00,0.00
249,1024,13672.24,218522.82,191187.34,0.00,27335.48,84.47,0.00,0.00
250,1024,13575.86,217148.71,189993.00,0.00,27155.71,84.47,0.00,0.00
251,1024,13553.66,216991.62,189878.29,0.00,27113.33,84.47,0.00,0.00
252,1024,13588.24,217426.80,190249.32,0.00,27177.47,82.96,0.00,0.00
253,1024,13677.71,218812.40,191459.97,0.00,27352.43,81.48,0.00,0.00
254,1024,13615.81,217847.94,190612.32,0.00,27235.62,81.48,0.00,0.00
255,1024,13568.50,217142.03,190011.03,0.00,27131.00,81.48,0.00,0.00
256,1024,13556.96,217123.44,190000.51,0.00,27122.93,81.48,0.00,0.00
257,1024,13689.59,218776.45,191398.27,0.00,27378.18,81.48,0.00,0.00
258,1024,13600.27,217297.33,190095.79,0.00,27201.54,81.48,0.00,0.00
259,1024,15370.17,246487.68,215749.34,0.00,30738.34,292.60,0.00,0.00
260,1024,13541.54,216610.56,189523.49,0.00,27087.07,84.47,0.00,0.00
261,1024,13606.51,217590.12,190388.10,0.00,27202.01,84.47,0.00,0.00
262,1024,13730.91,219522.48,192055.67,0.00,27466.81,86.00,0.00,0.00
263,1024,13691.87,218986.95,191602.21,0.00,27384.74,84.47,0.00,0.00
264,1024,13655.03,218763.58,191455.51,0.00,27308.07,81.48,0.00,0.00
265,1024,13732.29,219758.69,192283.11,0.00,27475.59,82.96,0.00,0.00
266,1024,13574.34,216734.40,189603.72,0.00,27130.68,81.48,0.00,0.00
267,1024,15428.99,247068.85,216198.87,0.00,30869.98,292.60,0.00,0.00
268,1024,13664.12,218584.00,191258.75,0.00,27325.25,81.48,0.00,0.00
269,1024,13611.60,218039.60,190814.39,0.00,27225.21,81.48,0.00,0.00
270,1024,13614.61,217728.74,190499.52,0.00,27229.22,82.96,0.00,0.00
271,1024,13696.90,219100.47,191713.66,0.00,27386.81,82.96,0.00,0.00
272,1024,13661.42,218628.68,191293.85,0.00,27334.83,81.48,0.00,0.00
273,1024,13563.52,217004.27,189886.24,0.00,27118.03,81.48,0.00,0.00
274,1024,14472.13,230113.07,201175.81,0.00,28937.26,84.47,0.00,0.00
275,1024,14767.95,237850.09,208314.19,0.00,29535.90,303.33,0.00,0.00
276,1024,13543.98,216655.62,189559.67,0.00,27095.95,84.47,0.00,0.00
277,1024,13552.24,216797.83,189697.35,0.00,27100.48,84.47,0.00,0.00
278,1024,13581.96,217125.36,189964.44,0.00,27160.92,82.96,0.00,0.00
279,1024,13993.78,223958.48,195959.92,0.00,27998.56,130.13,0.00,0.00
280,1024,13693.44,219066.02,191689.14,0.00,27376.88,114.72,0.00,0.00
281,1024,13538.57,216628.16,189549.01,0.00,27079.14,81.48,0.00,0.00
282,1024,13638.60,218481.53,191199.34,0.00,27282.19,81.48,0.00,0.00
283,1024,13586.63,217434.03,190263.77,0.00,27170.25,81.48,0.00,0.00
284,1024,13555.47,216656.59,189540.64,0.00,27115.95,81.48,0.00,0.00
285,1024,13573.26,217446.21,190305.69,0.00,27140.52,81.48,0.00,0.00
286,1024,13713.73,219095.75,191672.28,0.00,27423.47,81.48,0.00,0.00
287,1024,13709.98,219458.70,192036.74,0.00,27421.96,81.48,0.00,0.00
288,1024,13638.49,218179.86,190895.88,0.00,27283.98,81.48,0.00,0.00
289,1024,13613.46,217959.37,190732.45,0.00,27226.92,81.48,0.00,0.00
290,1024,13712.59,219367.50,191943.31,0.00,27424.19,81.48,0.00,0.00
291,1024,13559.39,216950.29,189832.50,0.00,27117.79,81.48,0.00,0.00
292,1024,13615.10,217743.53,190510.34,0.00,27233.19,81.48,0.00,0.00
293,1024,13538.91,216640.51,189563.70,0.00,27076.81,81.48,0.00,0.00
294,1024,13603.97,217644.46,190435.53,0.00,27208.93,81.48,0.00,0.00
295,1024,13609.28,217710.51,190498.94,0.00,27211.56,81.48,0.00,0.00
296,1024,13525.01,216598.24,189541.22,0.00,27057.02,81.48,0.00,0.00
297,1024,13671.38,218558.01,191223.26,0.00,27334.75,82.96,0.00,0.00
298,1024,14727.50,234062.97,204605.96,0.00,29457.00,87.56,0.00,0.00
299,1024,14390.20,231844.12,203063.72,0.00,28780.40,308.84,0.00,0.00
300,1024,13497.47,215594.66,188721.69,0.00,26872.98,82.96,0.00,0.00
SQL statistics:
    queries performed:
        read:                            57668366
        write:                           0
        other:                           8238338
        total:                           65906704
    transactions:                        4119169 (13722.90 per sec.)
    queries:                             65906704 (219566.46 per sec.)
    ignored errors:                      0      (0.00 per sec.)
    reconnects:                          0      (0.00 per sec.)

General statistics:
    total time:                          300.1660s
    total number of events:              4119169

Latency (ms):
         min:                                    1.37
         avg:                                   74.59
         max:                                 1291.53
         95th percentile:                       84.47
         sum:                            307253932.69

Threads fairness:
    events (avg/stddev):           4022.6260/57.46
    execution time (avg/stddev):   300.0527/0.05

