sysbench 1.0.20 (using bundled LuaJIT 2.1.0-beta2)

Running the test with following options:
Number of threads: 1024
Report intermediate results every 1 second(s)
Initializing random number generator from current time


Initializing worker threads...

Threads started!

1,1024,6894.59,118321.62,103712.95,0.00,14608.67,434.83,0.00,0.00
2,1024,19896.15,318092.92,278362.33,0.00,39730.58,308.84,0.00,0.00
3,1024,15092.06,240960.83,210879.58,0.00,30081.25,272.27,0.00,0.00
4,1024,13332.64,213169.23,186502.95,0.00,26666.28,86.00,0.00,0.00
5,1024,13453.51,215193.18,188286.16,0.00,26907.02,90.78,0.00,0.00
6,1024,13510.98,216350.69,189326.73,0.00,27023.96,89.16,0.00,0.00
7,1024,13553.64,216872.31,189763.02,0.00,27109.29,90.78,0.00,0.00
8,1024,13514.55,216032.78,189008.68,0.00,27024.10,86.00,0.00,0.00
9,1024,13439.79,215231.62,188354.04,0.00,26877.58,84.47,0.00,0.00
10,1024,13135.98,210111.73,183840.77,0.00,26270.97,87.56,0.00,0.00
11,1024,13414.20,214524.18,187696.78,0.00,26827.40,89.16,0.00,0.00
12,1024,13511.81,216329.95,189300.33,0.00,27029.62,87.56,0.00,0.00
13,1024,13516.93,216171.86,189129.00,0.00,27042.86,87.56,0.00,0.00
14,1024,13468.48,215622.65,188695.69,0.00,26926.96,84.47,0.00,0.00
15,1024,13600.27,217477.33,190281.79,0.00,27195.54,86.00,0.00,0.00
16,1024,13630.95,218070.24,190815.34,0.00,27254.91,89.16,0.00,0.00
17,1024,13489.26,215992.21,188996.68,0.00,26995.53,87.56,0.00,0.00
18,1024,13576.99,217258.78,190111.81,0.00,27146.97,90.78,0.00,0.00
19,1024,13511.37,216159.91,189133.17,0.00,27026.74,87.56,0.00,0.00
20,1024,13598.53,217484.42,190284.37,0.00,27200.05,87.56,0.00,0.00
21,1024,13516.14,216342.26,189319.98,0.00,27022.28,89.16,0.00,0.00
22,1024,13470.34,215456.38,188515.70,0.00,26940.67,87.56,0.00,0.00
23,1024,14987.15,239648.40,209679.10,0.00,29969.30,130.13,0.00,0.00
24,1024,13737.45,220121.18,192622.28,0.00,27498.90,227.40,0.00,0.00
25,1024,13457.23,215366.61,188462.16,0.00,26904.45,86.00,0.00,0.00
26,1024,13471.22,215364.57,188430.13,0.00,26934.45,86.00,0.00,0.00
27,1024,13579.76,217457.09,190295.57,0.00,27161.52,89.16,0.00,0.00
28,1024,13553.48,216625.63,189508.67,0.00,27116.96,87.56,0.00,0.00
29,1024,13500.98,216113.68,189123.73,0.00,26989.96,92.42,0.00,0.00
30,1024,13528.45,216444.14,189383.25,0.00,27060.89,86.00,0.00,0.00
31,1024,13582.05,217575.80,190408.70,0.00,27167.10,87.56,0.00,0.00
32,1024,13509.09,215839.44,188820.26,0.00,27019.18,87.56,0.00,0.00
33,1024,13859.36,221970.69,194250.98,0.00,27719.71,186.54,0.00,0.00
34,1024,13600.60,217416.58,190216.38,0.00,27200.20,90.78,0.00,0.00
35,1024,13784.47,220645.53,193073.59,0.00,27571.94,90.78,0.00,0.00
36,1024,13670.74,218722.83,191391.36,0.00,27331.48,90.78,0.00,0.00
37,1024,14713.08,235169.20,205736.04,0.00,29433.15,101.13,0.00,0.00
38,1024,14132.99,226116.84,197855.86,0.00,28260.98,253.35,0.00,0.00
39,1024,13523.89,216595.21,189546.43,0.00,27048.78,92.42,0.00,0.00
40,1024,13547.32,216516.16,189426.51,0.00,27089.65,86.00,0.00,0.00
41,1024,13597.82,217664.17,190467.52,0.00,27196.65,84.47,0.00,0.00
42,1024,13600.25,217645.05,190447.55,0.00,27197.50,82.96,0.00,0.00
43,1024,13595.11,217602.79,190401.57,0.00,27201.22,87.56,0.00,0.00
44,1024,13496.68,215736.91,188744.54,0.00,26992.37,84.47,0.00,0.00
45,1024,13580.35,217353.64,190200.93,0.00,27152.71,90.78,0.00,0.00
46,1024,13577.23,217225.74,190070.28,0.00,27155.47,90.78,0.00,0.00
47,1024,13714.13,219307.05,191882.80,0.00,27424.26,84.47,0.00,0.00
48,1024,13486.64,215924.24,188945.95,0.00,26978.28,87.56,0.00,0.00
49,1024,13767.96,220254.42,192721.49,0.00,27532.93,176.73,0.00,0.00
50,1024,13471.99,215539.81,188595.83,0.00,26943.98,92.42,0.00,0.00
51,1024,13446.94,215314.98,188420.11,0.00,26894.87,89.16,0.00,0.00
52,1024,13555.31,216869.96,189754.34,0.00,27115.62,82.96,0.00,0.00
53,1024,13589.89,217393.25,190213.47,0.00,27179.78,84.47,0.00,0.00
54,1024,13659.03,218591.42,191279.37,0.00,27312.05,89.16,0.00,0.00
55,1024,13573.46,217004.43,189860.50,0.00,27143.93,90.78,0.00,0.00
56,1024,13516.74,216328.91,189283.42,0.00,27045.49,89.16,0.00,0.00
57,1024,13565.96,217114.34,189992.42,0.00,27121.92,86.00,0.00,0.00
58,1024,13594.49,217613.84,190411.86,0.00,27201.98,84.47,0.00,0.00
59,1024,13476.04,215715.63,188766.55,0.00,26949.08,87.56,0.00,0.00
60,1024,13623.76,217816.11,190575.60,0.00,27240.51,89.16,0.00,0.00
61,1024,13674.15,218493.38,191143.08,0.00,27350.30,95.81,0.00,0.00
62,1024,15043.91,241075.51,210990.70,0.00,30084.81,144.97,0.00,0.00
63,1024,13718.68,219388.93,191945.57,0.00,27443.37,215.44,0.00,0.00
64,1024,13608.21,217800.40,190583.98,0.00,27216.43,86.00,0.00,0.00
65,1024,15119.09,241586.50,211356.31,0.00,30230.19,257.95,0.00,0.00
66,1024,13637.66,218564.63,191280.30,0.00,27284.33,89.16,0.00,0.00
67,1024,13549.06,216411.96,189326.84,0.00,27085.12,89.16,0.00,0.00
68,1024,13450.80,215595.70,188677.11,0.00,26918.59,84.47,0.00,0.00
69,1024,13616.30,217579.82,190348.22,0.00,27231.61,87.56,0.00,0.00
70,1024,13558.15,216992.45,189876.15,0.00,27116.31,87.56,0.00,0.00
71,1024,13527.75,216630.96,189577.47,0.00,27053.50,89.16,0.00,0.00
72,1024,13524.28,216246.53,189197.96,0.00,27048.57,89.16,0.00,0.00
73,1024,13551.16,216933.50,189837.19,0.00,27096.31,87.56,0.00,0.00
74,1024,13561.47,216854.55,189738.61,0.00,27115.94,86.00,0.00,0.00
75,1024,13454.28,215489.46,188573.91,0.00,26915.55,84.47,0.00,0.00
76,1024,13537.93,216644.91,189566.05,0.00,27078.86,86.00,0.00,0.00
77,1024,13980.94,223522.01,195556.14,0.00,27965.87,158.63,0.00,0.00
78,1024,13584.65,217236.43,190070.12,0.00,27166.30,90.78,0.00,0.00
79,1024,13641.03,218298.41,191017.36,0.00,27281.05,99.33,0.00,0.00
80,1024,13554.23,216787.73,189677.26,0.00,27110.47,86.00,0.00,0.00
81,1024,13707.00,219521.05,192109.04,0.00,27412.01,90.78,0.00,0.00
82,1024,13708.47,219389.47,191975.54,0.00,27413.93,90.78,0.00,0.00
83,1024,13548.69,216747.98,189650.60,0.00,27097.37,89.16,0.00,0.00
84,1024,13572.99,216745.87,189611.88,0.00,27133.98,87.56,0.00,0.00
85,1024,13727.86,220062.77,192587.05,0.00,27475.72,86.00,0.00,0.00
86,1024,13733.72,219753.53,192289.09,0.00,27464.44,90.78,0.00,0.00
87,1024,13750.45,219843.22,192338.32,0.00,27504.90,92.42,0.00,0.00
88,1024,13603.87,217754.93,190546.18,0.00,27208.74,89.16,0.00,0.00
89,1024,13863.93,221954.88,194231.02,0.00,27723.86,176.73,0.00,0.00
90,1024,13621.86,217769.79,190528.06,0.00,27241.73,89.16,0.00,0.00
91,1024,13463.16,215400.58,188479.26,0.00,26921.32,89.16,0.00,0.00
92,1024,13560.58,216974.35,189850.18,0.00,27124.17,89.16,0.00,0.00
93,1024,13752.73,220038.69,192537.23,0.00,27501.46,95.81,0.00,0.00
94,1024,13570.53,217004.46,189864.40,0.00,27140.06,89.16,0.00,0.00
95,1024,13666.33,218846.31,191511.65,0.00,27334.66,87.56,0.00,0.00
96,1024,13677.69,218759.08,191394.69,0.00,27364.38,84.47,0.00,0.00
97,1024,13596.19,217354.04,190166.66,0.00,27187.38,87.56,0.00,0.00
98,1024,13528.45,216597.18,189547.29,0.00,27049.90,89.16,0.00,0.00
99,1024,13612.03,217720.42,190494.37,0.00,27226.05,90.78,0.00,0.00
100,1024,14962.74,239562.80,209629.33,0.00,29933.48,137.35,0.00,0.00
101,1024,15675.94,250303.06,218959.18,0.00,31343.88,292.60,0.00,0.00
102,1024,13959.68,224053.66,196125.31,0.00,27928.35,253.35,0.00,0.00
103,1024,13531.74,216338.76,189276.29,0.00,27062.47,87.56,0.00,0.00
104,1024,13543.88,216665.01,189584.26,0.00,27080.75,90.78,0.00,0.00
105,1024,13569.75,216887.80,189750.29,0.00,27137.51,92.42,0.00,0.00
106,1024,13572.76,217334.60,190181.01,0.00,27153.59,90.78,0.00,0.00
107,1024,13696.72,219235.56,191846.11,0.00,27389.45,92.42,0.00,0.00
108,1024,13571.33,217202.30,190050.64,0.00,27151.66,90.78,0.00,0.00
109,1024,13503.46,216053.35,189056.43,0.00,26996.92,89.16,0.00,0.00
110,1024,13564.83,217106.25,189972.59,0.00,27133.66,86.00,0.00,0.00
111,1024,13567.78,216905.47,189768.91,0.00,27136.56,90.78,0.00,0.00
112,1024,13520.67,216506.70,189464.37,0.00,27042.34,84.47,0.00,0.00
113,1024,14797.32,235855.09,206267.44,0.00,29587.65,101.13,0.00,0.00
114,1024,13999.20,224595.19,196591.79,0.00,28003.40,287.38,0.00,0.00
115,1024,13525.15,216402.44,189362.13,0.00,27040.31,90.78,0.00,0.00
116,1024,15306.80,244988.77,214368.18,0.00,30620.60,287.38,0.00,0.00
117,1024,15062.12,241913.10,211779.85,0.00,30133.25,150.29,0.00,0.00
118,1024,13691.84,218440.46,191060.78,0.00,27379.68,176.73,0.00,0.00
119,1024,13514.89,215995.21,188966.44,0.00,27028.77,84.47,0.00,0.00
120,1024,13655.21,218370.38,191063.95,0.00,27306.42,99.33,0.00,0.00
121,1024,14795.01,236798.21,207208.18,0.00,29590.03,112.67,0.00,0.00
122,1024,14018.39,224402.31,196364.52,0.00,28037.79,235.74,0.00,0.00
123,1024,13817.44,220926.09,193293.20,0.00,27632.89,90.78,0.00,0.00
124,1024,13470.83,215621.28,188670.62,0.00,26950.66,86.00,0.00,0.00
125,1024,13704.88,219371.12,191970.35,0.00,27400.76,90.78,0.00,0.00
126,1024,13646.16,218408.61,191110.29,0.00,27298.33,89.16,0.00,0.00
127,1024,13636.27,218117.34,190843.80,0.00,27273.54,90.78,0.00,0.00
128,1024,13546.25,216613.93,189530.44,0.00,27083.49,87.56,0.00,0.00
129,1024,15188.66,242985.51,212599.20,0.00,30386.31,248.83,0.00,0.00
130,1024,13685.33,218988.34,191619.67,0.00,27368.67,104.84,0.00,0.00
131,1024,13693.41,219287.56,191904.74,0.00,27382.82,92.42,0.00,0.00
132,1024,13670.54,218636.66,191289.58,0.00,27347.08,89.16,0.00,0.00
133,1024,14776.05,235971.70,206416.61,0.00,29555.09,97.55,0.00,0.00
134,1024,14112.19,226253.89,198039.52,0.00,28214.37,287.38,0.00,0.00
135,1024,13484.71,215666.30,188694.89,0.00,26971.42,89.16,0.00,0.00
136,1024,13538.25,216574.95,189502.45,0.00,27072.49,89.16,0.00,0.00
137,1024,13591.51,217559.18,190377.16,0.00,27182.02,89.16,0.00,0.00
138,1024,13661.22,218493.48,191166.05,0.00,27327.44,86.00,0.00,0.00
139,1024,13586.71,217454.30,190278.89,0.00,27175.41,86.00,0.00,0.00
140,1024,13521.53,216286.49,189248.43,0.00,27038.06,87.56,0.00,0.00
141,1024,13471.84,215658.37,188708.70,0.00,26949.67,89.16,0.00,0.00
142,1024,13482.68,215683.91,188724.55,0.00,26959.36,87.56,0.00,0.00
143,1024,13471.15,215691.34,188737.05,0.00,26954.29,89.16,0.00,0.00
144,1024,15140.61,242350.77,212080.55,0.00,30270.22,267.41,0.00,0.00
145,1024,14847.30,236460.72,206762.12,0.00,29698.59,101.13,0.00,0.00
146,1024,14109.86,226841.77,198615.05,0.00,28226.72,303.33,0.00,0.00
147,1024,13481.92,215490.67,188545.84,0.00,26944.83,90.78,0.00,0.00
148,1024,13581.32,217073.04,189903.41,0.00,27169.63,89.16,0.00,0.00
149,1024,14870.24,238186.89,208441.40,0.00,29745.49,272.27,0.00,0.00
150,1024,13509.78,215985.40,188973.85,0.00,27011.55,89.16,0.00,0.00
151,1024,13522.62,216419.99,189361.74,0.00,27058.25,92.42,0.00,0.00
152,1024,13517.61,216211.73,189181.51,0.00,27030.22,87.56,0.00,0.00
153,1024,13528.66,216678.51,189626.20,0.00,27052.31,92.42,0.00,0.00
154,1024,13554.21,216582.31,189477.90,0.00,27104.41,84.47,0.00,0.00
155,1024,13479.90,215741.38,188781.58,0.00,26959.80,84.47,0.00,0.00
156,1024,13473.63,215731.01,188780.76,0.00,26950.25,86.00,0.00,0.00
157,1024,15160.23,242880.66,212563.20,0.00,30317.46,167.44,0.00,0.00
158,1024,13579.29,217063.70,189898.11,0.00,27165.59,167.44,0.00,0.00
159,1024,14641.92,233908.69,204627.85,0.00,29280.84,204.11,0.00,0.00
160,1024,13628.83,218165.20,190914.55,0.00,27250.65,87.56,0.00,0.00
161,1024,13577.60,217461.54,190300.35,0.00,27161.19,89.16,0.00,0.00
162,1024,13711.76,219282.15,191863.63,0.00,27418.52,92.42,0.00,0.00
163,1024,15021.55,241090.84,211024.74,0.00,30066.10,147.61,0.00,0.00
164,1024,13891.54,221682.69,193908.61,0.00,27774.08,235.74,0.00,0.00
165,1024,15108.72,242120.51,211914.07,0.00,30206.44,153.02,0.00,0.00
166,1024,13631.28,217714.49,190440.93,0.00,27273.56,173.58,0.00,0.00
167,1024,13660.35,218452.66,191135.95,0.00,27316.71,87.56,0.00,0.00
168,1024,13599.00,217401.96,190200.96,0.00,27200.99,89.16,0.00,0.00
169,1024,13906.10,222537.52,194727.33,0.00,27810.19,204.11,0.00,0.00
170,1024,13524.97,216495.49,189448.56,0.00,27046.94,84.47,0.00,0.00
171,1024,13703.56,219426.96,192010.84,0.00,27416.12,97.55,0.00,0.00
172,1024,13674.62,218676.86,191330.63,0.00,27346.23,90.78,0.00,0.00
173,1024,13679.36,218766.80,191408.08,0.00,27358.72,90.78,0.00,0.00
174,1024,13558.36,216920.74,189805.02,0.00,27115.72,87.56,0.00,0.00
175,1024,13572.50,216997.05,189852.04,0.00,27145.00,86.00,0.00,0.00
176,1024,13583.86,217428.80,190269.07,0.00,27159.73,86.00,0.00,0.00
177,1024,13605.88,217937.21,190720.45,0.00,27216.77,89.16,0.00,0.00
178,1024,13607.37,217712.93,190503.19,0.00,27209.74,90.78,0.00,0.00
179,1024,13660.37,218401.87,191081.14,0.00,27320.73,89.16,0.00,0.00
180,1024,13493.18,215986.86,188993.51,0.00,26993.36,87.56,0.00,0.00
181,1024,15651.98,250506.72,219206.75,0.00,31299.96,277.21,0.00,0.00
182,1024,13698.14,218990.31,191588.02,0.00,27402.29,99.33,0.00,0.00
183,1024,13595.54,217577.67,190388.59,0.00,27189.08,87.56,0.00,0.00
184,1024,14091.85,225313.66,197137.96,0.00,28175.71,150.29,0.00,0.00
185,1024,13466.53,215692.38,188751.33,0.00,26941.05,104.84,0.00,0.00
186,1024,13563.06,216807.87,189689.76,0.00,27118.11,87.56,0.00,0.00
187,1024,13556.25,217219.91,190094.42,0.00,27125.49,87.56,0.00,0.00
188,1024,13537.80,216355.74,189285.14,0.00,27070.59,82.96,0.00,0.00
189,1024,13470.00,215685.97,188746.97,0.00,26939.00,87.56,0.00,0.00
190,1024,13488.91,215684.48,188710.67,0.00,26973.81,89.16,0.00,0.00
191,1024,13461.97,215478.50,188543.56,0.00,26934.94,87.56,0.00,0.00
192,1024,13548.27,216733.28,189644.75,0.00,27088.54,87.56,0.00,0.00
193,1024,13493.57,215714.12,188729.98,0.00,26984.14,87.56,0.00,0.00
194,1024,14939.55,239276.92,209393.81,0.00,29883.11,132.49,0.00,0.00
195,1024,13775.44,220369.11,192819.22,0.00,27549.89,219.36,0.00,0.00
196,1024,14157.79,224847.31,196548.73,0.00,28298.58,89.16,0.00,0.00
197,1024,14612.94,235513.98,206271.09,0.00,29242.89,277.21,0.00,0.00
198,1024,13537.94,216667.97,189585.10,0.00,27082.87,89.16,0.00,0.00
199,1024,13563.57,216808.14,189688.00,0.00,27120.14,86.00,0.00,0.00
200,1024,13532.21,216497.41,189435.99,0.00,27061.43,90.78,0.00,0.00
201,1024,13629.84,218282.45,191015.77,0.00,27266.68,110.66,0.00,0.00
202,1024,13494.91,215697.54,188710.72,0.00,26986.82,86.00,0.00,0.00
203,1024,13461.44,215652.09,188727.20,0.00,26924.89,87.56,0.00,0.00
204,1024,13516.32,216235.13,189209.49,0.00,27025.64,89.16,0.00,0.00
205,1024,13831.63,221175.06,193510.80,0.00,27664.26,173.58,0.00,0.00
206,1024,13587.85,217555.66,190379.95,0.00,27175.71,90.78,0.00,0.00
207,1024,13490.25,215740.08,188757.57,0.00,26982.51,86.00,0.00,0.00
208,1024,13582.25,217593.95,190429.46,0.00,27164.49,82.96,0.00,0.00
209,1024,14879.67,237266.63,207508.30,0.00,29758.33,137.35,0.00,0.00
210,1024,13996.04,224268.69,196283.60,0.00,27985.09,277.21,0.00,0.00
211,1024,13558.88,216932.08,189813.32,0.00,27118.76,87.56,0.00,0.00
212,1024,13508.12,216318.86,189296.63,0.00,27022.23,89.16,0.00,0.00
213,1024,13541.16,216723.55,189647.23,0.00,27076.32,84.47,0.00,0.00
214,1024,13521.63,216364.12,189315.86,0.00,27048.26,89.16,0.00,0.00
215,1024,13570.05,216998.76,189861.67,0.00,27137.10,84.47,0.00,0.00
216,1024,13532.18,216291.96,189228.59,0.00,27063.37,90.78,0.00,0.00
217,1024,13578.14,217508.29,190345.01,0.00,27163.28,90.78,0.00,0.00
218,1024,13533.92,216888.74,189808.89,0.00,27079.84,84.47,0.00,0.00
219,1024,13609.97,217368.45,190163.52,0.00,27204.93,86.00,0.00,0.00
220,1024,13498.75,216128.98,189134.48,0.00,26994.50,84.47,0.00,0.00
221,1024,13584.31,217341.91,190180.30,0.00,27161.61,86.00,0.00,0.00
222,1024,13590.84,217452.40,190258.73,0.00,27193.68,90.78,0.00,0.00
223,1024,13777.67,220333.80,192783.45,0.00,27550.35,89.16,0.00,0.00
224,1024,13639.76,218075.13,190794.61,0.00,27280.52,94.10,0.00,0.00
225,1024,13566.41,217308.50,190167.69,0.00,27140.81,90.78,0.00,0.00
226,1024,13739.61,219887.76,192408.54,0.00,27479.22,90.78,0.00,0.00
227,1024,13504.52,215988.39,188976.35,0.00,27012.05,90.78,0.00,0.00
228,1024,13664.89,218568.19,191241.42,0.00,27326.78,94.10,0.00,0.00
229,1024,13609.13,217728.09,190515.83,0.00,27212.26,86.00,0.00,0.00
230,1024,13474.22,215666.47,188718.04,0.00,26948.43,87.56,0.00,0.00
231,1024,13527.43,216381.84,189312.98,0.00,27068.85,86.00,0.00,0.00
232,1024,13490.66,215787.58,188827.26,0.00,26960.32,84.47,0.00,0.00
233,1024,13557.61,216988.80,189859.57,0.00,27129.22,89.16,0.00,0.00
234,1024,13635.03,218261.46,190993.41,0.00,27268.06,89.16,0.00,0.00
235,1024,13708.06,218519.11,191104.00,0.00,27415.11,92.42,0.00,0.00
236,1024,13570.13,217879.35,190741.09,0.00,27138.26,130.13,0.00,0.00
237,1024,15231.65,243692.43,213220.12,0.00,30472.30,282.25,0.00,0.00
238,1024,13473.24,215507.91,188573.42,0.00,26934.49,89.16,0.00,0.00
239,1024,13526.14,216485.18,189430.91,0.00,27054.27,89.16,0.00,0.00
240,1024,13493.63,215778.16,188795.89,0.00,26982.27,86.00,0.00,0.00
241,1024,13552.03,216784.45,189664.39,0.00,27120.06,84.47,0.00,0.00
242,1024,13521.80,216492.85,189466.24,0.00,27026.61,89.16,0.00,0.00
243,1024,13542.58,216723.28,189628.12,0.00,27095.16,87.56,0.00,0.00
244,1024,13550.28,216726.43,189625.88,0.00,27100.56,89.16,0.00,0.00
245,1024,13505.92,216121.65,189117.81,0.00,27003.83,90.78,0.00,0.00
246,1024,13531.70,216579.25,189518.84,0.00,27060.41,84.47,0.00,0.00
247,1024,13539.01,216395.17,189311.14,0.00,27084.02,87.56,0.00,0.00
248,1024,13497.10,216219.66,189218.45,0.00,27001.21,86.00,0.00,0.00
249,1024,13566.28,217041.54,189904.98,0.00,27136.57,89.16,0.00,0.00
250,1024,13712.44,219155.04,191740.16,0.00,27414.88,89.16,0.00,0.00
251,1024,13624.36,218156.79,190908.06,0.00,27248.73,87.56,0.00,0.00
252,1024,13533.84,216645.45,189566.77,0.00,27078.68,87.56,0.00,0.00
253,1024,13651.83,218284.30,190996.64,0.00,27287.66,89.16,0.00,0.00
254,1024,13646.26,218533.08,191232.57,0.00,27300.51,92.42,0.00,0.00
255,1024,13547.49,216711.92,189610.93,0.00,27100.99,90.78,0.00,0.00
256,1024,13636.89,218037.20,190766.42,0.00,27270.78,87.56,0.00,0.00
257,1024,13654.06,218406.96,191107.84,0.00,27299.12,86.00,0.00,0.00
258,1024,13633.63,218419.08,191142.81,0.00,27276.26,89.16,0.00,0.00
259,1024,13532.90,216440.37,189377.58,0.00,27062.80,90.78,0.00,0.00
260,1024,13482.93,215692.88,188729.02,0.00,26963.86,89.16,0.00,0.00
261,1024,13550.07,216680.42,189580.28,0.00,27100.13,89.16,0.00,0.00
262,1024,13619.40,217903.42,190664.61,0.00,27238.80,87.56,0.00,0.00
263,1024,13569.30,217271.84,190128.23,0.00,27143.60,89.16,0.00,0.00
264,1024,13673.33,218690.35,191346.68,0.00,27343.67,87.56,0.00,0.00
265,1024,13584.23,217248.75,190081.28,0.00,27167.47,89.16,0.00,0.00
266,1024,13952.86,222293.56,194397.85,0.00,27895.71,89.16,0.00,0.00
267,1024,14925.78,239962.53,210107.96,0.00,29854.57,292.60,0.00,0.00
268,1024,13501.75,215982.95,188967.46,0.00,27015.49,86.00,0.00,0.00
269,1024,14500.59,231847.42,202852.24,0.00,28995.18,200.47,0.00,0.00
270,1024,13565.75,217197.01,190062.51,0.00,27134.50,114.72,0.00,0.00
271,1024,13457.76,215377.24,188464.71,0.00,26912.53,89.16,0.00,0.00
272,1024,13515.13,216247.09,189213.83,0.00,27033.26,86.00,0.00,0.00
273,1024,13600.19,217510.07,190315.68,0.00,27194.38,86.00,0.00,0.00
274,1024,13558.76,216685.17,189568.65,0.00,27116.52,89.16,0.00,0.00
275,1024,13546.19,217158.99,190062.61,0.00,27096.38,86.00,0.00,0.00
276,1024,13476.55,215588.84,188638.74,0.00,26950.10,89.16,0.00,0.00
277,1024,15304.09,244561.43,213950.24,0.00,30611.19,282.25,0.00,0.00
278,1024,13569.72,217258.53,190128.09,0.00,27130.44,86.00,0.00,0.00
279,1024,13481.60,215936.63,188967.43,0.00,26969.21,87.56,0.00,0.00
280,1024,13542.52,216613.33,189522.29,0.00,27091.04,87.56,0.00,0.00
281,1024,14868.19,237762.00,208026.62,0.00,29735.38,114.72,0.00,0.00
282,1024,13693.91,219087.61,191704.78,0.00,27382.83,176.73,0.00,0.00
283,1024,13534.15,216740.36,189664.06,0.00,27076.30,87.56,0.00,0.00
284,1024,13647.24,217936.87,190648.38,0.00,27288.49,89.16,0.00,0.00
285,1024,15178.83,243242.25,212876.59,0.00,30365.65,253.35,0.00,0.00
286,1024,13483.82,215792.16,188829.52,0.00,26962.65,90.78,0.00,0.00
287,1024,13675.96,218429.39,191095.46,0.00,27333.92,99.33,0.00,0.00
288,1024,13542.52,216915.24,189811.21,0.00,27104.03,87.56,0.00,0.00
289,1024,13529.28,216424.50,189375.94,0.00,27048.56,87.56,0.00,0.00
290,1024,13472.79,215451.62,188503.04,0.00,26948.58,87.56,0.00,0.00
291,1024,13483.69,215632.13,188659.74,0.00,26972.39,82.96,0.00,0.00
292,1024,13442.76,215487.23,188600.71,0.00,26886.51,87.56,0.00,0.00
293,1024,13706.59,218925.44,191516.26,0.00,27409.17,87.56,0.00,0.00
294,1024,15323.83,245415.31,214773.65,0.00,30641.66,248.83,0.00,0.00
295,1024,13607.25,217693.07,190469.56,0.00,27223.51,94.10,0.00,0.00
296,1024,13544.56,216687.00,189601.88,0.00,27085.12,87.56,0.00,0.00
297,1024,13654.02,218581.30,191263.26,0.00,27318.04,89.16,0.00,0.00
298,1024,13574.98,217078.69,189929.73,0.00,27148.96,92.42,0.00,0.00
299,1024,13669.95,218729.25,191400.34,0.00,27328.91,87.56,0.00,0.00
300,1024,13487.26,215527.22,188682.70,0.00,26844.53,89.16,0.00,0.00
SQL statistics:
    queries performed:
        read:                            57667302
        write:                           0
        other:                           8238186
        total:                           65905488
    transactions:                        4119093 (13722.15 per sec.)
    queries:                             65905488 (219554.44 per sec.)
    ignored errors:                      0      (0.00 per sec.)
    reconnects:                          0      (0.00 per sec.)

General statistics:
    total time:                          300.1768s
    total number of events:              4119093

Latency (ms):
         min:                                    1.36
         avg:                                   74.59
         max:                                 1250.01
         95th percentile:                       92.42
         sum:                            307255692.76

Threads fairness:
    events (avg/stddev):           4022.5518/38.95
    execution time (avg/stddev):   300.0544/0.05

