sysbench 1.0.20 (using bundled LuaJIT 2.1.0-beta2)

Running the test with following options:
Number of threads: 64
Report intermediate results every 1 second(s)
Initializing random number generator from current time


Initializing worker threads...

Threads started!

1,64,378251.26,378251.26,378251.26,0.00,0.00,0.26,0.00,0.00
2,64,388141.83,388143.83,388143.83,0.00,0.00,0.26,0.00,0.00
3,64,387568.35,387566.35,387566.35,0.00,0.00,0.24,0.00,0.00
4,64,387271.07,387271.07,387271.07,0.00,0.00,0.20,0.00,0.00
5,64,387303.28,387303.28,387303.28,0.00,0.00,0.20,0.00,0.00
6,64,387221.53,387221.53,387221.53,0.00,0.00,0.20,0.00,0.00
7,64,387111.49,387111.49,387111.49,0.00,0.00,0.20,0.00,0.00
8,64,386879.34,386879.34,386879.34,0.00,0.00,0.19,0.00,0.00
9,64,386774.47,386774.47,386774.47,0.00,0.00,0.18,0.00,0.00
10,64,386738.75,386738.75,386738.75,0.00,0.00,0.19,0.00,0.00
11,64,386809.28,386809.28,386809.28,0.00,0.00,0.19,0.00,0.00
12,64,386814.17,386815.17,386815.17,0.00,0.00,0.18,0.00,0.00
13,64,386858.21,386857.21,386857.21,0.00,0.00,0.18,0.00,0.00
14,64,386902.45,386902.45,386902.45,0.00,0.00,0.19,0.00,0.00
15,64,386760.05,386760.05,386760.05,0.00,0.00,0.18,0.00,0.00
16,64,386723.23,386723.23,386723.23,0.00,0.00,0.18,0.00,0.00
17,64,386702.11,386702.11,386702.11,0.00,0.00,0.19,0.00,0.00
18,64,386787.27,386787.27,386787.27,0.00,0.00,0.18,0.00,0.00
19,64,386770.32,386770.32,386770.32,0.00,0.00,0.18,0.00,0.00
20,64,386770.35,386770.35,386770.35,0.00,0.00,0.18,0.00,0.00
21,64,386794.70,386794.70,386794.70,0.00,0.00,0.18,0.00,0.00
22,64,386790.46,386790.46,386790.46,0.00,0.00,0.18,0.00,0.00
23,64,386699.82,386701.82,386701.82,0.00,0.00,0.19,0.00,0.00
24,64,386761.96,386759.96,386759.96,0.00,0.00,0.19,0.00,0.00
25,64,386764.72,386764.72,386764.72,0.00,0.00,0.18,0.00,0.00
26,64,386740.96,386740.96,386740.96,0.00,0.00,0.18,0.00,0.00
27,64,386771.40,386771.40,386771.40,0.00,0.00,0.19,0.00,0.00
28,64,386729.37,386729.37,386729.37,0.00,0.00,0.18,0.00,0.00
29,64,386781.39,386781.39,386781.39,0.00,0.00,0.19,0.00,0.00
30,64,386829.17,386829.17,386829.17,0.00,0.00,0.19,0.00,0.00
31,64,386720.69,386720.69,386720.69,0.00,0.00,0.19,0.00,0.00
32,64,386854.28,386854.28,386854.28,0.00,0.00,0.18,0.00,0.00
33,64,386770.64,386770.64,386770.64,0.00,0.00,0.19,0.00,0.00
34,64,386720.26,386720.26,386720.26,0.00,0.00,0.18,0.00,0.00
35,64,386832.75,386834.75,386834.75,0.00,0.00,0.19,0.00,0.00
36,64,386786.10,386784.10,386784.10,0.00,0.00,0.18,0.00,0.00
37,64,386737.14,386737.14,386737.14,0.00,0.00,0.18,0.00,0.00
38,64,386694.87,386694.87,386694.87,0.00,0.00,0.19,0.00,0.00
39,64,386703.58,386703.58,386703.58,0.00,0.00,0.19,0.00,0.00
40,64,386701.19,386701.19,386701.19,0.00,0.00,0.19,0.00,0.00
41,64,386747.52,386747.52,386747.52,0.00,0.00,0.19,0.00,0.00
42,64,386807.46,386807.46,386807.46,0.00,0.00,0.18,0.00,0.00
43,64,386746.77,386746.77,386746.77,0.00,0.00,0.19,0.00,0.00
44,64,386729.70,386729.70,386729.70,0.00,0.00,0.19,0.00,0.00
45,64,386805.33,386805.33,386805.33,0.00,0.00,0.19,0.00,0.00
46,64,386877.22,386877.22,386877.22,0.00,0.00,0.19,0.00,0.00
47,64,386656.76,386656.76,386656.76,0.00,0.00,0.19,0.00,0.00
48,64,386715.09,386715.09,386715.09,0.00,0.00,0.19,0.00,0.00
49,64,386624.15,386624.15,386624.15,0.00,0.00,0.19,0.00,0.00
50,64,386693.27,386693.27,386693.27,0.00,0.00,0.19,0.00,0.00
51,64,386792.31,386792.31,386792.31,0.00,0.00,0.19,0.00,0.00
52,64,386883.64,386883.64,386883.64,0.00,0.00,0.19,0.00,0.00
53,64,386782.03,386782.03,386782.03,0.00,0.00,0.19,0.00,0.00
54,64,386749.57,386749.57,386749.57,0.00,0.00,0.19,0.00,0.00
55,64,386760.30,386760.30,386760.30,0.00,0.00,0.19,0.00,0.00
56,64,386810.79,386810.79,386810.79,0.00,0.00,0.19,0.00,0.00
57,64,386835.10,386837.10,386837.10,0.00,0.00,0.18,0.00,0.00
58,64,386907.51,386905.51,386905.51,0.00,0.00,0.18,0.00,0.00
59,64,386841.30,386841.30,386841.30,0.00,0.00,0.19,0.00,0.00
60,64,386786.76,386786.76,386786.76,0.00,0.00,0.19,0.00,0.00
61,64,386780.22,386780.22,386780.22,0.00,0.00,0.19,0.00,0.00
62,64,386963.62,386963.62,386963.62,0.00,0.00,0.19,0.00,0.00
63,64,386859.72,386859.72,386859.72,0.00,0.00,0.18,0.00,0.00
64,64,386776.65,386776.65,386776.65,0.00,0.00,0.19,0.00,0.00
65,64,386766.71,386766.71,386766.71,0.00,0.00,0.19,0.00,0.00
66,64,386794.48,386794.48,386794.48,0.00,0.00,0.19,0.00,0.00
67,64,386829.35,386829.35,386829.35,0.00,0.00,0.19,0.00,0.00
68,64,387042.07,387042.07,387042.07,0.00,0.00,0.19,0.00,0.00
69,64,386840.17,386842.17,386842.17,0.00,0.00,0.19,0.00,0.00
70,64,386843.13,386843.13,386843.13,0.00,0.00,0.19,0.00,0.00
71,64,386678.48,386676.48,386676.48,0.00,0.00,0.19,0.00,0.00
72,64,386752.52,386752.52,386752.52,0.00,0.00,0.19,0.00,0.00
73,64,386763.36,386764.36,386764.36,0.00,0.00,0.19,0.00,0.00
74,64,386898.32,386897.32,386897.32,0.00,0.00,0.19,0.00,0.00
75,64,386889.75,386890.75,386890.75,0.00,0.00,0.19,0.00,0.00
76,64,386859.75,386858.75,386858.75,0.00,0.00,0.19,0.00,0.00
77,64,386767.37,386767.37,386767.37,0.00,0.00,0.19,0.00,0.00
78,64,386829.14,386829.14,386829.14,0.00,0.00,0.19,0.00,0.00
79,64,386737.61,386739.61,386739.61,0.00,0.00,0.19,0.00,0.00
80,64,386739.99,386737.99,386737.99,0.00,0.00,0.19,0.00,0.00
81,64,386635.91,386635.91,386635.91,0.00,0.00,0.19,0.00,0.00
82,64,386743.08,386743.08,386743.08,0.00,0.00,0.19,0.00,0.00
83,64,386882.49,386882.49,386882.49,0.00,0.00,0.19,0.00,0.00
84,64,386901.90,386903.90,386903.90,0.00,0.00,0.19,0.00,0.00
85,64,386802.07,386800.07,386800.07,0.00,0.00,0.19,0.00,0.00
86,64,386727.11,386727.11,386727.11,0.00,0.00,0.19,0.00,0.00
87,64,386543.50,386543.50,386543.50,0.00,0.00,0.19,0.00,0.00
88,64,386705.26,386705.26,386705.26,0.00,0.00,0.19,0.00,0.00
89,64,386759.95,386759.95,386759.95,0.00,0.00,0.19,0.00,0.00
90,64,386723.20,386723.20,386723.20,0.00,0.00,0.19,0.00,0.00
91,64,386654.28,386656.28,386656.28,0.00,0.00,0.19,0.00,0.00
92,64,386688.58,386686.58,386686.58,0.00,0.00,0.19,0.00,0.00
93,64,386806.25,386807.25,386807.25,0.00,0.00,0.19,0.00,0.00
94,64,386828.30,386827.30,386827.30,0.00,0.00,0.19,0.00,0.00
95,64,386678.52,386678.52,386678.52,0.00,0.00,0.19,0.00,0.00
96,64,386744.29,386744.29,386744.29,0.00,0.00,0.19,0.00,0.00
97,64,386721.35,386721.35,386721.35,0.00,0.00,0.19,0.00,0.00
98,64,386815.91,386815.91,386815.91,0.00,0.00,0.19,0.00,0.00
99,64,386808.47,386808.47,386808.47,0.00,0.00,0.19,0.00,0.00
100,64,386841.28,386841.28,386841.28,0.00,0.00,0.19,0.00,0.00
101,64,386720.80,386720.80,386720.80,0.00,0.00,0.19,0.00,0.00
102,64,386799.60,386801.60,386801.60,0.00,0.00,0.19,0.00,0.00
103,64,386676.42,386674.42,386674.42,0.00,0.00,0.19,0.00,0.00
104,64,386805.66,386805.66,386805.66,0.00,0.00,0.19,0.00,0.00
105,64,386765.51,386766.51,386766.51,0.00,0.00,0.19,0.00,0.00
106,64,386661.56,386660.56,386660.56,0.00,0.00,0.19,0.00,0.00
107,64,386738.86,386738.86,386738.86,0.00,0.00,0.19,0.00,0.00
108,64,386694.76,386695.76,386695.76,0.00,0.00,0.19,0.00,0.00
109,64,386742.37,386741.37,386741.37,0.00,0.00,0.19,0.00,0.00
110,64,386712.43,386712.43,386712.43,0.00,0.00,0.19,0.00,0.00
111,64,386725.56,386725.56,386725.56,0.00,0.00,0.19,0.00,0.00
112,64,386703.48,386703.48,386703.48,0.00,0.00,0.19,0.00,0.00
113,64,386765.21,386765.21,386765.21,0.00,0.00,0.19,0.00,0.00
114,64,386796.23,386798.23,386798.23,0.00,0.00,0.19,0.00,0.00
115,64,386864.05,386862.05,386862.05,0.00,0.00,0.19,0.00,0.00
116,64,386776.49,386776.49,386776.49,0.00,0.00,0.19,0.00,0.00
117,64,386712.32,386712.32,386712.32,0.00,0.00,0.19,0.00,0.00
118,64,386713.39,386713.39,386713.39,0.00,0.00,0.19,0.00,0.00
119,64,386725.22,386725.22,386725.22,0.00,0.00,0.19,0.00,0.00
120,64,386749.21,386749.21,386749.21,0.00,0.00,0.19,0.00,0.00
121,64,386812.36,386812.36,386812.36,0.00,0.00,0.19,0.00,0.00
122,64,386856.98,386856.98,386856.98,0.00,0.00,0.19,0.00,0.00
123,64,386850.43,386850.43,386850.43,0.00,0.00,0.19,0.00,0.00
124,64,386748.32,386748.32,386748.32,0.00,0.00,0.19,0.00,0.00
125,64,386783.81,386783.81,386783.81,0.00,0.00,0.19,0.00,0.00
126,64,386794.91,386794.91,386794.91,0.00,0.00,0.19,0.00,0.00
127,64,386813.83,386813.83,386813.83,0.00,0.00,0.19,0.00,0.00
128,64,386871.69,386871.69,386871.69,0.00,0.00,0.19,0.00,0.00
129,64,386900.79,386902.79,386902.79,0.00,0.00,0.19,0.00,0.00
130,64,386855.63,386853.63,386853.63,0.00,0.00,0.19,0.00,0.00
131,64,386843.37,386843.37,386843.37,0.00,0.00,0.19,0.00,0.00
132,64,386840.00,386840.00,386840.00,0.00,0.00,0.19,0.00,0.00
133,64,386720.56,386720.56,386720.56,0.00,0.00,0.19,0.00,0.00
134,64,386833.07,386833.07,386833.07,0.00,0.00,0.19,0.00,0.00
135,64,386872.80,386872.80,386872.80,0.00,0.00,0.19,0.00,0.00
136,64,386844.58,386844.58,386844.58,0.00,0.00,0.19,0.00,0.00
137,64,386709.72,386709.72,386709.72,0.00,0.00,0.19,0.00,0.00
138,64,386800.27,386800.27,386800.27,0.00,0.00,0.19,0.00,0.00
139,64,386809.19,386810.19,386810.19,0.00,0.00,0.19,0.00,0.00
140,64,386785.20,386785.20,386785.20,0.00,0.00,0.19,0.00,0.00
141,64,386808.34,386809.34,386809.34,0.00,0.00,0.19,0.00,0.00
142,64,386863.24,386861.24,386861.24,0.00,0.00,0.19,0.00,0.00
143,64,386807.86,386807.86,386807.86,0.00,0.00,0.19,0.00,0.00
144,64,386697.27,386697.27,386697.27,0.00,0.00,0.19,0.00,0.00
145,64,386765.84,386765.84,386765.84,0.00,0.00,0.19,0.00,0.00
146,64,386738.30,386738.30,386738.30,0.00,0.00,0.19,0.00,0.00
147,64,386658.82,386658.82,386658.82,0.00,0.00,0.19,0.00,0.00
148,64,386749.65,386749.65,386749.65,0.00,0.00,0.19,0.00,0.00
149,64,386827.91,386827.91,386827.91,0.00,0.00,0.19,0.00,0.00
150,64,386842.24,386842.24,386842.24,0.00,0.00,0.19,0.00,0.00
151,64,386804.87,386804.87,386804.87,0.00,0.00,0.19,0.00,0.00
152,64,386844.13,386844.13,386844.13,0.00,0.00,0.19,0.00,0.00
153,64,386853.32,386853.32,386853.32,0.00,0.00,0.19,0.00,0.00
154,64,386825.06,386825.06,386825.06,0.00,0.00,0.19,0.00,0.00
155,64,386739.50,386739.50,386739.50,0.00,0.00,0.19,0.00,0.00
156,64,386790.87,386791.87,386791.87,0.00,0.00,0.19,0.00,0.00
157,64,386721.90,386720.90,386720.90,0.00,0.00,0.19,0.00,0.00
158,64,386845.11,386845.11,386845.11,0.00,0.00,0.19,0.00,0.00
159,64,386783.62,386783.62,386783.62,0.00,0.00,0.19,0.00,0.00
160,64,386800.43,386800.43,386800.43,0.00,0.00,0.19,0.00,0.00
161,64,386796.90,386796.90,386796.90,0.00,0.00,0.19,0.00,0.00
162,64,386802.75,386802.75,386802.75,0.00,0.00,0.19,0.00,0.00
163,64,386894.51,386894.51,386894.51,0.00,0.00,0.19,0.00,0.00
164,64,386891.27,386891.27,386891.27,0.00,0.00,0.19,0.00,0.00
165,64,386849.79,386849.79,386849.79,0.00,0.00,0.19,0.00,0.00
166,64,386772.40,386772.40,386772.40,0.00,0.00,0.19,0.00,0.00
167,64,386731.81,386731.81,386731.81,0.00,0.00,0.19,0.00,0.00
168,64,386790.31,386790.31,386790.31,0.00,0.00,0.19,0.00,0.00
169,64,386839.20,386841.20,386841.20,0.00,0.00,0.19,0.00,0.00
170,64,386825.33,386823.33,386823.33,0.00,0.00,0.19,0.00,0.00
171,64,386729.66,386729.66,386729.66,0.00,0.00,0.19,0.00,0.00
172,64,386764.57,386766.57,386766.57,0.00,0.00,0.19,0.00,0.00
173,64,386750.36,386748.36,386748.36,0.00,0.00,0.19,0.00,0.00
174,64,386823.73,386823.73,386823.73,0.00,0.00,0.19,0.00,0.00
175,64,386733.42,386733.42,386733.42,0.00,0.00,0.19,0.00,0.00
176,64,386810.27,386810.27,386810.27,0.00,0.00,0.19,0.00,0.00
177,64,386790.73,386790.73,386790.73,0.00,0.00,0.19,0.00,0.00
178,64,386825.65,386825.65,386825.65,0.00,0.00,0.19,0.00,0.00
179,64,386909.15,386909.15,386909.15,0.00,0.00,0.19,0.00,0.00
180,64,386889.40,386889.40,386889.40,0.00,0.00,0.19,0.00,0.00
181,64,386786.06,386786.06,386786.06,0.00,0.00,0.19,0.00,0.00
182,64,386818.31,386818.31,386818.31,0.00,0.00,0.19,0.00,0.00
183,64,386762.85,386762.85,386762.85,0.00,0.00,0.19,0.00,0.00
184,64,386754.49,386754.49,386754.49,0.00,0.00,0.19,0.00,0.00
185,64,386780.80,386780.80,386780.80,0.00,0.00,0.19,0.00,0.00
186,64,386791.98,386791.98,386791.98,0.00,0.00,0.19,0.00,0.00
187,64,386810.24,386810.24,386810.24,0.00,0.00,0.19,0.00,0.00
188,64,386770.11,386770.11,386770.11,0.00,0.00,0.19,0.00,0.00
189,64,386711.90,386711.90,386711.90,0.00,0.00,0.19,0.00,0.00
190,64,386735.07,386735.07,386735.07,0.00,0.00,0.19,0.00,0.00
191,64,386602.70,386602.70,386602.70,0.00,0.00,0.19,0.00,0.00
192,64,386801.29,386801.29,386801.29,0.00,0.00,0.19,0.00,0.00
193,64,386747.95,386747.95,386747.95,0.00,0.00,0.19,0.00,0.00
194,64,386724.88,386724.88,386724.88,0.00,0.00,0.19,0.00,0.00
195,64,386802.49,386802.49,386802.49,0.00,0.00,0.19,0.00,0.00
196,64,386814.21,386814.21,386814.21,0.00,0.00,0.19,0.00,0.00
197,64,386791.80,386791.80,386791.80,0.00,0.00,0.19,0.00,0.00
198,64,386770.38,386770.38,386770.38,0.00,0.00,0.19,0.00,0.00
199,64,386761.10,386761.10,386761.10,0.00,0.00,0.19,0.00,0.00
200,64,386742.39,386744.39,386744.39,0.00,0.00,0.19,0.00,0.00
201,64,386719.70,386717.70,386717.70,0.00,0.00,0.19,0.00,0.00
202,64,386791.55,386791.55,386791.55,0.00,0.00,0.19,0.00,0.00
203,64,386827.27,386827.27,386827.27,0.00,0.00,0.19,0.00,0.00
204,64,386832.36,386832.36,386832.36,0.00,0.00,0.19,0.00,0.00
205,64,386755.72,386755.72,386755.72,0.00,0.00,0.19,0.00,0.00
206,64,386747.51,386747.51,386747.51,0.00,0.00,0.19,0.00,0.00
207,64,386684.32,386684.32,386684.32,0.00,0.00,0.19,0.00,0.00
208,64,386818.83,386818.83,386818.83,0.00,0.00,0.19,0.00,0.00
209,64,386762.03,386762.03,386762.03,0.00,0.00,0.19,0.00,0.00
210,64,386754.52,386754.52,386754.52,0.00,0.00,0.19,0.00,0.00
211,64,386835.14,386835.14,386835.14,0.00,0.00,0.19,0.00,0.00
212,64,386783.33,386785.33,386785.33,0.00,0.00,0.19,0.00,0.00
213,64,386748.86,386750.86,386750.86,0.00,0.00,0.19,0.00,0.00
214,64,386777.19,386775.19,386775.19,0.00,0.00,0.19,0.00,0.00
215,64,386690.87,386688.87,386688.87,0.00,0.00,0.19,0.00,0.00
216,64,386769.00,386771.00,386771.00,0.00,0.00,0.19,0.00,0.00
217,64,386740.54,386738.54,386738.54,0.00,0.00,0.19,0.00,0.00
218,64,386668.58,386668.58,386668.58,0.00,0.00,0.19,0.00,0.00
219,64,386640.45,386640.45,386640.45,0.00,0.00,0.19,0.00,0.00
220,64,386639.25,386639.25,386639.25,0.00,0.00,0.19,0.00,0.00
221,64,386659.77,386659.77,386659.77,0.00,0.00,0.19,0.00,0.00
222,64,386774.45,386774.45,386774.45,0.00,0.00,0.19,0.00,0.00
223,64,386705.66,386705.66,386705.66,0.00,0.00,0.19,0.00,0.00
224,64,386764.80,386764.80,386764.80,0.00,0.00,0.19,0.00,0.00
225,64,386717.05,386717.05,386717.05,0.00,0.00,0.19,0.00,0.00
226,64,386628.92,386630.92,386630.92,0.00,0.00,0.19,0.00,0.00
227,64,386653.33,386651.33,386651.33,0.00,0.00,0.19,0.00,0.00
228,64,386758.29,386758.29,386758.29,0.00,0.00,0.19,0.00,0.00
229,64,386759.81,386759.81,386759.81,0.00,0.00,0.19,0.00,0.00
230,64,386700.47,386700.47,386700.47,0.00,0.00,0.19,0.00,0.00
231,64,386634.76,386634.76,386634.76,0.00,0.00,0.19,0.00,0.00
232,64,386669.01,386669.01,386669.01,0.00,0.00,0.19,0.00,0.00
233,64,386733.39,386735.39,386735.39,0.00,0.00,0.19,0.00,0.00
234,64,386780.24,386778.24,386778.24,0.00,0.00,0.19,0.00,0.00
235,64,386847.26,386849.26,386849.26,0.00,0.00,0.19,0.00,0.00
236,64,386780.29,386778.29,386778.29,0.00,0.00,0.19,0.00,0.00
237,64,386672.69,386672.69,386672.69,0.00,0.00,0.19,0.00,0.00
238,64,386775.53,386775.53,386775.53,0.00,0.00,0.19,0.00,0.00
239,64,386702.68,386702.68,386702.68,0.00,0.00,0.19,0.00,0.00
240,64,386736.92,386736.92,386736.92,0.00,0.00,0.19,0.00,0.00
241,64,386829.39,386829.39,386829.39,0.00,0.00,0.19,0.00,0.00
242,64,386751.94,386751.94,386751.94,0.00,0.00,0.19,0.00,0.00
243,64,386772.86,386772.86,386772.86,0.00,0.00,0.19,0.00,0.00
244,64,386723.19,386723.19,386723.19,0.00,0.00,0.19,0.00,0.00
245,64,386685.78,386685.78,386685.78,0.00,0.00,0.19,0.00,0.00
246,64,386732.18,386732.18,386732.18,0.00,0.00,0.19,0.00,0.00
247,64,386671.46,386671.46,386671.46,0.00,0.00,0.19,0.00,0.00
248,64,386783.30,386783.30,386783.30,0.00,0.00,0.19,0.00,0.00
249,64,386788.21,386788.21,386788.21,0.00,0.00,0.19,0.00,0.00
250,64,386796.08,386796.08,386796.08,0.00,0.00,0.19,0.00,0.00
251,64,386780.44,386780.44,386780.44,0.00,0.00,0.19,0.00,0.00
252,64,386748.86,386748.86,386748.86,0.00,0.00,0.19,0.00,0.00
253,64,386699.29,386700.29,386700.29,0.00,0.00,0.19,0.00,0.00
254,64,386788.22,386787.22,386787.22,0.00,0.00,0.19,0.00,0.00
255,64,386770.33,386770.33,386770.33,0.00,0.00,0.19,0.00,0.00
256,64,386709.31,386709.31,386709.31,0.00,0.00,0.19,0.00,0.00
257,64,386628.98,386628.98,386628.98,0.00,0.00,0.19,0.00,0.00
258,64,386752.84,386753.84,386753.84,0.00,0.00,0.19,0.00,0.00
259,64,386738.35,386737.35,386737.35,0.00,0.00,0.19,0.00,0.00
260,64,386783.24,386783.24,386783.24,0.00,0.00,0.19,0.00,0.00
261,64,386781.74,386781.74,386781.74,0.00,0.00,0.19,0.00,0.00
262,64,386778.04,386778.04,386778.04,0.00,0.00,0.19,0.00,0.00
263,64,386697.92,386697.92,386697.92,0.00,0.00,0.19,0.00,0.00
264,64,386705.96,386705.96,386705.96,0.00,0.00,0.19,0.00,0.00
265,64,386682.15,386684.15,386684.15,0.00,0.00,0.19,0.00,0.00
266,64,386737.47,386735.47,386735.47,0.00,0.00,0.19,0.00,0.00
267,64,386746.69,386746.69,386746.69,0.00,0.00,0.19,0.00,0.00
268,64,386771.31,386771.31,386771.31,0.00,0.00,0.19,0.00,0.00
269,64,386760.60,386762.60,386762.60,0.00,0.00,0.19,0.00,0.00
270,64,386683.66,386681.66,386681.66,0.00,0.00,0.19,0.00,0.00
271,64,386689.68,386689.68,386689.68,0.00,0.00,0.19,0.00,0.00
272,64,386857.82,386857.82,386857.82,0.00,0.00,0.19,0.00,0.00
273,64,386849.16,386851.16,386851.16,0.00,0.00,0.19,0.00,0.00
274,64,386754.00,386752.00,386752.00,0.00,0.00,0.19,0.00,0.00
275,64,386773.58,386773.58,386773.58,0.00,0.00,0.19,0.00,0.00
276,64,386684.02,386684.02,386684.02,0.00,0.00,0.19,0.00,0.00
277,64,386660.30,386660.30,386660.30,0.00,0.00,0.19,0.00,0.00
278,64,386746.18,386746.18,386746.18,0.00,0.00,0.19,0.00,0.00
279,64,386725.58,386727.58,386727.58,0.00,0.00,0.19,0.00,0.00
280,64,386789.09,386787.09,386787.09,0.00,0.00,0.19,0.00,0.00
281,64,386771.87,386771.87,386771.87,0.00,0.00,0.19,0.00,0.00
282,64,386770.56,386770.56,386770.56,0.00,0.00,0.19,0.00,0.00
283,64,386705.80,386705.80,386705.80,0.00,0.00,0.19,0.00,0.00
284,64,386730.68,386730.68,386730.68,0.00,0.00,0.19,0.00,0.00
285,64,386756.76,386756.76,386756.76,0.00,0.00,0.19,0.00,0.00
286,64,386865.85,386865.85,386865.85,0.00,0.00,0.19,0.00,0.00
287,64,386825.76,386825.76,386825.76,0.00,0.00,0.19,0.00,0.00
288,64,386790.30,386790.30,386790.30,0.00,0.00,0.19,0.00,0.00
289,64,386735.15,386735.15,386735.15,0.00,0.00,0.19,0.00,0.00
290,64,386787.20,386787.20,386787.20,0.00,0.00,0.19,0.00,0.00
291,64,386665.47,386665.47,386665.47,0.00,0.00,0.19,0.00,0.00
292,64,386722.19,386722.19,386722.19,0.00,0.00,0.19,0.00,0.00
293,64,386740.70,386740.70,386740.70,0.00,0.00,0.19,0.00,0.00
294,64,386754.92,386754.92,386754.92,0.00,0.00,0.19,0.00,0.00
295,64,386675.86,386676.86,386676.86,0.00,0.00,0.19,0.00,0.00
296,64,386693.62,386692.62,386692.62,0.00,0.00,0.19,0.00,0.00
297,64,386680.63,386680.63,386680.63,0.00,0.00,0.19,0.00,0.00
298,64,386774.89,386774.89,386774.89,0.00,0.00,0.19,0.00,0.00
299,64,386755.36,386755.36,386755.36,0.00,0.00,0.19,0.00,0.00
SQL statistics:
    queries performed:
        read:                            116026518
        write:                           0
        other:                           0
        total:                           116026518
    transactions:                        116026518 (386741.48 per sec.)
    queries:                             116026518 (386741.48 per sec.)
    ignored errors:                      0      (0.00 per sec.)
    reconnects:                          0      (0.00 per sec.)

General statistics:
    total time:                          300.0092s
    total number of events:              116026518

Latency (ms):
         min:                                    0.06
         avg:                                    0.16
         max:                                   30.86
         95th percentile:                        0.19
         sum:                             19116773.16

Threads fairness:
    events (avg/stddev):           1812914.3438/46466.69
    execution time (avg/stddev):   298.6996/0.05

