sysbench 1.0.20 (using bundled LuaJIT 2.1.0-beta2)

Running the test with following options:
Number of threads: 1024
Report intermediate results every 1 second(s)
Initializing random number generator from current time


Initializing worker threads...

Threads started!

1,1024,286969.71,286968.79,286968.79,0.00,0.00,3.19,0.00,0.00
2,1024,354007.17,354005.03,354005.03,0.00,0.00,3.68,0.00,0.00
3,1024,325449.00,325452.00,325452.00,0.00,0.00,3.75,0.00,0.00
4,1024,325491.16,325491.16,325491.16,0.00,0.00,3.75,0.00,0.00
5,1024,325509.59,325509.59,325509.59,0.00,0.00,3.68,0.00,0.00
6,1024,325555.90,325553.90,325553.90,0.00,0.00,3.68,0.00,0.00
7,1024,327391.70,327393.70,327393.70,0.00,0.00,3.62,0.00,0.00
8,1024,325617.27,325617.27,325617.27,0.00,0.00,3.62,0.00,0.00
9,1024,327658.82,327657.82,327657.82,0.00,0.00,3.68,0.00,0.00
10,1024,329658.16,329659.16,329659.16,0.00,0.00,3.68,0.00,0.00
11,1024,325614.01,325613.01,325613.01,0.00,0.00,3.75,0.00,0.00
12,1024,325543.53,325544.53,325544.53,0.00,0.00,3.75,0.00,0.00
13,1024,325578.97,325576.97,325576.97,0.00,0.00,3.68,0.00,0.00
14,1024,325670.04,325672.04,325672.04,0.00,0.00,3.68,0.00,0.00
15,1024,325507.79,325505.79,325505.79,0.00,0.00,3.68,0.00,0.00
16,1024,325655.60,325657.60,325657.60,0.00,0.00,3.68,0.00,0.00
17,1024,325633.85,325633.85,325633.85,0.00,0.00,3.68,0.00,0.00
18,1024,329547.44,329547.44,329547.44,0.00,0.00,3.62,0.00,0.00
19,1024,325685.81,325685.81,325685.81,0.00,0.00,3.68,0.00,0.00
20,1024,325649.51,325647.51,325647.51,0.00,0.00,3.68,0.00,0.00
21,1024,325647.12,325645.12,325645.12,0.00,0.00,3.68,0.00,0.00
22,1024,325634.35,325634.35,325634.35,0.00,0.00,3.68,0.00,0.00
23,1024,325628.43,325632.43,325632.43,0.00,0.00,3.62,0.00,0.00
24,1024,325668.02,325665.02,325665.02,0.00,0.00,3.62,0.00,0.00
25,1024,325651.34,325654.34,325654.34,0.00,0.00,3.68,0.00,0.00
26,1024,326357.43,326356.43,326356.43,0.00,0.00,3.75,0.00,0.00
27,1024,327922.06,327919.06,327919.06,0.00,0.00,3.68,0.00,0.00
28,1024,325939.21,325943.21,325943.21,0.00,0.00,3.68,0.00,0.00
29,1024,325547.31,325542.31,325542.31,0.00,0.00,3.68,0.00,0.00
30,1024,325542.75,325547.75,325547.75,0.00,0.00,3.68,0.00,0.00
31,1024,325553.92,325553.92,325553.92,0.00,0.00,3.68,0.00,0.00
32,1024,325411.75,325411.75,325411.75,0.00,0.00,3.68,0.00,0.00
33,1024,325687.13,325686.13,325686.13,0.00,0.00,3.68,0.00,0.00
34,1024,325625.35,325624.35,325624.35,0.00,0.00,3.68,0.00,0.00
35,1024,325570.28,325571.28,325571.28,0.00,0.00,3.68,0.00,0.00
36,1024,325462.38,325463.38,325463.38,0.00,0.00,3.62,0.00,0.00
37,1024,325617.90,325617.90,325617.90,0.00,0.00,3.62,0.00,0.00
38,1024,325692.46,325692.46,325692.46,0.00,0.00,3.68,0.00,0.00
39,1024,325767.57,325767.57,325767.57,0.00,0.00,3.68,0.00,0.00
40,1024,325799.15,325799.15,325799.15,0.00,0.00,3.75,0.00,0.00
41,1024,325669.35,325669.35,325669.35,0.00,0.00,3.68,0.00,0.00
42,1024,333298.95,333296.95,333296.95,0.00,0.00,3.68,0.00,0.00
43,1024,325707.99,325707.99,325707.99,0.00,0.00,3.75,0.00,0.00
44,1024,325667.47,325669.47,325669.47,0.00,0.00,3.75,0.00,0.00
45,1024,325700.91,325699.91,325699.91,0.00,0.00,3.75,0.00,0.00
46,1024,325598.44,325598.44,325598.44,0.00,0.00,3.75,0.00,0.00
47,1024,325636.78,325637.78,325637.78,0.00,0.00,3.75,0.00,0.00
48,1024,325692.74,325690.74,325690.74,0.00,0.00,3.68,0.00,0.00
49,1024,325694.01,325696.01,325696.01,0.00,0.00,3.68,0.00,0.00
50,1024,325603.92,325601.92,325601.92,0.00,0.00,3.68,0.00,0.00
51,1024,325833.94,325835.94,325835.94,0.00,0.00,3.68,0.00,0.00
52,1024,327295.02,327295.02,327295.02,0.00,0.00,3.68,0.00,0.00
53,1024,326176.58,326173.58,326173.58,0.00,0.00,3.68,0.00,0.00
54,1024,327243.54,327246.54,327246.54,0.00,0.00,3.75,0.00,0.00
55,1024,325698.06,325697.06,325697.06,0.00,0.00,3.75,0.00,0.00
56,1024,325735.86,325736.86,325736.86,0.00,0.00,3.75,0.00,0.00
57,1024,325652.22,325652.22,325652.22,0.00,0.00,3.68,0.00,0.00
58,1024,335479.26,335478.26,335478.26,0.00,0.00,3.68,0.00,0.00
59,1024,325828.04,325829.04,325829.04,0.00,0.00,3.68,0.00,0.00
60,1024,325719.24,325718.24,325718.24,0.00,0.00,3.68,0.00,0.00
61,1024,325749.67,325747.67,325747.67,0.00,0.00,3.68,0.00,0.00
62,1024,325733.05,325734.05,325734.05,0.00,0.00,3.68,0.00,0.00
63,1024,325745.55,325747.55,325747.55,0.00,0.00,3.62,0.00,0.00
64,1024,325785.90,325783.90,325783.90,0.00,0.00,3.68,0.00,0.00
65,1024,325787.76,325788.76,325788.76,0.00,0.00,3.75,0.00,0.00
66,1024,325756.14,325755.14,325755.14,0.00,0.00,3.75,0.00,0.00
67,1024,325732.74,325731.74,325731.74,0.00,0.00,3.75,0.00,0.00
68,1024,325766.00,325769.00,325769.00,0.00,0.00,3.68,0.00,0.00
69,1024,325804.01,325801.01,325801.01,0.00,0.00,3.68,0.00,0.00
70,1024,333415.08,333416.08,333416.08,0.00,0.00,3.62,0.00,0.00
71,1024,325811.73,325813.73,325813.73,0.00,0.00,3.68,0.00,0.00
72,1024,325751.69,325748.69,325748.69,0.00,0.00,3.75,0.00,0.00
73,1024,325778.41,325779.41,325779.41,0.00,0.00,3.68,0.00,0.00
74,1024,325798.11,325800.11,325800.11,0.00,0.00,3.68,0.00,0.00
75,1024,325748.85,325745.85,325745.85,0.00,0.00,3.75,0.00,0.00
76,1024,325802.07,325803.07,325803.07,0.00,0.00,3.68,0.00,0.00
77,1024,325722.36,325723.36,325723.36,0.00,0.00,3.68,0.00,0.00
78,1024,325803.17,325802.17,325802.17,0.00,0.00,3.75,0.00,0.00
79,1024,325818.25,325819.25,325819.25,0.00,0.00,3.68,0.00,0.00
80,1024,325836.43,325833.43,325833.43,0.00,0.00,3.68,0.00,0.00
81,1024,325903.25,325903.25,325903.25,0.00,0.00,3.75,0.00,0.00
82,1024,325840.12,325841.12,325841.12,0.00,0.00,3.68,0.00,0.00
83,1024,325717.91,325720.91,325720.91,0.00,0.00,3.68,0.00,0.00
84,1024,325711.77,325709.77,325709.77,0.00,0.00,3.75,0.00,0.00
85,1024,325729.46,325731.46,325731.46,0.00,0.00,3.75,0.00,0.00
86,1024,325720.38,325720.38,325720.38,0.00,0.00,3.75,0.00,0.00
87,1024,325689.53,325689.53,325689.53,0.00,0.00,3.75,0.00,0.00
88,1024,325767.73,325763.73,325763.73,0.00,0.00,3.75,0.00,0.00
89,1024,325854.51,325857.51,325857.51,0.00,0.00,3.75,0.00,0.00
90,1024,325788.75,325788.75,325788.75,0.00,0.00,3.75,0.00,0.00
91,1024,325904.11,325904.11,325904.11,0.00,0.00,3.75,0.00,0.00
92,1024,325778.41,325778.41,325778.41,0.00,0.00,3.75,0.00,0.00
93,1024,325832.29,325833.29,325833.29,0.00,0.00,3.75,0.00,0.00
94,1024,325820.43,325819.43,325819.43,0.00,0.00,3.75,0.00,0.00
95,1024,325853.29,325854.29,325854.29,0.00,0.00,3.75,0.00,0.00
96,1024,325776.16,325775.16,325775.16,0.00,0.00,3.75,0.00,0.00
97,1024,327037.87,327038.87,327038.87,0.00,0.00,3.75,0.00,0.00
98,1024,326392.90,326392.90,326392.90,0.00,0.00,3.75,0.00,0.00
99,1024,325796.03,325796.03,325796.03,0.00,0.00,3.68,0.00,0.00
100,1024,325865.99,325863.99,325863.99,0.00,0.00,3.75,0.00,0.00
101,1024,325843.34,325841.34,325841.34,0.00,0.00,3.75,0.00,0.00
102,1024,326033.64,326030.64,326030.64,0.00,0.00,3.75,0.00,0.00
103,1024,325934.00,325940.00,325940.00,0.00,0.00,3.75,0.00,0.00
104,1024,325850.42,325851.42,325851.42,0.00,0.00,3.68,0.00,0.00
105,1024,325827.13,325827.13,325827.13,0.00,0.00,3.75,0.00,0.00
106,1024,325914.80,325914.80,325914.80,0.00,0.00,3.75,0.00,0.00
107,1024,325774.66,325774.66,325774.66,0.00,0.00,3.68,0.00,0.00
108,1024,325689.44,325689.44,325689.44,0.00,0.00,3.68,0.00,0.00
109,1024,325786.04,325786.04,325786.04,0.00,0.00,3.75,0.00,0.00
110,1024,325916.74,325916.74,325916.74,0.00,0.00,3.75,0.00,0.00
111,1024,325812.39,325811.39,325811.39,0.00,0.00,3.75,0.00,0.00
112,1024,325821.32,325822.32,325822.32,0.00,0.00,3.75,0.00,0.00
113,1024,325782.96,325779.96,325779.96,0.00,0.00,3.75,0.00,0.00
114,1024,325758.92,325759.92,325759.92,0.00,0.00,3.68,0.00,0.00
115,1024,325739.32,325739.32,325739.32,0.00,0.00,3.75,0.00,0.00
116,1024,325629.72,325629.72,325629.72,0.00,0.00,3.68,0.00,0.00
117,1024,325784.59,325784.59,325784.59,0.00,0.00,3.68,0.00,0.00
118,1024,325784.29,325782.29,325782.29,0.00,0.00,3.82,0.00,0.00
119,1024,325816.83,325820.83,325820.83,0.00,0.00,3.75,0.00,0.00
120,1024,325750.59,325748.59,325748.59,0.00,0.00,3.75,0.00,0.00
121,1024,325881.80,325883.80,325883.80,0.00,0.00,3.75,0.00,0.00
122,1024,325829.89,325827.89,325827.89,0.00,0.00,3.75,0.00,0.00
123,1024,325937.25,325939.25,325939.25,0.00,0.00,3.82,0.00,0.00
124,1024,325919.14,325919.14,325919.14,0.00,0.00,3.75,0.00,0.00
125,1024,325858.10,325854.10,325854.10,0.00,0.00,3.75,0.00,0.00
126,1024,325848.67,325852.67,325852.67,0.00,0.00,3.82,0.00,0.00
127,1024,325781.87,325779.87,325779.87,0.00,0.00,3.75,0.00,0.00
128,1024,325757.39,325758.39,325758.39,0.00,0.00,3.75,0.00,0.00
129,1024,325782.62,325782.62,325782.62,0.00,0.00,3.68,0.00,0.00
130,1024,325723.44,325721.44,325721.44,0.00,0.00,3.75,0.00,0.00
131,1024,325836.38,325839.38,325839.38,0.00,0.00,3.75,0.00,0.00
132,1024,325818.91,325816.91,325816.91,0.00,0.00,3.82,0.00,0.00
133,1024,325707.70,325707.70,325707.70,0.00,0.00,3.75,0.00,0.00
134,1024,325900.23,325901.23,325901.23,0.00,0.00,3.68,0.00,0.00
135,1024,325813.35,325809.36,325809.36,0.00,0.00,3.68,0.00,0.00
136,1024,325779.38,325783.38,325783.38,0.00,0.00,3.68,0.00,0.00
137,1024,325713.89,325712.89,325712.89,0.00,0.00,3.68,0.00,0.00
138,1024,325668.96,325669.96,325669.96,0.00,0.00,3.68,0.00,0.00
139,1024,325701.23,325699.23,325699.23,0.00,0.00,3.68,0.00,0.00
140,1024,325741.33,325744.33,325744.33,0.00,0.00,3.75,0.00,0.00
141,1024,325753.42,325751.42,325751.42,0.00,0.00,3.75,0.00,0.00
142,1024,325638.65,325640.65,325640.65,0.00,0.00,3.75,0.00,0.00
143,1024,325783.20,325783.20,325783.20,0.00,0.00,3.75,0.00,0.00
144,1024,325749.67,325749.67,325749.67,0.00,0.00,3.75,0.00,0.00
145,1024,325787.85,325787.85,325787.85,0.00,0.00,3.75,0.00,0.00
146,1024,325855.00,325855.00,325855.00,0.00,0.00,3.68,0.00,0.00
147,1024,325836.80,325836.80,325836.80,0.00,0.00,3.75,0.00,0.00
148,1024,325722.79,325722.79,325722.79,0.00,0.00,3.82,0.00,0.00
149,1024,325859.07,325859.07,325859.07,0.00,0.00,3.75,0.00,0.00
150,1024,325700.31,325700.31,325700.31,0.00,0.00,3.75,0.00,0.00
151,1024,325829.08,325829.08,325829.08,0.00,0.00,3.75,0.00,0.00
152,1024,325640.76,325640.76,325640.76,0.00,0.00,3.75,0.00,0.00
153,1024,325654.05,325652.05,325652.05,0.00,0.00,3.75,0.00,0.00
154,1024,325790.12,325792.12,325792.12,0.00,0.00,3.75,0.00,0.00
155,1024,325778.67,325777.67,325777.67,0.00,0.00,3.75,0.00,0.00
156,1024,325575.95,325576.95,325576.95,0.00,0.00,3.68,0.00,0.00
157,1024,325716.02,325716.02,325716.02,0.00,0.00,3.68,0.00,0.00
158,1024,325814.22,325813.22,325813.22,0.00,0.00,3.75,0.00,0.00
159,1024,325766.37,325767.37,325767.37,0.00,0.00,3.75,0.00,0.00
160,1024,325796.79,325795.79,325795.79,0.00,0.00,3.75,0.00,0.00
161,1024,325753.59,325754.59,325754.59,0.00,0.00,3.75,0.00,0.00
162,1024,325788.97,325788.97,325788.97,0.00,0.00,3.75,0.00,0.00
163,1024,325819.45,325815.45,325815.45,0.00,0.00,3.75,0.00,0.00
164,1024,325671.92,325674.92,325674.92,0.00,0.00,3.75,0.00,0.00
165,1024,325786.60,325786.60,325786.60,0.00,0.00,3.75,0.00,0.00
166,1024,379983.91,379984.91,379984.91,0.00,0.00,3.49,0.00,0.00
167,1024,328916.14,328916.14,328916.14,0.00,0.00,3.75,0.00,0.00
168,1024,326026.59,326026.59,326026.59,0.00,0.00,3.75,0.00,0.00
169,1024,326062.40,326061.40,326061.40,0.00,0.00,3.75,0.00,0.00
170,1024,325943.62,325944.62,325944.62,0.00,0.00,3.75,0.00,0.00
171,1024,325950.64,325950.64,325950.64,0.00,0.00,3.75,0.00,0.00
172,1024,325891.35,325891.35,325891.35,0.00,0.00,3.75,0.00,0.00
173,1024,325929.24,325929.24,325929.24,0.00,0.00,3.68,0.00,0.00
174,1024,325900.34,325898.34,325898.34,0.00,0.00,3.75,0.00,0.00
175,1024,326001.23,326003.23,326003.23,0.00,0.00,3.75,0.00,0.00
176,1024,326086.91,326084.91,326084.91,0.00,0.00,3.75,0.00,0.00
177,1024,325998.60,325999.60,325999.60,0.00,0.00,3.75,0.00,0.00
178,1024,325950.00,325951.00,325951.00,0.00,0.00,3.68,0.00,0.00
179,1024,325978.41,325974.41,325974.41,0.00,0.00,3.75,0.00,0.00
180,1024,325883.11,325886.11,325886.11,0.00,0.00,3.68,0.00,0.00
181,1024,325997.23,325997.23,325997.23,0.00,0.00,3.68,0.00,0.00
182,1024,326196.85,326193.85,326193.85,0.00,0.00,3.68,0.00,0.00
183,1024,326033.97,326037.97,326037.97,0.00,0.00,3.75,0.00,0.00
184,1024,326039.65,326037.65,326037.65,0.00,0.00,3.75,0.00,0.00
185,1024,325982.35,325984.35,325984.35,0.00,0.00,3.75,0.00,0.00
186,1024,325923.80,325920.80,325920.80,0.00,0.00,3.68,0.00,0.00
187,1024,325854.49,325854.49,325854.49,0.00,0.00,3.68,0.00,0.00
188,1024,325761.59,325764.59,325764.59,0.00,0.00,3.75,0.00,0.00
189,1024,325766.81,325762.81,325762.81,0.00,0.00,3.75,0.00,0.00
190,1024,326021.44,326025.44,326025.44,0.00,0.00,3.68,0.00,0.00
191,1024,327690.37,327690.37,327690.37,0.00,0.00,3.68,0.00,0.00
192,1024,325797.54,325794.54,325794.54,0.00,0.00,3.68,0.00,0.00
193,1024,325797.64,325800.64,325800.64,0.00,0.00,3.68,0.00,0.00
194,1024,327823.02,327822.02,327822.02,0.00,0.00,3.68,0.00,0.00
195,1024,325788.94,325787.94,325787.94,0.00,0.00,3.68,0.00,0.00
196,1024,325746.03,325748.03,325748.03,0.00,0.00,3.68,0.00,0.00
197,1024,325877.31,325876.31,325876.31,0.00,0.00,3.75,0.00,0.00
198,1024,325845.14,325842.14,325842.14,0.00,0.00,3.82,0.00,0.00
199,1024,325794.74,325798.74,325798.74,0.00,0.00,3.82,0.00,0.00
200,1024,325818.59,325816.59,325816.59,0.00,0.00,3.82,0.00,0.00
201,1024,325873.23,325874.23,325874.23,0.00,0.00,3.82,0.00,0.00
202,1024,325778.73,325777.73,325777.73,0.00,0.00,3.68,0.00,0.00
203,1024,325764.82,325765.82,325765.82,0.00,0.00,3.75,0.00,0.00
204,1024,325747.67,325748.67,325748.67,0.00,0.00,3.75,0.00,0.00
205,1024,325931.92,325929.92,325929.92,0.00,0.00,3.75,0.00,0.00
206,1024,325780.62,325781.62,325781.62,0.00,0.00,3.68,0.00,0.00
207,1024,325780.10,325779.10,325779.10,0.00,0.00,3.68,0.00,0.00
208,1024,325766.62,325768.62,325768.62,0.00,0.00,3.68,0.00,0.00
209,1024,325751.44,325751.44,325751.44,0.00,0.00,3.68,0.00,0.00
210,1024,325787.75,325785.75,325785.75,0.00,0.00,3.68,0.00,0.00
211,1024,325822.54,325823.54,325823.54,0.00,0.00,3.68,0.00,0.00
212,1024,325598.17,325597.17,325597.17,0.00,0.00,3.68,0.00,0.00
213,1024,325814.30,325814.30,325814.30,0.00,0.00,3.68,0.00,0.00
214,1024,329707.43,329708.43,329708.43,0.00,0.00,3.82,0.00,0.00
215,1024,325951.78,325952.78,325952.78,0.00,0.00,3.82,0.00,0.00
216,1024,325930.77,325930.77,325930.77,0.00,0.00,3.75,0.00,0.00
217,1024,325797.52,325797.52,325797.52,0.00,0.00,3.68,0.00,0.00
218,1024,325839.08,325837.08,325837.08,0.00,0.00,3.75,0.00,0.00
219,1024,325854.12,325855.12,325855.12,0.00,0.00,3.75,0.00,0.00
220,1024,325715.91,325716.91,325716.91,0.00,0.00,3.75,0.00,0.00
221,1024,325699.38,325697.38,325697.38,0.00,0.00,3.68,0.00,0.00
222,1024,327705.13,327707.13,327707.13,0.00,0.00,3.68,0.00,0.00
223,1024,325877.52,325873.52,325873.52,0.00,0.00,3.68,0.00,0.00
224,1024,325923.78,325924.78,325924.78,0.00,0.00,3.62,0.00,0.00
225,1024,325919.25,325920.25,325920.25,0.00,0.00,3.68,0.00,0.00
226,1024,325849.81,325849.81,325849.81,0.00,0.00,3.68,0.00,0.00
227,1024,325853.44,325855.44,325855.44,0.00,0.00,3.68,0.00,0.00
228,1024,325725.61,325725.61,325725.61,0.00,0.00,3.68,0.00,0.00
229,1024,325810.59,325808.59,325808.59,0.00,0.00,3.68,0.00,0.00
230,1024,325795.77,325797.77,325797.77,0.00,0.00,3.62,0.00,0.00
231,1024,327903.94,327903.94,327903.94,0.00,0.00,3.62,0.00,0.00
232,1024,327588.52,327586.52,327586.52,0.00,0.00,3.68,0.00,0.00
233,1024,325703.34,325704.34,325704.34,0.00,0.00,3.75,0.00,0.00
234,1024,325652.96,325652.96,325652.96,0.00,0.00,3.68,0.00,0.00
235,1024,325743.57,325744.57,325744.57,0.00,0.00,3.68,0.00,0.00
236,1024,325795.92,325788.92,325788.92,0.00,0.00,3.68,0.00,0.00
237,1024,325851.69,325856.70,325856.70,0.00,0.00,3.68,0.00,0.00
238,1024,325813.75,325815.75,325815.75,0.00,0.00,3.75,0.00,0.00
239,1024,325886.58,325885.58,325885.58,0.00,0.00,3.75,0.00,0.00
240,1024,325800.63,325799.63,325799.63,0.00,0.00,3.68,0.00,0.00
241,1024,325767.74,325768.74,325768.74,0.00,0.00,3.68,0.00,0.00
242,1024,325797.66,325796.66,325796.66,0.00,0.00,3.75,0.00,0.00
243,1024,327466.50,327466.50,327466.50,0.00,0.00,3.68,0.00,0.00
244,1024,326058.63,326058.63,326058.63,0.00,0.00,3.68,0.00,0.00
245,1024,325934.90,325936.90,325936.90,0.00,0.00,3.75,0.00,0.00
246,1024,325857.31,325855.31,325855.31,0.00,0.00,3.75,0.00,0.00
247,1024,325953.89,325954.89,325954.89,0.00,0.00,3.75,0.00,0.00
248,1024,326006.19,326007.19,326007.19,0.00,0.00,3.75,0.00,0.00
249,1024,325805.32,325804.32,325804.32,0.00,0.00,3.75,0.00,0.00
250,1024,325806.17,325807.17,325807.17,0.00,0.00,3.68,0.00,0.00
251,1024,325876.72,325873.72,325873.72,0.00,0.00,3.68,0.00,0.00
252,1024,325740.19,325743.19,325743.19,0.00,0.00,3.62,0.00,0.00
253,1024,325694.27,325694.27,325694.27,0.00,0.00,3.68,0.00,0.00
254,1024,333474.10,333471.10,333471.10,0.00,0.00,3.62,0.00,0.00
255,1024,325850.64,325849.64,325849.64,0.00,0.00,3.68,0.00,0.00
256,1024,325853.93,325853.93,325853.93,0.00,0.00,3.68,0.00,0.00
257,1024,325875.51,325879.51,325879.51,0.00,0.00,3.68,0.00,0.00
258,1024,325888.76,325885.76,325885.76,0.00,0.00,3.68,0.00,0.00
259,1024,325935.26,325937.26,325937.26,0.00,0.00,3.68,0.00,0.00
260,1024,325876.74,325869.74,325869.74,0.00,0.00,3.75,0.00,0.00
261,1024,325884.51,325888.51,325888.51,0.00,0.00,3.75,0.00,0.00
262,1024,325779.64,325783.64,325783.64,0.00,0.00,3.68,0.00,0.00
263,1024,325753.63,325753.63,325753.63,0.00,0.00,3.68,0.00,0.00
264,1024,325735.55,325731.55,325731.55,0.00,0.00,3.62,0.00,0.00
265,1024,325800.31,325804.31,325804.31,0.00,0.00,3.62,0.00,0.00
266,1024,331849.81,331848.81,331848.81,0.00,0.00,3.68,0.00,0.00
267,1024,325923.80,325924.80,325924.80,0.00,0.00,3.68,0.00,0.00
268,1024,325712.32,325710.32,325710.32,0.00,0.00,3.68,0.00,0.00
269,1024,325861.23,325858.23,325858.23,0.00,0.00,3.68,0.00,0.00
270,1024,325922.77,325927.77,325927.77,0.00,0.00,3.68,0.00,0.00
271,1024,325853.30,325849.30,325849.30,0.00,0.00,3.68,0.00,0.00
272,1024,325803.32,325807.32,325807.32,0.00,0.00,3.62,0.00,0.00
273,1024,325843.62,325841.62,325841.62,0.00,0.00,3.68,0.00,0.00
274,1024,325882.16,325884.16,325884.16,0.00,0.00,3.68,0.00,0.00
275,1024,325952.23,325952.23,325952.23,0.00,0.00,3.62,0.00,0.00
276,1024,325852.42,325852.42,325852.42,0.00,0.00,3.68,0.00,0.00
277,1024,325781.84,325779.84,325779.84,0.00,0.00,3.68,0.00,0.00
278,1024,325707.98,325709.98,325709.98,0.00,0.00,3.68,0.00,0.00
279,1024,325880.24,325877.24,325877.24,0.00,0.00,3.68,0.00,0.00
280,1024,325861.84,325862.84,325862.84,0.00,0.00,3.68,0.00,0.00
281,1024,325882.69,325884.69,325884.69,0.00,0.00,3.68,0.00,0.00
282,1024,325771.59,325767.59,325767.59,0.00,0.00,3.68,0.00,0.00
283,1024,325707.68,325710.68,325710.68,0.00,0.00,3.68,0.00,0.00
284,1024,325724.42,325721.42,325721.42,0.00,0.00,3.68,0.00,0.00
285,1024,325832.86,325836.86,325836.86,0.00,0.00,3.68,0.00,0.00
286,1024,325852.12,325849.12,325849.12,0.00,0.00,3.68,0.00,0.00
287,1024,325923.85,325924.85,325924.85,0.00,0.00,3.68,0.00,0.00
288,1024,325946.84,325946.84,325946.84,0.00,0.00,3.75,0.00,0.00
289,1024,325899.03,325901.03,325901.03,0.00,0.00,3.82,0.00,0.00
290,1024,333759.87,333758.87,333758.87,0.00,0.00,3.82,0.00,0.00
291,1024,326073.31,326074.31,326074.31,0.00,0.00,3.82,0.00,0.00
292,1024,325839.03,325837.03,325837.03,0.00,0.00,3.75,0.00,0.00
293,1024,325864.58,325864.58,325864.58,0.00,0.00,3.75,0.00,0.00
294,1024,325763.89,325764.89,325764.89,0.00,0.00,3.75,0.00,0.00
295,1024,325872.25,325869.25,325869.25,0.00,0.00,3.75,0.00,0.00
296,1024,325936.18,325940.18,325940.18,0.00,0.00,3.75,0.00,0.00
297,1024,325866.89,325866.89,325866.89,0.00,0.00,3.68,0.00,0.00
298,1024,330275.14,330275.14,330275.14,0.00,0.00,3.75,0.00,0.00
299,1024,325906.73,325905.73,325905.73,0.00,0.00,3.75,0.00,0.00
300,1024,319631.86,319632.86,319632.86,0.00,0.00,3.75,0.00,0.00
SQL statistics:
    queries performed:
        read:                            97866092
        write:                           0
        other:                           0
        total:                           97866092
    transactions:                        97866092 (326038.98 per sec.)
    queries:                             97866092 (326038.98 per sec.)
    ignored errors:                      0      (0.00 per sec.)
    reconnects:                          0      (0.00 per sec.)

General statistics:
    total time:                          300.1654s
    total number of events:              97866092

Latency (ms):
         min:                                    0.05
         avg:                                    3.14
         max:                                  775.99
         95th percentile:                        3.75
         sum:                            306872248.09

Threads fairness:
    events (avg/stddev):           95572.3555/1859.67
    execution time (avg/stddev):   299.6799/0.07

