sysbench 1.0.20 (using bundled LuaJIT 2.1.0-beta2)

Running the test with following options:
Number of threads: 16
Report intermediate results every 1 second(s)
Initializing random number generator from current time


Initializing worker threads...

Threads started!

1,16,10528.04,168609.40,147537.34,0.00,21072.06,1.86,0.00,0.00
2,16,10744.29,171881.55,150392.98,0.00,21488.57,1.73,0.00,0.00
3,16,10721.73,171588.65,150145.19,0.00,21443.46,1.73,0.00,0.00
4,16,10671.82,170719.05,149375.42,0.00,21343.63,1.76,0.00,0.00
5,16,10759.74,172134.90,150616.41,0.00,21518.49,1.73,0.00,0.00
6,16,10795.59,172761.45,151169.26,0.00,21592.18,1.64,0.00,0.00
7,16,10631.33,170111.20,148848.55,0.00,21262.65,1.79,0.00,0.00
8,16,10704.61,171263.69,149855.48,0.00,21408.21,1.73,0.00,0.00
9,16,10544.03,168712.53,147623.46,0.00,21089.07,1.82,0.00,0.00
10,16,10698.35,171171.61,149774.91,0.00,21396.70,1.76,0.00,0.00
11,16,10622.53,169918.52,148674.45,0.00,21244.06,1.79,0.00,0.00
12,16,10688.65,171075.36,149697.06,0.00,21378.29,1.73,0.00,0.00
13,16,10816.42,172983.65,151351.82,0.00,21631.83,1.67,0.00,0.00
14,16,10764.05,172265.86,150736.75,0.00,21529.11,1.73,0.00,0.00
15,16,10695.87,171133.98,149742.23,0.00,21391.75,1.76,0.00,0.00
16,16,10767.00,172277.97,150745.97,0.00,21532.00,1.73,0.00,0.00
17,16,10753.97,172102.46,150592.53,0.00,21509.93,1.67,0.00,0.00
18,16,10764.14,172208.19,150680.92,0.00,21527.27,1.73,0.00,0.00
19,16,10685.04,170935.63,149564.55,0.00,21371.08,1.79,0.00,0.00
20,16,10747.31,171964.04,150469.41,0.00,21494.63,1.73,0.00,0.00
21,16,10796.49,172764.91,151171.92,0.00,21592.99,1.61,0.00,0.00
22,16,10642.09,170250.45,148966.27,0.00,21284.18,1.82,0.00,0.00
23,16,10720.07,171530.08,150090.95,0.00,21439.14,1.76,0.00,0.00
24,16,10673.93,170772.85,149424.99,0.00,21347.86,1.76,0.00,0.00
25,16,10742.38,171866.09,150381.33,0.00,21484.76,1.70,0.00,0.00
26,16,10808.30,172934.76,151318.17,0.00,21616.59,1.67,0.00,0.00
27,16,10720.28,171525.56,150084.99,0.00,21440.57,1.76,0.00,0.00
28,16,10780.94,172551.09,150988.20,0.00,21562.89,1.64,0.00,0.00
29,16,10832.49,173270.88,151605.89,0.00,21664.99,1.61,0.00,0.00
30,16,10741.59,171884.46,150401.27,0.00,21483.18,1.73,0.00,0.00
31,16,10729.30,171693.84,150235.24,0.00,21458.61,1.76,0.00,0.00
32,16,10722.97,171530.45,150084.52,0.00,21445.93,1.76,0.00,0.00
33,16,10711.73,171413.62,149991.16,0.00,21422.45,1.76,0.00,0.00
34,16,10762.98,172189.63,150662.67,0.00,21526.95,1.70,0.00,0.00
35,16,10647.71,170337.40,149042.97,0.00,21294.43,1.79,0.00,0.00
36,16,10785.26,172604.21,151032.68,0.00,21571.53,1.70,0.00,0.00
37,16,10874.00,173917.07,152169.06,0.00,21748.01,1.58,0.00,0.00
38,16,10788.42,172625.74,151049.90,0.00,21575.84,1.70,0.00,0.00
39,16,10596.81,169580.02,148386.39,0.00,21193.63,1.82,0.00,0.00
40,16,10775.02,172425.36,150874.31,0.00,21551.04,1.64,0.00,0.00
41,16,10794.32,172709.09,151120.45,0.00,21588.64,1.61,0.00,0.00
42,16,10804.52,172826.32,151218.28,0.00,21608.04,1.67,0.00,0.00
43,16,10752.96,172058.30,150551.39,0.00,21506.91,1.73,0.00,0.00
44,16,10619.20,169904.19,148665.79,0.00,21238.40,1.79,0.00,0.00
45,16,10774.76,172437.09,150887.58,0.00,21549.51,1.70,0.00,0.00
46,16,10721.11,171538.70,150096.49,0.00,21442.21,1.73,0.00,0.00
47,16,10608.55,169705.73,148488.64,0.00,21217.09,1.79,0.00,0.00
48,16,10784.41,172561.63,150992.80,0.00,21568.83,1.70,0.00,0.00
49,16,10798.88,172794.01,151196.26,0.00,21597.75,1.64,0.00,0.00
50,16,10726.43,171612.80,150160.95,0.00,21451.85,1.76,0.00,0.00
51,16,10653.69,170433.06,149124.68,0.00,21308.38,1.79,0.00,0.00
52,16,10713.96,171421.32,149993.40,0.00,21427.91,1.76,0.00,0.00
53,16,10756.48,172129.76,150616.79,0.00,21512.97,1.67,0.00,0.00
54,16,10775.51,172398.16,150847.14,0.00,21551.02,1.70,0.00,0.00
55,16,10310.18,164999.83,144379.47,0.00,20620.35,1.86,0.00,0.00
56,16,10739.77,171837.27,150357.74,0.00,21479.53,1.70,0.00,0.00
57,16,10804.05,172848.83,151240.73,0.00,21608.10,1.61,0.00,0.00
58,16,10706.04,171277.56,149865.49,0.00,21412.07,1.73,0.00,0.00
59,16,10706.79,171298.63,149885.05,0.00,21413.58,1.76,0.00,0.00
60,16,10529.98,168502.69,147443.72,0.00,21058.96,1.82,0.00,0.00
61,16,10786.95,172575.25,151000.34,0.00,21574.91,1.61,0.00,0.00
62,16,10786.73,172603.64,151030.19,0.00,21573.46,1.70,0.00,0.00
63,16,10643.70,170304.14,149016.75,0.00,21287.39,1.79,0.00,0.00
64,16,10662.04,170571.68,149247.60,0.00,21324.09,1.73,0.00,0.00
65,16,10772.99,172364.89,150820.90,0.00,21543.99,1.70,0.00,0.00
66,16,10764.04,172219.70,150690.61,0.00,21529.09,1.70,0.00,0.00
67,16,10727.96,171623.37,150166.45,0.00,21456.92,1.73,0.00,0.00
68,16,10632.70,170153.16,148887.77,0.00,21265.40,1.79,0.00,0.00
69,16,10575.10,169209.60,148060.40,0.00,21149.20,1.86,0.00,0.00
70,16,10723.31,171563.91,150116.30,0.00,21447.61,1.76,0.00,0.00
71,16,10780.61,172518.75,150957.53,0.00,21561.22,1.70,0.00,0.00
72,16,10481.27,167688.24,146725.71,0.00,20962.53,1.82,0.00,0.00
73,16,10780.96,172477.44,150916.51,0.00,21560.93,1.61,0.00,0.00
74,16,10833.86,173366.83,151698.10,0.00,21668.73,1.58,0.00,0.00
75,16,10815.87,173000.87,151370.14,0.00,21630.73,1.70,0.00,0.00
76,16,10629.23,170109.61,148850.16,0.00,21259.45,1.79,0.00,0.00
77,16,10840.06,173435.91,151755.79,0.00,21680.11,1.58,0.00,0.00
78,16,10790.25,172659.99,151079.49,0.00,21580.50,1.70,0.00,0.00
79,16,10784.63,172552.00,150982.75,0.00,21569.25,1.70,0.00,0.00
80,16,10817.71,173075.30,151439.88,0.00,21635.41,1.64,0.00,0.00
81,16,10761.21,172155.33,150632.91,0.00,21522.42,1.70,0.00,0.00
82,16,10794.04,172706.62,151118.55,0.00,21588.08,1.67,0.00,0.00
83,16,10726.10,171607.65,150155.44,0.00,21452.21,1.73,0.00,0.00
84,16,10684.99,170986.83,149615.85,0.00,21370.98,1.73,0.00,0.00
85,16,10834.83,173317.23,151648.58,0.00,21668.65,1.61,0.00,0.00
86,16,10764.39,172266.21,150737.43,0.00,21528.78,1.73,0.00,0.00
87,16,10653.03,170407.47,149104.41,0.00,21303.06,1.79,0.00,0.00
88,16,10730.50,171747.93,150283.94,0.00,21463.99,1.70,0.00,0.00
89,16,10789.29,172621.71,151043.12,0.00,21578.59,1.64,0.00,0.00
90,16,10883.75,174111.97,152346.47,0.00,21765.50,1.58,0.00,0.00
91,16,10767.01,172276.17,150740.15,0.00,21536.02,1.73,0.00,0.00
92,16,10519.25,168286.94,147249.45,0.00,21037.49,1.82,0.00,0.00
93,16,10779.22,172511.55,150952.10,0.00,21559.44,1.70,0.00,0.00
94,16,10813.95,173020.14,151392.25,0.00,21627.89,1.61,0.00,0.00
95,16,10844.54,173512.64,151823.56,0.00,21689.08,1.58,0.00,0.00
96,16,10696.07,171120.07,149727.93,0.00,21392.13,1.73,0.00,0.00
97,16,10785.01,172563.17,150993.15,0.00,21570.02,1.61,0.00,0.00
98,16,10769.92,172327.68,150787.85,0.00,21539.84,1.73,0.00,0.00
99,16,10753.12,172049.91,150543.67,0.00,21506.24,1.73,0.00,0.00
100,16,10498.01,167986.12,146989.11,0.00,20997.02,1.82,0.00,0.00
101,16,10838.12,173375.91,151701.67,0.00,21674.24,1.61,0.00,0.00
102,16,10693.90,171134.45,149745.64,0.00,21388.81,1.73,0.00,0.00
103,16,10718.07,171489.09,150052.95,0.00,21436.14,1.76,0.00,0.00
104,16,10457.66,167317.57,146402.25,0.00,20915.32,1.82,0.00,0.00
105,16,10814.10,172978.69,151350.48,0.00,21628.21,1.61,0.00,0.00
106,16,10763.94,172286.97,150759.10,0.00,21527.87,1.73,0.00,0.00
107,16,10590.09,169399.43,148219.25,0.00,21180.18,1.82,0.00,0.00
108,16,10513.20,168257.13,147231.74,0.00,21025.39,1.82,0.00,0.00
109,16,10670.79,170694.68,149353.10,0.00,21341.58,1.79,0.00,0.00
110,16,10819.07,173116.18,151477.04,0.00,21639.15,1.64,0.00,0.00
111,16,10686.12,170965.85,149595.62,0.00,21370.23,1.79,0.00,0.00
112,16,10740.20,171873.24,150390.83,0.00,21482.40,1.76,0.00,0.00
113,16,10741.16,171844.60,150363.28,0.00,21481.33,1.73,0.00,0.00
114,16,10615.54,169838.71,148606.63,0.00,21232.09,1.82,0.00,0.00
115,16,10797.74,172774.82,151179.34,0.00,21595.48,1.67,0.00,0.00
116,16,10704.41,171257.55,149849.73,0.00,21407.82,1.76,0.00,0.00
117,16,10713.64,171420.22,149993.94,0.00,21426.28,1.76,0.00,0.00
118,16,10570.74,169139.89,147997.40,0.00,21142.49,1.82,0.00,0.00
119,16,10710.78,171400.43,149977.88,0.00,21422.55,1.76,0.00,0.00
120,16,10733.38,171695.13,150228.36,0.00,21466.77,1.73,0.00,0.00
121,16,10783.17,172517.76,150951.42,0.00,21566.35,1.70,0.00,0.00
122,16,10801.27,172826.32,151223.78,0.00,21602.54,1.64,0.00,0.00
123,16,10771.73,172355.67,150812.21,0.00,21543.46,1.73,0.00,0.00
124,16,10816.32,173039.13,151407.49,0.00,21631.64,1.61,0.00,0.00
125,16,10790.77,172659.39,151076.84,0.00,21582.55,1.67,0.00,0.00
126,16,10754.23,172117.72,150610.26,0.00,21507.47,1.73,0.00,0.00
127,16,10783.74,172522.80,150954.33,0.00,21568.48,1.67,0.00,0.00
128,16,10588.12,169383.98,148207.73,0.00,21176.25,1.86,0.00,0.00
129,16,10824.85,173211.54,151562.85,0.00,21648.69,1.61,0.00,0.00
130,16,10874.10,173969.59,152220.39,0.00,21749.20,1.58,0.00,0.00
131,16,10793.87,172714.91,151127.17,0.00,21587.74,1.70,0.00,0.00
132,16,10768.39,172297.31,150760.52,0.00,21536.79,1.64,0.00,0.00
133,16,10825.58,173246.29,151595.13,0.00,21651.16,1.61,0.00,0.00
134,16,10801.43,172781.87,151179.01,0.00,21602.86,1.67,0.00,0.00
135,16,10791.88,172674.08,151090.32,0.00,21583.76,1.73,0.00,0.00
136,16,10767.09,172279.37,150746.20,0.00,21533.17,1.67,0.00,0.00
137,16,10674.18,170794.84,149444.49,0.00,21350.35,1.76,0.00,0.00
138,16,10779.51,172428.20,150871.18,0.00,21557.03,1.73,0.00,0.00
139,16,10893.25,174309.06,152522.55,0.00,21786.51,1.58,0.00,0.00
140,16,10640.73,170257.68,148975.22,0.00,21282.46,1.79,0.00,0.00
141,16,10715.31,171479.89,150049.28,0.00,21430.61,1.73,0.00,0.00
142,16,10738.91,171785.56,150307.74,0.00,21477.82,1.73,0.00,0.00
143,16,10760.08,172178.33,150659.16,0.00,21519.17,1.73,0.00,0.00
144,16,10744.97,171922.56,150431.62,0.00,21490.95,1.73,0.00,0.00
145,16,10740.75,171827.01,150346.51,0.00,21480.50,1.73,0.00,0.00
146,16,10810.04,172939.67,151318.58,0.00,21621.08,1.70,0.00,0.00
147,16,10755.88,172132.02,150621.27,0.00,21510.75,1.70,0.00,0.00
148,16,10794.71,172719.41,151128.98,0.00,21590.43,1.64,0.00,0.00
149,16,10889.33,174222.32,152444.66,0.00,21777.67,1.58,0.00,0.00
150,16,10733.94,171760.99,150292.11,0.00,21468.87,1.73,0.00,0.00
151,16,10535.44,168533.09,147463.21,0.00,21069.89,1.82,0.00,0.00
152,16,10463.44,167422.00,146494.13,0.00,20927.88,1.86,0.00,0.00
153,16,10815.81,173058.91,151427.30,0.00,21631.61,1.61,0.00,0.00
154,16,10675.41,170796.59,149445.76,0.00,21350.82,1.76,0.00,0.00
155,16,10843.35,173506.53,151819.84,0.00,21686.69,1.61,0.00,0.00
156,16,10571.67,169154.72,148012.38,0.00,21142.34,1.82,0.00,0.00
157,16,10755.94,172053.02,150541.15,0.00,21511.88,1.70,0.00,0.00
158,16,10692.26,171124.15,149738.63,0.00,21385.52,1.76,0.00,0.00
159,16,10694.10,171069.63,149681.42,0.00,21388.20,1.76,0.00,0.00
160,16,10702.79,171237.57,149833.00,0.00,21404.57,1.73,0.00,0.00
161,16,10690.96,171072.39,149689.47,0.00,21382.92,1.76,0.00,0.00
162,16,10736.84,171795.43,150321.75,0.00,21473.68,1.73,0.00,0.00
163,16,10712.29,171419.60,149995.03,0.00,21424.58,1.76,0.00,0.00
164,16,10502.92,168053.78,147047.94,0.00,21005.85,1.82,0.00,0.00
165,16,10762.24,172131.91,150610.42,0.00,21521.49,1.67,0.00,0.00
166,16,10829.10,173311.66,151650.45,0.00,21661.21,1.61,0.00,0.00
167,16,10721.96,171552.31,150109.39,0.00,21442.91,1.76,0.00,0.00
168,16,10565.88,169072.03,147939.27,0.00,21132.75,1.82,0.00,0.00
169,16,10703.81,171230.89,149823.28,0.00,21407.61,1.76,0.00,0.00
170,16,10616.63,169847.06,148614.81,0.00,21232.26,1.79,0.00,0.00
171,16,10626.36,170042.81,148789.08,0.00,21253.73,1.82,0.00,0.00
172,16,10725.77,171571.36,150122.81,0.00,21448.54,1.70,0.00,0.00
173,16,10794.18,172743.93,151153.56,0.00,21590.37,1.67,0.00,0.00
174,16,10818.23,173121.69,151484.23,0.00,21637.46,1.61,0.00,0.00
175,16,10423.82,166773.06,145925.43,0.00,20847.63,1.86,0.00,0.00
176,16,10722.40,171533.45,150088.64,0.00,21444.81,1.73,0.00,0.00
177,16,10738.53,171794.48,150319.42,0.00,21475.06,1.76,0.00,0.00
178,16,10801.54,172868.67,151264.59,0.00,21604.08,1.67,0.00,0.00
179,16,10624.97,169969.50,148718.57,0.00,21250.94,1.82,0.00,0.00
180,16,10803.82,172830.11,151223.47,0.00,21606.64,1.70,0.00,0.00
181,16,10821.02,173215.26,151573.23,0.00,21642.03,1.61,0.00,0.00
182,16,10685.69,170958.01,149585.64,0.00,21372.38,1.79,0.00,0.00
183,16,10810.31,172957.95,151337.33,0.00,21620.62,1.64,0.00,0.00
184,16,10508.04,168127.66,147111.58,0.00,21016.08,1.86,0.00,0.00
185,16,10738.20,171779.23,150304.83,0.00,21474.40,1.70,0.00,0.00
186,16,10760.60,172200.59,150677.39,0.00,21523.20,1.70,0.00,0.00
187,16,10747.10,171967.61,150474.41,0.00,21493.20,1.73,0.00,0.00
188,16,10641.01,170214.16,148931.14,0.00,21283.02,1.76,0.00,0.00
189,16,10709.84,171377.36,149959.69,0.00,21417.67,1.79,0.00,0.00
190,16,10815.89,173066.24,151432.46,0.00,21633.78,1.64,0.00,0.00
191,16,10608.25,169741.03,148523.53,0.00,21217.50,1.82,0.00,0.00
192,16,10750.23,171958.69,150461.23,0.00,21497.46,1.73,0.00,0.00
193,16,10865.52,173830.36,152097.32,0.00,21733.04,1.58,0.00,0.00
194,16,10641.47,170255.51,148974.57,0.00,21280.94,1.79,0.00,0.00
195,16,10688.64,171071.31,149693.02,0.00,21378.29,1.79,0.00,0.00
196,16,10770.94,172330.02,150787.14,0.00,21542.88,1.70,0.00,0.00
197,16,10829.81,173283.93,151624.31,0.00,21659.62,1.61,0.00,0.00
198,16,10801.08,172800.26,151198.10,0.00,21602.16,1.70,0.00,0.00
199,16,10767.49,172328.86,150793.88,0.00,21534.98,1.76,0.00,0.00
200,16,10659.00,170495.04,149177.03,0.00,21318.01,1.79,0.00,0.00
201,16,10562.93,169009.91,147885.05,0.00,21124.86,1.82,0.00,0.00
202,16,10794.71,172715.30,151124.89,0.00,21590.41,1.70,0.00,0.00
203,16,10732.94,171754.11,150288.22,0.00,21465.89,1.73,0.00,0.00
204,16,10723.63,171535.09,150088.83,0.00,21446.26,1.73,0.00,0.00
205,16,10672.90,170772.32,149426.53,0.00,21345.79,1.76,0.00,0.00
206,16,10840.85,173490.64,151807.93,0.00,21682.70,1.61,0.00,0.00
207,16,10666.67,170625.69,149292.36,0.00,21333.34,1.79,0.00,0.00
208,16,10761.88,172192.13,150670.37,0.00,21521.77,1.70,0.00,0.00
209,16,10770.02,172297.37,150756.33,0.00,21541.05,1.70,0.00,0.00
210,16,10793.93,172732.83,151144.97,0.00,21587.85,1.64,0.00,0.00
211,16,10828.12,173232.96,151577.72,0.00,21655.25,1.61,0.00,0.00
212,16,10568.37,169103.97,147966.22,0.00,21137.75,1.82,0.00,0.00
213,16,10745.92,171995.75,150502.91,0.00,21492.84,1.73,0.00,0.00
214,16,10799.31,172715.02,151116.39,0.00,21598.63,1.70,0.00,0.00
215,16,10681.71,170942.30,149578.89,0.00,21363.41,1.76,0.00,0.00
216,16,10619.77,169898.27,148658.74,0.00,21239.53,1.79,0.00,0.00
217,16,10680.05,170904.88,149544.77,0.00,21360.11,1.76,0.00,0.00
218,16,10702.98,171241.66,149837.70,0.00,21403.96,1.76,0.00,0.00
219,16,10799.29,172761.64,151161.06,0.00,21600.58,1.70,0.00,0.00
220,16,10661.11,170601.81,149280.58,0.00,21321.23,1.76,0.00,0.00
221,16,10846.38,173548.03,151854.28,0.00,21693.75,1.61,0.00,0.00
222,16,10693.02,171084.35,149699.30,0.00,21385.04,1.76,0.00,0.00
223,16,10727.02,171582.31,150128.27,0.00,21454.04,1.76,0.00,0.00
224,16,10418.31,166774.03,145936.40,0.00,20837.63,1.82,0.00,0.00
225,16,10662.66,170581.57,149256.25,0.00,21325.32,1.76,0.00,0.00
226,16,10795.25,172695.02,151104.51,0.00,21590.50,1.70,0.00,0.00
227,16,10775.86,172431.74,150880.02,0.00,21551.72,1.70,0.00,0.00
228,16,10678.63,170851.03,149494.78,0.00,21356.25,1.79,0.00,0.00
229,16,10755.77,172060.34,150548.80,0.00,21511.54,1.73,0.00,0.00
230,16,10769.77,172312.35,150775.81,0.00,21536.54,1.70,0.00,0.00
231,16,10724.15,171599.42,150149.12,0.00,21450.30,1.73,0.00,0.00
232,16,10617.84,169906.49,148670.80,0.00,21235.69,1.79,0.00,0.00
233,16,10822.82,173196.17,151548.52,0.00,21647.65,1.58,0.00,0.00
234,16,10814.21,173009.34,151381.93,0.00,21627.42,1.61,0.00,0.00
235,16,10712.06,171354.93,149930.81,0.00,21424.12,1.76,0.00,0.00
236,16,10646.79,170406.69,149112.11,0.00,21294.59,1.76,0.00,0.00
237,16,10691.88,171055.01,149672.26,0.00,21382.75,1.73,0.00,0.00
238,16,10838.19,173385.07,151708.69,0.00,21676.38,1.58,0.00,0.00
239,16,10722.75,171573.04,150126.54,0.00,21446.51,1.79,0.00,0.00
240,16,10729.27,171682.37,150223.83,0.00,21458.55,1.73,0.00,0.00
241,16,10788.84,172612.40,151035.72,0.00,21576.67,1.67,0.00,0.00
242,16,10686.96,170990.33,149615.42,0.00,21374.92,1.76,0.00,0.00
243,16,10617.41,169896.54,148661.72,0.00,21234.82,1.82,0.00,0.00
244,16,10755.60,172093.53,150583.34,0.00,21510.19,1.73,0.00,0.00
245,16,10816.37,173018.93,151386.19,0.00,21632.74,1.64,0.00,0.00
246,16,10574.57,169205.10,148054.96,0.00,21150.14,1.79,0.00,0.00
247,16,10739.21,171835.40,150357.97,0.00,21477.42,1.73,0.00,0.00
248,16,10851.57,173627.10,151923.96,0.00,21703.14,1.58,0.00,0.00
249,16,10800.74,172797.89,151195.40,0.00,21602.49,1.61,0.00,0.00
250,16,10790.67,172662.76,151081.41,0.00,21581.34,1.70,0.00,0.00
251,16,10753.91,172063.56,150556.74,0.00,21506.82,1.73,0.00,0.00
252,16,10759.02,172162.38,150643.33,0.00,21519.05,1.70,0.00,0.00
253,16,10763.89,172182.30,150656.51,0.00,21525.79,1.73,0.00,0.00
254,16,10755.16,172104.54,150593.23,0.00,21511.32,1.73,0.00,0.00
255,16,10668.01,170662.10,149325.09,0.00,21337.01,1.76,0.00,0.00
256,16,10744.16,171944.59,150455.27,0.00,21489.32,1.73,0.00,0.00
257,16,10711.94,171400.06,149977.17,0.00,21422.88,1.76,0.00,0.00
258,16,10730.26,171650.15,150190.63,0.00,21459.52,1.73,0.00,0.00
259,16,10730.51,171716.09,150255.08,0.00,21461.01,1.73,0.00,0.00
260,16,10838.27,173416.25,151738.72,0.00,21677.53,1.58,0.00,0.00
261,16,10678.70,170819.13,149464.74,0.00,21354.39,1.79,0.00,0.00
262,16,10637.94,170227.01,148949.13,0.00,21277.88,1.79,0.00,0.00
263,16,10808.12,172886.88,151270.65,0.00,21616.24,1.70,0.00,0.00
264,16,10784.94,172548.09,150980.20,0.00,21567.89,1.70,0.00,0.00
265,16,10706.08,171363.28,149948.12,0.00,21415.16,1.76,0.00,0.00
266,16,10845.40,173499.42,151809.62,0.00,21689.80,1.58,0.00,0.00
267,16,10539.01,168624.18,147546.16,0.00,21078.02,1.82,0.00,0.00
268,16,10522.89,168332.25,147285.47,0.00,21046.78,1.86,0.00,0.00
269,16,10613.66,169891.53,148664.21,0.00,21227.32,1.82,0.00,0.00
270,16,10785.91,172569.49,150997.67,0.00,21571.81,1.73,0.00,0.00
271,16,10755.49,172088.84,150577.86,0.00,21510.98,1.73,0.00,0.00
272,16,10660.01,170551.16,149231.14,0.00,21320.02,1.79,0.00,0.00
273,16,10800.62,172780.88,151181.64,0.00,21599.23,1.64,0.00,0.00
274,16,10803.80,172913.87,151304.26,0.00,21609.61,1.64,0.00,0.00
275,16,10769.36,172269.75,150732.03,0.00,21537.72,1.73,0.00,0.00
276,16,10713.18,171409.96,149983.59,0.00,21426.37,1.76,0.00,0.00
277,16,10832.41,173322.57,151656.75,0.00,21665.82,1.61,0.00,0.00
278,16,10641.26,170270.12,148989.60,0.00,21280.51,1.79,0.00,0.00
279,16,10719.14,171490.17,150049.90,0.00,21440.27,1.79,0.00,0.00
280,16,10771.23,172344.62,150803.17,0.00,21541.45,1.64,0.00,0.00
281,16,10786.46,172623.36,151049.44,0.00,21573.92,1.67,0.00,0.00
282,16,10872.06,173943.00,152198.88,0.00,21744.12,1.58,0.00,0.00
283,16,10715.06,171410.88,149981.77,0.00,21429.11,1.76,0.00,0.00
284,16,10761.07,172185.13,150661.99,0.00,21523.14,1.67,0.00,0.00
285,16,10861.00,173746.95,152025.95,0.00,21720.99,1.58,0.00,0.00
286,16,10750.14,172029.32,150528.03,0.00,21501.29,1.76,0.00,0.00
287,16,10796.29,172728.59,151136.02,0.00,21592.57,1.73,0.00,0.00
288,16,10569.48,169125.69,147986.73,0.00,21138.96,1.82,0.00,0.00
289,16,10810.19,172968.01,151347.63,0.00,21620.38,1.61,0.00,0.00
290,16,10847.97,173550.45,151854.52,0.00,21695.93,1.61,0.00,0.00
291,16,10662.00,170643.99,149319.99,0.00,21324.00,1.79,0.00,0.00
292,16,10717.80,171411.81,149976.21,0.00,21435.60,1.76,0.00,0.00
293,16,10581.37,169334.96,148172.22,0.00,21162.74,1.82,0.00,0.00
294,16,10712.20,171393.14,149968.75,0.00,21424.39,1.76,0.00,0.00
295,16,10655.58,170479.26,149168.10,0.00,21311.16,1.79,0.00,0.00
296,16,10710.89,171361.31,149940.52,0.00,21420.79,1.76,0.00,0.00
297,16,10804.01,172872.16,151264.14,0.00,21608.02,1.64,0.00,0.00
298,16,10722.19,171586.04,150141.66,0.00,21444.38,1.76,0.00,0.00
299,16,10695.83,171123.30,149730.64,0.00,21392.66,1.76,0.00,0.00
300,16,10594.55,169501.88,148312.77,0.00,21189.11,1.82,0.00,0.00
SQL statistics:
    queries performed:
        read:                            45047576
        write:                           0
        other:                           6435368
        total:                           51482944
    transactions:                        3217684 (10725.48 per sec.)
    queries:                             51482944 (171607.73 per sec.)
    ignored errors:                      0      (0.00 per sec.)
    reconnects:                          0      (0.00 per sec.)

General statistics:
    total time:                          300.0023s
    total number of events:              3217684

Latency (ms):
         min:                                    1.25
         avg:                                    1.49
         max:                                    3.28
         95th percentile:                        1.73
         sum:                              4794455.25

Threads fairness:
    events (avg/stddev):           201105.2500/279.58
    execution time (avg/stddev):   299.6535/0.00

