sysbench 1.0.20 (using bundled LuaJIT 2.1.0-beta2)

Running the test with following options:
Number of threads: 1536
Report intermediate results every 1 second(s)
Initializing random number generator from current time


Initializing worker threads...

Threads started!

1,1536,231449.59,231449.59,231449.59,0.00,0.00,3.30,0.00,0.00
2,1536,391069.07,391066.62,391066.62,0.00,0.00,5.67,0.00,0.00
3,1536,309894.99,309896.99,309896.99,0.00,0.00,5.88,0.00,0.00
4,1536,310138.98,310138.98,310138.98,0.00,0.00,5.77,0.00,0.00
5,1536,310078.79,310076.79,310076.79,0.00,0.00,5.88,0.00,0.00
6,1536,310255.57,310251.57,310251.57,0.00,0.00,5.77,0.00,0.00
7,1536,310330.10,310336.10,310336.10,0.00,0.00,5.77,0.00,0.00
8,1536,310414.41,310411.41,310411.41,0.00,0.00,5.88,0.00,0.00
9,1536,310686.04,310689.04,310689.04,0.00,0.00,5.88,0.00,0.00
10,1536,310507.36,310506.36,310506.36,0.00,0.00,5.77,0.00,0.00
11,1536,310548.48,310548.48,310548.48,0.00,0.00,5.77,0.00,0.00
12,1536,310593.41,310592.41,310592.41,0.00,0.00,5.77,0.00,0.00
13,1536,310695.21,310696.21,310696.21,0.00,0.00,5.77,0.00,0.00
14,1536,310663.21,310660.21,310660.21,0.00,0.00,5.77,0.00,0.00
15,1536,310657.45,310660.45,310660.45,0.00,0.00,5.77,0.00,0.00
16,1536,310646.30,310645.30,310645.30,0.00,0.00,5.77,0.00,0.00
17,1536,310568.85,310567.85,310567.85,0.00,0.00,5.77,0.00,0.00
18,1536,310618.27,310617.27,310617.27,0.00,0.00,5.77,0.00,0.00
19,1536,310558.70,310558.70,310558.70,0.00,0.00,5.77,0.00,0.00
20,1536,310645.98,310646.98,310646.98,0.00,0.00,5.77,0.00,0.00
21,1536,310624.89,310627.89,310627.89,0.00,0.00,5.88,0.00,0.00
22,1536,310248.30,310247.30,310247.30,0.00,0.00,5.88,0.00,0.00
23,1536,310620.81,310620.81,310620.81,0.00,0.00,5.88,0.00,0.00
24,1536,310651.11,310648.11,310648.11,0.00,0.00,5.88,0.00,0.00
25,1536,310499.44,310503.44,310503.44,0.00,0.00,5.77,0.00,0.00
26,1536,310625.46,310617.46,310617.46,0.00,0.00,5.88,0.00,0.00
27,1536,310388.56,310393.56,310393.56,0.00,0.00,5.88,0.00,0.00
28,1536,323100.94,323100.94,323100.94,0.00,0.00,5.67,0.00,0.00
29,1536,310699.00,310702.00,310702.00,0.00,0.00,5.77,0.00,0.00
30,1536,310732.92,310726.92,310726.92,0.00,0.00,5.88,0.00,0.00
31,1536,310771.59,310773.59,310773.59,0.00,0.00,5.88,0.00,0.00
32,1536,310766.70,310768.70,310768.70,0.00,0.00,5.88,0.00,0.00
33,1536,310673.70,310673.70,310673.70,0.00,0.00,5.77,0.00,0.00
34,1536,310686.35,310688.35,310688.35,0.00,0.00,5.88,0.00,0.00
35,1536,310691.97,310687.97,310687.97,0.00,0.00,5.88,0.00,0.00
36,1536,311143.49,311146.49,311146.49,0.00,0.00,5.88,0.00,0.00
37,1536,313339.16,313339.16,313339.16,0.00,0.00,5.88,0.00,0.00
38,1536,310658.53,310659.53,310659.53,0.00,0.00,5.88,0.00,0.00
39,1536,310719.51,310719.51,310719.51,0.00,0.00,5.88,0.00,0.00
40,1536,310769.75,310767.75,310767.75,0.00,0.00,5.88,0.00,0.00
41,1536,310609.30,310608.30,310608.30,0.00,0.00,5.77,0.00,0.00
42,1536,310608.76,310603.76,310603.76,0.00,0.00,5.77,0.00,0.00
43,1536,310676.88,310679.88,310679.88,0.00,0.00,5.77,0.00,0.00
44,1536,310677.13,310680.13,310680.13,0.00,0.00,5.77,0.00,0.00
45,1536,310729.26,310731.26,310731.26,0.00,0.00,5.77,0.00,0.00
46,1536,310780.21,310780.21,310780.21,0.00,0.00,5.77,0.00,0.00
47,1536,310747.84,310745.84,310745.84,0.00,0.00,5.77,0.00,0.00
48,1536,313987.28,313984.28,313984.28,0.00,0.00,5.77,0.00,0.00
49,1536,310729.64,310733.64,310733.64,0.00,0.00,5.88,0.00,0.00
50,1536,317368.82,317367.82,317367.82,0.00,0.00,5.88,0.00,0.00
51,1536,310750.99,310750.99,310750.99,0.00,0.00,5.88,0.00,0.00
52,1536,322860.56,322858.56,322858.56,0.00,0.00,5.88,0.00,0.00
53,1536,310718.93,310719.93,310719.93,0.00,0.00,5.99,0.00,0.00
54,1536,310699.73,310700.73,310700.73,0.00,0.00,5.88,0.00,0.00
55,1536,310773.82,310774.82,310774.82,0.00,0.00,5.88,0.00,0.00
56,1536,310771.63,310769.63,310769.63,0.00,0.00,5.88,0.00,0.00
57,1536,310692.41,310690.41,310690.41,0.00,0.00,5.88,0.00,0.00
58,1536,310691.40,310695.39,310695.39,0.00,0.00,5.88,0.00,0.00
59,1536,310761.58,310759.58,310759.58,0.00,0.00,5.88,0.00,0.00
60,1536,310742.19,310741.19,310741.19,0.00,0.00,5.88,0.00,0.00
61,1536,310842.42,310839.42,310839.42,0.00,0.00,5.88,0.00,0.00
62,1536,310826.35,310831.35,310831.35,0.00,0.00,5.99,0.00,0.00
63,1536,310787.60,310785.60,310785.60,0.00,0.00,5.99,0.00,0.00
64,1536,312112.32,312115.32,312115.32,0.00,0.00,5.88,0.00,0.00
65,1536,312298.45,312298.45,312298.45,0.00,0.00,5.88,0.00,0.00
66,1536,310605.68,310606.68,310606.68,0.00,0.00,5.88,0.00,0.00
67,1536,310727.13,310727.13,310727.13,0.00,0.00,5.88,0.00,0.00
68,1536,310751.95,310751.95,310751.95,0.00,0.00,5.88,0.00,0.00
69,1536,310698.03,310694.03,310694.03,0.00,0.00,5.88,0.00,0.00
70,1536,310782.64,310784.64,310784.64,0.00,0.00,5.77,0.00,0.00
71,1536,310747.63,310748.63,310748.63,0.00,0.00,5.77,0.00,0.00
72,1536,310738.43,310736.43,310736.43,0.00,0.00,5.77,0.00,0.00
73,1536,310794.43,310792.43,310792.43,0.00,0.00,5.88,0.00,0.00
74,1536,310825.91,310828.91,310828.91,0.00,0.00,5.99,0.00,0.00
75,1536,310797.75,310798.75,310798.75,0.00,0.00,5.99,0.00,0.00
76,1536,310774.20,310771.20,310771.20,0.00,0.00,5.99,0.00,0.00
77,1536,310765.24,310769.24,310769.24,0.00,0.00,5.88,0.00,0.00
78,1536,313461.35,313460.35,313460.35,0.00,0.00,5.88,0.00,0.00
79,1536,311035.07,311033.07,311033.07,0.00,0.00,5.99,0.00,0.00
80,1536,310850.20,310853.20,310853.20,0.00,0.00,5.88,0.00,0.00
81,1536,313516.61,313516.61,313516.61,0.00,0.00,5.88,0.00,0.00
82,1536,311377.04,311374.04,311374.04,0.00,0.00,5.88,0.00,0.00
83,1536,310801.68,310802.68,310802.68,0.00,0.00,5.88,0.00,0.00
84,1536,310823.21,310824.21,310824.21,0.00,0.00,5.88,0.00,0.00
85,1536,310793.89,310794.89,310794.89,0.00,0.00,5.99,0.00,0.00
86,1536,310828.19,310828.19,310828.19,0.00,0.00,5.99,0.00,0.00
87,1536,310840.53,310838.53,310838.53,0.00,0.00,5.99,0.00,0.00
88,1536,310908.76,310906.76,310906.76,0.00,0.00,5.99,0.00,0.00
89,1536,310917.12,310921.12,310921.12,0.00,0.00,5.99,0.00,0.00
90,1536,310917.68,310913.68,310913.68,0.00,0.00,5.99,0.00,0.00
91,1536,310832.42,310836.42,310836.42,0.00,0.00,5.99,0.00,0.00
92,1536,310807.24,310805.24,310805.24,0.00,0.00,5.99,0.00,0.00
93,1536,310867.17,310865.17,310865.17,0.00,0.00,5.99,0.00,0.00
94,1536,310849.20,310851.20,310851.20,0.00,0.00,5.88,0.00,0.00
95,1536,310772.10,310773.10,310773.10,0.00,0.00,5.88,0.00,0.00
96,1536,310832.33,310829.33,310829.33,0.00,0.00,5.88,0.00,0.00
97,1536,310735.42,310739.42,310739.42,0.00,0.00,5.88,0.00,0.00
98,1536,310856.79,310851.79,310851.79,0.00,0.00,5.88,0.00,0.00
99,1536,310721.43,310726.43,310726.43,0.00,0.00,5.88,0.00,0.00
100,1536,320211.81,320206.81,320206.81,0.00,0.00,5.77,0.00,0.00
101,1536,310875.34,310880.34,310880.34,0.00,0.00,5.88,0.00,0.00
102,1536,310883.70,310883.70,310883.70,0.00,0.00,5.77,0.00,0.00
103,1536,310849.48,310848.48,310848.48,0.00,0.00,5.88,0.00,0.00
104,1536,310826.98,310827.98,310827.98,0.00,0.00,5.99,0.00,0.00
105,1536,310850.12,310848.12,310848.12,0.00,0.00,5.88,0.00,0.00
106,1536,310884.06,310886.06,310886.06,0.00,0.00,5.99,0.00,0.00
107,1536,312549.41,312542.41,312542.41,0.00,0.00,5.88,0.00,0.00
108,1536,312106.08,312112.08,312112.08,0.00,0.00,5.99,0.00,0.00
109,1536,310800.26,310797.26,310797.26,0.00,0.00,5.77,0.00,0.00
110,1536,310838.50,310838.50,310838.50,0.00,0.00,5.77,0.00,0.00
111,1536,311228.16,311232.16,311232.16,0.00,0.00,5.77,0.00,0.00
112,1536,325782.55,325782.55,325782.55,0.00,0.00,5.67,0.00,0.00
113,1536,310760.47,310760.47,310760.47,0.00,0.00,5.77,0.00,0.00
114,1536,310818.17,310816.17,310816.17,0.00,0.00,5.88,0.00,0.00
115,1536,310805.09,310806.09,310806.09,0.00,0.00,5.88,0.00,0.00
116,1536,316905.29,316902.29,316902.29,0.00,0.00,5.99,0.00,0.00
117,1536,310862.56,310866.56,310866.56,0.00,0.00,6.09,0.00,0.00
118,1536,310956.25,310955.25,310955.25,0.00,0.00,5.99,0.00,0.00
119,1536,310862.05,310861.05,310861.05,0.00,0.00,5.99,0.00,0.00
120,1536,310843.67,310843.67,310843.67,0.00,0.00,5.99,0.00,0.00
121,1536,310768.30,310770.30,310770.30,0.00,0.00,5.88,0.00,0.00
122,1536,311909.80,311907.80,311907.80,0.00,0.00,5.88,0.00,0.00
123,1536,312943.54,312941.54,312941.54,0.00,0.00,5.88,0.00,0.00
124,1536,310844.37,310846.37,310846.37,0.00,0.00,5.88,0.00,0.00
125,1536,310841.14,310841.14,310841.14,0.00,0.00,5.88,0.00,0.00
126,1536,310815.49,310815.49,310815.49,0.00,0.00,5.88,0.00,0.00
127,1536,310830.58,310830.58,310830.58,0.00,0.00,5.99,0.00,0.00
128,1536,310935.71,310936.71,310936.71,0.00,0.00,5.99,0.00,0.00
129,1536,310829.49,310829.49,310829.49,0.00,0.00,5.99,0.00,0.00
130,1536,310850.16,310849.16,310849.16,0.00,0.00,5.88,0.00,0.00
131,1536,311901.63,311903.63,311903.63,0.00,0.00,5.88,0.00,0.00
132,1536,312929.76,312923.75,312923.75,0.00,0.00,5.77,0.00,0.00
133,1536,310807.21,310811.21,310811.21,0.00,0.00,5.77,0.00,0.00
134,1536,310858.18,310858.18,310858.18,0.00,0.00,5.88,0.00,0.00
135,1536,310779.28,310778.28,310778.28,0.00,0.00,5.88,0.00,0.00
136,1536,310823.42,310822.42,310822.42,0.00,0.00,5.77,0.00,0.00
137,1536,310777.98,310779.98,310779.98,0.00,0.00,5.77,0.00,0.00
138,1536,310914.57,310915.57,310915.57,0.00,0.00,5.77,0.00,0.00
139,1536,310846.02,310847.02,310847.02,0.00,0.00,5.88,0.00,0.00
140,1536,310919.12,310915.12,310915.12,0.00,0.00,5.88,0.00,0.00
141,1536,310907.88,310911.88,310911.88,0.00,0.00,5.77,0.00,0.00
142,1536,310900.04,310900.04,310900.04,0.00,0.00,5.88,0.00,0.00
143,1536,310856.62,310853.62,310853.62,0.00,0.00,5.99,0.00,0.00
144,1536,310886.64,310884.64,310884.64,0.00,0.00,5.99,0.00,0.00
145,1536,310813.65,310815.65,310815.65,0.00,0.00,5.99,0.00,0.00
146,1536,310917.49,310917.49,310917.49,0.00,0.00,5.99,0.00,0.00
147,1536,310868.24,310871.24,310871.24,0.00,0.00,5.99,0.00,0.00
148,1536,310865.74,310865.74,310865.74,0.00,0.00,5.99,0.00,0.00
149,1536,310769.47,310768.47,310768.47,0.00,0.00,5.99,0.00,0.00
150,1536,310818.38,310818.38,310818.38,0.00,0.00,5.99,0.00,0.00
151,1536,310741.39,310742.39,310742.39,0.00,0.00,5.99,0.00,0.00
152,1536,317057.18,317057.18,317057.18,0.00,0.00,5.88,0.00,0.00
153,1536,310826.85,310826.85,310826.85,0.00,0.00,5.99,0.00,0.00
154,1536,310905.97,310900.97,310900.97,0.00,0.00,5.99,0.00,0.00
155,1536,310868.31,310872.31,310872.31,0.00,0.00,5.99,0.00,0.00
156,1536,310927.22,310925.22,310925.22,0.00,0.00,5.99,0.00,0.00
157,1536,310941.28,310942.28,310942.28,0.00,0.00,5.99,0.00,0.00
158,1536,310962.46,310962.46,310962.46,0.00,0.00,5.99,0.00,0.00
159,1536,310836.40,310838.40,310838.40,0.00,0.00,5.99,0.00,0.00
160,1536,310864.58,310864.58,310864.58,0.00,0.00,5.88,0.00,0.00
161,1536,310793.28,310793.28,310793.28,0.00,0.00,5.77,0.00,0.00
162,1536,310877.53,310877.53,310877.53,0.00,0.00,5.77,0.00,0.00
163,1536,310788.16,310786.16,310786.16,0.00,0.00,5.88,0.00,0.00
164,1536,310883.00,310883.00,310883.00,0.00,0.00,5.77,0.00,0.00
165,1536,310859.86,310858.86,310858.86,0.00,0.00,5.88,0.00,0.00
166,1536,310865.57,310866.57,310866.57,0.00,0.00,5.88,0.00,0.00
167,1536,310820.75,310822.75,310822.75,0.00,0.00,5.88,0.00,0.00
168,1536,310786.49,310786.49,310786.49,0.00,0.00,5.88,0.00,0.00
169,1536,310733.69,310730.69,310730.69,0.00,0.00,5.88,0.00,0.00
170,1536,310804.33,310804.33,310804.33,0.00,0.00,5.88,0.00,0.00
171,1536,311214.41,311214.41,311214.41,0.00,0.00,5.88,0.00,0.00
172,1536,322561.20,322562.20,322562.20,0.00,0.00,5.77,0.00,0.00
173,1536,310940.08,310939.08,310939.08,0.00,0.00,5.99,0.00,0.00
174,1536,310872.36,310875.36,310875.36,0.00,0.00,5.99,0.00,0.00
175,1536,313865.60,313863.60,313863.60,0.00,0.00,5.88,0.00,0.00
176,1536,310873.21,310874.21,310874.21,0.00,0.00,5.88,0.00,0.00
177,1536,310842.43,310840.43,310840.43,0.00,0.00,5.88,0.00,0.00
178,1536,310894.64,310897.64,310897.64,0.00,0.00,5.77,0.00,0.00
179,1536,310856.82,310853.82,310853.82,0.00,0.00,5.77,0.00,0.00
180,1536,310864.62,310865.62,310865.62,0.00,0.00,5.77,0.00,0.00
181,1536,310778.70,310779.70,310779.70,0.00,0.00,5.88,0.00,0.00
182,1536,310790.12,310789.12,310789.12,0.00,0.00,5.88,0.00,0.00
183,1536,310794.89,310794.89,310794.89,0.00,0.00,5.99,0.00,0.00
184,1536,310790.65,310788.65,310788.65,0.00,0.00,5.88,0.00,0.00
185,1536,310777.65,310781.65,310781.65,0.00,0.00,5.88,0.00,0.00
186,1536,310770.61,310768.61,310768.61,0.00,0.00,5.88,0.00,0.00
187,1536,310807.00,310804.00,310804.00,0.00,0.00,5.88,0.00,0.00
188,1536,310876.94,310879.94,310879.94,0.00,0.00,5.88,0.00,0.00
189,1536,313350.35,313352.35,313352.35,0.00,0.00,5.88,0.00,0.00
190,1536,311651.43,311647.43,311647.43,0.00,0.00,5.77,0.00,0.00
191,1536,313501.01,313505.01,313505.01,0.00,0.00,5.77,0.00,0.00
192,1536,311714.40,311710.40,311710.40,0.00,0.00,5.88,0.00,0.00
193,1536,310869.85,310871.85,310871.85,0.00,0.00,5.88,0.00,0.00
194,1536,310886.84,310888.84,310888.84,0.00,0.00,5.88,0.00,0.00
195,1536,310770.08,310768.08,310768.08,0.00,0.00,5.77,0.00,0.00
196,1536,313705.07,313706.07,313706.07,0.00,0.00,5.88,0.00,0.00
197,1536,310847.54,310846.54,310846.54,0.00,0.00,5.88,0.00,0.00
198,1536,310841.96,310841.96,310841.96,0.00,0.00,5.77,0.00,0.00
199,1536,310803.73,310800.73,310800.73,0.00,0.00,5.88,0.00,0.00
200,1536,314072.76,314077.76,314077.76,0.00,0.00,5.77,0.00,0.00
201,1536,310754.58,310754.58,310754.58,0.00,0.00,5.88,0.00,0.00
202,1536,310861.44,310861.44,310861.44,0.00,0.00,5.77,0.00,0.00
203,1536,310872.49,310872.49,310872.49,0.00,0.00,5.88,0.00,0.00
204,1536,310857.11,310855.11,310855.11,0.00,0.00,5.88,0.00,0.00
205,1536,313018.10,313020.10,313020.10,0.00,0.00,5.88,0.00,0.00
206,1536,311894.36,311891.36,311891.36,0.00,0.00,5.88,0.00,0.00
207,1536,310903.91,310904.91,310904.91,0.00,0.00,5.88,0.00,0.00
208,1536,310951.89,310950.89,310950.89,0.00,0.00,5.88,0.00,0.00
209,1536,310850.51,310850.51,310850.51,0.00,0.00,5.88,0.00,0.00
210,1536,310855.64,310856.64,310856.64,0.00,0.00,5.77,0.00,0.00
211,1536,310862.46,310863.46,310863.46,0.00,0.00,5.77,0.00,0.00
212,1536,311333.17,311334.17,311334.17,0.00,0.00,5.77,0.00,0.00
213,1536,313316.47,313316.47,313316.47,0.00,0.00,5.77,0.00,0.00
214,1536,310915.40,310913.40,310913.40,0.00,0.00,5.77,0.00,0.00
215,1536,310818.37,310818.37,310818.37,0.00,0.00,5.77,0.00,0.00
216,1536,310868.86,310866.86,310866.86,0.00,0.00,5.77,0.00,0.00
217,1536,310805.44,310806.44,310806.44,0.00,0.00,5.77,0.00,0.00
218,1536,310868.67,310869.67,310869.67,0.00,0.00,5.88,0.00,0.00
219,1536,312246.27,312247.27,312247.27,0.00,0.00,5.88,0.00,0.00
220,1536,328052.93,328048.93,328048.93,0.00,0.00,5.77,0.00,0.00
221,1536,310911.95,310915.95,310915.95,0.00,0.00,5.88,0.00,0.00
222,1536,310905.81,310906.81,310906.81,0.00,0.00,5.88,0.00,0.00
223,1536,310895.47,310894.47,310894.47,0.00,0.00,5.88,0.00,0.00
224,1536,310942.24,310940.24,310940.24,0.00,0.00,5.99,0.00,0.00
225,1536,310854.83,310855.83,310855.83,0.00,0.00,5.88,0.00,0.00
226,1536,310868.08,310866.08,310866.08,0.00,0.00,5.88,0.00,0.00
227,1536,310920.43,310922.43,310922.43,0.00,0.00,5.88,0.00,0.00
228,1536,310934.64,310936.64,310936.64,0.00,0.00,5.77,0.00,0.00
229,1536,312636.01,312636.01,312636.01,0.00,0.00,5.88,0.00,0.00
230,1536,312263.23,312261.23,312261.23,0.00,0.00,5.77,0.00,0.00
231,1536,313650.83,313650.83,313650.83,0.00,0.00,5.88,0.00,0.00
232,1536,310942.87,310944.87,310944.87,0.00,0.00,5.77,0.00,0.00
233,1536,310827.81,310825.81,310825.81,0.00,0.00,5.88,0.00,0.00
234,1536,310858.96,310858.96,310858.96,0.00,0.00,5.88,0.00,0.00
235,1536,310835.33,310836.33,310836.33,0.00,0.00,5.88,0.00,0.00
236,1536,310798.20,310799.20,310799.20,0.00,0.00,5.77,0.00,0.00
237,1536,310854.26,310850.26,310850.26,0.00,0.00,5.88,0.00,0.00
238,1536,310925.97,310928.97,310928.97,0.00,0.00,5.77,0.00,0.00
239,1536,310893.59,310894.59,310894.59,0.00,0.00,5.77,0.00,0.00
240,1536,310843.53,310843.53,310843.53,0.00,0.00,5.77,0.00,0.00
241,1536,310813.04,310810.04,310810.04,0.00,0.00,5.88,0.00,0.00
242,1536,310888.63,310882.63,310882.63,0.00,0.00,5.88,0.00,0.00
243,1536,310888.73,310897.73,310897.73,0.00,0.00,5.77,0.00,0.00
244,1536,310921.28,310918.28,310918.28,0.00,0.00,5.88,0.00,0.00
245,1536,310834.78,310837.78,310837.78,0.00,0.00,5.77,0.00,0.00
246,1536,310820.75,310818.75,310818.75,0.00,0.00,5.88,0.00,0.00
247,1536,310849.68,310851.68,310851.68,0.00,0.00,5.88,0.00,0.00
248,1536,310870.25,310869.25,310869.25,0.00,0.00,5.77,0.00,0.00
249,1536,310781.88,310782.88,310782.88,0.00,0.00,5.77,0.00,0.00
250,1536,310841.85,310838.85,310838.85,0.00,0.00,5.88,0.00,0.00
251,1536,310791.81,310793.81,310793.81,0.00,0.00,5.88,0.00,0.00
252,1536,310859.23,310860.23,310860.23,0.00,0.00,5.88,0.00,0.00
253,1536,310862.86,310861.86,310861.86,0.00,0.00,5.77,0.00,0.00
254,1536,310866.20,310863.20,310863.20,0.00,0.00,5.77,0.00,0.00
255,1536,310813.11,310817.11,310817.11,0.00,0.00,5.77,0.00,0.00
256,1536,310899.17,310899.17,310899.17,0.00,0.00,5.88,0.00,0.00
257,1536,310782.63,310782.63,310782.63,0.00,0.00,5.88,0.00,0.00
258,1536,310846.56,310844.56,310844.56,0.00,0.00,5.88,0.00,0.00
259,1536,310850.75,310848.75,310848.75,0.00,0.00,5.88,0.00,0.00
260,1536,310874.97,310874.97,310874.97,0.00,0.00,5.77,0.00,0.00
261,1536,310934.08,310937.08,310937.08,0.00,0.00,5.77,0.00,0.00
262,1536,311060.39,311059.39,311059.39,0.00,0.00,5.77,0.00,0.00
263,1536,313700.88,313702.89,313702.89,0.00,0.00,5.77,0.00,0.00
264,1536,310858.75,310854.75,310854.75,0.00,0.00,5.88,0.00,0.00
265,1536,310795.50,310796.50,310796.50,0.00,0.00,5.88,0.00,0.00
266,1536,310912.75,310912.75,310912.75,0.00,0.00,5.88,0.00,0.00
267,1536,310875.44,310875.44,310875.44,0.00,0.00,5.88,0.00,0.00
268,1536,310937.48,310940.48,310940.48,0.00,0.00,5.88,0.00,0.00
269,1536,310880.93,310878.93,310878.93,0.00,0.00,5.99,0.00,0.00
270,1536,310931.33,310928.33,310928.33,0.00,0.00,5.99,0.00,0.00
271,1536,310828.21,310833.21,310833.21,0.00,0.00,5.88,0.00,0.00
272,1536,326253.34,326252.34,326252.34,0.00,0.00,5.77,0.00,0.00
273,1536,310912.53,310911.53,310911.53,0.00,0.00,5.88,0.00,0.00
274,1536,310917.68,310919.68,310919.68,0.00,0.00,5.99,0.00,0.00
275,1536,310917.87,310912.87,310912.87,0.00,0.00,5.99,0.00,0.00
276,1536,310909.84,310912.84,310912.84,0.00,0.00,5.88,0.00,0.00
277,1536,310963.56,310965.56,310965.56,0.00,0.00,5.77,0.00,0.00
278,1536,310921.27,310918.27,310918.27,0.00,0.00,5.88,0.00,0.00
279,1536,310891.09,310893.09,310893.09,0.00,0.00,5.77,0.00,0.00
280,1536,310906.17,310905.17,310905.17,0.00,0.00,5.88,0.00,0.00
281,1536,310846.14,310847.14,310847.14,0.00,0.00,5.77,0.00,0.00
282,1536,310919.17,310917.17,310917.17,0.00,0.00,5.77,0.00,0.00
283,1536,310885.33,310887.33,310887.33,0.00,0.00,5.88,0.00,0.00
284,1536,310887.09,310888.09,310888.09,0.00,0.00,5.88,0.00,0.00
285,1536,310942.39,310940.40,310940.40,0.00,0.00,5.88,0.00,0.00
286,1536,310942.33,310941.33,310941.33,0.00,0.00,5.88,0.00,0.00
287,1536,310862.70,310862.70,310862.70,0.00,0.00,5.88,0.00,0.00
288,1536,310895.45,310893.45,310893.45,0.00,0.00,5.77,0.00,0.00
289,1536,310880.97,310885.97,310885.97,0.00,0.00,5.77,0.00,0.00
290,1536,310937.77,310936.77,310936.77,0.00,0.00,5.77,0.00,0.00
291,1536,310891.62,310892.62,310892.62,0.00,0.00,5.77,0.00,0.00
292,1536,310885.77,310881.77,310881.77,0.00,0.00,5.77,0.00,0.00
293,1536,313945.48,313949.48,313949.48,0.00,0.00,5.77,0.00,0.00
294,1536,310950.21,310946.21,310946.21,0.00,0.00,5.88,0.00,0.00
295,1536,310824.49,310828.49,310828.49,0.00,0.00,5.88,0.00,0.00
296,1536,310907.57,310905.57,310905.57,0.00,0.00,5.88,0.00,0.00
297,1536,310860.70,310859.70,310859.70,0.00,0.00,5.88,0.00,0.00
298,1536,310938.12,310940.12,310940.12,0.00,0.00,5.88,0.00,0.00
299,1536,310880.33,310881.33,310881.33,0.00,0.00,5.77,0.00,0.00
300,1536,301409.80,301409.80,301409.80,0.00,0.00,5.88,0.00,0.00
SQL statistics:
    queries performed:
        read:                            93385529
        write:                           0
        other:                           0
        total:                           93385529
    transactions:                        93385529 (310996.72 per sec.)
    queries:                             93385529 (310996.72 per sec.)
    ignored errors:                      0      (0.00 per sec.)
    reconnects:                          0      (0.00 per sec.)

General statistics:
    total time:                          300.2767s
    total number of events:              93385529

Latency (ms):
         min:                                    0.05
         avg:                                    4.93
         max:                                 1020.13
         95th percentile:                        5.88
         sum:                            460486504.57

Threads fairness:
    events (avg/stddev):           60797.8704/1520.49
    execution time (avg/stddev):   299.7959/0.08

