sysbench 1.0.20 (using bundled LuaJIT 2.1.0-beta2)

Running the test with following options:
Number of threads: 1536
Report intermediate results every 1 second(s)
Initializing random number generator from current time


Initializing worker threads...

Threads started!

1,1536,5001.36,92009.71,80515.90,0.00,11493.81,694.45,0.00,0.00
2,1536,4564.50,72506.88,63378.88,0.00,9127.99,419.45,0.00,0.00
3,1536,4515.73,72164.71,63133.25,0.00,9031.46,419.45,0.00,0.00
4,1536,4505.62,72170.94,63158.70,0.00,9012.24,419.45,0.00,0.00
5,1536,4463.92,71976.72,63049.88,0.00,8926.84,419.45,0.00,0.00
6,1536,4548.13,72216.13,63119.86,0.00,9096.27,419.45,0.00,0.00
7,1536,4528.75,72569.06,63511.55,0.00,9057.51,419.45,0.00,0.00
8,1536,4554.68,72875.89,63765.53,0.00,9110.36,411.96,0.00,0.00
9,1536,4563.00,72828.06,63703.05,0.00,9125.01,411.96,0.00,0.00
10,1536,4516.78,72302.48,63269.92,0.00,9032.56,411.96,0.00,0.00
11,1536,4566.55,73062.86,63927.75,0.00,9135.11,411.96,0.00,0.00
12,1536,4524.89,72603.21,63553.44,0.00,9049.78,411.96,0.00,0.00
13,1536,4597.79,73343.63,64148.05,0.00,9195.58,404.61,0.00,0.00
14,1536,4566.03,73297.48,64166.42,0.00,9131.06,404.61,0.00,0.00
15,1536,4599.30,73567.87,64368.26,0.00,9199.61,404.61,0.00,0.00
16,1536,4580.22,73228.45,64068.02,0.00,9160.43,411.96,0.00,0.00
17,1536,4614.94,73632.98,64403.11,0.00,9229.87,404.61,0.00,0.00
18,1536,4543.87,72987.89,63900.15,0.00,9087.74,411.96,0.00,0.00
19,1536,4578.07,73101.05,63944.91,0.00,9156.13,411.96,0.00,0.00
20,1536,4580.08,73414.23,64254.07,0.00,9160.15,411.96,0.00,0.00
21,1536,4584.97,73371.59,64201.64,0.00,9169.95,404.61,0.00,0.00
22,1536,4581.98,73218.69,64054.73,0.00,9163.96,411.96,0.00,0.00
23,1536,4578.06,73329.00,64173.88,0.00,9155.12,404.61,0.00,0.00
24,1536,4579.87,73210.85,64050.12,0.00,9160.73,411.96,0.00,0.00
25,1536,4595.61,73475.76,64285.54,0.00,9190.22,404.61,0.00,0.00
26,1536,4601.58,73326.30,64122.13,0.00,9204.17,411.96,0.00,0.00
27,1536,4575.79,73417.71,64266.12,0.00,9151.59,411.96,0.00,0.00
28,1536,4617.03,73611.56,64378.49,0.00,9233.07,404.61,0.00,0.00
29,1536,4601.52,73790.28,64587.24,0.00,9203.04,404.61,0.00,0.00
30,1536,4594.42,73614.75,64425.91,0.00,9188.84,404.61,0.00,0.00
31,1536,4573.06,73247.00,64099.87,0.00,9147.12,411.96,0.00,0.00
32,1536,4613.08,73730.29,64504.13,0.00,9226.16,404.61,0.00,0.00
33,1536,4597.89,73468.31,64273.52,0.00,9194.79,411.96,0.00,0.00
34,1536,4640.00,74291.00,65012.00,0.00,9279.00,404.61,0.00,0.00
35,1536,4605.65,73669.43,64457.13,0.00,9212.30,404.61,0.00,0.00
36,1536,4565.50,73355.01,64223.02,0.00,9132.00,404.61,0.00,0.00
37,1536,4640.93,73925.91,64644.05,0.00,9281.86,411.96,0.00,0.00
38,1536,4581.99,73418.80,64255.82,0.00,9162.97,411.96,0.00,0.00
39,1536,4610.71,73473.38,64250.96,0.00,9222.42,411.96,0.00,0.00
40,1536,4572.92,73674.69,64528.85,0.00,9145.84,411.96,0.00,0.00
41,1536,4578.14,73259.31,64105.02,0.00,9154.29,411.96,0.00,0.00
42,1536,4604.39,73426.25,64215.47,0.00,9210.78,404.61,0.00,0.00
43,1536,4580.61,73391.76,64231.54,0.00,9160.22,404.61,0.00,0.00
44,1536,4580.21,73583.43,64422.00,0.00,9161.43,404.61,0.00,0.00
45,1536,4617.96,73622.41,64386.48,0.00,9235.93,411.96,0.00,0.00
46,1536,4624.96,73891.43,64642.50,0.00,9248.93,404.61,0.00,0.00
47,1536,4617.10,73576.66,64341.45,0.00,9235.21,404.61,0.00,0.00
48,1536,4594.07,73559.08,64370.95,0.00,9188.14,404.61,0.00,0.00
49,1536,4594.84,73613.41,64423.74,0.00,9189.68,404.61,0.00,0.00
50,1536,4587.01,73515.12,64341.11,0.00,9174.02,411.96,0.00,0.00
51,1536,4605.90,73669.33,64458.54,0.00,9210.79,404.61,0.00,0.00
52,1536,4586.28,73399.45,64225.90,0.00,9173.56,411.96,0.00,0.00
53,1536,4586.83,73412.23,64238.58,0.00,9173.65,411.96,0.00,0.00
54,1536,4626.17,73873.70,64621.36,0.00,9252.34,404.61,0.00,0.00
55,1536,4592.52,73533.33,64349.28,0.00,9184.04,404.61,0.00,0.00
56,1536,4605.37,73766.85,64556.12,0.00,9210.73,404.61,0.00,0.00
57,1536,4613.00,73510.96,64283.97,0.00,9227.00,411.96,0.00,0.00
58,1536,4570.56,73555.97,64414.84,0.00,9141.13,404.61,0.00,0.00
59,1536,4619.08,73808.21,64571.06,0.00,9237.15,404.61,0.00,0.00
60,1536,4625.95,73858.23,64605.33,0.00,9252.90,404.61,0.00,0.00
61,1536,4607.99,73601.92,64385.93,0.00,9215.99,411.96,0.00,0.00
62,1536,4565.98,73377.70,64245.74,0.00,9131.96,404.61,0.00,0.00
63,1536,4584.90,73501.44,64331.64,0.00,9169.81,404.61,0.00,0.00
64,1536,4581.57,73214.12,64050.98,0.00,9163.14,411.96,0.00,0.00
65,1536,4594.91,73583.48,64393.67,0.00,9189.81,404.61,0.00,0.00
66,1536,4607.74,73691.80,64477.33,0.00,9214.47,404.61,0.00,0.00
67,1536,4636.87,73756.97,64483.22,0.00,9273.74,404.61,0.00,0.00
68,1536,4589.00,73618.06,64440.06,0.00,9178.01,404.61,0.00,0.00
69,1536,4596.09,73692.39,64499.22,0.00,9193.17,404.61,0.00,0.00
70,1536,4580.00,73411.08,64251.07,0.00,9160.01,404.61,0.00,0.00
71,1536,4604.08,73661.29,64453.13,0.00,9208.16,404.61,0.00,0.00
72,1536,4591.15,73683.39,64501.09,0.00,9182.30,411.96,0.00,0.00
73,1536,4612.02,73655.35,64431.31,0.00,9224.04,404.61,0.00,0.00
74,1536,4622.25,73740.91,64496.42,0.00,9244.49,404.61,0.00,0.00
75,1536,4584.62,73404.86,64237.63,0.00,9167.23,411.96,0.00,0.00
76,1536,4595.94,73527.96,64334.09,0.00,9193.87,411.96,0.00,0.00
77,1536,4618.95,73883.27,64645.36,0.00,9237.91,404.61,0.00,0.00
78,1536,4606.91,73625.54,64411.72,0.00,9213.82,404.61,0.00,0.00
79,1536,4580.82,73185.15,64023.50,0.00,9161.64,404.61,0.00,0.00
80,1536,4571.19,73600.14,64457.75,0.00,9142.39,404.61,0.00,0.00
81,1536,4653.95,74033.25,64725.34,0.00,9307.91,404.61,0.00,0.00
82,1536,4562.57,73160.07,64034.93,0.00,9125.14,404.61,0.00,0.00
83,1536,4623.55,73809.75,64563.66,0.00,9246.10,404.61,0.00,0.00
84,1536,4585.05,73505.85,64334.74,0.00,9171.11,404.61,0.00,0.00
85,1536,4615.03,73863.50,64633.44,0.00,9230.06,404.61,0.00,0.00
86,1536,4610.31,73704.03,64483.40,0.00,9220.63,404.61,0.00,0.00
87,1536,4590.82,73673.09,64491.45,0.00,9181.64,404.61,0.00,0.00
88,1536,4593.20,73420.14,64233.74,0.00,9186.39,404.61,0.00,0.00
89,1536,4588.02,73476.31,64300.27,0.00,9176.04,404.61,0.00,0.00
90,1536,4601.89,73510.22,64306.44,0.00,9203.78,404.61,0.00,0.00
91,1536,4603.95,73671.18,64463.28,0.00,9207.90,411.96,0.00,0.00
92,1536,4595.68,73663.92,64472.55,0.00,9191.37,404.61,0.00,0.00
93,1536,4606.96,73415.31,64202.39,0.00,9212.91,404.61,0.00,0.00
94,1536,4596.12,73536.98,64343.73,0.00,9193.25,404.61,0.00,0.00
95,1536,4601.69,73927.96,64725.59,0.00,9202.37,404.61,0.00,0.00
96,1536,4620.19,73916.98,64675.60,0.00,9241.37,404.61,0.00,0.00
97,1536,4619.63,73491.98,64252.72,0.00,9239.25,404.61,0.00,0.00
98,1536,4594.79,73542.68,64353.10,0.00,9189.59,411.96,0.00,0.00
99,1536,4597.97,73746.49,64551.55,0.00,9194.94,404.61,0.00,0.00
100,1536,4585.71,73162.44,63990.01,0.00,9172.43,404.61,0.00,0.00
101,1536,4577.53,73284.53,64129.46,0.00,9155.07,411.96,0.00,0.00
102,1536,4592.68,73421.87,64236.51,0.00,9185.36,411.96,0.00,0.00
103,1536,4586.11,73621.76,64449.54,0.00,9172.22,404.61,0.00,0.00
104,1536,4591.23,73426.64,64245.18,0.00,9181.45,404.61,0.00,0.00
105,1536,4609.46,73616.33,64397.41,0.00,9218.91,404.61,0.00,0.00
106,1536,4599.04,73775.65,64576.56,0.00,9199.08,404.61,0.00,0.00
107,1536,4603.14,73694.26,64487.97,0.00,9206.28,404.61,0.00,0.00
108,1536,4611.89,73803.24,64579.46,0.00,9223.78,411.96,0.00,0.00
109,1536,4640.47,73835.52,64554.57,0.00,9280.95,404.61,0.00,0.00
110,1536,4573.87,73464.87,64317.14,0.00,9147.73,411.96,0.00,0.00
111,1536,4599.85,73402.53,64203.84,0.00,9198.69,404.61,0.00,0.00
112,1536,4578.11,73471.69,64315.48,0.00,9156.21,404.61,0.00,0.00
113,1536,4605.93,73503.86,64291.01,0.00,9212.86,411.96,0.00,0.00
114,1536,4601.61,73738.80,64536.57,0.00,9202.23,404.61,0.00,0.00
115,1536,4623.18,73949.91,64702.54,0.00,9247.36,404.61,0.00,0.00
116,1536,4625.24,73954.91,64704.42,0.00,9250.49,404.61,0.00,0.00
117,1536,4609.01,73960.17,64742.15,0.00,9218.02,404.61,0.00,0.00
118,1536,4611.46,73785.37,64562.45,0.00,9222.92,404.61,0.00,0.00
119,1536,4603.17,73621.77,64416.42,0.00,9205.35,411.96,0.00,0.00
120,1536,4601.92,73589.75,64386.91,0.00,9202.84,404.61,0.00,0.00
121,1536,4618.08,73754.26,64516.10,0.00,9238.16,404.61,0.00,0.00
122,1536,4583.93,73388.82,64220.97,0.00,9167.85,404.61,0.00,0.00
123,1536,4590.85,73713.55,64531.86,0.00,9181.70,411.96,0.00,0.00
124,1536,4641.67,73985.74,64702.39,0.00,9283.35,404.61,0.00,0.00
125,1536,4616.81,74021.97,64788.34,0.00,9233.62,404.61,0.00,0.00
126,1536,4576.75,73442.94,64289.45,0.00,9153.49,411.96,0.00,0.00
127,1536,4613.92,73804.77,64577.92,0.00,9226.85,404.61,0.00,0.00
128,1536,4599.19,73491.02,64291.64,0.00,9199.38,404.61,0.00,0.00
129,1536,4617.10,73842.61,64608.41,0.00,9234.20,404.61,0.00,0.00
130,1536,4651.84,74141.40,64837.71,0.00,9303.68,404.61,0.00,0.00
131,1536,4611.43,73594.98,64372.11,0.00,9222.87,404.61,0.00,0.00
132,1536,4592.47,73634.47,64449.54,0.00,9184.93,411.96,0.00,0.00
133,1536,4582.09,73626.49,64462.30,0.00,9164.19,411.96,0.00,0.00
134,1536,4610.92,73542.80,64320.95,0.00,9221.85,404.61,0.00,0.00
135,1536,4592.40,73589.38,64404.59,0.00,9184.80,411.96,0.00,0.00
136,1536,4612.64,73824.18,64598.90,0.00,9225.27,404.61,0.00,0.00
137,1536,4630.44,74158.02,64897.15,0.00,9260.88,404.61,0.00,0.00
138,1536,4591.58,73720.33,64539.16,0.00,9181.17,404.61,0.00,0.00
139,1536,4626.19,73757.98,64503.61,0.00,9254.37,404.61,0.00,0.00
140,1536,4626.22,73908.46,64656.03,0.00,9252.43,404.61,0.00,0.00
141,1536,4618.96,73956.37,64718.44,0.00,9237.92,404.61,0.00,0.00
142,1536,4646.09,74213.47,64921.28,0.00,9292.18,404.61,0.00,0.00
143,1536,4579.91,73500.62,64340.79,0.00,9159.83,404.61,0.00,0.00
144,1536,4627.16,73794.54,64540.22,0.00,9254.32,404.61,0.00,0.00
145,1536,4592.53,73743.53,64558.46,0.00,9185.07,404.61,0.00,0.00
146,1536,4589.86,73482.77,64303.05,0.00,9179.72,404.61,0.00,0.00
147,1536,4647.05,74044.84,64750.73,0.00,9294.11,404.61,0.00,0.00
148,1536,4596.04,73633.67,64441.59,0.00,9192.08,404.61,0.00,0.00
149,1536,4641.53,74225.46,64944.40,0.00,9281.06,404.61,0.00,0.00
150,1536,4612.82,73854.11,64626.47,0.00,9227.64,404.61,0.00,0.00
151,1536,4611.95,73798.22,64574.31,0.00,9223.90,404.61,0.00,0.00
152,1536,4619.00,73982.99,64744.99,0.00,9238.00,404.61,0.00,0.00
153,1536,4651.17,74263.73,64961.39,0.00,9302.34,404.61,0.00,0.00
154,1536,4627.91,73761.54,64507.72,0.00,9253.82,404.61,0.00,0.00
155,1536,4586.77,73627.32,64453.78,0.00,9173.54,404.61,0.00,0.00
156,1536,4588.26,73829.17,64651.65,0.00,9177.52,404.61,0.00,0.00
157,1536,4618.33,73749.22,64511.57,0.00,9237.65,404.61,0.00,0.00
158,1536,4595.81,73631.05,64439.42,0.00,9191.63,404.61,0.00,0.00
159,1536,4615.77,73606.36,64374.82,0.00,9231.54,404.61,0.00,0.00
160,1536,4586.13,73474.15,64301.88,0.00,9172.27,404.61,0.00,0.00
161,1536,4604.95,73515.25,64305.34,0.00,9209.91,404.61,0.00,0.00
162,1536,4603.07,73724.18,64518.03,0.00,9206.15,404.61,0.00,0.00
163,1536,4628.81,73906.99,64649.37,0.00,9257.62,404.61,0.00,0.00
164,1536,4603.85,73781.64,64574.94,0.00,9206.71,404.61,0.00,0.00
165,1536,4600.31,73581.96,64380.34,0.00,9201.62,404.61,0.00,0.00
166,1536,4618.82,73800.06,64563.43,0.00,9236.63,404.61,0.00,0.00
167,1536,4596.72,73594.49,64400.05,0.00,9194.44,404.61,0.00,0.00
168,1536,4592.04,73741.63,64557.55,0.00,9184.08,404.61,0.00,0.00
169,1536,4601.76,73683.12,64479.61,0.00,9203.52,404.61,0.00,0.00
170,1536,4597.21,73478.36,64283.94,0.00,9194.42,404.61,0.00,0.00
171,1536,4594.74,73405.84,64217.36,0.00,9188.48,411.96,0.00,0.00
172,1536,4590.60,73544.62,64362.41,0.00,9182.20,411.96,0.00,0.00
173,1536,4592.11,73361.66,64177.45,0.00,9184.21,411.96,0.00,0.00
174,1536,4602.49,73552.81,64347.83,0.00,9204.97,404.61,0.00,0.00
175,1536,4629.50,73873.01,64614.01,0.00,9259.00,404.61,0.00,0.00
176,1536,4618.49,74026.78,64790.81,0.00,9235.97,404.61,0.00,0.00
177,1536,4617.87,74130.93,64894.18,0.00,9236.74,404.61,0.00,0.00
178,1536,4625.89,73983.24,64732.46,0.00,9250.78,404.61,0.00,0.00
179,1536,4608.21,73550.36,64332.94,0.00,9217.42,404.61,0.00,0.00
180,1536,4579.02,73399.29,64243.25,0.00,9156.04,404.61,0.00,0.00
181,1536,4623.11,73531.71,64283.50,0.00,9248.22,404.61,0.00,0.00
182,1536,4590.93,73415.86,64234.00,0.00,9181.86,411.96,0.00,0.00
183,1536,4571.41,73455.54,64312.72,0.00,9142.81,404.61,0.00,0.00
184,1536,4591.54,73643.66,64461.58,0.00,9182.08,404.61,0.00,0.00
185,1536,4587.11,73644.71,64469.50,0.00,9175.21,404.61,0.00,0.00
186,1536,4611.16,73659.49,64437.18,0.00,9222.31,404.61,0.00,0.00
187,1536,4591.65,73574.36,64391.07,0.00,9183.30,404.61,0.00,0.00
188,1536,4615.07,73679.09,64449.95,0.00,9229.14,404.61,0.00,0.00
189,1536,4615.67,73711.77,64479.42,0.00,9232.35,404.61,0.00,0.00
190,1536,4608.87,73744.90,64527.17,0.00,9217.74,404.61,0.00,0.00
191,1536,4611.49,73940.82,64717.84,0.00,9222.98,404.61,0.00,0.00
192,1536,4618.09,73799.43,64563.25,0.00,9236.18,404.61,0.00,0.00
193,1536,4594.95,73677.22,64489.32,0.00,9187.90,404.61,0.00,0.00
194,1536,4611.02,73668.29,64444.25,0.00,9224.04,404.61,0.00,0.00
195,1536,4614.26,73821.20,64593.67,0.00,9227.52,404.61,0.00,0.00
196,1536,4611.12,73809.92,64586.68,0.00,9223.24,404.61,0.00,0.00
197,1536,4626.10,74184.65,64932.44,0.00,9252.21,404.61,0.00,0.00
198,1536,4613.69,73555.11,64327.72,0.00,9227.39,404.61,0.00,0.00
199,1536,4622.20,73834.19,64589.79,0.00,9244.40,404.61,0.00,0.00
200,1536,4650.05,74247.82,64947.71,0.00,9300.10,404.61,0.00,0.00
201,1536,4585.57,73455.04,64283.90,0.00,9171.13,404.61,0.00,0.00
202,1536,4596.66,73669.60,64476.28,0.00,9193.33,411.96,0.00,0.00
203,1536,4577.18,73494.89,64342.53,0.00,9152.36,404.61,0.00,0.00
204,1536,4632.95,73827.25,64560.34,0.00,9266.91,411.96,0.00,0.00
205,1536,4600.63,73744.17,64541.90,0.00,9202.27,404.61,0.00,0.00
206,1536,4599.97,73370.56,64171.62,0.00,9198.95,404.61,0.00,0.00
207,1536,4575.91,73620.57,64468.75,0.00,9151.82,411.96,0.00,0.00
208,1536,4627.22,73632.49,64378.05,0.00,9254.44,404.61,0.00,0.00
209,1536,4590.77,73951.30,64768.76,0.00,9182.54,404.61,0.00,0.00
210,1536,4619.17,73669.74,64432.39,0.00,9237.34,404.61,0.00,0.00
211,1536,4597.92,73668.77,64471.93,0.00,9196.85,404.61,0.00,0.00
212,1536,4620.02,73866.26,64626.22,0.00,9240.03,404.61,0.00,0.00
213,1536,4585.53,73456.50,64285.44,0.00,9171.06,404.61,0.00,0.00
214,1536,4617.98,73677.65,64442.69,0.00,9234.96,404.61,0.00,0.00
215,1536,4600.00,73565.96,64365.96,0.00,9199.99,404.61,0.00,0.00
216,1536,4578.79,73343.62,64185.04,0.00,9158.58,404.61,0.00,0.00
217,1536,4610.82,73891.15,64671.51,0.00,9219.64,411.96,0.00,0.00
218,1536,4610.85,73595.54,64371.85,0.00,9223.69,404.61,0.00,0.00
219,1536,4652.63,73999.06,64693.81,0.00,9305.25,404.61,0.00,0.00
220,1536,4563.20,73596.21,64469.82,0.00,9126.40,404.61,0.00,0.00
221,1536,4625.20,73785.27,64534.86,0.00,9250.41,404.61,0.00,0.00
222,1536,4599.95,73619.20,64419.30,0.00,9199.90,404.61,0.00,0.00
223,1536,4590.22,73491.55,64312.11,0.00,9179.44,411.96,0.00,0.00
224,1536,4608.86,73643.79,64425.06,0.00,9218.72,404.61,0.00,0.00
225,1536,4612.95,73773.17,64547.27,0.00,9225.90,404.61,0.00,0.00
226,1536,4627.86,73891.80,64636.08,0.00,9255.72,404.61,0.00,0.00
227,1536,4586.23,73744.71,64572.24,0.00,9172.46,404.61,0.00,0.00
228,1536,4617.86,73821.69,64586.98,0.00,9234.71,404.61,0.00,0.00
229,1536,4599.93,73776.81,64575.96,0.00,9200.85,404.61,0.00,0.00
230,1536,4592.09,73439.49,64255.30,0.00,9184.19,404.61,0.00,0.00
231,1536,4610.10,73854.60,64634.40,0.00,9220.20,404.61,0.00,0.00
232,1536,4627.03,73662.42,64408.37,0.00,9254.05,404.61,0.00,0.00
233,1536,4586.83,73675.29,64501.63,0.00,9173.66,404.61,0.00,0.00
234,1536,4637.13,73973.12,64698.85,0.00,9274.27,404.61,0.00,0.00
235,1536,4627.05,73976.79,64722.69,0.00,9254.10,404.61,0.00,0.00
236,1536,4619.98,73788.63,64548.68,0.00,9239.95,404.61,0.00,0.00
237,1536,4588.02,73530.32,64354.28,0.00,9176.04,404.61,0.00,0.00
238,1536,4614.10,73801.65,64573.45,0.00,9228.21,404.61,0.00,0.00
239,1536,4578.34,73607.34,64450.67,0.00,9156.67,411.96,0.00,0.00
240,1536,4644.99,73860.83,64570.85,0.00,9289.98,404.61,0.00,0.00
241,1536,4579.10,73637.69,64479.48,0.00,9158.21,404.61,0.00,0.00
242,1536,4630.97,73665.45,64403.52,0.00,9261.93,411.96,0.00,0.00
243,1536,4544.01,73169.11,64083.09,0.00,9086.01,404.61,0.00,0.00
244,1536,4575.38,73225.13,64072.36,0.00,9152.77,404.61,0.00,0.00
245,1536,4622.04,73883.64,64639.56,0.00,9244.08,404.61,0.00,0.00
246,1536,4624.49,73992.88,64744.89,0.00,9247.99,411.96,0.00,0.00
247,1536,4570.10,73311.55,64170.36,0.00,9141.19,404.61,0.00,0.00
248,1536,4629.65,73834.53,64575.22,0.00,9259.31,404.61,0.00,0.00
249,1536,4635.36,73903.76,64633.03,0.00,9270.73,404.61,0.00,0.00
250,1536,4594.95,73633.19,64444.29,0.00,9188.90,404.61,0.00,0.00
251,1536,4627.04,74104.71,64851.62,0.00,9253.09,404.61,0.00,0.00
252,1536,4639.20,74002.20,64721.80,0.00,9280.40,404.61,0.00,0.00
253,1536,4557.99,73267.82,64153.84,0.00,9113.98,411.96,0.00,0.00
254,1536,4607.24,73673.78,64457.31,0.00,9216.47,404.61,0.00,0.00
255,1536,4595.87,73427.97,64236.22,0.00,9191.75,404.61,0.00,0.00
256,1536,4572.69,73434.03,64288.65,0.00,9145.38,404.61,0.00,0.00
257,1536,4635.48,73837.62,64567.66,0.00,9269.96,404.61,0.00,0.00
258,1536,4552.77,73132.36,64025.82,0.00,9106.55,404.61,0.00,0.00
259,1536,4598.08,73527.25,64331.09,0.00,9196.16,411.96,0.00,0.00
260,1536,4597.10,73348.62,64154.42,0.00,9194.20,411.96,0.00,0.00
261,1536,4594.85,73652.57,64462.87,0.00,9189.70,404.61,0.00,0.00
262,1536,4632.13,73874.09,64609.83,0.00,9264.26,404.61,0.00,0.00
263,1536,4595.82,73555.08,64363.44,0.00,9191.63,404.61,0.00,0.00
264,1536,4594.21,73701.30,64512.89,0.00,9188.41,404.61,0.00,0.00
265,1536,4620.90,73673.44,64435.63,0.00,9237.80,404.61,0.00,0.00
266,1536,4590.12,73497.85,64313.62,0.00,9184.23,404.61,0.00,0.00
267,1536,4624.82,74126.07,64876.44,0.00,9249.63,404.61,0.00,0.00
268,1536,4617.15,73768.46,64534.15,0.00,9234.31,404.61,0.00,0.00
269,1536,4587.97,73623.59,64447.64,0.00,9175.95,411.96,0.00,0.00
270,1536,4601.05,73661.80,64459.70,0.00,9202.10,404.61,0.00,0.00
271,1536,4606.84,73868.45,64654.77,0.00,9213.68,404.61,0.00,0.00
272,1536,4650.68,74035.97,64736.60,0.00,9299.37,404.61,0.00,0.00
273,1536,4615.23,73593.71,64364.24,0.00,9229.46,404.61,0.00,0.00
274,1536,4585.99,73752.85,64577.86,0.00,9174.98,411.96,0.00,0.00
275,1536,4596.89,73561.20,64367.42,0.00,9193.77,404.61,0.00,0.00
276,1536,4630.91,73963.51,64703.69,0.00,9259.81,404.61,0.00,0.00
277,1536,4596.39,73760.24,64566.46,0.00,9193.78,404.61,0.00,0.00
278,1536,4624.14,73740.27,64490.99,0.00,9249.28,404.61,0.00,0.00
279,1536,4600.47,73841.55,64640.60,0.00,9200.95,411.96,0.00,0.00
280,1536,4594.01,73618.18,64430.16,0.00,9188.02,404.61,0.00,0.00
281,1536,4604.92,73441.70,64231.87,0.00,9209.84,404.61,0.00,0.00
282,1536,4588.40,73625.40,64448.60,0.00,9176.80,404.61,0.00,0.00
283,1536,4598.20,73419.19,64222.79,0.00,9196.40,411.96,0.00,0.00
284,1536,4591.86,73317.82,64134.09,0.00,9183.73,404.61,0.00,0.00
285,1536,4585.68,73421.90,64250.54,0.00,9171.36,411.96,0.00,0.00
286,1536,4611.51,73639.08,64416.07,0.00,9223.01,411.96,0.00,0.00
287,1536,4590.40,73466.35,64285.55,0.00,9180.79,411.96,0.00,0.00
288,1536,4606.54,73643.69,64430.60,0.00,9213.09,404.61,0.00,0.00
289,1536,4592.58,73550.33,64365.16,0.00,9185.17,404.61,0.00,0.00
290,1536,4609.86,73717.82,64498.09,0.00,9219.73,404.61,0.00,0.00
291,1536,4602.24,73609.90,64405.42,0.00,9204.49,404.61,0.00,0.00
292,1536,4612.73,73988.64,64764.18,0.00,9224.46,404.61,0.00,0.00
293,1536,4589.51,73415.18,64235.15,0.00,9180.02,404.61,0.00,0.00
294,1536,4565.97,73392.52,64260.58,0.00,9131.94,404.61,0.00,0.00
295,1536,4629.99,73723.78,64463.80,0.00,9259.97,404.61,0.00,0.00
296,1536,4624.84,73981.39,64731.72,0.00,9249.67,404.61,0.00,0.00
297,1536,4593.15,73706.41,64520.11,0.00,9186.30,404.61,0.00,0.00
298,1536,4612.82,73624.05,64398.42,0.00,9225.63,404.61,0.00,0.00
299,1536,4614.07,73849.19,64622.05,0.00,9227.15,404.61,0.00,0.00
300,1536,4593.38,73224.09,64164.32,0.00,9059.77,404.61,0.00,0.00
SQL statistics:
    queries performed:
        read:                            19350156
        write:                           0
        other:                           2764308
        total:                           22114464
    transactions:                        1382154 (4601.76 per sec.)
    queries:                             22114464 (73628.18 per sec.)
    ignored errors:                      0      (0.00 per sec.)
    reconnects:                          0      (0.00 per sec.)

General statistics:
    total time:                          300.3518s
    total number of events:              1382154

Latency (ms):
         min:                                    2.10
         avg:                                  333.54
         max:                                  918.02
         95th percentile:                      404.61
         sum:                            461010064.43

Threads fairness:
    events (avg/stddev):           899.8398/5.16
    execution time (avg/stddev):   300.1368/0.08

