sysbench 1.0.20 (using bundled LuaJIT 2.1.0-beta2)

Running the test with following options:
Number of threads: 16
Report intermediate results every 1 second(s)
Initializing random number generator from current time


Initializing worker threads...

Threads started!

1,16,10132.42,162261.51,141980.69,0.00,20280.82,1.89,0.00,0.00
2,16,10507.08,168126.33,147112.16,0.00,21014.17,1.82,0.00,0.00
3,16,10716.62,171467.90,150034.66,0.00,21433.24,1.73,0.00,0.00
4,16,10681.11,170876.69,149514.48,0.00,21362.21,1.79,0.00,0.00
5,16,10815.30,173057.73,151427.14,0.00,21630.59,1.64,0.00,0.00
6,16,10663.87,170619.96,149292.22,0.00,21327.75,1.79,0.00,0.00
7,16,10323.15,165182.47,144536.16,0.00,20646.31,1.86,0.00,0.00
8,16,10721.89,171525.24,150082.46,0.00,21442.78,1.73,0.00,0.00
9,16,10727.85,171665.52,150208.83,0.00,21456.69,1.73,0.00,0.00
10,16,10667.81,170658.92,149324.31,0.00,21334.62,1.79,0.00,0.00
11,16,10753.21,172034.36,150526.94,0.00,21507.42,1.70,0.00,0.00
12,16,10693.12,171094.93,149708.69,0.00,21386.24,1.73,0.00,0.00
13,16,10733.82,171779.17,150310.53,0.00,21468.65,1.73,0.00,0.00
14,16,10836.22,173358.54,151688.10,0.00,21670.44,1.64,0.00,0.00
15,16,10664.82,170686.06,149355.43,0.00,21330.63,1.79,0.00,0.00
16,16,10572.89,169138.27,147992.48,0.00,21145.78,1.82,0.00,0.00
17,16,10812.30,172981.87,151357.26,0.00,21624.61,1.61,0.00,0.00
18,16,10539.97,168650.50,147571.56,0.00,21078.94,1.79,0.00,0.00
19,16,10551.97,168824.44,147719.51,0.00,21104.93,1.82,0.00,0.00
20,16,10617.02,169898.31,148664.27,0.00,21234.04,1.76,0.00,0.00
21,16,10739.95,171817.16,150338.26,0.00,21478.89,1.70,0.00,0.00
22,16,10568.84,169098.46,147958.78,0.00,21139.68,1.79,0.00,0.00
23,16,10744.37,171925.00,150437.25,0.00,21487.75,1.67,0.00,0.00
24,16,10735.41,171766.48,150296.67,0.00,21469.81,1.64,0.00,0.00
25,16,10640.25,170241.93,148960.44,0.00,21281.49,1.76,0.00,0.00
26,16,10576.01,169198.18,148046.15,0.00,21152.02,1.79,0.00,0.00
27,16,10625.52,170009.29,148759.26,0.00,21250.04,1.76,0.00,0.00
28,16,10721.44,171556.07,150112.19,0.00,21443.88,1.70,0.00,0.00
29,16,10686.30,170974.82,149603.22,0.00,21371.60,1.73,0.00,0.00
30,16,10744.63,171931.12,150440.85,0.00,21490.26,1.64,0.00,0.00
31,16,10561.39,168960.16,147837.39,0.00,21122.77,1.82,0.00,0.00
32,16,10495.41,167902.58,146913.76,0.00,20988.82,1.82,0.00,0.00
33,16,10649.27,170412.31,149112.78,0.00,21299.54,1.70,0.00,0.00
34,16,10395.83,166360.36,145569.69,0.00,20790.67,1.86,0.00,0.00
35,16,10381.32,166065.13,145301.49,0.00,20763.64,1.86,0.00,0.00
36,16,10607.35,169752.54,148536.85,0.00,21215.69,1.76,0.00,0.00
37,16,10619.52,169902.40,148663.35,0.00,21239.05,1.76,0.00,0.00
38,16,10760.09,172139.40,150620.23,0.00,21519.18,1.61,0.00,0.00
39,16,10517.97,168304.57,147267.63,0.00,21036.95,1.82,0.00,0.00
40,16,10654.65,170481.46,149172.15,0.00,21309.31,1.73,0.00,0.00
41,16,10608.37,169721.93,148505.19,0.00,21216.74,1.79,0.00,0.00
42,16,10624.93,169998.88,148749.02,0.00,21249.86,1.76,0.00,0.00
43,16,10461.91,167391.62,146467.79,0.00,20923.83,1.82,0.00,0.00
44,16,10727.00,171596.01,150143.01,0.00,21453.00,1.64,0.00,0.00
45,16,10578.25,169293.99,148136.49,0.00,21157.50,1.79,0.00,0.00
46,16,10686.07,170955.08,149583.94,0.00,21371.14,1.73,0.00,0.00
47,16,10607.57,169753.10,148536.96,0.00,21216.14,1.76,0.00,0.00
48,16,10657.09,170532.51,149218.32,0.00,21314.19,1.73,0.00,0.00
49,16,10663.27,170590.29,149263.75,0.00,21326.54,1.70,0.00,0.00
50,16,10693.97,171085.52,149697.58,0.00,21387.94,1.73,0.00,0.00
51,16,10689.07,171021.12,149644.98,0.00,21376.14,1.73,0.00,0.00
52,16,10710.93,171376.89,149953.03,0.00,21423.86,1.64,0.00,0.00
53,16,10638.60,170251.67,148974.46,0.00,21277.21,1.76,0.00,0.00
54,16,10568.20,169077.23,147940.82,0.00,21136.40,1.79,0.00,0.00
55,16,10602.10,169630.66,148426.45,0.00,21204.21,1.79,0.00,0.00
56,16,10522.07,168341.11,147296.97,0.00,21044.14,1.82,0.00,0.00
57,16,10686.82,170977.16,149603.52,0.00,21373.65,1.70,0.00,0.00
58,16,10675.79,170840.59,149489.02,0.00,21351.57,1.76,0.00,0.00
59,16,10708.12,171338.87,149923.64,0.00,21415.23,1.67,0.00,0.00
60,16,10616.11,169839.68,148605.47,0.00,21234.21,1.79,0.00,0.00
61,16,10668.95,170730.21,149393.31,0.00,21336.90,1.70,0.00,0.00
62,16,10758.92,172095.72,150577.88,0.00,21517.84,1.64,0.00,0.00
63,16,10546.63,168752.01,147659.76,0.00,21092.25,1.82,0.00,0.00
64,16,10605.44,169669.01,148458.13,0.00,21210.88,1.76,0.00,0.00
65,16,10459.70,167419.20,146497.80,0.00,20921.40,1.82,0.00,0.00
66,16,10757.11,172083.77,150570.55,0.00,21513.22,1.64,0.00,0.00
67,16,10679.23,170831.62,149477.17,0.00,21354.45,1.73,0.00,0.00
68,16,10592.96,169482.43,148292.50,0.00,21189.93,1.79,0.00,0.00
69,16,10746.79,171982.62,150489.05,0.00,21493.58,1.64,0.00,0.00
70,16,10656.18,170517.94,149206.57,0.00,21311.37,1.76,0.00,0.00
71,16,10618.42,169866.76,148629.91,0.00,21236.85,1.79,0.00,0.00
72,16,10611.62,169780.99,148556.74,0.00,21224.25,1.79,0.00,0.00
73,16,10731.99,171744.86,150281.88,0.00,21462.98,1.64,0.00,0.00
74,16,10714.97,171413.51,149982.58,0.00,21430.94,1.73,0.00,0.00
75,16,10599.06,169599.94,148402.83,0.00,21197.12,1.79,0.00,0.00
76,16,10700.88,171187.15,149784.38,0.00,21402.77,1.70,0.00,0.00
77,16,10730.06,171708.98,150249.86,0.00,21459.12,1.70,0.00,0.00
78,16,10677.15,170794.41,149440.11,0.00,21354.30,1.76,0.00,0.00
79,16,10631.99,170153.91,148888.92,0.00,21264.99,1.76,0.00,0.00
80,16,10509.99,168150.92,147131.93,0.00,21018.99,1.82,0.00,0.00
81,16,10751.91,172011.50,150507.68,0.00,21503.81,1.73,0.00,0.00
82,16,10770.08,172337.28,150798.12,0.00,21539.16,1.67,0.00,0.00
83,16,10529.98,168475.65,147413.70,0.00,21061.96,1.79,0.00,0.00
84,16,10674.99,170811.77,149461.80,0.00,21349.97,1.73,0.00,0.00
85,16,10782.83,172498.28,150932.62,0.00,21565.66,1.67,0.00,0.00
86,16,10789.18,172625.82,151047.47,0.00,21578.35,1.64,0.00,0.00
87,16,10764.15,172247.33,150719.04,0.00,21528.29,1.70,0.00,0.00
88,16,10630.94,170104.07,148842.18,0.00,21261.88,1.79,0.00,0.00
89,16,10792.86,172691.73,151106.01,0.00,21585.72,1.64,0.00,0.00
90,16,10713.04,171361.59,149935.51,0.00,21426.07,1.76,0.00,0.00
91,16,10538.34,168659.38,147582.71,0.00,21076.67,1.82,0.00,0.00
92,16,10593.65,169482.48,148297.17,0.00,21185.31,1.82,0.00,0.00
93,16,10806.01,172875.21,151262.19,0.00,21613.03,1.61,0.00,0.00
94,16,10689.14,171071.25,149691.97,0.00,21379.28,1.73,0.00,0.00
95,16,10687.77,170983.40,149607.85,0.00,21375.55,1.76,0.00,0.00
96,16,10800.52,172819.33,151218.29,0.00,21601.04,1.67,0.00,0.00
97,16,10875.40,173989.32,152239.53,0.00,21749.79,1.58,0.00,0.00
98,16,10442.91,167097.55,146211.73,0.00,20885.82,1.82,0.00,0.00
99,16,10785.46,172571.34,150999.42,0.00,21571.92,1.67,0.00,0.00
100,16,10747.88,171982.10,150486.34,0.00,21495.76,1.73,0.00,0.00
101,16,10871.97,173943.52,152199.58,0.00,21743.94,1.61,0.00,0.00
102,16,10683.03,170912.53,149546.47,0.00,21366.07,1.79,0.00,0.00
103,16,10703.26,171229.13,149823.62,0.00,21405.52,1.76,0.00,0.00
104,16,10791.56,172683.94,151099.82,0.00,21584.12,1.70,0.00,0.00
105,16,10801.93,172845.83,151241.98,0.00,21603.85,1.64,0.00,0.00
106,16,10853.42,173629.76,151924.91,0.00,21704.84,1.61,0.00,0.00
107,16,10541.77,168690.29,147604.75,0.00,21085.54,1.82,0.00,0.00
108,16,10796.04,172726.58,151134.50,0.00,21592.07,1.64,0.00,0.00
109,16,10829.23,173254.71,151596.25,0.00,21658.46,1.64,0.00,0.00
110,16,10723.97,171617.57,150169.62,0.00,21447.95,1.73,0.00,0.00
111,16,10673.60,170751.57,149406.37,0.00,21345.20,1.79,0.00,0.00
112,16,10523.97,168386.49,147337.56,0.00,21048.94,1.82,0.00,0.00
113,16,10705.11,171287.77,149877.55,0.00,21410.22,1.76,0.00,0.00
114,16,10690.05,171035.82,149655.72,0.00,21380.10,1.76,0.00,0.00
115,16,10501.37,168005.97,147003.23,0.00,21002.75,1.82,0.00,0.00
116,16,10703.88,171268.11,149859.34,0.00,21408.76,1.73,0.00,0.00
117,16,10763.70,172216.27,150689.86,0.00,21526.41,1.73,0.00,0.00
118,16,10848.86,173573.73,151876.01,0.00,21697.72,1.67,0.00,0.00
119,16,10736.13,171783.02,150310.76,0.00,21472.25,1.73,0.00,0.00
120,16,10869.35,173916.56,152176.86,0.00,21739.69,1.64,0.00,0.00
121,16,10853.69,173665.96,151958.59,0.00,21707.37,1.61,0.00,0.00
122,16,10550.09,168822.48,147722.29,0.00,21100.18,1.82,0.00,0.00
123,16,10516.26,168227.24,147195.71,0.00,21031.53,1.82,0.00,0.00
124,16,10847.86,173562.80,151869.08,0.00,21693.73,1.67,0.00,0.00
125,16,10840.61,173480.80,151797.57,0.00,21683.22,1.67,0.00,0.00
126,16,10763.41,172204.59,150677.76,0.00,21526.82,1.76,0.00,0.00
127,16,10731.63,171699.01,150234.76,0.00,21464.25,1.79,0.00,0.00
128,16,10660.05,170561.74,149241.65,0.00,21320.09,1.76,0.00,0.00
129,16,10802.23,172823.70,151219.24,0.00,21604.46,1.70,0.00,0.00
130,16,10805.70,172885.26,151274.85,0.00,21610.41,1.76,0.00,0.00
131,16,10828.56,173281.89,151624.78,0.00,21657.11,1.67,0.00,0.00
132,16,10699.56,171193.97,149793.85,0.00,21400.12,1.76,0.00,0.00
133,16,10793.16,172676.51,151091.20,0.00,21585.31,1.70,0.00,0.00
134,16,10817.88,173093.04,151457.29,0.00,21635.76,1.73,0.00,0.00
135,16,10839.04,173425.68,151747.60,0.00,21678.09,1.70,0.00,0.00
136,16,10548.70,168778.24,147679.83,0.00,21098.40,1.82,0.00,0.00
137,16,10876.10,173988.53,152238.34,0.00,21750.19,1.64,0.00,0.00
138,16,10701.56,171277.88,149873.77,0.00,21404.11,1.76,0.00,0.00
139,16,10688.65,170992.40,149615.10,0.00,21377.30,1.79,0.00,0.00
140,16,10773.25,172389.04,150841.53,0.00,21547.50,1.73,0.00,0.00
141,16,10851.94,173658.98,151955.10,0.00,21703.87,1.64,0.00,0.00
142,16,10803.67,172830.76,151223.42,0.00,21607.34,1.70,0.00,0.00
143,16,10667.01,170653.14,149319.12,0.00,21334.02,1.79,0.00,0.00
144,16,10817.09,173050.46,151417.28,0.00,21633.18,1.67,0.00,0.00
145,16,10812.88,173052.00,151425.25,0.00,21626.75,1.70,0.00,0.00
146,16,10884.20,174100.20,152332.80,0.00,21767.40,1.67,0.00,0.00
147,16,10838.79,173476.68,151798.10,0.00,21678.58,1.61,0.00,0.00
148,16,10846.17,173510.71,151820.37,0.00,21690.34,1.67,0.00,0.00
149,16,10814.17,173003.78,151374.43,0.00,21629.35,1.67,0.00,0.00
150,16,10715.61,171492.70,150060.49,0.00,21432.21,1.79,0.00,0.00
151,16,10054.07,160835.17,140727.02,0.00,20108.15,1.89,0.00,0.00
152,16,10676.92,170853.69,149499.86,0.00,21353.84,1.79,0.00,0.00
153,16,10891.20,174254.23,152471.83,0.00,21782.40,1.61,0.00,0.00
154,16,10944.98,175109.63,153220.68,0.00,21888.95,1.61,0.00,0.00
155,16,10835.55,173382.85,151712.75,0.00,21670.11,1.70,0.00,0.00
156,16,10738.35,171802.57,150323.88,0.00,21478.70,1.76,0.00,0.00
157,16,10873.07,173976.07,152229.94,0.00,21746.13,1.67,0.00,0.00
158,16,10731.86,171687.76,150224.04,0.00,21463.72,1.79,0.00,0.00
159,16,10624.20,170010.23,148761.83,0.00,21248.40,1.82,0.00,0.00
160,16,10941.00,175049.98,153167.98,0.00,21882.00,1.58,0.00,0.00
161,16,10874.80,173990.85,152241.25,0.00,21749.61,1.64,0.00,0.00
162,16,10904.71,174460.30,152652.89,0.00,21807.41,1.67,0.00,0.00
163,16,10688.38,171007.00,149629.25,0.00,21377.75,1.79,0.00,0.00
164,16,10706.25,171312.97,149900.47,0.00,21412.50,1.79,0.00,0.00
165,16,10750.76,172019.10,150516.59,0.00,21502.51,1.79,0.00,0.00
166,16,10841.67,173435.64,151754.31,0.00,21681.33,1.76,0.00,0.00
167,16,10778.28,172516.44,150957.88,0.00,21558.55,1.73,0.00,0.00
168,16,10898.10,174353.62,152558.42,0.00,21795.20,1.61,0.00,0.00
169,16,10922.94,174753.04,152906.16,0.00,21846.88,1.61,0.00,0.00
170,16,10792.88,172708.00,151123.25,0.00,21584.75,1.73,0.00,0.00
171,16,10915.86,174638.73,152806.01,0.00,21832.72,1.61,0.00,0.00
172,16,10916.36,174678.70,152846.99,0.00,21831.71,1.61,0.00,0.00
173,16,10916.86,174661.71,152828.00,0.00,21833.71,1.64,0.00,0.00
174,16,10929.39,174855.21,152996.43,0.00,21858.78,1.64,0.00,0.00
175,16,10747.86,171966.75,150471.03,0.00,21495.72,1.73,0.00,0.00
176,16,10766.42,172258.68,150724.84,0.00,21533.83,1.76,0.00,0.00
177,16,10889.65,174262.41,152483.11,0.00,21779.30,1.64,0.00,0.00
178,16,10863.94,173809.02,152081.14,0.00,21727.88,1.67,0.00,0.00
179,16,10840.09,173441.37,151762.20,0.00,21679.17,1.70,0.00,0.00
180,16,10597.82,169546.05,148351.42,0.00,21194.63,1.82,0.00,0.00
181,16,11008.29,176136.68,154119.09,0.00,22017.58,1.55,0.00,0.00
182,16,10897.92,174371.73,152574.89,0.00,21796.84,1.64,0.00,0.00
183,16,10844.65,173528.45,151839.14,0.00,21689.31,1.70,0.00,0.00
184,16,10878.27,174011.37,152254.82,0.00,21756.55,1.67,0.00,0.00
185,16,10797.92,172804.71,151208.87,0.00,21595.84,1.70,0.00,0.00
186,16,10707.37,171331.87,149917.14,0.00,21414.73,1.79,0.00,0.00
187,16,10576.58,169163.32,148011.15,0.00,21152.16,1.82,0.00,0.00
188,16,10875.01,174034.22,152283.19,0.00,21751.03,1.67,0.00,0.00
189,16,10947.98,175183.62,153287.67,0.00,21895.95,1.58,0.00,0.00
190,16,10667.03,170669.51,149335.44,0.00,21334.06,1.79,0.00,0.00
191,16,10701.80,171216.84,149813.24,0.00,21403.61,1.76,0.00,0.00
192,16,10883.15,174128.44,152363.14,0.00,21765.31,1.64,0.00,0.00
193,16,10911.11,174564.72,152741.50,0.00,21823.21,1.61,0.00,0.00
194,16,10787.77,172624.30,151048.77,0.00,21575.54,1.76,0.00,0.00
195,16,10876.00,174004.06,152252.05,0.00,21752.01,1.70,0.00,0.00
196,16,10849.49,173631.88,151933.90,0.00,21697.99,1.67,0.00,0.00
197,16,10977.59,175623.38,153667.20,0.00,21956.17,1.58,0.00,0.00
198,16,10969.00,175519.99,153581.99,0.00,21938.00,1.61,0.00,0.00
199,16,10792.77,172662.34,151078.80,0.00,21583.54,1.76,0.00,0.00
200,16,10761.09,172145.42,150622.24,0.00,21523.18,1.76,0.00,0.00
201,16,10912.87,174626.96,152800.22,0.00,21826.75,1.61,0.00,0.00
202,16,10735.06,171762.02,150292.90,0.00,21469.13,1.79,0.00,0.00
203,16,10747.23,171950.64,150455.19,0.00,21495.46,1.79,0.00,0.00
204,16,10790.04,172679.66,151099.57,0.00,21580.08,1.79,0.00,0.00
205,16,10800.92,172817.77,151215.93,0.00,21601.85,1.73,0.00,0.00
206,16,10676.10,170793.60,149442.40,0.00,21351.20,1.79,0.00,0.00
207,16,10696.94,171157.03,149762.15,0.00,21394.88,1.79,0.00,0.00
208,16,10930.72,174876.47,153015.04,0.00,21861.43,1.64,0.00,0.00
209,16,10904.84,174483.38,152673.70,0.00,21809.67,1.67,0.00,0.00
210,16,10839.20,173410.16,151731.76,0.00,21678.39,1.73,0.00,0.00
211,16,10976.38,175650.06,153697.30,0.00,21952.76,1.58,0.00,0.00
212,16,10936.91,174975.54,153101.72,0.00,21873.82,1.61,0.00,0.00
213,16,10940.06,175052.90,153172.79,0.00,21880.11,1.64,0.00,0.00
214,16,10711.04,171384.66,149962.58,0.00,21422.08,1.82,0.00,0.00
215,16,10813.82,172985.17,151358.53,0.00,21626.65,1.73,0.00,0.00
216,16,10866.08,173863.25,152132.09,0.00,21731.16,1.67,0.00,0.00
217,16,10936.86,175002.72,153127.01,0.00,21875.72,1.64,0.00,0.00
218,16,10936.29,174990.59,153120.02,0.00,21870.57,1.67,0.00,0.00
219,16,10749.22,171985.52,150485.08,0.00,21500.44,1.76,0.00,0.00
220,16,10987.61,175783.69,153808.48,0.00,21975.21,1.58,0.00,0.00
221,16,10873.81,174020.90,152273.29,0.00,21747.61,1.70,0.00,0.00
222,16,10922.86,174726.68,152881.97,0.00,21844.71,1.67,0.00,0.00
223,16,10876.23,174021.67,152271.21,0.00,21750.46,1.70,0.00,0.00
224,16,10701.34,171255.39,149849.71,0.00,21405.67,1.79,0.00,0.00
225,16,10932.63,174910.02,153044.77,0.00,21865.25,1.64,0.00,0.00
226,16,10967.06,175483.96,153549.84,0.00,21934.12,1.61,0.00,0.00
227,16,10842.01,173446.10,151762.09,0.00,21684.01,1.73,0.00,0.00
228,16,10851.03,173611.54,151910.47,0.00,21701.07,1.70,0.00,0.00
229,16,10849.69,173628.05,151927.67,0.00,21700.38,1.73,0.00,0.00
230,16,10838.31,173379.04,151703.41,0.00,21675.63,1.73,0.00,0.00
231,16,10673.24,170758.90,149411.41,0.00,21347.49,1.79,0.00,0.00
232,16,10504.01,168067.24,147060.21,0.00,21007.03,1.82,0.00,0.00
233,16,10827.75,173213.03,151559.52,0.00,21653.50,1.73,0.00,0.00
234,16,10863.10,173849.53,152120.34,0.00,21729.19,1.76,0.00,0.00
235,16,10728.86,171656.84,150200.11,0.00,21456.73,1.79,0.00,0.00
236,16,10769.76,172290.12,150750.61,0.00,21539.52,1.70,0.00,0.00
237,16,10966.26,175517.09,153583.58,0.00,21933.51,1.58,0.00,0.00
238,16,10935.70,174973.14,153101.74,0.00,21871.39,1.67,0.00,0.00
239,16,10870.50,173907.97,152167.98,0.00,21740.00,1.67,0.00,0.00
240,16,10930.81,174905.95,153043.33,0.00,21862.62,1.61,0.00,0.00
241,16,10926.97,174812.46,152958.53,0.00,21853.93,1.64,0.00,0.00
242,16,10846.00,173511.94,151820.94,0.00,21690.99,1.70,0.00,0.00
243,16,10878.02,174063.37,152306.32,0.00,21757.05,1.67,0.00,0.00
244,16,10749.38,171984.07,150486.31,0.00,21497.76,1.79,0.00,0.00
245,16,10901.73,174432.63,152628.17,0.00,21804.45,1.67,0.00,0.00
246,16,10780.68,172491.82,150930.47,0.00,21561.35,1.76,0.00,0.00
247,16,10647.95,170404.17,149107.27,0.00,21296.90,1.79,0.00,0.00
248,16,10935.53,174949.44,153079.38,0.00,21870.05,1.61,0.00,0.00
249,16,10981.17,175711.69,153749.35,0.00,21962.34,1.58,0.00,0.00
250,16,10796.69,172719.07,151125.68,0.00,21593.38,1.76,0.00,0.00
251,16,10813.83,173010.28,151384.62,0.00,21625.66,1.73,0.00,0.00
252,16,10877.01,174037.13,152281.11,0.00,21756.02,1.70,0.00,0.00
253,16,10996.44,175971.01,153978.13,0.00,21992.88,1.58,0.00,0.00
254,16,10980.94,175650.03,153689.15,0.00,21960.88,1.61,0.00,0.00
255,16,10903.51,174463.12,152656.11,0.00,21807.02,1.67,0.00,0.00
256,16,10919.41,174732.57,152894.75,0.00,21837.82,1.64,0.00,0.00
257,16,11018.69,176318.12,154278.73,0.00,22039.39,1.55,0.00,0.00
258,16,10836.07,173381.16,151709.02,0.00,21672.15,1.73,0.00,0.00
259,16,10850.83,173624.31,151922.65,0.00,21701.66,1.70,0.00,0.00
260,16,10929.26,174807.13,152948.61,0.00,21858.52,1.61,0.00,0.00
261,16,10864.45,173867.13,152139.24,0.00,21727.89,1.70,0.00,0.00
262,16,10954.17,175273.74,153364.39,0.00,21909.34,1.67,0.00,0.00
263,16,10883.95,174132.24,152364.34,0.00,21767.91,1.70,0.00,0.00
264,16,10946.88,175148.15,153255.38,0.00,21892.77,1.61,0.00,0.00
265,16,10736.69,171813.05,150339.67,0.00,21473.38,1.79,0.00,0.00
266,16,10812.95,172998.27,151371.36,0.00,21626.91,1.76,0.00,0.00
267,16,10783.45,172501.16,150934.27,0.00,21566.90,1.76,0.00,0.00
268,16,10670.17,170738.67,149398.33,0.00,21340.33,1.82,0.00,0.00
269,16,10957.66,175323.48,153408.17,0.00,21915.31,1.58,0.00,0.00
270,16,10900.36,174392.83,152593.10,0.00,21799.73,1.67,0.00,0.00
271,16,10834.62,173391.94,151721.70,0.00,21670.24,1.73,0.00,0.00
272,16,10811.44,172925.08,151303.19,0.00,21621.88,1.73,0.00,0.00
273,16,10856.25,173694.03,151983.52,0.00,21710.50,1.70,0.00,0.00
274,16,10795.18,172763.96,151171.59,0.00,21592.37,1.76,0.00,0.00
275,16,10853.50,173636.07,151929.06,0.00,21707.01,1.70,0.00,0.00
276,16,10927.93,174857.88,153001.02,0.00,21856.86,1.61,0.00,0.00
277,16,10885.44,174180.08,152409.20,0.00,21770.89,1.67,0.00,0.00
278,16,10844.67,173519.68,151830.34,0.00,21689.33,1.73,0.00,0.00
279,16,10851.06,173620.99,151918.87,0.00,21702.12,1.73,0.00,0.00
280,16,10890.02,174248.40,152468.35,0.00,21780.05,1.67,0.00,0.00
281,16,10960.31,175340.96,153420.34,0.00,21920.62,1.58,0.00,0.00
282,16,10718.40,171480.46,150043.65,0.00,21436.81,1.79,0.00,0.00
283,16,10800.27,172804.31,151203.77,0.00,21600.54,1.76,0.00,0.00
284,16,10855.04,173709.63,152000.56,0.00,21709.08,1.73,0.00,0.00
285,16,10990.28,175822.55,153841.98,0.00,21980.57,1.55,0.00,0.00
286,16,10741.71,171865.29,150381.88,0.00,21483.41,1.79,0.00,0.00
287,16,10813.00,172981.06,151356.05,0.00,21625.01,1.73,0.00,0.00
288,16,11037.50,176627.03,154551.02,0.00,22076.00,1.55,0.00,0.00
289,16,10994.51,175888.12,153899.11,0.00,21989.02,1.55,0.00,0.00
290,16,10847.93,173594.83,151897.98,0.00,21696.85,1.76,0.00,0.00
291,16,10839.15,173435.45,151758.15,0.00,21677.31,1.70,0.00,0.00
292,16,10847.60,173548.61,151853.41,0.00,21695.20,1.73,0.00,0.00
293,16,10824.26,173184.22,151534.69,0.00,21649.53,1.73,0.00,0.00
294,16,10927.80,174876.86,153021.25,0.00,21855.61,1.67,0.00,0.00
295,16,10860.00,173747.04,152028.04,0.00,21719.01,1.70,0.00,0.00
296,16,10954.27,175274.26,153365.73,0.00,21908.53,1.61,0.00,0.00
297,16,10926.00,174830.96,152977.96,0.00,21852.99,1.64,0.00,0.00
298,16,10804.00,172864.01,151256.01,0.00,21608.00,1.76,0.00,0.00
299,16,10794.99,172706.80,151116.83,0.00,21589.98,1.76,0.00,0.00
300,16,10955.01,175271.22,153361.20,0.00,21910.03,1.64,0.00,0.00
301,16,10946.08,175122.20,153231.05,0.00,21891.15,1.67,0.00,0.00
302,16,10921.78,174772.55,152928.98,0.00,21843.57,1.67,0.00,0.00
303,16,10826.03,173226.54,151573.48,0.00,21653.07,1.76,0.00,0.00
304,16,10900.09,174354.45,152555.27,0.00,21799.18,1.67,0.00,0.00
305,16,10956.89,175379.31,153464.52,0.00,21914.79,1.58,0.00,0.00
306,16,10886.10,174167.53,152395.34,0.00,21772.19,1.73,0.00,0.00
307,16,10852.71,173624.37,151919.95,0.00,21704.42,1.70,0.00,0.00
308,16,10370.29,165925.56,145183.99,0.00,20741.57,1.82,0.00,0.00
309,16,11000.91,176014.56,154012.74,0.00,22001.82,1.58,0.00,0.00
310,16,10730.21,171662.40,150201.98,0.00,21460.43,1.79,0.00,0.00
311,16,10778.12,172479.00,150922.75,0.00,21556.25,1.79,0.00,0.00
312,16,10928.49,174815.88,152958.89,0.00,21856.98,1.67,0.00,0.00
313,16,10881.48,174103.68,152340.72,0.00,21762.96,1.70,0.00,0.00
314,16,10905.92,174472.65,152662.82,0.00,21809.83,1.70,0.00,0.00
315,16,10795.78,172774.48,151180.92,0.00,21593.56,1.76,0.00,0.00
316,16,10953.26,175257.20,153351.68,0.00,21905.53,1.61,0.00,0.00
317,16,10965.88,175433.13,153500.36,0.00,21932.77,1.58,0.00,0.00
318,16,10845.13,173553.15,151863.89,0.00,21689.27,1.73,0.00,0.00
319,16,10841.04,173423.57,151740.50,0.00,21683.07,1.73,0.00,0.00
320,16,10681.62,170928.85,149565.62,0.00,21363.23,1.79,0.00,0.00
321,16,10958.17,175337.71,153422.37,0.00,21915.34,1.64,0.00,0.00
322,16,10990.62,175810.91,153828.67,0.00,21982.24,1.61,0.00,0.00
323,16,10933.45,174944.25,153078.34,0.00,21865.91,1.64,0.00,0.00
324,16,10899.81,174407.93,152609.31,0.00,21798.62,1.70,0.00,0.00
325,16,10839.18,173437.85,151757.49,0.00,21680.36,1.73,0.00,0.00
326,16,10783.98,172515.65,150947.69,0.00,21567.96,1.79,0.00,0.00
327,16,10871.99,173952.83,152208.85,0.00,21743.98,1.67,0.00,0.00
328,16,10782.35,172532.64,150967.93,0.00,21564.70,1.70,0.00,0.00
329,16,10955.87,175299.86,153388.13,0.00,21911.73,1.61,0.00,0.00
330,16,10888.76,174204.15,152427.63,0.00,21776.52,1.73,0.00,0.00
331,16,10286.18,164599.95,144027.58,0.00,20572.37,1.82,0.00,0.00
332,16,10921.75,174725.94,152881.45,0.00,21844.49,1.67,0.00,0.00
333,16,10827.36,173257.71,151604.00,0.00,21653.71,1.70,0.00,0.00
334,16,10873.78,173981.53,152232.96,0.00,21748.57,1.73,0.00,0.00
335,16,10871.96,173940.32,152198.41,0.00,21741.92,1.73,0.00,0.00
336,16,10929.99,174901.86,153039.87,0.00,21861.98,1.64,0.00,0.00
337,16,10848.11,173557.80,151861.58,0.00,21696.23,1.73,0.00,0.00
338,16,10889.63,174240.00,152461.75,0.00,21778.25,1.70,0.00,0.00
339,16,10895.67,174318.69,152526.35,0.00,21792.34,1.70,0.00,0.00
340,16,10780.40,172477.36,150919.57,0.00,21557.80,1.76,0.00,0.00
341,16,10803.88,172866.04,151255.29,0.00,21610.76,1.73,0.00,0.00
342,16,10977.71,175649.29,153693.88,0.00,21955.41,1.67,0.00,0.00
343,16,10500.72,168003.45,147004.02,0.00,20999.43,1.82,0.00,0.00
344,16,10857.24,173695.86,151980.38,0.00,21715.48,1.70,0.00,0.00
345,16,10930.70,174920.20,153059.80,0.00,21860.40,1.67,0.00,0.00
346,16,10852.76,173684.13,151977.61,0.00,21706.52,1.73,0.00,0.00
347,16,10501.11,167958.80,146955.57,0.00,21003.23,1.82,0.00,0.00
348,16,10949.06,175192.98,153294.86,0.00,21898.12,1.61,0.00,0.00
349,16,10947.16,175163.61,153271.29,0.00,21892.33,1.61,0.00,0.00
350,16,10729.12,171648.97,150188.72,0.00,21460.25,1.79,0.00,0.00
351,16,10853.56,173662.01,151955.88,0.00,21706.13,1.76,0.00,0.00
352,16,10948.32,175185.17,153288.53,0.00,21896.65,1.64,0.00,0.00
353,16,10902.82,174405.18,152598.53,0.00,21806.65,1.70,0.00,0.00
354,16,10846.98,173574.72,151881.76,0.00,21692.97,1.76,0.00,0.00
355,16,10813.07,173001.08,151373.95,0.00,21627.14,1.73,0.00,0.00
356,16,10978.85,175662.55,153704.86,0.00,21957.69,1.58,0.00,0.00
357,16,10920.34,174785.37,152944.70,0.00,21840.67,1.67,0.00,0.00
358,16,10913.91,174583.64,152755.81,0.00,21827.83,1.70,0.00,0.00
359,16,10907.99,174528.91,152712.92,0.00,21815.99,1.67,0.00,0.00
360,16,10892.34,174278.42,152494.74,0.00,21783.68,1.67,0.00,0.00
361,16,10857.09,173710.50,151995.31,0.00,21715.19,1.73,0.00,0.00
362,16,10973.42,175575.77,153629.92,0.00,21945.85,1.64,0.00,0.00
363,16,10929.16,174859.55,153000.23,0.00,21859.32,1.64,0.00,0.00
364,16,10978.11,175665.77,153710.55,0.00,21955.22,1.58,0.00,0.00
365,16,10892.00,174253.95,152468.95,0.00,21784.99,1.70,0.00,0.00
366,16,10960.63,175383.06,153462.80,0.00,21920.26,1.67,0.00,0.00
367,16,10616.11,169861.82,148629.59,0.00,21232.23,1.82,0.00,0.00
368,16,10877.98,174067.68,152311.72,0.00,21755.96,1.70,0.00,0.00
369,16,10977.05,175553.79,153599.69,0.00,21954.10,1.61,0.00,0.00
370,16,10987.00,175859.04,153884.03,0.00,21975.00,1.61,0.00,0.00
371,16,10936.88,175002.15,153129.38,0.00,21872.77,1.61,0.00,0.00
372,16,10770.19,172295.11,150753.72,0.00,21541.39,1.76,0.00,0.00
373,16,10902.86,174435.82,152631.09,0.00,21804.73,1.67,0.00,0.00
374,16,10808.58,172934.26,151316.10,0.00,21618.16,1.76,0.00,0.00
375,16,10786.18,172628.82,151056.46,0.00,21572.35,1.73,0.00,0.00
376,16,10942.40,175047.43,153162.62,0.00,21884.80,1.64,0.00,0.00
377,16,10941.14,175064.27,153181.99,0.00,21882.28,1.64,0.00,0.00
378,16,10968.70,175512.25,153574.85,0.00,21937.41,1.64,0.00,0.00
379,16,10847.84,173549.48,151853.80,0.00,21695.69,1.73,0.00,0.00
380,16,10821.41,173164.53,151522.71,0.00,21641.82,1.73,0.00,0.00
381,16,10804.75,172862.92,151252.43,0.00,21610.49,1.73,0.00,0.00
382,16,10847.99,173578.81,151882.84,0.00,21695.98,1.76,0.00,0.00
383,16,10643.34,170265.47,148978.79,0.00,21286.68,1.82,0.00,0.00
384,16,10860.27,173774.34,152053.80,0.00,21720.54,1.70,0.00,0.00
385,16,10925.34,174791.47,152940.79,0.00,21850.68,1.67,0.00,0.00
386,16,10840.22,173460.48,151780.04,0.00,21680.43,1.73,0.00,0.00
387,16,10395.93,166311.95,145520.08,0.00,20791.87,1.86,0.00,0.00
388,16,10774.11,172387.73,150842.51,0.00,21545.22,1.76,0.00,0.00
389,16,10882.68,174111.93,152343.56,0.00,21768.37,1.70,0.00,0.00
390,16,10966.46,175468.44,153536.51,0.00,21931.93,1.64,0.00,0.00
391,16,10868.05,173910.82,152173.72,0.00,21737.10,1.73,0.00,0.00
392,16,10947.60,175116.64,153222.44,0.00,21894.20,1.61,0.00,0.00
393,16,10888.97,174224.59,152445.64,0.00,21778.95,1.70,0.00,0.00
394,16,10975.28,175634.47,153683.91,0.00,21950.56,1.67,0.00,0.00
395,16,10899.26,174388.15,152589.63,0.00,21798.52,1.70,0.00,0.00
396,16,10789.72,172647.56,151068.11,0.00,21579.44,1.73,0.00,0.00
397,16,10924.10,174768.57,152920.38,0.00,21848.20,1.70,0.00,0.00
398,16,10903.59,174455.48,152648.29,0.00,21807.18,1.73,0.00,0.00
399,16,10875.11,174058.74,152308.52,0.00,21750.22,1.70,0.00,0.00
400,16,10881.75,174075.98,152312.48,0.00,21763.50,1.70,0.00,0.00
401,16,10892.37,174277.97,152493.22,0.00,21784.75,1.70,0.00,0.00
402,16,10848.73,173592.61,151895.16,0.00,21697.45,1.73,0.00,0.00
403,16,10841.95,173462.17,151778.27,0.00,21683.90,1.70,0.00,0.00
404,16,10750.23,171994.63,150495.18,0.00,21499.45,1.79,0.00,0.00
405,16,11029.93,176456.80,154396.95,0.00,22059.85,1.55,0.00,0.00
406,16,10936.57,174998.15,153125.00,0.00,21873.14,1.70,0.00,0.00
407,16,10807.51,172916.08,151301.07,0.00,21615.01,1.76,0.00,0.00
408,16,10774.95,172370.22,150819.32,0.00,21550.90,1.76,0.00,0.00
409,16,10921.05,174776.77,152936.67,0.00,21840.10,1.64,0.00,0.00
410,16,10904.90,174474.47,152662.66,0.00,21811.81,1.70,0.00,0.00
411,16,10913.24,174627.89,152801.41,0.00,21826.49,1.67,0.00,0.00
412,16,10973.79,175522.67,153579.09,0.00,21943.58,1.58,0.00,0.00
413,16,11015.01,176291.12,154257.11,0.00,22034.02,1.55,0.00,0.00
414,16,10809.31,172925.04,151307.41,0.00,21617.63,1.79,0.00,0.00
415,16,10860.07,173768.13,152046.99,0.00,21721.14,1.70,0.00,0.00
416,16,10862.98,173818.67,152092.71,0.00,21725.96,1.67,0.00,0.00
417,16,10801.65,172784.41,151183.11,0.00,21601.30,1.73,0.00,0.00
418,16,10976.10,175612.58,153658.38,0.00,21954.20,1.67,0.00,0.00
419,16,10906.28,174565.50,152752.94,0.00,21812.56,1.67,0.00,0.00
420,16,10927.77,174788.28,152933.75,0.00,21854.54,1.64,0.00,0.00
421,16,10992.90,175913.39,153927.59,0.00,21985.80,1.58,0.00,0.00
422,16,10983.99,175738.87,153770.89,0.00,21967.98,1.61,0.00,0.00
423,16,10883.81,174118.95,152350.33,0.00,21768.62,1.70,0.00,0.00
424,16,10874.22,174057.55,152309.11,0.00,21748.44,1.70,0.00,0.00
425,16,10939.93,175006.95,153128.08,0.00,21878.87,1.64,0.00,0.00
426,16,10857.02,173722.35,152007.31,0.00,21715.04,1.73,0.00,0.00
427,16,10919.12,174664.93,152827.69,0.00,21837.24,1.67,0.00,0.00
428,16,10571.04,169186.57,148043.50,0.00,21143.07,1.79,0.00,0.00
429,16,10926.04,174795.70,152943.61,0.00,21852.09,1.64,0.00,0.00
430,16,11021.77,176334.39,154290.84,0.00,22043.55,1.61,0.00,0.00
431,16,10977.86,175657.71,153702.00,0.00,21955.71,1.61,0.00,0.00
432,16,10706.45,171323.16,149910.26,0.00,21412.90,1.79,0.00,0.00
433,16,10902.84,174415.49,152609.80,0.00,21805.69,1.67,0.00,0.00
434,16,11030.02,176495.28,154435.24,0.00,22060.03,1.55,0.00,0.00
435,16,10668.94,170680.09,149342.20,0.00,21337.89,1.79,0.00,0.00
436,16,10604.02,169645.39,148438.34,0.00,21207.05,1.79,0.00,0.00
437,16,10899.19,174458.07,152659.68,0.00,21798.38,1.70,0.00,0.00
438,16,10899.65,174396.43,152597.12,0.00,21799.30,1.76,0.00,0.00
439,16,10627.18,170007.95,148752.58,0.00,21255.37,1.79,0.00,0.00
440,16,10966.92,175469.72,153536.88,0.00,21932.84,1.58,0.00,0.00
441,16,10946.03,175149.52,153256.45,0.00,21893.06,1.64,0.00,0.00
442,16,10799.89,172798.21,151199.44,0.00,21598.78,1.76,0.00,0.00
443,16,10916.19,174605.99,152772.62,0.00,21833.37,1.67,0.00,0.00
444,16,10883.84,174163.41,152397.74,0.00,21765.68,1.67,0.00,0.00
445,16,11026.37,176445.94,154392.20,0.00,22053.74,1.55,0.00,0.00
446,16,10980.71,175637.39,153674.97,0.00,21962.42,1.64,0.00,0.00
447,16,10742.68,171928.88,150444.52,0.00,21484.36,1.79,0.00,0.00
448,16,10811.31,172980.98,151357.36,0.00,21623.62,1.79,0.00,0.00
449,16,11048.02,176772.27,154677.24,0.00,22095.03,1.55,0.00,0.00
450,16,10679.31,170865.90,149506.29,0.00,21359.61,1.79,0.00,0.00
451,16,10896.84,174340.49,152548.80,0.00,21791.69,1.67,0.00,0.00
452,16,10882.91,174119.62,152351.79,0.00,21767.83,1.67,0.00,0.00
453,16,10963.09,175440.45,153515.27,0.00,21925.18,1.64,0.00,0.00
454,16,10895.00,174288.02,152497.02,0.00,21791.00,1.70,0.00,0.00
455,16,10829.83,173287.26,151627.61,0.00,21659.66,1.70,0.00,0.00
456,16,10899.14,174358.26,152560.97,0.00,21797.28,1.70,0.00,0.00
457,16,10955.86,175323.76,153412.04,0.00,21911.72,1.64,0.00,0.00
458,16,10955.80,175259.78,153347.18,0.00,21912.60,1.70,0.00,0.00
459,16,10843.79,173521.57,151834.00,0.00,21687.57,1.73,0.00,0.00
460,16,10906.36,174517.76,152706.04,0.00,21811.72,1.64,0.00,0.00
461,16,10925.17,174766.79,152916.44,0.00,21850.35,1.67,0.00,0.00
462,16,10962.91,175449.53,153523.71,0.00,21925.82,1.64,0.00,0.00
463,16,10806.97,172901.55,151287.60,0.00,21613.94,1.73,0.00,0.00
464,16,10997.79,175963.67,153968.08,0.00,21995.58,1.58,0.00,0.00
465,16,10957.14,175307.19,153392.91,0.00,21914.27,1.64,0.00,0.00
466,16,10860.20,173749.20,152027.80,0.00,21721.40,1.73,0.00,0.00
467,16,10844.79,173551.72,151862.13,0.00,21689.59,1.73,0.00,0.00
468,16,10836.03,173364.55,151693.48,0.00,21671.07,1.73,0.00,0.00
469,16,10944.03,175092.40,153203.35,0.00,21889.05,1.67,0.00,0.00
470,16,10703.07,171264.13,149858.99,0.00,21405.14,1.79,0.00,0.00
471,16,10898.90,174381.39,152582.59,0.00,21798.80,1.70,0.00,0.00
472,16,10848.01,173567.16,151872.14,0.00,21695.02,1.70,0.00,0.00
473,16,10948.14,175150.22,153252.94,0.00,21897.28,1.67,0.00,0.00
474,16,10871.19,173914.10,152173.71,0.00,21740.39,1.73,0.00,0.00
475,16,10790.72,172700.53,151118.09,0.00,21582.44,1.79,0.00,0.00
476,16,10686.84,171001.36,149626.69,0.00,21374.67,1.82,0.00,0.00
477,16,11008.04,176130.59,154114.52,0.00,22016.07,1.58,0.00,0.00
478,16,10920.94,174671.04,152829.16,0.00,21841.88,1.67,0.00,0.00
479,16,10962.11,175401.70,153479.49,0.00,21922.21,1.64,0.00,0.00
480,16,10904.98,174536.71,152724.75,0.00,21811.96,1.67,0.00,0.00
481,16,10903.27,174438.37,152631.83,0.00,21806.55,1.70,0.00,0.00
482,16,10840.89,173466.27,151784.49,0.00,21681.78,1.73,0.00,0.00
483,16,10813.24,172999.81,151373.34,0.00,21626.48,1.73,0.00,0.00
484,16,10884.07,174150.08,152381.94,0.00,21768.13,1.73,0.00,0.00
485,16,11001.26,176003.14,154002.62,0.00,22000.52,1.58,0.00,0.00
486,16,10984.69,175754.96,153783.59,0.00,21971.37,1.64,0.00,0.00
487,16,10633.42,170155.72,148888.88,0.00,21266.84,1.82,0.00,0.00
488,16,10728.14,171662.24,150205.96,0.00,21456.28,1.79,0.00,0.00
489,16,10970.04,175482.59,153542.52,0.00,21940.07,1.64,0.00,0.00
490,16,10964.78,175451.51,153522.94,0.00,21928.56,1.67,0.00,0.00
491,16,10900.27,174410.29,152608.75,0.00,21801.54,1.70,0.00,0.00
492,16,10946.04,175111.56,153220.49,0.00,21891.07,1.67,0.00,0.00
493,16,10936.97,175009.45,153134.52,0.00,21874.93,1.64,0.00,0.00
494,16,10867.19,173868.99,152135.62,0.00,21733.37,1.76,0.00,0.00
495,16,10934.75,174948.07,153077.56,0.00,21870.51,1.67,0.00,0.00
496,16,10737.40,171811.39,150336.59,0.00,21474.80,1.79,0.00,0.00
497,16,10900.84,174391.43,152589.75,0.00,21801.68,1.70,0.00,0.00
498,16,10958.68,175369.94,153452.57,0.00,21917.37,1.67,0.00,0.00
499,16,10782.09,172454.40,150890.22,0.00,21564.17,1.76,0.00,0.00
500,16,10884.96,174219.39,152449.47,0.00,21769.92,1.67,0.00,0.00
501,16,10771.31,172317.97,150775.34,0.00,21542.62,1.79,0.00,0.00
502,16,10974.76,175609.08,153660.57,0.00,21948.51,1.67,0.00,0.00
503,16,10728.11,171637.76,150181.54,0.00,21456.22,1.79,0.00,0.00
504,16,10642.94,170295.01,149008.14,0.00,21286.88,1.79,0.00,0.00
505,16,10987.78,175774.41,153798.86,0.00,21975.55,1.58,0.00,0.00
506,16,10984.69,175810.00,153841.63,0.00,21968.37,1.64,0.00,0.00
507,16,10697.31,171132.89,149738.28,0.00,21394.61,1.82,0.00,0.00
508,16,10901.46,174427.40,152623.47,0.00,21803.92,1.67,0.00,0.00
509,16,10856.79,173712.60,151999.02,0.00,21713.57,1.70,0.00,0.00
510,16,10926.75,174795.07,152941.56,0.00,21853.51,1.70,0.00,0.00
511,16,10767.95,172316.12,150780.23,0.00,21535.89,1.79,0.00,0.00
512,16,10621.03,169896.41,148655.36,0.00,21241.05,1.79,0.00,0.00
513,16,10874.31,174036.88,152287.27,0.00,21749.61,1.70,0.00,0.00
514,16,10906.78,174493.46,152679.91,0.00,21813.56,1.70,0.00,0.00
515,16,10892.20,174285.23,152500.83,0.00,21784.40,1.70,0.00,0.00
516,16,10816.86,173088.77,151455.05,0.00,21633.72,1.76,0.00,0.00
517,16,11014.20,176189.12,154160.73,0.00,22028.39,1.58,0.00,0.00
518,16,10894.80,174304.83,152516.22,0.00,21788.60,1.76,0.00,0.00
519,16,10916.44,174679.10,152845.21,0.00,21833.89,1.67,0.00,0.00
520,16,10968.83,175534.28,153596.62,0.00,21937.66,1.61,0.00,0.00
521,16,10955.83,175249.23,153337.57,0.00,21911.65,1.64,0.00,0.00
522,16,10946.83,175144.22,153251.56,0.00,21892.65,1.70,0.00,0.00
523,16,10607.27,169759.33,148543.79,0.00,21215.54,1.82,0.00,0.00
524,16,10979.66,175701.49,153742.18,0.00,21959.31,1.58,0.00,0.00
525,16,10900.04,174332.68,152532.60,0.00,21800.09,1.70,0.00,0.00
526,16,10987.12,175791.00,153817.75,0.00,21973.25,1.64,0.00,0.00
527,16,10599.93,169617.89,148417.03,0.00,21200.86,1.79,0.00,0.00
528,16,10668.04,170710.69,149374.60,0.00,21336.09,1.79,0.00,0.00
529,16,10855.77,173659.28,151947.75,0.00,21711.54,1.73,0.00,0.00
530,16,10931.40,174907.34,153044.55,0.00,21862.79,1.70,0.00,0.00
531,16,10912.03,174590.48,152766.42,0.00,21824.06,1.67,0.00,0.00
532,16,10935.57,174950.05,153078.92,0.00,21871.13,1.67,0.00,0.00
533,16,10899.10,174422.67,152625.46,0.00,21797.21,1.67,0.00,0.00
534,16,10847.78,173570.54,151874.98,0.00,21695.57,1.76,0.00,0.00
535,16,10932.33,174883.25,153018.59,0.00,21864.66,1.67,0.00,0.00
536,16,10941.35,175084.60,153200.90,0.00,21883.70,1.67,0.00,0.00
537,16,11023.60,176360.66,154314.45,0.00,22046.21,1.58,0.00,0.00
538,16,11050.06,176828.96,154727.84,0.00,22101.12,1.58,0.00,0.00
539,16,10782.36,172506.78,150942.06,0.00,21564.72,1.79,0.00,0.00
540,16,10806.62,172886.87,151274.64,0.00,21612.23,1.76,0.00,0.00
541,16,10909.03,174547.49,152728.43,0.00,21819.06,1.67,0.00,0.00
542,16,10926.05,174810.76,152959.66,0.00,21851.09,1.70,0.00,0.00
543,16,10885.35,174157.61,152386.91,0.00,21770.70,1.70,0.00,0.00
544,16,10961.56,175420.96,153497.84,0.00,21923.12,1.64,0.00,0.00
545,16,11004.05,176075.76,154067.66,0.00,22008.09,1.58,0.00,0.00
546,16,10804.95,172856.24,151245.34,0.00,21610.91,1.76,0.00,0.00
547,16,10871.04,173938.71,152197.62,0.00,21741.09,1.70,0.00,0.00
548,16,10940.04,175054.70,153173.61,0.00,21881.09,1.67,0.00,0.00
549,16,10966.95,175464.25,153530.34,0.00,21933.91,1.58,0.00,0.00
550,16,11002.33,176023.20,154019.55,0.00,22003.65,1.61,0.00,0.00
551,16,10828.99,173278.82,151619.84,0.00,21658.98,1.76,0.00,0.00
552,16,10850.75,173612.94,151911.45,0.00,21701.49,1.70,0.00,0.00
553,16,11042.91,176695.49,154609.68,0.00,22085.81,1.55,0.00,0.00
554,16,10984.07,175695.18,153728.03,0.00,21967.15,1.67,0.00,0.00
555,16,10860.01,173780.11,152060.10,0.00,21720.01,1.73,0.00,0.00
556,16,10936.99,175037.83,153163.85,0.00,21873.98,1.61,0.00,0.00
557,16,11054.02,176851.27,154743.24,0.00,22108.03,1.55,0.00,0.00
558,16,10904.45,174466.15,152656.25,0.00,21809.89,1.73,0.00,0.00
559,16,10857.30,173717.77,152003.17,0.00,21714.60,1.73,0.00,0.00
560,16,10901.13,174373.08,152570.82,0.00,21802.26,1.67,0.00,0.00
561,16,10983.74,175738.87,153773.38,0.00,21965.48,1.64,0.00,0.00
562,16,10908.28,174576.46,152758.90,0.00,21817.56,1.67,0.00,0.00
563,16,10857.10,173683.56,151968.36,0.00,21715.19,1.73,0.00,0.00
564,16,10931.78,174913.53,153049.96,0.00,21863.57,1.64,0.00,0.00
565,16,10944.81,175146.91,153258.29,0.00,21888.61,1.67,0.00,0.00
566,16,10955.60,175275.62,153363.42,0.00,21912.20,1.67,0.00,0.00
567,16,10951.81,175222.93,153320.31,0.00,21902.62,1.64,0.00,0.00
568,16,10816.16,173062.50,151430.19,0.00,21632.31,1.76,0.00,0.00
569,16,11030.14,176466.23,154405.95,0.00,22060.28,1.55,0.00,0.00
570,16,10885.76,174186.09,152414.58,0.00,21771.51,1.70,0.00,0.00
571,16,10829.24,173249.85,151590.37,0.00,21659.48,1.76,0.00,0.00
572,16,10717.88,171493.08,150057.32,0.00,21435.76,1.79,0.00,0.00
573,16,10960.65,175416.32,153495.03,0.00,21921.29,1.67,0.00,0.00
574,16,10791.91,172651.64,151067.81,0.00,21583.83,1.76,0.00,0.00
575,16,10776.30,172413.77,150861.18,0.00,21552.60,1.79,0.00,0.00
576,16,10874.03,173997.46,152249.40,0.00,21748.06,1.73,0.00,0.00
577,16,10908.14,174509.27,152694.98,0.00,21814.28,1.67,0.00,0.00
578,16,11014.64,176235.17,154203.90,0.00,22031.27,1.64,0.00,0.00
579,16,10747.38,171960.14,150465.37,0.00,21494.77,1.79,0.00,0.00
580,16,10883.96,174145.40,152377.47,0.00,21767.92,1.70,0.00,0.00
581,16,11001.78,176027.42,154023.87,0.00,22003.55,1.58,0.00,0.00
582,16,10946.96,175142.37,153250.45,0.00,21891.92,1.70,0.00,0.00
583,16,10899.40,174398.40,152598.60,0.00,21799.80,1.70,0.00,0.00
584,16,10800.37,172807.95,151206.21,0.00,21601.74,1.76,0.00,0.00
585,16,10963.43,175407.92,153482.06,0.00,21925.87,1.64,0.00,0.00
586,16,10864.74,173833.77,152103.30,0.00,21730.47,1.73,0.00,0.00
587,16,10947.31,175141.89,153247.28,0.00,21894.61,1.61,0.00,0.00
588,16,10966.77,175516.32,153582.78,0.00,21933.54,1.67,0.00,0.00
589,16,11002.23,176003.61,154000.16,0.00,22003.45,1.58,0.00,0.00
590,16,10824.77,173210.39,151559.84,0.00,21650.55,1.73,0.00,0.00
591,16,10938.89,175009.29,153131.51,0.00,21877.79,1.64,0.00,0.00
592,16,10762.10,172184.56,150661.37,0.00,21523.20,1.79,0.00,0.00
593,16,11025.94,176435.04,154382.16,0.00,22052.88,1.55,0.00,0.00
594,16,11055.24,176851.90,154744.41,0.00,22107.49,1.58,0.00,0.00
595,16,10843.58,173493.30,151805.14,0.00,21688.16,1.76,0.00,0.00
596,16,10849.26,173639.17,151938.65,0.00,21700.52,1.70,0.00,0.00
597,16,10914.22,174604.49,152776.06,0.00,21828.44,1.67,0.00,0.00
598,16,10938.74,175035.87,153159.38,0.00,21876.48,1.70,0.00,0.00
599,16,10845.26,173540.16,151847.64,0.00,21692.52,1.73,0.00,0.00
600,16,10872.28,173923.47,152179.91,0.00,21743.56,1.70,0.00,0.00
SQL statistics:
    queries performed:
        read:                            90888448
        write:                           0
        other:                           12984064
        total:                           103872512
    transactions:                        6492032 (10819.99 per sec.)
    queries:                             103872512 (173119.81 per sec.)
    ignored errors:                      0      (0.00 per sec.)
    reconnects:                          0      (0.00 per sec.)

General statistics:
    total time:                          600.0022s
    total number of events:              6492032

Latency (ms):
         min:                                    1.17
         avg:                                    1.48
         max:                                    6.73
         95th percentile:                        1.73
         sum:                              9589590.64

Threads fairness:
    events (avg/stddev):           405752.0000/845.06
    execution time (avg/stddev):   599.3494/0.00

