sysbench 1.0.20 (using bundled LuaJIT 2.1.0-beta2)

Running the test with following options:
Number of threads: 16
Report intermediate results every 1 second(s)
Initializing random number generator from current time


Initializing worker threads...

Threads started!

1,16,10178.87,162986.75,142616.03,0.00,20370.72,1.82,0.00,0.00
2,16,10710.46,171427.35,150003.43,0.00,21423.92,1.70,0.00,0.00
3,16,10693.12,171063.93,149677.69,0.00,21386.24,1.76,0.00,0.00
4,16,10794.39,172721.18,151132.40,0.00,21588.77,1.70,0.00,0.00
5,16,10492.44,167873.01,146889.14,0.00,20983.88,1.82,0.00,0.00
6,16,10613.22,169781.53,148556.09,0.00,21225.44,1.79,0.00,0.00
7,16,10606.11,169716.71,148503.49,0.00,21213.21,1.79,0.00,0.00
8,16,10809.93,172946.80,151325.95,0.00,21620.85,1.67,0.00,0.00
9,16,10679.97,170857.50,149498.56,0.00,21358.94,1.73,0.00,0.00
10,16,10556.20,168926.24,147812.84,0.00,21113.40,1.82,0.00,0.00
11,16,10731.81,171733.03,150270.40,0.00,21462.63,1.67,0.00,0.00
12,16,10700.29,171163.64,149762.06,0.00,21401.58,1.76,0.00,0.00
13,16,10786.71,172611.41,151037.98,0.00,21573.43,1.61,0.00,0.00
14,16,10712.94,171398.05,149972.17,0.00,21425.88,1.70,0.00,0.00
15,16,10743.05,171888.73,150402.64,0.00,21486.09,1.70,0.00,0.00
16,16,10641.86,170251.73,148968.01,0.00,21283.72,1.76,0.00,0.00
17,16,10738.51,171824.22,150349.19,0.00,21475.03,1.64,0.00,0.00
18,16,10521.32,168338.18,147293.53,0.00,21044.65,1.82,0.00,0.00
19,16,10744.78,171953.41,150463.86,0.00,21489.55,1.64,0.00,0.00
20,16,10770.00,172301.03,150762.03,0.00,21539.00,1.64,0.00,0.00
21,16,10707.50,171337.01,149921.01,0.00,21416.00,1.70,0.00,0.00
22,16,10771.19,172353.06,150810.67,0.00,21542.38,1.64,0.00,0.00
23,16,10663.03,170577.44,149253.39,0.00,21324.06,1.76,0.00,0.00
24,16,10661.02,170583.30,149259.26,0.00,21324.04,1.73,0.00,0.00
25,16,10603.99,169637.84,148429.86,0.00,21207.98,1.79,0.00,0.00
26,16,10773.98,172375.72,150828.75,0.00,21546.96,1.61,0.00,0.00
27,16,10747.88,171985.14,150488.37,0.00,21496.77,1.61,0.00,0.00
28,16,10700.45,171175.20,149776.30,0.00,21398.90,1.70,0.00,0.00
29,16,10688.87,171043.86,149667.12,0.00,21376.73,1.70,0.00,0.00
30,16,10673.15,170796.42,149447.12,0.00,21349.30,1.73,0.00,0.00
31,16,10628.73,170078.66,148821.21,0.00,21257.46,1.73,0.00,0.00
32,16,10682.74,170891.92,149526.43,0.00,21365.49,1.70,0.00,0.00
33,16,10500.80,168049.83,147047.23,0.00,21002.60,1.82,0.00,0.00
34,16,10589.17,169376.76,148199.41,0.00,21177.34,1.73,0.00,0.00
35,16,10694.48,171154.73,149765.77,0.00,21388.97,1.64,0.00,0.00
36,16,10750.65,171974.39,150473.09,0.00,21501.30,1.61,0.00,0.00
37,16,10505.24,168082.79,147072.31,0.00,21010.47,1.82,0.00,0.00
38,16,10751.72,172064.45,150561.02,0.00,21503.43,1.61,0.00,0.00
39,16,10650.91,170387.55,149086.73,0.00,21300.82,1.73,0.00,0.00
40,16,10622.12,169975.89,148730.65,0.00,21245.24,1.76,0.00,0.00
41,16,10594.94,169481.08,148291.19,0.00,21189.88,1.76,0.00,0.00
42,16,10758.95,172152.21,150635.31,0.00,21516.90,1.64,0.00,0.00
43,16,10605.16,169676.50,148466.19,0.00,21210.31,1.76,0.00,0.00
44,16,10603.62,169648.90,148441.66,0.00,21207.24,1.82,0.00,0.00
45,16,10616.25,169860.07,148626.56,0.00,21233.51,1.79,0.00,0.00
46,16,10711.01,171423.23,150002.20,0.00,21421.03,1.64,0.00,0.00
47,16,10638.85,170204.56,148926.86,0.00,21277.69,1.73,0.00,0.00
48,16,10735.05,171751.78,150281.68,0.00,21470.10,1.67,0.00,0.00
49,16,10523.08,168379.24,147332.08,0.00,21047.15,1.82,0.00,0.00
50,16,10678.87,170887.87,149530.13,0.00,21357.73,1.70,0.00,0.00
51,16,10664.13,170597.01,149268.75,0.00,21328.25,1.76,0.00,0.00
52,16,10644.28,170326.49,149038.93,0.00,21287.56,1.73,0.00,0.00
53,16,10659.75,170538.97,149218.47,0.00,21320.50,1.70,0.00,0.00
54,16,10603.08,169641.22,148436.07,0.00,21205.15,1.76,0.00,0.00
55,16,10617.94,169879.02,148643.14,0.00,21235.88,1.76,0.00,0.00
56,16,10609.05,169737.74,148520.65,0.00,21217.09,1.79,0.00,0.00
57,16,10494.88,167946.11,146954.35,0.00,20991.76,1.82,0.00,0.00
58,16,10651.07,170418.09,149115.96,0.00,21302.14,1.73,0.00,0.00
59,16,10634.40,170150.33,148881.54,0.00,21268.79,1.76,0.00,0.00
60,16,10673.51,170751.19,149406.16,0.00,21345.02,1.73,0.00,0.00
61,16,10655.95,170499.27,149186.36,0.00,21312.91,1.73,0.00,0.00
62,16,10684.08,170942.36,149574.19,0.00,21368.17,1.70,0.00,0.00
63,16,10757.08,172109.20,150594.05,0.00,21515.15,1.64,0.00,0.00
64,16,10720.81,171553.01,150112.38,0.00,21440.63,1.70,0.00,0.00
65,16,10752.18,172043.93,150537.57,0.00,21506.37,1.64,0.00,0.00
66,16,10613.97,169807.58,148581.63,0.00,21225.95,1.79,0.00,0.00
67,16,10623.03,169973.50,148726.44,0.00,21247.06,1.76,0.00,0.00
68,16,10655.19,170472.05,149161.67,0.00,21310.38,1.73,0.00,0.00
69,16,10543.60,168711.59,147625.39,0.00,21086.20,1.79,0.00,0.00
70,16,10734.48,171752.72,150285.75,0.00,21466.97,1.64,0.00,0.00
71,16,10624.88,169991.01,148738.25,0.00,21252.75,1.76,0.00,0.00
72,16,10710.10,171332.67,149912.47,0.00,21420.21,1.70,0.00,0.00
73,16,10607.65,169767.42,148552.12,0.00,21215.30,1.76,0.00,0.00
74,16,10692.11,171028.83,149647.60,0.00,21381.23,1.73,0.00,0.00
75,16,10649.84,170420.47,149119.79,0.00,21300.68,1.76,0.00,0.00
76,16,10796.93,172769.86,151174.01,0.00,21595.86,1.61,0.00,0.00
77,16,10476.71,167623.34,146669.93,0.00,20953.42,1.82,0.00,0.00
78,16,10698.42,171142.76,149745.92,0.00,21396.84,1.70,0.00,0.00
79,16,10783.95,172583.17,151015.27,0.00,21567.90,1.61,0.00,0.00
80,16,10718.87,171460.89,150024.16,0.00,21436.74,1.73,0.00,0.00
81,16,10632.48,170137.60,148872.65,0.00,21264.95,1.79,0.00,0.00
82,16,10792.78,172657.48,151070.92,0.00,21586.56,1.64,0.00,0.00
83,16,10779.95,172525.24,150966.34,0.00,21558.91,1.64,0.00,0.00
84,16,10688.23,171002.61,149625.16,0.00,21377.45,1.76,0.00,0.00
85,16,10686.34,170985.41,149612.73,0.00,21372.68,1.73,0.00,0.00
86,16,10747.47,171959.50,150465.56,0.00,21493.94,1.70,0.00,0.00
87,16,10817.87,173067.88,151431.14,0.00,21636.73,1.61,0.00,0.00
88,16,10737.18,171816.96,150342.59,0.00,21474.37,1.73,0.00,0.00
89,16,10653.95,170466.14,149159.24,0.00,21306.89,1.76,0.00,0.00
90,16,10817.06,173051.93,151416.81,0.00,21635.12,1.61,0.00,0.00
91,16,10757.90,172135.34,150620.55,0.00,21514.79,1.70,0.00,0.00
92,16,10709.95,171382.17,149961.27,0.00,21420.90,1.73,0.00,0.00
93,16,10632.11,170084.83,148820.60,0.00,21264.23,1.79,0.00,0.00
94,16,10709.74,171356.85,149938.37,0.00,21418.48,1.76,0.00,0.00
95,16,10795.52,172736.34,151145.30,0.00,21591.04,1.64,0.00,0.00
96,16,10771.98,172364.74,150818.77,0.00,21545.97,1.70,0.00,0.00
97,16,10759.74,172154.84,150636.36,0.00,21518.48,1.70,0.00,0.00
98,16,10741.15,171850.37,150368.08,0.00,21482.30,1.73,0.00,0.00
99,16,10787.87,172609.88,151034.14,0.00,21575.73,1.64,0.00,0.00
100,16,10822.93,173147.92,151504.06,0.00,21643.87,1.67,0.00,0.00
101,16,10835.17,173368.74,151696.40,0.00,21672.34,1.61,0.00,0.00
102,16,10801.82,172826.05,151223.42,0.00,21602.63,1.67,0.00,0.00
103,16,10806.12,172897.91,151284.67,0.00,21613.24,1.64,0.00,0.00
104,16,10768.96,172301.41,150763.48,0.00,21537.93,1.73,0.00,0.00
105,16,10558.80,168957.83,147841.23,0.00,21116.60,1.82,0.00,0.00
106,16,10621.23,169891.75,148649.28,0.00,21242.47,1.79,0.00,0.00
107,16,10784.68,172589.92,151019.55,0.00,21570.36,1.70,0.00,0.00
108,16,10787.46,172605.36,151030.44,0.00,21574.92,1.70,0.00,0.00
109,16,10660.87,170551.93,149230.19,0.00,21321.74,1.76,0.00,0.00
110,16,10717.69,171488.01,150052.63,0.00,21435.38,1.73,0.00,0.00
111,16,10706.61,171297.76,149884.54,0.00,21413.22,1.73,0.00,0.00
112,16,10824.45,173193.19,151544.29,0.00,21648.90,1.67,0.00,0.00
113,16,10619.21,169944.41,148705.98,0.00,21238.43,1.79,0.00,0.00
114,16,10806.76,172890.12,151277.60,0.00,21612.51,1.64,0.00,0.00
115,16,10779.34,172475.39,150915.71,0.00,21559.67,1.67,0.00,0.00
116,16,10879.56,174073.89,152315.78,0.00,21758.11,1.61,0.00,0.00
117,16,10681.30,170900.87,149537.27,0.00,21363.61,1.79,0.00,0.00
118,16,10801.95,172794.17,151191.28,0.00,21602.90,1.67,0.00,0.00
119,16,10865.06,173857.94,152126.82,0.00,21731.12,1.61,0.00,0.00
120,16,10839.37,173439.85,151763.12,0.00,21676.73,1.67,0.00,0.00
121,16,10773.67,172394.71,150845.37,0.00,21549.34,1.73,0.00,0.00
122,16,10671.12,170689.87,149347.64,0.00,21342.23,1.79,0.00,0.00
123,16,10762.80,172242.81,150718.21,0.00,21524.60,1.73,0.00,0.00
124,16,10851.97,173629.50,151924.56,0.00,21704.94,1.61,0.00,0.00
125,16,10811.10,173008.60,151387.40,0.00,21621.20,1.67,0.00,0.00
126,16,10806.15,172895.35,151282.06,0.00,21613.29,1.70,0.00,0.00
127,16,10844.86,173472.78,151784.06,0.00,21688.72,1.64,0.00,0.00
128,16,10899.07,174420.11,152620.97,0.00,21799.14,1.61,0.00,0.00
129,16,10749.00,171977.06,150479.05,0.00,21498.01,1.76,0.00,0.00
130,16,10836.10,173358.61,151687.41,0.00,21671.20,1.70,0.00,0.00
131,16,10845.76,173546.14,151854.62,0.00,21691.52,1.64,0.00,0.00
132,16,10822.77,173155.37,151508.82,0.00,21646.55,1.73,0.00,0.00
133,16,10367.45,165899.13,145164.24,0.00,20734.89,1.86,0.00,0.00
134,16,10808.67,172943.70,151326.37,0.00,21617.34,1.70,0.00,0.00
135,16,10918.00,174662.07,152826.06,0.00,21836.01,1.61,0.00,0.00
136,16,10892.40,174313.44,152528.63,0.00,21784.80,1.64,0.00,0.00
137,16,10744.78,171869.46,150380.90,0.00,21488.56,1.73,0.00,0.00
138,16,10819.92,173138.70,151498.86,0.00,21639.84,1.70,0.00,0.00
139,16,10843.30,173466.80,151781.20,0.00,21685.60,1.67,0.00,0.00
140,16,10871.48,173980.60,152235.65,0.00,21744.95,1.67,0.00,0.00
141,16,10744.30,171907.85,150420.24,0.00,21487.61,1.76,0.00,0.00
142,16,10865.69,173849.05,152116.67,0.00,21732.38,1.64,0.00,0.00
143,16,10801.29,172777.58,151176.01,0.00,21601.57,1.70,0.00,0.00
144,16,10695.13,171169.11,149777.85,0.00,21391.26,1.79,0.00,0.00
145,16,10814.78,173034.51,151406.95,0.00,21627.56,1.70,0.00,0.00
146,16,10824.91,173202.60,151550.78,0.00,21651.83,1.70,0.00,0.00
147,16,10825.73,173175.68,151524.22,0.00,21651.46,1.67,0.00,0.00
148,16,10875.52,174031.26,152280.23,0.00,21751.03,1.67,0.00,0.00
149,16,10638.81,170218.96,148942.34,0.00,21276.62,1.79,0.00,0.00
150,16,10831.27,173259.36,151595.82,0.00,21663.55,1.67,0.00,0.00
151,16,10806.86,172985.75,151373.03,0.00,21612.72,1.67,0.00,0.00
152,16,10908.81,174494.00,152675.38,0.00,21818.63,1.64,0.00,0.00
153,16,10823.08,173131.20,151487.05,0.00,21644.15,1.70,0.00,0.00
154,16,10597.06,169598.96,148402.84,0.00,21196.12,1.82,0.00,0.00
155,16,10882.96,174154.40,152388.48,0.00,21765.93,1.61,0.00,0.00
156,16,10738.00,171791.06,150315.05,0.00,21476.01,1.76,0.00,0.00
157,16,10705.04,171283.60,149873.53,0.00,21410.08,1.76,0.00,0.00
158,16,10925.76,174804.14,152952.62,0.00,21851.52,1.58,0.00,0.00
159,16,10838.37,173412.91,151737.17,0.00,21675.74,1.70,0.00,0.00
160,16,10854.81,173704.95,151994.33,0.00,21710.62,1.70,0.00,0.00
161,16,10673.58,170705.32,149359.15,0.00,21346.17,1.79,0.00,0.00
162,16,10869.16,173968.63,152229.30,0.00,21739.33,1.64,0.00,0.00
163,16,10946.74,175104.92,153212.43,0.00,21892.49,1.58,0.00,0.00
164,16,10883.49,174140.91,152373.92,0.00,21766.99,1.67,0.00,0.00
165,16,10837.32,173397.10,151722.47,0.00,21674.64,1.70,0.00,0.00
166,16,10856.03,173710.47,151997.41,0.00,21713.06,1.67,0.00,0.00
167,16,10917.58,174680.35,152845.18,0.00,21835.17,1.61,0.00,0.00
168,16,10912.08,174603.30,152779.13,0.00,21824.16,1.64,0.00,0.00
169,16,10836.05,173351.86,151679.75,0.00,21672.11,1.70,0.00,0.00
170,16,10916.55,174695.77,152862.68,0.00,21833.10,1.61,0.00,0.00
171,16,10786.44,172554.99,150982.12,0.00,21572.87,1.76,0.00,0.00
172,16,10734.11,171776.84,150308.61,0.00,21468.23,1.79,0.00,0.00
173,16,10795.85,172726.66,151134.95,0.00,21591.71,1.70,0.00,0.00
174,16,10733.89,171698.18,150234.41,0.00,21463.77,1.79,0.00,0.00
175,16,10809.32,172980.11,151358.47,0.00,21621.64,1.73,0.00,0.00
176,16,10849.96,173594.38,151895.46,0.00,21698.92,1.73,0.00,0.00
177,16,10708.89,171337.21,149918.44,0.00,21418.78,1.79,0.00,0.00
178,16,10881.99,174109.84,152344.86,0.00,21764.98,1.64,0.00,0.00
179,16,10861.87,173823.00,152099.25,0.00,21723.75,1.67,0.00,0.00
180,16,10891.25,174265.94,152483.45,0.00,21782.49,1.67,0.00,0.00
181,16,10765.25,172236.01,150705.51,0.00,21530.50,1.76,0.00,0.00
182,16,10900.60,174410.65,152610.45,0.00,21800.21,1.61,0.00,0.00
183,16,10911.91,174582.49,152758.68,0.00,21823.81,1.61,0.00,0.00
184,16,10950.06,175188.96,153287.84,0.00,21901.12,1.61,0.00,0.00
185,16,10730.04,171646.63,150187.56,0.00,21459.08,1.79,0.00,0.00
186,16,10891.45,174301.24,152518.34,0.00,21782.91,1.64,0.00,0.00
187,16,10827.47,173242.51,151587.57,0.00,21654.94,1.70,0.00,0.00
188,16,10857.29,173679.71,151964.12,0.00,21715.59,1.70,0.00,0.00
189,16,10793.15,172713.40,151127.10,0.00,21586.30,1.73,0.00,0.00
190,16,10878.57,174051.18,152294.03,0.00,21757.15,1.61,0.00,0.00
191,16,10845.03,173562.48,151873.42,0.00,21689.06,1.67,0.00,0.00
192,16,10834.07,173340.11,151671.97,0.00,21668.14,1.73,0.00,0.00
193,16,10794.92,172701.70,151110.86,0.00,21590.84,1.73,0.00,0.00
194,16,10760.50,172122.07,150603.06,0.00,21519.01,1.76,0.00,0.00
195,16,10915.87,174696.96,152864.21,0.00,21832.74,1.61,0.00,0.00
196,16,10846.68,173556.95,151864.58,0.00,21692.37,1.73,0.00,0.00
197,16,10796.79,172716.71,151123.12,0.00,21593.59,1.70,0.00,0.00
198,16,10894.19,174338.99,152548.61,0.00,21790.37,1.61,0.00,0.00
199,16,10809.12,172915.95,151297.71,0.00,21618.24,1.73,0.00,0.00
200,16,10901.90,174440.35,152636.56,0.00,21803.79,1.67,0.00,0.00
201,16,10687.92,171003.72,149628.88,0.00,21374.84,1.79,0.00,0.00
202,16,10810.83,173024.27,151401.61,0.00,21622.66,1.70,0.00,0.00
203,16,10918.33,174679.35,152842.68,0.00,21836.67,1.64,0.00,0.00
204,16,10783.73,172498.75,150931.28,0.00,21567.47,1.76,0.00,0.00
205,16,10816.11,173082.76,151450.54,0.00,21632.22,1.73,0.00,0.00
206,16,10889.04,174211.58,152434.51,0.00,21777.07,1.67,0.00,0.00
207,16,10843.83,173516.23,151827.57,0.00,21688.65,1.70,0.00,0.00
208,16,10647.78,170352.40,149056.85,0.00,21295.55,1.79,0.00,0.00
209,16,10856.37,173669.87,151958.13,0.00,21711.73,1.73,0.00,0.00
210,16,10935.12,175009.94,153139.70,0.00,21870.24,1.61,0.00,0.00
211,16,10953.83,175232.21,153323.56,0.00,21908.65,1.58,0.00,0.00
212,16,10912.26,174619.16,152794.64,0.00,21824.52,1.67,0.00,0.00
213,16,10673.84,170758.39,149410.72,0.00,21347.67,1.79,0.00,0.00
214,16,10881.96,174148.36,152384.44,0.00,21763.92,1.64,0.00,0.00
215,16,10915.68,174659.87,152828.51,0.00,21831.36,1.61,0.00,0.00
216,16,10978.66,175663.61,153705.29,0.00,21958.33,1.58,0.00,0.00
217,16,10798.61,172740.77,151144.55,0.00,21596.22,1.73,0.00,0.00
218,16,10862.31,173782.01,152058.39,0.00,21723.63,1.70,0.00,0.00
219,16,10879.66,174117.55,152357.23,0.00,21760.32,1.61,0.00,0.00
220,16,10695.08,171103.30,149713.14,0.00,21390.16,1.79,0.00,0.00
221,16,10818.12,173065.99,151429.74,0.00,21636.25,1.70,0.00,0.00
222,16,10949.24,175186.82,153289.34,0.00,21897.48,1.58,0.00,0.00
223,16,10938.56,175008.88,153132.77,0.00,21876.11,1.58,0.00,0.00
224,16,10857.39,173734.24,152017.46,0.00,21716.78,1.70,0.00,0.00
225,16,10822.67,173179.75,151535.41,0.00,21644.34,1.73,0.00,0.00
226,16,10897.04,174341.64,152547.56,0.00,21794.08,1.64,0.00,0.00
227,16,10896.24,174306.81,152515.34,0.00,21791.48,1.64,0.00,0.00
228,16,10896.79,174373.71,152580.12,0.00,21793.59,1.67,0.00,0.00
229,16,10908.76,174547.20,152727.67,0.00,21819.52,1.61,0.00,0.00
230,16,10882.18,174108.92,152345.55,0.00,21763.36,1.64,0.00,0.00
231,16,10920.06,174731.99,152891.87,0.00,21840.12,1.61,0.00,0.00
232,16,10817.82,173075.05,151438.42,0.00,21636.63,1.73,0.00,0.00
233,16,10512.09,168194.49,147170.30,0.00,21024.19,1.82,0.00,0.00
234,16,10910.07,174555.09,152735.96,0.00,21819.14,1.61,0.00,0.00
235,16,10912.83,174631.35,152804.69,0.00,21826.67,1.61,0.00,0.00
236,16,10898.05,174388.78,152592.68,0.00,21796.10,1.70,0.00,0.00
237,16,10880.13,174053.07,152292.81,0.00,21760.26,1.67,0.00,0.00
238,16,10898.00,174363.93,152567.94,0.00,21795.99,1.64,0.00,0.00
239,16,10946.96,175171.32,153277.40,0.00,21893.91,1.58,0.00,0.00
240,16,10866.27,173830.35,152098.81,0.00,21731.54,1.67,0.00,0.00
241,16,10885.69,174191.12,152418.73,0.00,21772.39,1.67,0.00,0.00
242,16,10919.03,174675.56,152837.49,0.00,21838.07,1.61,0.00,0.00
243,16,10827.89,173264.20,151609.42,0.00,21654.77,1.70,0.00,0.00
244,16,10882.21,174082.33,152317.91,0.00,21764.42,1.70,0.00,0.00
245,16,10762.20,172233.27,150708.87,0.00,21524.41,1.76,0.00,0.00
246,16,10778.65,172446.39,150888.09,0.00,21558.30,1.73,0.00,0.00
247,16,10913.98,174635.62,152809.66,0.00,21825.95,1.67,0.00,0.00
248,16,10904.54,174465.72,152655.63,0.00,21810.09,1.67,0.00,0.00
249,16,10803.59,172899.44,151291.26,0.00,21608.18,1.73,0.00,0.00
250,16,10910.93,174537.96,152716.09,0.00,21821.87,1.61,0.00,0.00
251,16,10917.94,174649.97,152814.10,0.00,21835.87,1.64,0.00,0.00
252,16,10880.61,174133.81,152372.58,0.00,21761.23,1.70,0.00,0.00
253,16,10848.23,173572.74,151877.28,0.00,21695.47,1.70,0.00,0.00
254,16,10874.18,173949.96,152202.59,0.00,21747.37,1.70,0.00,0.00
255,16,10961.15,175395.34,153471.05,0.00,21924.29,1.58,0.00,0.00
256,16,10727.17,171623.77,150169.43,0.00,21454.35,1.76,0.00,0.00
257,16,10819.86,173128.75,151489.03,0.00,21639.72,1.73,0.00,0.00
258,16,10845.25,173537.93,151848.44,0.00,21689.49,1.70,0.00,0.00
259,16,10806.71,172885.39,151272.96,0.00,21612.42,1.73,0.00,0.00
260,16,10937.94,174975.03,153100.16,0.00,21874.88,1.67,0.00,0.00
261,16,10918.84,174754.47,152913.78,0.00,21840.68,1.61,0.00,0.00
262,16,10770.15,172325.38,150785.08,0.00,21540.30,1.76,0.00,0.00
263,16,10931.61,174911.71,153048.50,0.00,21863.21,1.64,0.00,0.00
264,16,10918.36,174688.70,152852.99,0.00,21835.71,1.67,0.00,0.00
265,16,10897.11,174361.78,152566.56,0.00,21795.22,1.64,0.00,0.00
266,16,10933.85,174927.65,153059.94,0.00,21867.71,1.61,0.00,0.00
267,16,10913.08,174615.24,152789.08,0.00,21826.15,1.67,0.00,0.00
268,16,10945.92,175142.73,153250.89,0.00,21891.84,1.64,0.00,0.00
269,16,10856.99,173701.76,151987.79,0.00,21713.97,1.67,0.00,0.00
270,16,10868.95,173898.19,152160.29,0.00,21737.90,1.67,0.00,0.00
271,16,10902.30,174413.88,152609.27,0.00,21804.61,1.61,0.00,0.00
272,16,10878.53,174061.48,152305.42,0.00,21756.06,1.70,0.00,0.00
273,16,10913.29,174633.65,152807.07,0.00,21826.58,1.61,0.00,0.00
274,16,10880.07,174086.09,152324.95,0.00,21761.14,1.73,0.00,0.00
275,16,10930.64,174859.26,152997.98,0.00,21861.28,1.64,0.00,0.00
276,16,10872.34,173965.45,152220.76,0.00,21744.68,1.76,0.00,0.00
277,16,10835.82,173405.18,151733.53,0.00,21671.65,1.73,0.00,0.00
278,16,10963.14,175420.16,153493.89,0.00,21926.27,1.58,0.00,0.00
279,16,10959.67,175347.76,153428.42,0.00,21919.35,1.58,0.00,0.00
280,16,10914.58,174619.35,152791.18,0.00,21828.17,1.67,0.00,0.00
281,16,10907.75,174515.05,152699.54,0.00,21815.51,1.61,0.00,0.00
282,16,10748.27,171955.36,150457.82,0.00,21497.55,1.79,0.00,0.00
283,16,10930.56,174897.01,153035.88,0.00,21861.13,1.64,0.00,0.00
284,16,10776.61,172429.84,150876.61,0.00,21553.23,1.76,0.00,0.00
285,16,10859.69,173762.10,152042.71,0.00,21719.39,1.67,0.00,0.00
286,16,10898.78,174393.45,152595.89,0.00,21797.56,1.64,0.00,0.00
287,16,10918.20,174621.18,152787.79,0.00,21833.40,1.64,0.00,0.00
288,16,10974.63,175664.13,153711.87,0.00,21952.27,1.61,0.00,0.00
289,16,10915.35,174594.61,152765.91,0.00,21828.70,1.67,0.00,0.00
290,16,10749.05,172005.87,150507.76,0.00,21498.11,1.76,0.00,0.00
291,16,10976.78,175678.43,153722.88,0.00,21955.55,1.58,0.00,0.00
292,16,10974.00,175548.95,153601.95,0.00,21946.99,1.64,0.00,0.00
293,16,10872.55,173952.73,152207.64,0.00,21745.09,1.67,0.00,0.00
294,16,10920.86,174729.84,152888.11,0.00,21841.73,1.64,0.00,0.00
295,16,10933.65,174952.42,153084.12,0.00,21868.30,1.64,0.00,0.00
296,16,10753.71,172052.40,150544.97,0.00,21507.42,1.76,0.00,0.00
297,16,10810.18,172982.89,151363.53,0.00,21619.36,1.79,0.00,0.00
298,16,10948.92,175173.67,153275.84,0.00,21897.83,1.61,0.00,0.00
299,16,10981.17,175712.79,153749.44,0.00,21963.35,1.58,0.00,0.00
300,16,10865.88,173857.04,152125.28,0.00,21731.75,1.70,0.00,0.00
301,16,10616.39,169850.18,148618.41,0.00,21231.77,1.82,0.00,0.00
302,16,10924.51,174794.17,152944.15,0.00,21850.02,1.64,0.00,0.00
303,16,10907.18,174488.90,152675.54,0.00,21813.36,1.64,0.00,0.00
304,16,10948.90,175182.38,153285.58,0.00,21896.80,1.67,0.00,0.00
305,16,10808.12,172977.88,151359.65,0.00,21618.24,1.73,0.00,0.00
306,16,10852.18,173595.86,151892.50,0.00,21703.36,1.70,0.00,0.00
307,16,10928.80,174852.84,152995.23,0.00,21857.60,1.64,0.00,0.00
308,16,10861.08,173813.35,152091.18,0.00,21722.17,1.73,0.00,0.00
309,16,10921.99,174717.82,152873.84,0.00,21843.98,1.64,0.00,0.00
310,16,10984.92,175784.77,153813.93,0.00,21970.85,1.55,0.00,0.00
311,16,10900.32,174363.07,152564.44,0.00,21798.63,1.67,0.00,0.00
312,16,10947.07,175176.15,153282.01,0.00,21894.14,1.61,0.00,0.00
313,16,10911.75,174576.99,152752.49,0.00,21824.50,1.67,0.00,0.00
314,16,10893.05,174307.81,152521.71,0.00,21786.10,1.67,0.00,0.00
315,16,10848.95,173598.16,151899.26,0.00,21698.89,1.76,0.00,0.00
316,16,10629.05,170010.81,148752.71,0.00,21258.10,1.82,0.00,0.00
317,16,10814.10,173066.56,151439.36,0.00,21627.20,1.73,0.00,0.00
318,16,10944.75,175096.97,153206.48,0.00,21890.50,1.61,0.00,0.00
319,16,10887.30,174225.85,152451.24,0.00,21774.61,1.70,0.00,0.00
320,16,10919.86,174700.74,152861.02,0.00,21839.72,1.67,0.00,0.00
321,16,10892.64,174319.25,152534.97,0.00,21784.28,1.67,0.00,0.00
322,16,10883.17,174097.69,152331.35,0.00,21766.34,1.67,0.00,0.00
323,16,11022.01,176341.11,154296.10,0.00,22045.01,1.55,0.00,0.00
324,16,10800.18,172828.84,151228.49,0.00,21600.36,1.73,0.00,0.00
325,16,10873.81,173947.01,152200.38,0.00,21746.63,1.64,0.00,0.00
326,16,10878.05,174080.87,152324.76,0.00,21756.11,1.67,0.00,0.00
327,16,10997.80,175958.87,153962.26,0.00,21996.61,1.58,0.00,0.00
328,16,10852.14,173645.18,151941.91,0.00,21703.27,1.70,0.00,0.00
329,16,10849.01,173568.19,151870.17,0.00,21698.02,1.73,0.00,0.00
330,16,10916.97,174660.44,152826.51,0.00,21833.93,1.64,0.00,0.00
331,16,10905.02,174492.27,152681.24,0.00,21811.03,1.64,0.00,0.00
332,16,10814.99,173036.82,151406.84,0.00,21629.98,1.76,0.00,0.00
333,16,10883.95,174131.21,152363.31,0.00,21767.90,1.64,0.00,0.00
334,16,10855.22,173703.44,151993.01,0.00,21710.43,1.70,0.00,0.00
335,16,10829.99,173305.91,151645.92,0.00,21659.99,1.73,0.00,0.00
336,16,10832.01,173255.23,151592.20,0.00,21663.03,1.73,0.00,0.00
337,16,10868.93,173932.90,152195.03,0.00,21737.86,1.70,0.00,0.00
338,16,10963.92,175415.75,153487.91,0.00,21927.84,1.58,0.00,0.00
339,16,10957.05,175300.76,153386.67,0.00,21914.10,1.58,0.00,0.00
340,16,10883.88,174167.04,152398.29,0.00,21768.76,1.70,0.00,0.00
341,16,10926.49,174822.79,152970.81,0.00,21851.97,1.64,0.00,0.00
342,16,10920.56,174705.90,152863.78,0.00,21842.11,1.67,0.00,0.00
343,16,10922.03,174753.43,152909.37,0.00,21844.05,1.67,0.00,0.00
344,16,10973.02,175585.38,153639.34,0.00,21946.05,1.61,0.00,0.00
345,16,10824.20,173158.24,151510.83,0.00,21647.40,1.73,0.00,0.00
346,16,10907.91,174504.60,152688.78,0.00,21815.83,1.67,0.00,0.00
347,16,10995.22,175986.46,153996.03,0.00,21990.43,1.58,0.00,0.00
348,16,10898.43,174334.82,152536.96,0.00,21797.85,1.70,0.00,0.00
349,16,10822.23,173166.66,151522.20,0.00,21644.46,1.73,0.00,0.00
350,16,10950.42,175197.65,153297.82,0.00,21899.83,1.64,0.00,0.00
351,16,10874.07,174005.11,152255.97,0.00,21749.14,1.67,0.00,0.00
352,16,10856.49,173690.81,151977.83,0.00,21712.98,1.73,0.00,0.00
353,16,10962.96,175423.34,153498.42,0.00,21924.92,1.58,0.00,0.00
354,16,10954.04,175262.71,153353.62,0.00,21909.09,1.61,0.00,0.00
355,16,10952.79,175252.61,153347.03,0.00,21905.58,1.61,0.00,0.00
356,16,10833.32,173330.06,151663.43,0.00,21666.63,1.73,0.00,0.00
357,16,10812.73,173042.65,151417.19,0.00,21625.46,1.73,0.00,0.00
358,16,10841.02,173413.39,151732.34,0.00,21681.05,1.70,0.00,0.00
359,16,10830.07,173286.18,151625.03,0.00,21661.15,1.76,0.00,0.00
360,16,10932.36,174918.83,153055.11,0.00,21863.73,1.67,0.00,0.00
361,16,10947.77,175146.34,153249.80,0.00,21896.54,1.58,0.00,0.00
362,16,10882.98,174170.64,152404.69,0.00,21765.96,1.70,0.00,0.00
363,16,10989.99,175798.84,153818.86,0.00,21979.98,1.58,0.00,0.00
364,16,10876.00,174035.00,152284.00,0.00,21751.00,1.70,0.00,0.00
365,16,10922.85,174766.67,152919.96,0.00,21846.71,1.61,0.00,0.00
366,16,10932.14,174942.25,153077.97,0.00,21864.28,1.61,0.00,0.00
367,16,10942.92,175072.80,153186.95,0.00,21885.85,1.61,0.00,0.00
368,16,10915.74,174635.81,152804.34,0.00,21831.48,1.70,0.00,0.00
369,16,10866.32,173832.20,152099.55,0.00,21732.65,1.70,0.00,0.00
370,16,10997.03,175984.47,153992.41,0.00,21992.06,1.55,0.00,0.00
371,16,10996.00,175908.02,153916.02,0.00,21992.00,1.58,0.00,0.00
372,16,10930.03,174885.47,153023.41,0.00,21862.06,1.70,0.00,0.00
373,16,10829.90,173308.38,151648.58,0.00,21659.80,1.70,0.00,0.00
374,16,10971.86,175521.69,153578.98,0.00,21942.71,1.58,0.00,0.00
375,16,10977.07,175661.04,153706.91,0.00,21954.13,1.61,0.00,0.00
376,16,10813.22,173010.45,151383.02,0.00,21627.43,1.73,0.00,0.00
377,16,10695.97,171116.53,149724.59,0.00,21391.94,1.79,0.00,0.00
378,16,11000.98,176021.68,154019.72,0.00,22001.96,1.55,0.00,0.00
379,16,10874.02,173947.32,152199.28,0.00,21748.04,1.70,0.00,0.00
380,16,11010.14,176205.26,154184.98,0.00,22020.28,1.58,0.00,0.00
381,16,10807.88,172925.05,151309.30,0.00,21615.76,1.73,0.00,0.00
382,16,10952.94,175219.11,153313.22,0.00,21905.89,1.58,0.00,0.00
383,16,10850.44,173593.06,151894.18,0.00,21698.88,1.73,0.00,0.00
384,16,10792.54,172728.61,151141.53,0.00,21587.08,1.76,0.00,0.00
385,16,10729.80,171678.76,150220.16,0.00,21458.60,1.79,0.00,0.00
386,16,10826.30,173179.75,151526.16,0.00,21653.59,1.73,0.00,0.00
387,16,10991.89,175912.20,153928.43,0.00,21983.78,1.58,0.00,0.00
388,16,10832.01,173252.22,151589.19,0.00,21663.03,1.70,0.00,0.00
389,16,10966.46,175521.32,153587.40,0.00,21933.91,1.58,0.00,0.00
390,16,10961.28,175359.50,153436.94,0.00,21922.56,1.58,0.00,0.00
391,16,10921.34,174724.51,152881.82,0.00,21842.69,1.61,0.00,0.00
392,16,10925.09,174819.45,152970.27,0.00,21849.18,1.67,0.00,0.00
393,16,10885.12,174185.00,152413.75,0.00,21771.25,1.67,0.00,0.00
394,16,10948.64,175182.29,153285.00,0.00,21897.29,1.61,0.00,0.00
395,16,10901.11,174363.79,152561.57,0.00,21802.22,1.64,0.00,0.00
396,16,10835.86,173394.81,151723.08,0.00,21671.73,1.73,0.00,0.00
397,16,10548.29,168801.71,147705.12,0.00,21096.59,1.82,0.00,0.00
398,16,10840.93,173441.94,151761.07,0.00,21680.87,1.73,0.00,0.00
399,16,10957.74,175332.84,153416.36,0.00,21916.48,1.61,0.00,0.00
400,16,10886.41,174175.62,152402.79,0.00,21772.83,1.70,0.00,0.00
401,16,10784.69,172545.96,150976.59,0.00,21569.37,1.76,0.00,0.00
402,16,10858.15,173704.34,151988.05,0.00,21716.29,1.70,0.00,0.00
403,16,10941.79,175053.69,153170.10,0.00,21883.59,1.64,0.00,0.00
404,16,10912.02,174648.38,152824.33,0.00,21824.05,1.67,0.00,0.00
405,16,10548.52,168764.34,147667.30,0.00,21097.04,1.82,0.00,0.00
406,16,10944.54,175119.67,153230.58,0.00,21889.08,1.61,0.00,0.00
407,16,10936.98,174996.75,153122.78,0.00,21873.97,1.61,0.00,0.00
408,16,10930.90,174895.47,153033.66,0.00,21861.81,1.70,0.00,0.00
409,16,10929.95,174877.21,153017.31,0.00,21859.90,1.61,0.00,0.00
410,16,10886.82,174153.08,152379.45,0.00,21773.64,1.67,0.00,0.00
411,16,10916.34,174697.48,152864.80,0.00,21832.69,1.64,0.00,0.00
412,16,11012.91,176201.54,154175.73,0.00,22025.82,1.58,0.00,0.00
413,16,10935.19,174936.01,153066.63,0.00,21869.38,1.61,0.00,0.00
414,16,10855.81,173723.99,152011.37,0.00,21712.62,1.73,0.00,0.00
415,16,10948.09,175165.37,153269.20,0.00,21896.17,1.61,0.00,0.00
416,16,10814.71,173038.36,151408.94,0.00,21629.42,1.76,0.00,0.00
417,16,10912.26,174573.10,152749.59,0.00,21823.51,1.67,0.00,0.00
418,16,10875.03,173997.50,152246.44,0.00,21751.06,1.70,0.00,0.00
419,16,10907.96,174555.42,152739.49,0.00,21815.93,1.64,0.00,0.00
420,16,10818.96,173103.40,151465.47,0.00,21637.92,1.73,0.00,0.00
421,16,10891.09,174251.39,152469.22,0.00,21782.17,1.70,0.00,0.00
422,16,10976.97,175631.45,153676.52,0.00,21954.93,1.58,0.00,0.00
423,16,11010.01,176172.08,154153.07,0.00,22019.01,1.55,0.00,0.00
424,16,10909.94,174548.03,152728.15,0.00,21819.88,1.67,0.00,0.00
425,16,10862.94,173812.01,152086.13,0.00,21725.88,1.70,0.00,0.00
426,16,10845.10,173517.55,151827.36,0.00,21690.19,1.70,0.00,0.00
427,16,10875.82,174006.17,152254.52,0.00,21751.65,1.73,0.00,0.00
428,16,10941.18,175051.86,153169.50,0.00,21882.36,1.67,0.00,0.00
429,16,10980.05,175696.79,153737.69,0.00,21959.10,1.58,0.00,0.00
430,16,11026.72,176411.54,154358.10,0.00,22053.44,1.55,0.00,0.00
431,16,10952.26,175239.17,153333.65,0.00,21905.52,1.61,0.00,0.00
432,16,10921.11,174727.75,152886.53,0.00,21841.22,1.70,0.00,0.00
433,16,10814.71,173043.32,151413.90,0.00,21629.41,1.76,0.00,0.00
434,16,10936.22,174958.45,153086.02,0.00,21872.43,1.61,0.00,0.00
435,16,10903.09,174491.46,152684.28,0.00,21807.18,1.67,0.00,0.00
436,16,10888.10,174205.67,152429.46,0.00,21776.21,1.73,0.00,0.00
437,16,10774.23,172362.65,150814.19,0.00,21548.46,1.79,0.00,0.00
438,16,10877.43,174048.93,152294.07,0.00,21754.87,1.67,0.00,0.00
439,16,10945.78,175115.42,153225.86,0.00,21889.55,1.61,0.00,0.00
440,16,10844.50,173544.92,151853.93,0.00,21690.99,1.70,0.00,0.00
441,16,10861.82,173757.13,152034.48,0.00,21722.64,1.73,0.00,0.00
442,16,10864.01,173827.22,152098.20,0.00,21729.03,1.70,0.00,0.00
443,16,10883.60,174169.61,152402.41,0.00,21767.20,1.67,0.00,0.00
444,16,10951.34,175182.45,153279.77,0.00,21902.68,1.67,0.00,0.00
445,16,10794.02,172751.34,151163.30,0.00,21588.04,1.73,0.00,0.00
446,16,10955.98,175263.70,153352.74,0.00,21910.96,1.58,0.00,0.00
447,16,10956.45,175295.19,153383.29,0.00,21911.90,1.61,0.00,0.00
448,16,10693.25,171084.05,149695.54,0.00,21388.51,1.79,0.00,0.00
449,16,10703.32,171290.09,149883.45,0.00,21406.64,1.82,0.00,0.00
450,16,10878.28,174027.53,152271.96,0.00,21755.57,1.70,0.00,0.00
451,16,10987.01,175812.20,153837.17,0.00,21975.02,1.58,0.00,0.00
452,16,10963.43,175393.86,153468.00,0.00,21925.86,1.64,0.00,0.00
453,16,10885.28,174163.48,152391.92,0.00,21771.56,1.67,0.00,0.00
454,16,10916.58,174647.29,152815.13,0.00,21832.16,1.64,0.00,0.00
455,16,10949.66,175191.56,153291.24,0.00,21900.32,1.61,0.00,0.00
456,16,10985.06,175799.93,153829.81,0.00,21970.12,1.61,0.00,0.00
457,16,10837.71,173395.30,151719.89,0.00,21675.41,1.73,0.00,0.00
458,16,11014.98,176262.64,154232.68,0.00,22029.95,1.58,0.00,0.00
459,16,10947.14,175128.23,153234.95,0.00,21893.28,1.58,0.00,0.00
460,16,10882.30,174106.74,152343.15,0.00,21763.59,1.70,0.00,0.00
461,16,10854.61,173702.69,151991.48,0.00,21711.21,1.70,0.00,0.00
462,16,10959.01,175310.11,153392.10,0.00,21918.01,1.61,0.00,0.00
463,16,10931.35,174911.62,153049.91,0.00,21861.70,1.64,0.00,0.00
464,16,10694.57,171132.17,149742.02,0.00,21390.15,1.82,0.00,0.00
465,16,10903.15,174436.47,152631.16,0.00,21805.31,1.67,0.00,0.00
466,16,10901.22,174395.45,152592.02,0.00,21803.43,1.67,0.00,0.00
467,16,10912.72,174602.58,152778.13,0.00,21824.45,1.64,0.00,0.00
468,16,10924.88,174824.13,152974.36,0.00,21849.77,1.67,0.00,0.00
469,16,10718.80,171511.84,150073.24,0.00,21438.61,1.79,0.00,0.00
470,16,10915.30,174615.75,152785.16,0.00,21830.59,1.64,0.00,0.00
471,16,10906.87,174507.94,152695.20,0.00,21812.74,1.67,0.00,0.00
472,16,10968.06,175460.00,153526.87,0.00,21933.12,1.61,0.00,0.00
473,16,10554.14,168873.28,147762.00,0.00,21111.29,1.82,0.00,0.00
474,16,10955.90,175364.32,153451.53,0.00,21912.79,1.61,0.00,0.00
475,16,11010.00,176132.05,154112.04,0.00,22020.01,1.55,0.00,0.00
476,16,10899.32,174396.11,152597.47,0.00,21798.64,1.67,0.00,0.00
477,16,10930.95,174912.22,153050.32,0.00,21861.90,1.61,0.00,0.00
478,16,10943.70,175071.16,153184.76,0.00,21886.39,1.67,0.00,0.00
479,16,10910.05,174572.76,152751.67,0.00,21821.10,1.67,0.00,0.00
480,16,10671.84,170742.48,149399.79,0.00,21342.68,1.79,0.00,0.00
481,16,10902.36,174443.83,152638.10,0.00,21805.73,1.67,0.00,0.00
482,16,10863.68,173810.92,152085.56,0.00,21725.37,1.70,0.00,0.00
483,16,10924.10,174805.67,152955.46,0.00,21850.21,1.67,0.00,0.00
484,16,11025.96,176404.33,154353.41,0.00,22050.92,1.55,0.00,0.00
485,16,10765.01,172230.18,150699.15,0.00,21531.02,1.79,0.00,0.00
486,16,10868.68,173907.85,152171.50,0.00,21736.36,1.70,0.00,0.00
487,16,10912.31,174617.95,152792.33,0.00,21825.62,1.67,0.00,0.00
488,16,10822.03,173126.53,151482.46,0.00,21644.07,1.76,0.00,0.00
489,16,10823.04,173164.69,151518.61,0.00,21646.09,1.73,0.00,0.00
490,16,10887.95,174184.27,152410.36,0.00,21773.91,1.70,0.00,0.00
491,16,10728.78,171708.43,150248.88,0.00,21459.55,1.79,0.00,0.00
492,16,10829.17,173241.70,151584.37,0.00,21657.34,1.73,0.00,0.00
493,16,10617.13,169868.05,148632.79,0.00,21235.26,1.82,0.00,0.00
494,16,10947.84,175152.41,153257.74,0.00,21894.68,1.58,0.00,0.00
495,16,10760.23,172199.65,150678.19,0.00,21521.46,1.76,0.00,0.00
496,16,10809.03,172927.42,151310.36,0.00,21617.05,1.73,0.00,0.00
497,16,10697.90,171154.46,149757.65,0.00,21396.81,1.79,0.00,0.00
498,16,11006.77,176114.38,154101.83,0.00,22012.55,1.58,0.00,0.00
499,16,10977.01,175648.23,153693.20,0.00,21955.03,1.61,0.00,0.00
500,16,10989.10,175816.58,153838.38,0.00,21978.20,1.61,0.00,0.00
501,16,10895.91,174348.61,152556.78,0.00,21791.83,1.67,0.00,0.00
502,16,10969.49,175465.77,153530.80,0.00,21934.97,1.58,0.00,0.00
503,16,10913.86,174655.79,152824.06,0.00,21831.72,1.67,0.00,0.00
504,16,10970.14,175530.29,153590.01,0.00,21940.29,1.64,0.00,0.00
505,16,10634.73,170147.75,148879.28,0.00,21268.47,1.79,0.00,0.00
506,16,10968.84,175503.49,153564.80,0.00,21938.69,1.58,0.00,0.00
507,16,10802.04,172830.67,151228.59,0.00,21602.08,1.70,0.00,0.00
508,16,10992.95,175877.23,153889.32,0.00,21987.90,1.58,0.00,0.00
509,16,10768.04,172296.60,150760.53,0.00,21536.08,1.79,0.00,0.00
510,16,10862.08,173795.22,152071.07,0.00,21724.15,1.73,0.00,0.00
511,16,10859.91,173746.56,152026.74,0.00,21719.82,1.70,0.00,0.00
512,16,10861.61,173826.84,152103.61,0.00,21723.23,1.73,0.00,0.00
513,16,10837.43,173370.85,151696.99,0.00,21673.86,1.70,0.00,0.00
514,16,11008.08,176141.32,154124.15,0.00,22017.16,1.58,0.00,0.00
515,16,10990.94,175849.02,153868.14,0.00,21980.88,1.55,0.00,0.00
516,16,10964.30,175417.84,153488.24,0.00,21929.61,1.67,0.00,0.00
517,16,10874.54,173981.64,152233.56,0.00,21748.08,1.67,0.00,0.00
518,16,10939.85,175043.55,153162.86,0.00,21880.69,1.64,0.00,0.00
519,16,11000.30,176002.85,154002.24,0.00,22000.61,1.55,0.00,0.00
520,16,10828.76,173272.16,151614.64,0.00,21657.52,1.73,0.00,0.00
521,16,10825.74,173218.79,151567.32,0.00,21651.47,1.76,0.00,0.00
522,16,10938.93,175025.85,153146.99,0.00,21878.86,1.64,0.00,0.00
523,16,10968.57,175500.10,153563.97,0.00,21936.14,1.58,0.00,0.00
524,16,10971.00,175517.05,153575.05,0.00,21942.01,1.67,0.00,0.00
525,16,10920.04,174752.65,152912.57,0.00,21840.08,1.64,0.00,0.00
526,16,10844.94,173491.12,151801.23,0.00,21689.89,1.73,0.00,0.00
527,16,10827.84,173229.41,151574.74,0.00,21654.68,1.70,0.00,0.00
528,16,10943.20,175107.22,153219.82,0.00,21887.40,1.70,0.00,0.00
529,16,10927.68,174846.94,152992.57,0.00,21854.37,1.67,0.00,0.00
530,16,10948.72,175172.59,153274.14,0.00,21898.45,1.61,0.00,0.00
531,16,10971.52,175584.36,153641.32,0.00,21943.05,1.61,0.00,0.00
532,16,10904.05,174431.73,152623.64,0.00,21808.09,1.70,0.00,0.00
533,16,10922.00,174765.00,152922.00,0.00,21843.00,1.67,0.00,0.00
534,16,10873.98,173978.72,152229.76,0.00,21748.97,1.70,0.00,0.00
535,16,11018.37,176286.90,154251.17,0.00,22035.74,1.58,0.00,0.00
536,16,10958.88,175352.01,153434.26,0.00,21917.75,1.64,0.00,0.00
537,16,10891.90,174275.46,152490.65,0.00,21784.81,1.67,0.00,0.00
538,16,10914.86,174602.80,152774.08,0.00,21828.72,1.67,0.00,0.00
539,16,10983.97,175786.49,153817.55,0.00,21968.94,1.58,0.00,0.00
540,16,10922.00,174717.99,152874.99,0.00,21843.00,1.70,0.00,0.00
541,16,10932.99,174955.88,153088.89,0.00,21866.98,1.67,0.00,0.00
542,16,10995.20,175923.15,153933.76,0.00,21989.39,1.58,0.00,0.00
543,16,10875.23,173992.63,152241.18,0.00,21751.45,1.70,0.00,0.00
544,16,10866.85,173838.66,152106.95,0.00,21731.71,1.70,0.00,0.00
545,16,10568.78,169141.52,148001.96,0.00,21139.57,1.82,0.00,0.00
546,16,10894.41,174288.51,152499.70,0.00,21788.81,1.67,0.00,0.00
547,16,10984.56,175757.89,153788.78,0.00,21969.11,1.58,0.00,0.00
548,16,10872.08,173951.23,152207.07,0.00,21744.15,1.73,0.00,0.00
549,16,10909.12,174568.97,152750.72,0.00,21818.25,1.64,0.00,0.00
550,16,10873.78,173979.55,152231.98,0.00,21747.57,1.70,0.00,0.00
551,16,10919.06,174656.01,152818.88,0.00,21837.13,1.67,0.00,0.00
552,16,10916.29,174671.70,152838.11,0.00,21833.59,1.70,0.00,0.00
553,16,10799.74,172799.82,151201.34,0.00,21598.48,1.76,0.00,0.00
554,16,10978.97,175644.53,153685.59,0.00,21958.94,1.61,0.00,0.00
555,16,10969.80,175544.85,153605.24,0.00,21939.61,1.61,0.00,0.00
556,16,10918.32,174673.07,152837.43,0.00,21835.63,1.67,0.00,0.00
557,16,10865.81,173872.95,152140.33,0.00,21732.62,1.70,0.00,0.00
558,16,10928.83,174889.35,153032.68,0.00,21856.67,1.64,0.00,0.00
559,16,10983.32,175713.08,153745.44,0.00,21967.63,1.58,0.00,0.00
560,16,10774.94,172365.96,150816.09,0.00,21549.87,1.76,0.00,0.00
561,16,10900.23,174403.61,152604.16,0.00,21799.45,1.70,0.00,0.00
562,16,10960.76,175384.19,153461.66,0.00,21922.52,1.58,0.00,0.00
563,16,10892.36,174299.69,152514.98,0.00,21784.71,1.70,0.00,0.00
564,16,10964.67,175432.73,153504.39,0.00,21928.34,1.67,0.00,0.00
565,16,10695.94,171125.02,149732.14,0.00,21392.88,1.79,0.00,0.00
566,16,10923.01,174763.24,152918.21,0.00,21845.03,1.64,0.00,0.00
567,16,10977.99,175674.82,153718.84,0.00,21955.98,1.58,0.00,0.00
568,16,11018.45,176291.14,154253.25,0.00,22037.89,1.58,0.00,0.00
569,16,10872.27,173972.39,152227.84,0.00,21744.55,1.70,0.00,0.00
570,16,10923.30,174724.75,152879.16,0.00,21845.59,1.64,0.00,0.00
571,16,11012.08,176202.31,154177.15,0.00,22025.16,1.55,0.00,0.00
572,16,10783.00,172527.03,150962.02,0.00,21565.00,1.79,0.00,0.00
573,16,10737.23,171793.69,150320.23,0.00,21473.46,1.79,0.00,0.00
574,16,10965.80,175451.87,153519.26,0.00,21932.61,1.61,0.00,0.00
575,16,10905.36,174498.74,152687.02,0.00,21811.72,1.67,0.00,0.00
576,16,10634.66,170114.61,148847.29,0.00,21267.33,1.82,0.00,0.00
577,16,10632.78,170203.42,148934.87,0.00,21268.55,1.82,0.00,0.00
578,16,10871.46,173887.43,152145.50,0.00,21741.93,1.76,0.00,0.00
579,16,10987.69,175813.07,153838.69,0.00,21974.38,1.58,0.00,0.00
580,16,10953.28,175244.55,153336.98,0.00,21907.57,1.64,0.00,0.00
581,16,10784.80,172559.81,150990.21,0.00,21569.60,1.76,0.00,0.00
582,16,10711.22,171417.55,149994.11,0.00,21423.44,1.79,0.00,0.00
583,16,10980.63,175684.03,153724.78,0.00,21959.25,1.58,0.00,0.00
584,16,10877.04,174001.67,152246.58,0.00,21755.08,1.73,0.00,0.00
585,16,10813.98,173056.75,151428.78,0.00,21627.97,1.76,0.00,0.00
586,16,10965.20,175424.21,153493.81,0.00,21930.40,1.61,0.00,0.00
587,16,10899.80,174419.82,152620.22,0.00,21799.60,1.67,0.00,0.00
588,16,10943.24,175056.91,153170.42,0.00,21886.49,1.67,0.00,0.00
589,16,10829.97,173297.48,151637.55,0.00,21659.94,1.73,0.00,0.00
590,16,10848.12,173569.85,151873.62,0.00,21696.23,1.73,0.00,0.00
591,16,10911.58,174551.25,152729.09,0.00,21822.16,1.67,0.00,0.00
592,16,11000.51,176026.21,154025.18,0.00,22001.03,1.58,0.00,0.00
593,16,10683.53,170947.49,149579.43,0.00,21368.06,1.79,0.00,0.00
594,16,10853.07,173655.09,151948.95,0.00,21706.14,1.73,0.00,0.00
595,16,10888.51,174215.14,152439.12,0.00,21776.02,1.70,0.00,0.00
596,16,10834.74,173378.85,151710.37,0.00,21668.48,1.76,0.00,0.00
597,16,10786.25,172574.95,151000.46,0.00,21574.49,1.76,0.00,0.00
598,16,10996.78,175897.52,153904.95,0.00,21992.57,1.58,0.00,0.00
599,16,10817.27,173116.40,151480.85,0.00,21635.55,1.73,0.00,0.00
600,16,10762.14,172172.24,150649.96,0.00,21522.28,1.76,0.00,0.00
SQL statistics:
    queries performed:
        read:                            91025858
        write:                           0
        other:                           13003694
        total:                           104029552
    transactions:                        6501847 (10836.35 per sec.)
    queries:                             104029552 (173381.55 per sec.)
    ignored errors:                      0      (0.00 per sec.)
    reconnects:                          0      (0.00 per sec.)

General statistics:
    total time:                          600.0022s
    total number of events:              6501847

Latency (ms):
         min:                                    1.17
         avg:                                    1.47
         max:                                    6.88
         95th percentile:                        1.70
         sum:                              9588849.88

Threads fairness:
    events (avg/stddev):           406365.4375/574.24
    execution time (avg/stddev):   599.3031/0.01

