sysbench 1.0.20 (using bundled LuaJIT 2.1.0-beta2)

Running the test with following options:
Number of threads: 16
Report intermediate results every 1 second(s)
Initializing random number generator from current time


Initializing worker threads...

Threads started!

1,16,9104.73,145831.36,127605.94,0.00,18225.43,2.07,0.00,0.00
2,16,9580.22,153282.58,134123.13,0.00,19159.45,1.82,0.00,0.00
3,16,9644.11,154323.79,135034.56,0.00,19289.22,1.82,0.00,0.00
4,16,9477.80,151634.82,132679.22,0.00,18955.60,2.03,0.00,0.00
5,16,9421.15,150722.43,131881.12,0.00,18841.30,2.03,0.00,0.00
6,16,9536.67,152569.68,133495.34,0.00,19074.34,1.96,0.00,0.00
7,16,9664.59,154670.40,135342.23,0.00,19328.17,1.79,0.00,0.00
8,16,9695.60,155115.65,135723.45,0.00,19392.21,1.79,0.00,0.00
9,16,9486.48,151771.69,132799.73,0.00,18971.96,2.00,0.00,0.00
10,16,9583.99,153374.81,134205.83,0.00,19168.98,1.89,0.00,0.00
11,16,9627.59,154019.47,134765.28,0.00,19254.18,1.86,0.00,0.00
12,16,9552.03,152841.46,133737.40,0.00,19104.06,1.96,0.00,0.00
13,16,9293.26,148699.22,130111.69,0.00,18587.53,2.07,0.00,0.00
14,16,9554.99,152875.90,133765.91,0.00,19109.99,1.93,0.00,0.00
15,16,9648.92,154367.64,135070.81,0.00,19296.83,1.79,0.00,0.00
16,16,9622.80,153985.79,134739.19,0.00,19246.60,1.89,0.00,0.00
17,16,9521.32,152334.16,133291.52,0.00,19042.65,1.96,0.00,0.00
18,16,9561.66,152998.58,133875.26,0.00,19123.32,1.93,0.00,0.00
19,16,9612.52,153796.33,134571.29,0.00,19225.04,1.79,0.00,0.00
20,16,9569.25,153116.97,133979.48,0.00,19137.50,1.93,0.00,0.00
21,16,9371.50,149939.03,131195.02,0.00,18744.00,2.03,0.00,0.00
22,16,9435.65,150951.41,132080.11,0.00,18871.30,2.00,0.00,0.00
23,16,9590.53,153443.45,134263.39,0.00,19180.06,1.86,0.00,0.00
24,16,9607.51,153719.08,134503.07,0.00,19216.01,1.86,0.00,0.00
25,16,9603.04,153647.58,134441.51,0.00,19206.07,1.86,0.00,0.00
26,16,9484.16,151735.59,132768.27,0.00,18967.32,1.96,0.00,0.00
27,16,9548.88,152798.04,133699.29,0.00,19098.76,1.93,0.00,0.00
28,16,9357.05,149702.83,130988.73,0.00,18714.10,2.07,0.00,0.00
29,16,9448.03,151155.54,132259.48,0.00,18896.07,2.00,0.00,0.00
30,16,9315.93,149078.95,130447.08,0.00,18631.87,2.03,0.00,0.00
31,16,9586.40,153349.38,134178.58,0.00,19170.80,1.86,0.00,0.00
32,16,9582.85,153356.55,134188.86,0.00,19167.69,1.89,0.00,0.00
33,16,9351.80,149603.76,130900.16,0.00,18703.59,2.03,0.00,0.00
34,16,9361.37,149846.94,131124.20,0.00,18722.74,2.00,0.00,0.00
35,16,9603.25,153647.95,134441.46,0.00,19206.49,1.82,0.00,0.00
36,16,9539.58,152612.30,133533.13,0.00,19079.16,1.96,0.00,0.00
37,16,9360.71,149724.31,131002.90,0.00,18721.41,2.00,0.00,0.00
38,16,9499.32,152000.10,133002.46,0.00,18997.64,1.93,0.00,0.00
39,16,9489.85,151878.63,132897.93,0.00,18980.70,1.93,0.00,0.00
40,16,9520.89,152331.21,133290.43,0.00,19040.78,1.93,0.00,0.00
41,16,9502.78,152010.50,133004.94,0.00,19005.56,1.93,0.00,0.00
42,16,9467.13,151465.11,132530.85,0.00,18934.26,1.96,0.00,0.00
43,16,9617.85,153917.66,134680.95,0.00,19236.71,1.82,0.00,0.00
44,16,9560.54,152962.67,133840.59,0.00,19122.08,1.89,0.00,0.00
45,16,9495.76,151922.20,132932.67,0.00,18989.52,1.96,0.00,0.00
46,16,9506.72,152109.53,133095.09,0.00,19014.44,1.93,0.00,0.00
47,16,9561.12,152988.91,133867.67,0.00,19121.24,1.86,0.00,0.00
48,16,9503.91,152065.55,133057.73,0.00,19007.82,2.00,0.00,0.00
49,16,9511.91,152196.58,133171.76,0.00,19024.82,1.93,0.00,0.00
50,16,9515.12,152234.00,133204.75,0.00,19029.25,1.93,0.00,0.00
51,16,9567.98,153067.73,133930.77,0.00,19136.97,1.82,0.00,0.00
52,16,9566.77,153095.26,133962.73,0.00,19132.53,1.89,0.00,0.00
53,16,9428.44,150848.00,131990.12,0.00,18857.87,2.00,0.00,0.00
54,16,9466.21,151457.30,132523.89,0.00,18933.41,2.00,0.00,0.00
55,16,9572.62,153140.85,133996.62,0.00,19144.23,1.89,0.00,0.00
56,16,9574.32,153225.07,134076.44,0.00,19148.63,1.96,0.00,0.00
57,16,9500.04,151988.57,132989.50,0.00,18999.07,1.93,0.00,0.00
58,16,9573.82,153194.12,134045.48,0.00,19148.64,1.82,0.00,0.00
59,16,9562.91,152988.60,133862.77,0.00,19125.82,1.93,0.00,0.00
60,16,9571.11,153160.76,134018.54,0.00,19142.22,1.89,0.00,0.00
61,16,9522.00,152337.96,133293.96,0.00,19043.99,1.93,0.00,0.00
62,16,9535.09,152528.44,133458.26,0.00,19070.18,1.93,0.00,0.00
63,16,9613.83,153817.22,134590.57,0.00,19226.65,1.82,0.00,0.00
64,16,9588.92,153446.77,134268.92,0.00,19177.85,1.89,0.00,0.00
65,16,9578.79,153205.59,134051.01,0.00,19154.57,1.86,0.00,0.00
66,16,9559.35,153022.56,133899.86,0.00,19122.69,1.86,0.00,0.00
67,16,9598.36,153539.70,134344.99,0.00,19194.71,1.86,0.00,0.00
68,16,9610.52,153804.35,134581.30,0.00,19223.04,1.82,0.00,0.00
69,16,9467.44,151480.12,132545.23,0.00,18934.89,2.00,0.00,0.00
70,16,9584.95,153341.14,134173.25,0.00,19167.89,1.82,0.00,0.00
71,16,9586.15,153359.33,134187.04,0.00,19172.29,1.79,0.00,0.00
72,16,9493.20,151878.28,132889.87,0.00,18988.41,2.00,0.00,0.00
73,16,9536.56,152614.95,133543.83,0.00,19071.12,1.89,0.00,0.00
74,16,9540.77,152666.28,133582.74,0.00,19083.53,1.89,0.00,0.00
75,16,9488.03,151778.52,132803.46,0.00,18975.07,1.96,0.00,0.00
76,16,9550.30,152828.86,133727.25,0.00,19101.61,1.93,0.00,0.00
77,16,9536.78,152593.45,133520.90,0.00,19072.56,1.93,0.00,0.00
78,16,9543.16,152660.60,133575.27,0.00,19085.32,1.89,0.00,0.00
79,16,9602.66,153660.55,134453.23,0.00,19207.32,1.82,0.00,0.00
80,16,9564.82,153022.14,133893.50,0.00,19128.64,1.93,0.00,0.00
81,16,9367.49,149906.90,131170.91,0.00,18735.99,2.03,0.00,0.00
82,16,9568.75,153098.00,133960.50,0.00,19137.50,1.89,0.00,0.00
83,16,9622.15,153949.42,134705.12,0.00,19244.30,1.82,0.00,0.00
84,16,9595.37,153496.87,134306.14,0.00,19190.73,1.89,0.00,0.00
85,16,9504.35,152109.57,133100.87,0.00,19008.70,1.96,0.00,0.00
86,16,9614.28,153826.40,134597.85,0.00,19228.55,1.82,0.00,0.00
87,16,9610.38,153761.05,134540.30,0.00,19220.76,1.93,0.00,0.00
88,16,9480.39,151709.22,132748.44,0.00,18960.78,1.96,0.00,0.00
89,16,9502.03,152026.51,133023.45,0.00,19003.06,1.96,0.00,0.00
90,16,9587.98,153350.73,134173.76,0.00,19176.97,1.89,0.00,0.00
91,16,9563.35,153019.63,133892.93,0.00,19126.70,1.93,0.00,0.00
92,16,9529.69,152479.04,133419.66,0.00,19059.38,2.03,0.00,0.00
93,16,9439.07,151054.13,132175.99,0.00,18878.14,2.00,0.00,0.00
94,16,9537.17,152600.79,133526.44,0.00,19074.35,1.93,0.00,0.00
95,16,9594.81,153513.92,134325.31,0.00,19188.62,1.89,0.00,0.00
96,16,9647.89,154383.21,135086.43,0.00,19296.78,1.82,0.00,0.00
97,16,9592.06,153479.03,134294.90,0.00,19184.13,1.93,0.00,0.00
98,16,9632.07,154071.05,134806.92,0.00,19264.13,1.86,0.00,0.00
99,16,9631.39,154107.21,134844.43,0.00,19262.78,1.79,0.00,0.00
100,16,9647.30,154388.83,135094.23,0.00,19294.60,1.89,0.00,0.00
101,16,9608.31,153692.02,134476.40,0.00,19215.63,1.89,0.00,0.00
102,16,9565.58,153055.21,133923.06,0.00,19132.15,1.93,0.00,0.00
103,16,9583.40,153356.38,134188.58,0.00,19167.80,1.93,0.00,0.00
104,16,9532.86,152490.71,133427.00,0.00,19063.71,1.96,0.00,0.00
105,16,9530.36,152478.81,133418.08,0.00,19060.73,1.96,0.00,0.00
106,16,9523.81,152395.94,133349.32,0.00,19046.62,1.93,0.00,0.00
107,16,9694.56,155148.91,135757.80,0.00,19391.11,1.79,0.00,0.00
108,16,9611.67,153757.67,134535.34,0.00,19222.33,1.93,0.00,0.00
109,16,9479.63,151667.15,132709.88,0.00,18957.27,2.00,0.00,0.00
110,16,9486.08,151803.26,132828.10,0.00,18975.16,2.00,0.00,0.00
111,16,9701.94,155200.07,135796.18,0.00,19403.88,1.79,0.00,0.00
112,16,9519.17,152309.73,133272.39,0.00,19037.34,2.00,0.00,0.00
113,16,9546.09,152737.45,133646.27,0.00,19091.18,1.93,0.00,0.00
114,16,9635.60,154150.59,134877.39,0.00,19273.20,1.86,0.00,0.00
115,16,9673.31,154808.90,135462.28,0.00,19346.61,1.79,0.00,0.00
116,16,9642.11,154260.73,134976.51,0.00,19284.22,1.93,0.00,0.00
117,16,9437.80,151051.85,132176.24,0.00,18875.61,2.03,0.00,0.00
118,16,9572.99,153157.90,134011.92,0.00,19145.99,1.96,0.00,0.00
119,16,9659.55,154524.79,135205.69,0.00,19319.10,1.82,0.00,0.00
120,16,9401.90,150440.33,131637.54,0.00,18802.79,2.03,0.00,0.00
121,16,9556.11,152926.79,133813.56,0.00,19113.22,1.96,0.00,0.00
122,16,9653.61,154419.75,135112.53,0.00,19307.22,1.86,0.00,0.00
123,16,9692.11,155102.81,135718.58,0.00,19384.23,1.76,0.00,0.00
124,16,9674.78,154768.53,135419.96,0.00,19348.57,1.86,0.00,0.00
125,16,9619.06,153923.96,134685.84,0.00,19238.12,1.86,0.00,0.00
126,16,9503.94,152065.10,133056.21,0.00,19008.89,2.00,0.00,0.00
127,16,9639.40,154228.41,134950.61,0.00,19277.80,1.86,0.00,0.00
128,16,9684.51,154942.19,135572.17,0.00,19370.02,1.86,0.00,0.00
129,16,9591.18,153430.84,134249.48,0.00,19181.36,1.96,0.00,0.00
130,16,9569.00,153132.07,133993.06,0.00,19139.01,1.93,0.00,0.00
131,16,9724.15,155595.40,136147.10,0.00,19448.30,1.79,0.00,0.00
132,16,9600.30,153601.78,134401.18,0.00,19200.60,1.93,0.00,0.00
133,16,9569.45,153077.17,133938.27,0.00,19138.90,1.96,0.00,0.00
134,16,9590.18,153415.85,134239.50,0.00,19176.36,1.93,0.00,0.00
135,16,9610.72,153843.50,134618.06,0.00,19225.44,1.96,0.00,0.00
136,16,9622.10,153947.58,134703.38,0.00,19244.20,1.93,0.00,0.00
137,16,9681.14,154873.31,135511.03,0.00,19362.29,1.82,0.00,0.00
138,16,9654.78,154498.44,135188.88,0.00,19309.55,1.89,0.00,0.00
139,16,9671.08,154721.22,135379.07,0.00,19342.15,1.86,0.00,0.00
140,16,9654.20,154452.14,135143.75,0.00,19308.39,1.89,0.00,0.00
141,16,9642.74,154307.76,135022.29,0.00,19285.47,1.89,0.00,0.00
142,16,9695.39,155102.31,135712.52,0.00,19389.79,1.82,0.00,0.00
143,16,9623.65,153984.47,134736.16,0.00,19248.31,1.89,0.00,0.00
144,16,9648.37,154381.93,135085.19,0.00,19296.74,1.89,0.00,0.00
145,16,9527.99,152450.81,133395.83,0.00,19054.98,2.00,0.00,0.00
146,16,9710.67,155356.70,135934.36,0.00,19422.34,1.82,0.00,0.00
147,16,9682.95,154923.15,135558.26,0.00,19364.89,1.86,0.00,0.00
148,16,9675.03,154827.42,135477.37,0.00,19350.05,1.89,0.00,0.00
149,16,9517.88,152281.09,133244.32,0.00,19036.76,1.96,0.00,0.00
150,16,9551.92,152763.66,133664.83,0.00,19098.83,1.93,0.00,0.00
151,16,9611.18,153826.83,134599.48,0.00,19227.35,1.93,0.00,0.00
152,16,9660.43,154567.83,135247.97,0.00,19319.85,1.96,0.00,0.00
153,16,9666.69,154670.05,135337.67,0.00,19332.38,1.86,0.00,0.00
154,16,9609.15,153733.36,134514.06,0.00,19219.29,1.96,0.00,0.00
155,16,9663.78,154623.53,135296.96,0.00,19326.57,1.93,0.00,0.00
156,16,9724.19,155594.11,136145.72,0.00,19448.39,1.82,0.00,0.00
157,16,9340.73,149478.62,130795.17,0.00,18683.45,2.07,0.00,0.00
158,16,9571.48,153169.68,134026.72,0.00,19142.96,1.93,0.00,0.00
159,16,9723.78,155530.53,136082.96,0.00,19447.56,1.82,0.00,0.00
160,16,9707.16,155292.60,135878.28,0.00,19414.33,1.82,0.00,0.00
161,16,9546.12,152759.84,133667.61,0.00,19092.23,2.00,0.00,0.00
162,16,9722.63,155532.08,136088.82,0.00,19443.26,1.86,0.00,0.00
163,16,9658.14,154585.31,135267.02,0.00,19318.29,1.89,0.00,0.00
164,16,9656.87,154492.89,135181.16,0.00,19311.74,1.93,0.00,0.00
165,16,9614.08,153813.27,134586.12,0.00,19227.16,1.93,0.00,0.00
166,16,9732.93,155744.90,136276.03,0.00,19468.86,1.79,0.00,0.00
167,16,9597.46,153550.42,134357.49,0.00,19192.93,1.96,0.00,0.00
168,16,9690.37,155049.92,135668.18,0.00,19381.74,1.89,0.00,0.00
169,16,9607.56,153727.03,134511.90,0.00,19215.13,1.93,0.00,0.00
170,16,9641.59,154254.43,134970.25,0.00,19284.18,1.93,0.00,0.00
171,16,9702.76,155254.11,135848.60,0.00,19405.51,1.82,0.00,0.00
172,16,9720.30,155515.76,136077.16,0.00,19438.59,1.89,0.00,0.00
173,16,9577.88,153252.02,134094.26,0.00,19157.75,2.00,0.00,0.00
174,16,9699.20,155160.18,135764.78,0.00,19395.40,1.89,0.00,0.00
175,16,9723.02,155639.37,136190.33,0.00,19449.05,1.82,0.00,0.00
176,16,9696.64,155110.31,135716.02,0.00,19394.29,1.89,0.00,0.00
177,16,9603.30,153635.82,134430.22,0.00,19205.60,1.96,0.00,0.00
178,16,9545.71,152733.32,133641.90,0.00,19091.41,1.96,0.00,0.00
179,16,9736.26,155778.18,136306.66,0.00,19471.52,1.79,0.00,0.00
180,16,9631.83,154139.36,134874.69,0.00,19264.67,1.93,0.00,0.00
181,16,9680.85,154898.67,135536.96,0.00,19361.71,1.89,0.00,0.00
182,16,9727.09,155579.37,136125.20,0.00,19454.17,1.82,0.00,0.00
183,16,9676.10,154834.62,135483.42,0.00,19351.20,1.89,0.00,0.00
184,16,9588.59,153433.39,134255.21,0.00,19178.17,1.96,0.00,0.00
185,16,9555.46,152898.36,133788.44,0.00,19109.92,2.03,0.00,0.00
186,16,9619.43,153923.81,134683.96,0.00,19239.85,1.96,0.00,0.00
187,16,9700.53,155193.43,135792.38,0.00,19401.05,1.86,0.00,0.00
188,16,9782.93,156518.86,136954.00,0.00,19564.86,1.79,0.00,0.00
189,16,9649.01,154357.22,135058.19,0.00,19299.03,1.93,0.00,0.00
190,16,9698.99,155217.91,135820.93,0.00,19396.99,1.86,0.00,0.00
191,16,9816.47,157019.47,137385.54,0.00,19633.93,1.76,0.00,0.00
192,16,9651.94,154476.05,135173.17,0.00,19302.88,1.96,0.00,0.00
193,16,9721.79,155559.61,136115.04,0.00,19444.58,1.82,0.00,0.00
194,16,9593.86,153453.71,134266.00,0.00,19187.71,1.93,0.00,0.00
195,16,9695.00,155150.08,135760.07,0.00,19390.01,1.86,0.00,0.00
196,16,9738.95,155824.13,136346.24,0.00,19477.89,1.86,0.00,0.00
197,16,9593.50,153499.03,134312.02,0.00,19187.00,1.96,0.00,0.00
198,16,9648.55,154359.78,135062.68,0.00,19297.10,1.93,0.00,0.00
199,16,9775.06,156409.95,136860.83,0.00,19549.12,1.79,0.00,0.00
200,16,9718.20,155488.12,136050.73,0.00,19437.39,1.93,0.00,0.00
201,16,9493.67,151908.70,132922.36,0.00,18986.34,2.00,0.00,0.00
202,16,9650.97,154391.60,135088.65,0.00,19302.95,1.93,0.00,0.00
203,16,9748.16,155996.56,136500.24,0.00,19496.32,1.79,0.00,0.00
204,16,9726.81,155592.96,136141.34,0.00,19451.62,1.86,0.00,0.00
205,16,9541.28,152683.41,133598.86,0.00,19084.55,2.00,0.00,0.00
206,16,9683.02,154931.28,135565.25,0.00,19366.04,1.89,0.00,0.00
207,16,9704.56,155269.90,135860.79,0.00,19409.11,1.86,0.00,0.00
208,16,9612.60,153778.53,134553.34,0.00,19225.19,1.96,0.00,0.00
209,16,9616.94,153918.97,134685.10,0.00,19233.87,1.96,0.00,0.00
210,16,9553.06,152842.92,133737.80,0.00,19105.11,2.00,0.00,0.00
211,16,9708.69,155304.97,135887.60,0.00,19417.37,1.79,0.00,0.00
212,16,9706.99,155329.86,135914.87,0.00,19414.98,1.89,0.00,0.00
213,16,9679.37,154860.87,135502.14,0.00,19358.73,1.86,0.00,0.00
214,16,9577.79,153244.63,134089.06,0.00,19155.58,1.96,0.00,0.00
215,16,9725.98,155659.75,136207.78,0.00,19451.97,1.82,0.00,0.00
216,16,9708.45,155277.19,135861.29,0.00,19415.90,1.93,0.00,0.00
217,16,9575.23,153190.63,134039.17,0.00,19151.45,2.00,0.00,0.00
218,16,9749.14,156030.23,136531.95,0.00,19498.28,1.82,0.00,0.00
219,16,9734.22,155772.57,136304.13,0.00,19468.45,1.79,0.00,0.00
220,16,9544.74,152681.90,133593.41,0.00,19088.49,1.96,0.00,0.00
221,16,9659.07,154529.08,135210.95,0.00,19318.14,1.93,0.00,0.00
222,16,9626.95,154017.26,134762.35,0.00,19254.91,1.96,0.00,0.00
223,16,9603.36,153700.69,134493.98,0.00,19206.71,1.96,0.00,0.00
224,16,9649.42,154382.76,135083.92,0.00,19298.85,1.96,0.00,0.00
225,16,9652.63,154429.01,135123.76,0.00,19305.25,1.93,0.00,0.00
226,16,9732.64,155745.17,136279.90,0.00,19465.27,1.82,0.00,0.00
227,16,9632.53,154104.40,134839.35,0.00,19265.05,1.93,0.00,0.00
228,16,9701.48,155215.65,135813.69,0.00,19401.96,1.89,0.00,0.00
229,16,9638.89,154198.24,134920.46,0.00,19277.78,1.96,0.00,0.00
230,16,9695.37,155140.97,135750.23,0.00,19390.75,1.89,0.00,0.00
231,16,9763.82,156212.16,136684.52,0.00,19527.65,1.79,0.00,0.00
232,16,9716.99,155502.85,136067.87,0.00,19434.98,1.89,0.00,0.00
233,16,9710.86,155367.78,135947.06,0.00,19420.72,1.79,0.00,0.00
234,16,9745.39,155868.31,136377.52,0.00,19490.79,1.82,0.00,0.00
235,16,9700.20,155257.13,135855.74,0.00,19401.39,1.89,0.00,0.00
236,16,9714.74,155438.86,136009.38,0.00,19429.48,1.86,0.00,0.00
237,16,9724.00,155539.94,136093.95,0.00,19445.99,1.86,0.00,0.00
238,16,9711.07,155413.08,135988.94,0.00,19424.13,1.89,0.00,0.00
239,16,9676.82,154828.13,135474.49,0.00,19353.64,1.89,0.00,0.00
240,16,9614.02,153807.40,134580.35,0.00,19227.05,1.96,0.00,0.00
241,16,9547.65,152792.43,133696.12,0.00,19096.30,2.00,0.00,0.00
242,16,9651.30,154373.76,135071.16,0.00,19302.60,1.93,0.00,0.00
243,16,9724.06,155642.97,136195.85,0.00,19447.12,1.79,0.00,0.00
244,16,9724.84,155593.41,136143.73,0.00,19449.68,1.89,0.00,0.00
245,16,9703.06,155241.01,135833.88,0.00,19407.13,1.89,0.00,0.00
246,16,9558.93,152930.88,133815.02,0.00,19115.86,2.00,0.00,0.00
247,16,9643.98,154316.73,135027.77,0.00,19288.97,1.93,0.00,0.00
248,16,9765.97,156228.59,136695.65,0.00,19532.95,1.82,0.00,0.00
249,16,9736.96,155777.35,136304.43,0.00,19472.92,1.89,0.00,0.00
250,16,9765.06,156256.94,136725.82,0.00,19531.12,1.82,0.00,0.00
251,16,9699.93,155205.88,135807.02,0.00,19398.86,1.86,0.00,0.00
252,16,9673.00,154774.93,135427.94,0.00,19346.99,1.93,0.00,0.00
253,16,9654.02,154448.35,135141.31,0.00,19307.04,1.93,0.00,0.00
254,16,9708.16,155366.63,135950.30,0.00,19416.33,1.86,0.00,0.00
255,16,9763.86,156206.69,136677.97,0.00,19528.71,1.79,0.00,0.00
256,16,9766.15,156298.47,136766.16,0.00,19532.31,1.89,0.00,0.00
257,16,9657.18,154443.90,135129.54,0.00,19314.36,1.93,0.00,0.00
258,16,9689.69,155063.11,135683.72,0.00,19379.39,1.89,0.00,0.00
259,16,9700.94,155230.98,135830.11,0.00,19400.87,1.89,0.00,0.00
260,16,9681.25,154886.98,135523.48,0.00,19363.50,1.89,0.00,0.00
261,16,9514.20,152217.17,133188.77,0.00,19028.40,2.00,0.00,0.00
262,16,9638.73,154209.72,134931.25,0.00,19278.46,1.93,0.00,0.00
263,16,9758.05,156111.75,136599.65,0.00,19512.09,1.79,0.00,0.00
264,16,9736.64,155819.22,136342.94,0.00,19476.28,1.89,0.00,0.00
265,16,9585.18,153370.96,134200.59,0.00,19170.37,1.96,0.00,0.00
266,16,9728.98,155637.65,136179.70,0.00,19457.96,1.89,0.00,0.00
267,16,9770.54,156324.65,136784.57,0.00,19540.08,1.79,0.00,0.00
268,16,9644.82,154345.15,135054.51,0.00,19290.64,1.93,0.00,0.00
269,16,9771.67,156338.68,136795.34,0.00,19543.33,1.79,0.00,0.00
270,16,9698.05,155174.81,135779.71,0.00,19395.10,1.82,0.00,0.00
271,16,9770.21,156311.40,136770.98,0.00,19540.43,1.79,0.00,0.00
272,16,9775.91,156453.57,136901.75,0.00,19551.82,1.82,0.00,0.00
273,16,9710.37,155330.97,135909.23,0.00,19421.75,1.86,0.00,0.00
274,16,9601.69,153633.98,134431.61,0.00,19202.37,1.93,0.00,0.00
275,16,9759.83,156178.26,136657.60,0.00,19520.66,1.82,0.00,0.00
276,16,9714.85,155397.66,135968.95,0.00,19428.71,1.93,0.00,0.00
277,16,9687.16,155000.51,135625.19,0.00,19375.31,1.89,0.00,0.00
278,16,9576.16,153250.58,134099.26,0.00,19151.32,2.00,0.00,0.00
279,16,9709.68,155327.96,135907.59,0.00,19420.37,1.89,0.00,0.00
280,16,9754.05,156065.88,136557.77,0.00,19508.11,1.89,0.00,0.00
281,16,9726.30,155622.82,136171.22,0.00,19451.60,1.86,0.00,0.00
282,16,9626.73,154038.75,134784.28,0.00,19254.47,1.93,0.00,0.00
283,16,9725.14,155616.16,136165.89,0.00,19450.27,1.86,0.00,0.00
284,16,9627.82,154043.12,134787.48,0.00,19255.64,2.00,0.00,0.00
285,16,9657.31,154496.03,135182.40,0.00,19313.63,1.93,0.00,0.00
286,16,9634.90,154160.45,134889.64,0.00,19270.81,1.93,0.00,0.00
287,16,9739.67,155815.71,136336.38,0.00,19479.34,1.82,0.00,0.00
288,16,9653.32,154481.11,135174.47,0.00,19306.64,1.93,0.00,0.00
289,16,9779.20,156445.22,136887.81,0.00,19557.40,1.79,0.00,0.00
290,16,9565.72,153064.54,133932.10,0.00,19132.44,2.00,0.00,0.00
291,16,9646.86,154383.69,135089.98,0.00,19293.71,1.93,0.00,0.00
292,16,9580.14,153249.30,134090.01,0.00,19159.29,2.03,0.00,0.00
293,16,9712.76,155401.22,135974.69,0.00,19426.53,1.89,0.00,0.00
294,16,9709.18,155341.82,135924.47,0.00,19417.35,1.89,0.00,0.00
295,16,9770.82,156354.08,136811.44,0.00,19542.63,1.82,0.00,0.00
296,16,9513.10,152202.64,133176.44,0.00,19026.21,2.03,0.00,0.00
297,16,9691.82,155075.06,135691.42,0.00,19383.63,1.93,0.00,0.00
298,16,9751.97,156016.48,136512.55,0.00,19503.94,1.82,0.00,0.00
299,16,9722.31,155585.02,136140.39,0.00,19444.63,1.86,0.00,0.00
300,16,9723.05,155539.80,136093.70,0.00,19446.10,1.89,0.00,0.00
301,16,9491.82,151890.18,132906.54,0.00,18983.65,2.03,0.00,0.00
302,16,9816.54,157041.60,137409.53,0.00,19632.08,1.76,0.00,0.00
303,16,9667.64,154679.24,135343.96,0.00,19335.28,1.93,0.00,0.00
304,16,9770.83,156328.31,136785.65,0.00,19542.66,1.82,0.00,0.00
305,16,9631.88,154121.07,134858.31,0.00,19262.76,1.96,0.00,0.00
306,16,9732.31,155701.93,136236.31,0.00,19465.62,1.89,0.00,0.00
307,16,9797.00,156709.97,137116.97,0.00,19593.00,1.73,0.00,0.00
308,16,9725.58,155680.35,136228.18,0.00,19452.17,1.86,0.00,0.00
309,16,9715.58,155401.35,135971.18,0.00,19430.17,1.86,0.00,0.00
310,16,9560.10,152983.66,133862.46,0.00,19121.21,1.96,0.00,0.00
311,16,9651.72,154487.47,135184.03,0.00,19303.43,1.93,0.00,0.00
312,16,9685.97,154905.51,135533.57,0.00,19371.94,1.96,0.00,0.00
313,16,9713.87,155457.91,136030.17,0.00,19427.74,1.86,0.00,0.00
314,16,9558.10,152933.65,133817.44,0.00,19116.21,2.00,0.00,0.00
315,16,9679.47,154846.59,135488.64,0.00,19357.95,1.93,0.00,0.00
316,16,9736.52,155823.37,136349.32,0.00,19474.05,1.86,0.00,0.00
317,16,9725.87,155604.99,136153.24,0.00,19451.75,1.86,0.00,0.00
318,16,9760.28,156163.53,136642.96,0.00,19520.57,1.82,0.00,0.00
319,16,9708.45,155314.16,135897.27,0.00,19416.90,1.89,0.00,0.00
320,16,9725.40,155608.47,136157.66,0.00,19450.81,1.86,0.00,0.00
321,16,9697.98,155179.68,135783.72,0.00,19395.96,1.89,0.00,0.00
322,16,9727.02,155643.26,136189.23,0.00,19454.03,1.89,0.00,0.00
323,16,9675.34,154772.43,135421.75,0.00,19350.68,1.93,0.00,0.00
324,16,9714.48,155424.71,135995.75,0.00,19428.96,1.89,0.00,0.00
325,16,9544.87,152742.88,133654.14,0.00,19088.73,2.00,0.00,0.00
326,16,9688.27,155037.40,135658.85,0.00,19378.55,1.89,0.00,0.00
327,16,9655.81,154463.99,135154.36,0.00,19309.62,1.93,0.00,0.00
328,16,9665.25,154659.95,135329.46,0.00,19330.49,1.93,0.00,0.00
329,16,9663.95,154616.13,135287.24,0.00,19328.89,1.93,0.00,0.00
330,16,9574.87,153184.85,134035.12,0.00,19149.73,2.00,0.00,0.00
331,16,9773.02,156367.30,136821.26,0.00,19546.04,1.82,0.00,0.00
332,16,9790.11,156660.77,137080.55,0.00,19580.22,1.82,0.00,0.00
333,16,9720.82,155538.05,136096.41,0.00,19441.63,1.86,0.00,0.00
334,16,9658.73,154520.72,135203.26,0.00,19317.46,1.93,0.00,0.00
335,16,9732.37,155719.99,136256.25,0.00,19463.75,1.86,0.00,0.00
336,16,9740.90,155837.34,136354.54,0.00,19482.79,1.86,0.00,0.00
337,16,9712.42,155428.79,136003.94,0.00,19424.85,1.79,0.00,0.00
338,16,9741.75,155880.93,136397.44,0.00,19483.49,1.82,0.00,0.00
339,16,9642.01,154243.15,134961.13,0.00,19282.02,1.96,0.00,0.00
340,16,9782.11,156495.75,136930.53,0.00,19565.22,1.82,0.00,0.00
341,16,9689.30,155036.73,135658.14,0.00,19378.59,1.93,0.00,0.00
342,16,9692.45,155064.26,135678.35,0.00,19385.91,1.93,0.00,0.00
343,16,9768.39,156305.20,136769.43,0.00,19535.77,1.82,0.00,0.00
344,16,9743.86,155852.75,136366.03,0.00,19486.72,1.89,0.00,0.00
345,16,9776.86,156467.78,136912.05,0.00,19555.72,1.79,0.00,0.00
346,16,9684.81,154968.91,135600.30,0.00,19368.61,1.89,0.00,0.00
347,16,9730.32,155698.18,136237.53,0.00,19460.65,1.89,0.00,0.00
348,16,9758.03,156115.46,136599.40,0.00,19516.06,1.86,0.00,0.00
349,16,9708.63,155340.12,135922.86,0.00,19417.27,1.89,0.00,0.00
350,16,9638.15,154197.42,134921.11,0.00,19276.30,1.96,0.00,0.00
351,16,9740.95,155868.20,136386.30,0.00,19481.90,1.89,0.00,0.00
352,16,9788.00,156622.96,137046.97,0.00,19576.00,1.82,0.00,0.00
353,16,9702.31,155246.95,135841.33,0.00,19405.62,1.89,0.00,0.00
354,16,9616.07,153809.06,134576.93,0.00,19232.13,1.93,0.00,0.00
355,16,9783.42,156572.77,137006.92,0.00,19565.85,1.79,0.00,0.00
356,16,9737.35,155768.58,136292.88,0.00,19475.70,1.93,0.00,0.00
357,16,9691.83,155076.28,135693.62,0.00,19382.66,1.89,0.00,0.00
358,16,9723.63,155591.06,136143.80,0.00,19447.26,1.89,0.00,0.00
359,16,9797.36,156734.81,137138.08,0.00,19596.73,1.76,0.00,0.00
360,16,9744.98,155979.64,136490.68,0.00,19488.95,1.86,0.00,0.00
361,16,9709.39,155322.21,135903.44,0.00,19418.78,1.86,0.00,0.00
362,16,9766.82,156244.13,136709.49,0.00,19534.64,1.86,0.00,0.00
363,16,9787.20,156615.15,137041.75,0.00,19573.39,1.79,0.00,0.00
364,16,9732.00,155691.99,136227.99,0.00,19464.00,1.89,0.00,0.00
365,16,9646.68,154381.83,135089.47,0.00,19292.35,1.93,0.00,0.00
366,16,9627.50,154023.06,134769.05,0.00,19254.01,1.96,0.00,0.00
367,16,9668.74,154709.78,135370.31,0.00,19339.47,1.93,0.00,0.00
368,16,9826.84,157221.40,137567.73,0.00,19653.68,1.76,0.00,0.00
369,16,9482.13,151678.07,132714.82,0.00,18963.26,2.07,0.00,0.00
370,16,9612.94,153839.10,134612.21,0.00,19226.89,1.96,0.00,0.00
371,16,9759.10,156122.66,136604.45,0.00,19518.21,1.82,0.00,0.00
372,16,9611.31,153813.98,134591.36,0.00,19222.62,2.00,0.00,0.00
373,16,9763.66,156218.52,136690.21,0.00,19528.32,1.79,0.00,0.00
374,16,9791.96,156655.33,137073.42,0.00,19581.92,1.79,0.00,0.00
375,16,9827.78,157236.44,137580.89,0.00,19655.56,1.76,0.00,0.00
376,16,9583.30,153332.76,134165.16,0.00,19167.59,2.00,0.00,0.00
377,16,9677.73,154856.69,135501.22,0.00,19355.46,1.93,0.00,0.00
378,16,9738.93,155844.96,136368.09,0.00,19476.87,1.86,0.00,0.00
379,16,9781.15,156494.46,136931.16,0.00,19563.31,1.79,0.00,0.00
380,16,9680.79,154861.67,135501.09,0.00,19360.58,1.93,0.00,0.00
381,16,9766.14,156254.30,136723.01,0.00,19531.29,1.82,0.00,0.00
382,16,9752.50,156033.99,136527.99,0.00,19506.00,1.86,0.00,0.00
383,16,9696.63,155200.03,135804.78,0.00,19395.25,1.89,0.00,0.00
384,16,9692.50,155069.03,135685.02,0.00,19384.00,1.93,0.00,0.00
385,16,9661.48,154588.64,135265.68,0.00,19322.95,1.96,0.00,0.00
386,16,9755.96,156063.30,136552.39,0.00,19510.91,1.86,0.00,0.00
387,16,9735.95,155772.21,136300.31,0.00,19471.90,1.86,0.00,0.00
388,16,9655.29,154510.71,135199.12,0.00,19311.59,1.96,0.00,0.00
389,16,9608.28,153709.56,134492.99,0.00,19216.57,1.96,0.00,0.00
390,16,9738.81,155852.96,136375.34,0.00,19477.62,1.89,0.00,0.00
391,16,9741.63,155828.09,136345.83,0.00,19482.26,1.86,0.00,0.00
392,16,9802.11,156825.81,137221.58,0.00,19604.23,1.79,0.00,0.00
393,16,9657.14,154572.31,135257.02,0.00,19315.29,1.93,0.00,0.00
394,16,9606.72,153677.47,134464.04,0.00,19213.43,1.96,0.00,0.00
395,16,9818.15,157090.35,137454.06,0.00,19636.29,1.76,0.00,0.00
396,16,9653.93,154471.83,135163.97,0.00,19307.85,1.96,0.00,0.00
397,16,9756.38,156107.12,136594.35,0.00,19512.76,1.86,0.00,0.00
398,16,9662.41,154546.55,135222.73,0.00,19323.82,1.93,0.00,0.00
399,16,9795.34,156777.39,137185.72,0.00,19591.67,1.76,0.00,0.00
400,16,9764.04,156231.66,136703.58,0.00,19528.08,1.82,0.00,0.00
401,16,9809.81,156936.00,137317.38,0.00,19618.63,1.76,0.00,0.00
402,16,9781.76,156511.14,136946.62,0.00,19564.52,1.79,0.00,0.00
403,16,9743.55,155863.74,136377.65,0.00,19486.09,1.86,0.00,0.00
404,16,9714.81,155482.94,136052.32,0.00,19430.62,1.86,0.00,0.00
405,16,9720.66,155470.54,136030.22,0.00,19440.32,1.89,0.00,0.00
406,16,9701.62,155251.90,135849.66,0.00,19402.24,1.89,0.00,0.00
407,16,9736.65,155784.38,136312.09,0.00,19472.30,1.89,0.00,0.00
408,16,9797.05,156767.76,137170.67,0.00,19597.10,1.82,0.00,0.00
409,16,9569.73,153106.66,133967.21,0.00,19139.46,1.96,0.00,0.00
410,16,9737.27,155785.35,136311.80,0.00,19473.54,1.82,0.00,0.00
411,16,9732.86,155740.84,136274.11,0.00,19466.73,1.89,0.00,0.00
412,16,9710.66,155346.48,135926.17,0.00,19420.31,1.89,0.00,0.00
413,16,9710.61,155422.71,136000.50,0.00,19422.21,1.86,0.00,0.00
414,16,9697.56,155157.02,135761.89,0.00,19395.13,1.93,0.00,0.00
415,16,9698.22,155138.50,135742.06,0.00,19396.44,1.93,0.00,0.00
416,16,9724.83,155612.24,136162.58,0.00,19449.65,1.93,0.00,0.00
417,16,9661.43,154576.83,135253.97,0.00,19322.85,1.93,0.00,0.00
418,16,9664.10,154604.54,135276.35,0.00,19328.19,1.93,0.00,0.00
419,16,9750.10,156027.60,136527.40,0.00,19500.20,1.79,0.00,0.00
420,16,9645.55,154310.77,135020.68,0.00,19290.10,2.00,0.00,0.00
421,16,9675.19,154803.98,135452.61,0.00,19351.37,1.89,0.00,0.00
422,16,9723.16,155557.50,136112.19,0.00,19445.31,1.93,0.00,0.00
423,16,9760.08,156211.34,136690.17,0.00,19521.17,1.79,0.00,0.00
424,16,9732.94,155726.04,136261.16,0.00,19464.88,1.89,0.00,0.00
425,16,9390.85,150232.57,131449.87,0.00,18782.70,2.03,0.00,0.00
426,16,9548.32,152776.06,133681.43,0.00,19094.63,2.00,0.00,0.00
427,16,9754.04,156057.67,136547.59,0.00,19510.08,1.86,0.00,0.00
428,16,9766.30,156298.85,136766.25,0.00,19532.61,1.82,0.00,0.00
429,16,9748.20,155947.14,136450.74,0.00,19496.39,1.82,0.00,0.00
430,16,9733.06,155674.94,136208.82,0.00,19466.12,1.89,0.00,0.00
431,16,9776.72,156472.55,136919.11,0.00,19553.44,1.79,0.00,0.00
432,16,9771.37,156345.92,136803.18,0.00,19542.74,1.86,0.00,0.00
433,16,9701.13,155187.16,135785.89,0.00,19401.27,1.89,0.00,0.00
434,16,9720.46,155563.33,136122.41,0.00,19440.92,1.89,0.00,0.00
435,16,9794.08,156714.30,137125.13,0.00,19589.16,1.76,0.00,0.00
436,16,9734.31,155760.93,136292.31,0.00,19468.62,1.96,0.00,0.00
437,16,9650.81,154360.90,135059.29,0.00,19301.61,1.96,0.00,0.00
438,16,9728.94,155720.00,136262.12,0.00,19457.87,1.89,0.00,0.00
439,16,9785.44,156531.97,136961.10,0.00,19570.87,1.76,0.00,0.00
440,16,9791.59,156660.51,137078.32,0.00,19582.19,1.86,0.00,0.00
441,16,9586.08,153372.31,134200.14,0.00,19172.16,1.96,0.00,0.00
442,16,9511.00,152212.00,133189.00,0.00,19023.00,2.00,0.00,0.00
443,16,9793.96,156676.31,137088.40,0.00,19587.91,1.79,0.00,0.00
444,16,9701.27,155238.36,135835.82,0.00,19402.55,1.93,0.00,0.00
445,16,9609.72,153776.54,134557.10,0.00,19219.44,1.96,0.00,0.00
446,16,9703.22,155220.50,135815.06,0.00,19405.44,1.89,0.00,0.00
447,16,9603.82,153658.19,134449.54,0.00,19208.65,1.96,0.00,0.00
448,16,9781.42,156478.78,136917.93,0.00,19560.85,1.79,0.00,0.00
449,16,9671.82,154736.19,135390.54,0.00,19345.65,1.93,0.00,0.00
450,16,9763.76,156244.23,136716.70,0.00,19527.53,1.79,0.00,0.00
451,16,9653.86,154460.75,135154.03,0.00,19306.72,1.96,0.00,0.00
452,16,9675.14,154799.16,135449.89,0.00,19349.27,1.96,0.00,0.00
453,16,9715.94,155440.03,136006.15,0.00,19433.88,1.89,0.00,0.00
454,16,9751.43,156018.94,136520.08,0.00,19498.87,1.82,0.00,0.00
455,16,9632.99,154143.92,134872.93,0.00,19270.99,1.96,0.00,0.00
456,16,9583.14,153356.24,134192.96,0.00,19163.28,1.96,0.00,0.00
457,16,9695.85,155128.52,135734.83,0.00,19393.69,1.93,0.00,0.00
458,16,9777.67,156436.75,136881.41,0.00,19555.34,1.79,0.00,0.00
459,16,9809.19,156953.11,137334.72,0.00,19618.39,1.76,0.00,0.00
460,16,9764.77,156264.32,136734.78,0.00,19529.54,1.86,0.00,0.00
461,16,9649.94,154355.04,135055.16,0.00,19299.88,1.96,0.00,0.00
462,16,9778.48,156453.70,136896.74,0.00,19556.96,1.79,0.00,0.00
463,16,9759.58,156139.30,136620.13,0.00,19519.16,1.89,0.00,0.00
464,16,9775.94,156434.09,136882.20,0.00,19551.89,1.82,0.00,0.00
465,16,9790.83,156643.24,137061.59,0.00,19581.66,1.82,0.00,0.00
466,16,9707.24,155361.81,135947.33,0.00,19414.48,1.86,0.00,0.00
467,16,9800.90,156795.43,137193.63,0.00,19601.80,1.79,0.00,0.00
468,16,9645.49,154293.90,135001.91,0.00,19291.99,1.96,0.00,0.00
469,16,9622.67,153997.73,134753.39,0.00,19244.34,2.00,0.00,0.00
470,16,9749.09,155966.47,136469.29,0.00,19497.18,1.82,0.00,0.00
471,16,9748.81,156010.94,136513.33,0.00,19497.62,1.82,0.00,0.00
472,16,9787.27,156584.34,137008.79,0.00,19575.54,1.79,0.00,0.00
473,16,9541.91,152683.63,133599.80,0.00,19083.83,2.00,0.00,0.00
474,16,9772.90,156351.40,136805.60,0.00,19545.80,1.79,0.00,0.00
475,16,9692.48,155075.76,135690.79,0.00,19384.97,1.96,0.00,0.00
476,16,9746.58,155918.22,136425.07,0.00,19493.15,1.82,0.00,0.00
477,16,9574.22,153185.56,134038.11,0.00,19147.44,2.00,0.00,0.00
478,16,9402.90,150476.44,131670.63,0.00,18805.80,2.07,0.00,0.00
479,16,9693.90,155085.38,135697.58,0.00,19387.80,1.93,0.00,0.00
480,16,9467.98,151459.63,132522.68,0.00,18936.95,2.00,0.00,0.00
481,16,9695.04,155129.71,135740.62,0.00,19389.09,1.89,0.00,0.00
482,16,9686.89,155044.18,135669.40,0.00,19374.77,1.93,0.00,0.00
483,16,9660.02,154539.30,135219.26,0.00,19320.04,1.93,0.00,0.00
484,16,9735.97,155780.45,136308.52,0.00,19471.93,1.93,0.00,0.00
485,16,9616.69,153831.07,134598.69,0.00,19232.38,1.93,0.00,0.00
486,16,9707.24,155338.78,135923.31,0.00,19415.47,1.93,0.00,0.00
487,16,9803.05,156844.72,137239.63,0.00,19605.09,1.79,0.00,0.00
488,16,9600.13,153622.12,134420.86,0.00,19201.26,2.00,0.00,0.00
489,16,9743.70,155858.28,136370.87,0.00,19487.41,1.86,0.00,0.00
490,16,9699.21,155212.39,135814.97,0.00,19397.42,1.89,0.00,0.00
491,16,9729.21,155675.43,136217.01,0.00,19458.43,1.86,0.00,0.00
492,16,9747.89,155974.29,136477.51,0.00,19496.79,1.89,0.00,0.00
493,16,9755.38,156058.07,136547.31,0.00,19510.76,1.82,0.00,0.00
494,16,9686.62,155009.96,135636.72,0.00,19373.25,1.89,0.00,0.00
495,16,9768.32,156287.07,136750.44,0.00,19536.63,1.82,0.00,0.00
496,16,9729.82,155657.13,136197.49,0.00,19459.64,1.89,0.00,0.00
497,16,9776.79,156435.69,136882.10,0.00,19553.59,1.79,0.00,0.00
498,16,9518.92,152333.71,133295.87,0.00,19037.84,2.00,0.00,0.00
499,16,9770.90,156315.33,136773.54,0.00,19541.79,1.82,0.00,0.00
500,16,9687.13,155028.16,135652.89,0.00,19375.27,1.93,0.00,0.00
501,16,9693.30,155021.82,135639.21,0.00,19382.60,1.93,0.00,0.00
502,16,9677.14,154873.28,135516.00,0.00,19357.29,1.89,0.00,0.00
503,16,9797.73,156727.74,137133.27,0.00,19594.47,1.79,0.00,0.00
504,16,9685.91,155014.54,135643.72,0.00,19370.82,1.96,0.00,0.00
505,16,9633.94,154159.08,134889.20,0.00,19269.89,1.96,0.00,0.00
506,16,9737.97,155790.57,136314.63,0.00,19475.95,1.89,0.00,0.00
507,16,9773.87,156376.86,136830.13,0.00,19546.73,1.79,0.00,0.00
508,16,9647.52,154339.32,135043.28,0.00,19296.04,1.93,0.00,0.00
509,16,9760.01,156198.14,136678.12,0.00,19520.02,1.82,0.00,0.00
510,16,9611.12,153787.94,134566.70,0.00,19221.24,1.96,0.00,0.00
511,16,9684.99,154950.90,135579.91,0.00,19370.99,1.93,0.00,0.00
512,16,9686.84,155008.38,135634.70,0.00,19373.67,1.93,0.00,0.00
513,16,9556.64,152866.25,133753.97,0.00,19112.28,1.96,0.00,0.00
514,16,9684.06,154968.93,135599.81,0.00,19369.12,1.93,0.00,0.00
515,16,9746.54,155905.66,136412.58,0.00,19493.08,1.86,0.00,0.00
516,16,9739.69,155842.98,136365.61,0.00,19477.37,1.89,0.00,0.00
517,16,9612.83,153816.29,134588.63,0.00,19227.66,2.00,0.00,0.00
518,16,9642.78,154282.46,134996.90,0.00,19285.56,1.93,0.00,0.00
519,16,9768.93,156325.89,136789.03,0.00,19536.86,1.82,0.00,0.00
520,16,9696.18,155105.86,135713.51,0.00,19392.36,1.93,0.00,0.00
521,16,9698.90,155229.44,135830.63,0.00,19398.81,1.93,0.00,0.00
522,16,9721.00,155470.00,136028.00,0.00,19442.00,1.93,0.00,0.00
523,16,9707.91,155359.54,135943.73,0.00,19415.82,1.89,0.00,0.00
524,16,9683.11,154952.81,135586.59,0.00,19366.23,1.93,0.00,0.00
525,16,9690.23,155053.63,135673.17,0.00,19380.45,1.93,0.00,0.00
526,16,9644.14,154295.18,135006.90,0.00,19288.27,1.93,0.00,0.00
527,16,9735.92,155746.72,136274.88,0.00,19471.84,1.89,0.00,0.00
528,16,9625.90,154022.47,134771.66,0.00,19250.81,1.96,0.00,0.00
529,16,9723.49,155598.83,136150.85,0.00,19447.98,1.89,0.00,0.00
530,16,9718.08,155436.27,136000.11,0.00,19436.16,1.86,0.00,0.00
531,16,9624.45,154003.26,134755.35,0.00,19247.91,1.96,0.00,0.00
532,16,9741.68,155872.80,136388.45,0.00,19484.35,1.89,0.00,0.00
533,16,9633.81,154152.96,134885.34,0.00,19267.62,1.96,0.00,0.00
534,16,9725.38,155602.06,136151.30,0.00,19450.76,1.86,0.00,0.00
535,16,9788.06,156629.90,137053.79,0.00,19576.11,1.82,0.00,0.00
536,16,9795.66,156706.61,137116.28,0.00,19590.33,1.79,0.00,0.00
537,16,9588.19,153415.07,134237.68,0.00,19177.38,2.00,0.00,0.00
538,16,9708.13,155360.07,135943.81,0.00,19416.26,1.89,0.00,0.00
539,16,9772.83,156370.25,136824.60,0.00,19545.66,1.82,0.00,0.00
540,16,9723.29,155544.58,136098.01,0.00,19446.57,1.89,0.00,0.00
541,16,9704.05,155249.86,135842.76,0.00,19407.11,1.86,0.00,0.00
542,16,9756.81,156076.91,136566.29,0.00,19510.61,1.89,0.00,0.00
543,16,9793.10,156743.65,137154.45,0.00,19589.21,1.79,0.00,0.00
544,16,9673.09,154774.51,135427.32,0.00,19347.19,1.93,0.00,0.00
545,16,9617.94,153883.09,134648.20,0.00,19234.89,2.00,0.00,0.00
546,16,9827.69,157224.97,137568.60,0.00,19656.37,1.73,0.00,0.00
547,16,9783.57,156530.11,136962.97,0.00,19567.14,1.79,0.00,0.00
548,16,9828.57,157254.18,137597.03,0.00,19657.15,1.79,0.00,0.00
549,16,9659.89,154601.31,135281.52,0.00,19319.79,1.96,0.00,0.00
550,16,9686.00,154947.95,135577.96,0.00,19369.99,1.89,0.00,0.00
551,16,9780.99,156484.92,136920.93,0.00,19563.99,1.79,0.00,0.00
552,16,9718.15,155483.35,136048.05,0.00,19435.29,1.89,0.00,0.00
553,16,9767.03,156268.48,136735.42,0.00,19533.06,1.82,0.00,0.00
554,16,9778.20,156451.24,136893.83,0.00,19557.41,1.82,0.00,0.00
555,16,9749.82,156003.14,136502.50,0.00,19500.64,1.89,0.00,0.00
556,16,9800.90,156830.38,137229.58,0.00,19600.80,1.79,0.00,0.00
557,16,9709.35,155343.66,135923.96,0.00,19419.71,1.93,0.00,0.00
558,16,9663.74,154617.89,135292.41,0.00,19325.49,1.93,0.00,0.00
559,16,9805.99,156924.91,137310.92,0.00,19613.99,1.79,0.00,0.00
560,16,9738.88,155800.06,136322.30,0.00,19477.76,1.93,0.00,0.00
561,16,9620.93,153918.88,134677.02,0.00,19241.86,2.00,0.00,0.00
562,16,9734.50,155751.92,136281.93,0.00,19469.99,1.93,0.00,0.00
563,16,9780.80,156473.88,136914.27,0.00,19559.61,1.82,0.00,0.00
564,16,9746.03,155973.41,136480.36,0.00,19493.05,1.86,0.00,0.00
565,16,9501.78,152039.42,133034.87,0.00,19004.55,2.00,0.00,0.00
566,16,9699.93,155203.95,135805.08,0.00,19398.87,1.93,0.00,0.00
567,16,9727.87,155645.93,136190.19,0.00,19455.74,1.89,0.00,0.00
568,16,9733.35,155708.56,136242.87,0.00,19465.70,1.93,0.00,0.00
569,16,9665.81,154675.90,135343.29,0.00,19332.61,1.93,0.00,0.00
570,16,9718.20,155484.13,136047.73,0.00,19436.39,1.89,0.00,0.00
571,16,9715.13,155447.04,136016.78,0.00,19430.25,1.86,0.00,0.00
572,16,9764.56,156218.92,136691.81,0.00,19527.12,1.89,0.00,0.00
573,16,9713.07,155411.13,135982.99,0.00,19428.14,1.93,0.00,0.00
574,16,9613.17,153820.68,134594.34,0.00,19226.33,1.96,0.00,0.00
575,16,9759.31,156148.92,136630.31,0.00,19518.62,1.86,0.00,0.00
576,16,9710.54,155397.66,135976.58,0.00,19421.08,1.93,0.00,0.00
577,16,9654.18,154459.88,135151.52,0.00,19308.36,1.93,0.00,0.00
578,16,9736.62,155759.99,136286.74,0.00,19473.25,1.86,0.00,0.00
579,16,9717.61,155495.74,136060.53,0.00,19435.22,1.89,0.00,0.00
580,16,9749.94,155982.03,136483.15,0.00,19498.88,1.86,0.00,0.00
581,16,9538.69,152608.04,133529.66,0.00,19078.38,2.00,0.00,0.00
582,16,9703.99,155273.90,135865.91,0.00,19407.99,1.89,0.00,0.00
583,16,9782.66,156520.58,136955.26,0.00,19565.32,1.86,0.00,0.00
584,16,9748.25,155987.05,136491.55,0.00,19495.51,1.89,0.00,0.00
585,16,9735.52,155736.38,136264.33,0.00,19472.05,1.89,0.00,0.00
586,16,9752.51,156061.13,136556.12,0.00,19505.02,1.86,0.00,0.00
587,16,9764.56,156199.94,136671.82,0.00,19528.12,1.79,0.00,0.00
588,16,9838.46,157448.40,137771.47,0.00,19676.93,1.79,0.00,0.00
589,16,9737.80,155800.73,136325.14,0.00,19475.59,1.89,0.00,0.00
590,16,9758.26,156125.13,136609.61,0.00,19515.52,1.82,0.00,0.00
591,16,9712.10,155411.60,135985.40,0.00,19426.20,1.93,0.00,0.00
592,16,9688.30,154987.74,135611.14,0.00,19376.59,1.96,0.00,0.00
593,16,9757.57,156151.14,136637.00,0.00,19514.14,1.82,0.00,0.00
594,16,9643.02,154283.35,134996.31,0.00,19287.04,1.93,0.00,0.00
595,16,9794.07,156695.13,137106.98,0.00,19588.14,1.79,0.00,0.00
596,16,9840.98,157451.70,137770.74,0.00,19680.96,1.79,0.00,0.00
597,16,9750.42,156011.67,136509.84,0.00,19501.83,1.82,0.00,0.00
598,16,9773.57,156381.14,136834.99,0.00,19546.14,1.79,0.00,0.00
599,16,9750.30,155989.84,136488.24,0.00,19501.61,1.82,0.00,0.00
600,16,9727.48,155674.75,136219.78,0.00,19454.97,1.93,0.00,0.00
SQL statistics:
    queries performed:
        read:                            81160436
        write:                           0
        other:                           11594348
        total:                           92754784
    transactions:                        5797174 (9661.89 per sec.)
    queries:                             92754784 (154590.31 per sec.)
    ignored errors:                      0      (0.00 per sec.)
    reconnects:                          0      (0.00 per sec.)

General statistics:
    total time:                          600.0025s
    total number of events:              5797174

Latency (ms):
         min:                                    1.24
         avg:                                    1.65
         max:                                    3.72
         95th percentile:                        1.93
         sum:                              9589976.12

Threads fairness:
    events (avg/stddev):           362323.3750/10279.80
    execution time (avg/stddev):   599.3735/0.02

