sysbench 1.0.20 (using bundled LuaJIT 2.1.0-beta2)

Running the test with following options:
Number of threads: 16
Report intermediate results every 1 second(s)
Initializing random number generator from current time


Initializing worker threads...

Threads started!

1,16,9539.55,152786.44,133691.37,0.00,19095.06,2.03,0.00,0.00
2,16,10540.97,168633.51,147552.57,0.00,21080.94,1.73,0.00,0.00
3,16,10600.66,169631.61,148429.29,0.00,21202.33,1.73,0.00,0.00
4,16,10575.78,169218.45,148067.89,0.00,21150.56,1.76,0.00,0.00
5,16,10637.15,170208.32,148933.03,0.00,21275.29,1.67,0.00,0.00
6,16,10545.05,168644.77,147556.67,0.00,21088.10,1.76,0.00,0.00
7,16,10603.12,169708.95,148500.70,0.00,21208.24,1.73,0.00,0.00
8,16,10512.92,168201.78,147175.93,0.00,21025.85,1.82,0.00,0.00
9,16,10545.35,168740.58,147649.88,0.00,21090.70,1.76,0.00,0.00
10,16,10550.95,168782.16,147680.26,0.00,21101.89,1.76,0.00,0.00
11,16,10579.73,169269.64,148110.19,0.00,21159.46,1.76,0.00,0.00
12,16,10448.92,167197.73,146300.89,0.00,20896.84,1.86,0.00,0.00
13,16,10587.95,169412.22,148235.32,0.00,21176.90,1.70,0.00,0.00
14,16,10531.05,168464.87,147403.76,0.00,21061.11,1.76,0.00,0.00
15,16,10490.93,167871.87,146890.01,0.00,20981.86,1.79,0.00,0.00
16,16,10572.06,169165.04,148020.91,0.00,21144.13,1.73,0.00,0.00
17,16,10564.63,169069.06,147938.80,0.00,21130.26,1.73,0.00,0.00
18,16,10640.30,170210.74,148930.15,0.00,21280.59,1.64,0.00,0.00
19,16,10501.34,168055.40,147053.73,0.00,21001.67,1.82,0.00,0.00
20,16,10508.06,168073.96,147057.84,0.00,21016.12,1.76,0.00,0.00
21,16,10391.77,166287.37,145503.82,0.00,20783.55,1.86,0.00,0.00
22,16,10603.88,169663.12,148456.36,0.00,21206.77,1.64,0.00,0.00
23,16,10463.35,167381.65,146453.95,0.00,20927.71,1.82,0.00,0.00
24,16,10460.66,167431.56,146509.24,0.00,20922.32,1.79,0.00,0.00
25,16,10466.31,167445.97,146513.35,0.00,20932.62,1.79,0.00,0.00
26,16,10542.84,168638.52,147553.83,0.00,21084.69,1.73,0.00,0.00
27,16,10569.88,169162.09,148021.33,0.00,21140.76,1.70,0.00,0.00
28,16,10585.91,169379.49,148207.68,0.00,21171.81,1.67,0.00,0.00
29,16,10529.03,168457.56,147399.49,0.00,21058.07,1.73,0.00,0.00
30,16,10570.08,169101.24,147961.09,0.00,21140.16,1.67,0.00,0.00
31,16,10552.10,168874.55,147770.35,0.00,21104.19,1.70,0.00,0.00
32,16,10404.12,166466.95,145659.70,0.00,20807.24,1.79,0.00,0.00
33,16,10523.82,168346.19,147298.55,0.00,21047.65,1.67,0.00,0.00
34,16,10376.97,166007.59,145253.64,0.00,20753.95,1.79,0.00,0.00
35,16,10477.85,167694.61,146737.91,0.00,20956.70,1.76,0.00,0.00
36,16,10360.31,165748.94,145028.32,0.00,20720.62,1.86,0.00,0.00
37,16,10532.78,168495.53,147429.97,0.00,21065.57,1.67,0.00,0.00
38,16,10503.14,168102.19,147095.91,0.00,21006.27,1.73,0.00,0.00
39,16,10484.92,167741.73,146771.89,0.00,20969.84,1.76,0.00,0.00
40,16,10442.05,167076.80,146192.70,0.00,20884.10,1.76,0.00,0.00
41,16,10486.93,167787.93,146814.07,0.00,20973.87,1.73,0.00,0.00
42,16,10465.06,167415.97,146486.85,0.00,20929.12,1.76,0.00,0.00
43,16,10582.86,169333.79,148167.06,0.00,21166.72,1.67,0.00,0.00
44,16,10461.82,167391.14,146468.50,0.00,20922.64,1.79,0.00,0.00
45,16,10506.61,168077.76,147063.54,0.00,21014.22,1.73,0.00,0.00
46,16,10486.90,167835.44,146861.63,0.00,20973.81,1.73,0.00,0.00
47,16,10592.67,169455.70,148270.36,0.00,21185.34,1.67,0.00,0.00
48,16,10577.31,169242.97,148088.35,0.00,21154.62,1.64,0.00,0.00
49,16,10462.64,167410.18,146485.91,0.00,20924.27,1.79,0.00,0.00
50,16,10461.10,167373.64,146451.44,0.00,20922.21,1.79,0.00,0.00
51,16,10597.14,169543.18,148346.90,0.00,21196.27,1.67,0.00,0.00
52,16,10496.98,167969.67,146976.71,0.00,20992.96,1.76,0.00,0.00
53,16,10516.92,168294.67,147260.84,0.00,21033.83,1.76,0.00,0.00
54,16,10578.89,169240.31,148082.52,0.00,21157.79,1.64,0.00,0.00
55,16,10543.02,168690.35,147605.31,0.00,21085.04,1.73,0.00,0.00
56,16,10351.10,165612.57,144908.37,0.00,20704.20,1.82,0.00,0.00
57,16,10562.99,169036.81,147911.83,0.00,21124.98,1.67,0.00,0.00
58,16,10618.32,169885.18,148648.53,0.00,21236.65,1.64,0.00,0.00
59,16,10542.57,168659.13,147572.99,0.00,21086.14,1.70,0.00,0.00
60,16,10344.22,165537.45,144850.02,0.00,20687.43,1.86,0.00,0.00
61,16,10533.18,168498.82,147432.47,0.00,21066.35,1.73,0.00,0.00
62,16,10373.70,165995.17,145247.77,0.00,20747.40,1.86,0.00,0.00
63,16,10535.79,168573.61,147502.03,0.00,21071.58,1.76,0.00,0.00
64,16,10463.12,167396.97,146471.73,0.00,20925.25,1.76,0.00,0.00
65,16,10393.96,166321.38,145532.45,0.00,20788.92,1.82,0.00,0.00
66,16,10570.97,169127.58,147986.63,0.00,21140.95,1.67,0.00,0.00
67,16,10479.25,167654.00,146694.50,0.00,20959.50,1.79,0.00,0.00
68,16,10415.78,166618.48,145788.92,0.00,20829.56,1.82,0.00,0.00
69,16,10485.12,167781.94,146811.70,0.00,20970.24,1.76,0.00,0.00
70,16,10551.31,168848.00,147743.37,0.00,21104.62,1.67,0.00,0.00
71,16,10520.30,168302.78,147262.19,0.00,21040.60,1.76,0.00,0.00
72,16,10507.33,168158.21,147143.56,0.00,21014.65,1.73,0.00,0.00
73,16,10606.08,169665.34,148454.17,0.00,21211.17,1.64,0.00,0.00
74,16,10578.91,169284.57,148125.75,0.00,21158.82,1.70,0.00,0.00
75,16,10565.75,169032.95,147901.46,0.00,21131.49,1.73,0.00,0.00
76,16,10501.72,168027.57,147024.12,0.00,21003.45,1.76,0.00,0.00
77,16,10351.54,165627.67,144923.59,0.00,20704.08,1.86,0.00,0.00
78,16,10626.30,170015.85,148764.24,0.00,21251.61,1.64,0.00,0.00
79,16,10589.80,169435.73,148257.14,0.00,21178.59,1.76,0.00,0.00
80,16,10348.14,165580.17,144882.90,0.00,20697.27,1.86,0.00,0.00
81,16,10605.80,169726.72,148515.13,0.00,21211.59,1.67,0.00,0.00
82,16,10596.15,169487.41,148296.11,0.00,21191.30,1.70,0.00,0.00
83,16,10521.38,168354.11,147310.34,0.00,21043.76,1.82,0.00,0.00
84,16,10546.85,168754.66,147660.95,0.00,21093.71,1.76,0.00,0.00
85,16,10644.08,170300.36,149012.19,0.00,21288.17,1.64,0.00,0.00
86,16,10613.45,169799.18,148573.28,0.00,21225.90,1.70,0.00,0.00
87,16,10512.20,168184.18,147158.79,0.00,21025.40,1.82,0.00,0.00
88,16,10247.00,163985.07,143492.06,0.00,20493.01,1.89,0.00,0.00
89,16,10560.06,168962.92,147841.80,0.00,21121.11,1.73,0.00,0.00
90,16,10623.87,169979.84,148732.11,0.00,21247.73,1.67,0.00,0.00
91,16,10603.99,169663.85,148455.87,0.00,21207.98,1.73,0.00,0.00
92,16,10576.05,169201.81,148052.71,0.00,21149.10,1.76,0.00,0.00
93,16,10431.73,166894.64,146029.18,0.00,20865.46,1.82,0.00,0.00
94,16,10656.31,170513.99,149201.37,0.00,21312.62,1.64,0.00,0.00
95,16,10633.18,170132.87,148865.51,0.00,21267.36,1.73,0.00,0.00
96,16,10398.62,166388.90,145591.66,0.00,20797.24,1.86,0.00,0.00
97,16,10572.09,169130.52,147986.33,0.00,21144.19,1.76,0.00,0.00
98,16,10638.07,170183.12,148909.98,0.00,21273.14,1.67,0.00,0.00
99,16,10624.95,170051.22,148798.31,0.00,21252.90,1.73,0.00,0.00
100,16,10644.17,170285.77,148997.43,0.00,21288.35,1.64,0.00,0.00
101,16,10641.64,170275.25,148991.97,0.00,21283.28,1.67,0.00,0.00
102,16,10632.41,170102.55,148838.73,0.00,21263.82,1.67,0.00,0.00
103,16,10611.70,169825.14,148598.75,0.00,21226.39,1.76,0.00,0.00
104,16,10602.32,169633.09,148430.45,0.00,21202.64,1.70,0.00,0.00
105,16,10608.69,169722.09,148506.70,0.00,21215.39,1.70,0.00,0.00
106,16,10617.12,169848.00,148612.75,0.00,21235.25,1.70,0.00,0.00
107,16,10567.90,169083.43,147947.63,0.00,21135.80,1.76,0.00,0.00
108,16,10613.48,169832.65,148605.69,0.00,21226.96,1.73,0.00,0.00
109,16,10628.58,170092.35,148834.18,0.00,21258.17,1.67,0.00,0.00
110,16,10640.75,170235.06,148953.55,0.00,21281.51,1.64,0.00,0.00
111,16,10580.40,169269.36,148110.57,0.00,21158.80,1.79,0.00,0.00
112,16,10575.71,169252.30,148098.89,0.00,21153.41,1.76,0.00,0.00
113,16,10643.16,170249.50,148964.19,0.00,21285.31,1.67,0.00,0.00
114,16,10669.87,170738.85,149397.12,0.00,21341.73,1.64,0.00,0.00
115,16,10501.87,168040.86,147038.12,0.00,21002.73,1.79,0.00,0.00
116,16,10452.60,167230.55,146326.36,0.00,20904.19,1.86,0.00,0.00
117,16,10566.22,169038.54,147907.10,0.00,21131.44,1.79,0.00,0.00
118,16,10714.80,171456.88,150025.27,0.00,21431.61,1.64,0.00,0.00
119,16,10722.55,171583.73,150138.64,0.00,21445.09,1.64,0.00,0.00
120,16,10596.36,169509.79,148317.07,0.00,21192.72,1.76,0.00,0.00
121,16,10689.72,171028.58,149649.14,0.00,21379.45,1.64,0.00,0.00
122,16,10681.93,170943.83,149579.98,0.00,21363.85,1.67,0.00,0.00
123,16,10684.94,170943.09,149574.20,0.00,21368.89,1.70,0.00,0.00
124,16,10570.46,169128.32,147986.40,0.00,21141.92,1.76,0.00,0.00
125,16,10688.60,171015.53,149640.34,0.00,21375.19,1.67,0.00,0.00
126,16,10672.42,170742.78,149395.94,0.00,21346.85,1.67,0.00,0.00
127,16,10676.69,170881.06,149527.68,0.00,21353.38,1.73,0.00,0.00
128,16,10391.87,166222.99,145440.25,0.00,20782.75,1.86,0.00,0.00
129,16,10684.01,170941.21,149573.18,0.00,21368.03,1.67,0.00,0.00
130,16,10692.95,171070.24,149683.33,0.00,21386.90,1.67,0.00,0.00
131,16,10672.26,170772.22,149427.69,0.00,21344.53,1.73,0.00,0.00
132,16,10565.85,169098.54,147966.85,0.00,21131.69,1.79,0.00,0.00
133,16,10690.00,170997.06,149618.06,0.00,21379.01,1.70,0.00,0.00
134,16,10667.76,170698.16,149361.64,0.00,21336.52,1.70,0.00,0.00
135,16,10570.06,169098.96,147958.84,0.00,21140.12,1.79,0.00,0.00
136,16,10670.40,170753.46,149412.65,0.00,21340.81,1.70,0.00,0.00
137,16,10685.66,170956.60,149587.28,0.00,21369.33,1.70,0.00,0.00
138,16,10682.30,170918.78,149552.18,0.00,21366.60,1.73,0.00,0.00
139,16,10595.01,169516.23,148328.20,0.00,21188.03,1.79,0.00,0.00
140,16,10720.48,171509.61,150067.66,0.00,21441.95,1.64,0.00,0.00
141,16,10653.29,170481.68,149175.09,0.00,21306.59,1.70,0.00,0.00
142,16,10727.83,171612.33,150155.66,0.00,21456.67,1.64,0.00,0.00
143,16,10248.30,163981.87,143486.26,0.00,20495.61,1.86,0.00,0.00
144,16,10642.47,170307.49,149021.55,0.00,21285.94,1.70,0.00,0.00
145,16,10621.37,169935.89,148693.15,0.00,21242.74,1.76,0.00,0.00
146,16,10749.08,171986.32,150488.15,0.00,21498.16,1.61,0.00,0.00
147,16,10599.87,169595.88,148397.15,0.00,21198.74,1.76,0.00,0.00
148,16,10537.81,168590.03,147513.40,0.00,21076.63,1.79,0.00,0.00
149,16,10693.17,171126.67,149740.34,0.00,21386.33,1.67,0.00,0.00
150,16,10678.20,170811.20,149455.80,0.00,21355.40,1.70,0.00,0.00
151,16,10690.85,171052.58,149669.88,0.00,21382.70,1.73,0.00,0.00
152,16,10634.05,170123.82,148857.72,0.00,21266.10,1.70,0.00,0.00
153,16,10710.84,171368.44,149947.76,0.00,21420.68,1.64,0.00,0.00
154,16,10617.02,169915.30,148678.27,0.00,21237.04,1.76,0.00,0.00
155,16,10632.20,170118.16,148853.77,0.00,21264.40,1.76,0.00,0.00
156,16,10537.97,168603.54,147527.60,0.00,21075.94,1.79,0.00,0.00
157,16,10475.77,167601.34,146651.80,0.00,20949.54,1.82,0.00,0.00
158,16,10683.03,170959.45,149591.40,0.00,21368.06,1.70,0.00,0.00
159,16,10718.14,171444.25,150007.97,0.00,21436.28,1.67,0.00,0.00
160,16,10681.00,170942.00,149580.00,0.00,21362.00,1.70,0.00,0.00
161,16,10677.00,170836.99,149482.99,0.00,21354.00,1.70,0.00,0.00
162,16,10774.05,172356.78,150809.69,0.00,21547.10,1.61,0.00,0.00
163,16,10717.95,171482.28,150045.37,0.00,21436.91,1.70,0.00,0.00
164,16,10643.03,170284.55,148999.48,0.00,21285.07,1.73,0.00,0.00
165,16,10719.81,171515.90,150076.29,0.00,21439.61,1.64,0.00,0.00
166,16,10681.02,170927.29,149564.25,0.00,21363.04,1.70,0.00,0.00
167,16,10566.16,169062.53,147930.21,0.00,21132.32,1.82,0.00,0.00
168,16,10625.78,169976.45,148725.89,0.00,21250.56,1.76,0.00,0.00
169,16,10628.28,170099.52,148841.95,0.00,21257.56,1.73,0.00,0.00
170,16,10707.91,171289.62,149873.79,0.00,21415.83,1.67,0.00,0.00
171,16,10422.02,166750.29,145907.25,0.00,20843.04,1.86,0.00,0.00
172,16,10468.26,167524.14,146586.62,0.00,20937.52,1.82,0.00,0.00
173,16,10643.46,170282.42,148995.49,0.00,21286.93,1.76,0.00,0.00
174,16,10655.13,170471.01,149160.76,0.00,21310.25,1.76,0.00,0.00
175,16,10736.83,171811.31,150337.65,0.00,21473.66,1.70,0.00,0.00
176,16,10612.53,169794.49,148569.43,0.00,21225.06,1.79,0.00,0.00
177,16,10786.75,172571.93,150998.44,0.00,21573.49,1.61,0.00,0.00
178,16,10798.90,172783.39,151185.59,0.00,21597.80,1.61,0.00,0.00
179,16,10427.37,166830.97,145976.22,0.00,20854.75,1.86,0.00,0.00
180,16,10630.09,170070.43,148810.25,0.00,21260.18,1.79,0.00,0.00
181,16,10611.44,169776.11,148553.22,0.00,21222.89,1.79,0.00,0.00
182,16,10748.13,172003.09,150507.83,0.00,21495.26,1.64,0.00,0.00
183,16,10702.83,171232.25,149825.59,0.00,21406.66,1.73,0.00,0.00
184,16,10695.13,171104.13,149714.86,0.00,21389.27,1.70,0.00,0.00
185,16,10696.08,171157.22,149764.07,0.00,21393.15,1.70,0.00,0.00
186,16,10702.81,171232.93,149828.31,0.00,21404.62,1.70,0.00,0.00
187,16,10545.07,168709.16,147618.02,0.00,21091.15,1.86,0.00,0.00
188,16,10626.27,170024.27,148771.73,0.00,21252.53,1.79,0.00,0.00
189,16,10625.94,170035.99,148784.12,0.00,21251.87,1.79,0.00,0.00
190,16,10759.75,172129.98,150610.48,0.00,21519.50,1.64,0.00,0.00
191,16,10664.19,170650.97,149322.60,0.00,21328.37,1.73,0.00,0.00
192,16,10412.10,166593.54,145769.35,0.00,20824.19,1.86,0.00,0.00
193,16,10717.43,171493.91,150059.05,0.00,21434.86,1.70,0.00,0.00
194,16,10745.21,171906.28,150415.87,0.00,21490.41,1.64,0.00,0.00
195,16,10715.18,171476.81,150046.46,0.00,21430.35,1.73,0.00,0.00
196,16,10630.04,170046.65,148787.57,0.00,21259.08,1.76,0.00,0.00
197,16,10664.84,170637.52,149306.83,0.00,21330.69,1.73,0.00,0.00
198,16,10752.06,172021.94,150518.82,0.00,21503.12,1.64,0.00,0.00
199,16,10726.54,171670.66,150216.58,0.00,21454.08,1.70,0.00,0.00
200,16,10559.52,168900.28,147782.24,0.00,21118.03,1.82,0.00,0.00
201,16,10565.91,169073.63,147941.80,0.00,21131.83,1.82,0.00,0.00
202,16,10732.08,171726.30,150262.14,0.00,21464.16,1.64,0.00,0.00
203,16,10765.87,172219.85,150689.12,0.00,21530.73,1.64,0.00,0.00
204,16,10516.17,168325.79,147291.44,0.00,21034.35,1.82,0.00,0.00
205,16,10785.93,172515.88,150945.02,0.00,21570.86,1.61,0.00,0.00
206,16,10727.08,171671.26,150217.10,0.00,21454.16,1.67,0.00,0.00
207,16,10648.93,170352.83,149054.98,0.00,21297.85,1.76,0.00,0.00
208,16,10728.05,171674.79,150217.69,0.00,21457.10,1.67,0.00,0.00
209,16,10741.99,171878.83,150394.85,0.00,21483.98,1.67,0.00,0.00
210,16,10709.02,171297.36,149881.32,0.00,21416.05,1.73,0.00,0.00
211,16,10760.97,172185.49,150661.55,0.00,21523.94,1.70,0.00,0.00
212,16,10569.14,169125.17,147986.90,0.00,21138.27,1.82,0.00,0.00
213,16,10713.13,171425.15,149998.88,0.00,21426.27,1.67,0.00,0.00
214,16,10695.77,171136.24,149744.71,0.00,21391.53,1.73,0.00,0.00
215,16,10674.96,170786.30,149436.39,0.00,21349.91,1.76,0.00,0.00
216,16,10704.84,171250.51,149841.83,0.00,21408.69,1.70,0.00,0.00
217,16,10668.14,170711.30,149374.01,0.00,21337.29,1.70,0.00,0.00
218,16,10728.09,171628.47,150174.29,0.00,21454.18,1.70,0.00,0.00
219,16,10748.75,172000.07,150500.56,0.00,21499.51,1.70,0.00,0.00
220,16,10545.56,168704.89,147614.78,0.00,21090.11,1.82,0.00,0.00
221,16,10735.57,171774.05,150303.92,0.00,21470.13,1.67,0.00,0.00
222,16,10624.07,170001.10,148751.96,0.00,21249.14,1.79,0.00,0.00
223,16,10700.06,171212.89,149811.78,0.00,21401.11,1.76,0.00,0.00
224,16,10641.93,170268.81,148983.96,0.00,21284.85,1.76,0.00,0.00
225,16,10676.07,170802.11,149450.97,0.00,21351.14,1.73,0.00,0.00
226,16,10751.71,172027.32,150525.90,0.00,21501.41,1.67,0.00,0.00
227,16,10591.32,169479.16,148294.52,0.00,21184.65,1.79,0.00,0.00
228,16,10620.73,169929.62,148688.17,0.00,21241.45,1.79,0.00,0.00
229,16,10542.63,168663.15,147577.88,0.00,21085.27,1.79,0.00,0.00
230,16,10608.58,169754.26,148537.11,0.00,21217.16,1.79,0.00,0.00
231,16,10765.78,172218.47,150688.91,0.00,21529.56,1.67,0.00,0.00
232,16,10706.21,171344.42,149929.99,0.00,21414.43,1.70,0.00,0.00
233,16,10709.83,171344.21,149924.56,0.00,21419.65,1.70,0.00,0.00
234,16,10561.20,168995.23,147872.82,0.00,21122.40,1.82,0.00,0.00
235,16,10773.05,172326.78,150782.68,0.00,21544.10,1.67,0.00,0.00
236,16,10518.83,168314.27,147275.61,0.00,21038.66,1.82,0.00,0.00
237,16,10730.25,171658.00,150197.50,0.00,21460.50,1.67,0.00,0.00
238,16,10763.91,172238.50,150710.68,0.00,21527.81,1.64,0.00,0.00
239,16,10617.26,169903.17,148667.65,0.00,21235.52,1.79,0.00,0.00
240,16,10570.95,169114.27,147972.36,0.00,21141.91,1.79,0.00,0.00
241,16,10727.68,171676.85,150221.49,0.00,21455.36,1.67,0.00,0.00
242,16,10701.51,171196.12,149793.10,0.00,21403.01,1.70,0.00,0.00
243,16,10760.43,172147.86,150630.00,0.00,21517.86,1.70,0.00,0.00
244,16,10764.67,172240.74,150709.40,0.00,21531.34,1.64,0.00,0.00
245,16,10666.67,170692.65,149358.32,0.00,21334.33,1.76,0.00,0.00
246,16,10752.75,172037.97,150532.47,0.00,21505.50,1.64,0.00,0.00
247,16,10737.53,171801.41,150326.36,0.00,21475.05,1.70,0.00,0.00
248,16,10681.25,170879.98,149518.48,0.00,21361.50,1.73,0.00,0.00
249,16,10608.43,169713.86,148498.00,0.00,21215.86,1.76,0.00,0.00
250,16,10708.86,171379.82,149961.09,0.00,21418.73,1.73,0.00,0.00
251,16,10812.32,172988.06,151363.42,0.00,21624.63,1.64,0.00,0.00
252,16,10463.65,167429.45,146501.15,0.00,20928.31,1.86,0.00,0.00
253,16,10778.67,172446.77,150890.43,0.00,21556.35,1.64,0.00,0.00
254,16,10714.61,171415.69,149985.48,0.00,21430.21,1.70,0.00,0.00
255,16,10769.74,172352.79,150813.32,0.00,21539.47,1.67,0.00,0.00
256,16,10760.85,172132.61,150610.91,0.00,21521.70,1.67,0.00,0.00
257,16,10661.93,170628.82,149304.97,0.00,21323.85,1.73,0.00,0.00
258,16,10691.23,171071.76,149689.29,0.00,21382.47,1.73,0.00,0.00
259,16,10627.74,170022.84,148768.36,0.00,21254.48,1.79,0.00,0.00
260,16,10677.17,170819.76,149464.42,0.00,21355.35,1.73,0.00,0.00
261,16,10813.00,173006.05,151381.04,0.00,21625.01,1.61,0.00,0.00
262,16,10698.14,171135.28,149737.99,0.00,21397.28,1.73,0.00,0.00
263,16,10770.85,172422.67,150880.96,0.00,21541.71,1.67,0.00,0.00
264,16,10684.28,170903.40,149535.85,0.00,21367.55,1.76,0.00,0.00
265,16,10824.11,173191.71,151543.49,0.00,21648.21,1.61,0.00,0.00
266,16,10795.67,172713.66,151121.33,0.00,21592.33,1.61,0.00,0.00
267,16,10791.70,172713.24,151130.83,0.00,21582.40,1.67,0.00,0.00
268,16,10647.11,170292.84,148997.61,0.00,21295.23,1.79,0.00,0.00
269,16,10693.06,171092.93,149706.82,0.00,21386.12,1.73,0.00,0.00
270,16,10683.96,170949.43,149583.50,0.00,21365.93,1.73,0.00,0.00
271,16,10791.09,172672.38,151090.21,0.00,21582.17,1.67,0.00,0.00
272,16,10643.98,170323.69,149034.73,0.00,21288.96,1.76,0.00,0.00
273,16,10766.90,172262.35,150727.56,0.00,21534.79,1.64,0.00,0.00
274,16,10708.54,171346.58,149929.50,0.00,21417.07,1.70,0.00,0.00
275,16,10739.59,171827.38,150349.21,0.00,21478.17,1.70,0.00,0.00
276,16,10706.04,171284.64,149871.56,0.00,21413.08,1.73,0.00,0.00
277,16,10750.30,172004.84,150504.24,0.00,21500.61,1.67,0.00,0.00
278,16,10745.85,171964.60,150472.90,0.00,21491.70,1.64,0.00,0.00
279,16,10822.80,173116.85,151472.24,0.00,21644.61,1.61,0.00,0.00
280,16,10649.27,170416.37,149116.82,0.00,21299.55,1.76,0.00,0.00
281,16,10677.79,170841.71,149486.12,0.00,21355.59,1.70,0.00,0.00
282,16,10720.03,171525.54,150085.47,0.00,21440.07,1.70,0.00,0.00
283,16,10819.01,173071.09,151433.08,0.00,21638.01,1.61,0.00,0.00
284,16,10761.21,172201.42,150678.99,0.00,21522.43,1.67,0.00,0.00
285,16,10796.40,172753.47,151160.66,0.00,21592.81,1.61,0.00,0.00
286,16,10773.38,172360.02,150815.26,0.00,21544.75,1.64,0.00,0.00
287,16,10792.16,172665.52,151080.20,0.00,21585.32,1.67,0.00,0.00
288,16,10563.83,169028.32,147900.65,0.00,21127.66,1.82,0.00,0.00
289,16,10603.03,169645.49,148439.43,0.00,21206.06,1.82,0.00,0.00
290,16,10753.01,172014.19,150509.16,0.00,21505.02,1.67,0.00,0.00
291,16,10616.74,169912.89,148677.41,0.00,21235.49,1.79,0.00,0.00
292,16,10716.36,171448.80,150018.08,0.00,21430.73,1.70,0.00,0.00
293,16,10697.97,171210.46,149812.53,0.00,21397.93,1.73,0.00,0.00
294,16,10589.92,169421.66,148241.83,0.00,21179.83,1.79,0.00,0.00
295,16,10597.01,169538.23,148345.20,0.00,21193.03,1.82,0.00,0.00
296,16,10650.92,170440.65,149137.82,0.00,21302.83,1.73,0.00,0.00
297,16,10784.07,172509.16,150941.02,0.00,21568.15,1.61,0.00,0.00
298,16,10715.01,171466.13,150036.11,0.00,21430.02,1.76,0.00,0.00
299,16,10766.76,172285.11,150751.60,0.00,21533.51,1.67,0.00,0.00
300,16,10668.53,170660.49,149324.43,0.00,21336.06,1.76,0.00,0.00
301,16,10798.74,172743.82,151145.35,0.00,21598.48,1.61,0.00,0.00
302,16,10566.43,169104.94,147972.07,0.00,21132.87,1.82,0.00,0.00
303,16,10785.48,172578.69,151007.73,0.00,21570.96,1.64,0.00,0.00
304,16,10701.42,171223.74,149821.90,0.00,21401.84,1.73,0.00,0.00
305,16,10787.67,172583.70,151009.36,0.00,21574.34,1.64,0.00,0.00
306,16,10785.27,172542.28,150969.75,0.00,21572.54,1.64,0.00,0.00
307,16,10617.50,169897.96,148663.97,0.00,21234.00,1.79,0.00,0.00
308,16,10342.99,165511.82,144824.84,0.00,20686.98,1.86,0.00,0.00
309,16,10736.05,171793.85,150322.75,0.00,21471.11,1.70,0.00,0.00
310,16,10732.18,171694.91,150229.55,0.00,21465.36,1.70,0.00,0.00
311,16,10782.88,172524.15,150957.38,0.00,21566.77,1.70,0.00,0.00
312,16,10626.43,169996.84,148744.99,0.00,21251.86,1.79,0.00,0.00
313,16,10691.68,171078.86,149695.50,0.00,21383.36,1.73,0.00,0.00
314,16,10741.12,171841.94,150360.70,0.00,21481.24,1.67,0.00,0.00
315,16,10828.84,173265.38,151607.70,0.00,21657.67,1.61,0.00,0.00
316,16,10725.86,171638.78,150186.06,0.00,21452.72,1.70,0.00,0.00
317,16,10776.14,172372.20,150819.92,0.00,21552.27,1.61,0.00,0.00
318,16,10745.32,171967.15,150476.51,0.00,21490.64,1.67,0.00,0.00
319,16,10798.65,172773.33,151176.04,0.00,21597.29,1.64,0.00,0.00
320,16,10683.86,170948.73,149581.02,0.00,21367.72,1.76,0.00,0.00
321,16,10731.85,171721.56,150257.86,0.00,21463.69,1.67,0.00,0.00
322,16,10758.35,172122.62,150605.91,0.00,21516.70,1.67,0.00,0.00
323,16,10767.79,172278.58,150742.00,0.00,21536.57,1.67,0.00,0.00
324,16,10768.32,172306.11,150771.47,0.00,21534.64,1.64,0.00,0.00
325,16,10747.81,171942.03,150445.40,0.00,21496.63,1.67,0.00,0.00
326,16,10782.09,172517.40,150953.23,0.00,21564.18,1.67,0.00,0.00
327,16,10543.62,168670.93,147585.69,0.00,21085.24,1.82,0.00,0.00
328,16,10747.83,172027.29,150529.62,0.00,21497.66,1.67,0.00,0.00
329,16,10680.34,170881.43,149520.75,0.00,21360.68,1.73,0.00,0.00
330,16,10769.23,172301.66,150763.20,0.00,21538.46,1.61,0.00,0.00
331,16,10724.21,171561.44,150113.01,0.00,21448.43,1.73,0.00,0.00
332,16,10531.22,168479.57,147417.13,0.00,21062.45,1.82,0.00,0.00
333,16,10625.73,170083.65,148832.20,0.00,21251.46,1.76,0.00,0.00
334,16,10759.75,172081.98,150562.48,0.00,21519.50,1.70,0.00,0.00
335,16,10719.88,171548.11,150108.34,0.00,21439.76,1.73,0.00,0.00
336,16,10700.95,171214.14,149812.25,0.00,21401.89,1.73,0.00,0.00
337,16,10702.08,171229.32,149825.16,0.00,21404.17,1.70,0.00,0.00
338,16,10706.87,171294.86,149881.12,0.00,21413.73,1.70,0.00,0.00
339,16,10786.11,172591.77,151019.55,0.00,21572.22,1.64,0.00,0.00
340,16,10670.13,170742.06,149401.81,0.00,21340.26,1.76,0.00,0.00
341,16,10730.35,171668.65,150207.95,0.00,21460.71,1.70,0.00,0.00
342,16,10784.76,172578.12,151008.60,0.00,21569.51,1.64,0.00,0.00
343,16,10676.76,170798.16,149444.64,0.00,21353.52,1.79,0.00,0.00
344,16,10723.14,171545.20,150098.93,0.00,21446.28,1.70,0.00,0.00
345,16,10674.01,170796.17,149450.15,0.00,21346.02,1.76,0.00,0.00
346,16,10788.18,172667.84,151089.49,0.00,21578.36,1.64,0.00,0.00
347,16,10508.79,168072.63,147057.05,0.00,21015.58,1.82,0.00,0.00
348,16,10495.36,167954.76,146963.04,0.00,20991.72,1.82,0.00,0.00
349,16,10704.58,171308.24,149898.09,0.00,21410.16,1.73,0.00,0.00
350,16,10752.03,172020.41,150516.35,0.00,21504.05,1.70,0.00,0.00
351,16,10516.90,168241.42,147207.62,0.00,21033.80,1.86,0.00,0.00
352,16,10657.31,170515.02,149200.40,0.00,21314.63,1.76,0.00,0.00
353,16,10757.78,172131.55,150616.98,0.00,21514.57,1.70,0.00,0.00
354,16,10757.12,172109.86,150594.63,0.00,21515.23,1.70,0.00,0.00
355,16,10677.93,170847.84,149491.99,0.00,21355.86,1.79,0.00,0.00
356,16,10680.06,170886.90,149526.79,0.00,21360.11,1.73,0.00,0.00
357,16,10755.80,172103.73,150592.14,0.00,21511.59,1.67,0.00,0.00
358,16,10780.34,172458.51,150898.82,0.00,21559.69,1.64,0.00,0.00
359,16,10761.75,172218.06,150693.55,0.00,21524.51,1.70,0.00,0.00
360,16,10657.45,170496.28,149183.37,0.00,21312.91,1.76,0.00,0.00
361,16,10782.41,172521.53,150954.71,0.00,21566.82,1.67,0.00,0.00
362,16,10806.16,172865.54,151256.23,0.00,21609.32,1.61,0.00,0.00
363,16,10757.99,172142.80,150624.83,0.00,21517.98,1.70,0.00,0.00
364,16,10491.67,167844.80,146863.45,0.00,20981.35,1.82,0.00,0.00
365,16,10633.42,170154.80,148884.95,0.00,21269.85,1.79,0.00,0.00
366,16,10816.96,173102.42,151469.49,0.00,21632.93,1.61,0.00,0.00
367,16,10616.49,169865.84,148631.86,0.00,21233.98,1.82,0.00,0.00
368,16,10647.68,170361.93,149066.56,0.00,21295.37,1.76,0.00,0.00
369,16,10633.84,170134.42,148867.75,0.00,21266.68,1.79,0.00,0.00
370,16,10723.05,171540.73,150094.64,0.00,21446.09,1.67,0.00,0.00
371,16,10596.89,169599.17,148404.40,0.00,21194.77,1.82,0.00,0.00
372,16,10643.96,170265.37,148979.45,0.00,21285.92,1.76,0.00,0.00
373,16,10724.66,171590.55,150141.23,0.00,21449.32,1.73,0.00,0.00
374,16,10725.82,171636.07,150183.44,0.00,21452.63,1.73,0.00,0.00
375,16,10758.07,172117.20,150600.05,0.00,21517.15,1.70,0.00,0.00
376,16,10728.96,171667.41,150209.48,0.00,21457.93,1.73,0.00,0.00
377,16,10729.59,171704.41,150245.23,0.00,21459.18,1.70,0.00,0.00
378,16,10782.99,172505.77,150939.80,0.00,21565.97,1.67,0.00,0.00
379,16,10732.07,171733.10,150268.96,0.00,21464.14,1.73,0.00,0.00
380,16,10501.87,168008.88,147005.15,0.00,21003.74,1.82,0.00,0.00
381,16,10751.09,172004.49,150502.30,0.00,21502.19,1.70,0.00,0.00
382,16,10745.36,171948.77,150458.05,0.00,21490.72,1.67,0.00,0.00
383,16,10707.66,171322.63,149907.30,0.00,21415.33,1.73,0.00,0.00
384,16,10751.84,172048.48,150544.80,0.00,21503.69,1.67,0.00,0.00
385,16,10822.02,173115.29,151471.25,0.00,21644.04,1.61,0.00,0.00
386,16,10783.06,172525.97,150960.85,0.00,21565.12,1.64,0.00,0.00
387,16,10797.98,172769.69,151172.73,0.00,21596.96,1.67,0.00,0.00
388,16,10692.99,171103.84,149718.86,0.00,21384.98,1.73,0.00,0.00
389,16,10710.04,171343.57,149924.50,0.00,21419.07,1.73,0.00,0.00
390,16,10755.20,172095.18,150583.78,0.00,21511.40,1.67,0.00,0.00
391,16,10795.21,172712.32,151120.91,0.00,21591.42,1.64,0.00,0.00
392,16,10769.57,172317.16,150778.01,0.00,21539.14,1.67,0.00,0.00
393,16,10771.14,172366.18,150823.91,0.00,21542.27,1.67,0.00,0.00
394,16,10781.01,172462.19,150900.17,0.00,21562.02,1.67,0.00,0.00
395,16,10760.09,172209.37,150689.20,0.00,21520.17,1.67,0.00,0.00
396,16,10728.85,171640.65,150182.94,0.00,21457.71,1.73,0.00,0.00
397,16,10758.83,172120.27,150603.61,0.00,21516.66,1.70,0.00,0.00
398,16,10756.15,172127.47,150614.16,0.00,21513.31,1.70,0.00,0.00
399,16,10742.04,171828.71,150344.62,0.00,21484.09,1.73,0.00,0.00
400,16,10679.73,170873.65,149514.20,0.00,21359.46,1.76,0.00,0.00
401,16,10660.44,170606.97,149286.10,0.00,21320.87,1.73,0.00,0.00
402,16,10716.61,171445.78,150012.56,0.00,21433.22,1.76,0.00,0.00
403,16,10633.64,170125.17,148856.90,0.00,21268.27,1.79,0.00,0.00
404,16,10523.12,168362.92,147317.68,0.00,21045.24,1.82,0.00,0.00
405,16,10787.52,172643.25,151068.22,0.00,21575.03,1.64,0.00,0.00
406,16,10800.89,172818.19,151216.41,0.00,21601.77,1.64,0.00,0.00
407,16,10751.00,171994.07,150492.06,0.00,21502.01,1.73,0.00,0.00
408,16,10659.09,170506.43,149190.25,0.00,21316.18,1.73,0.00,0.00
409,16,10750.85,172048.61,150544.91,0.00,21503.70,1.67,0.00,0.00
410,16,10729.97,171687.52,150228.58,0.00,21458.94,1.70,0.00,0.00
411,16,10787.98,172554.74,150977.77,0.00,21576.97,1.67,0.00,0.00
412,16,10644.13,170356.00,149066.75,0.00,21289.25,1.79,0.00,0.00
413,16,10752.86,172040.79,150536.07,0.00,21504.72,1.70,0.00,0.00
414,16,10773.15,172370.45,150824.14,0.00,21546.31,1.64,0.00,0.00
415,16,10691.93,171065.93,149682.06,0.00,21383.87,1.76,0.00,0.00
416,16,10718.99,171535.86,150097.88,0.00,21437.98,1.73,0.00,0.00
417,16,10776.10,172385.57,150833.37,0.00,21552.20,1.67,0.00,0.00
418,16,10666.94,170704.97,149372.10,0.00,21332.87,1.79,0.00,0.00
419,16,10722.96,171527.36,150082.44,0.00,21444.92,1.73,0.00,0.00
420,16,10695.24,171118.80,149726.33,0.00,21392.48,1.73,0.00,0.00
421,16,10732.05,171718.81,150255.71,0.00,21463.10,1.67,0.00,0.00
422,16,10777.76,172455.14,150898.62,0.00,21556.52,1.64,0.00,0.00
423,16,10802.87,172858.99,151253.25,0.00,21605.75,1.67,0.00,0.00
424,16,10779.00,172460.01,150901.01,0.00,21559.00,1.64,0.00,0.00
425,16,10694.06,171051.91,149666.79,0.00,21385.11,1.73,0.00,0.00
426,16,10739.90,171895.35,150413.56,0.00,21481.79,1.67,0.00,0.00
427,16,10667.35,170674.53,149339.84,0.00,21334.69,1.76,0.00,0.00
428,16,10715.96,171433.44,150000.51,0.00,21432.93,1.73,0.00,0.00
429,16,10630.82,170102.13,148843.49,0.00,21258.64,1.79,0.00,0.00
430,16,10731.02,171673.40,150209.35,0.00,21464.05,1.70,0.00,0.00
431,16,10635.56,170197.04,148925.91,0.00,21271.13,1.79,0.00,0.00
432,16,10611.43,169777.84,148555.99,0.00,21221.86,1.79,0.00,0.00
433,16,10700.93,171244.94,149843.07,0.00,21401.87,1.73,0.00,0.00
434,16,10806.04,172850.66,151237.57,0.00,21613.08,1.61,0.00,0.00
435,16,10835.01,173383.22,151713.19,0.00,21670.03,1.61,0.00,0.00
436,16,10712.01,171380.21,149956.18,0.00,21424.03,1.76,0.00,0.00
437,16,10574.05,169180.83,148034.73,0.00,21146.10,1.82,0.00,0.00
438,16,10805.00,172873.95,151262.96,0.00,21610.99,1.64,0.00,0.00
439,16,10678.85,170868.67,149510.96,0.00,21357.71,1.79,0.00,0.00
440,16,10611.14,169786.18,148563.91,0.00,21222.27,1.79,0.00,0.00
441,16,10747.87,172004.96,150508.22,0.00,21496.75,1.70,0.00,0.00
442,16,10734.06,171713.02,150245.89,0.00,21467.13,1.70,0.00,0.00
443,16,10811.92,172997.75,151372.90,0.00,21624.84,1.64,0.00,0.00
444,16,10567.60,169072.59,147937.39,0.00,21135.20,1.82,0.00,0.00
445,16,10771.50,172351.96,150808.97,0.00,21543.00,1.64,0.00,0.00
446,16,10778.11,172455.76,150900.54,0.00,21555.22,1.64,0.00,0.00
447,16,10672.18,170739.81,149395.46,0.00,21344.35,1.79,0.00,0.00
448,16,10506.11,168072.69,147059.48,0.00,21013.21,1.82,0.00,0.00
449,16,10632.04,170174.62,148910.54,0.00,21264.08,1.76,0.00,0.00
450,16,10817.76,173005.15,151369.63,0.00,21635.52,1.61,0.00,0.00
451,16,10779.88,172517.08,150957.32,0.00,21559.76,1.67,0.00,0.00
452,16,10719.20,171538.27,150099.86,0.00,21438.41,1.73,0.00,0.00
453,16,10775.81,172411.02,150859.40,0.00,21551.63,1.64,0.00,0.00
454,16,10760.99,172136.91,150614.92,0.00,21521.99,1.67,0.00,0.00
455,16,10809.81,172966.03,151346.40,0.00,21619.63,1.61,0.00,0.00
456,16,10622.11,169969.77,148726.55,0.00,21243.22,1.79,0.00,0.00
457,16,10717.58,171446.33,150010.16,0.00,21436.17,1.70,0.00,0.00
458,16,10773.85,172393.57,150846.87,0.00,21546.70,1.67,0.00,0.00
459,16,10803.93,172873.95,151265.08,0.00,21608.87,1.64,0.00,0.00
460,16,10740.76,171854.17,150372.65,0.00,21481.52,1.67,0.00,0.00
461,16,10665.91,170621.55,149289.73,0.00,21331.82,1.76,0.00,0.00
462,16,10702.13,171266.15,149861.88,0.00,21404.27,1.76,0.00,0.00
463,16,10690.88,171034.02,149652.27,0.00,21381.75,1.79,0.00,0.00
464,16,10458.76,167330.22,146413.69,0.00,20916.53,1.86,0.00,0.00
465,16,10757.55,172159.78,150644.68,0.00,21515.10,1.64,0.00,0.00
466,16,10743.76,171874.18,150386.66,0.00,21487.52,1.70,0.00,0.00
467,16,10592.91,169480.59,148294.76,0.00,21185.82,1.79,0.00,0.00
468,16,10690.86,171088.71,149706.00,0.00,21382.71,1.70,0.00,0.00
469,16,10716.19,171474.02,150041.65,0.00,21432.38,1.70,0.00,0.00
470,16,10796.92,172736.68,151143.84,0.00,21592.83,1.61,0.00,0.00
471,16,10691.75,171092.04,149707.53,0.00,21384.50,1.76,0.00,0.00
472,16,10711.85,171360.53,149936.84,0.00,21423.69,1.76,0.00,0.00
473,16,10793.43,172696.95,151111.08,0.00,21585.87,1.61,0.00,0.00
474,16,10821.00,173124.05,151481.04,0.00,21643.01,1.61,0.00,0.00
475,16,10742.30,171896.87,150412.26,0.00,21484.61,1.73,0.00,0.00
476,16,10766.92,172258.69,150724.85,0.00,21533.84,1.67,0.00,0.00
477,16,10781.76,172489.12,150927.61,0.00,21561.52,1.64,0.00,0.00
478,16,10807.96,172911.31,151293.40,0.00,21617.91,1.64,0.00,0.00
479,16,10716.03,171503.52,150071.46,0.00,21432.07,1.73,0.00,0.00
480,16,10672.16,170729.53,149386.22,0.00,21343.32,1.73,0.00,0.00
481,16,10667.72,170692.46,149356.02,0.00,21336.43,1.76,0.00,0.00
482,16,10733.14,171741.18,150276.91,0.00,21464.27,1.73,0.00,0.00
483,16,10673.49,170735.84,149386.86,0.00,21348.98,1.76,0.00,0.00
484,16,10655.49,170519.80,149209.82,0.00,21309.98,1.76,0.00,0.00
485,16,10739.04,171807.66,150328.58,0.00,21479.08,1.70,0.00,0.00
486,16,10780.17,172502.74,150942.40,0.00,21560.34,1.64,0.00,0.00
487,16,10696.83,171169.23,149775.58,0.00,21393.65,1.76,0.00,0.00
488,16,10763.51,172200.19,150672.16,0.00,21528.02,1.70,0.00,0.00
489,16,10761.49,172191.77,150669.80,0.00,21521.97,1.70,0.00,0.00
490,16,10744.39,171889.18,150400.41,0.00,21488.77,1.70,0.00,0.00
491,16,10609.84,169729.40,148509.72,0.00,21219.67,1.79,0.00,0.00
492,16,10806.88,172933.12,151319.36,0.00,21613.76,1.64,0.00,0.00
493,16,10745.91,171918.54,150428.72,0.00,21489.82,1.70,0.00,0.00
494,16,10758.92,172142.74,150624.90,0.00,21517.84,1.70,0.00,0.00
495,16,10736.64,171824.23,150348.95,0.00,21475.28,1.73,0.00,0.00
496,16,10611.39,169812.16,148589.39,0.00,21222.77,1.79,0.00,0.00
497,16,10766.07,172191.05,150658.92,0.00,21532.13,1.67,0.00,0.00
498,16,10761.00,172178.02,150658.02,0.00,21520.00,1.67,0.00,0.00
499,16,10760.92,172170.80,150646.95,0.00,21523.85,1.70,0.00,0.00
500,16,10539.15,168622.45,147545.15,0.00,21077.31,1.82,0.00,0.00
501,16,10579.17,169283.65,148125.32,0.00,21158.33,1.86,0.00,0.00
502,16,10824.14,173191.21,151542.93,0.00,21648.28,1.61,0.00,0.00
503,16,10779.12,172464.95,150905.71,0.00,21559.24,1.70,0.00,0.00
504,16,10748.05,171961.81,150467.71,0.00,21494.10,1.70,0.00,0.00
505,16,10706.38,171305.13,149891.36,0.00,21413.77,1.73,0.00,0.00
506,16,10759.22,172145.46,150626.02,0.00,21519.43,1.67,0.00,0.00
507,16,10811.45,172956.16,151334.27,0.00,21621.89,1.64,0.00,0.00
508,16,10778.81,172476.03,150918.40,0.00,21557.63,1.64,0.00,0.00
509,16,10742.55,171900.85,150414.74,0.00,21486.11,1.67,0.00,0.00
510,16,10802.98,172829.67,151224.71,0.00,21604.96,1.64,0.00,0.00
511,16,10776.75,172451.04,150897.54,0.00,21553.51,1.70,0.00,0.00
512,16,10526.65,168398.34,147344.05,0.00,21054.29,1.82,0.00,0.00
513,16,10741.54,171853.69,150370.60,0.00,21483.09,1.70,0.00,0.00
514,16,10732.09,171737.38,150273.21,0.00,21464.17,1.70,0.00,0.00
515,16,10779.07,172462.06,150903.93,0.00,21558.13,1.67,0.00,0.00
516,16,10275.02,164433.27,143883.23,0.00,20550.03,1.89,0.00,0.00
517,16,10741.95,171815.18,150333.28,0.00,21481.90,1.70,0.00,0.00
518,16,10751.80,172087.83,150582.22,0.00,21505.60,1.70,0.00,0.00
519,16,10793.45,172631.22,151045.32,0.00,21585.90,1.70,0.00,0.00
520,16,10668.67,170750.79,149412.44,0.00,21338.35,1.76,0.00,0.00
521,16,10810.28,172957.41,151336.86,0.00,21620.55,1.61,0.00,0.00
522,16,10767.69,172269.08,150734.69,0.00,21534.38,1.64,0.00,0.00
523,16,10718.53,171508.41,150070.36,0.00,21438.05,1.70,0.00,0.00
524,16,10751.76,172016.19,150512.67,0.00,21503.52,1.70,0.00,0.00
525,16,10773.94,172394.11,150846.22,0.00,21547.89,1.64,0.00,0.00
526,16,10774.96,172401.30,150851.38,0.00,21549.91,1.64,0.00,0.00
527,16,10698.97,171191.50,149793.56,0.00,21397.94,1.76,0.00,0.00
528,16,10783.12,172509.91,150943.67,0.00,21566.24,1.67,0.00,0.00
529,16,10764.37,172240.87,150712.14,0.00,21528.73,1.70,0.00,0.00
530,16,10820.30,173151.79,151511.19,0.00,21640.60,1.61,0.00,0.00
531,16,10586.45,169333.20,148162.30,0.00,21170.90,1.79,0.00,0.00
532,16,10706.69,171345.00,149929.63,0.00,21415.38,1.73,0.00,0.00
533,16,10681.99,170900.87,149536.89,0.00,21363.98,1.73,0.00,0.00
534,16,10738.09,171811.38,150335.21,0.00,21476.17,1.73,0.00,0.00
535,16,10748.98,171977.64,150479.68,0.00,21497.96,1.73,0.00,0.00
536,16,10729.54,171678.70,150219.61,0.00,21459.09,1.70,0.00,0.00
537,16,10765.55,172240.86,150709.75,0.00,21531.11,1.67,0.00,0.00
538,16,10752.31,172000.90,150496.29,0.00,21504.61,1.67,0.00,0.00
539,16,10808.43,172922.89,151308.03,0.00,21614.86,1.67,0.00,0.00
540,16,10646.53,170410.54,149115.47,0.00,21295.07,1.79,0.00,0.00
541,16,10766.57,172240.06,150706.92,0.00,21533.13,1.70,0.00,0.00
542,16,10829.97,173293.51,151633.57,0.00,21659.94,1.61,0.00,0.00
543,16,10662.02,170591.39,149267.34,0.00,21324.05,1.79,0.00,0.00
544,16,10682.97,170923.53,149557.59,0.00,21365.94,1.73,0.00,0.00
545,16,10780.11,172480.79,150920.57,0.00,21560.22,1.67,0.00,0.00
546,16,10803.69,172871.97,151265.60,0.00,21606.37,1.64,0.00,0.00
547,16,10838.59,173401.46,151723.28,0.00,21678.18,1.64,0.00,0.00
548,16,10581.89,169310.19,148146.41,0.00,21163.77,1.79,0.00,0.00
549,16,10620.81,169936.95,148695.33,0.00,21241.62,1.79,0.00,0.00
550,16,10811.84,172996.40,151372.72,0.00,21623.67,1.61,0.00,0.00
551,16,10822.54,173175.58,151530.51,0.00,21645.07,1.64,0.00,0.00
552,16,10735.78,171769.42,150297.87,0.00,21471.55,1.70,0.00,0.00
553,16,10584.69,169306.99,148139.62,0.00,21167.37,1.82,0.00,0.00
554,16,10818.22,173105.46,151467.03,0.00,21638.43,1.61,0.00,0.00
555,16,10756.66,172106.62,150594.30,0.00,21512.33,1.70,0.00,0.00
556,16,10439.22,167029.44,146150.01,0.00,20879.43,1.86,0.00,0.00
557,16,10816.16,173042.55,151410.23,0.00,21632.32,1.61,0.00,0.00
558,16,10648.34,170411.36,149114.69,0.00,21296.67,1.76,0.00,0.00
559,16,10679.27,170883.34,149524.80,0.00,21358.54,1.79,0.00,0.00
560,16,10672.18,170721.85,149377.49,0.00,21344.36,1.73,0.00,0.00
561,16,10732.96,171734.38,150268.46,0.00,21465.92,1.70,0.00,0.00
562,16,10752.07,172020.12,150516.98,0.00,21503.14,1.70,0.00,0.00
563,16,10776.19,172404.11,150850.72,0.00,21553.39,1.67,0.00,0.00
564,16,10614.50,169847.08,148619.07,0.00,21228.01,1.79,0.00,0.00
565,16,10728.36,171646.75,150190.03,0.00,21456.72,1.70,0.00,0.00
566,16,10776.91,172457.51,150902.70,0.00,21554.81,1.67,0.00,0.00
567,16,10820.30,173114.81,151474.21,0.00,21640.60,1.64,0.00,0.00
568,16,10634.74,170174.81,148906.33,0.00,21268.48,1.79,0.00,0.00
569,16,10728.56,171626.92,150168.80,0.00,21458.12,1.70,0.00,0.00
570,16,10782.53,172515.43,150951.37,0.00,21564.05,1.64,0.00,0.00
571,16,10619.46,169930.42,148690.49,0.00,21239.93,1.79,0.00,0.00
572,16,10742.56,171888.93,150403.82,0.00,21485.12,1.70,0.00,0.00
573,16,10654.03,170434.46,149127.41,0.00,21307.06,1.79,0.00,0.00
574,16,10789.91,172645.52,151064.70,0.00,21580.81,1.64,0.00,0.00
575,16,10716.20,171487.12,150054.73,0.00,21432.39,1.76,0.00,0.00
576,16,10761.83,172199.30,150674.64,0.00,21524.66,1.67,0.00,0.00
577,16,10837.98,173384.70,151711.74,0.00,21672.96,1.61,0.00,0.00
578,16,10830.95,173297.14,151633.25,0.00,21663.89,1.61,0.00,0.00
579,16,10769.18,172295.86,150758.50,0.00,21537.36,1.70,0.00,0.00
580,16,10688.93,171048.88,149670.02,0.00,21378.86,1.76,0.00,0.00
581,16,10835.95,173354.16,151682.27,0.00,21671.90,1.61,0.00,0.00
582,16,10813.01,172992.20,151367.17,0.00,21625.02,1.64,0.00,0.00
583,16,10639.86,170249.82,148972.09,0.00,21277.73,1.76,0.00,0.00
584,16,10493.94,167911.96,146921.09,0.00,20990.87,1.86,0.00,0.00
585,16,10769.17,172296.73,150759.38,0.00,21537.34,1.64,0.00,0.00
586,16,10844.45,173519.26,151831.35,0.00,21687.91,1.61,0.00,0.00
587,16,10759.34,172168.43,150647.75,0.00,21520.68,1.73,0.00,0.00
588,16,10665.59,170628.45,149298.26,0.00,21330.18,1.76,0.00,0.00
589,16,10694.61,171137.73,149747.51,0.00,21390.22,1.76,0.00,0.00
590,16,10801.98,172833.64,151229.68,0.00,21603.95,1.64,0.00,0.00
591,16,10716.37,171409.92,149978.18,0.00,21431.74,1.73,0.00,0.00
592,16,10699.01,171223.08,149825.07,0.00,21398.01,1.76,0.00,0.00
593,16,10684.23,170892.68,149523.22,0.00,21369.46,1.76,0.00,0.00
594,16,10668.52,170750.26,149413.23,0.00,21337.03,1.76,0.00,0.00
595,16,10828.94,173238.01,151580.14,0.00,21657.88,1.64,0.00,0.00
596,16,10711.45,171383.13,149960.24,0.00,21422.89,1.76,0.00,0.00
597,16,10731.93,171687.90,150224.04,0.00,21463.86,1.73,0.00,0.00
598,16,10853.49,173650.89,151946.90,0.00,21703.99,1.58,0.00,0.00
599,16,10804.10,172921.61,151310.40,0.00,21611.20,1.67,0.00,0.00
600,16,10779.33,172471.28,150912.62,0.00,21558.66,1.64,0.00,0.00
SQL statistics:
    queries performed:
        read:                            89614742
        write:                           0
        other:                           12802106
        total:                           102416848
    transactions:                        6401053 (10668.30 per sec.)
    queries:                             102416848 (170692.88 per sec.)
    ignored errors:                      0      (0.00 per sec.)
    reconnects:                          0      (0.00 per sec.)

General statistics:
    total time:                          600.0052s
    total number of events:              6401053

Latency (ms):
         min:                                    1.15
         avg:                                    1.50
         max:                                   11.02
         95th percentile:                        1.73
         sum:                              9589362.53

Threads fairness:
    events (avg/stddev):           400065.8125/413.65
    execution time (avg/stddev):   599.3352/0.00

